#Post-RPSBLAST Processing Utility

#Input data file:	4958875-Rhomuc1_MitoAssemblyScaffolds.fasta.new.sqn.gbf_converted.faa.asn
#Output data file:	4958875-Rhomuc1_MitoAssemblyScaffolds.fasta.new.sqn.gbf_converted.faa.asn.out
#Annotation data at:	/opt/rpsbproc/data
#E-Value cutoff:	0.01
#Redundancy:	Concise
#Data requested:	Domain hits and site annotations
#Output format -- tab-delimited table
#Show superfamilies: NO
#DATA
#SESSION	<session-ordinal>	<program>	<database>	<score-matrix>	<evalue-threshold>
#QUERY	<query-id>	<seq-type>	<seq-length>	<definition-line>
#DOMAINS
#<session-ordinal>	<query-id[readingframe]>	<hit-type>	<PSSM-ID>	<from>	<to>	<E-Value>	<bitscore>	<accession>	<short-name>	<incomplete>	<superfamily PSSM-ID>
#more such lines......
#ENDDOMAINS
#SITES
#<session-ordinal>	<query-id[readingframe]>	<annot-type>	<title>	<residue(coordinates)>	<complete-size>	<mapped-size>	<source-domain>
#more such lines......
#ENDSITES
#MOTIFS
#<session-ordinal>	<query-id[readingframe]>	<title>	<from>	<to>	<source-domain>
#more such lines......
#ENDMOTIFS
#ENDQUERY	<query-id>
#more query sections..
#ENDSESSION	<session-ordinal>
#more session sections..
#ENDDATA
#=====================================================================
DATA
SESSION	1	blastp	2.10.0+	/opt/rpsbproc/db/Cdd	BLOSUM62	0.01
QUERY	Query_1	Peptide	237	orf238_4958875-Rhomuc1_feature_2_from_C_0, ORGANISM Genus species Unclassified.,
DOMAINS
1	Query_1	Specific	284793	26	61	1.85694e-05	40.5736	pfam07453	NUMOD1	-	299755
1	Query_1	Specific	284793	181	217	8.81962e-05	38.6476	pfam07453	NUMOD1	-	299755
ENDDOMAINS
ENDQUERY
QUERY	Query_2	Peptide	329	nad1_4958875-Rhomuc1_feature_4_from_C_0, ORGANISM Genus species Unclassified.,
DOMAINS
1	Query_2	Specific	333876	10	317	1.0227e-129	372.191	pfam00146	NADHdh	-	351105
ENDDOMAINS
ENDQUERY
QUERY	Query_3	Peptide	262	orf262_4958875-Rhomuc1_feature_6_from_C_0, ORGANISM Genus species Unclassified.,
DOMAINS
1	Query_3	Specific	335245	64	230	1.29789e-45	150.389	pfam03161	LAGLIDADG_2	-	45
ENDDOMAINS
ENDQUERY
QUERY	Query_4	Peptide	268	cox3_4958875-Rhomuc1_feature_8_from_C_0, ORGANISM Genus species Unclassified.,
DOMAINS
1	Query_4	Specific	278911	11	268	1.82671e-126	359.417	pfam00510	COX3	-	294143
ENDDOMAINS
SITES
1	Query_4	Specific	Subunit I/III interface	A81,K84,G85,S96,F99,S103,I104,H110,G198,A199,S202,F206	12	12	238834
1	Query_4	Specific	Subunit III/Vb interface	G165	1	1	238834
1	Query_4	Specific	Subunit III/VIa interface	Y134,E135,I136,Y153,F179,Y189,E190,A191,T196,D197,G198	11	11	238834
1	Query_4	Specific	Subunit III/VIb interface	A126	1	1	238834
1	Query_4	Specific	Subunit III/VIIa interface	L63,R66,D67,A70,T73,L74,L75	7	7	238834
1	Query_4	Specific	Phospholipid binding site	W64,F65,V68,V69,G72,H78,G89,V90,F93,F221,R228,L240,G241	13	13	238834
ENDSITES
ENDQUERY
QUERY	Query_5	Peptide	239	orf239_4958875-Rhomuc1_feature_14_from_C_0, ORGANISM Genus species Unclassified.,
DOMAINS
1	Query_5	Specific	335245	60	203	4.57683e-06	45.2295	pfam03161	LAGLIDADG_2	-	45
ENDDOMAINS
ENDQUERY
QUERY	Query_6	Peptide	482	nad4_4958875-Rhomuc1_feature_27_from_C_0, ORGANISM Genus species Unclassified.,
DOMAINS
1	Query_6	Specific	235622	30	480	1.67158e-147	430.393	PRK05846	PRK05846	-	45
ENDDOMAINS
ENDQUERY
QUERY	Query_7	Peptide	386	cob_4958875-Rhomuc1_feature_29_from_C_0, ORGANISM Genus species Unclassified.,
DOMAINS
1	Query_7	Non-specific	214425	3	378	2.79099e-177	497.887	MTH00119	CYTB	-	45
ENDDOMAINS
ENDQUERY
QUERY	Query_8	Peptide	296	orf296_4958875-Rhomuc1_feature_33_from_C_0, ORGANISM Genus species Unclassified.,
DOMAINS
1	Query_8	Non-specific	273636	69	287	2.37695e-22	92.0637	TIGR01453	grpIintron_endo	-	45
ENDDOMAINS
ENDQUERY
QUERY	Query_9	Peptide	228	orf228_4958875-Rhomuc1_feature_36_from_C_0, ORGANISM Genus species Unclassified.,
DOMAINS
1	Query_9	Non-specific	283074	29	148	0.000287386	41.0431	pfam05316	VAR1	C	45
ENDDOMAINS
ENDQUERY
QUERY	Query_10	Peptide	187	rps3_4958875-Rhomuc1_feature_38_from_C_0, ORGANISM Genus species Unclassified.,
DOMAINS
1	Query_10	Non-specific	283074	8	107	0.00105331	38.7319	pfam05316	VAR1	NC	45
ENDDOMAINS
ENDQUERY
QUERY	Query_11	Peptide	48	atp8_4958875-Rhomuc1_feature_40_from_C_0, ORGANISM Genus species Unclassified.,
DOMAINS
1	Query_11	Non-specific	283561	1	48	1.04376e-07	42.3934	pfam05933	Fun_ATP-synt_8	-	45
ENDDOMAINS
ENDQUERY
QUERY	Query_12	Peptide	503	cox1_4958875-Rhomuc1_feature_42_from_C_0, ORGANISM Genus species Unclassified.,
DOMAINS
1	Query_12	Specific	238833	1	487	0	824.04	cd01663	Cyt_c_Oxidase_I	-	350997
ENDDOMAINS
SITES
1	Query_12	Specific	Binuclear center (heme a3/CuB)	H215,H264,H265,H350	4	4	238833
1	Query_12	Specific	Low-spin heme (heme a) binding site	H36,H352,S356,T398,S435	5	5	238833
1	Query_12	Specific	D-pathway	N55,D66,N73,S76,S131,S132,N138,T142	9	8	238833
1	Query_12	Specific	K-pathway	H215,Y219,S230,H264,H265,T290,K293	7	7	238833
1	Query_12	Specific	Electron transfer pathway	F351,R412,R413	3	3	238833
1	Query_12	Specific	Putative proton exit pathway	H265,H342,D343,R412,R413	5	5	238833
1	Query_12	Specific	Putative water exit pathway	D202,Q207,H208,D338,H342,D343,R412	7	7	238833
1	Query_12	Specific	Subunit I/II interface	N30,D202,K239,F242,G243,A268,V269,G270,V273,R276,M284,I292,F295,Y302,G303,G304,L316,N334,A335,L337,V339,A340,I341,H342,D343,L407,A408,R412,R413,I414,G423,W424	32	32	238833
1	Query_12	Specific	Subunit I/III interface	P65,F69,R71,W78,D119,F123,T141,N145,I165,L172,P175,M183,T192,S193,F194,G199,G200,D202,F212,Y249,F252,G255,I256,I260	25	24	238833
1	Query_12	Specific	Subunit I/IV interface	M12,A15,S16,Q382,H385,I386,D419,V437	8	8	238833
1	Query_12	Specific	Subunit I/Vb interface	P240,Y244,T486	3	3	238833
1	Query_12	Specific	Subunit I/VIa interface	I110,R188,N189,F190,N191	5	5	238833
1	Query_12	Specific	Subunit I/VIb interface	G270	1	1	238833
1	Query_12	Specific	Subunit I/VIc interface	G303	1	1	238833
1	Query_12	Specific	Subunit I/VIIa interface	A89,L92	2	2	238833
1	Query_12	Specific	Subunit I/VIIb interface	D419,G423	2	2	238833
1	Query_12	Specific	Subunit I/VIIc interface	L2,A5,L9,A91,L92,I374,W447,F450	9	8	238833
1	Query_12	Specific	Subunit I/VIIIb interface	L383,A440	2	2	238833
1	Query_12	Specific	Dimer interface	I165,L172,F212,Y249,F252,G255,I256,I260	8	8	238833
ENDSITES
ENDQUERY
QUERY	Query_13	Peptide	358	orf358_4958875-Rhomuc1_feature_46_from_C_0, ORGANISM Genus species Unclassified.,
DOMAINS
1	Query_13	Specific	198392	98	186	6.3626e-21	85.7404	cd10445	GIY-YIG_bI1_like	-	353929
1	Query_13	Non-specific	273636	97	354	2.99306e-11	62.0181	TIGR01453	grpIintron_endo	-	45
ENDDOMAINS
SITES
1	Query_13	Specific	putative active site	Y101,Y112,G114,R122,Y126,E171,N183	7	7	198392
1	Query_13	Specific	putative metal binding site	E171	1	1	198392
1	Query_13	Specific	GIY-YIG motif/motif A	G99,V100,Y101,Y112,V113,G114	6	6	198392
ENDSITES
ENDQUERY
QUERY	Query_14	Peptide	223	nad6_4958875-Rhomuc1_feature_51_from_C_0, ORGANISM Genus species Unclassified.,
DOMAINS
1	Query_14	Superfamily	354830	4	207	1.89404e-31	113.172	cl21484	Oxidored_q3	-	-
ENDDOMAINS
ENDQUERY
QUERY	Query_15	Peptide	511	nad2_4958875-Rhomuc1_feature_55_from_C_0, ORGANISM Genus species Unclassified.,
DOMAINS
1	Query_15	Specific	235603	28	499	9.71311e-99	305.977	PRK05777	PRK05777	-	356474
ENDDOMAINS
ENDQUERY
QUERY	Query_16	Peptide	163	nad3_4958875-Rhomuc1_feature_57_from_C_0, ORGANISM Genus species Unclassified.,
DOMAINS
1	Query_16	Specific	334119	29	114	1.2623e-37	124.065	pfam00507	Oxidored_q4	-	351141
ENDDOMAINS
ENDQUERY
QUERY	Query_17	Peptide	253	atp6_4958875-Rhomuc1_feature_59_from_C_0, ORGANISM Genus species Unclassified.,
DOMAINS
1	Query_17	Specific	273458	7	250	4.49818e-58	183.947	TIGR01131	ATP_synt_6_or_A	-	351082
ENDDOMAINS
ENDQUERY
QUERY	Query_18	Peptide	298	orf299_4958875-Rhomuc1_feature_66_from_C_0, ORGANISM Genus species Unclassified.,
DOMAINS
1	Query_18	Specific	334330	19	124	5.0063e-15	69.1874	pfam00961	LAGLIDADG_1	-	45
1	Query_18	Specific	334330	174	271	2.17982e-10	56.4759	pfam00961	LAGLIDADG_1	-	45
ENDDOMAINS
ENDQUERY
QUERY	Query_19	Peptide	205	orf206_4958875-Rhomuc1_feature_68_from_C_0, ORGANISM Genus species Unclassified.,
DOMAINS
1	Query_19	Specific	334330	77	175	3.11204e-23	88.8326	pfam00961	LAGLIDADG_1	-	45
ENDDOMAINS
ENDQUERY
QUERY	Query_20	Peptide	668	nad5_4958875-Rhomuc1_feature_92_from_C_0, ORGANISM Genus species Unclassified.,
DOMAINS
1	Query_20	Non-specific	177253	1	620	0	660.933	MTH00210	ND5	-	45
ENDDOMAINS
ENDQUERY
QUERY	Query_21	Peptide	589	orf589_4958875-Rhomuc1_feature_96_from_C_0, ORGANISM Genus species Unclassified.,
DOMAINS
1	Query_21	Superfamily	353929	222	248	1.69054e-05	43.3685	cl15257	GIY-YIG_SF	C	-
ENDDOMAINS
SITES
1	Query_21	Generic	active site	Y223,Y234,G236,R244,Y248	6	5	198380
1	Query_21	Generic	catalytic site	R244	2	1	198380
1	Query_21	Generic	GIY-YIG motif/motif A	I222,Y223,Y234,V235,G236	6	5	198380
ENDSITES
ENDQUERY
QUERY	Query_22	Peptide	87	nad4L_4958875-Rhomuc1_feature_99_from_C_0, ORGANISM Genus species Unclassified.,
DOMAINS
1	Query_22	Superfamily	351118	1	87	8.45273e-17	68.1349	cl00492	Oxidored_q2	-	-
ENDDOMAINS
ENDQUERY
QUERY	Query_23	Peptide	48	atp9_4958875-Rhomuc1_feature_110_from_C_0, ORGANISM Genus species Unclassified.,
DOMAINS
1	Query_23	Specific	349422	6	45	2.29408e-10	49.4304	cd18182	ATP-synt_Fo_c_ATP5G3	C	365782
ENDDOMAINS
SITES
ENDSITES
ENDQUERY
QUERY	Query_24	Peptide	353	orf353_4958875-Rhomuc1_feature_112_from_C_0, ORGANISM Genus species Unclassified.,
DOMAINS
1	Query_24	Specific	214677	121	212	0.00107979	37.4008	smart00465	GIYc	-	353929
ENDDOMAINS
ENDQUERY
QUERY	Query_25	Peptide	417	cox2_4958875-Rhomuc1_feature_116_from_C_0, ORGANISM Genus species Unclassified.,
DOMAINS
1	Query_25	Non-specific	177126	17	130	7.21645e-41	144.923	MTH00051	COX2	C	45
1	Query_25	Superfamily	353929	244	356	1.60759e-08	51.4576	cl15257	GIY-YIG_SF	-	-
1	Query_25	Superfamily	354382	116	179	4.99392e-05	42.5574	cl19115	Cupredoxin	C	-
ENDDOMAINS
SITES
1	Query_25	Generic	active site	Y247,Y258,G260,R268,H272,E344	6	6	198380
1	Query_25	Generic	catalytic site	R268,E344	2	2	198380
1	Query_25	Generic	metal binding site	E344	1	1	198380
1	Query_25	Generic	GIY-YIG motif/motif A	G245,I246,Y247,Y258,I259,G260	6	6	198380
ENDSITES
ENDQUERY
ENDSESSION	1
ENDDATA
