#Post-RPSBLAST Processing Utility

#Input data file:	4958918-Rhoglu1_MitoAssemblyScaffolds.fasta.new.sqn.gbf_converted.faa.asn
#Output data file:	4958918-Rhoglu1_MitoAssemblyScaffolds.fasta.new.sqn.gbf_converted.faa.asn.out
#Annotation data at:	/opt/rpsbproc/data
#E-Value cutoff:	0.01
#Redundancy:	Concise
#Data requested:	Domain hits and site annotations
#Output format -- tab-delimited table
#Show superfamilies: NO
#DATA
#SESSION	<session-ordinal>	<program>	<database>	<score-matrix>	<evalue-threshold>
#QUERY	<query-id>	<seq-type>	<seq-length>	<definition-line>
#DOMAINS
#<session-ordinal>	<query-id[readingframe]>	<hit-type>	<PSSM-ID>	<from>	<to>	<E-Value>	<bitscore>	<accession>	<short-name>	<incomplete>	<superfamily PSSM-ID>
#more such lines......
#ENDDOMAINS
#SITES
#<session-ordinal>	<query-id[readingframe]>	<annot-type>	<title>	<residue(coordinates)>	<complete-size>	<mapped-size>	<source-domain>
#more such lines......
#ENDSITES
#MOTIFS
#<session-ordinal>	<query-id[readingframe]>	<title>	<from>	<to>	<source-domain>
#more such lines......
#ENDMOTIFS
#ENDQUERY	<query-id>
#more query sections..
#ENDSESSION	<session-ordinal>
#more session sections..
#ENDDATA
#=====================================================================
DATA
SESSION	1	blastp	2.10.0+	/opt/rpsbproc/db/Cdd	BLOSUM62	0.01
QUERY	Query_1	Peptide	129	nad3_4958918-Rhoglu1_feature_6_from_C_0, ORGANISM Genus species Unclassified.,
DOMAINS
1	Query_1	Specific	334119	27	112	2.00477e-31	107.116	pfam00507	Oxidored_q4	-	351141
ENDDOMAINS
ENDQUERY
QUERY	Query_2	Peptide	549	nad2_4958918-Rhoglu1_feature_8_from_C_0, ORGANISM Genus species Unclassified.,
DOMAINS
1	Query_2	Specific	235603	124	484	3.24481e-83	267.072	PRK05777	PRK05777	N	356474
ENDDOMAINS
ENDQUERY
QUERY	Query_3	Peptide	252	atp6_4958918-Rhoglu1_feature_10_from_C_0, ORGANISM Genus species Unclassified.,
DOMAINS
1	Query_3	Specific	273458	7	249	8.70935e-58	183.176	TIGR01131	ATP_synt_6_or_A	-	351082
ENDDOMAINS
ENDQUERY
QUERY	Query_4	Peptide	206	nad6_4958918-Rhoglu1_feature_15_from_C_0, ORGANISM Genus species Unclassified.,
DOMAINS
1	Query_4	Superfamily	354830	8	193	1.40184e-24	95.0677	cl21484	Oxidored_q3	-	-
ENDDOMAINS
ENDQUERY
QUERY	Query_7	Peptide	327	orf328_4958918-Rhoglu1_feature_25_from_C_0, ORGANISM Genus species Unclassified.,
DOMAINS
1	Query_7	Specific	334330	17	129	4.2288e-12	61.4834	pfam00961	LAGLIDADG_1	-	45
1	Query_7	Specific	334330	182	238	1.59428e-09	54.1647	pfam00961	LAGLIDADG_1	C	45
ENDDOMAINS
ENDQUERY
QUERY	Query_10	Peptide	483	nad4_4958918-Rhoglu1_feature_31_from_C_0, ORGANISM Genus species Unclassified.,
DOMAINS
1	Query_10	Specific	235622	1	483	2.44786e-148	432.704	PRK05846	PRK05846	-	45
ENDDOMAINS
ENDQUERY
QUERY	Query_11	Peptide	668	nad5_4958918-Rhoglu1_feature_53_from_C_0, ORGANISM Genus species Unclassified.,
DOMAINS
1	Query_11	Non-specific	177253	1	620	0	645.91	MTH00210	ND5	-	45
ENDDOMAINS
ENDQUERY
QUERY	Query_12	Peptide	87	nad4L_4958918-Rhoglu1_feature_58_from_C_0, ORGANISM Genus species Unclassified.,
DOMAINS
1	Query_12	Superfamily	351118	2	86	3.48979e-18	71.7467	cl00492	Oxidored_q2	-	-
ENDDOMAINS
ENDQUERY
QUERY	Query_13	Peptide	57	cox2_4958918-Rhoglu1_feature_2_from_C_2, ORGANISM Genus species Unclassified.,
DOMAINS
1	Query_13	Non-specific	177126	23	57	5.65864e-09	49.0088	MTH00051	COX2	C	45
ENDDOMAINS
ENDQUERY
QUERY	Query_14	Peptide	48	atp8_4958918-Rhoglu1_feature_10_from_C_2, ORGANISM Genus species Unclassified.,
DOMAINS
1	Query_14	Non-specific	283561	1	48	4.16381e-06	38.1562	pfam05933	Fun_ATP-synt_8	-	45
ENDDOMAINS
ENDQUERY
QUERY	Query_15	Peptide	150	cox1_4958918-Rhoglu1_feature_12_from_C_2, ORGANISM Genus species Unclassified.,
DOMAINS
1	Query_15	Superfamily	350997	2	134	1.05573e-57	186.15	cl00275	Heme_Cu_Oxidase_I	N	-
ENDDOMAINS
SITES
1	Query_15	Generic	Low-spin heme binding site	L2,S3,R59,R60,F89	15	5	238461
1	Query_15	Generic	Putative proton exit pathway	R59,R60	5	2	238461
1	Query_15	Generic	Putative water exit pathway	R59	7	1	238461
ENDSITES
ENDQUERY
QUERY	Query_16	Peptide	188	nad1_4958918-Rhoglu1_feature_6_from_C_3, ORGANISM Genus species Unclassified.,
DOMAINS
1	Query_16	Specific	333876	1	172	2.76103e-65	202.318	pfam00146	NADHdh	N	351105
ENDDOMAINS
ENDQUERY
QUERY	Query_18	Peptide	43	cox1_4958918-Rhoglu1_feature_4_from_C_4, ORGANISM Genus species Unclassified.,
DOMAINS
1	Query_18	Superfamily	350997	1	35	4.47729e-14	62.8857	cl00275	Heme_Cu_Oxidase_I	NC	-
ENDDOMAINS
SITES
1	Query_18	Generic	K-pathway	S2	7	1	238461
ENDSITES
ENDQUERY
QUERY	Query_19	Peptide	131	orf131_4958918-Rhoglu1_feature_6_from_C_4, ORGANISM Genus species Unclassified.,
DOMAINS
1	Query_19	Specific	334330	2	57	3.11435e-11	55.7055	pfam00961	LAGLIDADG_1	N	45
ENDDOMAINS
ENDQUERY
QUERY	Query_20	Peptide	197	orf197_4958918-Rhoglu1_feature_2_from_C_5, ORGANISM Genus species Unclassified.,
DOMAINS
1	Query_20	Specific	335245	11	179	2.13882e-43	142.685	pfam03161	LAGLIDADG_2	-	45
ENDDOMAINS
ENDQUERY
QUERY	Query_21	Peptide	93	cob_4958918-Rhoglu1_feature_4_from_C_6, ORGANISM Genus species Unclassified.,
DOMAINS
1	Query_21	Non-specific	164595	1	86	6.37267e-26	97.8492	MTH00022	CYTB	N	45
ENDDOMAINS
ENDQUERY
ENDSESSION	1
ENDDATA
