#Post-RPSBLAST Processing Utility

#Input data file:	Agahy1_MitoScaffolds.fasta.new.sqn.gbf_converted.faa.asn
#Output data file:	Agahy1_MitoScaffolds.fasta.new.sqn.gbf_converted.faa.asn.out
#Annotation data at:	/opt/rpsbproc/data
#E-Value cutoff:	0.01
#Redundancy:	Concise
#Data requested:	Domain hits and site annotations
#Output format -- tab-delimited table
#Show superfamilies: NO
#DATA
#SESSION	<session-ordinal>	<program>	<database>	<score-matrix>	<evalue-threshold>
#QUERY	<query-id>	<seq-type>	<seq-length>	<definition-line>
#DOMAINS
#<session-ordinal>	<query-id[readingframe]>	<hit-type>	<PSSM-ID>	<from>	<to>	<E-Value>	<bitscore>	<accession>	<short-name>	<incomplete>	<superfamily PSSM-ID>
#more such lines......
#ENDDOMAINS
#SITES
#<session-ordinal>	<query-id[readingframe]>	<annot-type>	<title>	<residue(coordinates)>	<complete-size>	<mapped-size>	<source-domain>
#more such lines......
#ENDSITES
#MOTIFS
#<session-ordinal>	<query-id[readingframe]>	<title>	<from>	<to>	<source-domain>
#more such lines......
#ENDMOTIFS
#ENDQUERY	<query-id>
#more query sections..
#ENDSESSION	<session-ordinal>
#more session sections..
#ENDDATA
#=====================================================================
DATA
SESSION	1	blastp	2.10.0+	/opt/rpsbproc/db/Cdd	BLOSUM62	0.01
QUERY	Query_1	Peptide	87	nad4L_Agahy1_feature_2_from_C_0, ORGANISM Genus species Unclassified.,
DOMAINS
1	Query_1	Superfamily	351118	5	86	1.14681e-16	68.1349	cl00492	Oxidored_q2	-	-
ENDDOMAINS
ENDQUERY
QUERY	Query_2	Peptide	269	cox3_Agahy1_feature_6_from_C_0, ORGANISM Genus species Unclassified.,
DOMAINS
1	Query_2	Specific	278911	12	268	9.58754e-132	372.899	pfam00510	COX3	-	294143
ENDDOMAINS
SITES
1	Query_2	Specific	Subunit I/III interface	A82,K85,G86,S97,F100,S104,L105,H111,G199,V200,S203,M207	12	12	238834
1	Query_2	Specific	Subunit III/Vb interface	G166	1	1	238834
1	Query_2	Specific	Subunit III/VIa interface	Y135,E136,I137,Y154,I180,Y190,E191,A192,A197,D198,G199	11	11	238834
1	Query_2	Specific	Subunit III/VIb interface	T127	1	1	238834
1	Query_2	Specific	Subunit III/VIIa interface	L64,R67,D68,A71,S74,Y75,L76	7	7	238834
1	Query_2	Specific	Phospholipid binding site	W65,F66,V69,S70,G73,H79,G90,V91,F94,F222,R229,L241,G242	13	13	238834
ENDSITES
ENDQUERY
QUERY	Query_3	Peptide	215	nad6_Agahy1_feature_20_from_C_0, ORGANISM Genus species Unclassified.,
DOMAINS
1	Query_3	Superfamily	354830	4	204	1.17824e-29	108.55	cl21484	Oxidored_q3	-	-
ENDDOMAINS
ENDQUERY
QUERY	Query_4	Peptide	216	orf216_Agahy1_feature_26_from_C_0, ORGANISM Genus species Unclassified.,
DOMAINS
1	Query_4	Specific	335245	26	198	3.88314e-25	96.0759	pfam03161	LAGLIDADG_2	-	45
ENDDOMAINS
ENDQUERY
QUERY	Query_5	Peptide	248	orf248_Agahy1_feature_28_from_C_0, ORGANISM Genus species Unclassified.,
DOMAINS
1	Query_5	Specific	335245	49	222	4.01509e-42	141.144	pfam03161	LAGLIDADG_2	-	45
ENDDOMAINS
ENDQUERY
QUERY	Query_6	Peptide	400	cob_Agahy1_feature_30_from_C_0, ORGANISM Genus species Unclassified.,
DOMAINS
1	Query_6	Non-specific	177239	3	368	0	513.694	MTH00191	CYTB	-	45
ENDDOMAINS
ENDQUERY
QUERY	Query_7	Peptide	329	nad1_Agahy1_feature_34_from_C_0, ORGANISM Genus species Unclassified.,
DOMAINS
1	Query_7	Specific	333876	23	317	5.79748e-118	342.145	pfam00146	NADHdh	-	351105
ENDDOMAINS
ENDQUERY
QUERY	Query_8	Peptide	251	cox2_Agahy1_feature_36_from_C_0, ORGANISM Genus species Unclassified.,
DOMAINS
1	Query_8	Non-specific	214402	13	249	2.59556e-116	332.485	MTH00023	COX2	-	45
ENDDOMAINS
ENDQUERY
QUERY	Query_9	Peptide	484	nad4_Agahy1_feature_40_from_C_0, ORGANISM Genus species Unclassified.,
DOMAINS
1	Query_9	Specific	235622	30	480	5.65071e-157	454.661	PRK05846	PRK05846	-	45
ENDDOMAINS
ENDQUERY
QUERY	Query_10	Peptide	129	nad3_Agahy1_feature_49_from_C_0, ORGANISM Genus species Unclassified.,
DOMAINS
1	Query_10	Specific	334119	25	112	1.46718e-35	117.516	pfam00507	Oxidored_q4	-	351141
ENDDOMAINS
ENDQUERY
QUERY	Query_11	Peptide	528	nad2_Agahy1_feature_51_from_C_0, ORGANISM Genus species Unclassified.,
DOMAINS
1	Query_11	Specific	235603	64	516	6.84391e-92	288.643	PRK05777	PRK05777	-	356474
ENDDOMAINS
ENDQUERY
QUERY	Query_12	Peptide	73	atp9_Agahy1_feature_59_from_C_0, ORGANISM Genus species Unclassified.,
DOMAINS
1	Query_12	Specific	349422	6	69	3.92621e-20	75.2387	cd18182	ATP-synt_Fo_c_ATP5G3	-	365782
ENDDOMAINS
SITES
ENDSITES
ENDQUERY
QUERY	Query_13	Peptide	253	atp6_Agahy1_feature_73_from_C_0, ORGANISM Genus species Unclassified.,
DOMAINS
1	Query_13	Specific	273458	9	249	2.98744e-49	161.22	TIGR01131	ATP_synt_6_or_A	-	351082
ENDDOMAINS
ENDQUERY
QUERY	Query_14	Peptide	48	atp8_Agahy1_feature_75_from_C_0, ORGANISM Genus species Unclassified.,
DOMAINS
1	Query_14	Non-specific	283561	1	48	2.2283e-06	38.9266	pfam05933	Fun_ATP-synt_8	-	45
ENDDOMAINS
ENDQUERY
QUERY	Query_15	Peptide	530	cox1_Agahy1_feature_77_from_C_0, ORGANISM Genus species Unclassified.,
DOMAINS
1	Query_15	Specific	238833	10	488	0	878.353	cd01663	Cyt_c_Oxidase_I	-	350997
ENDDOMAINS
SITES
1	Query_15	Specific	Binuclear center (heme a3/CuB)	H242,H291,H292,H377	4	4	238833
1	Query_15	Specific	Low-spin heme (heme a) binding site	H63,H379,S383,T425,S462	5	5	238833
1	Query_15	Specific	D-pathway	Y19,N82,D93,N100,S103,S158,S159,N165,T169	9	9	238833
1	Query_15	Specific	K-pathway	H242,Y246,S257,H291,H292,T317,K320	7	7	238833
1	Query_15	Specific	Electron transfer pathway	F378,R439,R440	3	3	238833
1	Query_15	Specific	Putative proton exit pathway	H292,H369,D370,R439,R440	5	5	238833
1	Query_15	Specific	Putative water exit pathway	D229,Q234,H235,S365,H369,D370,R439	7	7	238833
1	Query_15	Specific	Subunit I/II interface	N57,D229,K266,F269,G270,T295,V296,G297,V300,R303,M311,I319,F322,Y329,G330,G331,L343,N361,A362,L364,V366,A367,F368,H369,D370,L434,A435,R439,R440,I441,D450,W451	32	32	238833
1	Query_15	Specific	Subunit I/III interface	T10,P92,F96,R98,W105,D146,F150,T168,N172,V192,L199,P202,M210,T219,S220,F221,G226,G227,D229,F239,Y276,F279,G282,I283,I287	25	25	238833
1	Query_15	Specific	Subunit I/IV interface	M39,A42,A43,T409,Q412,I413,D446,V464	8	8	238833
1	Query_15	Specific	Subunit I/VIa interface	I137,R215,N216,F217,N218	5	5	238833
1	Query_15	Specific	Subunit I/VIb interface	G297	1	1	238833
1	Query_15	Specific	Subunit I/VIc interface	G330	1	1	238833
1	Query_15	Specific	Subunit I/VIIa interface	A116,F119	2	2	238833
1	Query_15	Specific	Subunit I/VIIb interface	D446,D450	2	2	238833
1	Query_15	Specific	Subunit I/VIIc interface	F25,I29,A32,I36,A118,F119,I401,Y474,F477	9	9	238833
1	Query_15	Specific	Subunit I/VIIIb interface	L410,I467	2	2	238833
1	Query_15	Specific	Dimer interface	V192,L199,F239,Y276,F279,G282,I283,I287	8	8	238833
ENDSITES
ENDQUERY
QUERY	Query_16	Peptide	281	orf281_Agahy1_feature_81_from_C_0, ORGANISM Genus species Unclassified.,
DOMAINS
1	Query_16	Specific	334330	41	125	8.29483e-15	68.417	pfam00961	LAGLIDADG_1	-	45
1	Query_16	Specific	334330	176	260	6.36466e-07	46.4607	pfam00961	LAGLIDADG_1	-	45
ENDDOMAINS
ENDQUERY
ENDSESSION	1
ENDDATA
