#Post-RPSBLAST Processing Utility

#Input data file:	Albpec1_MitoAssemblyScaffolds.fasta.new.sqn.gbf_converted.faa.asn
#Output data file:	Albpec1_MitoAssemblyScaffolds.fasta.new.sqn.gbf_converted.faa.asn.out
#Annotation data at:	/opt/rpsbproc/data
#E-Value cutoff:	0.01
#Redundancy:	Concise
#Data requested:	Domain hits and site annotations
#Output format -- tab-delimited table
#Show superfamilies: NO
#DATA
#SESSION	<session-ordinal>	<program>	<database>	<score-matrix>	<evalue-threshold>
#QUERY	<query-id>	<seq-type>	<seq-length>	<definition-line>
#DOMAINS
#<session-ordinal>	<query-id[readingframe]>	<hit-type>	<PSSM-ID>	<from>	<to>	<E-Value>	<bitscore>	<accession>	<short-name>	<incomplete>	<superfamily PSSM-ID>
#more such lines......
#ENDDOMAINS
#SITES
#<session-ordinal>	<query-id[readingframe]>	<annot-type>	<title>	<residue(coordinates)>	<complete-size>	<mapped-size>	<source-domain>
#more such lines......
#ENDSITES
#MOTIFS
#<session-ordinal>	<query-id[readingframe]>	<title>	<from>	<to>	<source-domain>
#more such lines......
#ENDMOTIFS
#ENDQUERY	<query-id>
#more query sections..
#ENDSESSION	<session-ordinal>
#more session sections..
#ENDDATA
#=====================================================================
DATA
SESSION	1	blastp	2.10.0+	/opt/rpsbproc/db/Cdd	BLOSUM62	0.01
QUERY	Query_1	Peptide	124	nad3_Albpec1_feature_2_from_C_0, ORGANISM Genus species Unclassified.,
DOMAINS
1	Query_1	Specific	334119	25	113	5.73173e-27	95.5598	pfam00507	Oxidored_q4	-	351141
ENDDOMAINS
ENDQUERY
QUERY	Query_2	Peptide	258	atp6_Albpec1_feature_6_from_C_0, ORGANISM Genus species Unclassified.,
DOMAINS
1	Query_2	Superfamily	351082	16	258	7.99515e-48	158.631	cl00413	ATP-synt_A	-	-
ENDDOMAINS
ENDQUERY
QUERY	Query_3	Peptide	204	nad6_Albpec1_feature_8_from_C_0, ORGANISM Genus species Unclassified.,
DOMAINS
1	Query_3	Superfamily	354830	1	195	6.80428e-10	55.7773	cl21484	Oxidored_q3	-	-
ENDDOMAINS
ENDQUERY
QUERY	Query_4	Peptide	431	orf431_Albpec1_feature_10_from_C_0, ORGANISM Genus species Unclassified.,
DOMAINS
1	Query_4	Superfamily	355698	127	423	8.57094e-37	139.791	cl28058	DNA_pol_B_2	C	-
ENDDOMAINS
ENDQUERY
QUERY	Query_6	Peptide	73	atp9_Albpec1_feature_14_from_C_0, ORGANISM Genus species Unclassified.,
DOMAINS
1	Query_6	Specific	349422	6	70	1.01162e-14	61.3715	cd18182	ATP-synt_Fo_c_ATP5G3	-	365782
ENDDOMAINS
SITES
ENDSITES
ENDQUERY
QUERY	Query_7	Peptide	384	cob_Albpec1_feature_16_from_C_0, ORGANISM Genus species Unclassified.,
DOMAINS
1	Query_7	Specific	214440	10	366	2.77561e-161	456.166	MTH00156	CYTB	-	45
ENDDOMAINS
ENDQUERY
QUERY	Query_9	Peptide	528	cox1_Albpec1_feature_32_from_C_0, ORGANISM Genus species Unclassified.,
DOMAINS
1	Query_9	Specific	238833	8	512	0	860.249	cd01663	Cyt_c_Oxidase_I	-	350997
ENDDOMAINS
SITES
1	Query_9	Specific	Binuclear center (heme a3/CuB)	H240,H289,H290,H375	4	4	238833
1	Query_9	Specific	Low-spin heme (heme a) binding site	H61,H377,S381,T423,S460	5	5	238833
1	Query_9	Specific	D-pathway	Y17,N80,D91,N98,S101,S156,S157,N163,T167	9	9	238833
1	Query_9	Specific	K-pathway	H240,Y244,S255,H289,H290,T315,K318	7	7	238833
1	Query_9	Specific	Electron transfer pathway	F376,R437,R438	3	3	238833
1	Query_9	Specific	Putative proton exit pathway	H290,H367,D368,R437,R438	5	5	238833
1	Query_9	Specific	Putative water exit pathway	D227,Q232,H233,D363,H367,D368,R437	7	7	238833
1	Query_9	Specific	Subunit I/II interface	N55,D227,K264,F267,G268,S293,V294,G295,V298,R301,M309,I317,F320,Y327,G328,G329,L341,N359,A360,M362,L364,A365,L366,H367,D368,L432,A433,R437,R438,I439,G448,W449	32	32	238833
1	Query_9	Specific	Subunit I/III interface	T8,P90,F94,R96,W103,D144,F148,T166,N170,V190,L197,P200,M208,T217,S218,F219,G224,G225,D227,F237,Y274,F277,G280,I281,L285	25	25	238833
1	Query_9	Specific	Subunit I/IV interface	L37,S40,A41,F407,K410,I411,D444,V462	8	8	238833
1	Query_9	Specific	Subunit I/Vb interface	P265,Y269,T511	3	3	238833
1	Query_9	Specific	Subunit I/VIa interface	V135,R213,N214,F215,N216	5	5	238833
1	Query_9	Specific	Subunit I/VIb interface	G295	1	1	238833
1	Query_9	Specific	Subunit I/VIc interface	G328	1	1	238833
1	Query_9	Specific	Subunit I/VIIa interface	L114,L117	2	2	238833
1	Query_9	Specific	Subunit I/VIIb interface	D444,G448	2	2	238833
1	Query_9	Specific	Subunit I/VIIc interface	F23,I27,A30,L34,S116,L117,I399,Y472,F475	9	9	238833
1	Query_9	Specific	Subunit I/VIIIb interface	L408,I465	2	2	238833
1	Query_9	Specific	Dimer interface	V190,L197,F237,Y274,F277,G280,I281,L285	8	8	238833
ENDSITES
ENDQUERY
QUERY	Query_10	Peptide	337	orf337_Albpec1_feature_38_from_C_0, ORGANISM Genus species Unclassified.,
DOMAINS
1	Query_10	Specific	334330	213	303	3.35437e-05	42.2235	pfam00961	LAGLIDADG_1	-	45
1	Query_10	Specific	334330	107	183	0.00290083	36.4455	pfam00961	LAGLIDADG_1	-	45
ENDDOMAINS
ENDQUERY
QUERY	Query_11	Peptide	340	orf340_Albpec1_feature_42_from_C_0, ORGANISM Genus species Unclassified.,
DOMAINS
1	Query_11	Specific	334330	201	301	9.83598e-16	71.8838	pfam00961	LAGLIDADG_1	-	45
1	Query_11	Specific	334330	92	169	0.00463063	36.0603	pfam00961	LAGLIDADG_1	-	45
ENDDOMAINS
ENDQUERY
QUERY	Query_12	Peptide	491	nad4_Albpec1_feature_45_from_C_0, ORGANISM Genus species Unclassified.,
DOMAINS
1	Query_12	Specific	235622	30	488	9.10216e-143	418.837	PRK05846	PRK05846	-	45
ENDDOMAINS
ENDQUERY
QUERY	Query_14	Peptide	52	atp8_Albpec1_feature_51_from_C_0, ORGANISM Genus species Unclassified.,
DOMAINS
1	Query_14	Non-specific	283561	1	48	4.42952e-05	35.845	pfam05933	Fun_ATP-synt_8	-	45
ENDDOMAINS
ENDQUERY
QUERY	Query_15	Peptide	274	cox3_Albpec1_feature_77_from_C_0, ORGANISM Genus species Unclassified.,
DOMAINS
1	Query_15	Specific	278911	16	272	5.32307e-118	338.231	pfam00510	COX3	-	294143
ENDDOMAINS
SITES
1	Query_15	Specific	Subunit I/III interface	E86,K89,G90,S101,F104,S108,I109,H115,S203,V204,S207,C211	12	12	238834
1	Query_15	Specific	Subunit III/Vb interface	D170	1	1	238834
1	Query_15	Specific	Subunit III/VIa interface	F139,A140,I141,Y158,V184,S194,E195,A196,S201,D202,S203	11	11	238834
1	Query_15	Specific	Subunit III/VIb interface	Q131	1	1	238834
1	Query_15	Specific	Subunit III/VIIa interface	L68,R71,D72,T75,T78,L79,L80	7	7	238834
1	Query_15	Specific	Phospholipid binding site	W69,F70,V73,T74,G77,H83,G94,M95,F98,F226,R233,I245,G246	13	13	238834
ENDSITES
ENDQUERY
QUERY	Query_16	Peptide	88	nad4L_Albpec1_feature_79_from_C_0, ORGANISM Genus species Unclassified.,
DOMAINS
1	Query_16	Superfamily	351118	7	88	5.6904e-14	61.2014	cl00492	Oxidored_q2	-	-
ENDDOMAINS
ENDQUERY
QUERY	Query_17	Peptide	666	nad5_Albpec1_feature_81_from_C_0, ORGANISM Genus species Unclassified.,
DOMAINS
1	Query_17	Non-specific	235836	1	634	0	647.601	PRK06590	PRK06590	-	45
ENDDOMAINS
ENDQUERY
QUERY	Query_18	Peptide	339	nad1_Albpec1_feature_85_from_C_0, ORGANISM Genus species Unclassified.,
DOMAINS
1	Query_18	Specific	333876	33	327	3.30547e-117	340.604	pfam00146	NADHdh	-	351105
ENDDOMAINS
ENDQUERY
QUERY	Query_19	Peptide	251	cox2_Albpec1_feature_87_from_C_0, ORGANISM Genus species Unclassified.,
DOMAINS
1	Query_19	Non-specific	214402	7	248	1.35932e-113	325.552	MTH00023	COX2	-	45
ENDDOMAINS
ENDQUERY
QUERY	Query_20	Peptide	320	orf320_Albpec1_feature_89_from_C_0, ORGANISM Genus species Unclassified.,
DOMAINS
1	Query_20	Superfamily	355698	168	249	5.94025e-16	77.7735	cl28058	DNA_pol_B_2	C	-
ENDDOMAINS
ENDQUERY
QUERY	Query_22	Peptide	267	nad2_Albpec1_feature_105_from_C_0, ORGANISM Genus species Unclassified.,
DOMAINS
1	Query_22	Superfamily	356474	29	263	6.91053e-38	138.415	cl29598	Proton_antipo_M	C	-
ENDDOMAINS
ENDQUERY
ENDSESSION	1
ENDDATA
