#Post-RPSBLAST Processing Utility

#Input data file:	Altalt1_MitoAssemblyScaffolds.fasta.new.sqn.gbf_converted.faa.asn
#Output data file:	Altalt1_MitoAssemblyScaffolds.fasta.new.sqn.gbf_converted.faa.asn.out
#Annotation data at:	/opt/rpsbproc/data
#E-Value cutoff:	0.01
#Redundancy:	Concise
#Data requested:	Domain hits and site annotations
#Output format -- tab-delimited table
#Show superfamilies: NO
#DATA
#SESSION	<session-ordinal>	<program>	<database>	<score-matrix>	<evalue-threshold>
#QUERY	<query-id>	<seq-type>	<seq-length>	<definition-line>
#DOMAINS
#<session-ordinal>	<query-id[readingframe]>	<hit-type>	<PSSM-ID>	<from>	<to>	<E-Value>	<bitscore>	<accession>	<short-name>	<incomplete>	<superfamily PSSM-ID>
#more such lines......
#ENDDOMAINS
#SITES
#<session-ordinal>	<query-id[readingframe]>	<annot-type>	<title>	<residue(coordinates)>	<complete-size>	<mapped-size>	<source-domain>
#more such lines......
#ENDSITES
#MOTIFS
#<session-ordinal>	<query-id[readingframe]>	<title>	<from>	<to>	<source-domain>
#more such lines......
#ENDMOTIFS
#ENDQUERY	<query-id>
#more query sections..
#ENDSESSION	<session-ordinal>
#more session sections..
#ENDDATA
#=====================================================================
DATA
SESSION	1	blastp	2.10.0+	/opt/rpsbproc/db/Cdd	BLOSUM62	0.01
QUERY	Query_1	Peptide	249	cox2_Altalt1_feature_2_from_C_0, ORGANISM Genus species Unclassified.,
DOMAINS
1	Query_1	Specific	214438	17	246	1.38182e-111	319.852	MTH00154	COX2	-	45
ENDDOMAINS
ENDQUERY
QUERY	Query_2	Peptide	539	cox1_Altalt1_feature_4_from_C_0, ORGANISM Genus species Unclassified.,
DOMAINS
1	Query_2	Specific	238833	11	487	0	776.66	cd01663	Cyt_c_Oxidase_I	-	350997
ENDDOMAINS
SITES
1	Query_2	Specific	Binuclear center (heme a3/CuB)	H241,H290,H291,H376	4	4	238833
1	Query_2	Specific	Low-spin heme (heme a) binding site	H62,H378,S382,T424,S461	5	5	238833
1	Query_2	Specific	D-pathway	Y19,N81,D92,N99,S102,S157,S158,N164,T168	9	9	238833
1	Query_2	Specific	K-pathway	H241,Y245,S256,H290,H291,T316,K319	7	7	238833
1	Query_2	Specific	Electron transfer pathway	F377,R438,R439	3	3	238833
1	Query_2	Specific	Putative proton exit pathway	H291,H368,D369,R438,R439	5	5	238833
1	Query_2	Specific	Putative water exit pathway	D228,Q233,H234,D364,H368,D369,R438	7	7	238833
1	Query_2	Specific	Subunit I/II interface	N56,D228,K265,F268,G269,T294,V295,G296,V299,R302,L310,I318,F321,Y328,G329,G330,L342,N360,A361,L363,I365,A366,F367,H368,D369,L433,Q434,R438,R439,I440,G449,W450	32	32	238833
1	Query_2	Specific	Subunit I/III interface	P91,F95,R97,L104,D145,F149,T167,N171,I191,L198,P201,M209,T218,S219,F220,G225,G226,D228,F238,Y275,C278,G281,I282,V286	25	24	238833
1	Query_2	Specific	Subunit I/IV interface	L39,S42,G43,L408,K411,A412,D445,A463	8	8	238833
1	Query_2	Specific	Subunit I/VIa interface	I136,R214,N215,F216,N217	5	5	238833
1	Query_2	Specific	Subunit I/VIb interface	G296	1	1	238833
1	Query_2	Specific	Subunit I/VIc interface	G329	1	1	238833
1	Query_2	Specific	Subunit I/VIIa interface	F115,G118	2	2	238833
1	Query_2	Specific	Subunit I/VIIb interface	D445,G449	2	2	238833
1	Query_2	Specific	Subunit I/VIIc interface	F25,I29,A32,L36,G117,G118,I400,Y473,L476	9	9	238833
1	Query_2	Specific	Subunit I/VIIIb interface	Y409,A466	2	2	238833
1	Query_2	Specific	Dimer interface	I191,L198,F238,Y275,C278,G281,I282,V286	8	8	238833
ENDSITES
ENDQUERY
QUERY	Query_3	Peptide	324	orf324_Altalt1_feature_8_from_C_0, ORGANISM Genus species Unclassified.,
DOMAINS
1	Query_3	Specific	334330	195	291	2.94457e-21	86.5214	pfam00961	LAGLIDADG_1	-	45
1	Query_3	Specific	334330	86	154	5.85909e-05	41.4531	pfam00961	LAGLIDADG_1	-	45
ENDDOMAINS
ENDQUERY
QUERY	Query_4	Peptide	350	orf350_Altalt1_feature_12_from_C_0, ORGANISM Genus species Unclassified.,
DOMAINS
1	Query_4	Specific	334330	80	167	3.91118e-13	64.565	pfam00961	LAGLIDADG_1	-	45
1	Query_4	Specific	334330	201	306	1.81863e-11	59.9427	pfam00961	LAGLIDADG_1	-	45
ENDDOMAINS
ENDQUERY
QUERY	Query_5	Peptide	382	orf382_Altalt1_feature_17_from_C_0, ORGANISM Genus species Unclassified.,
DOMAINS
1	Query_5	Superfamily	350997	53	91	2.21516e-05	45.9369	cl00275	Heme_Cu_Oxidase_I	C	-
ENDDOMAINS
SITES
1	Query_5	Generic	Low-spin heme binding site	S75,F80,Y91	15	3	238461
1	Query_5	Generic	D-pathway	Y60	9	1	238461
ENDSITES
ENDQUERY
QUERY	Query_6	Peptide	198	nad6_Altalt1_feature_29_from_C_0, ORGANISM Genus species Unclassified.,
DOMAINS
1	Query_6	Superfamily	354830	20	192	5.49002e-18	77.5689	cl21484	Oxidored_q3	-	-
ENDDOMAINS
ENDQUERY
QUERY	Query_7	Peptide	256	atp6_Altalt1_feature_75_from_C_0, ORGANISM Genus species Unclassified.,
DOMAINS
1	Query_7	Specific	273458	9	253	1.55705e-48	159.679	TIGR01131	ATP_synt_6_or_A	-	351082
ENDDOMAINS
ENDQUERY
QUERY	Query_9	Peptide	269	cox3_Altalt1_feature_83_from_C_0, ORGANISM Genus species Unclassified.,
DOMAINS
1	Query_9	Specific	278911	12	269	6.4239e-127	360.572	pfam00510	COX3	-	294143
ENDDOMAINS
SITES
1	Query_9	Specific	Subunit I/III interface	A82,R85,G86,S97,L100,A104,I105,H111,G199,A200,S203,F207	12	12	238834
1	Query_9	Specific	Subunit III/Vb interface	K166	1	1	238834
1	Query_9	Specific	Subunit III/VIa interface	F135,E136,L137,Y154,I180,S190,V191,S192,S197,D198,G199	11	11	238834
1	Query_9	Specific	Subunit III/VIb interface	M127	1	1	238834
1	Query_9	Specific	Subunit III/VIIa interface	F64,R67,D68,A71,T74,Y75,L76	7	7	238834
1	Query_9	Specific	Phospholipid binding site	W65,W66,V69,I70,G73,H79,G90,V91,F94,F222,R229,L241,G242	13	13	238834
ENDSITES
ENDQUERY
QUERY	Query_10	Peptide	332	orf332_Altalt1_feature_87_from_C_0, ORGANISM Genus species Unclassified.,
DOMAINS
1	Query_10	Specific	334330	204	302	1.599e-21	87.2918	pfam00961	LAGLIDADG_1	-	45
1	Query_10	Specific	334330	42	141	3.66341e-16	72.6542	pfam00961	LAGLIDADG_1	-	45
ENDDOMAINS
ENDQUERY
QUERY	Query_11	Peptide	397	orf397_Altalt1_feature_89_from_C_0, ORGANISM Genus species Unclassified.,
DOMAINS
1	Query_11	Specific	334330	34	132	1.03205e-17	77.6618	pfam00961	LAGLIDADG_1	-	45
1	Query_11	Specific	334330	176	263	3.81354e-07	48.0015	pfam00961	LAGLIDADG_1	-	45
ENDDOMAINS
ENDQUERY
QUERY	Query_14	Peptide	371	nad1_Altalt1_feature_2_from_C_1, ORGANISM Genus species Unclassified.,
DOMAINS
1	Query_14	Specific	333876	12	354	1.71976e-120	350.234	pfam00146	NADHdh	-	351105
ENDDOMAINS
ENDQUERY
QUERY	Query_15	Peptide	651	nad5_Altalt1_feature_4_from_C_1, ORGANISM Genus species Unclassified.,
DOMAINS
1	Query_15	Non-specific	177253	1	629	0	602.768	MTH00210	ND5	-	45
ENDDOMAINS
ENDQUERY
QUERY	Query_16	Peptide	303	orf303_1_Altalt1_feature_8_from_C_1, ORGANISM Genus species Unclassified.,
DOMAINS
1	Query_16	Specific	334330	182	277	2.43816e-12	61.8686	pfam00961	LAGLIDADG_1	-	45
1	Query_16	Specific	334330	67	158	3.22818e-08	50.3127	pfam00961	LAGLIDADG_1	-	45
ENDDOMAINS
ENDQUERY
QUERY	Query_17	Peptide	231	orf232_Altalt1_feature_11_from_C_1, ORGANISM Genus species Unclassified.,
DOMAINS
1	Query_17	Specific	334330	96	195	3.31726e-18	76.5062	pfam00961	LAGLIDADG_1	-	45
1	Query_17	Specific	334330	1	35	1.25767e-06	45.3051	pfam00961	LAGLIDADG_1	N	45
ENDDOMAINS
ENDQUERY
QUERY	Query_18	Peptide	83	orf84_Altalt1_feature_13_from_C_1, ORGANISM Genus species Unclassified.,
DOMAINS
1	Query_18	Specific	334330	19	83	3.76045e-11	53.7795	pfam00961	LAGLIDADG_1	C	45
ENDDOMAINS
ENDQUERY
QUERY	Query_19	Peptide	132	nad4L_Altalt1_feature_15_from_C_1, ORGANISM Genus species Unclassified.,
DOMAINS
1	Query_19	Superfamily	351118	5	79	1.03882e-15	67.3645	cl00492	Oxidored_q2	-	-
ENDDOMAINS
ENDQUERY
QUERY	Query_20	Peptide	489	nad4_Altalt1_feature_17_from_C_1, ORGANISM Genus species Unclassified.,
DOMAINS
1	Query_20	Specific	235622	1	481	1.04189e-125	375.309	PRK05846	PRK05846	-	45
ENDDOMAINS
ENDQUERY
QUERY	Query_21	Peptide	143	orf143_Altalt1_feature_21_from_C_1, ORGANISM Genus species Unclassified.,
DOMAINS
1	Query_21	Specific	334330	11	111	2.33728e-24	89.603	pfam00961	LAGLIDADG_1	-	45
ENDDOMAINS
ENDQUERY
QUERY	Query_22	Peptide	115	orf115_Altalt1_feature_23_from_C_1, ORGANISM Genus species Unclassified.,
DOMAINS
1	Query_22	Specific	334330	2	75	1.01557e-13	61.4834	pfam00961	LAGLIDADG_1	N	45
ENDDOMAINS
ENDQUERY
QUERY	Query_23	Peptide	141	nad3_Altalt1_feature_26_from_C_1, ORGANISM Genus species Unclassified.,
DOMAINS
1	Query_23	Specific	334119	21	112	5.04666e-16	68.2106	pfam00507	Oxidored_q4	-	351141
ENDDOMAINS
ENDQUERY
QUERY	Query_24	Peptide	583	nad2_Altalt1_feature_28_from_C_1, ORGANISM Genus species Unclassified.,
DOMAINS
1	Query_24	Specific	235603	14	508	1.35241e-84	271.694	PRK05777	PRK05777	-	356474
ENDDOMAINS
ENDQUERY
QUERY	Query_25	Peptide	385	cob_Altalt1_feature_36_from_C_1, ORGANISM Genus species Unclassified.,
DOMAINS
1	Query_25	Specific	214440	10	364	1.11578e-174	490.449	MTH00156	CYTB	-	45
ENDDOMAINS
ENDQUERY
QUERY	Query_26	Peptide	298	orf298_Altalt1_feature_40_from_C_1, ORGANISM Genus species Unclassified.,
DOMAINS
1	Query_26	Specific	334330	53	135	1.02408e-06	46.0755	pfam00961	LAGLIDADG_1	-	45
ENDDOMAINS
ENDQUERY
QUERY	Query_27	Peptide	419	orf419_Altalt1_feature_2_from_C_2, ORGANISM Genus species Unclassified.,
DOMAINS
1	Query_27	Specific	334330	56	154	7.49349e-18	78.047	pfam00961	LAGLIDADG_1	-	45
1	Query_27	Specific	334330	198	285	2.746e-07	48.3867	pfam00961	LAGLIDADG_1	-	45
ENDDOMAINS
ENDQUERY
QUERY	Query_28	Peptide	53	cox3_Altalt1_feature_4_from_C_2, ORGANISM Genus species Unclassified.,
DOMAINS
1	Query_28	Superfamily	294143	1	53	1.00972e-22	85.9251	cl00211	Heme_Cu_Oxidase_III_like	N	-
ENDDOMAINS
SITES
ENDSITES
ENDQUERY
QUERY	Query_31	Peptide	371	nad1_Altalt1_feature_12_from_C_2, ORGANISM Genus species Unclassified.,
DOMAINS
1	Query_31	Specific	333876	12	354	1.71976e-120	350.234	pfam00146	NADHdh	-	351105
ENDDOMAINS
ENDQUERY
QUERY	Query_32	Peptide	651	nad5_Altalt1_feature_14_from_C_2, ORGANISM Genus species Unclassified.,
DOMAINS
1	Query_32	Non-specific	177253	1	629	0	602.768	MTH00210	ND5	-	45
ENDDOMAINS
ENDQUERY
ENDSESSION	1
SESSION	2	blastp	2.10.0+	/opt/rpsbproc/db/Cdd	BLOSUM62	0.01
QUERY	Query_33	Peptide	303	orf303_2_Altalt1_feature_18_from_C_2, ORGANISM Genus species Unclassified.,
DOMAINS
2	Query_33	Specific	334330	182	277	2.43816e-12	61.8686	pfam00961	LAGLIDADG_1	-	45
2	Query_33	Specific	334330	67	158	3.22818e-08	50.3127	pfam00961	LAGLIDADG_1	-	45
ENDDOMAINS
ENDQUERY
QUERY	Query_34	Peptide	97	orf98_Altalt1_feature_21_from_C_2, ORGANISM Genus species Unclassified.,
DOMAINS
2	Query_34	Specific	334330	1	61	1.00436e-08	48.0015	pfam00961	LAGLIDADG_1	N	45
ENDDOMAINS
ENDQUERY
QUERY	Query_35	Peptide	334	ndhA_Altalt1_feature_2_from_C_3, ORGANISM Genus species Unclassified.,
DOMAINS
2	Query_35	Specific	333876	1	317	5.00976e-113	329.819	pfam00146	NADHdh	-	351105
ENDDOMAINS
ENDQUERY
QUERY	Query_36	Peptide	456	nad1_Altalt1_feature_4_from_C_3, ORGANISM Genus species Unclassified.,
DOMAINS
2	Query_36	Specific	333876	12	354	1.03588e-119	351.775	pfam00146	NADHdh	-	351105
ENDDOMAINS
ENDQUERY
QUERY	Query_37	Peptide	651	nad5_Altalt1_feature_6_from_C_3, ORGANISM Genus species Unclassified.,
DOMAINS
2	Query_37	Non-specific	177253	1	629	0	602.768	MTH00210	ND5	-	45
ENDDOMAINS
ENDQUERY
ENDSESSION	2
ENDDATA
