#Post-RPSBLAST Processing Utility

#Input data file:	Amyrou1_MitoAssemblyScaffolds.fasta.new.sqn.gbf_converted.faa.asn
#Output data file:	Amyrou1_MitoAssemblyScaffolds.fasta.new.sqn.gbf_converted.faa.asn.out
#Annotation data at:	/opt/rpsbproc/data
#E-Value cutoff:	0.01
#Redundancy:	Concise
#Data requested:	Domain hits and site annotations
#Output format -- tab-delimited table
#Show superfamilies: NO
#DATA
#SESSION	<session-ordinal>	<program>	<database>	<score-matrix>	<evalue-threshold>
#QUERY	<query-id>	<seq-type>	<seq-length>	<definition-line>
#DOMAINS
#<session-ordinal>	<query-id[readingframe]>	<hit-type>	<PSSM-ID>	<from>	<to>	<E-Value>	<bitscore>	<accession>	<short-name>	<incomplete>	<superfamily PSSM-ID>
#more such lines......
#ENDDOMAINS
#SITES
#<session-ordinal>	<query-id[readingframe]>	<annot-type>	<title>	<residue(coordinates)>	<complete-size>	<mapped-size>	<source-domain>
#more such lines......
#ENDSITES
#MOTIFS
#<session-ordinal>	<query-id[readingframe]>	<title>	<from>	<to>	<source-domain>
#more such lines......
#ENDMOTIFS
#ENDQUERY	<query-id>
#more query sections..
#ENDSESSION	<session-ordinal>
#more session sections..
#ENDDATA
#=====================================================================
DATA
SESSION	1	blastp	2.10.0+	/opt/rpsbproc/db/Cdd	BLOSUM62	0.01
QUERY	Query_1	Peptide	514	cox1_Amyrou1_feature_2_from_C_0, ORGANISM Genus species Unclassified.,
DOMAINS
1	Query_1	Specific	238833	8	512	0	880.664	cd01663	Cyt_c_Oxidase_I	-	350997
ENDDOMAINS
SITES
1	Query_1	Specific	Binuclear center (heme a3/CuB)	H240,H289,H290,H375	4	4	238833
1	Query_1	Specific	Low-spin heme (heme a) binding site	H61,H377,S381,T423,S460	5	5	238833
1	Query_1	Specific	D-pathway	Y17,N80,D91,N98,S101,S156,S157,N163,T167	9	9	238833
1	Query_1	Specific	K-pathway	H240,Y244,S255,H289,H290,T315,K318	7	7	238833
1	Query_1	Specific	Electron transfer pathway	F376,R437,R438	3	3	238833
1	Query_1	Specific	Putative proton exit pathway	H290,H367,D368,R437,R438	5	5	238833
1	Query_1	Specific	Putative water exit pathway	D227,Q232,H233,D363,H367,D368,R437	7	7	238833
1	Query_1	Specific	Subunit I/II interface	N55,D227,K264,F267,G268,T293,V294,G295,V298,R301,M309,I317,F320,Y327,G328,G329,L341,N359,A360,M362,V364,A365,L366,H367,D368,L432,A433,R437,R438,I439,G448,W449	32	32	238833
1	Query_1	Specific	Subunit I/III interface	T8,P90,F94,R96,W103,D144,F148,T166,N170,I190,L197,P200,M208,T217,S218,F219,G224,G225,D227,F237,Y274,L277,G280,V281,I285	25	25	238833
1	Query_1	Specific	Subunit I/IV interface	L37,A40,G41,L407,Q410,I411,D444,V462	8	8	238833
1	Query_1	Specific	Subunit I/Vb interface	P265,Y269,S511	3	3	238833
1	Query_1	Specific	Subunit I/VIa interface	I135,R213,N214,F215,N216	5	5	238833
1	Query_1	Specific	Subunit I/VIb interface	G295	1	1	238833
1	Query_1	Specific	Subunit I/VIc interface	G328	1	1	238833
1	Query_1	Specific	Subunit I/VIIa interface	A114,F117	2	2	238833
1	Query_1	Specific	Subunit I/VIIb interface	D444,G448	2	2	238833
1	Query_1	Specific	Subunit I/VIIc interface	F23,I27,A30,L34,A116,F117,I399,Y472,L475	9	9	238833
1	Query_1	Specific	Subunit I/VIIIb interface	L408,L465	2	2	238833
1	Query_1	Specific	Dimer interface	I190,L197,F237,Y274,L277,G280,V281,I285	8	8	238833
ENDSITES
ENDQUERY
QUERY	Query_2	Peptide	305	orf305_1_Amyrou1_feature_6_from_C_0, ORGANISM Genus species Unclassified.,
DOMAINS
1	Query_2	Specific	334330	78	156	1.22604e-07	48.7719	pfam00961	LAGLIDADG_1	-	45
ENDDOMAINS
ENDQUERY
QUERY	Query_3	Peptide	360	orf360_1_Amyrou1_feature_10_from_C_0, ORGANISM Genus species Unclassified.,
DOMAINS
1	Query_3	Specific	334330	212	317	2.4216e-15	70.7282	pfam00961	LAGLIDADG_1	-	45
1	Query_3	Specific	334330	90	187	9.04748e-11	58.0167	pfam00961	LAGLIDADG_1	-	45
ENDDOMAINS
ENDQUERY
QUERY	Query_4	Peptide	370	orf370_1_Amyrou1_feature_14_from_C_0, ORGANISM Genus species Unclassified.,
DOMAINS
1	Query_4	Specific	334330	81	175	7.51275e-23	91.529	pfam00961	LAGLIDADG_1	-	45
1	Query_4	Specific	334330	231	320	1.98455e-05	42.9939	pfam00961	LAGLIDADG_1	-	45
ENDDOMAINS
ENDQUERY
QUERY	Query_6	Peptide	200	orf200_Amyrou1_feature_23_from_C_0, ORGANISM Genus species Unclassified.,
DOMAINS
1	Query_6	Superfamily	355708	108	192	0.00216572	38.108	cl28191	sorted_by_XrtN	C	-
1	Query_6	Specific	336159	32	103	0.00234044	38.1193	pfam05622	HOOK	NC	45
ENDDOMAINS
ENDQUERY
QUERY	Query_7	Peptide	214	nad6_Amyrou1_feature_31_from_C_0, ORGANISM Genus species Unclassified.,
DOMAINS
1	Query_7	Superfamily	354830	8	205	3.41277e-29	107.394	cl21484	Oxidored_q3	-	-
ENDDOMAINS
ENDQUERY
QUERY	Query_8	Peptide	325	nad1_Amyrou1_feature_33_from_C_0, ORGANISM Genus species Unclassified.,
DOMAINS
1	Query_8	Specific	235692	2	315	1.68952e-130	374.529	PRK06076	PRK06076	-	351105
ENDDOMAINS
ENDQUERY
QUERY	Query_9	Peptide	52	atp9_Amyrou1_feature_35_from_C_0, ORGANISM Genus species Unclassified.,
DOMAINS
1	Query_9	Specific	349422	6	52	3.73914e-08	44.0376	cd18182	ATP-synt_Fo_c_ATP5G3	C	365782
ENDDOMAINS
SITES
ENDSITES
ENDQUERY
QUERY	Query_10	Peptide	244	orf245_Amyrou1_feature_37_from_C_0, ORGANISM Genus species Unclassified.,
DOMAINS
1	Query_10	Specific	273636	42	239	1.06849e-42	144.066	TIGR01453	grpIintron_endo	-	45
ENDDOMAINS
ENDQUERY
QUERY	Query_15	Peptide	270	cox3_Amyrou1_feature_49_from_C_0, ORGANISM Genus species Unclassified.,
DOMAINS
1	Query_15	Specific	278911	13	269	7.91973e-132	373.284	pfam00510	COX3	-	294143
ENDDOMAINS
SITES
1	Query_15	Specific	Subunit I/III interface	A83,K86,G87,S98,F101,S105,I106,H112,G200,V201,S204,M208	12	12	238834
1	Query_15	Specific	Subunit III/Vb interface	G167	1	1	238834
1	Query_15	Specific	Subunit III/VIa interface	W136,E137,V138,Y155,V181,Y191,N192,A193,S198,D199,G200	11	11	238834
1	Query_15	Specific	Subunit III/VIb interface	A128	1	1	238834
1	Query_15	Specific	Subunit III/VIIa interface	L65,K68,D69,R72,T75,F76,Q77	7	7	238834
1	Query_15	Specific	Phospholipid binding site	W66,F67,I70,S71,G74,H80,G91,F92,F95,F223,R230,L242,G243	13	13	238834
ENDSITES
ENDQUERY
QUERY	Query_16	Peptide	386	cob_Amyrou1_feature_56_from_C_0, ORGANISM Genus species Unclassified.,
DOMAINS
1	Query_16	Specific	214440	10	366	0	510.479	MTH00156	CYTB	-	45
ENDDOMAINS
ENDQUERY
QUERY	Query_17	Peptide	202	orf202_Amyrou1_feature_60_from_C_0, ORGANISM Genus species Unclassified.,
DOMAINS
1	Query_17	Non-specific	273636	62	201	1.5438e-23	92.8341	TIGR01453	grpIintron_endo	C	45
ENDDOMAINS
ENDQUERY
QUERY	Query_18	Peptide	291	orf291_Amyrou1_feature_64_from_C_0, ORGANISM Genus species Unclassified.,
DOMAINS
1	Query_18	Specific	334330	54	134	5.15657e-08	49.9275	pfam00961	LAGLIDADG_1	-	45
ENDDOMAINS
ENDQUERY
QUERY	Query_19	Peptide	233	cox2_Amyrou1_feature_67_from_C_0, ORGANISM Genus species Unclassified.,
DOMAINS
1	Query_19	Non-specific	214402	17	232	1.01339e-107	309.758	MTH00023	COX2	-	45
ENDDOMAINS
ENDQUERY
QUERY	Query_20	Peptide	259	atp6_Amyrou1_feature_69_from_C_0, ORGANISM Genus species Unclassified.,
DOMAINS
1	Query_20	Specific	273458	13	256	3.51185e-55	176.628	TIGR01131	ATP_synt_6_or_A	-	351082
ENDDOMAINS
ENDQUERY
QUERY	Query_21	Peptide	475	nad4_Amyrou1_feature_71_from_C_0, ORGANISM Genus species Unclassified.,
DOMAINS
1	Query_21	Non-specific	214462	1	464	0	514.216	MTH00217	ND4	-	45
ENDDOMAINS
ENDQUERY
QUERY	Query_22	Peptide	48	atp8_Amyrou1_feature_73_from_C_0, ORGANISM Genus species Unclassified.,
DOMAINS
1	Query_22	Non-specific	283561	1	47	0.000119276	34.6894	pfam05933	Fun_ATP-synt_8	-	45
ENDDOMAINS
ENDQUERY
QUERY	Query_23	Peptide	88	nad4L_Amyrou1_feature_114_from_C_0, ORGANISM Genus species Unclassified.,
DOMAINS
1	Query_23	Superfamily	351118	5	87	1.02172e-16	68.1349	cl00492	Oxidored_q2	-	-
ENDDOMAINS
ENDQUERY
QUERY	Query_24	Peptide	655	nad5_Amyrou1_feature_116_from_C_0, ORGANISM Genus species Unclassified.,
DOMAINS
1	Query_24	Non-specific	177253	1	630	0	682.889	MTH00210	ND5	-	45
ENDDOMAINS
ENDQUERY
QUERY	Query_26	Peptide	124	nad3_Amyrou1_feature_120_from_C_0, ORGANISM Genus species Unclassified.,
DOMAINS
1	Query_26	Specific	334119	28	112	2.61414e-37	121.753	pfam00507	Oxidored_q4	-	351141
ENDDOMAINS
ENDQUERY
QUERY	Query_27	Peptide	523	nad2_Amyrou1_feature_125_from_C_0, ORGANISM Genus species Unclassified.,
DOMAINS
1	Query_27	Specific	235603	114	458	1.73022e-80	258.983	PRK05777	PRK05777	N	356474
ENDDOMAINS
ENDQUERY
QUERY	Query_28	Peptide	528	cox1_Amyrou1_feature_127_from_C_0, ORGANISM Genus species Unclassified.,
DOMAINS
1	Query_28	Specific	238833	8	512	0	883.746	cd01663	Cyt_c_Oxidase_I	-	350997
ENDDOMAINS
SITES
1	Query_28	Specific	Binuclear center (heme a3/CuB)	H240,H289,H290,H375	4	4	238833
1	Query_28	Specific	Low-spin heme (heme a) binding site	H61,H377,S381,T423,S460	5	5	238833
1	Query_28	Specific	D-pathway	Y17,N80,D91,N98,S101,S156,S157,N163,T167	9	9	238833
1	Query_28	Specific	K-pathway	H240,Y244,S255,H289,H290,T315,K318	7	7	238833
1	Query_28	Specific	Electron transfer pathway	F376,R437,R438	3	3	238833
1	Query_28	Specific	Putative proton exit pathway	H290,H367,D368,R437,R438	5	5	238833
1	Query_28	Specific	Putative water exit pathway	D227,Q232,H233,D363,H367,D368,R437	7	7	238833
1	Query_28	Specific	Subunit I/II interface	N55,D227,K264,F267,G268,T293,V294,G295,V298,R301,M309,I317,F320,Y327,G328,G329,L341,N359,A360,M362,V364,A365,L366,H367,D368,L432,A433,R437,R438,I439,G448,W449	32	32	238833
1	Query_28	Specific	Subunit I/III interface	T8,P90,F94,R96,W103,D144,F148,T166,N170,I190,L197,P200,M208,T217,S218,F219,G224,G225,D227,F237,Y274,L277,G280,V281,I285	25	25	238833
1	Query_28	Specific	Subunit I/IV interface	L37,A40,G41,L407,Q410,I411,D444,V462	8	8	238833
1	Query_28	Specific	Subunit I/Vb interface	P265,Y269,S511	3	3	238833
1	Query_28	Specific	Subunit I/VIa interface	I135,R213,N214,F215,N216	5	5	238833
1	Query_28	Specific	Subunit I/VIb interface	G295	1	1	238833
1	Query_28	Specific	Subunit I/VIc interface	G328	1	1	238833
1	Query_28	Specific	Subunit I/VIIa interface	A114,F117	2	2	238833
1	Query_28	Specific	Subunit I/VIIb interface	D444,G448	2	2	238833
1	Query_28	Specific	Subunit I/VIIc interface	F23,I27,A30,L34,A116,F117,I399,Y472,L475	9	9	238833
1	Query_28	Specific	Subunit I/VIIIb interface	L408,L465	2	2	238833
1	Query_28	Specific	Dimer interface	I190,L197,F237,Y274,L277,G280,V281,I285	8	8	238833
ENDSITES
ENDQUERY
QUERY	Query_29	Peptide	305	orf305_2_Amyrou1_feature_131_from_C_0, ORGANISM Genus species Unclassified.,
DOMAINS
1	Query_29	Specific	334330	78	156	1.22604e-07	48.7719	pfam00961	LAGLIDADG_1	-	45
ENDDOMAINS
ENDQUERY
QUERY	Query_30	Peptide	360	orf360_2_Amyrou1_feature_135_from_C_0, ORGANISM Genus species Unclassified.,
DOMAINS
1	Query_30	Specific	334330	212	317	2.4216e-15	70.7282	pfam00961	LAGLIDADG_1	-	45
1	Query_30	Specific	334330	90	187	9.04748e-11	58.0167	pfam00961	LAGLIDADG_1	-	45
ENDDOMAINS
ENDQUERY
QUERY	Query_31	Peptide	370	orf370_2_Amyrou1_feature_139_from_C_0, ORGANISM Genus species Unclassified.,
DOMAINS
1	Query_31	Specific	334330	81	175	7.51275e-23	91.529	pfam00961	LAGLIDADG_1	-	45
1	Query_31	Specific	334330	231	320	1.98455e-05	42.9939	pfam00961	LAGLIDADG_1	-	45
ENDDOMAINS
ENDQUERY
ENDSESSION	1
ENDDATA
