#Post-RPSBLAST Processing Utility

#Input data file:	Annmae1_MitoAssemblyScaffolds.fasta.new.sqn.gbf_converted.faa.asn
#Output data file:	Annmae1_MitoAssemblyScaffolds.fasta.new.sqn.gbf_converted.faa.asn.out
#Annotation data at:	/opt/rpsbproc/data
#E-Value cutoff:	0.01
#Redundancy:	Concise
#Data requested:	Domain hits and site annotations
#Output format -- tab-delimited table
#Show superfamilies: NO
#DATA
#SESSION	<session-ordinal>	<program>	<database>	<score-matrix>	<evalue-threshold>
#QUERY	<query-id>	<seq-type>	<seq-length>	<definition-line>
#DOMAINS
#<session-ordinal>	<query-id[readingframe]>	<hit-type>	<PSSM-ID>	<from>	<to>	<E-Value>	<bitscore>	<accession>	<short-name>	<incomplete>	<superfamily PSSM-ID>
#more such lines......
#ENDDOMAINS
#SITES
#<session-ordinal>	<query-id[readingframe]>	<annot-type>	<title>	<residue(coordinates)>	<complete-size>	<mapped-size>	<source-domain>
#more such lines......
#ENDSITES
#MOTIFS
#<session-ordinal>	<query-id[readingframe]>	<title>	<from>	<to>	<source-domain>
#more such lines......
#ENDMOTIFS
#ENDQUERY	<query-id>
#more query sections..
#ENDSESSION	<session-ordinal>
#more session sections..
#ENDDATA
#=====================================================================
DATA
SESSION	1	blastp	2.10.0+	/opt/rpsbproc/db/Cdd	BLOSUM62	0.01
QUERY	Query_1	Peptide	487	nad4_Annmae1_feature_2_from_C_0, ORGANISM Genus species Unclassified.,
DOMAINS
1	Query_1	Specific	235622	37	484	1.67846e-106	325.619	PRK05846	PRK05846	-	45
ENDDOMAINS
ENDQUERY
QUERY	Query_2	Peptide	365	nad1_Annmae1_feature_4_from_C_0, ORGANISM Genus species Unclassified.,
DOMAINS
1	Query_2	Specific	333876	10	348	3.31987e-108	319.033	pfam00146	NADHdh	-	351105
ENDDOMAINS
ENDQUERY
QUERY	Query_3	Peptide	110	orf110_Annmae1_feature_8_from_C_0, ORGANISM Genus species Unclassified.,
DOMAINS
1	Query_3	Non-specific	273636	1	106	3.70265e-26	96.3009	TIGR01453	grpIintron_endo	N	45
ENDDOMAINS
SITES
1	Query_3	Generic	DNA binding site	N33,P34,M35,F36,H40,I44,M48,S49,N53,P56,L57,V59,V76,K80,S85,T88,G90,K91,Y92,Y103	21	20	238175
ENDSITES
ENDQUERY
QUERY	Query_4	Peptide	187	orf187_Annmae1_feature_10_from_C_0, ORGANISM Genus species Unclassified.,
DOMAINS
1	Query_4	Specific	334330	58	156	9.37624e-25	92.2994	pfam00961	LAGLIDADG_1	-	45
ENDDOMAINS
ENDQUERY
QUERY	Query_5	Peptide	669	orf669_Annmae1_feature_14_from_C_0, ORGANISM Genus species Unclassified.,
DOMAINS
1	Query_5	Specific	334582	253	330	2.33947e-09	54.2629	pfam01541	GIY-YIG	-	353929
1	Query_5	Non-specific	273636	253	506	0.000129654	43.5286	TIGR01453	grpIintron_endo	-	45
1	Query_5	Specific	284793	529	568	0.000159396	39.0328	pfam07453	NUMOD1	-	299755
ENDDOMAINS
SITES
1	Query_5	Specific	active site	Y257,Y269,G271,R279,H283,E321	6	6	198380
1	Query_5	Specific	catalytic site	R279,E321	2	2	198380
1	Query_5	Specific	metal binding site	E321	1	1	198380
1	Query_5	Specific	GIY-YIG motif/motif A	G255,L256,Y257,Y269,I270,G271	6	6	198380
ENDSITES
ENDQUERY
QUERY	Query_7	Peptide	122	orf123_Annmae1_feature_23_from_C_0, ORGANISM Genus species Unclassified.,
DOMAINS
1	Query_7	Specific	334330	23	79	1.79892e-06	42.9939	pfam00961	LAGLIDADG_1	C	45
ENDDOMAINS
ENDQUERY
QUERY	Query_8	Peptide	101	orf102_Annmae1_feature_25_from_C_0, ORGANISM Genus species Unclassified.,
DOMAINS
1	Query_8	Specific	334330	10	101	2.75584e-10	52.2387	pfam00961	LAGLIDADG_1	-	45
ENDDOMAINS
ENDQUERY
QUERY	Query_9	Peptide	554	cox1_Annmae1_feature_27_from_C_0, ORGANISM Genus species Unclassified.,
DOMAINS
1	Query_9	Specific	238833	34	536	0	829.048	cd01663	Cyt_c_Oxidase_I	-	350997
ENDDOMAINS
SITES
1	Query_9	Specific	Binuclear center (heme a3/CuB)	H265,R314,H315,H400	4	4	238833
1	Query_9	Specific	Low-spin heme (heme a) binding site	H86,H402,S406,T448,S485	5	5	238833
1	Query_9	Specific	D-pathway	Y43,N105,D116,N123,S126,S181,S182,N188,T192	9	9	238833
1	Query_9	Specific	K-pathway	H265,Y269,S280,R314,H315,T340,K343	7	7	238833
1	Query_9	Specific	Electron transfer pathway	F401,R462,R463	3	3	238833
1	Query_9	Specific	Putative proton exit pathway	H315,H392,D393,R462,R463	5	5	238833
1	Query_9	Specific	Putative water exit pathway	D252,Q257,H258,D388,H392,D393,R462	7	7	238833
1	Query_9	Specific	Subunit I/II interface	N80,D252,K289,F292,G293,T318,V319,G320,V323,R326,L334,I342,F345,Y352,G353,G354,L366,N384,A385,L387,I389,A390,F391,H392,D393,L457,Q458,R462,R463,I464,G473,W474	32	32	238833
1	Query_9	Specific	Subunit I/III interface	T34,P115,F119,R121,W128,D169,F173,T191,N195,I215,L222,P225,M233,T242,S243,F244,G249,G250,D252,F262,Y299,M302,G305,I306,I310	25	25	238833
1	Query_9	Specific	Subunit I/IV interface	M63,S66,G67,L432,K435,V436,D469,V487	8	8	238833
1	Query_9	Specific	Subunit I/Vb interface	S290,Y294,A535	3	3	238833
1	Query_9	Specific	Subunit I/VIa interface	V160,R238,N239,F240,N241	5	5	238833
1	Query_9	Specific	Subunit I/VIb interface	G320	1	1	238833
1	Query_9	Specific	Subunit I/VIc interface	G353	1	1	238833
1	Query_9	Specific	Subunit I/VIIa interface	F139,V142	2	2	238833
1	Query_9	Specific	Subunit I/VIIb interface	D469,G473	2	2	238833
1	Query_9	Specific	Subunit I/VIIc interface	F49,L53,A56,L60,A141,V142,I424,Y497,L500	9	9	238833
1	Query_9	Specific	Subunit I/VIIIb interface	L433,W490	2	2	238833
1	Query_9	Specific	Dimer interface	I215,L222,F262,Y299,M302,G305,I306,I310	8	8	238833
ENDSITES
ENDQUERY
QUERY	Query_10	Peptide	132	orf132_Annmae1_feature_31_from_C_0, ORGANISM Genus species Unclassified.,
DOMAINS
1	Query_10	Specific	197761	88	128	0.000827435	35.2362	smart00497	IENR1	-	299755
ENDDOMAINS
ENDQUERY
QUERY	Query_11	Peptide	433	orf433_Annmae1_feature_33_from_C_0, ORGANISM Genus species Unclassified.,
DOMAINS
1	Query_11	Specific	273636	141	345	4.57352e-52	173.726	TIGR01453	grpIintron_endo	-	45
1	Query_11	Specific	197761	378	429	2.04528e-07	47.1774	smart00497	IENR1	-	299755
ENDDOMAINS
ENDQUERY
QUERY	Query_12	Peptide	145	orf145_Annmae1_feature_37_from_C_0, ORGANISM Genus species Unclassified.,
DOMAINS
1	Query_12	Specific	334330	21	114	1.38179e-18	74.9654	pfam00961	LAGLIDADG_1	-	45
ENDDOMAINS
ENDQUERY
QUERY	Query_13	Peptide	348	orf348_Annmae1_feature_39_from_C_0, ORGANISM Genus species Unclassified.,
DOMAINS
1	Query_13	Specific	334330	212	311	1.51521e-17	76.8914	pfam00961	LAGLIDADG_1	-	45
ENDDOMAINS
ENDQUERY
QUERY	Query_14	Peptide	418	orf418_Annmae1_feature_43_from_C_0, ORGANISM Genus species Unclassified.,
DOMAINS
1	Query_14	Specific	334330	189	278	1.046e-05	43.7643	pfam00961	LAGLIDADG_1	-	45
ENDDOMAINS
ENDQUERY
QUERY	Query_15	Peptide	322	orf322_Annmae1_feature_47_from_C_0, ORGANISM Genus species Unclassified.,
DOMAINS
1	Query_15	Specific	334330	197	293	3.04638e-20	83.825	pfam00961	LAGLIDADG_1	-	45
1	Query_15	Specific	334330	88	165	4.61103e-07	47.2311	pfam00961	LAGLIDADG_1	-	45
ENDDOMAINS
ENDQUERY
QUERY	Query_17	Peptide	439	orf439_Annmae1_feature_55_from_C_0, ORGANISM Genus species Unclassified.,
DOMAINS
1	Query_17	Superfamily	353929	197	282	5.67361e-13	64.1692	cl15257	GIY-YIG_SF	-	-
1	Query_17	Specific	197761	292	345	1.22948e-05	42.1698	smart00497	IENR1	-	299755
ENDDOMAINS
SITES
1	Query_17	Generic	active site	Y199,Y210,G212,R220,Y224,E267	6	6	198380
1	Query_17	Generic	catalytic site	R220,E267	2	2	198380
1	Query_17	Generic	metal binding site	E267	1	1	198380
1	Query_17	Generic	GIY-YIG motif/motif A	G197,V198,Y199,Y210,V211,G212	6	6	198380
ENDSITES
ENDQUERY
QUERY	Query_18	Peptide	423	orf423_Annmae1_feature_59_from_C_0, ORGANISM Genus species Unclassified.,
DOMAINS
1	Query_18	Specific	334330	135	236	1.03648e-28	108.093	pfam00961	LAGLIDADG_1	-	45
1	Query_18	Specific	334330	294	394	3.51479e-26	101.159	pfam00961	LAGLIDADG_1	-	45
ENDDOMAINS
ENDQUERY
QUERY	Query_19	Peptide	315	orf315_Annmae1_feature_63_from_C_0, ORGANISM Genus species Unclassified.,
DOMAINS
1	Query_19	Specific	334330	154	274	7.81555e-17	74.5802	pfam00961	LAGLIDADG_1	-	45
1	Query_19	Specific	334330	33	130	5.45025e-07	46.8459	pfam00961	LAGLIDADG_1	-	45
ENDDOMAINS
ENDQUERY
QUERY	Query_20	Peptide	851	orf851_Annmae1_feature_67_from_C_0, ORGANISM Genus species Unclassified.,
DOMAINS
1	Query_20	Non-specific	275209	292	693	5.69765e-100	314.781	TIGR04416	group_II_RT_mat	-	45
ENDDOMAINS
ENDQUERY
QUERY	Query_21	Peptide	536	cob_Annmae1_feature_72_from_C_0, ORGANISM Genus species Unclassified.,
DOMAINS
1	Query_21	Specific	214440	10	368	0	532.05	MTH00156	CYTB	-	45
ENDDOMAINS
ENDQUERY
QUERY	Query_22	Peptide	318	orf318_Annmae1_feature_76_from_C_0, ORGANISM Genus species Unclassified.,
DOMAINS
1	Query_22	Specific	334330	73	169	9.15377e-21	84.9806	pfam00961	LAGLIDADG_1	-	45
1	Query_22	Specific	334330	205	300	6.02412e-07	46.8459	pfam00961	LAGLIDADG_1	-	45
ENDDOMAINS
ENDQUERY
QUERY	Query_23	Peptide	305	orf305_Annmae1_feature_80_from_C_0, ORGANISM Genus species Unclassified.,
DOMAINS
1	Query_23	Specific	334330	74	156	1.91987e-05	42.6087	pfam00961	LAGLIDADG_1	-	45
ENDDOMAINS
ENDQUERY
QUERY	Query_24	Peptide	299	orf299_Annmae1_feature_84_from_C_0, ORGANISM Genus species Unclassified.,
DOMAINS
1	Query_24	Specific	334330	48	158	5.01747e-05	41.4531	pfam00961	LAGLIDADG_1	-	45
ENDDOMAINS
ENDQUERY
QUERY	Query_28	Peptide	346	orf346_Annmae1_feature_96_from_C_0, ORGANISM Genus species Unclassified.,
DOMAINS
1	Query_28	Non-specific	273636	130	331	1.41563e-24	99.3825	TIGR01453	grpIintron_endo	-	45
ENDDOMAINS
ENDQUERY
QUERY	Query_29	Peptide	969	nad5_Annmae1_feature_99_from_C_0, ORGANISM Genus species Unclassified.,
DOMAINS
1	Query_29	Non-specific	214400	1	744	0	594.362	MTH00020	ND5	-	45
ENDDOMAINS
ENDQUERY
ENDSESSION	1
SESSION	2	blastp	2.10.0+	/opt/rpsbproc/db/Cdd	BLOSUM62	0.01
QUERY	Query_30	Peptide	442	orf442_Annmae1_feature_103_from_C_0, ORGANISM Genus species Unclassified.,
DOMAINS
2	Query_30	Specific	340095	298	442	6.00749e-07	51.752	pfam17380	DUF5401	NC	45
ENDDOMAINS
ENDQUERY
QUERY	Query_31	Peptide	331	orf331_Annmae1_feature_107_from_C_0, ORGANISM Genus species Unclassified.,
DOMAINS
2	Query_31	Specific	334330	171	290	1.55135e-17	76.5062	pfam00961	LAGLIDADG_1	-	45
2	Query_31	Specific	334330	51	137	2.86555e-05	42.2235	pfam00961	LAGLIDADG_1	-	45
ENDDOMAINS
ENDQUERY
QUERY	Query_32	Peptide	429	orf429_Annmae1_feature_111_from_C_0, ORGANISM Genus species Unclassified.,
DOMAINS
2	Query_32	Specific	334330	299	399	7.79576e-32	116.567	pfam00961	LAGLIDADG_1	-	45
2	Query_32	Specific	334330	139	240	1.38625e-20	85.751	pfam00961	LAGLIDADG_1	-	45
ENDDOMAINS
ENDQUERY
QUERY	Query_33	Peptide	89	nad4L_Annmae1_feature_114_from_C_0, ORGANISM Genus species Unclassified.,
DOMAINS
2	Query_33	Superfamily	351118	3	86	6.64506e-13	58.505	cl00492	Oxidored_q2	-	-
ENDDOMAINS
ENDQUERY
QUERY	Query_34	Peptide	426	orf426_Annmae1_feature_118_from_C_0, ORGANISM Genus species Unclassified.,
DOMAINS
2	Query_34	Specific	315878	246	410	9.80523e-26	101.267	pfam13302	Acetyltransf_3	-	356580
ENDDOMAINS
ENDQUERY
QUERY	Query_36	Peptide	250	cox2_Annmae1_feature_122_from_C_0, ORGANISM Genus species Unclassified.,
DOMAINS
2	Query_36	Specific	214438	18	248	1.15417e-106	307.525	MTH00154	COX2	-	45
ENDDOMAINS
ENDQUERY
QUERY	Query_37	Peptide	393	orf393_Annmae1_feature_128_from_C_0, ORGANISM Genus species Unclassified.,
DOMAINS
2	Query_37	Superfamily	353929	139	239	6.86737e-10	55.3096	cl15257	GIY-YIG_SF	-	-
2	Query_37	Non-specific	273636	138	392	0.000213106	41.9878	TIGR01453	grpIintron_endo	-	45
ENDDOMAINS
SITES
2	Query_37	Generic	active site	Y142,Y153,G155,R163,Y167,E224	6	6	198380
2	Query_37	Generic	catalytic site	R163,E224	2	2	198380
2	Query_37	Generic	metal binding site	E224	1	1	198380
2	Query_37	Generic	GIY-YIG motif/motif A	G140,V141,Y142,Y153,V154,G155	6	6	198380
ENDSITES
ENDQUERY
QUERY	Query_38	Peptide	294	orf294_Annmae1_feature_132_from_C_0, ORGANISM Genus species Unclassified.,
DOMAINS
2	Query_38	Specific	273636	56	290	4.48688e-58	185.282	TIGR01453	grpIintron_endo	-	45
ENDDOMAINS
ENDQUERY
QUERY	Query_39	Peptide	652	orf652_Annmae1_feature_135_from_C_0, ORGANISM Genus species Unclassified.,
DOMAINS
2	Query_39	Superfamily	354370	211	643	1.32907e-158	463.27	cl18945	Beta_elim_lyase	-	-
ENDDOMAINS
ENDQUERY
QUERY	Query_40	Peptide	296	orf297_Annmae1_feature_137_from_C_0, ORGANISM Genus species Unclassified.,
DOMAINS
2	Query_40	Non-specific	273636	76	292	1.23581e-32	119.413	TIGR01453	grpIintron_endo	-	45
ENDDOMAINS
ENDQUERY
QUERY	Query_41	Peptide	63	atp9_Annmae1_feature_139_from_C_0, ORGANISM Genus species Unclassified.,
DOMAINS
2	Query_41	Specific	349422	6	61	2.51871e-16	65.2235	cd18182	ATP-synt_Fo_c_ATP5G3	-	365782
ENDDOMAINS
SITES
ENDSITES
ENDQUERY
QUERY	Query_42	Peptide	160	nad3_Annmae1_feature_141_from_C_0, ORGANISM Genus species Unclassified.,
DOMAINS
2	Query_42	Specific	334119	19	113	4.60914e-19	76.685	pfam00507	Oxidored_q4	-	351141
ENDDOMAINS
ENDQUERY
QUERY	Query_43	Peptide	346	orf346_Annmae1_feature_143_from_C_0, ORGANISM Genus species Unclassified.,
DOMAINS
2	Query_43	Specific	334330	51	144	5.52062e-12	61.4834	pfam00961	LAGLIDADG_1	-	45
ENDDOMAINS
ENDQUERY
QUERY	Query_44	Peptide	344	orf345_Annmae1_feature_145_from_C_0, ORGANISM Genus species Unclassified.,
DOMAINS
2	Query_44	Specific	334330	49	142	5.40967e-12	61.4834	pfam00961	LAGLIDADG_1	-	45
ENDDOMAINS
ENDQUERY
QUERY	Query_45	Peptide	553	nad2_Annmae1_feature_147_from_C_0, ORGANISM Genus species Unclassified.,
DOMAINS
2	Query_45	Specific	235603	55	478	3.32368e-79	256.671	PRK05777	PRK05777	-	356474
ENDDOMAINS
ENDQUERY
QUERY	Query_46	Peptide	433	orf433_Annmae1_feature_151_from_C_0, ORGANISM Genus species Unclassified.,
DOMAINS
2	Query_46	Specific	334330	133	234	2.42258e-28	107.322	pfam00961	LAGLIDADG_1	-	45
2	Query_46	Specific	334330	293	390	5.25913e-22	89.9882	pfam00961	LAGLIDADG_1	-	45
ENDDOMAINS
ENDQUERY
QUERY	Query_47	Peptide	471	orf471_Annmae1_feature_176_from_C_0, ORGANISM Genus species Unclassified.,
DOMAINS
2	Query_47	Specific	334330	181	280	1.76076e-24	96.9218	pfam00961	LAGLIDADG_1	-	45
2	Query_47	Specific	334330	342	440	5.84198e-24	95.7662	pfam00961	LAGLIDADG_1	-	45
ENDDOMAINS
ENDQUERY
QUERY	Query_48	Peptide	321	orf321_Annmae1_feature_178_from_C_0, ORGANISM Genus species Unclassified.,
DOMAINS
2	Query_48	Non-specific	273636	90	315	1.40717e-35	127.887	TIGR01453	grpIintron_endo	-	45
ENDDOMAINS
ENDQUERY
QUERY	Query_49	Peptide	87	orf88_Annmae1_feature_180_from_C_0, ORGANISM Genus species Unclassified.,
DOMAINS
2	Query_49	Specific	284793	34	70	0.000652713	34.0252	pfam07453	NUMOD1	-	299755
ENDDOMAINS
ENDQUERY
QUERY	Query_51	Peptide	402	orf403_Annmae1_feature_184_from_C_0, ORGANISM Genus species Unclassified.,
DOMAINS
2	Query_51	Specific	334330	19	117	5.91351e-19	81.1286	pfam00961	LAGLIDADG_1	-	45
2	Query_51	Specific	334330	164	275	7.01627e-11	58.4019	pfam00961	LAGLIDADG_1	-	45
ENDDOMAINS
ENDQUERY
QUERY	Query_52	Peptide	468	orf469_Annmae1_feature_186_from_C_0, ORGANISM Genus species Unclassified.,
DOMAINS
2	Query_52	Specific	334330	69	166	9.97353e-17	75.3506	pfam00961	LAGLIDADG_1	-	45
2	Query_52	Specific	334330	213	326	9.34356e-07	46.8459	pfam00961	LAGLIDADG_1	-	45
ENDDOMAINS
ENDQUERY
QUERY	Query_53	Peptide	206	orf207_Annmae1_feature_188_from_C_0, ORGANISM Genus species Unclassified.,
DOMAINS
2	Query_53	Specific	334330	29	115	1.99168e-06	44.5347	pfam00961	LAGLIDADG_1	-	45
ENDDOMAINS
ENDQUERY
QUERY	Query_54	Peptide	314	orf315_Annmae1_feature_190_from_C_0, ORGANISM Genus species Unclassified.,
DOMAINS
2	Query_54	Specific	334330	26	124	8.45242e-22	87.677	pfam00961	LAGLIDADG_1	-	45
2	Query_54	Specific	334330	183	284	3.59208e-18	78.047	pfam00961	LAGLIDADG_1	-	45
ENDDOMAINS
ENDQUERY
QUERY	Query_55	Peptide	570	orf570_Annmae1_feature_192_from_C_0, ORGANISM Genus species Unclassified.,
DOMAINS
2	Query_55	Specific	238828	36	322	5.13219e-85	263.678	cd01651	RT_G2_intron	-	295487
2	Query_55	Non-specific	279664	346	495	5.99768e-19	83.2878	pfam01348	Intron_maturas2	-	45
2	Query_55	Specific	238038	500	553	0.000229614	38.992	cd00085	HNHc	-	350893
ENDDOMAINS
SITES
2	Query_55	Specific	putative active site	D109,I110,K111,N112,Y113,F114,Q166,G167,Y267,D269,D270,L318,S319	13	13	238828
2	Query_55	Specific	putative nucleic acid binding site	G167	1	1	238828
2	Query_55	Specific	putative NTP binding site	D109,I110,K111,N112,Y113,F114,Q166,D269	8	8	238828
2	Query_55	Specific	active site	E513,H515,H516,I517,H519,K532,M533,C545,R546,H549,H553	11	11	238038
ENDSITES
ENDQUERY
QUERY	Query_56	Peptide	228	orf229_Annmae1_feature_194_from_C_0, ORGANISM Genus species Unclassified.,
DOMAINS
2	Query_56	Specific	198392	43	125	4.13706e-31	109.623	cd10445	GIY-YIG_bI1_like	-	353929
2	Query_56	Non-specific	273636	41	221	1.6222e-30	112.094	TIGR01453	grpIintron_endo	-	45
ENDDOMAINS
SITES
2	Query_56	Specific	putative active site	Y45,Y56,G58,R66,Y70,E112,N124	7	7	198392
2	Query_56	Specific	putative metal binding site	E112	1	1	198392
2	Query_56	Specific	GIY-YIG motif/motif A	G43,V44,Y45,Y56,V57,G58	6	6	198392
ENDSITES
ENDQUERY
QUERY	Query_57	Peptide	330	orf331_Annmae1_feature_196_from_C_0, ORGANISM Genus species Unclassified.,
DOMAINS
2	Query_57	Specific	334330	47	142	5.76334e-26	99.233	pfam00961	LAGLIDADG_1	-	45
2	Query_57	Specific	334330	203	301	3.62145e-23	91.529	pfam00961	LAGLIDADG_1	-	45
ENDDOMAINS
ENDQUERY
QUERY	Query_58	Peptide	771	orf771_Annmae1_feature_204_from_C_0, ORGANISM Genus species Unclassified.,
DOMAINS
2	Query_58	Non-specific	173534	306	468	3.86448e-07	53.6367	PTZ00341	PTZ00341	N	45
ENDDOMAINS
ENDQUERY
ENDSESSION	2
SESSION	3	blastp	2.10.0+	/opt/rpsbproc/db/Cdd	BLOSUM62	0.01
QUERY	Query_59	Peptide	269	cox3_Annmae1_feature_206_from_C_0, ORGANISM Genus species Unclassified.,
DOMAINS
3	Query_59	Specific	278911	12	269	1.96029e-136	384.84	pfam00510	COX3	-	294143
ENDDOMAINS
SITES
3	Query_59	Specific	Subunit I/III interface	A82,K85,G86,S97,L100,A104,I105,H111,G199,A200,T203,F207	12	12	238834
3	Query_59	Specific	Subunit III/Vb interface	G166	1	1	238834
3	Query_59	Specific	Subunit III/VIa interface	F135,E136,L137,F154,I180,S190,V191,S192,S197,D198,G199	11	11	238834
3	Query_59	Specific	Subunit III/VIb interface	A127	1	1	238834
3	Query_59	Specific	Subunit III/VIIa interface	W64,R67,D68,S71,T74,F75,L76	7	7	238834
3	Query_59	Specific	Phospholipid binding site	W65,F66,I69,I70,G73,H79,G90,I91,F94,F222,R229,L241,G242	13	13	238834
ENDSITES
ENDQUERY
QUERY	Query_60	Peptide	354	orf354_Annmae1_feature_210_from_C_0, ORGANISM Genus species Unclassified.,
DOMAINS
3	Query_60	Specific	334330	63	163	4.94893e-28	105.011	pfam00961	LAGLIDADG_1	-	45
3	Query_60	Specific	334330	221	322	1.8472e-22	90.3734	pfam00961	LAGLIDADG_1	-	45
ENDDOMAINS
ENDQUERY
QUERY	Query_61	Peptide	474	orf474_Annmae1_feature_214_from_C_0, ORGANISM Genus species Unclassified.,
DOMAINS
3	Query_61	Specific	334330	81	172	1.75692e-14	68.8022	pfam00961	LAGLIDADG_1	-	45
3	Query_61	Specific	334330	216	329	8.81631e-06	44.1495	pfam00961	LAGLIDADG_1	-	45
ENDDOMAINS
ENDQUERY
QUERY	Query_62	Peptide	325	orf325_Annmae1_feature_218_from_C_0, ORGANISM Genus species Unclassified.,
DOMAINS
3	Query_62	Specific	334330	181	293	1.609e-11	59.9427	pfam00961	LAGLIDADG_1	-	45
3	Query_62	Specific	334330	60	155	0.00414483	36.0603	pfam00961	LAGLIDADG_1	-	45
ENDDOMAINS
ENDQUERY
QUERY	Query_63	Peptide	511	orf512_Annmae1_feature_225_from_C_0, ORGANISM Genus species Unclassified.,
DOMAINS
3	Query_63	Specific	334330	112	210	1.48923e-14	69.1874	pfam00961	LAGLIDADG_1	-	45
3	Query_63	Specific	334114	1	41	6.21662e-09	54.3883	pfam00499	Oxidored_q3	C	354830
3	Query_63	Specific	334330	257	370	1.60535e-05	43.3791	pfam00961	LAGLIDADG_1	-	45
ENDDOMAINS
ENDQUERY
QUERY	Query_64	Peptide	382	orf383_Annmae1_feature_227_from_C_0, ORGANISM Genus species Unclassified.,
DOMAINS
3	Query_64	Specific	334330	77	176	1.31059e-22	91.1438	pfam00961	LAGLIDADG_1	-	45
3	Query_64	Specific	334330	240	339	2.32196e-19	82.2842	pfam00961	LAGLIDADG_1	-	45
ENDDOMAINS
ENDQUERY
QUERY	Query_65	Peptide	583	orf584_Annmae1_feature_243_from_C_0, ORGANISM Genus species Unclassified.,
DOMAINS
3	Query_65	Non-specific	275209	89	454	3.25548e-116	349.064	TIGR04416	group_II_RT_mat	-	45
3	Query_65	Specific	338877	46	128	1.39092e-15	71.7171	pfam13655	RVT_N	-	45
3	Query_65	Specific	238038	525	578	1.67452e-11	59.4075	cd00085	HNHc	-	350893
ENDDOMAINS
SITES
3	Query_65	Specific	active site	E548,H550,H551,I552,P554,N565,L566,H570,R571,H574,T578	11	11	238038
ENDSITES
ENDQUERY
QUERY	Query_66	Peptide	444	orf444_Annmae1_feature_245_from_C_0, ORGANISM Genus species Unclassified.,
DOMAINS
3	Query_66	Superfamily	354370	11	425	0	525.672	cl18945	Beta_elim_lyase	-	-
ENDDOMAINS
ENDQUERY
QUERY	Query_67	Peptide	266	atp6_Annmae1_feature_247_from_C_0, ORGANISM Genus species Unclassified.,
DOMAINS
3	Query_67	Specific	273458	19	263	1.13479e-50	165.457	TIGR01131	ATP_synt_6_or_A	-	351082
ENDDOMAINS
ENDQUERY
QUERY	Query_68	Peptide	433	orf433_Annmae1_feature_253_from_C_0, ORGANISM Genus species Unclassified.,
DOMAINS
3	Query_68	Non-specific	273636	91	287	1.78186e-34	127.502	TIGR01453	grpIintron_endo	-	45
ENDDOMAINS
ENDQUERY
QUERY	Query_69	Peptide	352	orf352_Annmae1_feature_257_from_C_0, ORGANISM Genus species Unclassified.,
DOMAINS
3	Query_69	Specific	334330	64	163	4.24539e-26	100.003	pfam00961	LAGLIDADG_1	-	45
3	Query_69	Specific	334330	223	318	3.93656e-18	78.4322	pfam00961	LAGLIDADG_1	-	45
ENDDOMAINS
ENDQUERY
QUERY	Query_70	Peptide	50	atp8_Annmae1_feature_260_from_C_0, ORGANISM Genus species Unclassified.,
DOMAINS
3	Query_70	Non-specific	283561	1	48	9.61432e-08	42.3934	pfam05933	Fun_ATP-synt_8	-	45
ENDDOMAINS
ENDQUERY
ENDSESSION	3
ENDDATA
