#Post-RPSBLAST Processing Utility

#Input data file:	Annmor1_MitoAssemblyScaffolds.fasta.new.sqn.gbf_converted.faa.asn
#Output data file:	Annmor1_MitoAssemblyScaffolds.fasta.new.sqn.gbf_converted.faa.asn.out
#Annotation data at:	/opt/rpsbproc/data
#E-Value cutoff:	0.01
#Redundancy:	Concise
#Data requested:	Domain hits and site annotations
#Output format -- tab-delimited table
#Show superfamilies: NO
#DATA
#SESSION	<session-ordinal>	<program>	<database>	<score-matrix>	<evalue-threshold>
#QUERY	<query-id>	<seq-type>	<seq-length>	<definition-line>
#DOMAINS
#<session-ordinal>	<query-id[readingframe]>	<hit-type>	<PSSM-ID>	<from>	<to>	<E-Value>	<bitscore>	<accession>	<short-name>	<incomplete>	<superfamily PSSM-ID>
#more such lines......
#ENDDOMAINS
#SITES
#<session-ordinal>	<query-id[readingframe]>	<annot-type>	<title>	<residue(coordinates)>	<complete-size>	<mapped-size>	<source-domain>
#more such lines......
#ENDSITES
#MOTIFS
#<session-ordinal>	<query-id[readingframe]>	<title>	<from>	<to>	<source-domain>
#more such lines......
#ENDMOTIFS
#ENDQUERY	<query-id>
#more query sections..
#ENDSESSION	<session-ordinal>
#more session sections..
#ENDDATA
#=====================================================================
DATA
SESSION	1	blastp	2.10.0+	/opt/rpsbproc/db/Cdd	BLOSUM62	0.01
QUERY	Query_1	Peptide	487	nad4_Annmor1_feature_2_from_C_0, ORGANISM Genus species Unclassified.,
DOMAINS
1	Query_1	Specific	235622	1	487	2.00402e-112	341.027	PRK05846	PRK05846	-	45
ENDDOMAINS
ENDQUERY
QUERY	Query_2	Peptide	283	nad1_Annmor1_feature_4_from_C_0, ORGANISM Genus species Unclassified.,
DOMAINS
1	Query_2	Specific	333876	18	266	4.53669e-71	221.192	pfam00146	NADHdh	N	351105
ENDDOMAINS
ENDQUERY
QUERY	Query_3	Peptide	228	orf228_Annmor1_feature_8_from_C_0, ORGANISM Genus species Unclassified.,
DOMAINS
1	Query_3	Specific	334330	98	198	1.393e-22	88.0622	pfam00961	LAGLIDADG_1	-	45
ENDDOMAINS
ENDQUERY
QUERY	Query_4	Peptide	64	orf65_Annmor1_feature_11_from_C_0, ORGANISM Genus species Unclassified.,
DOMAINS
1	Query_4	Specific	334330	1	29	0.000209348	35.6751	pfam00961	LAGLIDADG_1	N	45
ENDDOMAINS
ENDQUERY
QUERY	Query_5	Peptide	78	orf78_Annmor1_feature_13_from_C_0, ORGANISM Genus species Unclassified.,
DOMAINS
1	Query_5	Specific	334330	16	78	2.69672e-11	53.7795	pfam00961	LAGLIDADG_1	C	45
ENDDOMAINS
ENDQUERY
QUERY	Query_6	Peptide	126	orf127_Annmor1_feature_15_from_C_0, ORGANISM Genus species Unclassified.,
DOMAINS
1	Query_6	Specific	334330	34	116	4.12704e-21	80.7434	pfam00961	LAGLIDADG_1	-	45
ENDDOMAINS
ENDQUERY
QUERY	Query_7	Peptide	318	nad4L_Annmor1_feature_17_from_C_0, ORGANISM Genus species Unclassified.,
DOMAINS
1	Query_7	Superfamily	351118	14	94	5.23449e-16	71.9869	cl00492	Oxidored_q2	-	-
1	Query_7	Superfamily	353929	236	291	1.21324e-13	65.3248	cl15257	GIY-YIG_SF	C	-
1	Query_7	Non-specific	214400	105	167	0.000236443	42.3715	MTH00020	ND5	C	45
ENDDOMAINS
SITES
1	Query_7	Generic	active site	Y239,Y250,G252,R260,Y264	6	5	198380
1	Query_7	Generic	catalytic site	R260	2	1	198380
1	Query_7	Generic	GIY-YIG motif/motif A	G237,V238,Y239,Y250,V251,G252	6	6	198380
ENDSITES
ENDQUERY
QUERY	Query_8	Peptide	64	orf65_Annmor1_feature_19_from_C_0, ORGANISM Genus species Unclassified.,
DOMAINS
1	Query_8	Specific	334330	1	34	9.37733e-06	39.1419	pfam00961	LAGLIDADG_1	N	45
ENDDOMAINS
ENDQUERY
QUERY	Query_9	Peptide	115	orf116_Annmor1_feature_21_from_C_0, ORGANISM Genus species Unclassified.,
DOMAINS
1	Query_9	Specific	334330	3	34	0.000661632	36.0603	pfam00961	LAGLIDADG_1	N	45
ENDDOMAINS
ENDQUERY
QUERY	Query_10	Peptide	340	orf340_Annmor1_feature_23_from_C_0, ORGANISM Genus species Unclassified.,
DOMAINS
1	Query_10	Specific	335245	1	148	1.99171e-12	64.4895	pfam03161	LAGLIDADG_2	-	45
ENDDOMAINS
ENDQUERY
QUERY	Query_11	Peptide	190	nad5_Annmor1_feature_25_from_C_0, ORGANISM Genus species Unclassified.,
DOMAINS
1	Query_11	Non-specific	177253	1	142	2.48984e-52	176.352	MTH00210	ND5	C	45
ENDDOMAINS
ENDQUERY
QUERY	Query_12	Peptide	376	orf376_Annmor1_feature_29_from_C_0, ORGANISM Genus species Unclassified.,
DOMAINS
1	Query_12	Specific	334330	246	346	1.43485e-33	120.034	pfam00961	LAGLIDADG_1	-	45
1	Query_12	Specific	334330	86	187	4.74669e-20	83.825	pfam00961	LAGLIDADG_1	-	45
ENDDOMAINS
ENDQUERY
QUERY	Query_19	Peptide	252	cox2_Annmor1_feature_46_from_C_0, ORGANISM Genus species Unclassified.,
DOMAINS
1	Query_19	Specific	214438	20	249	9.58928e-105	302.518	MTH00154	COX2	-	45
ENDDOMAINS
ENDQUERY
QUERY	Query_20	Peptide	215	orf215_Annmor1_feature_50_from_C_0, ORGANISM Genus species Unclassified.,
DOMAINS
1	Query_20	Superfamily	353929	57	83	0.000360338	37.9757	cl15257	GIY-YIG_SF	C	-
1	Query_20	Non-specific	273636	57	113	0.000603475	39.2914	TIGR01453	grpIintron_endo	C	45
ENDDOMAINS
SITES
1	Query_20	Generic	active site	Y60,Y71,G73,R81	6	4	198380
1	Query_20	Generic	catalytic site	R81	2	1	198380
1	Query_20	Generic	GIY-YIG motif/motif A	G58,C59,Y60,Y71,V72,G73	6	6	198380
ENDSITES
ENDQUERY
QUERY	Query_21	Peptide	393	orf393_Annmor1_feature_54_from_C_0, ORGANISM Genus species Unclassified.,
DOMAINS
1	Query_21	Superfamily	353929	139	239	3.43122e-10	56.08	cl15257	GIY-YIG_SF	-	-
ENDDOMAINS
SITES
1	Query_21	Generic	active site	Y142,Y153,G155,R163,Y167,E224	6	6	198380
1	Query_21	Generic	catalytic site	R163,E224	2	2	198380
1	Query_21	Generic	metal binding site	E224	1	1	198380
1	Query_21	Generic	GIY-YIG motif/motif A	G140,V141,Y142,Y153,V154,G155	6	6	198380
ENDSITES
ENDQUERY
QUERY	Query_22	Peptide	449	orf449_Annmor1_feature_58_from_C_0, ORGANISM Genus species Unclassified.,
DOMAINS
1	Query_22	Specific	334330	152	252	7.85627e-26	100.389	pfam00961	LAGLIDADG_1	-	45
1	Query_22	Specific	334330	310	410	1.93602e-22	91.1438	pfam00961	LAGLIDADG_1	-	45
ENDDOMAINS
ENDQUERY
QUERY	Query_23	Peptide	430	orf430_Annmor1_feature_61_from_C_0, ORGANISM Genus species Unclassified.,
DOMAINS
1	Query_23	Specific	315878	250	414	4.81813e-25	99.3414	pfam13302	Acetyltransf_3	-	356580
ENDDOMAINS
ENDQUERY
QUERY	Query_24	Peptide	128	orf128_Annmor1_feature_63_from_C_0, ORGANISM Genus species Unclassified.,
DOMAINS
1	Query_24	Superfamily	353929	52	98	1.42302e-07	45.6796	cl15257	GIY-YIG_SF	C	-
ENDDOMAINS
SITES
1	Query_24	Generic	active site	Y55,F66,G68,R76,Y80	6	5	198380
1	Query_24	Generic	catalytic site	R76	2	1	198380
1	Query_24	Generic	GIY-YIG motif/motif A	G53,V54,Y55,F66,I67,G68	6	6	198380
ENDSITES
ENDQUERY
QUERY	Query_26	Peptide	74	atp9_Annmor1_feature_67_from_C_0, ORGANISM Genus species Unclassified.,
DOMAINS
1	Query_26	Specific	349422	8	70	3.00422e-19	72.9275	cd18182	ATP-synt_Fo_c_ATP5G3	-	365782
ENDDOMAINS
SITES
ENDSITES
ENDQUERY
QUERY	Query_27	Peptide	160	nad3_Annmor1_feature_69_from_C_0, ORGANISM Genus species Unclassified.,
DOMAINS
1	Query_27	Specific	334119	19	113	4.8646e-19	76.2998	pfam00507	Oxidored_q4	-	351141
ENDDOMAINS
ENDQUERY
QUERY	Query_28	Peptide	490	orf490_Annmor1_feature_71_from_C_0, ORGANISM Genus species Unclassified.,
DOMAINS
1	Query_28	Specific	334330	51	144	4.02537e-12	62.2538	pfam00961	LAGLIDADG_1	-	45
1	Query_28	Specific	334330	193	322	7.43518e-10	55.7055	pfam00961	LAGLIDADG_1	-	45
ENDDOMAINS
ENDQUERY
QUERY	Query_29	Peptide	488	orf489_Annmor1_feature_73_from_C_0, ORGANISM Genus species Unclassified.,
DOMAINS
1	Query_29	Specific	334330	49	142	4.04619e-12	62.2538	pfam00961	LAGLIDADG_1	-	45
1	Query_29	Specific	334330	191	320	7.40154e-10	55.7055	pfam00961	LAGLIDADG_1	-	45
ENDDOMAINS
ENDQUERY
QUERY	Query_30	Peptide	561	nad2_Annmor1_feature_75_from_C_0, ORGANISM Genus species Unclassified.,
DOMAINS
1	Query_30	Specific	235603	138	487	8.36969e-81	260.909	PRK05777	PRK05777	N	356474
ENDDOMAINS
ENDQUERY
QUERY	Query_31	Peptide	116	orf116_Annmor1_feature_79_from_C_0, ORGANISM Genus species Unclassified.,
DOMAINS
1	Query_31	Specific	334330	23	111	1.67894e-18	73.8098	pfam00961	LAGLIDADG_1	-	45
ENDDOMAINS
ENDQUERY
QUERY	Query_33	Peptide	224	orf224_Annmor1_feature_85_from_C_0, ORGANISM Genus species Unclassified.,
DOMAINS
1	Query_33	Specific	334330	133	215	3.25355e-18	76.5062	pfam00961	LAGLIDADG_1	-	45
ENDDOMAINS
ENDQUERY
QUERY	Query_34	Peptide	91	orf92_Annmor1_feature_108_from_C_0, ORGANISM Genus species Unclassified.,
DOMAINS
1	Query_34	Specific	334330	6	71	1.38784e-08	47.6163	pfam00961	LAGLIDADG_1	C	45
ENDDOMAINS
ENDQUERY
QUERY	Query_35	Peptide	102	orf103_Annmor1_feature_112_from_C_0, ORGANISM Genus species Unclassified.,
DOMAINS
1	Query_35	Specific	334330	2	70	1.19533e-14	63.4094	pfam00961	LAGLIDADG_1	N	45
ENDDOMAINS
ENDQUERY
QUERY	Query_36	Peptide	249	orf249_Annmor1_feature_114_from_C_0, ORGANISM Genus species Unclassified.,
DOMAINS
1	Query_36	Specific	334330	140	238	1.20953e-26	98.8478	pfam00961	LAGLIDADG_1	-	45
ENDDOMAINS
ENDQUERY
QUERY	Query_38	Peptide	191	orf192_Annmor1_feature_118_from_C_0, ORGANISM Genus species Unclassified.,
DOMAINS
1	Query_38	Specific	334330	35	141	6.96152e-06	42.9939	pfam00961	LAGLIDADG_1	-	45
ENDDOMAINS
ENDQUERY
QUERY	Query_39	Peptide	243	orf243_Annmor1_feature_120_from_C_0, ORGANISM Genus species Unclassified.,
DOMAINS
1	Query_39	Specific	334330	113	213	4.28644e-19	79.2026	pfam00961	LAGLIDADG_1	-	45
1	Query_39	Specific	334330	2	53	2.43307e-05	41.8383	pfam00961	LAGLIDADG_1	N	45
ENDDOMAINS
ENDQUERY
QUERY	Query_40	Peptide	86	orf87_Annmor1_feature_122_from_C_0, ORGANISM Genus species Unclassified.,
DOMAINS
1	Query_40	Specific	334330	30	78	1.3704e-11	54.9351	pfam00961	LAGLIDADG_1	C	45
ENDDOMAINS
ENDQUERY
QUERY	Query_41	Peptide	439	orf440_Annmor1_feature_124_from_C_0, ORGANISM Genus species Unclassified.,
DOMAINS
1	Query_41	Specific	334330	149	247	5.31362e-27	103.47	pfam00961	LAGLIDADG_1	-	45
1	Query_41	Specific	334330	306	403	3.68221e-20	84.9806	pfam00961	LAGLIDADG_1	-	45
ENDDOMAINS
ENDQUERY
QUERY	Query_42	Peptide	183	orf183_Annmor1_feature_126_from_C_0, ORGANISM Genus species Unclassified.,
DOMAINS
1	Query_42	Non-specific	273636	24	182	1.23494e-23	92.4489	TIGR01453	grpIintron_endo	N	45
ENDDOMAINS
ENDQUERY
ENDSESSION	1
SESSION	2	blastp	2.10.0+	/opt/rpsbproc/db/Cdd	BLOSUM62	0.01
QUERY	Query_43	Peptide	86	orf87_Annmor1_feature_128_from_C_0, ORGANISM Genus species Unclassified.,
DOMAINS
2	Query_43	Superfamily	353929	42	83	0.00237875	33.3533	cl15257	GIY-YIG_SF	C	-
ENDDOMAINS
SITES
2	Query_43	Generic	active site	Y45,Y56,G58,P66,G70	6	5	198380
2	Query_43	Generic	catalytic site	P66	2	1	198380
2	Query_43	Generic	GIY-YIG motif/motif A	G43,I44,Y45,Y56,V57,G58	6	6	198380
ENDSITES
ENDQUERY
QUERY	Query_44	Peptide	198	orf199_Annmor1_feature_130_from_C_0, ORGANISM Genus species Unclassified.,
DOMAINS
2	Query_44	Non-specific	273636	46	172	1.43785e-27	103.234	TIGR01453	grpIintron_endo	C	45
ENDDOMAINS
ENDQUERY
QUERY	Query_45	Peptide	632	orf633_Annmor1_feature_132_from_C_0, ORGANISM Genus species Unclassified.,
DOMAINS
2	Query_45	Specific	275209	107	472	3.42578e-119	358.308	TIGR04416	group_II_RT_mat	-	45
2	Query_45	Specific	338877	65	146	7.69515e-26	100.992	pfam13655	RVT_N	-	45
2	Query_45	Specific	280088	554	600	2.72889e-08	50.0421	pfam01844	HNH	-	350893
ENDDOMAINS
SITES
2	Query_45	Specific	active site	E568,H570,H571,I572,P574,N585,I586,H590,Q591,H594,T598	11	11	238038
ENDSITES
ENDQUERY
QUERY	Query_46	Peptide	843	orf843_Annmor1_feature_140_from_C_0, ORGANISM Genus species Unclassified.,
DOMAINS
2	Query_46	Non-specific	318258	415	719	6.29429e-05	46.1532	pfam16001	DUF4775	N	45
ENDDOMAINS
ENDQUERY
QUERY	Query_47	Peptide	269	cox3_Annmor1_feature_142_from_C_0, ORGANISM Genus species Unclassified.,
DOMAINS
2	Query_47	Specific	278911	12	269	6.75772e-136	383.299	pfam00510	COX3	-	294143
ENDDOMAINS
SITES
2	Query_47	Specific	Subunit I/III interface	A82,K85,G86,S97,L100,A104,I105,H111,G199,A200,T203,F207	12	12	238834
2	Query_47	Specific	Subunit III/Vb interface	G166	1	1	238834
2	Query_47	Specific	Subunit III/VIa interface	F135,E136,L137,F154,I180,S190,V191,S192,S197,D198,G199	11	11	238834
2	Query_47	Specific	Subunit III/VIb interface	A127	1	1	238834
2	Query_47	Specific	Subunit III/VIIa interface	F64,R67,D68,S71,T74,F75,L76	7	7	238834
2	Query_47	Specific	Phospholipid binding site	W65,F66,I69,I70,G73,H79,G90,V91,F94,F222,R229,L241,G242	13	13	238834
ENDSITES
ENDQUERY
QUERY	Query_48	Peptide	372	orf372_Annmor1_feature_146_from_C_0, ORGANISM Genus species Unclassified.,
DOMAINS
2	Query_48	Specific	334330	81	181	2.05303e-27	103.855	pfam00961	LAGLIDADG_1	-	45
2	Query_48	Specific	334330	239	340	2.30625e-21	87.2918	pfam00961	LAGLIDADG_1	-	45
ENDDOMAINS
ENDQUERY
QUERY	Query_49	Peptide	354	orf354_Annmor1_feature_150_from_C_0, ORGANISM Genus species Unclassified.,
DOMAINS
2	Query_49	Specific	334330	216	332	1.26885e-10	57.6315	pfam00961	LAGLIDADG_1	-	45
ENDDOMAINS
ENDQUERY
QUERY	Query_50	Peptide	221	nad6_Annmor1_feature_155_from_C_0, ORGANISM Genus species Unclassified.,
DOMAINS
2	Query_50	Superfamily	354830	22	98	7.81658e-19	80.6505	cl21484	Oxidored_q3	C	-
ENDDOMAINS
ENDQUERY
QUERY	Query_51	Peptide	478	orf478_Annmor1_feature_159_from_C_0, ORGANISM Genus species Unclassified.,
DOMAINS
2	Query_51	Specific	334330	80	178	4.43441e-17	76.5062	pfam00961	LAGLIDADG_1	-	45
2	Query_51	Specific	334330	225	337	3.95898e-08	50.6979	pfam00961	LAGLIDADG_1	-	45
ENDDOMAINS
ENDQUERY
QUERY	Query_52	Peptide	454	orf455_Annmor1_feature_176_from_C_0, ORGANISM Genus species Unclassified.,
DOMAINS
2	Query_52	Specific	334330	167	266	1.95977e-19	83.0546	pfam00961	LAGLIDADG_1	-	45
2	Query_52	Specific	334330	326	428	4.54241e-15	70.7282	pfam00961	LAGLIDADG_1	-	45
ENDDOMAINS
ENDQUERY
QUERY	Query_53	Peptide	872	orf872_Annmor1_feature_178_from_C_0, ORGANISM Genus species Unclassified.,
DOMAINS
2	Query_53	Superfamily	354370	103	516	1.7599e-168	496.012	cl18945	Beta_elim_lyase	-	-
ENDDOMAINS
ENDQUERY
QUERY	Query_54	Peptide	266	atp6_Annmor1_feature_180_from_C_0, ORGANISM Genus species Unclassified.,
DOMAINS
2	Query_54	Superfamily	351082	21	266	2.16911e-49	162.869	cl00413	ATP-synt_A	-	-
ENDDOMAINS
ENDQUERY
QUERY	Query_55	Peptide	352	orf352_Annmor1_feature_184_from_C_0, ORGANISM Genus species Unclassified.,
DOMAINS
2	Query_55	Specific	334330	64	163	1.31871e-25	98.4626	pfam00961	LAGLIDADG_1	-	45
2	Query_55	Specific	334330	223	318	1.64305e-19	82.2842	pfam00961	LAGLIDADG_1	-	45
ENDDOMAINS
ENDQUERY
QUERY	Query_56	Peptide	50	atp8_Annmor1_feature_187_from_C_0, ORGANISM Genus species Unclassified.,
DOMAINS
2	Query_56	Non-specific	283561	1	48	5.67809e-08	43.1638	pfam05933	Fun_ATP-synt_8	-	45
ENDDOMAINS
ENDQUERY
QUERY	Query_57	Peptide	148	orf149_Annmor1_feature_2_from_C_1, ORGANISM Genus species Unclassified.,
DOMAINS
2	Query_57	Specific	334330	56	138	6.80206e-19	76.121	pfam00961	LAGLIDADG_1	-	45
ENDDOMAINS
ENDQUERY
QUERY	Query_58	Peptide	213	orf214_Annmor1_feature_4_from_C_1, ORGANISM Genus species Unclassified.,
DOMAINS
2	Query_58	Specific	334330	82	183	5.2958e-25	93.8402	pfam00961	LAGLIDADG_1	-	45
ENDDOMAINS
ENDQUERY
QUERY	Query_59	Peptide	76	orf77_Annmor1_feature_6_from_C_1, ORGANISM Genus species Unclassified.,
DOMAINS
2	Query_59	Specific	334330	1	66	2.74597e-17	69.1874	pfam00961	LAGLIDADG_1	-	45
ENDDOMAINS
ENDQUERY
QUERY	Query_61	Peptide	385	orf385_Annmor1_feature_12_from_C_1, ORGANISM Genus species Unclassified.,
DOMAINS
2	Query_61	Non-specific	224259	255	385	0.00347724	38.894	COG1340	COG1340	N	45
ENDDOMAINS
ENDQUERY
QUERY	Query_62	Peptide	553	cox1_Annmor1_feature_14_from_C_1, ORGANISM Genus species Unclassified.,
DOMAINS
2	Query_62	Specific	238833	36	531	0	788.987	cd01663	Cyt_c_Oxidase_I	-	350997
ENDDOMAINS
SITES
2	Query_62	Specific	Binuclear center (heme a3/CuB)	H260,H309,H310,H395	4	4	238833
2	Query_62	Specific	Low-spin heme (heme a) binding site	H88,H397,S401,T443,S480	5	5	238833
2	Query_62	Specific	D-pathway	Y45,N107,D118,N125,S128,S176,S177,N183,T187	9	9	238833
2	Query_62	Specific	K-pathway	H260,Y264,S275,H309,H310,T335,K338	7	7	238833
2	Query_62	Specific	Electron transfer pathway	F396,R457,R458	3	3	238833
2	Query_62	Specific	Putative proton exit pathway	H310,H387,D388,R457,R458	5	5	238833
2	Query_62	Specific	Putative water exit pathway	D247,Q252,H253,D383,H387,D388,R457	7	7	238833
2	Query_62	Specific	Subunit I/II interface	N82,D247,K284,F287,G288,T313,V314,G315,V318,R321,L329,I337,F340,Y347,G348,G349,L361,N379,A380,L382,I384,A385,F386,H387,D388,L452,Q453,R457,R458,I459,G468,W469	32	32	238833
2	Query_62	Specific	Subunit I/III interface	T36,P117,F121,R123,W130,D164,F168,T186,N190,I210,L217,P220,M228,T237,S238,F239,G244,G245,D247,Y257,Y294,M297,G300,I301,I305	25	25	238833
2	Query_62	Specific	Subunit I/IV interface	M65,S68,G69,L427,K430,V431,D464,V482	8	8	238833
2	Query_62	Specific	Subunit I/Vb interface	S285,Y289,A530	3	3	238833
2	Query_62	Specific	Subunit I/VIa interface	V155,R233,N234,F235,N236	5	5	238833
2	Query_62	Specific	Subunit I/VIb interface	G315	1	1	238833
2	Query_62	Specific	Subunit I/VIc interface	G348	1	1	238833
2	Query_62	Specific	Subunit I/VIIa interface	F141,V144	2	2	238833
2	Query_62	Specific	Subunit I/VIIb interface	D464,G468	2	2	238833
2	Query_62	Specific	Subunit I/VIIc interface	F51,L55,A58,L62,A143,V144,I419,Y492,L495	9	9	238833
2	Query_62	Specific	Subunit I/VIIIb interface	L428,W485	2	2	238833
2	Query_62	Specific	Dimer interface	I210,L217,Y257,Y294,M297,G300,I301,I305	8	8	238833
ENDSITES
ENDQUERY
QUERY	Query_63	Peptide	99	orf99_Annmor1_feature_18_from_C_1, ORGANISM Genus species Unclassified.,
DOMAINS
2	Query_63	Specific	197761	55	95	0.000631491	34.4658	smart00497	IENR1	-	299755
ENDDOMAINS
ENDQUERY
QUERY	Query_64	Peptide	433	orf433_Annmor1_feature_20_from_C_1, ORGANISM Genus species Unclassified.,
DOMAINS
2	Query_64	Specific	273636	141	343	7.90619e-53	176.037	TIGR01453	grpIintron_endo	-	45
2	Query_64	Specific	197761	378	429	4.30505e-08	49.1034	smart00497	IENR1	-	299755
ENDDOMAINS
ENDQUERY
QUERY	Query_65	Peptide	398	orf398_Annmor1_feature_26_from_C_1, ORGANISM Genus species Unclassified.,
DOMAINS
2	Query_65	Specific	334330	170	238	1.84564e-05	42.9939	pfam00961	LAGLIDADG_1	C	45
ENDDOMAINS
ENDQUERY
QUERY	Query_67	Peptide	203	orf203_Annmor1_feature_32_from_C_1, ORGANISM Genus species Unclassified.,
DOMAINS
2	Query_67	Specific	334330	83	172	3.46564e-09	51.8535	pfam00961	LAGLIDADG_1	-	45
ENDDOMAINS
ENDQUERY
QUERY	Query_68	Peptide	328	orf328_Annmor1_feature_34_from_C_1, ORGANISM Genus species Unclassified.,
DOMAINS
2	Query_68	Specific	334330	200	297	2.59755e-10	56.4759	pfam00961	LAGLIDADG_1	-	45
2	Query_68	Specific	334330	81	168	2.95415e-06	44.9199	pfam00961	LAGLIDADG_1	-	45
ENDDOMAINS
ENDQUERY
QUERY	Query_69	Peptide	269	orf269_Annmor1_feature_38_from_C_1, ORGANISM Genus species Unclassified.,
DOMAINS
2	Query_69	Specific	334330	139	239	4.39855e-28	103.47	pfam00961	LAGLIDADG_1	-	45
2	Query_69	Specific	334330	4	79	2.55773e-16	72.269	pfam00961	LAGLIDADG_1	N	45
ENDDOMAINS
ENDQUERY
QUERY	Query_70	Peptide	397	orf397_Annmor1_feature_42_from_C_1, ORGANISM Genus species Unclassified.,
DOMAINS
2	Query_70	Specific	334330	109	210	1.04019e-28	107.707	pfam00961	LAGLIDADG_1	-	45
2	Query_70	Specific	334330	268	368	6.02572e-24	94.9958	pfam00961	LAGLIDADG_1	-	45
ENDDOMAINS
ENDQUERY
QUERY	Query_71	Peptide	343	orf343_Annmor1_feature_44_from_C_1, ORGANISM Genus species Unclassified.,
DOMAINS
2	Query_71	Specific	334330	57	149	6.0548e-20	83.0546	pfam00961	LAGLIDADG_1	-	45
2	Query_71	Specific	334330	207	308	0.00181986	37.2159	pfam00961	LAGLIDADG_1	-	45
ENDDOMAINS
ENDQUERY
QUERY	Query_72	Peptide	105	orf105_Annmor1_feature_46_from_C_1, ORGANISM Genus species Unclassified.,
DOMAINS
2	Query_72	Specific	334330	40	75	0.00212167	34.5195	pfam00961	LAGLIDADG_1	C	45
ENDDOMAINS
ENDQUERY
QUERY	Query_73	Peptide	119	orf119_Annmor1_feature_48_from_C_1, ORGANISM Genus species Unclassified.,
DOMAINS
2	Query_73	Non-specific	273636	25	103	4.60607e-06	43.5286	TIGR01453	grpIintron_endo	N	45
ENDDOMAINS
SITES
2	Query_73	Generic	DNA binding site	M39,L40,H44,T48,L52,R53,S57,N58,L62,P63,K65,R86,R90	21	13	238175
ENDSITES
ENDQUERY
QUERY	Query_74	Peptide	704	orf704_Annmor1_feature_52_from_C_1, ORGANISM Genus species Unclassified.,
DOMAINS
2	Query_74	Specific	238828	261	535	2.80923e-83	262.522	cd01651	RT_G2_intron	-	295487
2	Query_74	Non-specific	279664	562	702	4.33269e-34	126.815	pfam01348	Intron_maturas2	-	45
ENDDOMAINS
SITES
2	Query_74	Specific	putative active site	D334,I335,K336,G337,L338,F339,Q387,G388,Y479,D481,D482,L531,G532	13	13	238828
2	Query_74	Specific	putative nucleic acid binding site	G388	1	1	238828
2	Query_74	Specific	putative NTP binding site	D334,I335,K336,G337,L338,F339,Q387,D481	8	8	238828
ENDSITES
ENDQUERY
ENDSESSION	2
SESSION	3	blastp	2.10.0+	/opt/rpsbproc/db/Cdd	BLOSUM62	0.01
QUERY	Query_75	Peptide	889	orf889_Annmor1_feature_56_from_C_1, ORGANISM Genus species Unclassified.,
DOMAINS
3	Query_75	Non-specific	275209	299	701	1.84384e-93	298.217	TIGR04416	group_II_RT_mat	-	45
3	Query_75	Specific	238038	830	889	1.37494e-06	45.9256	cd00085	HNHc	-	350893
ENDDOMAINS
SITES
3	Query_75	Specific	active site	H857,H859,H860,I861,P863,N875,L876,H880,S881,H884,H889	11	11	238038
ENDSITES
ENDQUERY
QUERY	Query_76	Peptide	240	cob_Annmor1_feature_61_from_C_1, ORGANISM Genus species Unclassified.,
DOMAINS
3	Query_76	Non-specific	214440	1	216	9.8936e-91	271.27	MTH00156	CYTB	N	45
ENDDOMAINS
ENDQUERY
QUERY	Query_77	Peptide	116	orf116_4_Annmor1_feature_65_from_C_1, ORGANISM Genus species Unclassified.,
DOMAINS
3	Query_77	Specific	335245	3	98	5.76631e-35	117.647	pfam03161	LAGLIDADG_2	N	45
ENDDOMAINS
ENDQUERY
QUERY	Query_78	Peptide	319	orf319_Annmor1_feature_69_from_C_1, ORGANISM Genus species Unclassified.,
DOMAINS
3	Query_78	Specific	334330	74	170	1.57309e-20	84.5954	pfam00961	LAGLIDADG_1	-	45
3	Query_78	Specific	334330	206	301	7.64582e-07	46.4607	pfam00961	LAGLIDADG_1	-	45
ENDDOMAINS
ENDQUERY
QUERY	Query_80	Peptide	458	orf458_Annmor1_feature_80_from_C_1, ORGANISM Genus species Unclassified.,
DOMAINS
3	Query_80	Superfamily	354370	7	444	0	562.266	cl18945	Beta_elim_lyase	-	-
ENDDOMAINS
ENDQUERY
QUERY	Query_82	Peptide	420	orf420_Annmor1_feature_84_from_C_1, ORGANISM Genus species Unclassified.,
DOMAINS
3	Query_82	Specific	315878	239	400	2.71984e-20	86.2446	pfam13302	Acetyltransf_3	-	356580
ENDDOMAINS
ENDQUERY
QUERY	Query_83	Peptide	150	cob_Annmor1_feature_86_from_C_1, ORGANISM Genus species Unclassified.,
DOMAINS
3	Query_83	Non-specific	214440	10	143	5.33867e-68	209.253	MTH00156	CYTB	C	45
ENDDOMAINS
ENDQUERY
QUERY	Query_84	Peptide	373	orf373_Annmor1_feature_90_from_C_1, ORGANISM Genus species Unclassified.,
DOMAINS
3	Query_84	Non-specific	273636	142	344	1.22821e-28	110.553	TIGR01453	grpIintron_endo	-	45
ENDDOMAINS
ENDQUERY
QUERY	Query_87	Peptide	686	nad5_Annmor1_feature_99_from_C_1, ORGANISM Genus species Unclassified.,
DOMAINS
3	Query_87	Non-specific	214400	34	474	3.04438e-107	337.82	MTH00020	ND5	N	45
ENDDOMAINS
ENDQUERY
QUERY	Query_88	Peptide	390	orf390_Annmor1_feature_103_from_C_1, ORGANISM Genus species Unclassified.,
DOMAINS
3	Query_88	Specific	334330	271	361	1.87517e-05	42.9939	pfam00961	LAGLIDADG_1	-	45
ENDDOMAINS
ENDQUERY
QUERY	Query_93	Peptide	406	orf406_Annmor1_feature_2_from_C_3, ORGANISM Genus species Unclassified.,
DOMAINS
3	Query_93	Specific	340095	264	368	1.30603e-05	47.1296	pfam17380	DUF5401	N	45
3	Query_93	Non-specific	214443	105	210	0.00339088	39.367	MTH00163	ND4	C	45
ENDDOMAINS
ENDQUERY
ENDSESSION	3
ENDDATA
