#Post-RPSBLAST Processing Utility

#Input data file:	Anoalb1_MitoAssemblyScaffolds.fasta.new.sqn.gbf_converted.faa.asn
#Output data file:	Anoalb1_MitoAssemblyScaffolds.fasta.new.sqn.gbf_converted.faa.asn.out
#Annotation data at:	/opt/rpsbproc/data
#E-Value cutoff:	0.01
#Redundancy:	Concise
#Data requested:	Domain hits and site annotations
#Output format -- tab-delimited table
#Show superfamilies: NO
#DATA
#SESSION	<session-ordinal>	<program>	<database>	<score-matrix>	<evalue-threshold>
#QUERY	<query-id>	<seq-type>	<seq-length>	<definition-line>
#DOMAINS
#<session-ordinal>	<query-id[readingframe]>	<hit-type>	<PSSM-ID>	<from>	<to>	<E-Value>	<bitscore>	<accession>	<short-name>	<incomplete>	<superfamily PSSM-ID>
#more such lines......
#ENDDOMAINS
#SITES
#<session-ordinal>	<query-id[readingframe]>	<annot-type>	<title>	<residue(coordinates)>	<complete-size>	<mapped-size>	<source-domain>
#more such lines......
#ENDSITES
#MOTIFS
#<session-ordinal>	<query-id[readingframe]>	<title>	<from>	<to>	<source-domain>
#more such lines......
#ENDMOTIFS
#ENDQUERY	<query-id>
#more query sections..
#ENDSESSION	<session-ordinal>
#more session sections..
#ENDDATA
#=====================================================================
DATA
SESSION	1	blastp	2.10.0+	/opt/rpsbproc/db/Cdd	BLOSUM62	0.01
QUERY	Query_2	Peptide	337	nad1_Anoalb1_feature_4_from_C_0, ORGANISM Genus species Unclassified.,
DOMAINS
1	Query_2	Specific	333876	18	325	8.29602e-118	342.145	pfam00146	NADHdh	-	351105
ENDDOMAINS
ENDQUERY
QUERY	Query_3	Peptide	386	cob_Anoalb1_feature_8_from_C_0, ORGANISM Genus species Unclassified.,
DOMAINS
1	Query_3	Specific	214440	10	363	1.89629e-174	489.678	MTH00156	CYTB	-	45
ENDDOMAINS
ENDQUERY
QUERY	Query_4	Peptide	324	orf324_Anoalb1_feature_12_from_C_0, ORGANISM Genus species Unclassified.,
DOMAINS
1	Query_4	Non-specific	273636	109	322	9.74741e-29	109.783	TIGR01453	grpIintron_endo	-	45
ENDDOMAINS
ENDQUERY
QUERY	Query_5	Peptide	261	atp6_Anoalb1_feature_15_from_C_0, ORGANISM Genus species Unclassified.,
DOMAINS
1	Query_5	Superfamily	351082	19	261	3.27487e-51	167.491	cl00413	ATP-synt_A	-	-
ENDDOMAINS
ENDQUERY
QUERY	Query_7	Peptide	99	orf100_Anoalb1_feature_27_from_C_0, ORGANISM Genus species Unclassified.,
DOMAINS
1	Query_7	Specific	335245	36	88	1.05517e-14	65.2599	pfam03161	LAGLIDADG_2	C	45
ENDDOMAINS
ENDQUERY
QUERY	Query_8	Peptide	572	nad2_Anoalb1_feature_29_from_C_0, ORGANISM Genus species Unclassified.,
DOMAINS
1	Query_8	Specific	235603	57	481	1.1909e-82	265.916	PRK05777	PRK05777	-	356474
ENDDOMAINS
ENDQUERY
QUERY	Query_9	Peptide	126	nad3_Anoalb1_feature_31_from_C_0, ORGANISM Genus species Unclassified.,
DOMAINS
1	Query_9	Specific	334119	19	83	2.75531e-23	86.315	pfam00507	Oxidored_q4	C	351141
ENDDOMAINS
ENDQUERY
QUERY	Query_10	Peptide	73	atp9_Anoalb1_feature_57_from_C_0, ORGANISM Genus species Unclassified.,
DOMAINS
1	Query_10	Specific	349422	6	70	4.3869e-14	59.8307	cd18182	ATP-synt_Fo_c_ATP5G3	-	365782
ENDDOMAINS
SITES
ENDSITES
ENDQUERY
QUERY	Query_11	Peptide	52	atp8_Anoalb1_feature_65_from_C_0, ORGANISM Genus species Unclassified.,
DOMAINS
1	Query_11	Non-specific	283561	1	48	2.17507e-06	39.3118	pfam05933	Fun_ATP-synt_8	-	45
ENDDOMAINS
ENDQUERY
QUERY	Query_12	Peptide	664	nad5_Anoalb1_feature_69_from_C_0, ORGANISM Genus species Unclassified.,
DOMAINS
1	Query_12	Non-specific	177253	1	632	0	635.51	MTH00210	ND5	-	45
ENDDOMAINS
ENDQUERY
QUERY	Query_13	Peptide	88	nad4L_Anoalb1_feature_71_from_C_0, ORGANISM Genus species Unclassified.,
DOMAINS
1	Query_13	Superfamily	351118	5	86	3.49842e-16	66.9793	cl00492	Oxidored_q2	-	-
ENDDOMAINS
ENDQUERY
QUERY	Query_14	Peptide	565	orf565_Anoalb1_feature_73_from_C_0, ORGANISM Genus species Unclassified.,
DOMAINS
1	Query_14	Specific	340095	343	565	2.96274e-09	59.8412	pfam17380	DUF5401	NC	45
ENDDOMAINS
ENDQUERY
QUERY	Query_15	Peptide	271	cox3_Anoalb1_feature_75_from_C_0, ORGANISM Genus species Unclassified.,
DOMAINS
1	Query_15	Specific	238834	25	268	3.10106e-118	338.336	cd01665	Cyt_c_Oxidase_III	-	294143
ENDDOMAINS
SITES
1	Query_15	Specific	Subunit I/III interface	E83,N86,G87,S98,F101,S105,V106,H112,S200,V201,S204,A208	12	12	238834
1	Query_15	Specific	Subunit III/Vb interface	G167	1	1	238834
1	Query_15	Specific	Subunit III/VIa interface	F136,S137,I138,Y155,V181,S191,E192,A193,T198,D199,S200	11	11	238834
1	Query_15	Specific	Subunit III/VIb interface	Q128	1	1	238834
1	Query_15	Specific	Subunit III/VIIa interface	L65,K68,D69,L72,T75,F76,L77	7	7	238834
1	Query_15	Specific	Phospholipid binding site	W66,F67,I70,I71,G74,H80,G91,V92,F95,F223,R230,Q242,G243	13	13	238834
ENDSITES
ENDQUERY
QUERY	Query_16	Peptide	482	nad4_Anoalb1_feature_77_from_C_0, ORGANISM Genus species Unclassified.,
DOMAINS
1	Query_16	Specific	235622	30	479	2.21972e-140	412.289	PRK05846	PRK05846	-	45
ENDDOMAINS
ENDQUERY
QUERY	Query_17	Peptide	503	cox1_Anoalb1_feature_79_from_C_0, ORGANISM Genus species Unclassified.,
DOMAINS
1	Query_17	Specific	238833	1	487	0	803.624	cd01663	Cyt_c_Oxidase_I	-	350997
ENDDOMAINS
SITES
1	Query_17	Specific	Binuclear center (heme a3/CuB)	H215,H264,H265,H350	4	4	238833
1	Query_17	Specific	Low-spin heme (heme a) binding site	H36,H352,S356,T398,S435	5	5	238833
1	Query_17	Specific	D-pathway	N55,D66,N73,S76,S131,S132,N138,T142	9	8	238833
1	Query_17	Specific	K-pathway	H215,Y219,S230,H264,H265,T290,K293	7	7	238833
1	Query_17	Specific	Electron transfer pathway	F351,R412,R413	3	3	238833
1	Query_17	Specific	Putative proton exit pathway	H265,H342,D343,R412,R413	5	5	238833
1	Query_17	Specific	Putative water exit pathway	D202,Q207,H208,D338,H342,D343,R412	7	7	238833
1	Query_17	Specific	Subunit I/II interface	N30,D202,K239,F242,G243,S268,V269,G270,V273,R276,M284,I292,F295,Y302,G303,G304,I316,N334,A335,L337,I339,A340,L341,H342,D343,L407,A408,R412,R413,I414,G423,W424	32	32	238833
1	Query_17	Specific	Subunit I/III interface	P65,F69,R71,W78,D119,F123,T141,N145,V165,L172,P175,M183,T192,S193,F194,G199,G200,D202,F212,Y249,F252,G255,I256,L260	25	24	238833
1	Query_17	Specific	Subunit I/IV interface	L12,S15,A16,L382,K385,I386,D419,I437	8	8	238833
1	Query_17	Specific	Subunit I/Vb interface	P240,Y244,T486	3	3	238833
1	Query_17	Specific	Subunit I/VIa interface	I110,R188,N189,F190,N191	5	5	238833
1	Query_17	Specific	Subunit I/VIb interface	G270	1	1	238833
1	Query_17	Specific	Subunit I/VIc interface	G303	1	1	238833
1	Query_17	Specific	Subunit I/VIIa interface	V89,L92	2	2	238833
1	Query_17	Specific	Subunit I/VIIb interface	D419,G423	2	2	238833
1	Query_17	Specific	Subunit I/VIIc interface	I2,A5,L9,S91,L92,I374,Y447,F450	9	8	238833
1	Query_17	Specific	Subunit I/VIIIb interface	L383,V440	2	2	238833
1	Query_17	Specific	Dimer interface	V165,L172,F212,Y249,F252,G255,I256,L260	8	8	238833
ENDSITES
ENDQUERY
QUERY	Query_18	Peptide	341	orf342_Anoalb1_feature_83_from_C_0, ORGANISM Genus species Unclassified.,
DOMAINS
1	Query_18	Specific	334330	216	312	8.76573e-14	66.491	pfam00961	LAGLIDADG_1	-	45
1	Query_18	Specific	334330	105	190	0.000345376	39.1419	pfam00961	LAGLIDADG_1	-	45
ENDDOMAINS
ENDQUERY
QUERY	Query_19	Peptide	312	orf312_Anoalb1_feature_85_from_C_0, ORGANISM Genus species Unclassified.,
DOMAINS
1	Query_19	Specific	334330	187	283	1.26861e-13	65.7206	pfam00961	LAGLIDADG_1	-	45
1	Query_19	Specific	334330	76	161	0.000455006	38.7567	pfam00961	LAGLIDADG_1	-	45
ENDDOMAINS
ENDQUERY
QUERY	Query_22	Peptide	203	nad6_Anoalb1_feature_94_from_C_0, ORGANISM Genus species Unclassified.,
DOMAINS
1	Query_22	Superfamily	354830	1	197	4.25894e-25	96.2233	cl21484	Oxidored_q3	-	-
ENDDOMAINS
ENDQUERY
QUERY	Query_25	Peptide	250	cox2_Anoalb1_feature_100_from_C_0, ORGANISM Genus species Unclassified.,
DOMAINS
1	Query_25	Specific	214438	18	245	2.86962e-109	314.074	MTH00154	COX2	-	45
ENDDOMAINS
ENDQUERY
QUERY	Query_27	Peptide	337	nad1_Anoalb1_feature_2_from_C_1, ORGANISM Genus species Unclassified.,
DOMAINS
1	Query_27	Specific	333876	18	325	8.29602e-118	342.145	pfam00146	NADHdh	-	351105
ENDDOMAINS
ENDQUERY
QUERY	Query_30	Peptide	250	cox2_Anoalb1_feature_16_from_C_1, ORGANISM Genus species Unclassified.,
DOMAINS
1	Query_30	Specific	214438	18	245	2.86962e-109	314.074	MTH00154	COX2	-	45
ENDDOMAINS
ENDQUERY
ENDSESSION	1
ENDDATA
