#Post-RPSBLAST Processing Utility

#Input data file:	Anomyc1_MitoAssemblyScaffolds.fasta.new.sqn.gbf_converted.faa.asn
#Output data file:	Anomyc1_MitoAssemblyScaffolds.fasta.new.sqn.gbf_converted.faa.asn.out
#Annotation data at:	/opt/rpsbproc/data
#E-Value cutoff:	0.01
#Redundancy:	Concise
#Data requested:	Domain hits and site annotations
#Output format -- tab-delimited table
#Show superfamilies: NO
#DATA
#SESSION	<session-ordinal>	<program>	<database>	<score-matrix>	<evalue-threshold>
#QUERY	<query-id>	<seq-type>	<seq-length>	<definition-line>
#DOMAINS
#<session-ordinal>	<query-id[readingframe]>	<hit-type>	<PSSM-ID>	<from>	<to>	<E-Value>	<bitscore>	<accession>	<short-name>	<incomplete>	<superfamily PSSM-ID>
#more such lines......
#ENDDOMAINS
#SITES
#<session-ordinal>	<query-id[readingframe]>	<annot-type>	<title>	<residue(coordinates)>	<complete-size>	<mapped-size>	<source-domain>
#more such lines......
#ENDSITES
#MOTIFS
#<session-ordinal>	<query-id[readingframe]>	<title>	<from>	<to>	<source-domain>
#more such lines......
#ENDMOTIFS
#ENDQUERY	<query-id>
#more query sections..
#ENDSESSION	<session-ordinal>
#more session sections..
#ENDDATA
#=====================================================================
DATA
SESSION	1	blastp	2.10.0+	/opt/rpsbproc/db/Cdd	BLOSUM62	0.01
QUERY	Query_1	Peptide	73	atp9_Anomyc1_feature_16_from_C_0, ORGANISM Genus species Unclassified.,
DOMAINS
1	Query_1	Specific	349422	6	70	2.08378e-14	60.6011	cd18182	ATP-synt_Fo_c_ATP5G3	-	365782
ENDDOMAINS
SITES
ENDSITES
ENDQUERY
QUERY	Query_2	Peptide	52	atp8_Anomyc1_feature_24_from_C_0, ORGANISM Genus species Unclassified.,
DOMAINS
1	Query_2	Non-specific	283561	1	48	3.84627e-06	38.5414	pfam05933	Fun_ATP-synt_8	-	45
ENDDOMAINS
ENDQUERY
QUERY	Query_3	Peptide	664	nad5_Anomyc1_feature_28_from_C_0, ORGANISM Genus species Unclassified.,
DOMAINS
1	Query_3	Non-specific	177253	1	632	0	631.658	MTH00210	ND5	-	45
ENDDOMAINS
ENDQUERY
QUERY	Query_4	Peptide	88	nad4L_Anomyc1_feature_30_from_C_0, ORGANISM Genus species Unclassified.,
DOMAINS
1	Query_4	Superfamily	351118	5	86	2.46899e-16	67.3645	cl00492	Oxidored_q2	-	-
ENDDOMAINS
ENDQUERY
QUERY	Query_5	Peptide	547	orf547_Anomyc1_feature_32_from_C_0, ORGANISM Genus species Unclassified.,
DOMAINS
1	Query_5	Non-specific	173502	392	482	3.83967e-09	59.3656	PTZ00266	PTZ00266	NC	45
1	Query_5	Non-specific	234767	109	343	0.0058457	39.436	PRK00448	polC	C	45
ENDDOMAINS
ENDQUERY
QUERY	Query_6	Peptide	271	cox3_Anomyc1_feature_34_from_C_0, ORGANISM Genus species Unclassified.,
DOMAINS
1	Query_6	Specific	278911	14	269	2.71429e-112	323.593	pfam00510	COX3	-	294143
ENDDOMAINS
SITES
1	Query_6	Specific	Subunit I/III interface	E83,N86,G87,S98,F101,S105,V106,H112,S200,V201,S204,A208	12	12	238834
1	Query_6	Specific	Subunit III/Vb interface	G167	1	1	238834
1	Query_6	Specific	Subunit III/VIa interface	F136,S137,I138,Y155,V181,S191,E192,A193,T198,D199,S200	11	11	238834
1	Query_6	Specific	Subunit III/VIb interface	Q128	1	1	238834
1	Query_6	Specific	Subunit III/VIIa interface	L65,K68,D69,L72,A75,F76,L77	7	7	238834
1	Query_6	Specific	Phospholipid binding site	W66,F67,I70,I71,G74,H80,G91,I92,F95,F223,R230,Q242,G243	13	13	238834
ENDSITES
ENDQUERY
QUERY	Query_7	Peptide	482	nad4_Anomyc1_feature_36_from_C_0, ORGANISM Genus species Unclassified.,
DOMAINS
1	Query_7	Non-specific	235622	29	164	3.81217e-31	125.315	PRK05846	PRK05846	C	45
ENDDOMAINS
ENDQUERY
QUERY	Query_8	Peptide	503	cox1_Anomyc1_feature_38_from_C_0, ORGANISM Genus species Unclassified.,
DOMAINS
1	Query_8	Specific	238833	1	487	0	805.55	cd01663	Cyt_c_Oxidase_I	-	350997
ENDDOMAINS
SITES
1	Query_8	Specific	Binuclear center (heme a3/CuB)	H215,H264,H265,H350	4	4	238833
1	Query_8	Specific	Low-spin heme (heme a) binding site	H36,H352,S356,T398,S435	5	5	238833
1	Query_8	Specific	D-pathway	N55,D66,N73,S76,S131,S132,N138,T142	9	8	238833
1	Query_8	Specific	K-pathway	H215,Y219,S230,H264,H265,T290,K293	7	7	238833
1	Query_8	Specific	Electron transfer pathway	F351,R412,R413	3	3	238833
1	Query_8	Specific	Putative proton exit pathway	H265,H342,D343,R412,R413	5	5	238833
1	Query_8	Specific	Putative water exit pathway	D202,Q207,H208,D338,H342,D343,R412	7	7	238833
1	Query_8	Specific	Subunit I/II interface	N30,D202,K239,F242,G243,S268,V269,G270,V273,R276,M284,I292,F295,Y302,G303,G304,I316,N334,A335,L337,I339,A340,L341,H342,D343,L407,A408,R412,R413,I414,G423,W424	32	32	238833
1	Query_8	Specific	Subunit I/III interface	P65,F69,R71,W78,D119,F123,T141,N145,V165,L172,P175,M183,T192,S193,F194,G199,G200,D202,F212,Y249,F252,G255,I256,L260	25	24	238833
1	Query_8	Specific	Subunit I/IV interface	L12,S15,A16,L382,K385,I386,D419,I437	8	8	238833
1	Query_8	Specific	Subunit I/Vb interface	P240,Y244,T486	3	3	238833
1	Query_8	Specific	Subunit I/VIa interface	I110,R188,N189,F190,N191	5	5	238833
1	Query_8	Specific	Subunit I/VIb interface	G270	1	1	238833
1	Query_8	Specific	Subunit I/VIc interface	G303	1	1	238833
1	Query_8	Specific	Subunit I/VIIa interface	V89,L92	2	2	238833
1	Query_8	Specific	Subunit I/VIIb interface	D419,G423	2	2	238833
1	Query_8	Specific	Subunit I/VIIc interface	I2,A5,L9,S91,L92,I374,Y447,F450	9	8	238833
1	Query_8	Specific	Subunit I/VIIIb interface	L383,V440	2	2	238833
1	Query_8	Specific	Dimer interface	V165,L172,F212,Y249,F252,G255,I256,L260	8	8	238833
ENDSITES
ENDQUERY
QUERY	Query_9	Peptide	318	orf318_Anomyc1_feature_42_from_C_0, ORGANISM Genus species Unclassified.,
DOMAINS
1	Query_9	Specific	334330	193	289	2.47121e-15	70.343	pfam00961	LAGLIDADG_1	-	45
1	Query_9	Specific	334330	82	162	5.14812e-05	41.4531	pfam00961	LAGLIDADG_1	-	45
ENDDOMAINS
ENDQUERY
QUERY	Query_12	Peptide	203	nad6_Anomyc1_feature_51_from_C_0, ORGANISM Genus species Unclassified.,
DOMAINS
1	Query_12	Superfamily	354830	1	197	5.1051e-25	95.8381	cl21484	Oxidored_q3	-	-
ENDDOMAINS
ENDQUERY
QUERY	Query_13	Peptide	250	cox2_Anomyc1_feature_61_from_C_0, ORGANISM Genus species Unclassified.,
DOMAINS
1	Query_13	Specific	214438	18	245	2.23102e-109	314.074	MTH00154	COX2	-	45
ENDDOMAINS
ENDQUERY
QUERY	Query_16	Peptide	337	nad1_Anomyc1_feature_69_from_C_0, ORGANISM Genus species Unclassified.,
DOMAINS
1	Query_16	Specific	333876	18	325	2.44365e-118	343.686	pfam00146	NADHdh	-	351105
ENDDOMAINS
ENDQUERY
QUERY	Query_17	Peptide	386	cob_Anomyc1_feature_73_from_C_0, ORGANISM Genus species Unclassified.,
DOMAINS
1	Query_17	Specific	214440	10	366	1.00482e-176	495.456	MTH00156	CYTB	-	45
ENDDOMAINS
ENDQUERY
QUERY	Query_19	Peptide	261	atp6_Anomyc1_feature_77_from_C_0, ORGANISM Genus species Unclassified.,
DOMAINS
1	Query_19	Superfamily	351082	19	261	4.94877e-52	169.417	cl00413	ATP-synt_A	-	-
ENDDOMAINS
ENDQUERY
QUERY	Query_21	Peptide	579	nad2_Anomyc1_feature_89_from_C_0, ORGANISM Genus species Unclassified.,
DOMAINS
1	Query_21	Specific	235603	124	493	3.30607e-72	238.952	PRK05777	PRK05777	N	356474
ENDDOMAINS
ENDQUERY
QUERY	Query_22	Peptide	128	nad3_Anomyc1_feature_91_from_C_0, ORGANISM Genus species Unclassified.,
DOMAINS
1	Query_22	Specific	334119	22	83	5.29545e-25	90.5522	pfam00507	Oxidored_q4	C	351141
ENDDOMAINS
ENDQUERY
ENDSESSION	1
ENDDATA
