#Post-RPSBLAST Processing Utility

#Input data file:	Apibac1_MitoAssemblyScaffolds.fasta.new.sqn.gbf_converted.faa.asn
#Output data file:	Apibac1_MitoAssemblyScaffolds.fasta.new.sqn.gbf_converted.faa.asn.out
#Annotation data at:	/opt/rpsbproc/data
#E-Value cutoff:	0.01
#Redundancy:	Concise
#Data requested:	Domain hits and site annotations
#Output format -- tab-delimited table
#Show superfamilies: NO
#DATA
#SESSION	<session-ordinal>	<program>	<database>	<score-matrix>	<evalue-threshold>
#QUERY	<query-id>	<seq-type>	<seq-length>	<definition-line>
#DOMAINS
#<session-ordinal>	<query-id[readingframe]>	<hit-type>	<PSSM-ID>	<from>	<to>	<E-Value>	<bitscore>	<accession>	<short-name>	<incomplete>	<superfamily PSSM-ID>
#more such lines......
#ENDDOMAINS
#SITES
#<session-ordinal>	<query-id[readingframe]>	<annot-type>	<title>	<residue(coordinates)>	<complete-size>	<mapped-size>	<source-domain>
#more such lines......
#ENDSITES
#MOTIFS
#<session-ordinal>	<query-id[readingframe]>	<title>	<from>	<to>	<source-domain>
#more such lines......
#ENDMOTIFS
#ENDQUERY	<query-id>
#more query sections..
#ENDSESSION	<session-ordinal>
#more session sections..
#ENDDATA
#=====================================================================
DATA
SESSION	1	blastp	2.10.0+	/opt/rpsbproc/db/Cdd	BLOSUM62	0.01
QUERY	Query_1	Peptide	141	orf142_Apibac1_feature_2_from_C_0, ORGANISM Genus species Unclassified.,
DOMAINS
1	Query_1	Specific	334330	54	120	4.17729e-15	66.1058	pfam00961	LAGLIDADG_1	N	45
ENDDOMAINS
ENDQUERY
QUERY	Query_2	Peptide	88	orf89_Apibac1_feature_4_from_C_0, ORGANISM Genus species Unclassified.,
DOMAINS
1	Query_2	Specific	334330	7	66	4.76723e-09	48.7719	pfam00961	LAGLIDADG_1	N	45
ENDDOMAINS
ENDQUERY
QUERY	Query_3	Peptide	533	orf533_Apibac1_feature_6_from_C_0, ORGANISM Genus species Unclassified.,
DOMAINS
1	Query_3	Non-specific	273636	121	290	3.98338e-10	59.7069	TIGR01453	grpIintron_endo	-	45
1	Query_3	Specific	333876	35	60	2.73289e-05	45.9265	pfam00146	NADHdh	C	351105
1	Query_3	Specific	197761	487	531	0.000291876	38.703	smart00497	IENR1	-	299755
1	Query_3	Specific	284793	396	433	0.00115123	36.3364	pfam07453	NUMOD1	-	299755
ENDDOMAINS
ENDQUERY
QUERY	Query_4	Peptide	50	atp8_Apibac1_feature_8_from_C_0, ORGANISM Genus species Unclassified.,
DOMAINS
1	Query_4	Non-specific	283561	1	48	3.168e-09	46.2454	pfam05933	Fun_ATP-synt_8	-	45
ENDDOMAINS
ENDQUERY
QUERY	Query_5	Peptide	519	nad4_Apibac1_feature_10_from_C_0, ORGANISM Genus species Unclassified.,
DOMAINS
1	Query_5	Specific	235622	68	519	2.04425e-109	334.478	PRK05846	PRK05846	-	45
ENDDOMAINS
ENDQUERY
QUERY	Query_6	Peptide	164	orf164_Apibac1_feature_14_from_C_0, ORGANISM Genus species Unclassified.,
DOMAINS
1	Query_6	Specific	334330	37	133	1.72414e-24	90.7586	pfam00961	LAGLIDADG_1	-	45
ENDDOMAINS
ENDQUERY
QUERY	Query_7	Peptide	432	orf432_Apibac1_feature_18_from_C_0, ORGANISM Genus species Unclassified.,
DOMAINS
1	Query_7	Specific	334330	137	236	7.30691e-28	105.781	pfam00961	LAGLIDADG_1	-	45
1	Query_7	Specific	334330	297	398	6.89494e-26	100.389	pfam00961	LAGLIDADG_1	-	45
ENDDOMAINS
ENDQUERY
QUERY	Query_8	Peptide	165	orf165_Apibac1_feature_22_from_C_0, ORGANISM Genus species Unclassified.,
DOMAINS
1	Query_8	Specific	334330	3	62	3.63044e-10	53.7795	pfam00961	LAGLIDADG_1	N	45
ENDDOMAINS
ENDQUERY
QUERY	Query_9	Peptide	250	cox2_Apibac1_feature_25_from_C_0, ORGANISM Genus species Unclassified.,
DOMAINS
1	Query_9	Specific	214438	18	248	4.71567e-110	316	MTH00154	COX2	-	45
ENDDOMAINS
ENDQUERY
QUERY	Query_10	Peptide	337	orf337_Apibac1_feature_29_from_C_0, ORGANISM Genus species Unclassified.,
DOMAINS
1	Query_10	Superfamily	353929	1	63	1.13793e-05	42.9833	cl15257	GIY-YIG_SF	N	-
ENDDOMAINS
SITES
1	Query_10	Generic	active site	Y3,E48	6	2	198380
1	Query_10	Generic	catalytic site	E48	2	1	198380
1	Query_10	Generic	metal binding site	E48	1	1	198380
ENDSITES
ENDQUERY
QUERY	Query_11	Peptide	200	orf200_Apibac1_feature_33_from_C_0, ORGANISM Genus species Unclassified.,
DOMAINS
1	Query_11	Non-specific	273636	56	113	3.78267e-06	45.4545	TIGR01453	grpIintron_endo	C	45
ENDDOMAINS
ENDQUERY
QUERY	Query_12	Peptide	398	orf398_Apibac1_feature_37_from_C_0, ORGANISM Genus species Unclassified.,
DOMAINS
1	Query_12	Superfamily	353929	144	244	3.64149e-11	58.7764	cl15257	GIY-YIG_SF	-	-
ENDDOMAINS
SITES
1	Query_12	Generic	active site	Y147,Y158,G160,R168,Y172,E229	6	6	198380
1	Query_12	Generic	catalytic site	R168,E229	2	2	198380
1	Query_12	Generic	metal binding site	E229	1	1	198380
1	Query_12	Generic	GIY-YIG motif/motif A	G145,V146,Y147,Y158,V159,G160	6	6	198380
ENDSITES
ENDQUERY
QUERY	Query_13	Peptide	303	orf303_Apibac1_feature_41_from_C_0, ORGANISM Genus species Unclassified.,
DOMAINS
1	Query_13	Specific	334330	16	116	3.93904e-26	98.8478	pfam00961	LAGLIDADG_1	-	45
1	Query_13	Specific	334330	174	273	1.0404e-24	95.381	pfam00961	LAGLIDADG_1	-	45
ENDDOMAINS
ENDQUERY
QUERY	Query_14	Peptide	171	orf171_Apibac1_feature_45_from_C_0, ORGANISM Genus species Unclassified.,
DOMAINS
1	Query_14	Specific	278542	11	45	6.71414e-05	40.4664	pfam00116	COX2	C	354382
ENDDOMAINS
SITES
ENDSITES
ENDQUERY
QUERY	Query_15	Peptide	225	orf225_Apibac1_feature_47_from_C_0, ORGANISM Genus species Unclassified.,
DOMAINS
1	Query_15	Specific	335245	29	204	1.21909e-46	151.93	pfam03161	LAGLIDADG_2	-	45
ENDDOMAINS
ENDQUERY
QUERY	Query_16	Peptide	251	orf251_Apibac1_feature_53_from_C_0, ORGANISM Genus species Unclassified.,
DOMAINS
1	Query_16	Specific	334330	119	216	1.48802e-22	88.4474	pfam00961	LAGLIDADG_1	-	45
1	Query_16	Specific	334330	1	60	6.81255e-08	49.1571	pfam00961	LAGLIDADG_1	N	45
ENDDOMAINS
ENDQUERY
QUERY	Query_17	Peptide	621	orf621_Apibac1_feature_57_from_C_0, ORGANISM Genus species Unclassified.,
DOMAINS
1	Query_17	Specific	334330	104	199	4.04477e-15	71.1134	pfam00961	LAGLIDADG_1	-	45
1	Query_17	Specific	334330	247	353	9.31277e-11	58.7871	pfam00961	LAGLIDADG_1	-	45
ENDDOMAINS
ENDQUERY
QUERY	Query_18	Peptide	424	orf424_Apibac1_feature_61_from_C_0, ORGANISM Genus species Unclassified.,
DOMAINS
1	Query_18	Specific	334330	142	241	4.62804e-22	89.9882	pfam00961	LAGLIDADG_1	-	45
1	Query_18	Specific	334330	299	393	4.73496e-18	78.8174	pfam00961	LAGLIDADG_1	-	45
ENDDOMAINS
ENDQUERY
QUERY	Query_19	Peptide	310	orf310_Apibac1_feature_65_from_C_0, ORGANISM Genus species Unclassified.,
DOMAINS
1	Query_19	Specific	334330	173	271	1.96395e-25	97.307	pfam00961	LAGLIDADG_1	-	45
1	Query_19	Specific	334330	17	115	2.34108e-20	83.825	pfam00961	LAGLIDADG_1	-	45
ENDDOMAINS
ENDQUERY
QUERY	Query_20	Peptide	427	orf427_Apibac1_feature_69_from_C_0, ORGANISM Genus species Unclassified.,
DOMAINS
1	Query_20	Specific	334330	140	239	1.26945e-25	99.6182	pfam00961	LAGLIDADG_1	-	45
1	Query_20	Specific	334330	297	395	4.23771e-23	92.6846	pfam00961	LAGLIDADG_1	-	45
ENDDOMAINS
ENDQUERY
QUERY	Query_22	Peptide	650	nad5_Apibac1_feature_74_from_C_0, ORGANISM Genus species Unclassified.,
DOMAINS
1	Query_22	Non-specific	177253	1	628	0	590.056	MTH00210	ND5	-	45
ENDDOMAINS
ENDQUERY
QUERY	Query_23	Peptide	383	orf383_Apibac1_feature_78_from_C_0, ORGANISM Genus species Unclassified.,
DOMAINS
1	Query_23	Specific	334330	264	354	0.00165112	37.6011	pfam00961	LAGLIDADG_1	-	45
ENDDOMAINS
ENDQUERY
QUERY	Query_24	Peptide	329	orf329_Apibac1_feature_82_from_C_0, ORGANISM Genus species Unclassified.,
DOMAINS
1	Query_24	Specific	334330	207	300	1.32418e-08	51.8535	pfam00961	LAGLIDADG_1	-	45
1	Query_24	Specific	334330	94	183	0.000318603	39.1419	pfam00961	LAGLIDADG_1	-	45
ENDDOMAINS
ENDQUERY
QUERY	Query_25	Peptide	335	orf335_Apibac1_feature_84_from_C_0, ORGANISM Genus species Unclassified.,
DOMAINS
1	Query_25	Specific	335245	134	316	1.966e-39	136.907	pfam03161	LAGLIDADG_2	-	45
1	Query_25	Specific	197761	79	117	0.000485359	37.5474	smart00497	IENR1	N	299755
ENDDOMAINS
ENDQUERY
QUERY	Query_26	Peptide	750	orf750_Apibac1_feature_90_from_C_0, ORGANISM Genus species Unclassified.,
DOMAINS
1	Query_26	Specific	238828	279	571	6.48562e-62	207.053	cd01651	RT_G2_intron	-	295487
1	Query_26	Non-specific	279664	601	696	2.48284e-19	84.8286	pfam01348	Intron_maturas2	C	45
ENDDOMAINS
SITES
1	Query_26	Specific	putative active site	D351,L352,S353,K354,Y355,F356,Q426,G427,Y509,N511,V512,L567,G568	13	13	238828
1	Query_26	Specific	putative nucleic acid binding site	G427	1	1	238828
1	Query_26	Specific	putative NTP binding site	D351,L352,S353,K354,Y355,F356,Q426,N511	8	8	238828
ENDSITES
ENDQUERY
QUERY	Query_27	Peptide	340	orf340_Apibac1_feature_94_from_C_0, ORGANISM Genus species Unclassified.,
DOMAINS
1	Query_27	Specific	334330	183	302	3.6277e-15	69.9578	pfam00961	LAGLIDADG_1	-	45
1	Query_27	Specific	334330	64	149	3.13522e-05	42.2235	pfam00961	LAGLIDADG_1	-	45
ENDDOMAINS
ENDQUERY
QUERY	Query_28	Peptide	454	orf454_Apibac1_feature_98_from_C_0, ORGANISM Genus species Unclassified.,
DOMAINS
1	Query_28	Specific	335245	266	431	2.65204e-43	150.004	pfam03161	LAGLIDADG_2	-	45
1	Query_28	Specific	335245	35	202	2.12132e-19	84.9051	pfam03161	LAGLIDADG_2	-	45
ENDDOMAINS
ENDQUERY
QUERY	Query_29	Peptide	523	orf523_Apibac1_feature_102_from_C_0, ORGANISM Genus species Unclassified.,
DOMAINS
1	Query_29	Specific	334330	106	204	2.77156e-20	85.751	pfam00961	LAGLIDADG_1	-	45
1	Query_29	Specific	334330	260	373	8.98026e-12	61.4834	pfam00961	LAGLIDADG_1	-	45
ENDDOMAINS
ENDQUERY
ENDSESSION	1
SESSION	2	blastp	2.10.0+	/opt/rpsbproc/db/Cdd	BLOSUM62	0.01
QUERY	Query_30	Peptide	429	orf430_Apibac1_feature_105_from_C_0, ORGANISM Genus species Unclassified.,
DOMAINS
2	Query_30	Specific	334330	301	399	2.8248e-22	90.7586	pfam00961	LAGLIDADG_1	-	45
2	Query_30	Specific	334330	141	241	4.05434e-22	89.9882	pfam00961	LAGLIDADG_1	-	45
ENDDOMAINS
ENDQUERY
QUERY	Query_31	Peptide	185	orf186_Apibac1_feature_107_from_C_0, ORGANISM Genus species Unclassified.,
DOMAINS
2	Query_31	Specific	334330	56	156	1.48993e-31	109.633	pfam00961	LAGLIDADG_1	-	45
ENDDOMAINS
ENDQUERY
QUERY	Query_32	Peptide	271	nad4L_Apibac1_feature_109_from_C_0, ORGANISM Genus species Unclassified.,
DOMAINS
2	Query_32	Specific	334330	137	237	1.58637e-27	101.929	pfam00961	LAGLIDADG_1	-	45
2	Query_32	Specific	177231	3	80	6.49654e-25	95.0989	MTH00180	ND4L	-	351118
ENDDOMAINS
ENDQUERY
QUERY	Query_37	Peptide	137	orf137_Apibac1_feature_121_from_C_0, ORGANISM Genus species Unclassified.,
DOMAINS
2	Query_37	Non-specific	238175	1	103	1.22403e-05	41.3042	cd00283	GIY-YIG_Cterm	-	45
ENDDOMAINS
SITES
2	Query_37	Generic	DNA binding site	N38,P39,M40,F41,K45,T49,L53,I57,F58,Y60,V75,R79,C84,T87,K89,K90,R91,Y102	21	18	238175
ENDSITES
ENDQUERY
QUERY	Query_38	Peptide	249	orf249_Apibac1_feature_123_from_C_0, ORGANISM Genus species Unclassified.,
DOMAINS
2	Query_38	Specific	198392	136	216	7.0285e-27	99.2224	cd10445	GIY-YIG_bI1_like	-	353929
ENDDOMAINS
SITES
2	Query_38	Specific	putative active site	Y139,Y150,G152,R160,Y164,E211	7	6	198392
2	Query_38	Specific	putative metal binding site	E211	1	1	198392
2	Query_38	Specific	GIY-YIG motif/motif A	I137,I138,Y139,Y150,I151,G152	6	6	198392
ENDSITES
ENDQUERY
QUERY	Query_39	Peptide	566	cox1_Apibac1_feature_127_from_C_0, ORGANISM Genus species Unclassified.,
DOMAINS
2	Query_39	Specific	238833	48	543	0	788.602	cd01663	Cyt_c_Oxidase_I	-	350997
ENDDOMAINS
SITES
2	Query_39	Specific	Binuclear center (heme a3/CuB)	H272,H321,H322,H407	4	4	238833
2	Query_39	Specific	Low-spin heme (heme a) binding site	H100,H409,S413,K455,S492	5	5	238833
2	Query_39	Specific	D-pathway	Y57,N119,D130,N137,S140,S188,S189,N195,T199	9	9	238833
2	Query_39	Specific	K-pathway	H272,Y276,S287,H321,H322,T347,K350	7	7	238833
2	Query_39	Specific	Electron transfer pathway	F408,R469,R470	3	3	238833
2	Query_39	Specific	Putative proton exit pathway	H322,H399,E400,R469,R470	5	5	238833
2	Query_39	Specific	Putative water exit pathway	D259,Q264,H265,D395,H399,E400,R469	7	7	238833
2	Query_39	Specific	Subunit I/II interface	N94,D259,K296,F299,G300,T325,V326,G327,V330,R333,L341,I349,F352,Y359,G360,G361,L373,N391,A392,L394,I396,A397,F398,H399,E400,L464,Q465,R469,R470,I471,G480,W481	32	32	238833
2	Query_39	Specific	Subunit I/III interface	T48,P129,F133,R135,W142,D176,F180,T198,N202,I222,L229,P232,M240,T249,S250,F251,G256,G257,D259,F269,Y306,M309,G312,I313,I317	25	25	238833
2	Query_39	Specific	Subunit I/IV interface	M77,S80,G81,T439,K442,V443,D476,V494	8	8	238833
2	Query_39	Specific	Subunit I/Vb interface	S297,Y301,A542	3	3	238833
2	Query_39	Specific	Subunit I/VIa interface	V167,R245,N246,F247,N248	5	5	238833
2	Query_39	Specific	Subunit I/VIb interface	G327	1	1	238833
2	Query_39	Specific	Subunit I/VIc interface	G360	1	1	238833
2	Query_39	Specific	Subunit I/VIIa interface	F153,C156	2	2	238833
2	Query_39	Specific	Subunit I/VIIb interface	D476,G480	2	2	238833
2	Query_39	Specific	Subunit I/VIIc interface	F63,L67,A70,L74,A155,C156,M431,Y504,L507	9	9	238833
2	Query_39	Specific	Subunit I/VIIIb interface	L440,W497	2	2	238833
2	Query_39	Specific	Dimer interface	I222,L229,F269,Y306,M309,G312,I313,I317	8	8	238833
ENDSITES
ENDQUERY
QUERY	Query_40	Peptide	270	orf270_Apibac1_feature_131_from_C_0, ORGANISM Genus species Unclassified.,
DOMAINS
2	Query_40	Non-specific	273636	48	253	2.27654e-28	107.472	TIGR01453	grpIintron_endo	-	45
ENDDOMAINS
ENDQUERY
QUERY	Query_41	Peptide	280	orf280_Apibac1_feature_135_from_C_0, ORGANISM Genus species Unclassified.,
DOMAINS
2	Query_41	Specific	334330	55	150	1.64278e-14	67.6466	pfam00961	LAGLIDADG_1	-	45
2	Query_41	Specific	334330	190	275	5.39471e-08	49.5423	pfam00961	LAGLIDADG_1	-	45
ENDDOMAINS
ENDQUERY
QUERY	Query_42	Peptide	147	orf147_Apibac1_feature_139_from_C_0, ORGANISM Genus species Unclassified.,
DOMAINS
2	Query_42	Non-specific	273636	2	111	3.74541e-19	79.7373	TIGR01453	grpIintron_endo	C	45
ENDDOMAINS
ENDQUERY
QUERY	Query_43	Peptide	429	orf429_Apibac1_feature_141_from_C_0, ORGANISM Genus species Unclassified.,
DOMAINS
2	Query_43	Specific	273636	137	342	6.13246e-55	181.43	TIGR01453	grpIintron_endo	-	45
2	Query_43	Specific	197761	375	425	2.46491e-07	47.1774	smart00497	IENR1	-	299755
ENDDOMAINS
ENDQUERY
QUERY	Query_44	Peptide	338	orf338_Apibac1_feature_145_from_C_0, ORGANISM Genus species Unclassified.,
DOMAINS
2	Query_44	Specific	334330	51	150	1.23738e-20	84.9806	pfam00961	LAGLIDADG_1	-	45
2	Query_44	Specific	334330	208	307	1.30715e-17	76.8914	pfam00961	LAGLIDADG_1	-	45
ENDDOMAINS
ENDQUERY
QUERY	Query_45	Peptide	290	orf290_Apibac1_feature_149_from_C_0, ORGANISM Genus species Unclassified.,
DOMAINS
2	Query_45	Specific	335245	80	233	5.21909e-36	126.507	pfam03161	LAGLIDADG_2	-	45
ENDDOMAINS
ENDQUERY
QUERY	Query_46	Peptide	351	orf351_Apibac1_feature_153_from_C_0, ORGANISM Genus species Unclassified.,
DOMAINS
2	Query_46	Specific	334330	213	312	3.45956e-15	70.343	pfam00961	LAGLIDADG_1	-	45
ENDDOMAINS
ENDQUERY
QUERY	Query_47	Peptide	319	orf319_Apibac1_feature_157_from_C_0, ORGANISM Genus species Unclassified.,
DOMAINS
2	Query_47	Specific	334330	181	292	5.67291e-14	66.491	pfam00961	LAGLIDADG_1	-	45
2	Query_47	Specific	334330	72	157	3.43178e-05	41.8383	pfam00961	LAGLIDADG_1	-	45
ENDDOMAINS
ENDQUERY
QUERY	Query_48	Peptide	313	orf313_Apibac1_feature_161_from_C_0, ORGANISM Genus species Unclassified.,
DOMAINS
2	Query_48	Specific	334330	193	282	3.57256e-09	53.0091	pfam00961	LAGLIDADG_1	-	45
2	Query_48	Specific	334330	87	154	2.02089e-06	45.3051	pfam00961	LAGLIDADG_1	C	45
ENDDOMAINS
ENDQUERY
QUERY	Query_49	Peptide	274	orf274_Apibac1_feature_165_from_C_0, ORGANISM Genus species Unclassified.,
DOMAINS
2	Query_49	Specific	334330	125	231	4.42749e-16	71.8838	pfam00961	LAGLIDADG_1	-	45
2	Query_49	Specific	334330	6	99	5.23165e-07	46.8459	pfam00961	LAGLIDADG_1	-	45
ENDDOMAINS
ENDQUERY
QUERY	Query_50	Peptide	371	orf371_Apibac1_feature_167_from_C_0, ORGANISM Genus species Unclassified.,
DOMAINS
2	Query_50	Specific	334330	99	196	3.33911e-18	78.8174	pfam00961	LAGLIDADG_1	-	45
2	Query_50	Specific	334330	220	324	4.18375e-15	70.343	pfam00961	LAGLIDADG_1	-	45
ENDDOMAINS
ENDQUERY
QUERY	Query_51	Peptide	391	orf391_Apibac1_feature_171_from_C_0, ORGANISM Genus species Unclassified.,
DOMAINS
2	Query_51	Specific	334330	252	352	4.56712e-29	108.478	pfam00961	LAGLIDADG_1	-	45
2	Query_51	Specific	334330	94	194	9.73521e-26	99.6182	pfam00961	LAGLIDADG_1	-	45
ENDDOMAINS
ENDQUERY
QUERY	Query_52	Peptide	361	orf361_Apibac1_feature_173_from_C_0, ORGANISM Genus species Unclassified.,
DOMAINS
2	Query_52	Specific	334330	86	181	3.00313e-18	78.8174	pfam00961	LAGLIDADG_1	-	45
2	Query_52	Specific	334330	237	322	0.000555236	38.7567	pfam00961	LAGLIDADG_1	-	45
ENDDOMAINS
ENDQUERY
QUERY	Query_53	Peptide	201	orf201_Apibac1_feature_175_from_C_0, ORGANISM Genus species Unclassified.,
DOMAINS
2	Query_53	Specific	334330	42	160	1.80784e-15	68.8022	pfam00961	LAGLIDADG_1	-	45
ENDDOMAINS
ENDQUERY
QUERY	Query_54	Peptide	203	orf203_Apibac1_feature_177_from_C_0, ORGANISM Genus species Unclassified.,
DOMAINS
2	Query_54	Non-specific	273636	8	196	2.62152e-33	118.257	TIGR01453	grpIintron_endo	-	45
ENDDOMAINS
ENDQUERY
QUERY	Query_55	Peptide	212	orf212_Apibac1_feature_179_from_C_0, ORGANISM Genus species Unclassified.,
DOMAINS
2	Query_55	Specific	334330	88	186	4.99296e-25	93.8402	pfam00961	LAGLIDADG_1	-	45
2	Query_55	Specific	334330	3	28	0.000172594	39.1419	pfam00961	LAGLIDADG_1	N	45
ENDDOMAINS
ENDQUERY
QUERY	Query_56	Peptide	754	orf754_Apibac1_feature_183_from_C_0, ORGANISM Genus species Unclassified.,
DOMAINS
2	Query_56	Specific	238828	255	529	4.77391e-96	297.19	cd01651	RT_G2_intron	-	295487
2	Query_56	Specific	279664	555	711	2.20592e-49	169.958	pfam01348	Intron_maturas2	-	45
ENDDOMAINS
SITES
2	Query_56	Specific	putative active site	D328,I329,K330,G331,F332,F333,Q381,G382,Y473,D475,D476,L525,G526	13	13	238828
2	Query_56	Specific	putative nucleic acid binding site	G382	1	1	238828
2	Query_56	Specific	putative NTP binding site	D328,I329,K330,G331,F332,F333,Q381,D475	8	8	238828
ENDSITES
ENDQUERY
QUERY	Query_57	Peptide	313	orf313_Apibac1_feature_187_from_C_0, ORGANISM Genus species Unclassified.,
DOMAINS
2	Query_57	Specific	334330	151	271	4.23133e-20	83.0546	pfam00961	LAGLIDADG_1	-	45
2	Query_57	Specific	334330	32	127	2.24315e-08	51.0831	pfam00961	LAGLIDADG_1	-	45
ENDDOMAINS
ENDQUERY
QUERY	Query_58	Peptide	352	orf352_Apibac1_feature_191_from_C_0, ORGANISM Genus species Unclassified.,
DOMAINS
2	Query_58	Specific	198392	98	185	8.37161e-27	101.534	cd10445	GIY-YIG_bI1_like	-	353929
2	Query_58	Specific	284793	210	247	0.00140317	35.566	pfam07453	NUMOD1	-	299755
ENDDOMAINS
SITES
2	Query_58	Specific	putative active site	Y100,Y111,G113,R121,Y125,E170,N182	7	7	198392
2	Query_58	Specific	putative metal binding site	E170	1	1	198392
2	Query_58	Specific	GIY-YIG motif/motif A	G98,V99,Y100,Y111,V112,G113	6	6	198392
ENDSITES
ENDQUERY
QUERY	Query_59	Peptide	830	orf830_Apibac1_feature_193_from_C_0, ORGANISM Genus species Unclassified.,
DOMAINS
2	Query_59	Specific	238828	276	553	3.04601e-82	262.522	cd01651	RT_G2_intron	-	295487
2	Query_59	Non-specific	279664	582	700	2.03901e-19	85.2138	pfam01348	Intron_maturas2	-	45
ENDDOMAINS
SITES
2	Query_59	Specific	putative active site	D351,F352,T353,Q354,A355,F356,Q405,G406,Y497,D499,D500,L549,G550	13	13	238828
2	Query_59	Specific	putative nucleic acid binding site	G406	1	1	238828
2	Query_59	Specific	putative NTP binding site	D351,F352,T353,Q354,A355,F356,Q405,D499	8	8	238828
ENDSITES
ENDQUERY
QUERY	Query_63	Peptide	131	orf130_Apibac1_feature_204_from_C_0, ORGANISM Genus species Unclassified.,
DOMAINS
2	Query_63	Superfamily	353046	50	130	3.37132e-06	44.6221	cl10023	POLBc	NC	-
ENDDOMAINS
SITES
2	Query_63	Generic	active site	D81	8	1	99912
2	Query_63	Generic	metal-binding site 	D79,D81,S82	3	3	99912
ENDSITES
ENDQUERY
ENDSESSION	2
SESSION	3	blastp	2.10.0+	/opt/rpsbproc/db/Cdd	BLOSUM62	0.01
QUERY	Query_64	Peptide	91	orf91_Apibac1_feature_206_from_C_0, ORGANISM Genus species Unclassified.,
DOMAINS
3	Query_64	Superfamily	355698	1	91	1.08419e-15	70.0695	cl28058	DNA_pol_B_2	N	-
ENDDOMAINS
ENDQUERY
QUERY	Query_65	Peptide	164	orf163_Apibac1_feature_208_from_C_0, ORGANISM Genus species Unclassified.,
DOMAINS
3	Query_65	Superfamily	355698	1	157	4.39543e-26	102.426	cl28058	DNA_pol_B_2	NC	-
ENDDOMAINS
ENDQUERY
QUERY	Query_66	Peptide	129	orf129_Apibac1_feature_210_from_C_0, ORGANISM Genus species Unclassified.,
DOMAINS
3	Query_66	Superfamily	355698	15	128	6.24474e-13	63.9064	cl28058	DNA_pol_B_2	C	-
ENDDOMAINS
ENDQUERY
QUERY	Query_67	Peptide	137	nad3_Apibac1_feature_214_from_C_0, ORGANISM Genus species Unclassified.,
DOMAINS
3	Query_67	Specific	334119	19	113	1.99412e-19	76.685	pfam00507	Oxidored_q4	-	351141
ENDDOMAINS
ENDQUERY
QUERY	Query_68	Peptide	279	orf279_Apibac1_feature_218_from_C_0, ORGANISM Genus species Unclassified.,
DOMAINS
3	Query_68	Specific	334330	147	247	1.09689e-26	100.003	pfam00961	LAGLIDADG_1	-	45
3	Query_68	Specific	334330	4	89	1.2578e-21	86.5214	pfam00961	LAGLIDADG_1	-	45
ENDDOMAINS
ENDQUERY
QUERY	Query_70	Peptide	318	orf318_Apibac1_feature_225_from_C_0, ORGANISM Genus species Unclassified.,
DOMAINS
3	Query_70	Specific	334330	34	131	1.39013e-24	95.381	pfam00961	LAGLIDADG_1	-	45
3	Query_70	Specific	334330	189	290	1.3015e-17	76.5062	pfam00961	LAGLIDADG_1	-	45
ENDDOMAINS
ENDQUERY
QUERY	Query_71	Peptide	796	orf796_Apibac1_feature_229_from_C_0, ORGANISM Genus species Unclassified.,
DOMAINS
3	Query_71	Specific	238828	265	533	2.25772e-98	304.124	cd01651	RT_G2_intron	-	295487
3	Query_71	Non-specific	279664	560	674	4.39015e-19	84.0582	pfam01348	Intron_maturas2	-	45
ENDDOMAINS
SITES
3	Query_71	Specific	putative active site	D339,I340,S341,K342,C343,F344,Q394,G395,Y477,D479,D480,L529,G530	13	13	238828
3	Query_71	Specific	putative nucleic acid binding site	G395	1	1	238828
3	Query_71	Specific	putative NTP binding site	D339,I340,S341,K342,C343,F344,Q394,D479	8	8	238828
ENDSITES
ENDQUERY
QUERY	Query_72	Peptide	383	orf383_Apibac1_feature_231_from_C_0, ORGANISM Genus species Unclassified.,
DOMAINS
3	Query_72	Specific	334330	95	195	1.80503e-24	96.1514	pfam00961	LAGLIDADG_1	-	45
3	Query_72	Specific	334330	254	351	3.64566e-19	81.5138	pfam00961	LAGLIDADG_1	-	45
ENDDOMAINS
ENDQUERY
QUERY	Query_73	Peptide	159	orf159_Apibac1_feature_235_from_C_0, ORGANISM Genus species Unclassified.,
DOMAINS
3	Query_73	Specific	334330	14	97	1.46145e-20	80.7434	pfam00961	LAGLIDADG_1	-	45
ENDDOMAINS
ENDQUERY
QUERY	Query_74	Peptide	174	orf175_Apibac1_feature_250_from_C_0, ORGANISM Genus species Unclassified.,
DOMAINS
3	Query_74	Superfamily	353929	119	163	6.58453e-10	52.9984	cl15257	GIY-YIG_SF	C	-
ENDDOMAINS
SITES
3	Query_74	Generic	active site	Y121,Y132,G134,R142,Y146	6	5	198380
3	Query_74	Generic	catalytic site	R142	2	1	198380
3	Query_74	Generic	GIY-YIG motif/motif A	G119,I120,Y121,Y132,V133,G134	6	6	198380
ENDSITES
ENDQUERY
QUERY	Query_76	Peptide	424	orf425_Apibac1_feature_264_from_C_0, ORGANISM Genus species Unclassified.,
DOMAINS
3	Query_76	Specific	334330	27	124	1.82561e-16	74.195	pfam00961	LAGLIDADG_1	-	45
ENDDOMAINS
ENDQUERY
QUERY	Query_78	Peptide	204	orf205_Apibac1_feature_268_from_C_0, ORGANISM Genus species Unclassified.,
DOMAINS
3	Query_78	Specific	334330	17	114	1.39507e-21	84.5954	pfam00961	LAGLIDADG_1	-	45
ENDDOMAINS
ENDQUERY
QUERY	Query_79	Peptide	280	orf281_Apibac1_feature_270_from_C_0, ORGANISM Genus species Unclassified.,
DOMAINS
3	Query_79	Non-specific	273636	65	273	1.67117e-33	121.339	TIGR01453	grpIintron_endo	-	45
ENDDOMAINS
ENDQUERY
QUERY	Query_81	Peptide	177	orf178_Apibac1_feature_284_from_C_0, ORGANISM Genus species Unclassified.,
DOMAINS
3	Query_81	Specific	334330	42	144	4.96617e-16	69.5726	pfam00961	LAGLIDADG_1	-	45
ENDDOMAINS
ENDQUERY
QUERY	Query_82	Peptide	164	orf165_Apibac1_feature_286_from_C_0, ORGANISM Genus species Unclassified.,
DOMAINS
3	Query_82	Specific	334330	39	123	5.1093e-19	76.8914	pfam00961	LAGLIDADG_1	-	45
ENDDOMAINS
ENDQUERY
QUERY	Query_83	Peptide	235	nad6_Apibac1_feature_288_from_C_0, ORGANISM Genus species Unclassified.,
DOMAINS
3	Query_83	Superfamily	354830	25	135	1.43994e-13	66.7833	cl21484	Oxidored_q3	C	-
ENDDOMAINS
ENDQUERY
QUERY	Query_85	Peptide	236	cox3_Apibac1_feature_302_from_C_0, ORGANISM Genus species Unclassified.,
DOMAINS
3	Query_85	Specific	278911	12	236	2.92629e-109	314.734	pfam00510	COX3	-	294143
ENDDOMAINS
SITES
3	Query_85	Specific	Subunit I/III interface	A82,K85,G86,S97,L100,A104,I105,H111,G166,A167,T170,F174	12	12	238834
3	Query_85	Specific	Subunit III/Vb interface	G133	1	1	238834
3	Query_85	Specific	Subunit III/VIb interface	I127	1	1	238834
3	Query_85	Specific	Subunit III/VIIa interface	I64,R67,D68,S71,T74,L75,L76	7	7	238834
3	Query_85	Specific	Phospholipid binding site	W65,F66,I69,I70,A73,H79,G90,I91,F94,F189,R196,V208,G209	13	13	238834
ENDSITES
ENDQUERY
QUERY	Query_86	Peptide	348	orf348_Apibac1_feature_306_from_C_0, ORGANISM Genus species Unclassified.,
DOMAINS
3	Query_86	Specific	334330	59	159	1.51953e-27	103.855	pfam00961	LAGLIDADG_1	-	45
3	Query_86	Specific	334330	217	317	1.51032e-25	98.4626	pfam00961	LAGLIDADG_1	-	45
ENDDOMAINS
ENDQUERY
QUERY	Query_87	Peptide	134	orf134_Apibac1_feature_310_from_C_0, ORGANISM Genus species Unclassified.,
DOMAINS
3	Query_87	Specific	335245	1	122	3.53069e-35	119.188	pfam03161	LAGLIDADG_2	-	45
ENDDOMAINS
ENDQUERY
QUERY	Query_88	Peptide	175	orf175_Apibac1_feature_312_from_C_0, ORGANISM Genus species Unclassified.,
DOMAINS
3	Query_88	Specific	334330	35	136	1.80481e-30	106.552	pfam00961	LAGLIDADG_1	-	45
ENDDOMAINS
ENDQUERY
QUERY	Query_89	Peptide	795	orf795_Apibac1_feature_314_from_C_0, ORGANISM Genus species Unclassified.,
DOMAINS
3	Query_89	Specific	238828	279	545	3.42147e-83	264.448	cd01651	RT_G2_intron	-	295487
3	Query_89	Non-specific	279664	567	688	1.34865e-22	94.0734	pfam01348	Intron_maturas2	-	45
ENDDOMAINS
SITES
3	Query_89	Specific	putative active site	D353,I354,S355,K356,C357,F358,Q407,G408,Y490,D492,D493,L541,G542	13	13	238828
3	Query_89	Specific	putative nucleic acid binding site	G408	1	1	238828
3	Query_89	Specific	putative NTP binding site	D353,I354,S355,K356,C357,F358,Q407,D492	8	8	238828
ENDSITES
ENDQUERY
QUERY	Query_90	Peptide	405	orf405_Apibac1_feature_318_from_C_0, ORGANISM Genus species Unclassified.,
DOMAINS
3	Query_90	Specific	334330	121	219	2.90526e-24	95.7662	pfam00961	LAGLIDADG_1	-	45
3	Query_90	Specific	334330	276	373	3.94338e-24	95.381	pfam00961	LAGLIDADG_1	-	45
ENDDOMAINS
ENDQUERY
QUERY	Query_91	Peptide	206	orf206_Apibac1_feature_323_from_C_0, ORGANISM Genus species Unclassified.,
DOMAINS
3	Query_91	Specific	334330	80	177	1.87795e-21	84.2102	pfam00961	LAGLIDADG_1	-	45
ENDDOMAINS
ENDQUERY
QUERY	Query_92	Peptide	228	orf229_Apibac1_feature_325_from_C_0, ORGANISM Genus species Unclassified.,
DOMAINS
3	Query_92	Specific	334330	134	228	7.99754e-23	88.4474	pfam00961	LAGLIDADG_1	-	45
ENDDOMAINS
ENDQUERY
QUERY	Query_94	Peptide	106	orf106_Apibac1_feature_329_from_C_0, ORGANISM Genus species Unclassified.,
DOMAINS
3	Query_94	Non-specific	279664	1	106	1.93362e-37	122.963	pfam01348	Intron_maturas2	C	45
ENDDOMAINS
ENDQUERY
QUERY	Query_95	Peptide	367	orf367_Apibac1_feature_331_from_C_0, ORGANISM Genus species Unclassified.,
DOMAINS
3	Query_95	Specific	238828	103	364	6.19405e-80	244.033	cd01651	RT_G2_intron	-	295487
ENDDOMAINS
SITES
3	Query_95	Specific	putative active site	D176,I177,K178,A179,F180,F181,Q229,G230,Y331,D333,D334	13	11	238828
3	Query_95	Specific	putative nucleic acid binding site	G230	1	1	238828
3	Query_95	Specific	putative NTP binding site	D176,I177,K178,A179,F180,F181,Q229,D333	8	8	238828
ENDSITES
ENDQUERY
QUERY	Query_98	Peptide	401	cob_Apibac1_feature_339_from_C_0, ORGANISM Genus species Unclassified.,
DOMAINS
3	Query_98	Specific	214440	10	367	5.6639e-176	494.301	MTH00156	CYTB	-	45
ENDDOMAINS
ENDQUERY
QUERY	Query_99	Peptide	289	orf289_Apibac1_feature_343_from_C_0, ORGANISM Genus species Unclassified.,
DOMAINS
3	Query_99	Non-specific	273636	137	260	7.1267e-36	127.887	TIGR01453	grpIintron_endo	C	45
ENDDOMAINS
ENDQUERY
QUERY	Query_100	Peptide	125	orf125_Apibac1_feature_345_from_C_0, ORGANISM Genus species Unclassified.,
DOMAINS
3	Query_100	Specific	335245	3	83	7.47474e-23	87.2163	pfam03161	LAGLIDADG_2	N	45
ENDDOMAINS
ENDQUERY
QUERY	Query_101	Peptide	165	orf165_Apibac1_feature_347_from_C_0, ORGANISM Genus species Unclassified.,
DOMAINS
3	Query_101	Specific	273636	1	162	5.92636e-43	141.754	TIGR01453	grpIintron_endo	-	45
ENDDOMAINS
ENDQUERY
ENDSESSION	3
SESSION	4	blastp	2.10.0+	/opt/rpsbproc/db/Cdd	BLOSUM62	0.01
QUERY	Query_105	Peptide	228	orf228_Apibac1_feature_361_from_C_0, ORGANISM Genus species Unclassified.,
DOMAINS
4	Query_105	Specific	335245	40	210	1.5025e-57	179.664	pfam03161	LAGLIDADG_2	-	45
ENDDOMAINS
ENDQUERY
QUERY	Query_107	Peptide	453	orf453_Apibac1_feature_369_from_C_0, ORGANISM Genus species Unclassified.,
DOMAINS
4	Query_107	Superfamily	353929	388	444	7.51842e-12	61.0876	cl15257	GIY-YIG_SF	C	-
4	Query_107	Specific	334330	76	141	1.13367e-05	43.7643	pfam00961	LAGLIDADG_1	C	45
ENDDOMAINS
SITES
4	Query_107	Generic	active site	Y391,Y402,G404,R412,Y416	6	5	198380
4	Query_107	Generic	catalytic site	R412	2	1	198380
4	Query_107	Generic	GIY-YIG motif/motif A	G389,I390,Y391,Y402,I403,G404	6	6	198380
ENDSITES
ENDQUERY
QUERY	Query_108	Peptide	299	orf299_Apibac1_feature_373_from_C_0, ORGANISM Genus species Unclassified.,
DOMAINS
4	Query_108	Specific	334330	48	158	1.11665e-05	43.3791	pfam00961	LAGLIDADG_1	-	45
ENDDOMAINS
ENDQUERY
QUERY	Query_110	Peptide	308	orf308_Apibac1_feature_381_from_C_0, ORGANISM Genus species Unclassified.,
DOMAINS
4	Query_110	Non-specific	273636	90	302	8.1895e-26	101.694	TIGR01453	grpIintron_endo	-	45
ENDDOMAINS
ENDQUERY
QUERY	Query_112	Peptide	762	orf762_Apibac1_feature_387_from_C_0, ORGANISM Genus species Unclassified.,
DOMAINS
4	Query_112	Specific	238828	268	534	4.2319e-94	292.183	cd01651	RT_G2_intron	-	295487
4	Query_112	Non-specific	279664	562	667	2.1847e-28	110.637	pfam01348	Intron_maturas2	-	45
4	Query_112	Specific	238038	701	752	0.000541097	38.6068	cd00085	HNHc	N	350893
ENDDOMAINS
SITES
4	Query_112	Specific	putative active site	D342,L343,A344,K345,F346,F347,Q395,G396,Y481,D483,D484,L532,G533	13	13	238828
4	Query_112	Specific	putative nucleic acid binding site	G396	1	1	238828
4	Query_112	Specific	putative NTP binding site	D342,L343,A344,K345,F346,F347,Q395,D483	8	8	238828
4	Query_112	Specific	active site	E712,H714,H715,I716,A718,N737,R738,C744,R745,H748,H752	11	11	238038
ENDSITES
ENDQUERY
QUERY	Query_114	Peptide	316	orf317_Apibac1_feature_394_from_C_0, ORGANISM Genus species Unclassified.,
DOMAINS
4	Query_114	Non-specific	273636	4	174	5.48022e-28	107.857	TIGR01453	grpIintron_endo	-	45
4	Query_114	Specific	197761	262	316	0.00146087	36.0066	smart00497	IENR1	-	299755
ENDDOMAINS
ENDQUERY
QUERY	Query_115	Peptide	240	orf241_Apibac1_feature_396_from_C_0, ORGANISM Genus species Unclassified.,
DOMAINS
4	Query_115	Non-specific	273636	79	228	3.11186e-37	129.813	TIGR01453	grpIintron_endo	C	45
ENDDOMAINS
ENDQUERY
QUERY	Query_116	Peptide	422	orf423_Apibac1_feature_398_from_C_0, ORGANISM Genus species Unclassified.,
DOMAINS
4	Query_116	Non-specific	273636	80	278	2.95985e-36	132.124	TIGR01453	grpIintron_endo	-	45
4	Query_116	Specific	284793	369	404	0.00161535	35.9512	pfam07453	NUMOD1	-	299755
ENDDOMAINS
ENDQUERY
QUERY	Query_118	Peptide	380	orf380_Apibac1_feature_402_from_C_0, ORGANISM Genus species Unclassified.,
DOMAINS
4	Query_118	Specific	198392	1	83	6.21576e-23	91.5184	cd10445	GIY-YIG_bI1_like	-	353929
4	Query_118	Specific	197761	325	372	0.00881724	34.0806	smart00497	IENR1	-	299755
ENDDOMAINS
SITES
4	Query_118	Specific	putative active site	Y11,G13,R21,Y25,E68,N80	7	6	198392
4	Query_118	Specific	putative metal binding site	E68	1	1	198392
ENDSITES
ENDQUERY
QUERY	Query_119	Peptide	264	atp6_Apibac1_feature_404_from_C_0, ORGANISM Genus species Unclassified.,
DOMAINS
4	Query_119	Specific	273458	39	261	4.66553e-49	161.22	TIGR01131	ATP_synt_6_or_A	-	351082
ENDDOMAINS
ENDQUERY
QUERY	Query_120	Peptide	344	orf344_Apibac1_feature_408_from_C_0, ORGANISM Genus species Unclassified.,
DOMAINS
4	Query_120	Specific	334330	58	157	4.8536e-24	94.2254	pfam00961	LAGLIDADG_1	-	45
4	Query_120	Specific	334330	217	312	8.86347e-19	79.973	pfam00961	LAGLIDADG_1	-	45
ENDDOMAINS
ENDQUERY
QUERY	Query_122	Peptide	169	orf169_Apibac1_feature_417_from_C_0, ORGANISM Genus species Unclassified.,
DOMAINS
4	Query_122	Non-specific	273636	47	164	7.74056e-20	82.0485	TIGR01453	grpIintron_endo	C	45
ENDDOMAINS
ENDQUERY
QUERY	Query_123	Peptide	279	nad1_Apibac1_feature_419_from_C_0, ORGANISM Genus species Unclassified.,
DOMAINS
4	Query_123	Specific	333876	5	264	5.55846e-75	230.822	pfam00146	NADHdh	N	351105
ENDDOMAINS
ENDQUERY
QUERY	Query_124	Peptide	324	orf324_Apibac1_feature_423_from_C_0, ORGANISM Genus species Unclassified.,
DOMAINS
4	Query_124	Specific	273636	105	320	2.95947e-57	184.126	TIGR01453	grpIintron_endo	-	45
ENDDOMAINS
SITES
4	Query_124	Generic	DNA binding site	N247,P248,M249,F250,H254,T258,I262,S263,S267,P270,L271,V273,V290,K294,S299,T302,G304,K305,Y306,Y317	21	20	238175
ENDSITES
ENDQUERY
QUERY	Query_125	Peptide	707	orf707_Apibac1_feature_427_from_C_0, ORGANISM Genus species Unclassified.,
DOMAINS
4	Query_125	Specific	214677	287	369	1.20409e-06	46.6456	smart00465	GIYc	-	353929
4	Query_125	Specific	197761	647	702	1.19754e-05	42.9402	smart00497	IENR1	-	299755
4	Query_125	Specific	284793	566	605	9.52321e-05	39.8032	pfam07453	NUMOD1	-	299755
4	Query_125	Specific	284793	490	527	0.00286413	35.566	pfam07453	NUMOD1	-	299755
ENDDOMAINS
ENDQUERY
ENDSESSION	4
ENDDATA
