#Post-RPSBLAST Processing Utility

#Input data file:	Armbor1_MitoAssemblyScaffolds.fasta.new.sqn.gbf_converted.faa.asn
#Output data file:	Armbor1_MitoAssemblyScaffolds.fasta.new.sqn.gbf_converted.faa.asn.out
#Annotation data at:	/opt/rpsbproc/data
#E-Value cutoff:	0.01
#Redundancy:	Concise
#Data requested:	Domain hits and site annotations
#Output format -- tab-delimited table
#Show superfamilies: NO
#DATA
#SESSION	<session-ordinal>	<program>	<database>	<score-matrix>	<evalue-threshold>
#QUERY	<query-id>	<seq-type>	<seq-length>	<definition-line>
#DOMAINS
#<session-ordinal>	<query-id[readingframe]>	<hit-type>	<PSSM-ID>	<from>	<to>	<E-Value>	<bitscore>	<accession>	<short-name>	<incomplete>	<superfamily PSSM-ID>
#more such lines......
#ENDDOMAINS
#SITES
#<session-ordinal>	<query-id[readingframe]>	<annot-type>	<title>	<residue(coordinates)>	<complete-size>	<mapped-size>	<source-domain>
#more such lines......
#ENDSITES
#MOTIFS
#<session-ordinal>	<query-id[readingframe]>	<title>	<from>	<to>	<source-domain>
#more such lines......
#ENDMOTIFS
#ENDQUERY	<query-id>
#more query sections..
#ENDSESSION	<session-ordinal>
#more session sections..
#ENDDATA
#=====================================================================
DATA
SESSION	1	blastp	2.10.0+	/opt/rpsbproc/db/Cdd	BLOSUM62	0.01
QUERY	Query_1	Peptide	88	nad4L_Armbor1_feature_2_from_C_0, ORGANISM Genus species Unclassified.,
DOMAINS
1	Query_1	Superfamily	351118	1	88	5.43386e-15	63.8977	cl00492	Oxidored_q2	-	-
ENDDOMAINS
ENDQUERY
QUERY	Query_2	Peptide	660	nad5_Armbor1_feature_4_from_C_0, ORGANISM Genus species Unclassified.,
DOMAINS
1	Query_2	Non-specific	177253	1	616	0	594.679	MTH00210	ND5	-	45
ENDDOMAINS
ENDQUERY
QUERY	Query_3	Peptide	211	orf211_Armbor1_feature_8_from_C_0, ORGANISM Genus species Unclassified.,
DOMAINS
1	Query_3	Specific	335245	19	190	3.06599e-30	109.173	pfam03161	LAGLIDADG_2	-	45
ENDDOMAINS
ENDQUERY
QUERY	Query_4	Peptide	338	nad1_Armbor1_feature_17_from_C_0, ORGANISM Genus species Unclassified.,
DOMAINS
1	Query_4	Specific	333876	20	326	5.49743e-120	347.923	pfam00146	NADHdh	-	351105
ENDDOMAINS
ENDQUERY
QUERY	Query_5	Peptide	132	orf132_Armbor1_feature_21_from_C_0, ORGANISM Genus species Unclassified.,
DOMAINS
1	Query_5	Non-specific	273636	2	118	4.4194e-21	83.9745	TIGR01453	grpIintron_endo	N	45
ENDDOMAINS
SITES
1	Query_5	Generic	DNA binding site	N46,P47,M48,Y49,H53,S57,I61,S62,S66,K67,T69,V87,Q91,T96,T99,S101,K102,Y103,Y114	21	19	238175
ENDSITES
ENDQUERY
QUERY	Query_7	Peptide	391	cob_Armbor1_feature_28_from_C_0, ORGANISM Genus species Unclassified.,
DOMAINS
1	Query_7	Specific	214440	10	366	5.20677e-172	483.9	MTH00156	CYTB	-	45
ENDDOMAINS
ENDQUERY
QUERY	Query_8	Peptide	262	orf262_Armbor1_feature_32_from_C_0, ORGANISM Genus species Unclassified.,
DOMAINS
1	Query_8	Specific	334330	132	234	4.2718e-12	60.7131	pfam00961	LAGLIDADG_1	-	45
1	Query_8	Specific	334330	3	61	4.35389e-05	41.4531	pfam00961	LAGLIDADG_1	N	45
ENDDOMAINS
ENDQUERY
QUERY	Query_9	Peptide	240	orf240_Armbor1_feature_36_from_C_0, ORGANISM Genus species Unclassified.,
DOMAINS
1	Query_9	Superfamily	353929	22	111	9.45601e-19	77.6512	cl15257	GIY-YIG_SF	-	-
1	Query_9	Non-specific	273636	22	235	5.64594e-17	76.6557	TIGR01453	grpIintron_endo	-	45
ENDDOMAINS
SITES
1	Query_9	Generic	active site	Y25,Y36,G38,R48,H52,E96	6	6	198380
1	Query_9	Generic	catalytic site	R48,E96	2	2	198380
1	Query_9	Generic	metal binding site	E96	1	1	198380
1	Query_9	Generic	GIY-YIG motif/motif A	G23,T24,Y25,Y36,V37,G38	6	6	198380
ENDSITES
ENDQUERY
QUERY	Query_10	Peptide	153	orf153_Armbor1_feature_40_from_C_0, ORGANISM Genus species Unclassified.,
DOMAINS
1	Query_10	Specific	334330	47	138	2.18632e-07	46.0755	pfam00961	LAGLIDADG_1	-	45
ENDDOMAINS
ENDQUERY
QUERY	Query_11	Peptide	182	orf182_Armbor1_feature_46_from_C_0, ORGANISM Genus species Unclassified.,
DOMAINS
1	Query_11	Specific	335245	5	164	4.70684e-49	156.167	pfam03161	LAGLIDADG_2	-	45
ENDDOMAINS
ENDQUERY
QUERY	Query_12	Peptide	466	orf466_Armbor1_feature_50_from_C_0, ORGANISM Genus species Unclassified.,
DOMAINS
1	Query_12	Specific	334330	50	147	2.85882e-17	76.8914	pfam00961	LAGLIDADG_1	-	45
1	Query_12	Specific	334330	193	310	1.15212e-06	46.8459	pfam00961	LAGLIDADG_1	-	45
ENDDOMAINS
ENDQUERY
QUERY	Query_13	Peptide	124	orf124_Armbor1_feature_56_from_C_0, ORGANISM Genus species Unclassified.,
DOMAINS
1	Query_13	Specific	335245	7	118	2.09467e-24	91.0683	pfam03161	LAGLIDADG_2	C	45
ENDDOMAINS
ENDQUERY
QUERY	Query_15	Peptide	253	cox2_Armbor1_feature_63_from_C_0, ORGANISM Genus species Unclassified.,
DOMAINS
1	Query_15	Non-specific	214402	7	251	3.24922e-112	322.085	MTH00023	COX2	-	45
ENDDOMAINS
ENDQUERY
QUERY	Query_17	Peptide	168	orf168_Armbor1_feature_69_from_C_0, ORGANISM Genus species Unclassified.,
DOMAINS
1	Query_17	Specific	335245	11	164	3.24202e-33	115.336	pfam03161	LAGLIDADG_2	-	45
ENDDOMAINS
ENDQUERY
QUERY	Query_19	Peptide	267	orf267_Armbor1_feature_77_from_C_0, ORGANISM Genus species Unclassified.,
DOMAINS
1	Query_19	Specific	335245	76	243	2.2621e-56	178.123	pfam03161	LAGLIDADG_2	-	45
ENDDOMAINS
ENDQUERY
QUERY	Query_24	Peptide	677	orf677_Armbor1_feature_106_from_C_0, ORGANISM Genus species Unclassified.,
DOMAINS
1	Query_24	Superfamily	355698	107	479	5.24432e-51	183.703	cl28058	DNA_pol_B_2	-	-
ENDDOMAINS
ENDQUERY
QUERY	Query_27	Peptide	285	cox3_Armbor1_feature_120_from_C_0, ORGANISM Genus species Unclassified.,
DOMAINS
1	Query_27	Superfamily	294143	25	281	9.11728e-102	297.785	cl00211	Heme_Cu_Oxidase_III_like	-	-
ENDDOMAINS
SITES
1	Query_27	Specific	Subunit I/III interface	E95,K98,G99,S110,M113,T117,V118,H124,G211,I212,T215,C219	12	12	238834
1	Query_27	Specific	Subunit III/Vb interface	D178	1	1	238834
1	Query_27	Specific	Subunit III/VIa interface	F147,S148,I149,Y166,V192,S202,N203,S204,S209,D210,G211	11	11	238834
1	Query_27	Specific	Subunit III/VIb interface	L139	1	1	238834
1	Query_27	Specific	Subunit III/VIIa interface	F77,G80,D81,T84,S87,I88,L89	7	7	238834
1	Query_27	Specific	Phospholipid binding site	W78,F79,I82,N83,G86,H92,G103,F104,F107,F234,R241,V253,G254	13	13	238834
ENDSITES
ENDQUERY
QUERY	Query_28	Peptide	122	nad3_Armbor1_feature_125_from_C_0, ORGANISM Genus species Unclassified.,
DOMAINS
1	Query_28	Specific	334119	27	112	6.28513e-25	90.167	pfam00507	Oxidored_q4	-	351141
ENDDOMAINS
ENDQUERY
QUERY	Query_29	Peptide	469	nad2_Armbor1_feature_127_from_C_0, ORGANISM Genus species Unclassified.,
DOMAINS
1	Query_29	Superfamily	356474	25	456	2.23447e-62	209.804	cl29598	Proton_antipo_M	-	-
ENDDOMAINS
ENDQUERY
QUERY	Query_31	Peptide	185	orf185_Armbor1_feature_131_from_C_0, ORGANISM Genus species Unclassified.,
DOMAINS
1	Query_31	Superfamily	355698	1	118	0.000586934	39.2536	cl28058	DNA_pol_B_2	N	-
ENDDOMAINS
ENDQUERY
QUERY	Query_33	Peptide	84	orf84_Armbor1_feature_135_from_C_0, ORGANISM Genus species Unclassified.,
DOMAINS
1	Query_33	Superfamily	355698	4	84	2.09382e-10	54.7816	cl28058	DNA_pol_B_2	NC	-
ENDDOMAINS
ENDQUERY
QUERY	Query_34	Peptide	148	orf148_Armbor1_feature_137_from_C_0, ORGANISM Genus species Unclassified.,
DOMAINS
1	Query_34	Superfamily	355698	7	129	9.5892e-16	72.3807	cl28058	DNA_pol_B_2	C	-
ENDDOMAINS
ENDQUERY
QUERY	Query_37	Peptide	201	nad6_Armbor1_feature_143_from_C_0, ORGANISM Genus species Unclassified.,
DOMAINS
1	Query_37	Superfamily	354830	8	104	1.7246e-20	84.5025	cl21484	Oxidored_q3	C	-
ENDDOMAINS
ENDQUERY
QUERY	Query_38	Peptide	115	orf115_Armbor1_feature_145_from_C_0, ORGANISM Genus species Unclassified.,
DOMAINS
1	Query_38	Specific	334330	17	109	1.42064e-09	50.6979	pfam00961	LAGLIDADG_1	-	45
ENDDOMAINS
ENDQUERY
ENDSESSION	1
SESSION	2	blastp	2.10.0+	/opt/rpsbproc/db/Cdd	BLOSUM62	0.01
QUERY	Query_40	Peptide	264	orf265_Armbor1_feature_149_from_C_0, ORGANISM Genus species Unclassified.,
DOMAINS
2	Query_40	Specific	334330	135	234	6.01429e-24	92.2994	pfam00961	LAGLIDADG_1	-	45
ENDDOMAINS
ENDQUERY
QUERY	Query_41	Peptide	103	orf103_Armbor1_feature_151_from_C_0, ORGANISM Genus species Unclassified.,
DOMAINS
2	Query_41	Specific	334330	25	72	1.09142e-05	40.2975	pfam00961	LAGLIDADG_1	N	45
ENDDOMAINS
ENDQUERY
QUERY	Query_42	Peptide	52	atp8_Armbor1_feature_161_from_C_0, ORGANISM Genus species Unclassified.,
DOMAINS
2	Query_42	Non-specific	283561	1	48	0.000124028	34.6894	pfam05933	Fun_ATP-synt_8	-	45
ENDDOMAINS
ENDQUERY
QUERY	Query_43	Peptide	527	cox1_Armbor1_feature_175_from_C_0, ORGANISM Genus species Unclassified.,
DOMAINS
2	Query_43	Specific	238833	7	485	0	812.099	cd01663	Cyt_c_Oxidase_I	-	350997
ENDDOMAINS
SITES
2	Query_43	Specific	Binuclear center (heme a3/CuB)	H239,H288,H289,H374	4	4	238833
2	Query_43	Specific	Low-spin heme (heme a) binding site	H60,H376,S380,T422,S459	5	5	238833
2	Query_43	Specific	D-pathway	Y16,N79,D90,N97,S100,S155,S156,N162,T166	9	9	238833
2	Query_43	Specific	K-pathway	H239,Y243,S254,H288,H289,T314,K317	7	7	238833
2	Query_43	Specific	Electron transfer pathway	F375,R436,R437	3	3	238833
2	Query_43	Specific	Putative proton exit pathway	H289,H366,D367,R436,R437	5	5	238833
2	Query_43	Specific	Putative water exit pathway	D226,Q231,H232,D362,H366,D367,R436	7	7	238833
2	Query_43	Specific	Subunit I/II interface	N54,D226,K263,F266,G267,A292,V293,G294,V297,R300,M308,I316,F319,Y326,G327,G328,L340,N358,A359,L361,I363,A364,F365,H366,D367,M431,A432,R436,R437,V438,G447,W448	32	32	238833
2	Query_43	Specific	Subunit I/III interface	T7,P89,F93,R95,W102,D143,F147,C165,N169,I189,L196,P199,M207,T216,S217,F218,G223,G224,D226,F236,Y273,L276,G279,I280,L284	25	25	238833
2	Query_43	Specific	Subunit I/IV interface	L36,S39,S40,F406,K409,I410,D443,V461	8	8	238833
2	Query_43	Specific	Subunit I/VIa interface	V134,R212,N213,F214,N215	5	5	238833
2	Query_43	Specific	Subunit I/VIb interface	G294	1	1	238833
2	Query_43	Specific	Subunit I/VIc interface	G327	1	1	238833
2	Query_43	Specific	Subunit I/VIIa interface	L113,L116	2	2	238833
2	Query_43	Specific	Subunit I/VIIb interface	D443,G447	2	2	238833
2	Query_43	Specific	Subunit I/VIIc interface	F22,I26,A29,M33,A115,L116,I398,Y471,F474	9	9	238833
2	Query_43	Specific	Subunit I/VIIIb interface	Y407,I464	2	2	238833
2	Query_43	Specific	Dimer interface	I189,L196,F236,Y273,L276,G279,I280,L284	8	8	238833
ENDSITES
ENDQUERY
QUERY	Query_44	Peptide	304	orf304_Armbor1_feature_183_from_C_0, ORGANISM Genus species Unclassified.,
DOMAINS
2	Query_44	Specific	334330	159	259	1.36036e-13	65.3354	pfam00961	LAGLIDADG_1	-	45
2	Query_44	Specific	334330	47	113	0.00222168	36.8307	pfam00961	LAGLIDADG_1	C	45
ENDDOMAINS
ENDQUERY
QUERY	Query_45	Peptide	165	orf165_Armbor1_feature_187_from_C_0, ORGANISM Genus species Unclassified.,
DOMAINS
2	Query_45	Specific	335245	1	138	5.17648e-43	140.374	pfam03161	LAGLIDADG_2	-	45
ENDDOMAINS
ENDQUERY
QUERY	Query_46	Peptide	237	orf237_Armbor1_feature_191_from_C_0, ORGANISM Genus species Unclassified.,
DOMAINS
2	Query_46	Specific	335245	47	219	9.04272e-49	157.708	pfam03161	LAGLIDADG_2	-	45
ENDDOMAINS
ENDQUERY
QUERY	Query_47	Peptide	320	orf320_Armbor1_feature_195_from_C_0, ORGANISM Genus species Unclassified.,
DOMAINS
2	Query_47	Non-specific	273636	32	235	1.77554e-27	106.316	TIGR01453	grpIintron_endo	-	45
ENDDOMAINS
ENDQUERY
QUERY	Query_48	Peptide	265	orf265_Armbor1_feature_199_from_C_0, ORGANISM Genus species Unclassified.,
DOMAINS
2	Query_48	Non-specific	273636	9	179	9.02044e-37	129.428	TIGR01453	grpIintron_endo	-	45
ENDDOMAINS
ENDQUERY
QUERY	Query_49	Peptide	263	orf263_Armbor1_feature_203_from_C_0, ORGANISM Genus species Unclassified.,
DOMAINS
2	Query_49	Specific	334330	35	126	2.36539e-14	66.8762	pfam00961	LAGLIDADG_1	-	45
2	Query_49	Specific	334330	174	259	1.23283e-08	51.4683	pfam00961	LAGLIDADG_1	-	45
ENDDOMAINS
ENDQUERY
QUERY	Query_51	Peptide	255	atp6_Armbor1_feature_210_from_C_0, ORGANISM Genus species Unclassified.,
DOMAINS
2	Query_51	Specific	273458	25	252	9.58381e-49	160.064	TIGR01131	ATP_synt_6_or_A	-	351082
ENDDOMAINS
ENDQUERY
QUERY	Query_52	Peptide	63	atp9_Armbor1_feature_212_from_C_0, ORGANISM Genus species Unclassified.,
DOMAINS
2	Query_52	Specific	349422	6	56	2.65411e-13	57.5196	cd18182	ATP-synt_Fo_c_ATP5G3	C	365782
ENDDOMAINS
SITES
ENDSITES
ENDQUERY
QUERY	Query_53	Peptide	286	orf286_Armbor1_feature_214_from_C_0, ORGANISM Genus species Unclassified.,
DOMAINS
2	Query_53	Specific	335245	98	268	2.65038e-59	186.213	pfam03161	LAGLIDADG_2	-	45
ENDDOMAINS
ENDQUERY
QUERY	Query_54	Peptide	338	orf338_Armbor1_feature_216_from_C_0, ORGANISM Genus species Unclassified.,
DOMAINS
2	Query_54	Specific	334330	22	125	3.91576e-23	91.9142	pfam00961	LAGLIDADG_1	-	45
2	Query_54	Specific	334330	179	288	9.14992e-11	58.0167	pfam00961	LAGLIDADG_1	-	45
ENDDOMAINS
ENDQUERY
QUERY	Query_55	Peptide	180	orf181_Armbor1_feature_218_from_C_0, ORGANISM Genus species Unclassified.,
DOMAINS
2	Query_55	Non-specific	273636	3	154	6.64713e-15	69.3369	TIGR01453	grpIintron_endo	N	45
ENDDOMAINS
ENDQUERY
QUERY	Query_56	Peptide	348	orf349_Armbor1_feature_220_from_C_0, ORGANISM Genus species Unclassified.,
DOMAINS
2	Query_56	Specific	334330	43	143	2.19064e-18	79.2026	pfam00961	LAGLIDADG_1	-	45
2	Query_56	Specific	334330	237	314	2.79835e-08	50.6979	pfam00961	LAGLIDADG_1	N	45
ENDDOMAINS
ENDQUERY
QUERY	Query_57	Peptide	479	nad4_Armbor1_feature_224_from_C_0, ORGANISM Genus species Unclassified.,
DOMAINS
2	Query_57	Specific	235622	27	478	9.85382e-139	408.051	PRK05846	PRK05846	-	45
ENDDOMAINS
ENDQUERY
ENDSESSION	2
ENDDATA
