#Post-RPSBLAST Processing Utility

#Input data file:	Armmel1_MitoAssemblyScaffolds.fasta.new.sqn.gbf_converted.faa.asn
#Output data file:	Armmel1_MitoAssemblyScaffolds.fasta.new.sqn.gbf_converted.faa.asn.out
#Annotation data at:	/opt/rpsbproc/data
#E-Value cutoff:	0.01
#Redundancy:	Concise
#Data requested:	Domain hits and site annotations
#Output format -- tab-delimited table
#Show superfamilies: NO
#DATA
#SESSION	<session-ordinal>	<program>	<database>	<score-matrix>	<evalue-threshold>
#QUERY	<query-id>	<seq-type>	<seq-length>	<definition-line>
#DOMAINS
#<session-ordinal>	<query-id[readingframe]>	<hit-type>	<PSSM-ID>	<from>	<to>	<E-Value>	<bitscore>	<accession>	<short-name>	<incomplete>	<superfamily PSSM-ID>
#more such lines......
#ENDDOMAINS
#SITES
#<session-ordinal>	<query-id[readingframe]>	<annot-type>	<title>	<residue(coordinates)>	<complete-size>	<mapped-size>	<source-domain>
#more such lines......
#ENDSITES
#MOTIFS
#<session-ordinal>	<query-id[readingframe]>	<title>	<from>	<to>	<source-domain>
#more such lines......
#ENDMOTIFS
#ENDQUERY	<query-id>
#more query sections..
#ENDSESSION	<session-ordinal>
#more session sections..
#ENDDATA
#=====================================================================
DATA
SESSION	1	blastp	2.10.0+	/opt/rpsbproc/db/Cdd	BLOSUM62	0.01
QUERY	Query_1	Peptide	128	orf128_Armmel1_feature_12_from_C_0, ORGANISM Genus species Unclassified.,
DOMAINS
1	Query_1	Specific	334321	6	32	1.72659e-06	45.1441	pfam00940	RNA_pol	N	355471
ENDDOMAINS
ENDQUERY
QUERY	Query_2	Peptide	173	orf173_Armmel1_feature_14_from_C_0, ORGANISM Genus species Unclassified.,
DOMAINS
1	Query_2	Specific	334321	16	117	1.79968e-11	60.9373	pfam00940	RNA_pol	NC	355471
ENDDOMAINS
ENDQUERY
QUERY	Query_3	Peptide	285	cox3_Armmel1_feature_32_from_C_0, ORGANISM Genus species Unclassified.,
DOMAINS
1	Query_3	Superfamily	294143	25	281	9.11728e-102	297.785	cl00211	Heme_Cu_Oxidase_III_like	-	-
ENDDOMAINS
SITES
1	Query_3	Specific	Subunit I/III interface	E95,K98,G99,S110,M113,T117,V118,H124,G211,I212,T215,C219	12	12	238834
1	Query_3	Specific	Subunit III/Vb interface	D178	1	1	238834
1	Query_3	Specific	Subunit III/VIa interface	F147,S148,I149,Y166,V192,S202,N203,S204,S209,D210,G211	11	11	238834
1	Query_3	Specific	Subunit III/VIb interface	L139	1	1	238834
1	Query_3	Specific	Subunit III/VIIa interface	F77,G80,D81,T84,S87,I88,L89	7	7	238834
1	Query_3	Specific	Phospholipid binding site	W78,F79,I82,N83,G86,H92,G103,F104,F107,F234,R241,V253,G254	13	13	238834
ENDSITES
ENDQUERY
QUERY	Query_4	Peptide	201	nad6_Armmel1_feature_47_from_C_0, ORGANISM Genus species Unclassified.,
DOMAINS
1	Query_4	Superfamily	354830	8	104	1.60197e-20	84.5025	cl21484	Oxidored_q3	C	-
ENDDOMAINS
ENDQUERY
QUERY	Query_6	Peptide	212	orf212_Armmel1_feature_51_from_C_0, ORGANISM Genus species Unclassified.,
DOMAINS
1	Query_6	Superfamily	355698	102	210	0.00991781	36.2921	cl28058	DNA_pol_B_2	N	-
ENDDOMAINS
ENDQUERY
QUERY	Query_7	Peptide	94	orf94_Armmel1_feature_53_from_C_0, ORGANISM Genus species Unclassified.,
DOMAINS
1	Query_7	Superfamily	355698	5	93	4.13484e-05	40.024	cl28058	DNA_pol_B_2	NC	-
ENDDOMAINS
ENDQUERY
QUERY	Query_9	Peptide	72	orf72_Armmel1_feature_57_from_C_0, ORGANISM Genus species Unclassified.,
DOMAINS
1	Query_9	Superfamily	355698	1	71	2.27881e-05	40.024	cl28058	DNA_pol_B_2	C	-
ENDDOMAINS
ENDQUERY
QUERY	Query_10	Peptide	122	nad3_Armmel1_feature_59_from_C_0, ORGANISM Genus species Unclassified.,
DOMAINS
1	Query_10	Specific	334119	27	112	6.28513e-25	90.167	pfam00507	Oxidored_q4	-	351141
ENDDOMAINS
ENDQUERY
QUERY	Query_11	Peptide	469	nad2_Armmel1_feature_61_from_C_0, ORGANISM Genus species Unclassified.,
DOMAINS
1	Query_11	Superfamily	356474	48	416	2.43436e-60	204.67	cl29598	Proton_antipo_M	-	-
ENDDOMAINS
ENDQUERY
QUERY	Query_12	Peptide	106	orf106_Armmel1_feature_65_from_C_0, ORGANISM Genus species Unclassified.,
DOMAINS
1	Query_12	Specific	335245	1	88	1.27949e-28	101.083	pfam03161	LAGLIDADG_2	N	45
ENDDOMAINS
ENDQUERY
QUERY	Query_18	Peptide	267	orf267_Armmel1_feature_78_from_C_0, ORGANISM Genus species Unclassified.,
DOMAINS
1	Query_18	Specific	335245	76	243	2.41049e-54	173.116	pfam03161	LAGLIDADG_2	-	45
ENDDOMAINS
ENDQUERY
QUERY	Query_23	Peptide	379	orf379_Armmel1_feature_88_from_C_0, ORGANISM Genus species Unclassified.,
DOMAINS
1	Query_23	Specific	335245	190	361	1.56434e-33	122.269	pfam03161	LAGLIDADG_2	-	45
ENDDOMAINS
ENDQUERY
QUERY	Query_24	Peptide	391	cob_Armmel1_feature_90_from_C_0, ORGANISM Genus species Unclassified.,
DOMAINS
1	Query_24	Specific	214440	10	366	1.43239e-172	485.056	MTH00156	CYTB	-	45
ENDDOMAINS
ENDQUERY
QUERY	Query_25	Peptide	112	orf112_Armmel1_feature_94_from_C_0, ORGANISM Genus species Unclassified.,
DOMAINS
1	Query_25	Superfamily	353928	57	85	0.00560333	33.6897	cl15255	SH2	NC	-
ENDDOMAINS
SITES
ENDSITES
ENDQUERY
QUERY	Query_27	Peptide	231	orf231_Armmel1_feature_100_from_C_0, ORGANISM Genus species Unclassified.,
DOMAINS
1	Query_27	Specific	335245	43	213	8.71766e-47	152.315	pfam03161	LAGLIDADG_2	-	45
ENDDOMAINS
ENDQUERY
QUERY	Query_28	Peptide	466	orf466_Armmel1_feature_106_from_C_0, ORGANISM Genus species Unclassified.,
DOMAINS
1	Query_28	Specific	334330	50	147	3.5508e-19	82.2842	pfam00961	LAGLIDADG_1	-	45
1	Query_28	Specific	334330	193	310	2.14887e-06	46.0755	pfam00961	LAGLIDADG_1	-	45
ENDDOMAINS
ENDQUERY
QUERY	Query_29	Peptide	182	orf182_Armmel1_feature_110_from_C_0, ORGANISM Genus species Unclassified.,
DOMAINS
1	Query_29	Specific	335245	5	164	2.14047e-48	154.626	pfam03161	LAGLIDADG_2	-	45
ENDDOMAINS
ENDQUERY
QUERY	Query_30	Peptide	262	orf262_Armmel1_feature_114_from_C_0, ORGANISM Genus species Unclassified.,
DOMAINS
1	Query_30	Specific	334330	132	234	6.74101e-11	57.6315	pfam00961	LAGLIDADG_1	-	45
1	Query_30	Specific	334330	3	61	4.39674e-05	41.4531	pfam00961	LAGLIDADG_1	N	45
ENDDOMAINS
ENDQUERY
QUERY	Query_31	Peptide	338	nad1_Armmel1_feature_117_from_C_0, ORGANISM Genus species Unclassified.,
DOMAINS
1	Query_31	Specific	333876	20	326	1.04674e-119	347.153	pfam00146	NADHdh	-	351105
ENDDOMAINS
ENDQUERY
QUERY	Query_32	Peptide	317	orf317_Armmel1_feature_121_from_C_0, ORGANISM Genus species Unclassified.,
DOMAINS
1	Query_32	Superfamily	353929	1	84	0.00880357	34.8941	cl15257	GIY-YIG_SF	-	-
ENDDOMAINS
SITES
1	Query_32	Generic	active site	Y11,G13,R21,Y25,E72	6	5	198380
1	Query_32	Generic	catalytic site	R21,E72	2	2	198380
1	Query_32	Generic	metal binding site	E72	1	1	198380
1	Query_32	Generic	GIY-YIG motif/motif A	Y11,I12,G13	6	3	198380
ENDSITES
ENDQUERY
QUERY	Query_33	Peptide	499	orf499_Armmel1_feature_127_from_C_0, ORGANISM Genus species Unclassified.,
DOMAINS
1	Query_33	Specific	214677	75	156	3.16574e-05	42.0232	smart00465	GIYc	-	353929
1	Query_33	Non-specific	273636	75	257	0.000729049	40.8322	TIGR01453	grpIintron_endo	-	45
1	Query_33	Specific	197761	442	497	0.00850246	34.4658	smart00497	IENR1	-	299755
ENDDOMAINS
SITES
1	Query_33	Generic	active site	Y79,Y91,G93,R101,H105,E143	6	6	198380
1	Query_33	Generic	catalytic site	R101,E143	2	2	198380
1	Query_33	Generic	metal binding site	E143	1	1	198380
1	Query_33	Generic	GIY-YIG motif/motif A	I78,Y79,Y91,I92,G93	6	5	198380
ENDSITES
ENDQUERY
QUERY	Query_34	Peptide	660	nad5_Armmel1_feature_136_from_C_0, ORGANISM Genus species Unclassified.,
DOMAINS
1	Query_34	Non-specific	177253	1	616	0	596.605	MTH00210	ND5	-	45
ENDDOMAINS
ENDQUERY
QUERY	Query_35	Peptide	211	orf211_Armmel1_feature_140_from_C_0, ORGANISM Genus species Unclassified.,
DOMAINS
1	Query_35	Specific	335245	19	190	6.51887e-31	111.099	pfam03161	LAGLIDADG_2	-	45
ENDDOMAINS
ENDQUERY
QUERY	Query_36	Peptide	152	orf152_Armmel1_feature_144_from_C_0, ORGANISM Genus species Unclassified.,
DOMAINS
1	Query_36	Specific	335245	1	133	3.63446e-31	109.558	pfam03161	LAGLIDADG_2	N	45
ENDDOMAINS
ENDQUERY
QUERY	Query_37	Peptide	88	nad4L_Armmel1_feature_147_from_C_0, ORGANISM Genus species Unclassified.,
DOMAINS
1	Query_37	Superfamily	351118	1	88	5.43386e-15	63.8977	cl00492	Oxidored_q2	-	-
ENDDOMAINS
ENDQUERY
QUERY	Query_38	Peptide	479	nad4_Armmel1_feature_149_from_C_0, ORGANISM Genus species Unclassified.,
DOMAINS
1	Query_38	Specific	235622	27	478	8.73042e-138	405.74	PRK05846	PRK05846	-	45
ENDDOMAINS
ENDQUERY
QUERY	Query_39	Peptide	390	orf391_Armmel1_feature_153_from_C_0, ORGANISM Genus species Unclassified.,
DOMAINS
1	Query_39	Specific	334330	59	159	4.68286e-15	70.343	pfam00961	LAGLIDADG_1	-	45
1	Query_39	Specific	334330	239	333	7.31824e-07	46.8459	pfam00961	LAGLIDADG_1	-	45
ENDDOMAINS
ENDQUERY
ENDSESSION	1
SESSION	2	blastp	2.10.0+	/opt/rpsbproc/db/Cdd	BLOSUM62	0.01
QUERY	Query_40	Peptide	159	orf160_Armmel1_feature_155_from_C_0, ORGANISM Genus species Unclassified.,
DOMAINS
2	Query_40	Specific	335245	39	155	3.02845e-33	114.951	pfam03161	LAGLIDADG_2	C	45
ENDDOMAINS
ENDQUERY
QUERY	Query_41	Peptide	348	orf349_Armmel1_feature_157_from_C_0, ORGANISM Genus species Unclassified.,
DOMAINS
2	Query_41	Specific	334330	43	143	1.12109e-18	79.973	pfam00961	LAGLIDADG_1	-	45
2	Query_41	Specific	334330	237	314	1.78579e-08	51.4683	pfam00961	LAGLIDADG_1	N	45
ENDDOMAINS
ENDQUERY
QUERY	Query_42	Peptide	339	orf340_Armmel1_feature_159_from_C_0, ORGANISM Genus species Unclassified.,
DOMAINS
2	Query_42	Specific	334330	188	287	1.52179e-17	76.5062	pfam00961	LAGLIDADG_1	-	45
2	Query_42	Specific	334330	32	139	1.40007e-11	59.9427	pfam00961	LAGLIDADG_1	-	45
ENDDOMAINS
ENDQUERY
QUERY	Query_44	Peptide	278	orf279_Armmel1_feature_163_from_C_0, ORGANISM Genus species Unclassified.,
DOMAINS
2	Query_44	Non-specific	273636	5	267	2.90763e-22	91.6785	TIGR01453	grpIintron_endo	-	45
ENDDOMAINS
ENDQUERY
QUERY	Query_45	Peptide	331	orf332_Armmel1_feature_165_from_C_0, ORGANISM Genus species Unclassified.,
DOMAINS
2	Query_45	Non-specific	273636	86	305	6.25984e-33	121.339	TIGR01453	grpIintron_endo	-	45
ENDDOMAINS
ENDQUERY
QUERY	Query_46	Peptide	334	orf335_Armmel1_feature_167_from_C_0, ORGANISM Genus species Unclassified.,
DOMAINS
2	Query_46	Specific	334330	21	120	1.84526e-14	68.0318	pfam00961	LAGLIDADG_1	-	45
2	Query_46	Specific	334330	188	282	6.67085e-10	55.3203	pfam00961	LAGLIDADG_1	-	45
ENDDOMAINS
ENDQUERY
QUERY	Query_47	Peptide	202	orf202_Armmel1_feature_169_from_C_0, ORGANISM Genus species Unclassified.,
DOMAINS
2	Query_47	Specific	335245	98	201	7.10343e-30	108.017	pfam03161	LAGLIDADG_2	C	45
ENDDOMAINS
ENDQUERY
QUERY	Query_48	Peptide	63	atp9_Armmel1_feature_171_from_C_0, ORGANISM Genus species Unclassified.,
DOMAINS
2	Query_48	Specific	349422	6	56	2.65411e-13	57.5196	cd18182	ATP-synt_Fo_c_ATP5G3	C	365782
ENDDOMAINS
SITES
ENDSITES
ENDQUERY
QUERY	Query_49	Peptide	608	orf608_Armmel1_feature_173_from_C_0, ORGANISM Genus species Unclassified.,
DOMAINS
2	Query_49	Specific	197761	551	603	0.000263515	38.703	smart00497	IENR1	-	299755
ENDDOMAINS
ENDQUERY
QUERY	Query_50	Peptide	255	atp6_Armmel1_feature_175_from_C_0, ORGANISM Genus species Unclassified.,
DOMAINS
2	Query_50	Specific	273458	25	252	8.07436e-50	162.761	TIGR01131	ATP_synt_6_or_A	-	351082
ENDDOMAINS
ENDQUERY
QUERY	Query_51	Peptide	453	cox1_Armmel1_feature_177_from_C_0, ORGANISM Genus species Unclassified.,
DOMAINS
2	Query_51	Specific	238833	5	411	0	684.983	cd01663	Cyt_c_Oxidase_I	-	350997
ENDDOMAINS
SITES
2	Query_51	Specific	Binuclear center (heme a3/CuB)	H165,H214,H215,H300	4	4	238833
2	Query_51	Specific	D-pathway	N5,D16,N23,S26,S81,S82,N88,T92	9	8	238833
2	Query_51	Specific	K-pathway	H165,Y169,S180,H214,H215,T240,K243	7	7	238833
2	Query_51	Specific	Electron transfer pathway	F301,R362,R363	3	3	238833
2	Query_51	Specific	Putative proton exit pathway	H215,H292,D293,R362,R363	5	5	238833
2	Query_51	Specific	Putative water exit pathway	D152,Q157,H158,D288,H292,D293,R362	7	7	238833
2	Query_51	Specific	Subunit I/II interface	D152,K189,F192,G193,A218,V219,G220,V223,R226,M234,I242,F245,Y252,G253,G254,L266,N284,A285,L287,I289,A290,F291,H292,D293,M357,A358,R362,R363,V364,G373,W374	32	31	238833
2	Query_51	Specific	Subunit I/III interface	P15,F19,R21,W28,D69,F73,C91,N95,I115,L122,P125,M133,T142,S143,F144,G149,G150,D152,F162,Y199,L202,G205,I206,L210	25	24	238833
2	Query_51	Specific	Subunit I/VIa interface	V60,R138,N139,F140,N141	5	5	238833
2	Query_51	Specific	Subunit I/VIb interface	G220	1	1	238833
2	Query_51	Specific	Subunit I/VIc interface	G253	1	1	238833
2	Query_51	Specific	Subunit I/VIIa interface	L39,L42	2	2	238833
2	Query_51	Specific	Subunit I/VIIb interface	D369,G373	2	2	238833
2	Query_51	Specific	Subunit I/VIIIb interface	Y333,I390	2	2	238833
2	Query_51	Specific	Dimer interface	I115,L122,F162,Y199,L202,G205,I206,L210	8	8	238833
ENDSITES
ENDQUERY
QUERY	Query_53	Peptide	259	orf259_Armmel1_feature_185_from_C_0, ORGANISM Genus species Unclassified.,
DOMAINS
2	Query_53	Specific	334330	31	122	1.19269e-14	67.6466	pfam00961	LAGLIDADG_1	-	45
2	Query_53	Specific	334330	170	255	1.30643e-08	51.0831	pfam00961	LAGLIDADG_1	-	45
ENDDOMAINS
ENDQUERY
QUERY	Query_54	Peptide	267	orf267_Armmel1_feature_189_from_C_0, ORGANISM Genus species Unclassified.,
DOMAINS
2	Query_54	Non-specific	273636	1	179	1.42101e-37	131.354	TIGR01453	grpIintron_endo	-	45
2	Query_54	Specific	284793	214	250	0.00151797	35.1808	pfam07453	NUMOD1	-	299755
ENDDOMAINS
ENDQUERY
QUERY	Query_55	Peptide	310	orf310_Armmel1_feature_193_from_C_0, ORGANISM Genus species Unclassified.,
DOMAINS
2	Query_55	Non-specific	273636	42	245	4.24473e-26	102.464	TIGR01453	grpIintron_endo	-	45
ENDDOMAINS
ENDQUERY
QUERY	Query_56	Peptide	112	orf112_Armmel1_feature_197_from_C_0, ORGANISM Genus species Unclassified.,
DOMAINS
2	Query_56	Specific	334330	1	58	1.5221e-05	40.2975	pfam00961	LAGLIDADG_1	N	45
ENDDOMAINS
ENDQUERY
QUERY	Query_57	Peptide	422	orf422_Armmel1_feature_201_from_C_0, ORGANISM Genus species Unclassified.,
DOMAINS
2	Query_57	Specific	334330	195	261	0.000216408	39.9123	pfam00961	LAGLIDADG_1	C	45
ENDDOMAINS
ENDQUERY
QUERY	Query_58	Peptide	165	orf165_Armmel1_feature_205_from_C_0, ORGANISM Genus species Unclassified.,
DOMAINS
2	Query_58	Specific	335245	1	138	4.54248e-43	140.374	pfam03161	LAGLIDADG_2	-	45
ENDDOMAINS
ENDQUERY
QUERY	Query_59	Peptide	392	orf393_Armmel1_feature_208_from_C_0, ORGANISM Genus species Unclassified.,
DOMAINS
2	Query_59	Specific	334330	234	346	4.86667e-16	73.0394	pfam00961	LAGLIDADG_1	-	45
2	Query_59	Specific	334330	98	183	8.45109e-05	41.0679	pfam00961	LAGLIDADG_1	-	45
ENDDOMAINS
ENDQUERY
QUERY	Query_60	Peptide	380	orf380_Armmel1_feature_210_from_C_0, ORGANISM Genus species Unclassified.,
DOMAINS
2	Query_60	Non-specific	273636	164	356	9.64404e-12	63.5589	TIGR01453	grpIintron_endo	-	45
ENDDOMAINS
ENDQUERY
QUERY	Query_61	Peptide	426	orf427_Armmel1_feature_212_from_C_0, ORGANISM Genus species Unclassified.,
DOMAINS
2	Query_61	Superfamily	353929	167	254	3.88018e-09	52.9984	cl15257	GIY-YIG_SF	-	-
ENDDOMAINS
SITES
2	Query_61	Generic	active site	Y168,L179,G181,R189,Y193,E239	6	6	198380
2	Query_61	Generic	catalytic site	R189,E239	2	2	198380
2	Query_61	Generic	metal binding site	E239	1	1	198380
2	Query_61	Generic	GIY-YIG motif/motif A	V167,Y168,L179,V180,G181	6	5	198380
ENDSITES
ENDQUERY
QUERY	Query_62	Peptide	95	orf96_Armmel1_feature_214_from_C_0, ORGANISM Genus species Unclassified.,
DOMAINS
2	Query_62	Specific	334330	11	44	4.73916e-06	41.0679	pfam00961	LAGLIDADG_1	N	45
ENDDOMAINS
ENDQUERY
QUERY	Query_63	Peptide	231	orf232_Armmel1_feature_216_from_C_0, ORGANISM Genus species Unclassified.,
DOMAINS
2	Query_63	Specific	334330	45	115	3.78367e-05	41.4531	pfam00961	LAGLIDADG_1	C	45
ENDDOMAINS
ENDQUERY
QUERY	Query_64	Peptide	52	atp8_Armmel1_feature_230_from_C_0, ORGANISM Genus species Unclassified.,
DOMAINS
2	Query_64	Non-specific	283561	1	48	0.000194319	34.3042	pfam05933	Fun_ATP-synt_8	-	45
ENDDOMAINS
ENDQUERY
ENDSESSION	2
ENDDATA
