#Post-RPSBLAST Processing Utility

#Input data file:	Aspave1_MitoAssemblyScaffolds.fasta.new.sqn.gbf_converted.faa.asn
#Output data file:	Aspave1_MitoAssemblyScaffolds.fasta.new.sqn.gbf_converted.faa.asn.out
#Annotation data at:	/opt/rpsbproc/data
#E-Value cutoff:	0.01
#Redundancy:	Concise
#Data requested:	Domain hits and site annotations
#Output format -- tab-delimited table
#Show superfamilies: NO
#DATA
#SESSION	<session-ordinal>	<program>	<database>	<score-matrix>	<evalue-threshold>
#QUERY	<query-id>	<seq-type>	<seq-length>	<definition-line>
#DOMAINS
#<session-ordinal>	<query-id[readingframe]>	<hit-type>	<PSSM-ID>	<from>	<to>	<E-Value>	<bitscore>	<accession>	<short-name>	<incomplete>	<superfamily PSSM-ID>
#more such lines......
#ENDDOMAINS
#SITES
#<session-ordinal>	<query-id[readingframe]>	<annot-type>	<title>	<residue(coordinates)>	<complete-size>	<mapped-size>	<source-domain>
#more such lines......
#ENDSITES
#MOTIFS
#<session-ordinal>	<query-id[readingframe]>	<title>	<from>	<to>	<source-domain>
#more such lines......
#ENDMOTIFS
#ENDQUERY	<query-id>
#more query sections..
#ENDSESSION	<session-ordinal>
#more session sections..
#ENDDATA
#=====================================================================
DATA
SESSION	1	blastp	2.10.0+	/opt/rpsbproc/db/Cdd	BLOSUM62	0.01
QUERY	Query_1	Peptide	562	nad2_Aspave1_feature_2_from_C_0, ORGANISM Genus species Unclassified.,
DOMAINS
1	Query_1	Specific	235603	2	483	1.31288e-80	260.523	PRK05777	PRK05777	-	356474
ENDDOMAINS
ENDQUERY
QUERY	Query_2	Peptide	662	nad5_Aspave1_feature_4_from_C_0, ORGANISM Genus species Unclassified.,
DOMAINS
1	Query_2	Non-specific	214400	1	630	0	598.214	MTH00020	ND5	-	45
ENDDOMAINS
ENDQUERY
QUERY	Query_3	Peptide	89	nad4L_Aspave1_feature_6_from_C_0, ORGANISM Genus species Unclassified.,
DOMAINS
1	Query_3	Superfamily	351118	5	87	4.08048e-19	74.2981	cl00492	Oxidored_q2	-	-
ENDDOMAINS
ENDQUERY
QUERY	Query_5	Peptide	253	cox2_Aspave1_feature_12_from_C_0, ORGANISM Genus species Unclassified.,
DOMAINS
1	Query_5	Specific	214438	16	247	1.02007e-109	315.229	MTH00154	COX2	-	45
ENDDOMAINS
ENDQUERY
QUERY	Query_6	Peptide	136	nad3_Aspave1_feature_14_from_C_0, ORGANISM Genus species Unclassified.,
DOMAINS
1	Query_6	Specific	334119	21	113	3.57906e-16	68.2106	pfam00507	Oxidored_q4	-	351141
ENDDOMAINS
ENDQUERY
QUERY	Query_7	Peptide	319	orf320_Aspave1_feature_16_from_C_0, ORGANISM Genus species Unclassified.,
DOMAINS
1	Query_7	Superfamily	353929	93	174	3.08175e-11	58.7764	cl15257	GIY-YIG_SF	-	-
1	Query_7	Non-specific	273636	91	310	6.33719e-06	46.2249	TIGR01453	grpIintron_endo	-	45
ENDDOMAINS
SITES
1	Query_7	Generic	active site	Y95,Y106,G108,K116,Y120,K163	6	6	198380
1	Query_7	Generic	catalytic site	K116,K163	2	2	198380
1	Query_7	Generic	metal binding site	K163	1	1	198380
1	Query_7	Generic	GIY-YIG motif/motif A	G93,V94,Y95,Y106,V107,G108	6	6	198380
ENDSITES
ENDQUERY
QUERY	Query_8	Peptide	63	atp9_Aspave1_feature_18_from_C_0, ORGANISM Genus species Unclassified.,
DOMAINS
1	Query_8	Specific	349422	6	61	2.16781e-11	52.512	cd18182	ATP-synt_Fo_c_ATP5G3	-	365782
ENDDOMAINS
SITES
ENDSITES
ENDQUERY
QUERY	Query_10	Peptide	583	cox1_Aspave1_feature_22_from_C_0, ORGANISM Genus species Unclassified.,
DOMAINS
1	Query_10	Specific	238833	51	552	0	824.425	cd01663	Cyt_c_Oxidase_I	-	350997
ENDDOMAINS
SITES
1	Query_10	Specific	Binuclear center (heme a3/CuB)	H281,H330,H331,H416	4	4	238833
1	Query_10	Specific	Low-spin heme (heme a) binding site	H102,H418,S422,T464,S501	5	5	238833
1	Query_10	Specific	D-pathway	Y59,N121,D132,N139,S142,S197,S198,N204,T208	9	9	238833
1	Query_10	Specific	K-pathway	H281,Y285,S296,H330,H331,T356,K359	7	7	238833
1	Query_10	Specific	Electron transfer pathway	F417,R478,R479	3	3	238833
1	Query_10	Specific	Putative proton exit pathway	H331,H408,D409,R478,R479	5	5	238833
1	Query_10	Specific	Putative water exit pathway	D268,Q273,H274,D404,H408,D409,R478	7	7	238833
1	Query_10	Specific	Subunit I/II interface	N96,D268,N306,F308,G309,T334,V335,G336,V339,R342,L350,I358,F361,Y368,G369,G370,L382,N400,A401,L403,V405,A406,F407,H408,D409,L473,Q474,R478,R479,I480,G489,W490	32	32	238833
1	Query_10	Specific	Subunit I/III interface	P131,F135,R137,W144,D185,F189,T207,N211,I231,L238,P241,M249,T258,S259,F260,G265,G266,D268,F278,Y315,M318,G321,V322,I326	25	24	238833
1	Query_10	Specific	Subunit I/IV interface	L79,S82,G83,F448,K451,V452,D485,V503	8	8	238833
1	Query_10	Specific	Subunit I/VIa interface	I176,R254,N255,F256,N257	5	5	238833
1	Query_10	Specific	Subunit I/VIb interface	G336	1	1	238833
1	Query_10	Specific	Subunit I/VIc interface	G369	1	1	238833
1	Query_10	Specific	Subunit I/VIIa interface	F155,T158	2	2	238833
1	Query_10	Specific	Subunit I/VIIb interface	D485,G489	2	2	238833
1	Query_10	Specific	Subunit I/VIIc interface	F65,L69,A72,L76,A157,T158,L440,Y513,L516	9	9	238833
1	Query_10	Specific	Subunit I/VIIIb interface	A449,W506	2	2	238833
1	Query_10	Specific	Dimer interface	I231,L238,F278,Y315,M318,G321,V322,I326	8	8	238833
ENDSITES
ENDQUERY
QUERY	Query_12	Peptide	226	orf226_Aspave1_feature_28_from_C_0, ORGANISM Genus species Unclassified.,
DOMAINS
1	Query_12	Specific	334330	138	223	0.000301371	38.7567	pfam00961	LAGLIDADG_1	-	45
ENDDOMAINS
ENDQUERY
QUERY	Query_13	Peptide	348	orf348_Aspave1_feature_34_from_C_0, ORGANISM Genus species Unclassified.,
DOMAINS
1	Query_13	Specific	334330	210	309	4.72539e-19	80.7434	pfam00961	LAGLIDADG_1	-	45
1	Query_13	Specific	334330	92	185	0.000364086	39.1419	pfam00961	LAGLIDADG_1	-	45
ENDDOMAINS
ENDQUERY
QUERY	Query_16	Peptide	269	cox3_Aspave1_feature_83_from_C_0, ORGANISM Genus species Unclassified.,
DOMAINS
1	Query_16	Specific	278911	12	269	1.89172e-145	407.567	pfam00510	COX3	-	294143
ENDDOMAINS
SITES
1	Query_16	Specific	Subunit I/III interface	A82,K85,G86,S97,F100,A104,I105,H111,S199,V200,S203,F207	12	12	238834
1	Query_16	Specific	Subunit III/Vb interface	G166	1	1	238834
1	Query_16	Specific	Subunit III/VIa interface	F135,E136,L137,Y154,V180,T190,V191,S192,S197,D198,S199	11	11	238834
1	Query_16	Specific	Subunit III/VIb interface	L127	1	1	238834
1	Query_16	Specific	Subunit III/VIIa interface	L64,R67,D68,S71,T74,Y75,L76	7	7	238834
1	Query_16	Specific	Phospholipid binding site	W65,F66,V69,I70,G73,H79,G90,V91,F94,F222,R229,L241,G242	13	13	238834
ENDSITES
ENDQUERY
QUERY	Query_17	Peptide	223	nad6_Aspave1_feature_85_from_C_0, ORGANISM Genus species Unclassified.,
DOMAINS
1	Query_17	Superfamily	354830	32	121	1.04431e-15	72.1761	cl21484	Oxidored_q3	C	-
ENDDOMAINS
ENDQUERY
QUERY	Query_18	Peptide	257	atp6_Aspave1_feature_92_from_C_0, ORGANISM Genus species Unclassified.,
DOMAINS
1	Query_18	Superfamily	351082	12	257	1.28111e-51	168.261	cl00413	ATP-synt_A	-	-
ENDDOMAINS
ENDQUERY
QUERY	Query_20	Peptide	48	atp8_Aspave1_feature_96_from_C_0, ORGANISM Genus species Unclassified.,
DOMAINS
1	Query_20	Specific	283561	1	48	7.89495e-10	47.7862	pfam05933	Fun_ATP-synt_8	-	45
ENDDOMAINS
ENDQUERY
QUERY	Query_21	Peptide	488	nad4_Aspave1_feature_102_from_C_0, ORGANISM Genus species Unclassified.,
DOMAINS
1	Query_21	Specific	235622	32	487	1.49797e-134	397.651	PRK05846	PRK05846	-	45
ENDDOMAINS
ENDQUERY
QUERY	Query_22	Peptide	699	orf699_Aspave1_feature_104_from_C_0, ORGANISM Genus species Unclassified.,
DOMAINS
1	Query_22	Specific	275163	61	247	0.000342843	43.3015	TIGR04370	glyco_rpt_poly	C	45
ENDDOMAINS
ENDQUERY
QUERY	Query_23	Peptide	352	nad1_Aspave1_feature_106_from_C_0, ORGANISM Genus species Unclassified.,
DOMAINS
1	Query_23	Specific	333876	11	335	4.85605e-108	317.877	pfam00146	NADHdh	-	351105
ENDDOMAINS
ENDQUERY
QUERY	Query_24	Peptide	385	cob_Aspave1_feature_110_from_C_0, ORGANISM Genus species Unclassified.,
DOMAINS
1	Query_24	Specific	214440	10	367	0	516.642	MTH00156	CYTB	-	45
ENDDOMAINS
ENDQUERY
QUERY	Query_25	Peptide	293	orf293_Aspave1_feature_114_from_C_0, ORGANISM Genus species Unclassified.,
DOMAINS
1	Query_25	Non-specific	273636	77	291	1.36049e-25	100.923	TIGR01453	grpIintron_endo	-	45
ENDDOMAINS
ENDQUERY
ENDSESSION	1
ENDDATA
