#Post-RPSBLAST Processing Utility

#Input data file:	Aspinso1_MitoAssemblyScaffolds.fasta.new.sqn.gbf_converted.faa.asn
#Output data file:	Aspinso1_MitoAssemblyScaffolds.fasta.new.sqn.gbf_converted.faa.asn.out
#Annotation data at:	/opt/rpsbproc/data
#E-Value cutoff:	0.01
#Redundancy:	Concise
#Data requested:	Domain hits and site annotations
#Output format -- tab-delimited table
#Show superfamilies: NO
#DATA
#SESSION	<session-ordinal>	<program>	<database>	<score-matrix>	<evalue-threshold>
#QUERY	<query-id>	<seq-type>	<seq-length>	<definition-line>
#DOMAINS
#<session-ordinal>	<query-id[readingframe]>	<hit-type>	<PSSM-ID>	<from>	<to>	<E-Value>	<bitscore>	<accession>	<short-name>	<incomplete>	<superfamily PSSM-ID>
#more such lines......
#ENDDOMAINS
#SITES
#<session-ordinal>	<query-id[readingframe]>	<annot-type>	<title>	<residue(coordinates)>	<complete-size>	<mapped-size>	<source-domain>
#more such lines......
#ENDSITES
#MOTIFS
#<session-ordinal>	<query-id[readingframe]>	<title>	<from>	<to>	<source-domain>
#more such lines......
#ENDMOTIFS
#ENDQUERY	<query-id>
#more query sections..
#ENDSESSION	<session-ordinal>
#more session sections..
#ENDDATA
#=====================================================================
DATA
SESSION	1	blastp	2.10.0+	/opt/rpsbproc/db/Cdd	BLOSUM62	0.01
QUERY	Query_1	Peptide	551	nad2_Aspinso1_feature_2_from_C_0, ORGANISM Genus species Unclassified.,
DOMAINS
1	Query_1	Specific	235603	9	503	2.61963e-73	240.878	PRK05777	PRK05777	-	356474
ENDDOMAINS
ENDQUERY
QUERY	Query_2	Peptide	658	nad5_Aspinso1_feature_4_from_C_0, ORGANISM Genus species Unclassified.,
DOMAINS
1	Query_2	Non-specific	214400	1	627	0	570.48	MTH00020	ND5	-	45
ENDDOMAINS
ENDQUERY
QUERY	Query_3	Peptide	89	nad4L_Aspinso1_feature_6_from_C_0, ORGANISM Genus species Unclassified.,
DOMAINS
1	Query_3	Superfamily	351118	5	87	1.35465e-18	73.1425	cl00492	Oxidored_q2	-	-
ENDDOMAINS
ENDQUERY
QUERY	Query_4	Peptide	74	atp9_Aspinso1_feature_10_from_C_0, ORGANISM Genus species Unclassified.,
DOMAINS
1	Query_4	Specific	349422	6	70	2.57488e-18	70.6163	cd18182	ATP-synt_Fo_c_ATP5G3	-	365782
ENDDOMAINS
SITES
ENDSITES
ENDQUERY
QUERY	Query_5	Peptide	253	cox2_Aspinso1_feature_12_from_C_0, ORGANISM Genus species Unclassified.,
DOMAINS
1	Query_5	Specific	214438	18	247	6.59748e-108	310.607	MTH00154	COX2	-	45
ENDDOMAINS
ENDQUERY
QUERY	Query_6	Peptide	135	nad3_Aspinso1_feature_14_from_C_0, ORGANISM Genus species Unclassified.,
DOMAINS
1	Query_6	Specific	334119	19	113	7.00851e-17	70.1366	pfam00507	Oxidored_q4	-	351141
ENDDOMAINS
ENDQUERY
QUERY	Query_8	Peptide	564	cox1_Aspinso1_feature_18_from_C_0, ORGANISM Genus species Unclassified.,
DOMAINS
1	Query_8	Specific	238833	47	548	0	847.537	cd01663	Cyt_c_Oxidase_I	-	350997
ENDDOMAINS
SITES
1	Query_8	Specific	Binuclear center (heme a3/CuB)	H277,H326,H327,H412	4	4	238833
1	Query_8	Specific	Low-spin heme (heme a) binding site	H98,H414,S418,T460,S497	5	5	238833
1	Query_8	Specific	D-pathway	Y55,N117,D128,N135,S138,S193,S194,N200,T204	9	9	238833
1	Query_8	Specific	K-pathway	H277,Y281,S292,H326,H327,T352,K355	7	7	238833
1	Query_8	Specific	Electron transfer pathway	F413,R474,R475	3	3	238833
1	Query_8	Specific	Putative proton exit pathway	H327,H404,D405,R474,R475	5	5	238833
1	Query_8	Specific	Putative water exit pathway	D264,Q269,H270,D400,H404,D405,R474	7	7	238833
1	Query_8	Specific	Subunit I/II interface	N92,D264,N302,F304,G305,T330,V331,G332,V335,R338,L346,I354,F357,Y364,G365,G366,L378,N396,A397,L399,V401,A402,F403,H404,D405,L469,Q470,R474,R475,I476,G485,W486	32	32	238833
1	Query_8	Specific	Subunit I/III interface	P127,F131,R133,W140,D181,F185,T203,N207,I227,L234,P237,M245,T254,S255,F256,G261,G262,D264,F274,Y311,L314,G317,V318,I322	25	24	238833
1	Query_8	Specific	Subunit I/IV interface	L75,S78,G79,F444,K447,V448,D481,V499	8	8	238833
1	Query_8	Specific	Subunit I/VIa interface	I172,R250,N251,F252,N253	5	5	238833
1	Query_8	Specific	Subunit I/VIb interface	G332	1	1	238833
1	Query_8	Specific	Subunit I/VIc interface	G365	1	1	238833
1	Query_8	Specific	Subunit I/VIIa interface	F151,T154	2	2	238833
1	Query_8	Specific	Subunit I/VIIb interface	D481,G485	2	2	238833
1	Query_8	Specific	Subunit I/VIIc interface	F61,I65,G68,L72,A153,T154,L436,Y509,L512	9	9	238833
1	Query_8	Specific	Subunit I/VIIIb interface	A445,W502	2	2	238833
1	Query_8	Specific	Dimer interface	I227,L234,F274,Y311,L314,G317,V318,I322	8	8	238833
ENDSITES
ENDQUERY
QUERY	Query_10	Peptide	269	cox3_Aspinso1_feature_67_from_C_0, ORGANISM Genus species Unclassified.,
DOMAINS
1	Query_10	Specific	278911	12	269	2.66588e-141	397.166	pfam00510	COX3	-	294143
ENDDOMAINS
SITES
1	Query_10	Specific	Subunit I/III interface	A82,R85,G86,S97,F100,A104,I105,H111,S199,V200,S203,F207	12	12	238834
1	Query_10	Specific	Subunit III/Vb interface	G166	1	1	238834
1	Query_10	Specific	Subunit III/VIa interface	F135,E136,L137,Y154,I180,S190,V191,S192,S197,D198,S199	11	11	238834
1	Query_10	Specific	Subunit III/VIb interface	L127	1	1	238834
1	Query_10	Specific	Subunit III/VIIa interface	L64,R67,D68,S71,T74,Y75,L76	7	7	238834
1	Query_10	Specific	Phospholipid binding site	W65,F66,V69,I70,G73,H79,G90,V91,F94,F222,R229,V241,G242	13	13	238834
ENDSITES
ENDQUERY
QUERY	Query_11	Peptide	220	nad6_Aspinso1_feature_69_from_C_0, ORGANISM Genus species Unclassified.,
DOMAINS
1	Query_11	Superfamily	354830	25	114	9.81919e-16	72.1761	cl21484	Oxidored_q3	C	-
ENDDOMAINS
ENDQUERY
QUERY	Query_12	Peptide	254	atp6_Aspinso1_feature_76_from_C_0, ORGANISM Genus species Unclassified.,
DOMAINS
1	Query_12	Superfamily	351082	9	254	5.49231e-50	164.024	cl00413	ATP-synt_A	-	-
ENDDOMAINS
ENDQUERY
QUERY	Query_13	Peptide	48	atp8_Aspinso1_feature_78_from_C_0, ORGANISM Genus species Unclassified.,
DOMAINS
1	Query_13	Non-specific	283561	1	48	3.08726e-08	43.549	pfam05933	Fun_ATP-synt_8	-	45
ENDDOMAINS
ENDQUERY
QUERY	Query_14	Peptide	491	nad4_Aspinso1_feature_84_from_C_0, ORGANISM Genus species Unclassified.,
DOMAINS
1	Query_14	Specific	235622	33	490	3.5869e-128	381.473	PRK05846	PRK05846	-	45
ENDDOMAINS
ENDQUERY
QUERY	Query_15	Peptide	328	nad1_Aspinso1_feature_86_from_C_0, ORGANISM Genus species Unclassified.,
DOMAINS
1	Query_15	Specific	333876	12	313	1.08805e-114	334.056	pfam00146	NADHdh	-	351105
ENDDOMAINS
ENDQUERY
QUERY	Query_18	Peptide	386	cob_Aspinso1_feature_99_from_C_0, ORGANISM Genus species Unclassified.,
DOMAINS
1	Query_18	Specific	214440	10	367	0	516.257	MTH00156	CYTB	-	45
ENDDOMAINS
ENDQUERY
ENDSESSION	1
ENDDATA
