#Post-RPSBLAST Processing Utility

#Input data file:	Aspne1_MitoAssemblyScaffolds.fasta.new.sqn.gbf_converted.faa.asn
#Output data file:	Aspne1_MitoAssemblyScaffolds.fasta.new.sqn.gbf_converted.faa.asn.out
#Annotation data at:	/opt/rpsbproc/data
#E-Value cutoff:	0.01
#Redundancy:	Concise
#Data requested:	Domain hits and site annotations
#Output format -- tab-delimited table
#Show superfamilies: NO
#DATA
#SESSION	<session-ordinal>	<program>	<database>	<score-matrix>	<evalue-threshold>
#QUERY	<query-id>	<seq-type>	<seq-length>	<definition-line>
#DOMAINS
#<session-ordinal>	<query-id[readingframe]>	<hit-type>	<PSSM-ID>	<from>	<to>	<E-Value>	<bitscore>	<accession>	<short-name>	<incomplete>	<superfamily PSSM-ID>
#more such lines......
#ENDDOMAINS
#SITES
#<session-ordinal>	<query-id[readingframe]>	<annot-type>	<title>	<residue(coordinates)>	<complete-size>	<mapped-size>	<source-domain>
#more such lines......
#ENDSITES
#MOTIFS
#<session-ordinal>	<query-id[readingframe]>	<title>	<from>	<to>	<source-domain>
#more such lines......
#ENDMOTIFS
#ENDQUERY	<query-id>
#more query sections..
#ENDSESSION	<session-ordinal>
#more session sections..
#ENDDATA
#=====================================================================
DATA
SESSION	1	blastp	2.10.0+	/opt/rpsbproc/db/Cdd	BLOSUM62	0.01
QUERY	Query_2	Peptide	86	atp8_Aspne1_feature_4_from_C_0, ORGANISM Genus species Unclassified.,
DOMAINS
1	Query_2	Non-specific	283561	1	36	5.75322e-06	39.3118	pfam05933	Fun_ATP-synt_8	C	45
ENDDOMAINS
ENDQUERY
QUERY	Query_4	Peptide	554	nad2_Aspne1_feature_10_from_C_0, ORGANISM Genus species Unclassified.,
DOMAINS
1	Query_4	Specific	235603	131	483	6.51076e-79	255.901	PRK05777	PRK05777	N	356474
ENDDOMAINS
ENDQUERY
QUERY	Query_5	Peptide	659	nad5_Aspne1_feature_14_from_C_0, ORGANISM Genus species Unclassified.,
DOMAINS
1	Query_5	Non-specific	214400	1	630	0	600.526	MTH00020	ND5	-	45
ENDDOMAINS
ENDQUERY
QUERY	Query_6	Peptide	89	nad4L_Aspne1_feature_16_from_C_0, ORGANISM Genus species Unclassified.,
DOMAINS
1	Query_6	Superfamily	351118	5	87	4.08048e-19	74.2981	cl00492	Oxidored_q2	-	-
ENDDOMAINS
ENDQUERY
QUERY	Query_7	Peptide	253	cox2_Aspne1_feature_20_from_C_0, ORGANISM Genus species Unclassified.,
DOMAINS
1	Query_7	Specific	214438	18	247	1.29201e-108	312.533	MTH00154	COX2	-	45
ENDDOMAINS
ENDQUERY
QUERY	Query_8	Peptide	136	nad3_Aspne1_feature_22_from_C_0, ORGANISM Genus species Unclassified.,
DOMAINS
1	Query_8	Specific	334119	19	113	1.16301e-16	69.7514	pfam00507	Oxidored_q4	-	351141
ENDDOMAINS
ENDQUERY
QUERY	Query_9	Peptide	74	atp9_Aspne1_feature_24_from_C_0, ORGANISM Genus species Unclassified.,
DOMAINS
1	Query_9	Specific	349422	8	70	1.29085e-18	71.3867	cd18182	ATP-synt_Fo_c_ATP5G3	-	365782
ENDDOMAINS
SITES
ENDSITES
ENDQUERY
QUERY	Query_10	Peptide	508	cox1_Aspne1_feature_26_from_C_0, ORGANISM Genus species Unclassified.,
DOMAINS
1	Query_10	Specific	238833	1	492	0	808.247	cd01663	Cyt_c_Oxidase_I	-	350997
ENDDOMAINS
SITES
1	Query_10	Specific	Binuclear center (heme a3/CuB)	H221,H270,H271,H356	4	4	238833
1	Query_10	Specific	Low-spin heme (heme a) binding site	H42,H358,S362,T404,S441	5	5	238833
1	Query_10	Specific	D-pathway	N61,D72,N79,S82,S137,S138,N144,T148	9	8	238833
1	Query_10	Specific	K-pathway	H221,Y225,S236,H270,H271,T296,K299	7	7	238833
1	Query_10	Specific	Electron transfer pathway	F357,R418,R419	3	3	238833
1	Query_10	Specific	Putative proton exit pathway	H271,H348,D349,R418,R419	5	5	238833
1	Query_10	Specific	Putative water exit pathway	D208,Q213,H214,D344,H348,D349,R418	7	7	238833
1	Query_10	Specific	Subunit I/II interface	N36,D208,N246,F248,G249,T274,V275,G276,V279,R282,L290,I298,F301,Y308,G309,G310,L322,N340,A341,L343,V345,A346,F347,H348,D349,L413,Q414,R418,R419,I420,G429,W430	32	32	238833
1	Query_10	Specific	Subunit I/III interface	P71,F75,R77,W84,D125,F129,T147,N151,I171,L178,P181,M189,T198,S199,F200,G205,G206,D208,F218,Y255,M258,G261,V262,L266	25	24	238833
1	Query_10	Specific	Subunit I/IV interface	L19,S22,G23,F388,K391,V392,D425,V443	8	8	238833
1	Query_10	Specific	Subunit I/VIa interface	I116,R194,N195,F196,N197	5	5	238833
1	Query_10	Specific	Subunit I/VIb interface	G276	1	1	238833
1	Query_10	Specific	Subunit I/VIc interface	G309	1	1	238833
1	Query_10	Specific	Subunit I/VIIa interface	F95,T98	2	2	238833
1	Query_10	Specific	Subunit I/VIIb interface	D425,G429	2	2	238833
1	Query_10	Specific	Subunit I/VIIc interface	F5,L9,A12,L16,A97,T98,L380,Y453,L456	9	9	238833
1	Query_10	Specific	Subunit I/VIIIb interface	A389,W446	2	2	238833
1	Query_10	Specific	Dimer interface	I171,L178,F218,Y255,M258,G261,V262,L266	8	8	238833
ENDSITES
ENDQUERY
QUERY	Query_11	Peptide	424	orf424_Aspne1_feature_30_from_C_0, ORGANISM Genus species Unclassified.,
DOMAINS
1	Query_11	Specific	273636	131	336	3.83606e-56	184.126	TIGR01453	grpIintron_endo	-	45
1	Query_11	Specific	197761	369	420	3.82426e-09	52.185	smart00497	IENR1	-	299755
ENDDOMAINS
ENDQUERY
QUERY	Query_12	Peptide	320	orf320_Aspne1_feature_34_from_C_0, ORGANISM Genus species Unclassified.,
DOMAINS
1	Query_12	Specific	334330	194	288	4.4775e-20	83.4398	pfam00961	LAGLIDADG_1	-	45
1	Query_12	Specific	334330	83	160	0.000175296	39.9123	pfam00961	LAGLIDADG_1	-	45
ENDDOMAINS
ENDQUERY
QUERY	Query_13	Peptide	307	orf307_Aspne1_feature_38_from_C_0, ORGANISM Genus species Unclassified.,
DOMAINS
1	Query_13	Specific	334330	185	280	1.51759e-15	70.7282	pfam00961	LAGLIDADG_1	-	45
1	Query_13	Specific	334330	68	153	5.58775e-07	46.8459	pfam00961	LAGLIDADG_1	-	45
ENDDOMAINS
ENDQUERY
QUERY	Query_14	Peptide	341	orf341_Aspne1_feature_42_from_C_0, ORGANISM Genus species Unclassified.,
DOMAINS
1	Query_14	Specific	334330	73	170	3.05641e-16	73.0394	pfam00961	LAGLIDADG_1	-	45
1	Query_14	Specific	334330	192	297	8.53096e-13	63.4094	pfam00961	LAGLIDADG_1	-	45
ENDDOMAINS
ENDQUERY
QUERY	Query_15	Peptide	359	orf359_Aspne1_feature_46_from_C_0, ORGANISM Genus species Unclassified.,
DOMAINS
1	Query_15	Specific	334330	84	176	1.24502e-15	71.4986	pfam00961	LAGLIDADG_1	-	45
1	Query_15	Specific	334330	232	321	6.33359e-07	47.2311	pfam00961	LAGLIDADG_1	-	45
ENDDOMAINS
ENDQUERY
QUERY	Query_17	Peptide	269	cox3_Aspne1_feature_95_from_C_0, ORGANISM Genus species Unclassified.,
DOMAINS
1	Query_17	Specific	278911	12	269	1.71689e-146	410.263	pfam00510	COX3	-	294143
ENDDOMAINS
SITES
1	Query_17	Specific	Subunit I/III interface	A82,K85,G86,S97,F100,A104,I105,H111,S199,V200,S203,F207	12	12	238834
1	Query_17	Specific	Subunit III/Vb interface	G166	1	1	238834
1	Query_17	Specific	Subunit III/VIa interface	F135,E136,L137,Y154,V180,T190,V191,S192,S197,D198,S199	11	11	238834
1	Query_17	Specific	Subunit III/VIb interface	L127	1	1	238834
1	Query_17	Specific	Subunit III/VIIa interface	L64,R67,D68,S71,T74,Y75,L76	7	7	238834
1	Query_17	Specific	Phospholipid binding site	W65,F66,V69,I70,G73,H79,G90,V91,F94,F222,R229,L241,G242	13	13	238834
ENDSITES
ENDQUERY
QUERY	Query_18	Peptide	228	nad6_Aspne1_feature_97_from_C_0, ORGANISM Genus species Unclassified.,
DOMAINS
1	Query_18	Superfamily	354830	35	228	6.40156e-23	91.4361	cl21484	Oxidored_q3	-	-
ENDDOMAINS
ENDQUERY
QUERY	Query_19	Peptide	256	atp6_Aspne1_feature_103_from_C_0, ORGANISM Genus species Unclassified.,
DOMAINS
1	Query_19	Superfamily	351082	12	256	5.37193e-50	164.024	cl00413	ATP-synt_A	-	-
ENDDOMAINS
ENDQUERY
QUERY	Query_20	Peptide	48	atp8_Aspne1_feature_105_from_C_0, ORGANISM Genus species Unclassified.,
DOMAINS
1	Query_20	Specific	283561	1	48	6.33857e-10	47.7862	pfam05933	Fun_ATP-synt_8	-	45
ENDDOMAINS
ENDQUERY
QUERY	Query_21	Peptide	488	nad4_Aspne1_feature_111_from_C_0, ORGANISM Genus species Unclassified.,
DOMAINS
1	Query_21	Specific	235622	4	487	3.37033e-131	389.177	PRK05846	PRK05846	-	45
ENDDOMAINS
ENDQUERY
QUERY	Query_22	Peptide	352	nad1_Aspne1_feature_113_from_C_0, ORGANISM Genus species Unclassified.,
DOMAINS
1	Query_22	Specific	333876	11	335	2.50092e-112	328.663	pfam00146	NADHdh	-	351105
ENDDOMAINS
ENDQUERY
QUERY	Query_23	Peptide	387	cob_Aspne1_feature_4_from_C_1, ORGANISM Genus species Unclassified.,
DOMAINS
1	Query_23	Specific	214440	10	367	0	512.405	MTH00156	CYTB	-	45
ENDDOMAINS
ENDQUERY
QUERY	Query_24	Peptide	116	orf116_Aspne1_feature_8_from_C_1, ORGANISM Genus species Unclassified.,
DOMAINS
1	Query_24	Specific	335245	3	98	6.01313e-37	122.655	pfam03161	LAGLIDADG_2	N	45
ENDDOMAINS
ENDQUERY
QUERY	Query_25	Peptide	319	orf319_Aspne1_feature_12_from_C_1, ORGANISM Genus species Unclassified.,
DOMAINS
1	Query_25	Specific	334330	74	170	1.82457e-22	89.603	pfam00961	LAGLIDADG_1	-	45
1	Query_25	Specific	334330	206	301	0.000113767	40.2975	pfam00961	LAGLIDADG_1	-	45
ENDDOMAINS
ENDQUERY
ENDSESSION	1
ENDDATA
