#Post-RPSBLAST Processing Utility

#Input data file:	Asptam1_MitoAssemblyScaffolds.fasta.new.sqn.gbf_converted.faa.asn
#Output data file:	Asptam1_MitoAssemblyScaffolds.fasta.new.sqn.gbf_converted.faa.asn.out
#Annotation data at:	/opt/rpsbproc/data
#E-Value cutoff:	0.01
#Redundancy:	Concise
#Data requested:	Domain hits and site annotations
#Output format -- tab-delimited table
#Show superfamilies: NO
#DATA
#SESSION	<session-ordinal>	<program>	<database>	<score-matrix>	<evalue-threshold>
#QUERY	<query-id>	<seq-type>	<seq-length>	<definition-line>
#DOMAINS
#<session-ordinal>	<query-id[readingframe]>	<hit-type>	<PSSM-ID>	<from>	<to>	<E-Value>	<bitscore>	<accession>	<short-name>	<incomplete>	<superfamily PSSM-ID>
#more such lines......
#ENDDOMAINS
#SITES
#<session-ordinal>	<query-id[readingframe]>	<annot-type>	<title>	<residue(coordinates)>	<complete-size>	<mapped-size>	<source-domain>
#more such lines......
#ENDSITES
#MOTIFS
#<session-ordinal>	<query-id[readingframe]>	<title>	<from>	<to>	<source-domain>
#more such lines......
#ENDMOTIFS
#ENDQUERY	<query-id>
#more query sections..
#ENDSESSION	<session-ordinal>
#more session sections..
#ENDDATA
#=====================================================================
DATA
SESSION	1	blastp	2.10.0+	/opt/rpsbproc/db/Cdd	BLOSUM62	0.01
QUERY	Query_1	Peptide	385	cob_Asptam1_feature_2_from_C_0, ORGANISM Genus species Unclassified.,
DOMAINS
1	Query_1	Specific	214440	10	367	0	517.413	MTH00156	CYTB	-	45
ENDDOMAINS
ENDQUERY
QUERY	Query_2	Peptide	352	nad1_Asptam1_feature_6_from_C_0, ORGANISM Genus species Unclassified.,
DOMAINS
1	Query_2	Specific	333876	11	335	2.40883e-107	316.337	pfam00146	NADHdh	-	351105
ENDDOMAINS
ENDQUERY
QUERY	Query_3	Peptide	656	orf656_Asptam1_feature_8_from_C_0, ORGANISM Genus species Unclassified.,
DOMAINS
1	Query_3	Superfamily	331991	295	387	0.00518504	39.6876	cl27170	DUF460	NC	-
ENDDOMAINS
ENDQUERY
QUERY	Query_4	Peptide	488	nad4_Asptam1_feature_10_from_C_0, ORGANISM Genus species Unclassified.,
DOMAINS
1	Query_4	Specific	235622	32	487	1.60419e-135	400.347	PRK05846	PRK05846	-	45
ENDDOMAINS
ENDQUERY
QUERY	Query_5	Peptide	48	atp8_Asptam1_feature_16_from_C_0, ORGANISM Genus species Unclassified.,
DOMAINS
1	Query_5	Non-specific	283561	1	48	2.85207e-09	46.2454	pfam05933	Fun_ATP-synt_8	-	45
ENDDOMAINS
ENDQUERY
QUERY	Query_6	Peptide	257	atp6_Asptam1_feature_18_from_C_0, ORGANISM Genus species Unclassified.,
DOMAINS
1	Query_6	Superfamily	351082	12	257	1.4584e-51	168.261	cl00413	ATP-synt_A	-	-
ENDDOMAINS
ENDQUERY
QUERY	Query_7	Peptide	216	nad6_Asptam1_feature_25_from_C_0, ORGANISM Genus species Unclassified.,
DOMAINS
1	Query_7	Superfamily	354830	25	216	1.23874e-19	82.5765	cl21484	Oxidored_q3	-	-
ENDDOMAINS
ENDQUERY
QUERY	Query_8	Peptide	269	cox3_Asptam1_feature_27_from_C_0, ORGANISM Genus species Unclassified.,
DOMAINS
1	Query_8	Specific	278911	12	269	1.57023e-145	407.952	pfam00510	COX3	-	294143
ENDDOMAINS
SITES
1	Query_8	Specific	Subunit I/III interface	A82,K85,G86,S97,F100,A104,I105,H111,S199,V200,S203,F207	12	12	238834
1	Query_8	Specific	Subunit III/Vb interface	G166	1	1	238834
1	Query_8	Specific	Subunit III/VIa interface	F135,E136,L137,Y154,I180,S190,V191,S192,S197,D198,S199	11	11	238834
1	Query_8	Specific	Subunit III/VIb interface	L127	1	1	238834
1	Query_8	Specific	Subunit III/VIIa interface	L64,R67,D68,S71,T74,Y75,L76	7	7	238834
1	Query_8	Specific	Phospholipid binding site	W65,F66,V69,I70,G73,H79,G90,V91,F94,F222,R229,L241,G242	13	13	238834
ENDSITES
ENDQUERY
QUERY	Query_11	Peptide	575	cox1_Asptam1_feature_75_from_C_0, ORGANISM Genus species Unclassified.,
DOMAINS
1	Query_11	Specific	238833	54	555	0	820.958	cd01663	Cyt_c_Oxidase_I	-	350997
ENDDOMAINS
SITES
1	Query_11	Specific	Binuclear center (heme a3/CuB)	H284,H333,H334,H419	4	4	238833
1	Query_11	Specific	Low-spin heme (heme a) binding site	H105,H421,S425,T467,S504	5	5	238833
1	Query_11	Specific	D-pathway	Y62,N124,D135,N142,S145,S200,S201,N207,T211	9	9	238833
1	Query_11	Specific	K-pathway	H284,Y288,S299,H333,H334,T359,K362	7	7	238833
1	Query_11	Specific	Electron transfer pathway	F420,R481,R482	3	3	238833
1	Query_11	Specific	Putative proton exit pathway	H334,H411,D412,R481,R482	5	5	238833
1	Query_11	Specific	Putative water exit pathway	D271,Q276,H277,D407,H411,D412,R481	7	7	238833
1	Query_11	Specific	Subunit I/II interface	N99,D271,N309,F311,G312,T337,V338,G339,V342,R345,L353,I361,F364,Y371,G372,G373,L385,N403,A404,L406,V408,A409,F410,H411,D412,L476,Q477,R481,R482,I483,G492,W493	32	32	238833
1	Query_11	Specific	Subunit I/III interface	P134,F138,R140,W147,D188,F192,T210,N214,I234,L241,P244,M252,T261,S262,F263,G268,G269,D271,F281,Y318,M321,G324,V325,I329	25	24	238833
1	Query_11	Specific	Subunit I/IV interface	L82,S85,G86,F451,K454,V455,D488,V506	8	8	238833
1	Query_11	Specific	Subunit I/VIa interface	I179,R257,N258,F259,N260	5	5	238833
1	Query_11	Specific	Subunit I/VIb interface	G339	1	1	238833
1	Query_11	Specific	Subunit I/VIc interface	G372	1	1	238833
1	Query_11	Specific	Subunit I/VIIa interface	F158,T161	2	2	238833
1	Query_11	Specific	Subunit I/VIIb interface	D488,G492	2	2	238833
1	Query_11	Specific	Subunit I/VIIc interface	F68,L72,A75,L79,A160,T161,L443,Y516,L519	9	9	238833
1	Query_11	Specific	Subunit I/VIIIb interface	A452,W509	2	2	238833
1	Query_11	Specific	Dimer interface	I234,L241,F281,Y318,M321,G324,V325,I329	8	8	238833
ENDSITES
ENDQUERY
QUERY	Query_12	Peptide	232	orf232_Asptam1_feature_79_from_C_0, ORGANISM Genus species Unclassified.,
DOMAINS
1	Query_12	Specific	334330	3	98	5.7316e-10	54.5499	pfam00961	LAGLIDADG_1	-	45
1	Query_12	Specific	334330	141	228	1.33321e-06	45.3051	pfam00961	LAGLIDADG_1	-	45
ENDDOMAINS
ENDQUERY
QUERY	Query_13	Peptide	153	orf153_Asptam1_feature_81_from_C_0, ORGANISM Genus species Unclassified.,
DOMAINS
1	Query_13	Specific	333952	32	99	0.00816051	34.5348	pfam00239	Resolvase	N	351894
ENDDOMAINS
ENDQUERY
QUERY	Query_15	Peptide	74	atp9_Asptam1_feature_86_from_C_0, ORGANISM Genus species Unclassified.,
DOMAINS
1	Query_15	Specific	349422	6	70	1.08321e-18	71.3867	cd18182	ATP-synt_Fo_c_ATP5G3	-	365782
ENDDOMAINS
SITES
ENDSITES
ENDQUERY
QUERY	Query_16	Peptide	135	nad3_Asptam1_feature_88_from_C_0, ORGANISM Genus species Unclassified.,
DOMAINS
1	Query_16	Specific	334119	19	113	1.29827e-16	69.3662	pfam00507	Oxidored_q4	-	351141
ENDDOMAINS
ENDQUERY
QUERY	Query_17	Peptide	253	cox2_Asptam1_feature_90_from_C_0, ORGANISM Genus species Unclassified.,
DOMAINS
1	Query_17	Specific	214438	18	247	1.78248e-109	314.459	MTH00154	COX2	-	45
ENDDOMAINS
ENDQUERY
QUERY	Query_18	Peptide	89	nad4L_Asptam1_feature_94_from_C_0, ORGANISM Genus species Unclassified.,
DOMAINS
1	Query_18	Superfamily	351118	5	87	4.08048e-19	74.2981	cl00492	Oxidored_q2	-	-
ENDDOMAINS
ENDQUERY
QUERY	Query_19	Peptide	662	nad5_Asptam1_feature_96_from_C_0, ORGANISM Genus species Unclassified.,
DOMAINS
1	Query_19	Non-specific	214400	1	630	0	601.681	MTH00020	ND5	-	45
ENDDOMAINS
ENDQUERY
QUERY	Query_20	Peptide	562	nad2_Asptam1_feature_98_from_C_0, ORGANISM Genus species Unclassified.,
DOMAINS
1	Query_20	Specific	235603	131	483	1.29904e-80	260.523	PRK05777	PRK05777	N	356474
ENDDOMAINS
ENDQUERY
ENDSESSION	1
ENDDATA
