#Post-RPSBLAST Processing Utility

#Input data file:	Aspung1_MitoAssemblyScaffolds.fasta.new.sqn.gbf_converted.faa.asn
#Output data file:	Aspung1_MitoAssemblyScaffolds.fasta.new.sqn.gbf_converted.faa.asn.out
#Annotation data at:	/opt/rpsbproc/data
#E-Value cutoff:	0.01
#Redundancy:	Concise
#Data requested:	Domain hits and site annotations
#Output format -- tab-delimited table
#Show superfamilies: NO
#DATA
#SESSION	<session-ordinal>	<program>	<database>	<score-matrix>	<evalue-threshold>
#QUERY	<query-id>	<seq-type>	<seq-length>	<definition-line>
#DOMAINS
#<session-ordinal>	<query-id[readingframe]>	<hit-type>	<PSSM-ID>	<from>	<to>	<E-Value>	<bitscore>	<accession>	<short-name>	<incomplete>	<superfamily PSSM-ID>
#more such lines......
#ENDDOMAINS
#SITES
#<session-ordinal>	<query-id[readingframe]>	<annot-type>	<title>	<residue(coordinates)>	<complete-size>	<mapped-size>	<source-domain>
#more such lines......
#ENDSITES
#MOTIFS
#<session-ordinal>	<query-id[readingframe]>	<title>	<from>	<to>	<source-domain>
#more such lines......
#ENDMOTIFS
#ENDQUERY	<query-id>
#more query sections..
#ENDSESSION	<session-ordinal>
#more session sections..
#ENDDATA
#=====================================================================
DATA
SESSION	1	blastp	2.10.0+	/opt/rpsbproc/db/Cdd	BLOSUM62	0.01
QUERY	Query_1	Peptide	488	nad4_Aspung1_feature_2_from_C_0, ORGANISM Genus species Unclassified.,
DOMAINS
1	Query_1	Specific	235622	22	487	5.27882e-125	373.383	PRK05846	PRK05846	-	45
ENDDOMAINS
ENDQUERY
QUERY	Query_2	Peptide	48	atp8_Aspung1_feature_8_from_C_0, ORGANISM Genus species Unclassified.,
DOMAINS
1	Query_2	Non-specific	283561	1	48	6.87861e-08	42.7786	pfam05933	Fun_ATP-synt_8	-	45
ENDDOMAINS
ENDQUERY
QUERY	Query_3	Peptide	257	atp6_Aspung1_feature_10_from_C_0, ORGANISM Genus species Unclassified.,
DOMAINS
1	Query_3	Superfamily	351082	12	257	1.8723e-52	170.187	cl00413	ATP-synt_A	-	-
ENDDOMAINS
ENDQUERY
QUERY	Query_4	Peptide	251	nad6_Aspung1_feature_17_from_C_0, ORGANISM Genus species Unclassified.,
DOMAINS
1	Query_4	Superfamily	354830	58	150	8.21895e-19	81.4209	cl21484	Oxidored_q3	C	-
ENDDOMAINS
ENDQUERY
QUERY	Query_5	Peptide	269	cox3_Aspung1_feature_19_from_C_0, ORGANISM Genus species Unclassified.,
DOMAINS
1	Query_5	Specific	278911	12	269	3.69695e-146	409.493	pfam00510	COX3	-	294143
ENDDOMAINS
SITES
1	Query_5	Specific	Subunit I/III interface	A82,K85,G86,S97,F100,A104,I105,H111,S199,V200,S203,F207	12	12	238834
1	Query_5	Specific	Subunit III/Vb interface	G166	1	1	238834
1	Query_5	Specific	Subunit III/VIa interface	F135,E136,L137,Y154,I180,S190,V191,S192,S197,D198,S199	11	11	238834
1	Query_5	Specific	Subunit III/VIb interface	L127	1	1	238834
1	Query_5	Specific	Subunit III/VIIa interface	L64,R67,D68,S71,T74,Y75,L76	7	7	238834
1	Query_5	Specific	Phospholipid binding site	W65,F66,V69,I70,G73,H79,G90,V91,F94,F222,R229,L241,G242	13	13	238834
ENDSITES
ENDQUERY
QUERY	Query_7	Peptide	508	cox1_Aspung1_feature_65_from_C_0, ORGANISM Genus species Unclassified.,
DOMAINS
1	Query_7	Specific	238833	1	492	0	808.247	cd01663	Cyt_c_Oxidase_I	-	350997
ENDDOMAINS
SITES
1	Query_7	Specific	Binuclear center (heme a3/CuB)	H221,H270,H271,H356	4	4	238833
1	Query_7	Specific	Low-spin heme (heme a) binding site	H42,H358,S362,T404,S441	5	5	238833
1	Query_7	Specific	D-pathway	N61,D72,N79,S82,S137,S138,N144,T148	9	8	238833
1	Query_7	Specific	K-pathway	H221,Y225,S236,H270,H271,T296,K299	7	7	238833
1	Query_7	Specific	Electron transfer pathway	F357,R418,R419	3	3	238833
1	Query_7	Specific	Putative proton exit pathway	H271,H348,D349,R418,R419	5	5	238833
1	Query_7	Specific	Putative water exit pathway	D208,Q213,H214,D344,H348,D349,R418	7	7	238833
1	Query_7	Specific	Subunit I/II interface	N36,D208,N246,F248,G249,T274,V275,G276,V279,R282,L290,I298,F301,Y308,G309,G310,L322,N340,A341,L343,V345,A346,F347,H348,D349,L413,Q414,R418,R419,I420,G429,W430	32	32	238833
1	Query_7	Specific	Subunit I/III interface	P71,F75,R77,W84,D125,F129,T147,N151,I171,L178,P181,M189,T198,S199,F200,G205,G206,D208,F218,Y255,M258,G261,V262,L266	25	24	238833
1	Query_7	Specific	Subunit I/IV interface	L19,S22,G23,F388,K391,V392,D425,V443	8	8	238833
1	Query_7	Specific	Subunit I/VIa interface	I116,R194,N195,F196,N197	5	5	238833
1	Query_7	Specific	Subunit I/VIb interface	G276	1	1	238833
1	Query_7	Specific	Subunit I/VIc interface	G309	1	1	238833
1	Query_7	Specific	Subunit I/VIIa interface	F95,T98	2	2	238833
1	Query_7	Specific	Subunit I/VIIb interface	D425,G429	2	2	238833
1	Query_7	Specific	Subunit I/VIIc interface	F5,L9,A12,L16,A97,T98,L380,Y453,L456	9	9	238833
1	Query_7	Specific	Subunit I/VIIIb interface	A389,W446	2	2	238833
1	Query_7	Specific	Dimer interface	I171,L178,F218,Y255,M258,G261,V262,L266	8	8	238833
ENDSITES
ENDQUERY
QUERY	Query_8	Peptide	554	nad2_Aspung1_feature_70_from_C_0, ORGANISM Genus species Unclassified.,
DOMAINS
1	Query_8	Specific	235603	131	484	1.79649e-76	249.353	PRK05777	PRK05777	N	356474
ENDDOMAINS
ENDQUERY
QUERY	Query_10	Peptide	74	atp9_Aspung1_feature_74_from_C_0, ORGANISM Genus species Unclassified.,
DOMAINS
1	Query_10	Superfamily	351103	1	72	1.30316e-14	61.789	cl00466	ATP-synt_C	-	-
ENDDOMAINS
ENDQUERY
QUERY	Query_11	Peptide	136	nad3_Aspung1_feature_76_from_C_0, ORGANISM Genus species Unclassified.,
DOMAINS
1	Query_11	Specific	334119	19	113	4.39462e-16	68.2106	pfam00507	Oxidored_q4	-	351141
ENDDOMAINS
ENDQUERY
QUERY	Query_12	Peptide	253	cox2_Aspung1_feature_78_from_C_0, ORGANISM Genus species Unclassified.,
DOMAINS
1	Query_12	Specific	214438	18	247	5.66038e-108	310.992	MTH00154	COX2	-	45
ENDDOMAINS
ENDQUERY
QUERY	Query_13	Peptide	89	nad4L_Aspung1_feature_82_from_C_0, ORGANISM Genus species Unclassified.,
DOMAINS
1	Query_13	Superfamily	351118	5	87	3.77587e-18	71.9869	cl00492	Oxidored_q2	-	-
ENDDOMAINS
ENDQUERY
QUERY	Query_14	Peptide	681	nad5_Aspung1_feature_84_from_C_0, ORGANISM Genus species Unclassified.,
DOMAINS
1	Query_14	Non-specific	214400	1	627	0	596.288	MTH00020	ND5	-	45
ENDDOMAINS
ENDQUERY
QUERY	Query_15	Peptide	387	cob_Aspung1_feature_88_from_C_0, ORGANISM Genus species Unclassified.,
DOMAINS
1	Query_15	Specific	214440	10	367	0	512.79	MTH00156	CYTB	-	45
ENDDOMAINS
ENDQUERY
QUERY	Query_16	Peptide	354	nad1_Aspung1_feature_90_from_C_0, ORGANISM Genus species Unclassified.,
DOMAINS
1	Query_16	Specific	333876	13	337	1.47483e-112	329.433	pfam00146	NADHdh	-	351105
ENDDOMAINS
ENDQUERY
ENDSESSION	1
ENDDATA
