#Post-RPSBLAST Processing Utility

#Input data file:	Astsub1_MitoAssemblyScaffolds.fasta.new.sqn.gbf_converted.faa.asn
#Output data file:	Astsub1_MitoAssemblyScaffolds.fasta.new.sqn.gbf_converted.faa.asn.out
#Annotation data at:	/opt/rpsbproc/data
#E-Value cutoff:	0.01
#Redundancy:	Concise
#Data requested:	Domain hits and site annotations
#Output format -- tab-delimited table
#Show superfamilies: NO
#DATA
#SESSION	<session-ordinal>	<program>	<database>	<score-matrix>	<evalue-threshold>
#QUERY	<query-id>	<seq-type>	<seq-length>	<definition-line>
#DOMAINS
#<session-ordinal>	<query-id[readingframe]>	<hit-type>	<PSSM-ID>	<from>	<to>	<E-Value>	<bitscore>	<accession>	<short-name>	<incomplete>	<superfamily PSSM-ID>
#more such lines......
#ENDDOMAINS
#SITES
#<session-ordinal>	<query-id[readingframe]>	<annot-type>	<title>	<residue(coordinates)>	<complete-size>	<mapped-size>	<source-domain>
#more such lines......
#ENDSITES
#MOTIFS
#<session-ordinal>	<query-id[readingframe]>	<title>	<from>	<to>	<source-domain>
#more such lines......
#ENDMOTIFS
#ENDQUERY	<query-id>
#more query sections..
#ENDSESSION	<session-ordinal>
#more session sections..
#ENDDATA
#=====================================================================
DATA
SESSION	1	blastp	2.10.0+	/opt/rpsbproc/db/Cdd	BLOSUM62	0.01
QUERY	Query_1	Peptide	58	orf58_Astsub1_feature_2_from_C_0, ORGANISM Genus species Unclassified.,
DOMAINS
1	Query_1	Superfamily	353929	9	57	2.30373e-07	42.5981	cl15257	GIY-YIG_SF	C	-
ENDDOMAINS
SITES
1	Query_1	Generic	active site	Y12,Y23,G25,R33,Y37	6	5	198380
1	Query_1	Generic	catalytic site	R33	2	1	198380
1	Query_1	Generic	GIY-YIG motif/motif A	G10,I11,Y12,Y23,V24,G25	6	6	198380
ENDSITES
ENDQUERY
QUERY	Query_3	Peptide	778	nad4_Astsub1_feature_10_from_C_0, ORGANISM Genus species Unclassified.,
DOMAINS
1	Query_3	Specific	235622	33	483	5.03777e-131	398.807	PRK05846	PRK05846	-	45
ENDDOMAINS
ENDQUERY
QUERY	Query_4	Peptide	401	orf401_1_Astsub1_feature_14_from_C_0, ORGANISM Genus species Unclassified.,
DOMAINS
1	Query_4	Specific	334330	75	173	3.70118e-31	114.256	pfam00961	LAGLIDADG_1	-	45
1	Query_4	Specific	334330	232	355	1.20231e-13	66.1058	pfam00961	LAGLIDADG_1	-	45
ENDDOMAINS
ENDQUERY
QUERY	Query_5	Peptide	459	orf459_1_Astsub1_feature_16_from_C_0, ORGANISM Genus species Unclassified.,
DOMAINS
1	Query_5	Specific	334330	319	419	9.52602e-24	94.9958	pfam00961	LAGLIDADG_1	-	45
1	Query_5	Specific	334330	147	259	1.67902e-20	85.751	pfam00961	LAGLIDADG_1	-	45
ENDDOMAINS
ENDQUERY
QUERY	Query_6	Peptide	326	nad1_Astsub1_feature_19_from_C_0, ORGANISM Genus species Unclassified.,
DOMAINS
1	Query_6	Specific	333876	8	309	6.09883e-94	280.898	pfam00146	NADHdh	-	351105
ENDDOMAINS
ENDQUERY
QUERY	Query_7	Peptide	143	orf143_1_Astsub1_feature_23_from_C_0, ORGANISM Genus species Unclassified.,
DOMAINS
1	Query_7	Non-specific	273636	2	105	1.83633e-25	95.9157	TIGR01453	grpIintron_endo	N	45
1	Query_7	Specific	197761	71	141	0.00255722	34.0806	smart00497	IENR1	-	299755
ENDDOMAINS
SITES
1	Query_7	Generic	DNA binding site	N46,P47,M48,Y49,H53,T57,M61,S62,K67,Y68,L70,V89,E93,S98,T101,G103,K104,Y105	21	18	238175
ENDSITES
ENDQUERY
QUERY	Query_8	Peptide	231	orf231_1_Astsub1_feature_27_from_C_0, ORGANISM Genus species Unclassified.,
DOMAINS
1	Query_8	Non-specific	273636	15	226	2.50509e-15	71.6481	TIGR01453	grpIintron_endo	-	45
ENDDOMAINS
ENDQUERY
QUERY	Query_9	Peptide	293	orf293_1_Astsub1_feature_29_from_C_0, ORGANISM Genus species Unclassified.,
DOMAINS
1	Query_9	Superfamily	353929	68	133	2.5457e-05	41.8277	cl15257	GIY-YIG_SF	-	-
1	Query_9	Superfamily	353929	259	283	2.89146e-05	41.8277	cl15257	GIY-YIG_SF	C	-
ENDDOMAINS
SITES
1	Query_9	Generic	active site	Y69,G71,R79,H83,E121	6	5	198380
1	Query_9	Generic	catalytic site	R79,E121	2	2	198380
1	Query_9	Generic	metal binding site	E121	1	1	198380
1	Query_9	Generic	GIY-YIG motif/motif A	Y69,I70,G71	6	3	198380
1	Query_9	Generic	active site	Y262,Y273,G275,R283	6	4	198380
1	Query_9	Generic	catalytic site	R283	2	1	198380
1	Query_9	Generic	GIY-YIG motif/motif A	G260,V261,Y262,Y273,I274,G275	6	6	198380
ENDSITES
ENDQUERY
QUERY	Query_10	Peptide	326	nad1_Astsub1_feature_32_from_C_0, ORGANISM Genus species Unclassified.,
DOMAINS
1	Query_10	Specific	333876	8	309	6.09883e-94	280.898	pfam00146	NADHdh	-	351105
ENDDOMAINS
ENDQUERY
QUERY	Query_11	Peptide	293	orf293_2_Astsub1_feature_36_from_C_0, ORGANISM Genus species Unclassified.,
DOMAINS
1	Query_11	Superfamily	353929	68	133	2.5457e-05	41.8277	cl15257	GIY-YIG_SF	-	-
1	Query_11	Superfamily	353929	259	283	2.89146e-05	41.8277	cl15257	GIY-YIG_SF	C	-
ENDDOMAINS
SITES
1	Query_11	Generic	active site	Y69,G71,R79,H83,E121	6	5	198380
1	Query_11	Generic	catalytic site	R79,E121	2	2	198380
1	Query_11	Generic	metal binding site	E121	1	1	198380
1	Query_11	Generic	GIY-YIG motif/motif A	Y69,I70,G71	6	3	198380
1	Query_11	Generic	active site	Y262,Y273,G275,R283	6	4	198380
1	Query_11	Generic	catalytic site	R283	2	1	198380
1	Query_11	Generic	GIY-YIG motif/motif A	G260,V261,Y262,Y273,I274,G275	6	6	198380
ENDSITES
ENDQUERY
QUERY	Query_12	Peptide	231	orf231_2_Astsub1_feature_38_from_C_0, ORGANISM Genus species Unclassified.,
DOMAINS
1	Query_12	Non-specific	273636	15	226	2.50509e-15	71.6481	TIGR01453	grpIintron_endo	-	45
ENDDOMAINS
ENDQUERY
QUERY	Query_13	Peptide	143	orf143_2_Astsub1_feature_42_from_C_0, ORGANISM Genus species Unclassified.,
DOMAINS
1	Query_13	Non-specific	273636	2	105	1.83633e-25	95.9157	TIGR01453	grpIintron_endo	N	45
1	Query_13	Specific	197761	71	141	0.00255722	34.0806	smart00497	IENR1	-	299755
ENDDOMAINS
SITES
1	Query_13	Generic	DNA binding site	N46,P47,M48,Y49,H53,T57,M61,S62,K67,Y68,L70,V89,E93,S98,T101,G103,K104,Y105	21	18	238175
ENDSITES
ENDQUERY
QUERY	Query_14	Peptide	778	nad4_Astsub1_feature_45_from_C_0, ORGANISM Genus species Unclassified.,
DOMAINS
1	Query_14	Specific	235622	33	483	5.03777e-131	398.807	PRK05846	PRK05846	-	45
ENDDOMAINS
ENDQUERY
QUERY	Query_15	Peptide	459	orf459_2_Astsub1_feature_49_from_C_0, ORGANISM Genus species Unclassified.,
DOMAINS
1	Query_15	Specific	334330	319	419	9.52602e-24	94.9958	pfam00961	LAGLIDADG_1	-	45
1	Query_15	Specific	334330	147	259	1.67902e-20	85.751	pfam00961	LAGLIDADG_1	-	45
ENDDOMAINS
ENDQUERY
QUERY	Query_16	Peptide	401	orf401_2_Astsub1_feature_51_from_C_0, ORGANISM Genus species Unclassified.,
DOMAINS
1	Query_16	Specific	334330	75	173	3.70118e-31	114.256	pfam00961	LAGLIDADG_1	-	45
1	Query_16	Specific	334330	232	355	1.20231e-13	66.1058	pfam00961	LAGLIDADG_1	-	45
ENDDOMAINS
ENDQUERY
QUERY	Query_18	Peptide	58	orf58_Astsub1_feature_60_from_C_0, ORGANISM Genus species Unclassified.,
DOMAINS
1	Query_18	Superfamily	353929	9	57	2.30373e-07	42.5981	cl15257	GIY-YIG_SF	C	-
ENDDOMAINS
SITES
1	Query_18	Generic	active site	Y12,Y23,G25,R33,Y37	6	5	198380
1	Query_18	Generic	catalytic site	R33	2	1	198380
1	Query_18	Generic	GIY-YIG motif/motif A	G10,I11,Y12,Y23,V24,G25	6	6	198380
ENDSITES
ENDQUERY
QUERY	Query_19	Peptide	462	orf462_Astsub1_feature_2_from_C_1, ORGANISM Genus species Unclassified.,
DOMAINS
1	Query_19	Specific	334330	171	270	6.17526e-27	103.855	pfam00961	LAGLIDADG_1	-	45
1	Query_19	Specific	334330	332	432	1.40324e-21	88.8326	pfam00961	LAGLIDADG_1	-	45
ENDDOMAINS
ENDQUERY
QUERY	Query_20	Peptide	460	orf461_Astsub1_feature_4_from_C_1, ORGANISM Genus species Unclassified.,
DOMAINS
1	Query_20	Specific	334330	169	268	7.05928e-27	103.47	pfam00961	LAGLIDADG_1	-	45
1	Query_20	Specific	334330	330	430	1.53267e-21	88.8326	pfam00961	LAGLIDADG_1	-	45
ENDDOMAINS
ENDQUERY
QUERY	Query_21	Peptide	615	orf615_Astsub1_feature_6_from_C_1, ORGANISM Genus species Unclassified.,
DOMAINS
1	Query_21	Superfamily	354370	178	609	1.67373e-139	413.194	cl18945	Beta_elim_lyase	-	-
ENDDOMAINS
ENDQUERY
QUERY	Query_22	Peptide	121	atp9_Astsub1_feature_9_from_C_1, ORGANISM Genus species Unclassified.,
DOMAINS
1	Query_22	Specific	349422	55	117	4.65961e-25	89.4911	cd18182	ATP-synt_Fo_c_ATP5G3	-	365782
ENDDOMAINS
SITES
ENDSITES
ENDQUERY
QUERY	Query_23	Peptide	121	atp9_Astsub1_feature_10_from_C_1, ORGANISM Genus species Unclassified.,
DOMAINS
1	Query_23	Specific	349422	55	117	4.65961e-25	89.4911	cd18182	ATP-synt_Fo_c_ATP5G3	-	365782
ENDDOMAINS
SITES
ENDSITES
ENDQUERY
QUERY	Query_26	Peptide	121	atp9_Astsub1_feature_17_from_C_1, ORGANISM Genus species Unclassified.,
DOMAINS
1	Query_26	Specific	349422	55	117	4.65961e-25	89.4911	cd18182	ATP-synt_Fo_c_ATP5G3	-	365782
ENDDOMAINS
SITES
ENDSITES
ENDQUERY
QUERY	Query_27	Peptide	121	atp9_Astsub1_feature_18_from_C_1, ORGANISM Genus species Unclassified.,
DOMAINS
1	Query_27	Specific	349422	55	117	4.65961e-25	89.4911	cd18182	ATP-synt_Fo_c_ATP5G3	-	365782
ENDDOMAINS
SITES
ENDSITES
ENDQUERY
QUERY	Query_28	Peptide	615	orf615_Astsub1_feature_20_from_C_1, ORGANISM Genus species Unclassified.,
DOMAINS
1	Query_28	Superfamily	354370	178	609	1.67373e-139	413.194	cl18945	Beta_elim_lyase	-	-
ENDDOMAINS
ENDQUERY
QUERY	Query_29	Peptide	462	orf462_Astsub1_feature_22_from_C_1, ORGANISM Genus species Unclassified.,
DOMAINS
1	Query_29	Specific	334330	171	270	6.17526e-27	103.855	pfam00961	LAGLIDADG_1	-	45
1	Query_29	Specific	334330	332	432	1.40324e-21	88.8326	pfam00961	LAGLIDADG_1	-	45
ENDDOMAINS
ENDQUERY
QUERY	Query_30	Peptide	460	orf461_Astsub1_feature_24_from_C_1, ORGANISM Genus species Unclassified.,
DOMAINS
1	Query_30	Specific	334330	169	268	7.05928e-27	103.47	pfam00961	LAGLIDADG_1	-	45
1	Query_30	Specific	334330	330	430	1.53267e-21	88.8326	pfam00961	LAGLIDADG_1	-	45
ENDDOMAINS
ENDQUERY
ENDSESSION	1
SESSION	2	blastp	2.10.0+	/opt/rpsbproc/db/Cdd	BLOSUM62	0.01
QUERY	Query_31	Peptide	493	orf493_Astsub1_feature_26_from_C_1, ORGANISM Genus species Unclassified.,
DOMAINS
2	Query_31	Specific	334330	167	264	1.53685e-20	86.1362	pfam00961	LAGLIDADG_1	-	45
2	Query_31	Specific	334330	348	461	3.86072e-10	56.4759	pfam00961	LAGLIDADG_1	-	45
ENDDOMAINS
ENDQUERY
QUERY	Query_32	Peptide	472	orf472_Astsub1_feature_28_from_C_1, ORGANISM Genus species Unclassified.,
DOMAINS
2	Query_32	Specific	334330	146	243	3.63964e-21	87.677	pfam00961	LAGLIDADG_1	-	45
2	Query_32	Specific	334330	327	440	1.51642e-10	57.6315	pfam00961	LAGLIDADG_1	-	45
ENDDOMAINS
ENDQUERY
QUERY	Query_33	Peptide	462	orf462_Astsub1_feature_30_from_C_1, ORGANISM Genus species Unclassified.,
DOMAINS
2	Query_33	Specific	334330	171	270	6.17526e-27	103.855	pfam00961	LAGLIDADG_1	-	45
2	Query_33	Specific	334330	332	432	1.40324e-21	88.8326	pfam00961	LAGLIDADG_1	-	45
ENDDOMAINS
ENDQUERY
QUERY	Query_34	Peptide	460	orf461_Astsub1_feature_32_from_C_1, ORGANISM Genus species Unclassified.,
DOMAINS
2	Query_34	Specific	334330	169	268	7.05928e-27	103.47	pfam00961	LAGLIDADG_1	-	45
2	Query_34	Specific	334330	330	430	1.53267e-21	88.8326	pfam00961	LAGLIDADG_1	-	45
ENDDOMAINS
ENDQUERY
QUERY	Query_36	Peptide	615	orf615_Astsub1_feature_36_from_C_1, ORGANISM Genus species Unclassified.,
DOMAINS
2	Query_36	Superfamily	354370	178	609	1.67373e-139	413.194	cl18945	Beta_elim_lyase	-	-
ENDDOMAINS
ENDQUERY
QUERY	Query_38	Peptide	121	atp9_Astsub1_feature_41_from_C_1, ORGANISM Genus species Unclassified.,
DOMAINS
2	Query_38	Specific	349422	55	117	4.65961e-25	89.4911	cd18182	ATP-synt_Fo_c_ATP5G3	-	365782
ENDDOMAINS
SITES
ENDSITES
ENDQUERY
QUERY	Query_39	Peptide	121	atp9_Astsub1_feature_42_from_C_1, ORGANISM Genus species Unclassified.,
DOMAINS
2	Query_39	Specific	349422	55	117	4.65961e-25	89.4911	cd18182	ATP-synt_Fo_c_ATP5G3	-	365782
ENDDOMAINS
SITES
ENDSITES
ENDQUERY
QUERY	Query_55	Peptide	187	orf187_Astsub1_feature_30_from_C_2, ORGANISM Genus species Unclassified.,
DOMAINS
2	Query_55	Specific	335245	4	167	3.03911e-38	128.818	pfam03161	LAGLIDADG_2	-	45
ENDDOMAINS
ENDQUERY
QUERY	Query_56	Peptide	95	orf96_Astsub1_feature_2_from_C_3, ORGANISM Genus species Unclassified.,
DOMAINS
2	Query_56	Specific	334330	15	94	4.53674e-11	54.1647	pfam00961	LAGLIDADG_1	-	45
ENDDOMAINS
ENDQUERY
QUERY	Query_57	Peptide	261	orf261_Astsub1_feature_4_from_C_3, ORGANISM Genus species Unclassified.,
DOMAINS
2	Query_57	Non-specific	273636	16	227	5.77669e-39	134.821	TIGR01453	grpIintron_endo	-	45
ENDDOMAINS
ENDQUERY
QUERY	Query_58	Peptide	262	orf263_Astsub1_feature_6_from_C_3, ORGANISM Genus species Unclassified.,
DOMAINS
2	Query_58	Non-specific	273636	48	260	9.04402e-38	131.739	TIGR01453	grpIintron_endo	-	45
ENDDOMAINS
ENDQUERY
QUERY	Query_60	Peptide	314	orf315_Astsub1_feature_20_from_C_3, ORGANISM Genus species Unclassified.,
DOMAINS
2	Query_60	Specific	334330	87	185	1.34678e-05	42.9939	pfam00961	LAGLIDADG_1	-	45
2	Query_60	Specific	197761	272	308	0.000728216	36.777	smart00497	IENR1	-	299755
ENDDOMAINS
ENDQUERY
QUERY	Query_61	Peptide	234	orf235_Astsub1_feature_22_from_C_3, ORGANISM Genus species Unclassified.,
DOMAINS
2	Query_61	Non-specific	273636	18	231	1.94508e-37	130.198	TIGR01453	grpIintron_endo	-	45
ENDDOMAINS
ENDQUERY
QUERY	Query_62	Peptide	391	orf392_Astsub1_feature_24_from_C_3, ORGANISM Genus species Unclassified.,
DOMAINS
2	Query_62	Specific	334330	86	185	4.29363e-17	75.7358	pfam00961	LAGLIDADG_1	-	45
2	Query_62	Specific	334330	232	309	0.000505528	38.7567	pfam00961	LAGLIDADG_1	C	45
ENDDOMAINS
ENDQUERY
QUERY	Query_63	Peptide	509	cox3_Astsub1_feature_26_from_C_3, ORGANISM Genus species Unclassified.,
DOMAINS
2	Query_63	Superfamily	294143	2	170	1.10751e-75	238.849	cl00211	Heme_Cu_Oxidase_III_like	N	-
2	Query_63	Specific	334330	201	301	6.47675e-27	104.241	pfam00961	LAGLIDADG_1	-	45
2	Query_63	Specific	334330	359	459	7.22883e-27	103.855	pfam00961	LAGLIDADG_1	-	45
ENDDOMAINS
SITES
2	Query_63	Specific	Subunit I/III interface	A10,K13,G14,S25,L28,A32,I33,H39,G127,V128,A131,F135	12	12	238834
2	Query_63	Specific	Subunit III/Vb interface	G94	1	1	238834
2	Query_63	Specific	Subunit III/VIa interface	F63,E64,L65,Y82,V108,S118,V119,S120,S125,D126,G127	11	11	238834
2	Query_63	Specific	Subunit III/VIb interface	L55	1	1	238834
ENDSITES
ENDQUERY
QUERY	Query_64	Peptide	141	orf141_Astsub1_feature_30_from_C_3, ORGANISM Genus species Unclassified.,
DOMAINS
2	Query_64	Specific	334330	6	96	1.31432e-16	69.9578	pfam00961	LAGLIDADG_1	-	45
ENDDOMAINS
ENDQUERY
QUERY	Query_65	Peptide	159	orf159_Astsub1_feature_32_from_C_3, ORGANISM Genus species Unclassified.,
DOMAINS
2	Query_65	Specific	335245	39	136	8.2093e-30	106.476	pfam03161	LAGLIDADG_2	N	45
ENDDOMAINS
ENDQUERY
QUERY	Query_66	Peptide	349	orf350_Astsub1_feature_35_from_C_3, ORGANISM Genus species Unclassified.,
DOMAINS
2	Query_66	Specific	334330	193	306	5.8191e-06	44.1495	pfam00961	LAGLIDADG_1	-	45
2	Query_66	Specific	334330	75	139	3.92725e-05	41.8383	pfam00961	LAGLIDADG_1	C	45
ENDDOMAINS
ENDQUERY
ENDSESSION	2
ENDDATA
