#Post-RPSBLAST Processing Utility

#Input data file:	Bisme1_MitoAssemblyScaffolds.fasta.new.sqn.gbf_converted.faa.asn
#Output data file:	Bisme1_MitoAssemblyScaffolds.fasta.new.sqn.gbf_converted.faa.asn.out
#Annotation data at:	/opt/rpsbproc/data
#E-Value cutoff:	0.01
#Redundancy:	Concise
#Data requested:	Domain hits and site annotations
#Output format -- tab-delimited table
#Show superfamilies: NO
#DATA
#SESSION	<session-ordinal>	<program>	<database>	<score-matrix>	<evalue-threshold>
#QUERY	<query-id>	<seq-type>	<seq-length>	<definition-line>
#DOMAINS
#<session-ordinal>	<query-id[readingframe]>	<hit-type>	<PSSM-ID>	<from>	<to>	<E-Value>	<bitscore>	<accession>	<short-name>	<incomplete>	<superfamily PSSM-ID>
#more such lines......
#ENDDOMAINS
#SITES
#<session-ordinal>	<query-id[readingframe]>	<annot-type>	<title>	<residue(coordinates)>	<complete-size>	<mapped-size>	<source-domain>
#more such lines......
#ENDSITES
#MOTIFS
#<session-ordinal>	<query-id[readingframe]>	<title>	<from>	<to>	<source-domain>
#more such lines......
#ENDMOTIFS
#ENDQUERY	<query-id>
#more query sections..
#ENDSESSION	<session-ordinal>
#more session sections..
#ENDDATA
#=====================================================================
DATA
SESSION	1	blastp	2.10.0+	/opt/rpsbproc/db/Cdd	BLOSUM62	0.01
QUERY	Query_1	Peptide	399	orf400_Bisme1_feature_2_from_C_0, ORGANISM Genus species Unclassified.,
DOMAINS
1	Query_1	Superfamily	350997	1	47	4.79187e-20	91.3904	cl00275	Heme_Cu_Oxidase_I	NC	-
1	Query_1	Specific	334330	261	360	1.23755e-17	77.6618	pfam00961	LAGLIDADG_1	-	45
ENDDOMAINS
SITES
1	Query_1	Generic	K-pathway	Y3,S14	7	2	238461
ENDSITES
ENDQUERY
QUERY	Query_2	Peptide	349	orf350_Bisme1_feature_4_from_C_0, ORGANISM Genus species Unclassified.,
DOMAINS
1	Query_2	Specific	334330	65	164	2.61413e-26	100.389	pfam00961	LAGLIDADG_1	-	45
1	Query_2	Specific	334330	222	320	2.87113e-26	100.389	pfam00961	LAGLIDADG_1	-	45
ENDDOMAINS
ENDQUERY
QUERY	Query_3	Peptide	195	orf196_Bisme1_feature_6_from_C_0, ORGANISM Genus species Unclassified.,
DOMAINS
1	Query_3	Specific	334330	76	155	5.67384e-07	46.0755	pfam00961	LAGLIDADG_1	-	45
ENDDOMAINS
ENDQUERY
QUERY	Query_4	Peptide	687	orf687_Bisme1_feature_8_from_C_0, ORGANISM Genus species Unclassified.,
DOMAINS
1	Query_4	Specific	334330	556	655	1.40137e-25	101.159	pfam00961	LAGLIDADG_1	-	45
1	Query_4	Specific	334330	398	498	1.17123e-17	78.4322	pfam00961	LAGLIDADG_1	-	45
1	Query_4	Specific	334330	99	186	3.79991e-06	45.6903	pfam00961	LAGLIDADG_1	-	45
ENDDOMAINS
ENDQUERY
QUERY	Query_5	Peptide	545	cox1_Bisme1_feature_10_from_C_0, ORGANISM Genus species Unclassified.,
DOMAINS
1	Query_5	Superfamily	350997	16	242	2.2639e-135	401.476	cl00275	Heme_Cu_Oxidase_I	C	-
1	Query_5	Specific	334330	424	519	3.89966e-19	82.2842	pfam00961	LAGLIDADG_1	-	45
1	Query_5	Specific	334330	305	392	5.12133e-07	48.0015	pfam00961	LAGLIDADG_1	-	45
ENDDOMAINS
SITES
1	Query_5	Generic	Low-spin heme binding site	S40,R44,Y61,H68,M72,I73,V77,W133	15	8	238461
1	Query_5	Generic	D-pathway	Y25,N87,D98,N105,S108,S163,S164,N170,T174	9	9	238461
1	Query_5	Generic	Putative water exit pathway	D234,Q239,H240	7	3	238461
ENDSITES
ENDQUERY
QUERY	Query_6	Peptide	252	orf252_Bisme1_feature_14_from_C_0, ORGANISM Genus species Unclassified.,
DOMAINS
1	Query_6	Specific	335245	67	234	2.60402e-52	167.338	pfam03161	LAGLIDADG_2	-	45
ENDDOMAINS
ENDQUERY
QUERY	Query_7	Peptide	378	orf378_Bisme1_feature_18_from_C_0, ORGANISM Genus species Unclassified.,
DOMAINS
1	Query_7	Specific	334330	229	334	2.89593e-16	73.4246	pfam00961	LAGLIDADG_1	-	45
1	Query_7	Specific	334330	108	205	1.13732e-14	69.1874	pfam00961	LAGLIDADG_1	-	45
ENDDOMAINS
ENDQUERY
QUERY	Query_8	Peptide	415	orf415_Bisme1_feature_22_from_C_0, ORGANISM Genus species Unclassified.,
DOMAINS
1	Query_8	Superfamily	353929	173	258	5.42332e-15	69.562	cl15257	GIY-YIG_SF	-	-
1	Query_8	Specific	197761	268	321	3.78967e-06	43.7106	smart00497	IENR1	-	299755
ENDDOMAINS
SITES
1	Query_8	Generic	active site	Y175,Y186,G188,R196,Y200,E243	6	6	198380
1	Query_8	Generic	catalytic site	R196,E243	2	2	198380
1	Query_8	Generic	metal binding site	E243	1	1	198380
1	Query_8	Generic	GIY-YIG motif/motif A	G173,V174,Y175,Y186,V187,G188	6	6	198380
ENDSITES
ENDQUERY
QUERY	Query_9	Peptide	417	orf417_Bisme1_feature_26_from_C_0, ORGANISM Genus species Unclassified.,
DOMAINS
1	Query_9	Specific	334330	287	387	5.16383e-25	98.0774	pfam00961	LAGLIDADG_1	-	45
1	Query_9	Specific	334330	129	229	3.0486e-23	93.0698	pfam00961	LAGLIDADG_1	-	45
ENDDOMAINS
ENDQUERY
QUERY	Query_10	Peptide	201	orf201_Bisme1_feature_30_from_C_0, ORGANISM Genus species Unclassified.,
DOMAINS
1	Query_10	Specific	334330	42	160	1.54107e-12	61.0983	pfam00961	LAGLIDADG_1	-	45
ENDDOMAINS
ENDQUERY
QUERY	Query_12	Peptide	308	orf308_Bisme1_feature_36_from_C_0, ORGANISM Genus species Unclassified.,
DOMAINS
1	Query_12	Specific	334330	158	267	2.30617e-23	91.9142	pfam00961	LAGLIDADG_1	-	45
1	Query_12	Specific	334330	40	133	8.07659e-08	49.1571	pfam00961	LAGLIDADG_1	-	45
ENDDOMAINS
ENDQUERY
QUERY	Query_13	Peptide	110	orf110_Bisme1_feature_40_from_C_0, ORGANISM Genus species Unclassified.,
DOMAINS
1	Query_13	Superfamily	355698	4	76	9.64253e-16	70.8399	cl28058	DNA_pol_B_2	N	-
ENDDOMAINS
ENDQUERY
QUERY	Query_14	Peptide	887	orf887_Bisme1_feature_42_from_C_0, ORGANISM Genus species Unclassified.,
DOMAINS
1	Query_14	Non-specific	275209	310	701	1.19616e-97	309.388	TIGR04416	group_II_RT_mat	-	45
1	Query_14	Specific	238038	828	887	1.69869e-07	48.622	cd00085	HNHc	-	350893
ENDDOMAINS
SITES
1	Query_14	Specific	active site	H855,H857,H858,I859,P861,N873,L874,H878,P879,H882,H887	11	11	238038
ENDSITES
ENDQUERY
QUERY	Query_15	Peptide	847	orf847_Bisme1_feature_46_from_C_0, ORGANISM Genus species Unclassified.,
DOMAINS
1	Query_15	Specific	238828	357	628	8.10218e-74	240.566	cd01651	RT_G2_intron	-	295487
1	Query_15	Non-specific	279664	658	797	3.55177e-19	84.4434	pfam01348	Intron_maturas2	-	45
ENDDOMAINS
SITES
1	Query_15	Specific	putative active site	D432,I433,S434,K435,C436,F437,Q487,G488,Y573,Y575,D576,L624,G625	13	13	238828
1	Query_15	Specific	putative nucleic acid binding site	G488	1	1	238828
1	Query_15	Specific	putative NTP binding site	D432,I433,S434,K435,C436,F437,Q487,Y575	8	8	238828
ENDSITES
ENDQUERY
QUERY	Query_16	Peptide	790	orf790_Bisme1_feature_48_from_C_0, ORGANISM Genus species Unclassified.,
DOMAINS
1	Query_16	Specific	238828	300	571	3.7782e-74	240.566	cd01651	RT_G2_intron	-	295487
1	Query_16	Non-specific	279664	601	740	3.10203e-19	84.4434	pfam01348	Intron_maturas2	-	45
ENDDOMAINS
SITES
1	Query_16	Specific	putative active site	D375,I376,S377,K378,C379,F380,Q430,G431,Y516,Y518,D519,L567,G568	13	13	238828
1	Query_16	Specific	putative nucleic acid binding site	G431	1	1	238828
1	Query_16	Specific	putative NTP binding site	D375,I376,S377,K378,C379,F380,Q430,Y518	8	8	238828
ENDSITES
ENDQUERY
QUERY	Query_17	Peptide	323	cob_Bisme1_feature_53_from_C_0, ORGANISM Genus species Unclassified.,
DOMAINS
1	Query_17	Non-specific	214440	16	291	2.15593e-129	372.963	MTH00156	CYTB	N	45
ENDDOMAINS
ENDQUERY
QUERY	Query_18	Peptide	304	orf304_Bisme1_feature_57_from_C_0, ORGANISM Genus species Unclassified.,
DOMAINS
1	Query_18	Specific	334330	61	126	2.48566e-06	44.9199	pfam00961	LAGLIDADG_1	C	45
ENDDOMAINS
ENDQUERY
QUERY	Query_19	Peptide	303	orf303_Bisme1_feature_61_from_C_0, ORGANISM Genus species Unclassified.,
DOMAINS
1	Query_19	Non-specific	273636	87	288	8.59217e-28	106.701	TIGR01453	grpIintron_endo	-	45
ENDDOMAINS
ENDQUERY
QUERY	Query_21	Peptide	515	orf516_Bisme1_feature_66_from_C_0, ORGANISM Genus species Unclassified.,
DOMAINS
1	Query_21	Specific	334330	129	218	5.95123e-11	59.1723	pfam00961	LAGLIDADG_1	-	45
1	Query_21	Specific	334330	266	378	1.51018e-07	49.1571	pfam00961	LAGLIDADG_1	-	45
1	Query_21	Non-specific	214440	35	69	3.94976e-06	48.6248	MTH00156	CYTB	C	45
1	Query_21	Specific	197761	458	514	0.00253434	36.0066	smart00497	IENR1	-	299755
ENDDOMAINS
ENDQUERY
QUERY	Query_22	Peptide	461	orf462_Bisme1_feature_68_from_C_0, ORGANISM Genus species Unclassified.,
DOMAINS
1	Query_22	Specific	334330	64	158	2.41645e-18	79.973	pfam00961	LAGLIDADG_1	-	45
1	Query_22	Specific	334330	214	313	8.67851e-05	41.4531	pfam00961	LAGLIDADG_1	-	45
ENDDOMAINS
ENDQUERY
QUERY	Query_25	Peptide	350	orf351_Bisme1_feature_74_from_C_0, ORGANISM Genus species Unclassified.,
DOMAINS
1	Query_25	Specific	334330	56	154	1.32519e-19	82.2842	pfam00961	LAGLIDADG_1	-	45
1	Query_25	Specific	334330	220	322	5.21912e-14	66.8762	pfam00961	LAGLIDADG_1	-	45
ENDDOMAINS
ENDQUERY
QUERY	Query_26	Peptide	517	orf518_Bisme1_feature_76_from_C_0, ORGANISM Genus species Unclassified.,
DOMAINS
1	Query_26	Non-specific	177145	3	54	3.67185e-17	83.1916	MTH00074	CYTB	C	45
1	Query_26	Specific	334330	118	222	7.52217e-08	50.3127	pfam00961	LAGLIDADG_1	-	45
1	Query_26	Specific	334330	281	382	7.89754e-08	50.3127	pfam00961	LAGLIDADG_1	-	45
ENDDOMAINS
ENDQUERY
ENDSESSION	1
SESSION	2	blastp	2.10.0+	/opt/rpsbproc/db/Cdd	BLOSUM62	0.01
QUERY	Query_27	Peptide	597	nad5_Bisme1_feature_78_from_C_0, ORGANISM Genus species Unclassified.,
DOMAINS
2	Query_27	Non-specific	214400	21	562	1.28585e-170	498.063	MTH00020	ND5	-	45
ENDDOMAINS
ENDQUERY
QUERY	Query_28	Peptide	208	orf208_Bisme1_feature_82_from_C_0, ORGANISM Genus species Unclassified.,
DOMAINS
2	Query_28	Specific	334330	22	120	1.31064e-20	82.2842	pfam00961	LAGLIDADG_1	-	45
ENDDOMAINS
ENDQUERY
QUERY	Query_29	Peptide	323	orf323_Bisme1_feature_86_from_C_0, ORGANISM Genus species Unclassified.,
DOMAINS
2	Query_29	Specific	334330	190	293	2.04085e-06	45.3051	pfam00961	LAGLIDADG_1	-	45
2	Query_29	Specific	334330	77	166	9.78339e-05	40.6827	pfam00961	LAGLIDADG_1	-	45
ENDDOMAINS
ENDQUERY
QUERY	Query_30	Peptide	345	orf345_Bisme1_feature_88_from_C_0, ORGANISM Genus species Unclassified.,
DOMAINS
2	Query_30	Non-specific	273636	169	342	1.35489e-32	120.568	TIGR01453	grpIintron_endo	-	45
ENDDOMAINS
ENDQUERY
QUERY	Query_31	Peptide	488	orf488_Bisme1_feature_90_from_C_0, ORGANISM Genus species Unclassified.,
DOMAINS
2	Query_31	Specific	334330	98	188	1.0066e-16	75.3506	pfam00961	LAGLIDADG_1	-	45
2	Query_31	Specific	334330	240	347	7.69552e-10	55.7055	pfam00961	LAGLIDADG_1	-	45
ENDDOMAINS
ENDQUERY
QUERY	Query_32	Peptide	295	orf295_Bisme1_feature_94_from_C_0, ORGANISM Genus species Unclassified.,
DOMAINS
2	Query_32	Specific	334330	65	146	2.34492e-07	48.0015	pfam00961	LAGLIDADG_1	-	45
2	Query_32	Specific	334330	174	262	2.82202e-06	44.9199	pfam00961	LAGLIDADG_1	-	45
ENDDOMAINS
ENDQUERY
QUERY	Query_33	Peptide	399	orf399_Bisme1_feature_98_from_C_0, ORGANISM Genus species Unclassified.,
DOMAINS
2	Query_33	Specific	334330	269	369	5.27324e-31	113.871	pfam00961	LAGLIDADG_1	-	45
2	Query_33	Specific	334330	110	211	1.77591e-23	93.455	pfam00961	LAGLIDADG_1	-	45
ENDDOMAINS
ENDQUERY
QUERY	Query_35	Peptide	225	orf226_Bisme1_feature_103_from_C_0, ORGANISM Genus species Unclassified.,
DOMAINS
2	Query_35	Specific	334330	10	100	3.15028e-13	63.4094	pfam00961	LAGLIDADG_1	-	45
ENDDOMAINS
ENDQUERY
QUERY	Query_36	Peptide	808	orf808_Bisme1_feature_105_from_C_0, ORGANISM Genus species Unclassified.,
DOMAINS
2	Query_36	Specific	335245	272	444	8.08275e-47	164.256	pfam03161	LAGLIDADG_2	-	45
2	Query_36	Specific	334330	524	621	2.75081e-23	94.6106	pfam00961	LAGLIDADG_1	-	45
2	Query_36	Non-specific	177253	1	82	5.79511e-19	91.2227	MTH00210	ND5	C	45
2	Query_36	Specific	334330	680	777	3.73241e-13	65.7206	pfam00961	LAGLIDADG_1	-	45
ENDDOMAINS
ENDQUERY
QUERY	Query_37	Peptide	218	orf219_Bisme1_feature_107_from_C_0, ORGANISM Genus species Unclassified.,
DOMAINS
2	Query_37	Specific	334330	89	188	2.45296e-30	107.707	pfam00961	LAGLIDADG_1	-	45
2	Query_37	Specific	334330	1	28	0.000956768	37.2159	pfam00961	LAGLIDADG_1	N	45
ENDDOMAINS
ENDQUERY
QUERY	Query_38	Peptide	175	nad4L_Bisme1_feature_109_from_C_0, ORGANISM Genus species Unclassified.,
DOMAINS
2	Query_38	Specific	177231	3	80	2.26476e-24	90.8617	MTH00180	ND4L	-	351118
ENDDOMAINS
ENDQUERY
QUERY	Query_39	Peptide	97	orf98_Bisme1_feature_113_from_C_0, ORGANISM Genus species Unclassified.,
DOMAINS
2	Query_39	Superfamily	353929	47	83	0.000117495	37.2053	cl15257	GIY-YIG_SF	C	-
ENDDOMAINS
SITES
2	Query_39	Generic	active site	Y50,Y61,G63,R71,Y75	6	5	198380
2	Query_39	Generic	catalytic site	R71	2	1	198380
2	Query_39	Generic	GIY-YIG motif/motif A	G48,V49,Y50,Y61,I62,G63	6	6	198380
ENDSITES
ENDQUERY
QUERY	Query_40	Peptide	252	cox2_Bisme1_feature_115_from_C_0, ORGANISM Genus species Unclassified.,
DOMAINS
2	Query_40	Specific	214438	18	250	6.29027e-106	305.599	MTH00154	COX2	-	45
ENDDOMAINS
ENDQUERY
QUERY	Query_43	Peptide	479	orf479_Bisme1_feature_125_from_C_0, ORGANISM Genus species Unclassified.,
DOMAINS
2	Query_43	Specific	334330	97	183	2.03419e-17	77.2766	pfam00961	LAGLIDADG_1	-	45
2	Query_43	Specific	334330	232	341	8.55533e-10	55.7055	pfam00961	LAGLIDADG_1	-	45
ENDDOMAINS
ENDQUERY
QUERY	Query_44	Peptide	296	orf296_Bisme1_feature_129_from_C_0, ORGANISM Genus species Unclassified.,
DOMAINS
2	Query_44	Specific	273636	61	295	3.56802e-58	185.282	TIGR01453	grpIintron_endo	-	45
ENDDOMAINS
ENDQUERY
QUERY	Query_45	Peptide	425	orf425_Bisme1_feature_133_from_C_0, ORGANISM Genus species Unclassified.,
DOMAINS
2	Query_45	Specific	334330	136	235	3.61833e-23	93.0698	pfam00961	LAGLIDADG_1	-	45
2	Query_45	Specific	334330	296	396	4.7987e-23	92.6846	pfam00961	LAGLIDADG_1	-	45
ENDDOMAINS
ENDQUERY
QUERY	Query_46	Peptide	113	orf113_Bisme1_feature_137_from_C_0, ORGANISM Genus species Unclassified.,
DOMAINS
2	Query_46	Specific	334330	1	69	0.000136049	37.9863	pfam00961	LAGLIDADG_1	N	45
ENDDOMAINS
ENDQUERY
QUERY	Query_47	Peptide	263	orf263_Bisme1_feature_141_from_C_0, ORGANISM Genus species Unclassified.,
DOMAINS
2	Query_47	Specific	334330	132	231	4.99659e-27	100.389	pfam00961	LAGLIDADG_1	-	45
ENDDOMAINS
ENDQUERY
QUERY	Query_48	Peptide	393	orf393_Bisme1_feature_144_from_C_0, ORGANISM Genus species Unclassified.,
DOMAINS
2	Query_48	Superfamily	354370	29	387	1.63656e-145	420.128	cl18945	Beta_elim_lyase	-	-
ENDDOMAINS
ENDQUERY
QUERY	Query_49	Peptide	204	orf205_Bisme1_feature_146_from_C_0, ORGANISM Genus species Unclassified.,
DOMAINS
2	Query_49	Non-specific	273636	6	200	3.66974e-24	94.7601	TIGR01453	grpIintron_endo	-	45
ENDDOMAINS
ENDQUERY
QUERY	Query_51	Peptide	256	orf256_Bisme1_feature_150_from_C_0, ORGANISM Genus species Unclassified.,
DOMAINS
2	Query_51	Specific	335245	65	233	5.23811e-45	148.848	pfam03161	LAGLIDADG_2	-	45
ENDDOMAINS
ENDQUERY
QUERY	Query_52	Peptide	79	atp9_Bisme1_feature_152_from_C_0, ORGANISM Genus species Unclassified.,
DOMAINS
2	Query_52	Specific	349422	6	65	3.2376e-19	72.9275	cd18182	ATP-synt_Fo_c_ATP5G3	-	365782
ENDDOMAINS
SITES
ENDSITES
ENDQUERY
QUERY	Query_54	Peptide	127	orf128_Bisme1_feature_156_from_C_0, ORGANISM Genus species Unclassified.,
DOMAINS
2	Query_54	Non-specific	273636	2	117	3.4307e-25	94.3749	TIGR01453	grpIintron_endo	C	45
ENDDOMAINS
ENDQUERY
QUERY	Query_55	Peptide	150	nad3_Bisme1_feature_158_from_C_0, ORGANISM Genus species Unclassified.,
DOMAINS
2	Query_55	Specific	334119	19	112	2.05175e-32	110.197	pfam00507	Oxidored_q4	-	351141
ENDDOMAINS
ENDQUERY
QUERY	Query_56	Peptide	934	nad2_Bisme1_feature_160_from_C_0, ORGANISM Genus species Unclassified.,
DOMAINS
2	Query_56	Specific	235603	138	489	8.81327e-83	275.161	PRK05777	PRK05777	N	356474
2	Query_56	Specific	334330	649	747	4.99154e-19	82.6694	pfam00961	LAGLIDADG_1	-	45
2	Query_56	Specific	334330	805	906	6.50473e-18	79.5878	pfam00961	LAGLIDADG_1	-	45
ENDDOMAINS
ENDQUERY
QUERY	Query_57	Peptide	419	orf419_Bisme1_feature_164_from_C_0, ORGANISM Genus species Unclassified.,
DOMAINS
2	Query_57	Specific	334330	129	227	1.12892e-23	94.2254	pfam00961	LAGLIDADG_1	-	45
2	Query_57	Specific	334330	289	390	3.59377e-21	87.2918	pfam00961	LAGLIDADG_1	-	45
ENDDOMAINS
ENDQUERY
QUERY	Query_58	Peptide	314	orf314_Bisme1_feature_168_from_C_0, ORGANISM Genus species Unclassified.,
DOMAINS
2	Query_58	Specific	334330	9	110	8.69141e-28	103.47	pfam00961	LAGLIDADG_1	-	45
2	Query_58	Specific	334330	171	265	6.51001e-18	77.2766	pfam00961	LAGLIDADG_1	-	45
ENDDOMAINS
ENDQUERY
QUERY	Query_59	Peptide	323	orf323_Bisme1_feature_170_from_C_0, ORGANISM Genus species Unclassified.,
DOMAINS
2	Query_59	Specific	273636	94	318	1.67078e-39	138.288	TIGR01453	grpIintron_endo	-	45
ENDDOMAINS
ENDQUERY
QUERY	Query_60	Peptide	431	orf431_Bisme1_feature_174_from_C_0, ORGANISM Genus species Unclassified.,
DOMAINS
2	Query_60	Specific	334330	138	239	3.59411e-27	103.855	pfam00961	LAGLIDADG_1	-	45
2	Query_60	Specific	334330	302	399	1.5703e-22	91.1438	pfam00961	LAGLIDADG_1	-	45
ENDDOMAINS
ENDQUERY
ENDSESSION	2
SESSION	3	blastp	2.10.0+	/opt/rpsbproc/db/Cdd	BLOSUM62	0.01
QUERY	Query_61	Peptide	257	orf257_Bisme1_feature_178_from_C_0, ORGANISM Genus species Unclassified.,
DOMAINS
3	Query_61	Specific	334330	136	234	4.38493e-22	87.2918	pfam00961	LAGLIDADG_1	-	45
ENDDOMAINS
ENDQUERY
QUERY	Query_62	Peptide	457	orf457_Bisme1_feature_182_from_C_0, ORGANISM Genus species Unclassified.,
DOMAINS
3	Query_62	Specific	334330	173	271	3.01689e-28	107.322	pfam00961	LAGLIDADG_1	-	45
3	Query_62	Specific	334330	329	429	6.94043e-23	92.6846	pfam00961	LAGLIDADG_1	-	45
ENDDOMAINS
ENDQUERY
QUERY	Query_63	Peptide	340	orf341_Bisme1_feature_2_from_C_1, ORGANISM Genus species Unclassified.,
DOMAINS
3	Query_63	Specific	334330	32	128	2.59991e-19	81.5138	pfam00961	LAGLIDADG_1	-	45
3	Query_63	Specific	334330	176	281	2.35289e-12	62.2538	pfam00961	LAGLIDADG_1	-	45
ENDDOMAINS
ENDQUERY
QUERY	Query_64	Peptide	436	orf437_Bisme1_feature_4_from_C_1, ORGANISM Genus species Unclassified.,
DOMAINS
3	Query_64	Superfamily	353929	130	216	3.49586e-16	73.0288	cl15257	GIY-YIG_SF	-	-
3	Query_64	Non-specific	273636	129	364	3.95923e-06	47.3805	TIGR01453	grpIintron_endo	-	45
ENDDOMAINS
SITES
3	Query_64	Generic	active site	Y133,Y144,G146,R154,Y158,E201	6	6	198380
3	Query_64	Generic	catalytic site	R154,E201	2	2	198380
3	Query_64	Generic	metal binding site	E201	1	1	198380
3	Query_64	Generic	GIY-YIG motif/motif A	G131,V132,Y133,Y144,V145,G146	6	6	198380
ENDSITES
ENDQUERY
QUERY	Query_65	Peptide	244	orf244_Bisme1_feature_6_from_C_1, ORGANISM Genus species Unclassified.,
DOMAINS
3	Query_65	Non-specific	273636	32	240	3.90975e-36	127.117	TIGR01453	grpIintron_endo	-	45
ENDDOMAINS
ENDQUERY
QUERY	Query_67	Peptide	269	cox3_Bisme1_feature_16_from_C_1, ORGANISM Genus species Unclassified.,
DOMAINS
3	Query_67	Specific	278911	12	269	3.63808e-138	389.077	pfam00510	COX3	-	294143
ENDDOMAINS
SITES
3	Query_67	Specific	Subunit I/III interface	S82,K85,G86,S97,L100,A104,I105,H111,G199,V200,T203,F207	12	12	238834
3	Query_67	Specific	Subunit III/Vb interface	G166	1	1	238834
3	Query_67	Specific	Subunit III/VIa interface	F135,E136,L137,Y154,I180,S190,V191,S192,S197,D198,G199	11	11	238834
3	Query_67	Specific	Subunit III/VIb interface	V127	1	1	238834
3	Query_67	Specific	Subunit III/VIIa interface	F64,R67,D68,S71,T74,F75,L76	7	7	238834
3	Query_67	Specific	Phospholipid binding site	W65,F66,I69,I70,G73,H79,G90,V91,F94,F222,R229,L241,G242	13	13	238834
ENDSITES
ENDQUERY
QUERY	Query_68	Peptide	428	orf428_Bisme1_feature_20_from_C_1, ORGANISM Genus species Unclassified.,
DOMAINS
3	Query_68	Specific	334330	53	151	1.02877e-16	74.9654	pfam00961	LAGLIDADG_1	-	45
3	Query_68	Specific	334330	197	296	5.52976e-08	50.3127	pfam00961	LAGLIDADG_1	-	45
3	Query_68	Non-specific	273636	385	425	0.000100019	43.1434	TIGR01453	grpIintron_endo	N	45
ENDDOMAINS
ENDQUERY
QUERY	Query_69	Peptide	494	orf494_Bisme1_feature_24_from_C_1, ORGANISM Genus species Unclassified.,
DOMAINS
3	Query_69	Specific	334330	99	195	7.24316e-15	69.9578	pfam00961	LAGLIDADG_1	-	45
3	Query_69	Specific	334330	241	354	0.000141048	40.6827	pfam00961	LAGLIDADG_1	-	45
ENDDOMAINS
ENDQUERY
QUERY	Query_70	Peptide	182	orf182_Bisme1_feature_28_from_C_1, ORGANISM Genus species Unclassified.,
DOMAINS
3	Query_70	Specific	334330	49	149	1.87082e-21	83.825	pfam00961	LAGLIDADG_1	-	45
ENDDOMAINS
ENDQUERY
QUERY	Query_71	Peptide	239	orf239_Bisme1_feature_32_from_C_1, ORGANISM Genus species Unclassified.,
DOMAINS
3	Query_71	Specific	334330	102	216	3.59418e-14	66.1058	pfam00961	LAGLIDADG_1	-	45
ENDDOMAINS
ENDQUERY
QUERY	Query_72	Peptide	141	orf142_Bisme1_feature_37_from_C_1, ORGANISM Genus species Unclassified.,
DOMAINS
3	Query_72	Specific	334330	39	129	8.1196e-21	80.7434	pfam00961	LAGLIDADG_1	-	45
ENDDOMAINS
ENDQUERY
QUERY	Query_73	Peptide	46	orf46_Bisme1_feature_39_from_C_1, ORGANISM Genus species Unclassified.,
DOMAINS
3	Query_73	Specific	334330	1	28	0.00165444	32.5935	pfam00961	LAGLIDADG_1	N	45
ENDDOMAINS
ENDQUERY
QUERY	Query_74	Peptide	98	orf99_Bisme1_feature_41_from_C_1, ORGANISM Genus species Unclassified.,
DOMAINS
3	Query_74	Specific	334330	54	97	2.89066e-05	39.1419	pfam00961	LAGLIDADG_1	C	45
ENDDOMAINS
ENDQUERY
QUERY	Query_75	Peptide	87	orf87_Bisme1_feature_43_from_C_1, ORGANISM Genus species Unclassified.,
DOMAINS
3	Query_75	Specific	334330	2	44	2.19826e-08	46.8459	pfam00961	LAGLIDADG_1	N	45
ENDDOMAINS
ENDQUERY
QUERY	Query_76	Peptide	141	orf142_Bisme1_feature_45_from_C_1, ORGANISM Genus species Unclassified.,
DOMAINS
3	Query_76	Specific	334330	86	138	1.59631e-09	51.4683	pfam00961	LAGLIDADG_1	C	45
ENDDOMAINS
ENDQUERY
QUERY	Query_77	Peptide	190	orf191_Bisme1_feature_47_from_C_1, ORGANISM Genus species Unclassified.,
DOMAINS
3	Query_77	Specific	334330	109	185	2.51196e-12	59.9427	pfam00961	LAGLIDADG_1	C	45
ENDDOMAINS
ENDQUERY
QUERY	Query_78	Peptide	70	orf71_Bisme1_feature_57_from_C_1, ORGANISM Genus species Unclassified.,
DOMAINS
3	Query_78	Superfamily	353929	26	59	3.8445e-09	47.9908	cl15257	GIY-YIG_SF	C	-
ENDDOMAINS
SITES
3	Query_78	Generic	active site	Y29,Y40,G42,R50,Y54	6	5	198380
3	Query_78	Generic	catalytic site	R50	2	1	198380
3	Query_78	Generic	GIY-YIG motif/motif A	G27,I28,Y29,Y40,V41,G42	6	6	198380
ENDSITES
ENDQUERY
QUERY	Query_79	Peptide	206	orf207_Bisme1_feature_61_from_C_1, ORGANISM Genus species Unclassified.,
DOMAINS
3	Query_79	Specific	198392	105	192	2.21383e-26	96.526	cd10445	GIY-YIG_bI1_like	-	353929
ENDDOMAINS
SITES
3	Query_79	Specific	putative active site	Y108,Y119,G121,R129,Y133,E179,N191	7	7	198392
3	Query_79	Specific	putative metal binding site	E179	1	1	198392
3	Query_79	Specific	GIY-YIG motif/motif A	G106,I107,Y108,Y119,I120,G121	6	6	198392
ENDSITES
ENDQUERY
QUERY	Query_80	Peptide	345	orf346_Bisme1_feature_63_from_C_1, ORGANISM Genus species Unclassified.,
DOMAINS
3	Query_80	Specific	334330	47	146	1.77e-18	79.2026	pfam00961	LAGLIDADG_1	-	45
3	Query_80	Specific	334330	204	314	2.56891e-17	76.121	pfam00961	LAGLIDADG_1	-	45
ENDDOMAINS
ENDQUERY
QUERY	Query_81	Peptide	316	orf317_Bisme1_feature_65_from_C_1, ORGANISM Genus species Unclassified.,
DOMAINS
3	Query_81	Specific	334330	25	124	8.20033e-20	82.6694	pfam00961	LAGLIDADG_1	-	45
3	Query_81	Specific	334330	183	282	6.44612e-17	74.5802	pfam00961	LAGLIDADG_1	-	45
ENDDOMAINS
ENDQUERY
QUERY	Query_82	Peptide	323	orf324_Bisme1_feature_67_from_C_1, ORGANISM Genus species Unclassified.,
DOMAINS
3	Query_82	Specific	334330	190	290	1.26859e-25	98.0774	pfam00961	LAGLIDADG_1	-	45
3	Query_82	Specific	334330	31	132	1.5343e-23	92.6846	pfam00961	LAGLIDADG_1	-	45
ENDDOMAINS
ENDQUERY
QUERY	Query_83	Peptide	421	orf421_Bisme1_feature_69_from_C_1, ORGANISM Genus species Unclassified.,
DOMAINS
3	Query_83	Specific	334330	138	236	2.15052e-26	101.929	pfam00961	LAGLIDADG_1	-	45
3	Query_83	Specific	334330	294	389	1.88315e-22	91.1438	pfam00961	LAGLIDADG_1	-	45
ENDDOMAINS
ENDQUERY
QUERY	Query_86	Peptide	264	atp6_Bisme1_feature_75_from_C_1, ORGANISM Genus species Unclassified.,
DOMAINS
3	Query_86	Specific	273458	39	261	3.35621e-46	153.901	TIGR01131	ATP_synt_6_or_A	-	351082
ENDDOMAINS
ENDQUERY
QUERY	Query_87	Peptide	222	orf222_Bisme1_feature_79_from_C_1, ORGANISM Genus species Unclassified.,
DOMAINS
3	Query_87	Non-specific	273636	1	144	4.02511e-16	73.5741	TIGR01453	grpIintron_endo	-	45
3	Query_87	Specific	284793	168	204	6.66458e-07	44.4256	pfam07453	NUMOD1	-	299755
ENDDOMAINS
ENDQUERY
QUERY	Query_88	Peptide	347	orf347_Bisme1_feature_83_from_C_1, ORGANISM Genus species Unclassified.,
DOMAINS
3	Query_88	Specific	334330	57	155	2.16471e-26	100.774	pfam00961	LAGLIDADG_1	-	45
3	Query_88	Specific	334330	217	310	1.22283e-23	93.0698	pfam00961	LAGLIDADG_1	-	45
ENDDOMAINS
ENDQUERY
QUERY	Query_89	Peptide	50	atp8_Bisme1_feature_86_from_C_1, ORGANISM Genus species Unclassified.,
DOMAINS
3	Query_89	Non-specific	283561	1	48	4.22748e-05	35.845	pfam05933	Fun_ATP-synt_8	-	45
ENDDOMAINS
ENDQUERY
QUERY	Query_90	Peptide	355	orf356_Bisme1_feature_88_from_C_1, ORGANISM Genus species Unclassified.,
DOMAINS
3	Query_90	Specific	334330	94	223	2.67685e-07	48.0015	pfam00961	LAGLIDADG_1	-	45
3	Query_90	Specific	197761	300	353	0.00655111	34.4658	smart00497	IENR1	-	299755
ENDDOMAINS
ENDQUERY
QUERY	Query_91	Peptide	67	orf68_Bisme1_feature_90_from_C_1, ORGANISM Genus species Unclassified.,
DOMAINS
3	Query_91	Specific	334330	25	66	1.51289e-06	41.4531	pfam00961	LAGLIDADG_1	C	45
ENDDOMAINS
ENDQUERY
QUERY	Query_92	Peptide	547	nad4_Bisme1_feature_92_from_C_1, ORGANISM Genus species Unclassified.,
DOMAINS
3	Query_92	Specific	235622	1	499	5.16999e-129	385.71	PRK05846	PRK05846	-	45
ENDDOMAINS
ENDQUERY
QUERY	Query_93	Peptide	333	orf333_Bisme1_feature_96_from_C_1, ORGANISM Genus species Unclassified.,
DOMAINS
3	Query_93	Specific	334330	192	294	1.50584e-17	76.5062	pfam00961	LAGLIDADG_1	-	45
3	Query_93	Specific	334330	77	171	5.40261e-10	55.7055	pfam00961	LAGLIDADG_1	-	45
ENDDOMAINS
ENDQUERY
QUERY	Query_94	Peptide	429	orf429_Bisme1_feature_100_from_C_1, ORGANISM Genus species Unclassified.,
DOMAINS
3	Query_94	Specific	334330	298	398	6.24598e-25	98.0774	pfam00961	LAGLIDADG_1	-	45
3	Query_94	Specific	334330	136	234	1.3704e-22	91.529	pfam00961	LAGLIDADG_1	-	45
ENDDOMAINS
ENDQUERY
QUERY	Query_95	Peptide	368	nad1_Bisme1_feature_103_from_C_1, ORGANISM Genus species Unclassified.,
DOMAINS
3	Query_95	Specific	333876	13	351	7.76048e-103	305.166	pfam00146	NADHdh	-	351105
ENDDOMAINS
ENDQUERY
QUERY	Query_96	Peptide	248	orf248_Bisme1_feature_107_from_C_1, ORGANISM Genus species Unclassified.,
DOMAINS
3	Query_96	Specific	334330	14	128	1.10901e-05	42.9939	pfam00961	LAGLIDADG_1	-	45
ENDDOMAINS
ENDQUERY
ENDSESSION	3
SESSION	4	blastp	2.10.0+	/opt/rpsbproc/db/Cdd	BLOSUM62	0.01
QUERY	Query_98	Peptide	361	orf361_Bisme1_feature_113_from_C_1, ORGANISM Genus species Unclassified.,
DOMAINS
4	Query_98	Specific	334330	242	325	0.00239131	36.8307	pfam00961	LAGLIDADG_1	-	45
ENDDOMAINS
ENDQUERY
QUERY	Query_99	Peptide	432	orf432_Bisme1_feature_119_from_C_1, ORGANISM Genus species Unclassified.,
DOMAINS
4	Query_99	Specific	334330	142	243	2.84651e-26	101.544	pfam00961	LAGLIDADG_1	-	45
4	Query_99	Specific	334330	301	401	5.62059e-23	92.6846	pfam00961	LAGLIDADG_1	-	45
ENDDOMAINS
ENDQUERY
QUERY	Query_102	Peptide	258	cox1_Bisme1_feature_130_from_C_1, ORGANISM Genus species Unclassified.,
DOMAINS
4	Query_102	Superfamily	350997	24	235	2.40981e-110	326.362	cl00275	Heme_Cu_Oxidase_I	N	-
ENDDOMAINS
SITES
4	Query_102	Generic	Binuclear center (active site)	H99	4	1	238461
4	Query_102	Generic	Low-spin heme binding site	Y94,H101,L104,S105,R161,R162,F191	15	7	238461
4	Query_102	Generic	K-pathway	T39,K42	7	2	238461
4	Query_102	Generic	Putative proton exit pathway	H91,D92,R161,R162	5	4	238461
4	Query_102	Generic	Putative water exit pathway	D87,H91,D92,R161	7	4	238461
ENDSITES
ENDQUERY
QUERY	Query_103	Peptide	270	orf270_Bisme1_feature_134_from_C_1, ORGANISM Genus species Unclassified.,
DOMAINS
4	Query_103	Non-specific	273636	11	261	1.67655e-29	110.553	TIGR01453	grpIintron_endo	-	45
ENDDOMAINS
ENDQUERY
QUERY	Query_104	Peptide	383	orf383_Bisme1_feature_136_from_C_1, ORGANISM Genus species Unclassified.,
DOMAINS
4	Query_104	Superfamily	353929	49	83	0.00266203	36.0565	cl15257	GIY-YIG_SF	C	-
ENDDOMAINS
SITES
4	Query_104	Specific	putative active site	Y51,Y63,G65,R73,Y77	6	5	198402
4	Query_104	Specific	GIY-YIG motif/motif A	G49,V50,Y51,Y63,I64,G65	6	6	198402
ENDSITES
ENDQUERY
QUERY	Query_105	Peptide	269	orf269_Bisme1_feature_140_from_C_1, ORGANISM Genus species Unclassified.,
DOMAINS
4	Query_105	Specific	198392	51	139	8.24197e-27	99.6076	cd10445	GIY-YIG_bI1_like	-	353929
4	Query_105	Non-specific	273636	50	252	2.64545e-26	102.079	TIGR01453	grpIintron_endo	-	45
ENDDOMAINS
SITES
4	Query_105	Specific	putative active site	Y54,Y65,G67,R75,Y79,E124,N136	7	7	198392
4	Query_105	Specific	putative metal binding site	E124	1	1	198392
4	Query_105	Specific	GIY-YIG motif/motif A	G52,V53,Y54,Y65,I66,G67	6	6	198392
ENDSITES
ENDQUERY
QUERY	Query_106	Peptide	432	orf432_2_Bisme1_feature_144_from_C_1, ORGANISM Genus species Unclassified.,
DOMAINS
4	Query_106	Specific	273636	139	344	1.11818e-58	191.06	TIGR01453	grpIintron_endo	-	45
4	Query_106	Specific	197761	378	428	4.92639e-08	49.1034	smart00497	IENR1	-	299755
ENDDOMAINS
ENDQUERY
QUERY	Query_107	Peptide	475	orf475_Bisme1_feature_148_from_C_1, ORGANISM Genus species Unclassified.,
DOMAINS
4	Query_107	Specific	335245	269	443	6.79071e-44	151.93	pfam03161	LAGLIDADG_2	-	45
4	Query_107	Specific	334330	93	202	7.7736e-08	49.9275	pfam00961	LAGLIDADG_1	-	45
ENDDOMAINS
ENDQUERY
QUERY	Query_114	Peptide	318	orf319_Bisme1_feature_4_from_C_3, ORGANISM Genus species Unclassified.,
DOMAINS
4	Query_114	Specific	334330	26	125	1.09223e-26	100.774	pfam00961	LAGLIDADG_1	-	45
4	Query_114	Specific	334330	187	283	5.4187e-25	96.1514	pfam00961	LAGLIDADG_1	-	45
ENDDOMAINS
ENDQUERY
ENDSESSION	4
ENDDATA
