#Post-RPSBLAST Processing Utility

#Input data file:	Bismed1_MitoAssemblyScaffolds.fasta.new.sqn.gbf_converted.faa.asn
#Output data file:	Bismed1_MitoAssemblyScaffolds.fasta.new.sqn.gbf_converted.faa.asn.out
#Annotation data at:	/opt/rpsbproc/data
#E-Value cutoff:	0.01
#Redundancy:	Concise
#Data requested:	Domain hits and site annotations
#Output format -- tab-delimited table
#Show superfamilies: NO
#DATA
#SESSION	<session-ordinal>	<program>	<database>	<score-matrix>	<evalue-threshold>
#QUERY	<query-id>	<seq-type>	<seq-length>	<definition-line>
#DOMAINS
#<session-ordinal>	<query-id[readingframe]>	<hit-type>	<PSSM-ID>	<from>	<to>	<E-Value>	<bitscore>	<accession>	<short-name>	<incomplete>	<superfamily PSSM-ID>
#more such lines......
#ENDDOMAINS
#SITES
#<session-ordinal>	<query-id[readingframe]>	<annot-type>	<title>	<residue(coordinates)>	<complete-size>	<mapped-size>	<source-domain>
#more such lines......
#ENDSITES
#MOTIFS
#<session-ordinal>	<query-id[readingframe]>	<title>	<from>	<to>	<source-domain>
#more such lines......
#ENDMOTIFS
#ENDQUERY	<query-id>
#more query sections..
#ENDSESSION	<session-ordinal>
#more session sections..
#ENDDATA
#=====================================================================
DATA
SESSION	1	blastp	2.10.0+	/opt/rpsbproc/db/Cdd	BLOSUM62	0.01
QUERY	Query_1	Peptide	51	orf52_Bismed1_feature_2_from_C_0, ORGANISM Genus species Unclassified.,
DOMAINS
1	Query_1	Specific	334330	6	51	1.22664e-06	40.6827	pfam00961	LAGLIDADG_1	N	45
ENDDOMAINS
ENDQUERY
QUERY	Query_2	Peptide	131	orf132_Bismed1_feature_4_from_C_0, ORGANISM Genus species Unclassified.,
DOMAINS
1	Query_2	Specific	334330	1	87	1.03349e-11	56.8611	pfam00961	LAGLIDADG_1	N	45
ENDDOMAINS
ENDQUERY
QUERY	Query_3	Peptide	210	cox2_Bismed1_feature_6_from_C_0, ORGANISM Genus species Unclassified.,
DOMAINS
1	Query_3	Specific	214438	1	208	2.54472e-99	287.11	MTH00154	COX2	-	45
ENDDOMAINS
ENDQUERY
QUERY	Query_4	Peptide	425	orf425_Bismed1_feature_10_from_C_0, ORGANISM Genus species Unclassified.,
DOMAINS
1	Query_4	Specific	334330	296	396	3.07905e-23	93.0698	pfam00961	LAGLIDADG_1	-	45
1	Query_4	Specific	334330	136	235	4.29497e-23	92.6846	pfam00961	LAGLIDADG_1	-	45
ENDDOMAINS
ENDQUERY
QUERY	Query_5	Peptide	296	orf296_Bismed1_feature_14_from_C_0, ORGANISM Genus species Unclassified.,
DOMAINS
1	Query_5	Specific	273636	61	295	3.56802e-58	185.282	TIGR01453	grpIintron_endo	-	45
ENDDOMAINS
ENDQUERY
QUERY	Query_6	Peptide	479	orf479_Bismed1_feature_18_from_C_0, ORGANISM Genus species Unclassified.,
DOMAINS
1	Query_6	Specific	334330	97	183	2.64896e-17	76.8914	pfam00961	LAGLIDADG_1	-	45
1	Query_6	Specific	334330	232	341	1.0703e-09	55.3203	pfam00961	LAGLIDADG_1	-	45
ENDDOMAINS
ENDQUERY
QUERY	Query_7	Peptide	320	orf320_Bismed1_feature_22_from_C_0, ORGANISM Genus species Unclassified.,
DOMAINS
1	Query_7	Superfamily	353929	135	232	6.57827e-12	60.7024	cl15257	GIY-YIG_SF	-	-
1	Query_7	Specific	197761	241	294	0.00433446	34.851	smart00497	IENR1	-	299755
ENDDOMAINS
SITES
1	Query_7	Generic	active site	Y138,Y149,G151,R159,Y163,E217	6	6	198380
1	Query_7	Generic	catalytic site	R159,E217	2	2	198380
1	Query_7	Generic	metal binding site	E217	1	1	198380
1	Query_7	Generic	GIY-YIG motif/motif A	G136,I137,Y138,Y149,V150,G151	6	6	198380
ENDSITES
ENDQUERY
QUERY	Query_8	Peptide	97	orf98_Bismed1_feature_25_from_C_0, ORGANISM Genus species Unclassified.,
DOMAINS
1	Query_8	Superfamily	353929	47	83	0.000117495	37.2053	cl15257	GIY-YIG_SF	C	-
ENDDOMAINS
SITES
1	Query_8	Generic	active site	Y50,Y61,G63,R71,Y75	6	5	198380
1	Query_8	Generic	catalytic site	R71	2	1	198380
1	Query_8	Generic	GIY-YIG motif/motif A	G48,V49,Y50,Y61,I62,G63	6	6	198380
ENDSITES
ENDQUERY
QUERY	Query_9	Peptide	213	nad4L_Bismed1_feature_29_from_C_0, ORGANISM Genus species Unclassified.,
DOMAINS
1	Query_9	Specific	177231	3	80	3.72004e-25	93.9433	MTH00180	ND4L	-	351118
1	Query_9	Specific	334330	137	213	5.72125e-14	64.9502	pfam00961	LAGLIDADG_1	C	45
ENDDOMAINS
ENDQUERY
QUERY	Query_10	Peptide	218	orf219_Bismed1_feature_31_from_C_0, ORGANISM Genus species Unclassified.,
DOMAINS
1	Query_10	Specific	334330	89	188	2.06378e-30	107.707	pfam00961	LAGLIDADG_1	-	45
1	Query_10	Specific	334330	1	28	0.000910853	37.2159	pfam00961	LAGLIDADG_1	N	45
ENDDOMAINS
ENDQUERY
QUERY	Query_11	Peptide	663	nad5_Bismed1_feature_33_from_C_0, ORGANISM Genus species Unclassified.,
DOMAINS
1	Query_11	Non-specific	214400	1	628	0	599.755	MTH00020	ND5	-	45
ENDDOMAINS
ENDQUERY
QUERY	Query_12	Peptide	518	orf518_Bismed1_feature_37_from_C_0, ORGANISM Genus species Unclassified.,
DOMAINS
1	Query_12	Specific	334330	122	220	4.83739e-19	81.899	pfam00961	LAGLIDADG_1	-	45
1	Query_12	Specific	334330	268	381	2.07879e-05	43.3791	pfam00961	LAGLIDADG_1	-	45
ENDDOMAINS
ENDQUERY
QUERY	Query_13	Peptide	409	orf409_Bismed1_feature_41_from_C_0, ORGANISM Genus species Unclassified.,
DOMAINS
1	Query_13	Specific	334330	279	379	3.92774e-31	114.256	pfam00961	LAGLIDADG_1	-	45
1	Query_13	Specific	334330	120	221	1.96391e-23	93.455	pfam00961	LAGLIDADG_1	-	45
ENDDOMAINS
ENDQUERY
QUERY	Query_14	Peptide	485	orf485_Bismed1_feature_45_from_C_0, ORGANISM Genus species Unclassified.,
DOMAINS
1	Query_14	Specific	335245	297	465	3.06343e-43	150.389	pfam03161	LAGLIDADG_2	-	45
1	Query_14	Specific	335245	48	205	3.12618e-20	87.6015	pfam03161	LAGLIDADG_2	-	45
ENDDOMAINS
ENDQUERY
QUERY	Query_15	Peptide	295	orf295_Bismed1_feature_49_from_C_0, ORGANISM Genus species Unclassified.,
DOMAINS
1	Query_15	Specific	334330	65	146	2.34492e-07	48.0015	pfam00961	LAGLIDADG_1	-	45
1	Query_15	Specific	334330	174	262	2.82202e-06	44.9199	pfam00961	LAGLIDADG_1	-	45
ENDDOMAINS
ENDQUERY
QUERY	Query_16	Peptide	339	orf339_Bismed1_feature_55_from_C_0, ORGANISM Genus species Unclassified.,
DOMAINS
1	Query_16	Specific	335245	138	320	2.76616e-39	136.522	pfam03161	LAGLIDADG_2	-	45
1	Query_16	Specific	197761	84	121	0.000225774	38.3178	smart00497	IENR1	N	299755
ENDDOMAINS
ENDQUERY
QUERY	Query_17	Peptide	319	orf319_Bismed1_feature_57_from_C_0, ORGANISM Genus species Unclassified.,
DOMAINS
1	Query_17	Specific	334330	185	288	1.09702e-05	43.3791	pfam00961	LAGLIDADG_1	-	45
1	Query_17	Specific	334330	72	161	0.000100234	40.6827	pfam00961	LAGLIDADG_1	-	45
ENDDOMAINS
ENDQUERY
QUERY	Query_19	Peptide	461	orf462_Bismed1_feature_64_from_C_0, ORGANISM Genus species Unclassified.,
DOMAINS
1	Query_19	Specific	334330	64	158	2.51334e-18	79.973	pfam00961	LAGLIDADG_1	-	45
1	Query_19	Specific	334330	214	313	0.000234303	39.9123	pfam00961	LAGLIDADG_1	-	45
ENDDOMAINS
ENDQUERY
QUERY	Query_20	Peptide	515	orf516_Bismed1_feature_66_from_C_0, ORGANISM Genus species Unclassified.,
DOMAINS
1	Query_20	Specific	334330	129	218	5.95123e-11	59.1723	pfam00961	LAGLIDADG_1	-	45
1	Query_20	Specific	334330	266	378	1.51018e-07	49.1571	pfam00961	LAGLIDADG_1	-	45
1	Query_20	Non-specific	214440	35	69	3.94976e-06	48.6248	MTH00156	CYTB	C	45
1	Query_20	Specific	197761	458	514	0.00253434	36.0066	smart00497	IENR1	-	299755
ENDDOMAINS
ENDQUERY
QUERY	Query_22	Peptide	306	orf306_Bismed1_feature_70_from_C_0, ORGANISM Genus species Unclassified.,
DOMAINS
1	Query_22	Specific	335245	99	286	4.66134e-41	139.989	pfam03161	LAGLIDADG_2	-	45
1	Query_22	Non-specific	177203	16	51	1.85323e-05	45.6664	MTH00145	CYTB	NC	45
ENDDOMAINS
ENDQUERY
QUERY	Query_23	Peptide	375	orf376_Bismed1_feature_72_from_C_0, ORGANISM Genus species Unclassified.,
DOMAINS
1	Query_23	Specific	334330	128	225	1.05434e-21	88.4474	pfam00961	LAGLIDADG_1	-	45
1	Query_23	Specific	334330	283	371	1.18463e-17	77.2766	pfam00961	LAGLIDADG_1	-	45
ENDDOMAINS
ENDQUERY
QUERY	Query_24	Peptide	73	orf74_Bismed1_feature_74_from_C_0, ORGANISM Genus species Unclassified.,
DOMAINS
1	Query_24	Superfamily	353929	1	35	0.000273428	35.6645	cl15257	GIY-YIG_SF	C	-
ENDDOMAINS
SITES
1	Query_24	Generic	active site	Y2,Y13,G15,R25,H29	6	5	198380
1	Query_24	Generic	catalytic site	R25	2	1	198380
1	Query_24	Generic	GIY-YIG motif/motif A	I1,Y2,Y13,I14,G15	6	5	198380
ENDSITES
ENDQUERY
QUERY	Query_25	Peptide	309	orf310_Bismed1_feature_76_from_C_0, ORGANISM Genus species Unclassified.,
DOMAINS
1	Query_25	Specific	334330	24	123	8.05452e-26	98.4626	pfam00961	LAGLIDADG_1	-	45
1	Query_25	Specific	334330	181	280	8.39245e-23	90.3734	pfam00961	LAGLIDADG_1	-	45
ENDDOMAINS
ENDQUERY
QUERY	Query_26	Peptide	223	orf223_Bismed1_feature_78_from_C_0, ORGANISM Genus species Unclassified.,
DOMAINS
1	Query_26	Non-specific	273636	3	208	2.64239e-20	85.1301	TIGR01453	grpIintron_endo	-	45
ENDDOMAINS
ENDQUERY
QUERY	Query_28	Peptide	445	orf445_Bismed1_feature_82_from_C_0, ORGANISM Genus species Unclassified.,
DOMAINS
1	Query_28	Specific	315878	252	419	8.31654e-21	87.7854	pfam13302	Acetyltransf_3	-	356580
1	Query_28	Specific	315878	31	151	4.18654e-13	66.2142	pfam13302	Acetyltransf_3	-	356580
ENDDOMAINS
ENDQUERY
QUERY	Query_31	Peptide	298	cob_Bismed1_feature_88_from_C_0, ORGANISM Genus species Unclassified.,
DOMAINS
1	Query_31	Non-specific	214440	2	225	8.2198e-104	306.709	MTH00156	CYTB	N	45
ENDDOMAINS
ENDQUERY
QUERY	Query_32	Peptide	847	orf847_Bismed1_feature_92_from_C_0, ORGANISM Genus species Unclassified.,
DOMAINS
1	Query_32	Specific	238828	357	628	3.20392e-73	239.025	cd01651	RT_G2_intron	-	295487
1	Query_32	Non-specific	279664	658	797	3.55177e-19	84.4434	pfam01348	Intron_maturas2	-	45
ENDDOMAINS
SITES
1	Query_32	Specific	putative active site	D432,I433,S434,K435,C436,F437,Q487,G488,Y573,Y575,D576,L624,G625	13	13	238828
1	Query_32	Specific	putative nucleic acid binding site	G488	1	1	238828
1	Query_32	Specific	putative NTP binding site	D432,I433,S434,K435,C436,F437,Q487,Y575	8	8	238828
ENDSITES
ENDQUERY
ENDSESSION	1
SESSION	2	blastp	2.10.0+	/opt/rpsbproc/db/Cdd	BLOSUM62	0.01
QUERY	Query_33	Peptide	545	cox1_Bismed1_feature_94_from_C_0, ORGANISM Genus species Unclassified.,
DOMAINS
2	Query_33	Superfamily	350997	16	242	1.23435e-135	402.246	cl00275	Heme_Cu_Oxidase_I	C	-
2	Query_33	Specific	334330	424	519	3.57212e-19	82.6694	pfam00961	LAGLIDADG_1	-	45
2	Query_33	Specific	334330	305	392	2.71924e-07	48.7719	pfam00961	LAGLIDADG_1	-	45
ENDDOMAINS
SITES
2	Query_33	Generic	Low-spin heme binding site	S40,R44,Y61,H68,M72,I73,V77,W133	15	8	238461
2	Query_33	Generic	D-pathway	Y25,N87,D98,N105,S108,S163,S164,N170,T174	9	9	238461
2	Query_33	Generic	Putative water exit pathway	D234,Q239,H240	7	3	238461
ENDSITES
ENDQUERY
QUERY	Query_34	Peptide	790	orf790_Bismed1_feature_98_from_C_0, ORGANISM Genus species Unclassified.,
DOMAINS
2	Query_34	Specific	238828	300	571	1.5413e-73	238.64	cd01651	RT_G2_intron	-	295487
2	Query_34	Non-specific	279664	601	740	3.13221e-19	84.4434	pfam01348	Intron_maturas2	-	45
ENDDOMAINS
SITES
2	Query_34	Specific	putative active site	D375,I376,S377,K378,C379,F380,Q430,G431,Y516,Y518,D519,L567,G568	13	13	238828
2	Query_34	Specific	putative nucleic acid binding site	G431	1	1	238828
2	Query_34	Specific	putative NTP binding site	D375,I376,S377,K378,C379,F380,Q430,Y518	8	8	238828
ENDSITES
ENDQUERY
QUERY	Query_35	Peptide	417	orf417_Bismed1_feature_102_from_C_0, ORGANISM Genus species Unclassified.,
DOMAINS
2	Query_35	Specific	334330	287	387	5.16383e-25	98.0774	pfam00961	LAGLIDADG_1	-	45
2	Query_35	Specific	334330	129	229	3.0486e-23	93.0698	pfam00961	LAGLIDADG_1	-	45
ENDDOMAINS
ENDQUERY
QUERY	Query_36	Peptide	415	orf415_Bismed1_feature_106_from_C_0, ORGANISM Genus species Unclassified.,
DOMAINS
2	Query_36	Superfamily	353929	173	258	5.64079e-15	69.562	cl15257	GIY-YIG_SF	-	-
2	Query_36	Specific	197761	268	321	3.78967e-06	43.7106	smart00497	IENR1	-	299755
ENDDOMAINS
SITES
2	Query_36	Generic	active site	Y175,Y186,G188,R196,Y200,E243	6	6	198380
2	Query_36	Generic	catalytic site	R196,E243	2	2	198380
2	Query_36	Generic	metal binding site	E243	1	1	198380
2	Query_36	Generic	GIY-YIG motif/motif A	G173,V174,Y175,Y186,V187,G188	6	6	198380
ENDSITES
ENDQUERY
QUERY	Query_37	Peptide	378	orf378_Bismed1_feature_110_from_C_0, ORGANISM Genus species Unclassified.,
DOMAINS
2	Query_37	Specific	334330	229	334	2.89593e-16	73.4246	pfam00961	LAGLIDADG_1	-	45
2	Query_37	Specific	334330	108	205	1.13732e-14	69.1874	pfam00961	LAGLIDADG_1	-	45
ENDDOMAINS
ENDQUERY
QUERY	Query_38	Peptide	252	orf252_Bismed1_feature_114_from_C_0, ORGANISM Genus species Unclassified.,
DOMAINS
2	Query_38	Specific	335245	67	234	2.60402e-52	167.338	pfam03161	LAGLIDADG_2	-	45
ENDDOMAINS
ENDQUERY
QUERY	Query_39	Peptide	734	orf734_Bismed1_feature_117_from_C_0, ORGANISM Genus species Unclassified.,
DOMAINS
2	Query_39	Specific	334330	268	368	5.07891e-27	105.396	pfam00961	LAGLIDADG_1	-	45
2	Query_39	Specific	334330	109	210	1.08018e-20	87.2918	pfam00961	LAGLIDADG_1	-	45
2	Query_39	Specific	334330	612	700	5.1915e-10	56.8611	pfam00961	LAGLIDADG_1	-	45
2	Query_39	Specific	334330	506	572	0.00153378	38.3715	pfam00961	LAGLIDADG_1	C	45
ENDDOMAINS
ENDQUERY
QUERY	Query_40	Peptide	298	orf299_Bismed1_feature_119_from_C_0, ORGANISM Genus species Unclassified.,
DOMAINS
2	Query_40	Specific	334330	178	267	5.77903e-09	52.6239	pfam00961	LAGLIDADG_1	-	45
2	Query_40	Specific	334330	72	144	4.75393e-06	44.1495	pfam00961	LAGLIDADG_1	-	45
ENDDOMAINS
ENDQUERY
QUERY	Query_41	Peptide	442	orf443_Bismed1_feature_121_from_C_0, ORGANISM Genus species Unclassified.,
DOMAINS
2	Query_41	Superfamily	350997	1	30	4.83113e-07	51.8128	cl00275	Heme_Cu_Oxidase_I	NC	-
2	Query_41	Specific	334330	214	303	0.000107701	41.0679	pfam00961	LAGLIDADG_1	-	45
ENDDOMAINS
SITES
2	Query_41	Generic	K-pathway	Y3,S14	7	2	238461
ENDSITES
ENDQUERY
QUERY	Query_42	Peptide	382	orf382_Bismed1_feature_123_from_C_0, ORGANISM Genus species Unclassified.,
DOMAINS
2	Query_42	Specific	334330	244	343	2.97937e-18	79.2026	pfam00961	LAGLIDADG_1	-	45
2	Query_42	Superfamily	350997	11	30	9.82198e-07	50.1741	cl00275	Heme_Cu_Oxidase_I	NC	-
ENDDOMAINS
SITES
ENDSITES
ENDQUERY
QUERY	Query_44	Peptide	258	cox1_Bismed1_feature_2_from_C_1, ORGANISM Genus species Unclassified.,
DOMAINS
2	Query_44	Superfamily	350997	24	235	2.40981e-110	326.362	cl00275	Heme_Cu_Oxidase_I	N	-
ENDDOMAINS
SITES
2	Query_44	Generic	Binuclear center (active site)	H99	4	1	238461
2	Query_44	Generic	Low-spin heme binding site	Y94,H101,L104,S105,R161,R162,F191	15	7	238461
2	Query_44	Generic	K-pathway	T39,K42	7	2	238461
2	Query_44	Generic	Putative proton exit pathway	H91,D92,R161,R162	5	4	238461
2	Query_44	Generic	Putative water exit pathway	D87,H91,D92,R161	7	4	238461
ENDSITES
ENDQUERY
QUERY	Query_45	Peptide	475	orf475_Bismed1_feature_6_from_C_1, ORGANISM Genus species Unclassified.,
DOMAINS
2	Query_45	Specific	335245	269	443	6.79071e-44	151.93	pfam03161	LAGLIDADG_2	-	45
2	Query_45	Specific	334330	93	202	7.7736e-08	49.9275	pfam00961	LAGLIDADG_1	-	45
ENDDOMAINS
ENDQUERY
QUERY	Query_46	Peptide	432	orf432_1_Bismed1_feature_10_from_C_1, ORGANISM Genus species Unclassified.,
DOMAINS
2	Query_46	Specific	273636	139	344	1.43004e-58	190.675	TIGR01453	grpIintron_endo	-	45
2	Query_46	Specific	197761	378	428	2.27195e-08	49.8738	smart00497	IENR1	-	299755
ENDDOMAINS
ENDQUERY
QUERY	Query_47	Peptide	279	orf279_Bismed1_feature_14_from_C_1, ORGANISM Genus species Unclassified.,
DOMAINS
2	Query_47	Specific	334330	52	147	5.25441e-14	66.1058	pfam00961	LAGLIDADG_1	-	45
2	Query_47	Specific	334330	187	271	2.26945e-09	53.3943	pfam00961	LAGLIDADG_1	-	45
ENDDOMAINS
ENDQUERY
QUERY	Query_49	Peptide	391	orf391_1_Bismed1_feature_20_from_C_1, ORGANISM Genus species Unclassified.,
DOMAINS
2	Query_49	Specific	334330	261	360	1.22525e-22	91.1438	pfam00961	LAGLIDADG_1	-	45
2	Query_49	Specific	334330	104	202	1.38617e-21	88.4474	pfam00961	LAGLIDADG_1	-	45
ENDDOMAINS
ENDQUERY
QUERY	Query_50	Peptide	146	orf146_1_Bismed1_feature_22_from_C_1, ORGANISM Genus species Unclassified.,
DOMAINS
2	Query_50	Specific	334330	26	87	6.87748e-05	39.5271	pfam00961	LAGLIDADG_1	C	45
ENDDOMAINS
ENDQUERY
QUERY	Query_51	Peptide	269	orf269_Bismed1_feature_26_from_C_1, ORGANISM Genus species Unclassified.,
DOMAINS
2	Query_51	Specific	198392	51	139	7.98278e-27	99.6076	cd10445	GIY-YIG_bI1_like	-	353929
2	Query_51	Non-specific	273636	50	252	2.03446e-26	102.464	TIGR01453	grpIintron_endo	-	45
ENDDOMAINS
SITES
2	Query_51	Specific	putative active site	Y54,Y65,G67,R75,Y79,E124,N136	7	7	198392
2	Query_51	Specific	putative metal binding site	E124	1	1	198392
2	Query_51	Specific	GIY-YIG motif/motif A	G52,V53,Y54,Y65,I66,G67	6	6	198392
ENDSITES
ENDQUERY
QUERY	Query_52	Peptide	383	orf383_Bismed1_feature_30_from_C_1, ORGANISM Genus species Unclassified.,
DOMAINS
2	Query_52	Superfamily	353929	49	83	0.00266203	36.0565	cl15257	GIY-YIG_SF	C	-
ENDDOMAINS
SITES
2	Query_52	Specific	putative active site	Y51,Y63,G65,R73,Y77	6	5	198402
2	Query_52	Specific	GIY-YIG motif/motif A	G49,V50,Y51,Y63,I64,G65	6	6	198402
ENDSITES
ENDQUERY
QUERY	Query_53	Peptide	270	orf270_Bismed1_feature_32_from_C_1, ORGANISM Genus species Unclassified.,
DOMAINS
2	Query_53	Non-specific	273636	11	261	1.67655e-29	110.553	TIGR01453	grpIintron_endo	-	45
ENDDOMAINS
ENDQUERY
QUERY	Query_54	Peptide	749	orf750_Bismed1_feature_37_from_C_1, ORGANISM Genus species Unclassified.,
DOMAINS
2	Query_54	Superfamily	351105	1	49	1.64298e-09	59.8206	cl00469	NADHdh	C	-
2	Query_54	Non-specific	273636	147	343	2.38627e-07	52.0029	TIGR01453	grpIintron_endo	-	45
2	Query_54	Specific	197761	617	675	0.000565087	38.3178	smart00497	IENR1	-	299755
ENDDOMAINS
ENDQUERY
QUERY	Query_55	Peptide	385	orf386_Bismed1_feature_39_from_C_1, ORGANISM Genus species Unclassified.,
DOMAINS
2	Query_55	Specific	214677	94	174	1.13441e-07	48.9568	smart00465	GIYc	-	353929
2	Query_55	Non-specific	273636	94	281	2.82074e-05	44.6842	TIGR01453	grpIintron_endo	-	45
ENDDOMAINS
SITES
2	Query_55	Generic	active site	Y110,G112,R120,H124,E162	6	5	198380
2	Query_55	Generic	catalytic site	R120,E162	2	2	198380
2	Query_55	Generic	metal binding site	E162	1	1	198380
2	Query_55	Generic	GIY-YIG motif/motif A	Y110,I111,G112	6	3	198380
ENDSITES
ENDQUERY
QUERY	Query_56	Peptide	311	nad1_Bismed1_feature_41_from_C_1, ORGANISM Genus species Unclassified.,
DOMAINS
2	Query_56	Specific	333876	2	297	3.80042e-87	263.179	pfam00146	NADHdh	-	351105
ENDDOMAINS
ENDQUERY
QUERY	Query_57	Peptide	432	orf432_Bismed1_feature_45_from_C_1, ORGANISM Genus species Unclassified.,
DOMAINS
2	Query_57	Specific	334330	142	243	1.87531e-26	101.929	pfam00961	LAGLIDADG_1	-	45
2	Query_57	Specific	334330	301	401	2.38811e-22	90.7586	pfam00961	LAGLIDADG_1	-	45
ENDDOMAINS
ENDQUERY
QUERY	Query_58	Peptide	505	nad4_Bismed1_feature_48_from_C_1, ORGANISM Genus species Unclassified.,
DOMAINS
2	Query_58	Specific	235622	1	489	1.90003e-123	369.917	PRK05846	PRK05846	-	45
ENDDOMAINS
ENDQUERY
ENDSESSION	2
SESSION	3	blastp	2.10.0+	/opt/rpsbproc/db/Cdd	BLOSUM62	0.01
QUERY	Query_59	Peptide	429	orf429_Bismed1_feature_52_from_C_1, ORGANISM Genus species Unclassified.,
DOMAINS
3	Query_59	Specific	334330	298	398	1.36274e-24	96.9218	pfam00961	LAGLIDADG_1	-	45
3	Query_59	Specific	334330	136	234	1.7976e-22	91.1438	pfam00961	LAGLIDADG_1	-	45
ENDDOMAINS
ENDQUERY
QUERY	Query_60	Peptide	333	orf333_Bismed1_feature_56_from_C_1, ORGANISM Genus species Unclassified.,
DOMAINS
3	Query_60	Specific	334330	192	294	1.50584e-17	76.5062	pfam00961	LAGLIDADG_1	-	45
3	Query_60	Specific	334330	77	171	5.40261e-10	55.7055	pfam00961	LAGLIDADG_1	-	45
ENDDOMAINS
ENDQUERY
QUERY	Query_61	Peptide	413	orf414_Bismed1_feature_59_from_C_1, ORGANISM Genus species Unclassified.,
DOMAINS
3	Query_61	Specific	334330	31	122	7.46223e-15	69.5726	pfam00961	LAGLIDADG_1	-	45
3	Query_61	Specific	334330	170	269	1.47689e-07	49.1571	pfam00961	LAGLIDADG_1	-	45
ENDDOMAINS
ENDQUERY
QUERY	Query_62	Peptide	154	orf155_Bismed1_feature_61_from_C_1, ORGANISM Genus species Unclassified.,
DOMAINS
3	Query_62	Specific	334330	5	76	1.92694e-07	46.4607	pfam00961	LAGLIDADG_1	N	45
ENDDOMAINS
ENDQUERY
QUERY	Query_63	Peptide	50	atp8_Bismed1_feature_63_from_C_1, ORGANISM Genus species Unclassified.,
DOMAINS
3	Query_63	Non-specific	283561	1	48	4.22748e-05	35.845	pfam05933	Fun_ATP-synt_8	-	45
ENDDOMAINS
ENDQUERY
QUERY	Query_64	Peptide	264	atp6_Bismed1_feature_65_from_C_1, ORGANISM Genus species Unclassified.,
DOMAINS
3	Query_64	Specific	273458	39	261	3.35621e-46	153.901	TIGR01131	ATP_synt_6_or_A	-	351082
ENDDOMAINS
ENDQUERY
QUERY	Query_65	Peptide	347	orf347_Bismed1_feature_69_from_C_1, ORGANISM Genus species Unclassified.,
DOMAINS
3	Query_65	Specific	334330	57	155	2.16471e-26	100.774	pfam00961	LAGLIDADG_1	-	45
3	Query_65	Specific	334330	217	310	1.22283e-23	93.0698	pfam00961	LAGLIDADG_1	-	45
ENDDOMAINS
ENDQUERY
QUERY	Query_68	Peptide	630	orf630_Bismed1_feature_76_from_C_1, ORGANISM Genus species Unclassified.,
DOMAINS
3	Query_68	Specific	238828	86	371	2.40113e-83	260.981	cd01651	RT_G2_intron	-	295487
3	Query_68	Non-specific	279664	395	520	6.20032e-19	83.2878	pfam01348	Intron_maturas2	-	45
3	Query_68	Specific	214702	551	600	0.00546905	35.1261	smart00507	HNHc	-	350893
ENDDOMAINS
SITES
3	Query_68	Specific	putative active site	D159,I160,V161,G162,F163,F164,Q215,G216,Y316,D318,D319,L367,G368	13	13	238828
3	Query_68	Specific	putative nucleic acid binding site	G216	1	1	238828
3	Query_68	Specific	putative NTP binding site	D159,I160,V161,G162,F163,F164,Q215,D318	8	8	238828
ENDSITES
ENDQUERY
QUERY	Query_69	Peptide	601	orf602_Bismed1_feature_78_from_C_1, ORGANISM Genus species Unclassified.,
DOMAINS
3	Query_69	Non-specific	275209	119	471	4.04153e-113	341.745	TIGR04416	group_II_RT_mat	-	45
3	Query_69	Specific	280088	553	599	2.65477e-13	64.2944	pfam01844	HNH	-	350893
3	Query_69	Specific	338877	64	145	2.69548e-10	56.6943	pfam13655	RVT_N	-	45
ENDDOMAINS
SITES
3	Query_69	Specific	active site	E567,H569,H570,I571,P573,N584,L585,H589,S590,H593,T597	11	11	238038
ENDSITES
ENDQUERY
QUERY	Query_70	Peptide	323	orf324_Bismed1_feature_80_from_C_1, ORGANISM Genus species Unclassified.,
DOMAINS
3	Query_70	Specific	334330	190	290	1.26859e-25	98.0774	pfam00961	LAGLIDADG_1	-	45
3	Query_70	Specific	334330	31	132	1.5343e-23	92.6846	pfam00961	LAGLIDADG_1	-	45
ENDDOMAINS
ENDQUERY
QUERY	Query_71	Peptide	356	orf357_Bismed1_feature_82_from_C_1, ORGANISM Genus species Unclassified.,
DOMAINS
3	Query_71	Specific	334330	58	157	4.75526e-18	78.047	pfam00961	LAGLIDADG_1	-	45
3	Query_71	Specific	334330	215	325	6.02578e-17	75.3506	pfam00961	LAGLIDADG_1	-	45
ENDDOMAINS
ENDQUERY
QUERY	Query_72	Peptide	150	orf151_Bismed1_feature_84_from_C_1, ORGANISM Genus species Unclassified.,
DOMAINS
3	Query_72	Specific	198392	49	136	2.14421e-26	94.9852	cd10445	GIY-YIG_bI1_like	-	353929
ENDDOMAINS
SITES
3	Query_72	Specific	putative active site	Y52,Y63,G65,R73,Y77,E123,N135	7	7	198392
3	Query_72	Specific	putative metal binding site	E123	1	1	198392
3	Query_72	Specific	GIY-YIG motif/motif A	G50,I51,Y52,Y63,I64,G65	6	6	198392
ENDSITES
ENDQUERY
QUERY	Query_73	Peptide	111	orf112_Bismed1_feature_88_from_C_1, ORGANISM Genus species Unclassified.,
DOMAINS
3	Query_73	Non-specific	273636	66	100	2.56888e-08	49.3065	TIGR01453	grpIintron_endo	C	45
ENDDOMAINS
ENDQUERY
QUERY	Query_74	Peptide	262	orf263_Bismed1_feature_2_from_C_2, ORGANISM Genus species Unclassified.,
DOMAINS
3	Query_74	Specific	273636	46	258	2.54837e-39	135.976	TIGR01453	grpIintron_endo	-	45
ENDDOMAINS
ENDQUERY
QUERY	Query_75	Peptide	185	orf186_Bismed1_feature_4_from_C_2, ORGANISM Genus species Unclassified.,
DOMAINS
3	Query_75	Specific	334330	29	135	2.1914e-08	49.5423	pfam00961	LAGLIDADG_1	-	45
ENDDOMAINS
ENDQUERY
QUERY	Query_77	Peptide	340	orf341_Bismed1_feature_8_from_C_2, ORGANISM Genus species Unclassified.,
DOMAINS
3	Query_77	Specific	334330	32	128	2.52148e-19	81.5138	pfam00961	LAGLIDADG_1	-	45
3	Query_77	Specific	334330	176	281	2.30676e-12	62.2538	pfam00961	LAGLIDADG_1	-	45
ENDDOMAINS
ENDQUERY
QUERY	Query_78	Peptide	398	orf398_Bismed1_feature_10_from_C_2, ORGANISM Genus species Unclassified.,
DOMAINS
3	Query_78	Specific	334330	18	116	7.09438e-19	80.7434	pfam00961	LAGLIDADG_1	-	45
3	Query_78	Specific	334330	163	274	2.41579e-10	56.8611	pfam00961	LAGLIDADG_1	-	45
ENDDOMAINS
ENDQUERY
QUERY	Query_79	Peptide	529	orf529_Bismed1_feature_12_from_C_2, ORGANISM Genus species Unclassified.,
DOMAINS
3	Query_79	Specific	334330	236	335	9.05361e-24	95.381	pfam00961	LAGLIDADG_1	-	45
3	Query_79	Specific	334330	397	493	2.54522e-23	94.2254	pfam00961	LAGLIDADG_1	-	45
ENDDOMAINS
ENDQUERY
QUERY	Query_80	Peptide	525	rps3_Bismed1_feature_14_from_C_2, ORGANISM Genus species Unclassified.,
DOMAINS
3	Query_80	Superfamily	353929	486	525	8.8555e-05	41.0573	cl15257	GIY-YIG_SF	C	-
ENDDOMAINS
SITES
3	Query_80	Generic	active site	Y489,Y500,G502,R510,Y514	6	5	198380
3	Query_80	Generic	catalytic site	R510	2	1	198380
3	Query_80	Generic	GIY-YIG motif/motif A	G487,V488,Y489,Y500,I501,G502	6	6	198380
ENDSITES
ENDQUERY
QUERY	Query_81	Peptide	283	orf284_Bismed1_feature_16_from_C_2, ORGANISM Genus species Unclassified.,
DOMAINS
3	Query_81	Non-specific	273636	12	183	1.39188e-15	73.5741	TIGR01453	grpIintron_endo	-	45
ENDDOMAINS
ENDQUERY
QUERY	Query_82	Peptide	418	orf419_Bismed1_feature_18_from_C_2, ORGANISM Genus species Unclassified.,
DOMAINS
3	Query_82	Specific	334330	276	375	4.06372e-21	87.2918	pfam00961	LAGLIDADG_1	-	45
3	Query_82	Specific	334330	109	208	5.32712e-21	86.9066	pfam00961	LAGLIDADG_1	-	45
ENDDOMAINS
ENDQUERY
QUERY	Query_83	Peptide	125	orf126_Bismed1_feature_20_from_C_2, ORGANISM Genus species Unclassified.,
DOMAINS
3	Query_83	Specific	334330	81	124	3.08841e-05	39.9123	pfam00961	LAGLIDADG_1	C	45
ENDDOMAINS
ENDQUERY
QUERY	Query_85	Peptide	248	orf249_Bismed1_feature_24_from_C_2, ORGANISM Genus species Unclassified.,
DOMAINS
3	Query_85	Specific	334330	39	138	1.74304e-24	93.455	pfam00961	LAGLIDADG_1	-	45
ENDDOMAINS
ENDQUERY
QUERY	Query_86	Peptide	269	cox3_Bismed1_feature_28_from_C_2, ORGANISM Genus species Unclassified.,
DOMAINS
3	Query_86	Specific	278911	12	269	3.63808e-138	389.077	pfam00510	COX3	-	294143
ENDDOMAINS
SITES
3	Query_86	Specific	Subunit I/III interface	S82,K85,G86,S97,L100,A104,I105,H111,G199,V200,T203,F207	12	12	238834
3	Query_86	Specific	Subunit III/Vb interface	G166	1	1	238834
3	Query_86	Specific	Subunit III/VIa interface	F135,E136,L137,Y154,I180,S190,V191,S192,S197,D198,G199	11	11	238834
3	Query_86	Specific	Subunit III/VIb interface	V127	1	1	238834
3	Query_86	Specific	Subunit III/VIIa interface	F64,R67,D68,S71,T74,F75,L76	7	7	238834
3	Query_86	Specific	Phospholipid binding site	W65,F66,I69,I70,G73,H79,G90,V91,F94,F222,R229,L241,G242	13	13	238834
ENDSITES
ENDQUERY
QUERY	Query_87	Peptide	239	orf239_Bismed1_feature_32_from_C_2, ORGANISM Genus species Unclassified.,
DOMAINS
3	Query_87	Specific	334330	102	216	2.13838e-14	66.491	pfam00961	LAGLIDADG_1	-	45
ENDDOMAINS
ENDQUERY
QUERY	Query_88	Peptide	182	orf182_Bismed1_feature_36_from_C_2, ORGANISM Genus species Unclassified.,
DOMAINS
3	Query_88	Specific	334330	49	149	1.05739e-21	84.2102	pfam00961	LAGLIDADG_1	-	45
ENDDOMAINS
ENDQUERY
QUERY	Query_89	Peptide	358	orf358_Bismed1_feature_40_from_C_2, ORGANISM Genus species Unclassified.,
DOMAINS
3	Query_89	Specific	334330	35	136	1.53067e-23	93.0698	pfam00961	LAGLIDADG_1	-	45
3	Query_89	Specific	335245	249	342	5.50535e-20	85.6755	pfam03161	LAGLIDADG_2	C	45
ENDDOMAINS
ENDQUERY
QUERY	Query_90	Peptide	107	orf107_Bismed1_feature_42_from_C_2, ORGANISM Genus species Unclassified.,
DOMAINS
3	Query_90	Specific	334330	2	74	1.39054e-15	66.1058	pfam00961	LAGLIDADG_1	N	45
ENDDOMAINS
ENDQUERY
QUERY	Query_91	Peptide	494	orf494_Bismed1_feature_46_from_C_2, ORGANISM Genus species Unclassified.,
DOMAINS
3	Query_91	Specific	334330	99	195	6.83193e-15	70.343	pfam00961	LAGLIDADG_1	-	45
3	Query_91	Specific	334330	241	354	0.000131755	41.0679	pfam00961	LAGLIDADG_1	-	45
ENDDOMAINS
ENDQUERY
ENDSESSION	3
SESSION	4	blastp	2.10.0+	/opt/rpsbproc/db/Cdd	BLOSUM62	0.01
QUERY	Query_92	Peptide	506	orf506_Bismed1_feature_50_from_C_2, ORGANISM Genus species Unclassified.,
DOMAINS
4	Query_92	Specific	273636	302	505	4.37479e-37	135.976	TIGR01453	grpIintron_endo	-	45
4	Query_92	Specific	335245	58	223	6.82091e-32	119.958	pfam03161	LAGLIDADG_2	-	45
ENDDOMAINS
ENDQUERY
QUERY	Query_93	Peptide	428	orf428_Bismed1_feature_54_from_C_2, ORGANISM Genus species Unclassified.,
DOMAINS
4	Query_93	Specific	334330	53	151	1.12407e-16	74.9654	pfam00961	LAGLIDADG_1	-	45
4	Query_93	Specific	334330	197	296	5.26692e-08	50.3127	pfam00961	LAGLIDADG_1	-	45
4	Query_93	Non-specific	273636	385	425	9.81927e-05	43.1434	TIGR01453	grpIintron_endo	N	45
ENDDOMAINS
ENDQUERY
QUERY	Query_96	Peptide	468	orf468_Bismed1_feature_4_from_C_3, ORGANISM Genus species Unclassified.,
DOMAINS
4	Query_96	Specific	334330	179	278	4.73429e-25	98.4626	pfam00961	LAGLIDADG_1	-	45
4	Query_96	Specific	334330	336	435	3.27622e-19	82.2842	pfam00961	LAGLIDADG_1	-	45
ENDDOMAINS
ENDQUERY
QUERY	Query_97	Peptide	391	orf391_Bismed1_feature_6_from_C_3, ORGANISM Genus species Unclassified.,
DOMAINS
4	Query_97	Superfamily	354370	29	387	6.56863e-146	420.898	cl18945	Beta_elim_lyase	-	-
ENDDOMAINS
ENDQUERY
QUERY	Query_98	Peptide	294	orf295_Bismed1_feature_8_from_C_3, ORGANISM Genus species Unclassified.,
DOMAINS
4	Query_98	Non-specific	273636	74	290	6.12e-34	122.88	TIGR01453	grpIintron_endo	-	45
ENDDOMAINS
ENDQUERY
QUERY	Query_99	Peptide	79	atp9_Bismed1_feature_10_from_C_3, ORGANISM Genus species Unclassified.,
DOMAINS
4	Query_99	Specific	349422	6	65	3.2376e-19	72.9275	cd18182	ATP-synt_Fo_c_ATP5G3	-	365782
ENDDOMAINS
SITES
ENDSITES
ENDQUERY
QUERY	Query_101	Peptide	125	orf126_Bismed1_feature_14_from_C_3, ORGANISM Genus species Unclassified.,
DOMAINS
4	Query_101	Non-specific	273636	2	123	1.98494e-26	97.4565	TIGR01453	grpIintron_endo	C	45
ENDDOMAINS
ENDQUERY
QUERY	Query_102	Peptide	150	nad3_Bismed1_feature_16_from_C_3, ORGANISM Genus species Unclassified.,
DOMAINS
4	Query_102	Specific	334119	19	112	2.05175e-32	110.197	pfam00507	Oxidored_q4	-	351141
ENDDOMAINS
ENDQUERY
QUERY	Query_103	Peptide	934	nad2_Bismed1_feature_18_from_C_3, ORGANISM Genus species Unclassified.,
DOMAINS
4	Query_103	Specific	235603	138	489	4.20675e-83	275.931	PRK05777	PRK05777	N	356474
4	Query_103	Specific	334330	649	747	3.09959e-19	83.4398	pfam00961	LAGLIDADG_1	-	45
4	Query_103	Specific	334330	805	906	7.09975e-18	79.5878	pfam00961	LAGLIDADG_1	-	45
ENDDOMAINS
ENDQUERY
QUERY	Query_104	Peptide	419	orf419_Bismed1_feature_22_from_C_3, ORGANISM Genus species Unclassified.,
DOMAINS
4	Query_104	Specific	334330	129	227	1.30077e-23	94.2254	pfam00961	LAGLIDADG_1	-	45
4	Query_104	Specific	334330	289	390	3.9728e-21	87.2918	pfam00961	LAGLIDADG_1	-	45
ENDDOMAINS
ENDQUERY
QUERY	Query_105	Peptide	370	orf370_Bismed1_feature_26_from_C_3, ORGANISM Genus species Unclassified.,
DOMAINS
4	Query_105	Specific	334330	65	166	2.87605e-25	98.0774	pfam00961	LAGLIDADG_1	-	45
4	Query_105	Specific	334330	227	321	8.86823e-18	77.6618	pfam00961	LAGLIDADG_1	-	45
ENDDOMAINS
ENDQUERY
QUERY	Query_106	Peptide	431	orf431_Bismed1_feature_30_from_C_3, ORGANISM Genus species Unclassified.,
DOMAINS
4	Query_106	Specific	334330	138	239	3.05246e-27	104.241	pfam00961	LAGLIDADG_1	-	45
4	Query_106	Specific	334330	302	399	1.42023e-22	91.529	pfam00961	LAGLIDADG_1	-	45
ENDDOMAINS
ENDQUERY
QUERY	Query_107	Peptide	256	orf256_Bismed1_feature_34_from_C_3, ORGANISM Genus species Unclassified.,
DOMAINS
4	Query_107	Specific	334330	136	234	2.25759e-23	90.7586	pfam00961	LAGLIDADG_1	-	45
ENDDOMAINS
ENDQUERY
QUERY	Query_108	Peptide	457	orf457_Bismed1_feature_38_from_C_3, ORGANISM Genus species Unclassified.,
DOMAINS
4	Query_108	Specific	334330	173	271	3.54992e-28	106.937	pfam00961	LAGLIDADG_1	-	45
4	Query_108	Specific	334330	329	429	7.29569e-23	92.2994	pfam00961	LAGLIDADG_1	-	45
ENDDOMAINS
ENDQUERY
ENDSESSION	4
ENDDATA
