#Post-RPSBLAST Processing Utility

#Input data file:	Bombom1_MitoAssemblyScaffolds.fasta.new.sqn.gbf_converted.faa.asn
#Output data file:	Bombom1_MitoAssemblyScaffolds.fasta.new.sqn.gbf_converted.faa.asn.out
#Annotation data at:	/opt/rpsbproc/data
#E-Value cutoff:	0.01
#Redundancy:	Concise
#Data requested:	Domain hits and site annotations
#Output format -- tab-delimited table
#Show superfamilies: NO
#DATA
#SESSION	<session-ordinal>	<program>	<database>	<score-matrix>	<evalue-threshold>
#QUERY	<query-id>	<seq-type>	<seq-length>	<definition-line>
#DOMAINS
#<session-ordinal>	<query-id[readingframe]>	<hit-type>	<PSSM-ID>	<from>	<to>	<E-Value>	<bitscore>	<accession>	<short-name>	<incomplete>	<superfamily PSSM-ID>
#more such lines......
#ENDDOMAINS
#SITES
#<session-ordinal>	<query-id[readingframe]>	<annot-type>	<title>	<residue(coordinates)>	<complete-size>	<mapped-size>	<source-domain>
#more such lines......
#ENDSITES
#MOTIFS
#<session-ordinal>	<query-id[readingframe]>	<title>	<from>	<to>	<source-domain>
#more such lines......
#ENDMOTIFS
#ENDQUERY	<query-id>
#more query sections..
#ENDSESSION	<session-ordinal>
#more session sections..
#ENDDATA
#=====================================================================
DATA
SESSION	1	blastp	2.10.0+	/opt/rpsbproc/db/Cdd	BLOSUM62	0.01
QUERY	Query_1	Peptide	141	nad3_Bombom1_feature_2_from_C_0, ORGANISM Genus species Unclassified.,
DOMAINS
1	Query_1	Specific	334119	19	112	1.53128e-19	77.0702	pfam00507	Oxidored_q4	-	351141
ENDDOMAINS
ENDQUERY
QUERY	Query_2	Peptide	250	cox2_Bombom1_feature_4_from_C_0, ORGANISM Genus species Unclassified.,
DOMAINS
1	Query_2	Specific	214438	18	247	2.42893e-106	306.37	MTH00154	COX2	-	45
ENDDOMAINS
ENDQUERY
QUERY	Query_3	Peptide	74	atp9_Bombom1_feature_6_from_C_0, ORGANISM Genus species Unclassified.,
DOMAINS
1	Query_3	Specific	349422	6	70	6.76113e-19	72.1571	cd18182	ATP-synt_Fo_c_ATP5G3	-	365782
ENDDOMAINS
SITES
ENDSITES
ENDQUERY
QUERY	Query_5	Peptide	61	atp9_Bombom1_feature_10_from_C_0, ORGANISM Genus species Unclassified.,
DOMAINS
1	Query_5	Specific	349422	6	58	0.00047035	34.0224	cd18182	ATP-synt_Fo_c_ATP5G3	C	365782
ENDDOMAINS
SITES
ENDSITES
ENDQUERY
QUERY	Query_7	Peptide	89	nad4L_Bombom1_feature_18_from_C_0, ORGANISM Genus species Unclassified.,
DOMAINS
1	Query_7	Superfamily	351118	3	86	1.62122e-16	67.7497	cl00492	Oxidored_q2	-	-
ENDDOMAINS
ENDQUERY
QUERY	Query_8	Peptide	659	nad5_Bombom1_feature_20_from_C_0, ORGANISM Genus species Unclassified.,
DOMAINS
1	Query_8	Non-specific	177253	1	629	0	571.567	MTH00210	ND5	-	45
ENDDOMAINS
ENDQUERY
QUERY	Query_9	Peptide	142	orf142_Bombom1_feature_24_from_C_0, ORGANISM Genus species Unclassified.,
DOMAINS
1	Query_9	Specific	334330	19	115	1.36887e-12	59.5575	pfam00961	LAGLIDADG_1	-	45
ENDDOMAINS
ENDQUERY
QUERY	Query_10	Peptide	387	cob_Bombom1_feature_27_from_C_0, ORGANISM Genus species Unclassified.,
DOMAINS
1	Query_10	Specific	214440	10	367	9.8732e-179	500.849	MTH00156	CYTB	-	45
ENDDOMAINS
ENDQUERY
QUERY	Query_11	Peptide	535	cox1_Bombom1_feature_31_from_C_0, ORGANISM Genus species Unclassified.,
DOMAINS
1	Query_11	Specific	238833	17	519	0	814.795	cd01663	Cyt_c_Oxidase_I	-	350997
ENDDOMAINS
SITES
1	Query_11	Specific	Binuclear center (heme a3/CuB)	H248,H297,H298,H383	4	4	238833
1	Query_11	Specific	Low-spin heme (heme a) binding site	H69,H385,S389,T431,S468	5	5	238833
1	Query_11	Specific	D-pathway	Y26,N88,D99,N106,S109,S164,S165,N171,T175	9	9	238833
1	Query_11	Specific	K-pathway	H248,Y252,S263,H297,H298,T323,K326	7	7	238833
1	Query_11	Specific	Electron transfer pathway	F384,R445,R446	3	3	238833
1	Query_11	Specific	Putative proton exit pathway	H298,H375,D376,R445,R446	5	5	238833
1	Query_11	Specific	Putative water exit pathway	D235,Q240,H241,D371,H375,D376,R445	7	7	238833
1	Query_11	Specific	Subunit I/II interface	N63,D235,K272,F275,G276,T301,V302,G303,V306,R309,L317,I325,F328,Y335,G336,G337,L349,N367,A368,L370,I372,A373,F374,H375,D376,L440,Q441,R445,R446,I447,G456,W457	32	32	238833
1	Query_11	Specific	Subunit I/III interface	T17,P98,F102,R104,W111,D152,F156,T174,N178,I198,L205,P208,M216,T225,S226,F227,G232,G233,D235,F245,Y282,M285,G288,I289,I293	25	25	238833
1	Query_11	Specific	Subunit I/IV interface	M46,S49,G50,Q415,K418,A419,D452,V470	8	8	238833
1	Query_11	Specific	Subunit I/Vb interface	S273,Y277,A518	3	3	238833
1	Query_11	Specific	Subunit I/VIa interface	V143,R221,N222,F223,N224	5	5	238833
1	Query_11	Specific	Subunit I/VIb interface	G303	1	1	238833
1	Query_11	Specific	Subunit I/VIc interface	G336	1	1	238833
1	Query_11	Specific	Subunit I/VIIa interface	F122,C125	2	2	238833
1	Query_11	Specific	Subunit I/VIIb interface	D452,G456	2	2	238833
1	Query_11	Specific	Subunit I/VIIc interface	F32,L36,A39,L43,A124,C125,I407,Y480,L483	9	9	238833
1	Query_11	Specific	Subunit I/VIIIb interface	L416,G473	2	2	238833
1	Query_11	Specific	Dimer interface	I198,L205,F245,Y282,M285,G288,I289,I293	8	8	238833
ENDSITES
ENDQUERY
QUERY	Query_12	Peptide	317	orf317_Bombom1_feature_35_from_C_0, ORGANISM Genus species Unclassified.,
DOMAINS
1	Query_12	Specific	334330	192	288	3.33948e-19	80.7434	pfam00961	LAGLIDADG_1	-	45
1	Query_12	Specific	334330	82	162	6.75123e-06	43.7643	pfam00961	LAGLIDADG_1	-	45
ENDDOMAINS
ENDQUERY
QUERY	Query_13	Peptide	349	orf349_Bombom1_feature_39_from_C_0, ORGANISM Genus species Unclassified.,
DOMAINS
1	Query_13	Specific	334330	213	312	3.07785e-20	84.2102	pfam00961	LAGLIDADG_1	-	45
ENDDOMAINS
ENDQUERY
QUERY	Query_14	Peptide	367	nad1_Bombom1_feature_44_from_C_0, ORGANISM Genus species Unclassified.,
DOMAINS
1	Query_14	Specific	333876	26	350	8.84447e-112	327.893	pfam00146	NADHdh	-	351105
ENDDOMAINS
ENDQUERY
QUERY	Query_15	Peptide	517	nad4_Bombom1_feature_46_from_C_0, ORGANISM Genus species Unclassified.,
DOMAINS
1	Query_15	Specific	235622	63	514	3.20644e-117	354.509	PRK05846	PRK05846	-	45
ENDDOMAINS
ENDQUERY
QUERY	Query_16	Peptide	55	atp8_Bombom1_feature_48_from_C_0, ORGANISM Genus species Unclassified.,
DOMAINS
1	Query_16	Specific	283561	1	48	1.05268e-09	47.7862	pfam05933	Fun_ATP-synt_8	-	45
ENDDOMAINS
ENDQUERY
QUERY	Query_17	Peptide	264	atp6_Bombom1_feature_50_from_C_0, ORGANISM Genus species Unclassified.,
DOMAINS
1	Query_17	Specific	273458	39	261	2.09882e-49	162.376	TIGR01131	ATP_synt_6_or_A	-	351082
ENDDOMAINS
ENDQUERY
QUERY	Query_19	Peptide	269	cox3_Bombom1_feature_62_from_C_0, ORGANISM Genus species Unclassified.,
DOMAINS
1	Query_19	Specific	278911	12	269	1.20621e-139	392.929	pfam00510	COX3	-	294143
ENDDOMAINS
SITES
1	Query_19	Specific	Subunit I/III interface	A82,R85,G86,S97,L100,A104,I105,H111,G199,V200,T203,F207	12	12	238834
1	Query_19	Specific	Subunit III/Vb interface	G166	1	1	238834
1	Query_19	Specific	Subunit III/VIa interface	F135,E136,L137,Y154,V180,S190,V191,A192,S197,D198,G199	11	11	238834
1	Query_19	Specific	Subunit III/VIb interface	M127	1	1	238834
1	Query_19	Specific	Subunit III/VIIa interface	L64,R67,D68,S71,T74,F75,L76	7	7	238834
1	Query_19	Specific	Phospholipid binding site	W65,F66,I69,I70,S73,H79,G90,I91,F94,F222,R229,V241,G242	13	13	238834
ENDSITES
ENDQUERY
QUERY	Query_20	Peptide	219	nad6_Bombom1_feature_74_from_C_0, ORGANISM Genus species Unclassified.,
DOMAINS
1	Query_20	Superfamily	354830	22	214	1.85583e-18	79.2745	cl21484	Oxidored_q3	-	-
ENDDOMAINS
ENDQUERY
QUERY	Query_22	Peptide	220	nad2_Bombom1_feature_108_from_C_0, ORGANISM Genus species Unclassified.,
DOMAINS
1	Query_22	Superfamily	356474	125	210	3.84378e-17	79.0945	cl29598	Proton_antipo_M	NC	-
ENDDOMAINS
ENDQUERY
ENDSESSION	1
ENDDATA
