#Post-RPSBLAST Processing Utility

#Input data file:	Cernew1_MitoAssemblyScaffolds.fasta.new.sqn.gbf_converted.faa.asn
#Output data file:	Cernew1_MitoAssemblyScaffolds.fasta.new.sqn.gbf_converted.faa.asn.out
#Annotation data at:	/opt/rpsbproc/data
#E-Value cutoff:	0.01
#Redundancy:	Concise
#Data requested:	Domain hits and site annotations
#Output format -- tab-delimited table
#Show superfamilies: NO
#DATA
#SESSION	<session-ordinal>	<program>	<database>	<score-matrix>	<evalue-threshold>
#QUERY	<query-id>	<seq-type>	<seq-length>	<definition-line>
#DOMAINS
#<session-ordinal>	<query-id[readingframe]>	<hit-type>	<PSSM-ID>	<from>	<to>	<E-Value>	<bitscore>	<accession>	<short-name>	<incomplete>	<superfamily PSSM-ID>
#more such lines......
#ENDDOMAINS
#SITES
#<session-ordinal>	<query-id[readingframe]>	<annot-type>	<title>	<residue(coordinates)>	<complete-size>	<mapped-size>	<source-domain>
#more such lines......
#ENDSITES
#MOTIFS
#<session-ordinal>	<query-id[readingframe]>	<title>	<from>	<to>	<source-domain>
#more such lines......
#ENDMOTIFS
#ENDQUERY	<query-id>
#more query sections..
#ENDSESSION	<session-ordinal>
#more session sections..
#ENDDATA
#=====================================================================
DATA
SESSION	1	blastp	2.10.0+	/opt/rpsbproc/db/Cdd	BLOSUM62	0.01
QUERY	Query_1	Peptide	242	nad6_Cernew1_feature_10_from_C_0, ORGANISM Genus species Unclassified.,
DOMAINS
1	Query_1	Superfamily	354830	23	234	6.48488e-18	78.5041	cl21484	Oxidored_q3	-	-
ENDDOMAINS
ENDQUERY
QUERY	Query_2	Peptide	275	cox3_Cernew1_feature_22_from_C_0, ORGANISM Genus species Unclassified.,
DOMAINS
1	Query_2	Specific	278911	18	275	3.46126e-143	402.174	pfam00510	COX3	-	294143
ENDDOMAINS
SITES
1	Query_2	Specific	Subunit I/III interface	A88,K91,G92,S103,L106,A110,I111,H117,G205,A206,T209,F213	12	12	238834
1	Query_2	Specific	Subunit III/Vb interface	G172	1	1	238834
1	Query_2	Specific	Subunit III/VIa interface	F141,E142,L143,Y160,I186,S196,V197,S198,S203,D204,G205	11	11	238834
1	Query_2	Specific	Subunit III/VIb interface	L133	1	1	238834
1	Query_2	Specific	Subunit III/VIIa interface	F70,R73,D74,S77,T80,F81,L82	7	7	238834
1	Query_2	Specific	Phospholipid binding site	W71,F72,I75,I76,G79,H85,G96,I97,F100,F228,R235,L247,G248	13	13	238834
ENDSITES
ENDQUERY
QUERY	Query_3	Peptide	268	atp6_Cernew1_feature_30_from_C_0, ORGANISM Genus species Unclassified.,
DOMAINS
1	Query_3	Specific	273458	43	265	1.14715e-52	170.85	TIGR01131	ATP_synt_6_or_A	-	351082
ENDDOMAINS
ENDQUERY
QUERY	Query_4	Peptide	50	atp8_Cernew1_feature_32_from_C_0, ORGANISM Genus species Unclassified.,
DOMAINS
1	Query_4	Non-specific	283561	1	48	1.31945e-08	44.7046	pfam05933	Fun_ATP-synt_8	-	45
ENDDOMAINS
ENDQUERY
QUERY	Query_5	Peptide	514	nad4_Cernew1_feature_34_from_C_0, ORGANISM Genus species Unclassified.,
DOMAINS
1	Query_5	Specific	235622	53	511	5.75447e-129	384.554	PRK05846	PRK05846	-	45
ENDDOMAINS
ENDQUERY
QUERY	Query_6	Peptide	416	nad1_Cernew1_feature_36_from_C_0, ORGANISM Genus species Unclassified.,
DOMAINS
1	Query_6	Specific	333876	30	399	7.46629e-100	299.388	pfam00146	NADHdh	-	351105
ENDDOMAINS
ENDQUERY
QUERY	Query_7	Peptide	384	cob_Cernew1_feature_42_from_C_0, ORGANISM Genus species Unclassified.,
DOMAINS
1	Query_7	Specific	214440	10	367	0	511.635	MTH00156	CYTB	-	45
ENDDOMAINS
ENDQUERY
QUERY	Query_8	Peptide	674	nad5_Cernew1_feature_46_from_C_0, ORGANISM Genus species Unclassified.,
DOMAINS
1	Query_8	Non-specific	177253	1	632	0	570.411	MTH00210	ND5	-	45
ENDDOMAINS
ENDQUERY
QUERY	Query_9	Peptide	89	nad4L_Cernew1_feature_48_from_C_0, ORGANISM Genus species Unclassified.,
DOMAINS
1	Query_9	Superfamily	351118	5	87	1.47955e-16	67.8947	cl00492	Oxidored_q2	-	-
ENDDOMAINS
ENDQUERY
QUERY	Query_10	Peptide	543	cox1_Cernew1_feature_52_from_C_0, ORGANISM Genus species Unclassified.,
DOMAINS
1	Query_10	Specific	238833	16	518	0	859.093	cd01663	Cyt_c_Oxidase_I	-	350997
ENDDOMAINS
SITES
1	Query_10	Specific	Binuclear center (heme a3/CuB)	H247,H296,H297,H382	4	4	238833
1	Query_10	Specific	Low-spin heme (heme a) binding site	H68,H384,S388,T430,S467	5	5	238833
1	Query_10	Specific	D-pathway	Y25,N87,D98,N105,S108,S163,S164,N170,T174	9	9	238833
1	Query_10	Specific	K-pathway	H247,Y251,S262,H296,H297,T322,K325	7	7	238833
1	Query_10	Specific	Electron transfer pathway	F383,R444,R445	3	3	238833
1	Query_10	Specific	Putative proton exit pathway	H297,H374,D375,R444,R445	5	5	238833
1	Query_10	Specific	Putative water exit pathway	D234,Q239,H240,D370,H374,D375,R444	7	7	238833
1	Query_10	Specific	Subunit I/II interface	N62,D234,K271,F274,G275,T300,V301,G302,V305,R308,L316,I324,F327,Y334,G335,G336,L348,N366,A367,L369,I371,A372,F373,H374,D375,L439,Q440,R444,R445,I446,G455,W456	32	32	238833
1	Query_10	Specific	Subunit I/III interface	T16,P97,F101,R103,W110,D151,F155,T173,N177,I197,L204,P207,M215,T224,S225,F226,G231,G232,D234,F244,Y281,M284,G287,V288,I292	25	25	238833
1	Query_10	Specific	Subunit I/IV interface	M45,S48,G49,T414,K417,V418,D451,V469	8	8	238833
1	Query_10	Specific	Subunit I/Vb interface	S272,Y276,A517	3	3	238833
1	Query_10	Specific	Subunit I/VIa interface	V142,R220,N221,F222,N223	5	5	238833
1	Query_10	Specific	Subunit I/VIb interface	G302	1	1	238833
1	Query_10	Specific	Subunit I/VIc interface	G335	1	1	238833
1	Query_10	Specific	Subunit I/VIIa interface	F121,C124	2	2	238833
1	Query_10	Specific	Subunit I/VIIb interface	D451,G455	2	2	238833
1	Query_10	Specific	Subunit I/VIIc interface	F31,S35,A38,L42,A123,C124,I406,Y479,L482	9	9	238833
1	Query_10	Specific	Subunit I/VIIIb interface	L415,F472	2	2	238833
1	Query_10	Specific	Dimer interface	I197,L204,F244,Y281,M284,G287,V288,I292	8	8	238833
ENDSITES
ENDQUERY
QUERY	Query_11	Peptide	250	cox2_Cernew1_feature_54_from_C_0, ORGANISM Genus species Unclassified.,
DOMAINS
1	Query_11	Specific	214438	18	247	8.80776e-113	322.933	MTH00154	COX2	-	45
ENDDOMAINS
ENDQUERY
QUERY	Query_12	Peptide	137	nad3_Cernew1_feature_58_from_C_0, ORGANISM Genus species Unclassified.,
DOMAINS
1	Query_12	Specific	334119	19	113	5.06246e-12	57.8102	pfam00507	Oxidored_q4	-	351141
ENDDOMAINS
ENDQUERY
QUERY	Query_13	Peptide	581	nad2_Cernew1_feature_60_from_C_0, ORGANISM Genus species Unclassified.,
DOMAINS
1	Query_13	Specific	235603	120	484	3.40253e-82	265.146	PRK05777	PRK05777	N	356474
ENDDOMAINS
ENDQUERY
ENDSESSION	1
ENDDATA
