#Post-RPSBLAST Processing Utility

#Input data file:	Chafi1_MitoAssemblyScaffolds.fasta.new.sqn.gbf_converted.faa.asn
#Output data file:	Chafi1_MitoAssemblyScaffolds.fasta.new.sqn.gbf_converted.faa.asn.out
#Annotation data at:	/opt/rpsbproc/data
#E-Value cutoff:	0.01
#Redundancy:	Concise
#Data requested:	Domain hits and site annotations
#Output format -- tab-delimited table
#Show superfamilies: NO
#DATA
#SESSION	<session-ordinal>	<program>	<database>	<score-matrix>	<evalue-threshold>
#QUERY	<query-id>	<seq-type>	<seq-length>	<definition-line>
#DOMAINS
#<session-ordinal>	<query-id[readingframe]>	<hit-type>	<PSSM-ID>	<from>	<to>	<E-Value>	<bitscore>	<accession>	<short-name>	<incomplete>	<superfamily PSSM-ID>
#more such lines......
#ENDDOMAINS
#SITES
#<session-ordinal>	<query-id[readingframe]>	<annot-type>	<title>	<residue(coordinates)>	<complete-size>	<mapped-size>	<source-domain>
#more such lines......
#ENDSITES
#MOTIFS
#<session-ordinal>	<query-id[readingframe]>	<title>	<from>	<to>	<source-domain>
#more such lines......
#ENDMOTIFS
#ENDQUERY	<query-id>
#more query sections..
#ENDSESSION	<session-ordinal>
#more session sections..
#ENDDATA
#=====================================================================
DATA
SESSION	1	blastp	2.10.0+	/opt/rpsbproc/db/Cdd	BLOSUM62	0.01
QUERY	Query_1	Peptide	415	orf415_Chafi1_feature_2_from_C_0, ORGANISM Genus species Unclassified.,
DOMAINS
1	Query_1	Non-specific	214368	2	338	0.00248309	39.9223	CHL00117	rpoC2	NC	45
ENDDOMAINS
ENDQUERY
QUERY	Query_2	Peptide	299	orf300_Chafi1_feature_8_from_C_0, ORGANISM Genus species Unclassified.,
DOMAINS
1	Query_2	Specific	334330	50	167	2.12652e-05	42.6087	pfam00961	LAGLIDADG_1	-	45
ENDDOMAINS
ENDQUERY
QUERY	Query_3	Peptide	127	orf128_Chafi1_feature_18_from_C_0, ORGANISM Genus species Unclassified.,
DOMAINS
1	Query_3	Specific	198392	45	127	3.56827e-21	80.7328	cd10445	GIY-YIG_bI1_like	-	353929
ENDDOMAINS
SITES
1	Query_3	Specific	putative active site	Y47,Y58,G60,R68,Y72,E118	7	6	198392
1	Query_3	Specific	putative metal binding site	E118	1	1	198392
1	Query_3	Specific	GIY-YIG motif/motif A	G45,I46,Y47,Y58,V59,G60	6	6	198392
ENDSITES
ENDQUERY
QUERY	Query_4	Peptide	130	orf130_Chafi1_feature_20_from_C_0, ORGANISM Genus species Unclassified.,
DOMAINS
1	Query_4	Specific	197761	29	79	0.00022701	36.3918	smart00497	IENR1	-	299755
ENDDOMAINS
ENDQUERY
QUERY	Query_5	Peptide	121	orf122_Chafi1_feature_24_from_C_0, ORGANISM Genus species Unclassified.,
DOMAINS
1	Query_5	Specific	334330	14	116	1.92862e-16	68.8022	pfam00961	LAGLIDADG_1	-	45
ENDDOMAINS
ENDQUERY
QUERY	Query_6	Peptide	103	orf103_Chafi1_feature_26_from_C_0, ORGANISM Genus species Unclassified.,
DOMAINS
1	Query_6	Specific	334330	42	101	1.36773e-09	50.6979	pfam00961	LAGLIDADG_1	C	45
ENDDOMAINS
ENDQUERY
QUERY	Query_8	Peptide	418	orf419_Chafi1_feature_34_from_C_0, ORGANISM Genus species Unclassified.,
DOMAINS
1	Query_8	Specific	334330	46	136	3.02693e-16	73.8098	pfam00961	LAGLIDADG_1	-	45
1	Query_8	Specific	334330	180	279	3.34689e-06	45.3051	pfam00961	LAGLIDADG_1	-	45
ENDDOMAINS
ENDQUERY
QUERY	Query_9	Peptide	150	orf151_Chafi1_feature_36_from_C_0, ORGANISM Genus species Unclassified.,
DOMAINS
1	Query_9	Specific	334330	81	150	5.16673e-13	60.7131	pfam00961	LAGLIDADG_1	C	45
ENDDOMAINS
ENDQUERY
QUERY	Query_10	Peptide	276	orf277_Chafi1_feature_38_from_C_0, ORGANISM Genus species Unclassified.,
DOMAINS
1	Query_10	Specific	334330	40	145	7.54053e-13	63.0242	pfam00961	LAGLIDADG_1	-	45
1	Query_10	Non-specific	273636	129	269	3.74004e-06	46.6101	TIGR01453	grpIintron_endo	N	45
ENDDOMAINS
ENDQUERY
QUERY	Query_11	Peptide	579	nad2_Chafi1_feature_46_from_C_0, ORGANISM Genus species Unclassified.,
DOMAINS
1	Query_11	Superfamily	356474	124	375	4.4275e-56	195.81	cl29598	Proton_antipo_M	NC	-
ENDDOMAINS
ENDQUERY
QUERY	Query_12	Peptide	262	orf262_Chafi1_feature_50_from_C_0, ORGANISM Genus species Unclassified.,
DOMAINS
1	Query_12	Specific	334330	140	242	4.72759e-27	100.389	pfam00961	LAGLIDADG_1	-	45
ENDDOMAINS
ENDQUERY
QUERY	Query_13	Peptide	140	orf140_Chafi1_feature_52_from_C_0, ORGANISM Genus species Unclassified.,
DOMAINS
1	Query_13	Specific	334330	10	107	3.02884e-24	89.2178	pfam00961	LAGLIDADG_1	-	45
ENDDOMAINS
ENDQUERY
QUERY	Query_14	Peptide	264	orf264_Chafi1_feature_56_from_C_0, ORGANISM Genus species Unclassified.,
DOMAINS
1	Query_14	Specific	334330	57	159	9.99135e-30	107.322	pfam00961	LAGLIDADG_1	-	45
ENDDOMAINS
ENDQUERY
QUERY	Query_15	Peptide	232	orf232_Chafi1_feature_58_from_C_0, ORGANISM Genus species Unclassified.,
DOMAINS
1	Query_15	Specific	334330	169	210	5.04245e-09	51.8535	pfam00961	LAGLIDADG_1	C	45
ENDDOMAINS
ENDQUERY
QUERY	Query_16	Peptide	146	orf146_Chafi1_feature_60_from_C_0, ORGANISM Genus species Unclassified.,
DOMAINS
1	Query_16	Specific	334330	56	140	1.47088e-19	77.6618	pfam00961	LAGLIDADG_1	C	45
ENDDOMAINS
ENDQUERY
QUERY	Query_17	Peptide	433	orf433_Chafi1_feature_64_from_C_0, ORGANISM Genus species Unclassified.,
DOMAINS
1	Query_17	Specific	334330	135	234	2.67166e-29	109.633	pfam00961	LAGLIDADG_1	-	45
1	Query_17	Specific	334330	294	392	2.55312e-25	98.8478	pfam00961	LAGLIDADG_1	-	45
ENDDOMAINS
ENDQUERY
QUERY	Query_18	Peptide	929	orf930_Chafi1_feature_71_from_C_0, ORGANISM Genus species Unclassified.,
DOMAINS
1	Query_18	Specific	334330	643	740	1.1909e-18	81.899	pfam00961	LAGLIDADG_1	-	45
1	Query_18	Specific	334330	798	897	1.3455e-13	67.2614	pfam00961	LAGLIDADG_1	-	45
1	Query_18	Specific	334330	67	165	6.22802e-12	62.639	pfam00961	LAGLIDADG_1	-	45
1	Query_18	Specific	334330	214	336	3.12164e-08	52.2387	pfam00961	LAGLIDADG_1	-	45
ENDDOMAINS
ENDQUERY
QUERY	Query_19	Peptide	427	nad3_Chafi1_feature_73_from_C_0, ORGANISM Genus species Unclassified.,
DOMAINS
1	Query_19	Specific	334119	19	63	6.34643e-13	63.9734	pfam00507	Oxidored_q4	C	351141
ENDDOMAINS
ENDQUERY
QUERY	Query_20	Peptide	250	cox2_Chafi1_feature_75_from_C_0, ORGANISM Genus species Unclassified.,
DOMAINS
1	Query_20	Specific	214438	18	247	3.08966e-111	319.081	MTH00154	COX2	-	45
ENDDOMAINS
ENDQUERY
QUERY	Query_21	Peptide	419	orf419_Chafi1_feature_79_from_C_0, ORGANISM Genus species Unclassified.,
DOMAINS
1	Query_21	Specific	334330	134	233	1.17221e-27	105.011	pfam00961	LAGLIDADG_1	-	45
1	Query_21	Specific	334330	291	389	3.16736e-23	93.0698	pfam00961	LAGLIDADG_1	-	45
ENDDOMAINS
ENDQUERY
QUERY	Query_22	Peptide	287	orf287_Chafi1_feature_83_from_C_0, ORGANISM Genus species Unclassified.,
DOMAINS
1	Query_22	Specific	273636	53	285	6.6599e-58	184.512	TIGR01453	grpIintron_endo	-	45
ENDDOMAINS
ENDQUERY
QUERY	Query_23	Peptide	366	orf366_Chafi1_feature_87_from_C_0, ORGANISM Genus species Unclassified.,
DOMAINS
1	Query_23	Specific	334330	228	329	1.26118e-23	93.455	pfam00961	LAGLIDADG_1	-	45
1	Query_23	Specific	334330	70	170	8.89308e-19	80.3582	pfam00961	LAGLIDADG_1	-	45
ENDDOMAINS
ENDQUERY
QUERY	Query_24	Peptide	363	orf363_Chafi1_feature_91_from_C_0, ORGANISM Genus species Unclassified.,
DOMAINS
1	Query_24	Superfamily	353929	27	114	9.78841e-14	66.0952	cl15257	GIY-YIG_SF	-	-
1	Query_24	Non-specific	273636	27	268	0.000123326	42.7582	TIGR01453	grpIintron_endo	-	45
ENDDOMAINS
SITES
1	Query_24	Generic	active site	Y30,Y41,G43,R51,Y54,E99	6	6	198380
1	Query_24	Generic	catalytic site	R51,E99	2	2	198380
1	Query_24	Generic	metal binding site	E99	1	1	198380
1	Query_24	Generic	GIY-YIG motif/motif A	G28,V29,Y30,Y41,V42,G43	6	6	198380
ENDSITES
ENDQUERY
QUERY	Query_27	Peptide	409	nad4L_Chafi1_feature_102_from_C_0, ORGANISM Genus species Unclassified.,
DOMAINS
1	Query_27	Specific	334330	126	227	2.42119e-26	101.544	pfam00961	LAGLIDADG_1	-	45
1	Query_27	Specific	177231	3	80	1.4322e-24	96.6397	MTH00180	ND4L	-	351118
1	Query_27	Specific	334330	287	380	3.35879e-21	87.2918	pfam00961	LAGLIDADG_1	-	45
ENDDOMAINS
ENDQUERY
QUERY	Query_28	Peptide	1033	nad5_Chafi1_feature_104_from_C_0, ORGANISM Genus species Unclassified.,
DOMAINS
1	Query_28	Non-specific	214400	1	643	0	666.395	MTH00020	ND5	-	45
ENDDOMAINS
ENDQUERY
QUERY	Query_29	Peptide	518	orf518_Chafi1_feature_108_from_C_0, ORGANISM Genus species Unclassified.,
DOMAINS
1	Query_29	Specific	334330	122	220	1.34851e-18	80.7434	pfam00961	LAGLIDADG_1	-	45
1	Query_29	Specific	334330	265	377	8.50856e-09	53.0091	pfam00961	LAGLIDADG_1	-	45
ENDDOMAINS
ENDQUERY
QUERY	Query_30	Peptide	426	orf426_Chafi1_feature_112_from_C_0, ORGANISM Genus species Unclassified.,
DOMAINS
1	Query_30	Specific	334330	45	136	7.58564e-16	72.6542	pfam00961	LAGLIDADG_1	-	45
1	Query_30	Specific	334330	182	286	1.8304e-11	60.3279	pfam00961	LAGLIDADG_1	-	45
ENDDOMAINS
ENDQUERY
QUERY	Query_31	Peptide	388	orf388_Chafi1_feature_114_from_C_0, ORGANISM Genus species Unclassified.,
DOMAINS
1	Query_31	Specific	334330	258	358	2.58228e-35	125.041	pfam00961	LAGLIDADG_1	-	45
1	Query_31	Specific	334330	97	198	1.23685e-22	91.1438	pfam00961	LAGLIDADG_1	-	45
ENDDOMAINS
ENDQUERY
ENDSESSION	1
SESSION	2	blastp	2.10.0+	/opt/rpsbproc/db/Cdd	BLOSUM62	0.01
QUERY	Query_32	Peptide	417	orf417_Chafi1_feature_118_from_C_0, ORGANISM Genus species Unclassified.,
DOMAINS
2	Query_32	Specific	335245	268	414	1.42606e-40	141.915	pfam03161	LAGLIDADG_2	-	45
2	Query_32	Specific	335245	31	200	4.15485e-19	83.7495	pfam03161	LAGLIDADG_2	-	45
ENDDOMAINS
ENDQUERY
QUERY	Query_33	Peptide	398	cob_Chafi1_feature_121_from_C_0, ORGANISM Genus species Unclassified.,
DOMAINS
2	Query_33	Specific	214440	10	367	5.57813e-178	499.308	MTH00156	CYTB	-	45
ENDDOMAINS
ENDQUERY
QUERY	Query_34	Peptide	453	orf453_Chafi1_feature_125_from_C_0, ORGANISM Genus species Unclassified.,
DOMAINS
2	Query_34	Specific	334330	220	321	7.44555e-08	49.9275	pfam00961	LAGLIDADG_1	-	45
2	Query_34	Specific	334330	54	159	0.000486277	39.1419	pfam00961	LAGLIDADG_1	-	45
ENDDOMAINS
ENDQUERY
QUERY	Query_35	Peptide	289	orf289_Chafi1_feature_127_from_C_0, ORGANISM Genus species Unclassified.,
DOMAINS
2	Query_35	Specific	334330	159	261	1.80777e-16	73.0394	pfam00961	LAGLIDADG_1	-	45
2	Query_35	Specific	334330	2	88	7.76615e-16	71.4986	pfam00961	LAGLIDADG_1	-	45
ENDDOMAINS
ENDQUERY
QUERY	Query_36	Peptide	485	orf485_Chafi1_feature_133_from_C_0, ORGANISM Genus species Unclassified.,
DOMAINS
2	Query_36	Specific	334330	97	186	6.10759e-12	61.8686	pfam00961	LAGLIDADG_1	-	45
2	Query_36	Specific	334330	234	346	5.41153e-09	53.3943	pfam00961	LAGLIDADG_1	-	45
2	Query_36	Specific	197761	426	472	4.25514e-05	41.0142	smart00497	IENR1	-	299755
ENDDOMAINS
ENDQUERY
QUERY	Query_37	Peptide	108	orf108_Chafi1_feature_137_from_C_0, ORGANISM Genus species Unclassified.,
DOMAINS
2	Query_37	Specific	197761	54	108	0.00414232	32.5398	smart00497	IENR1	-	299755
ENDDOMAINS
ENDQUERY
QUERY	Query_39	Peptide	302	orf302_Chafi1_feature_143_from_C_0, ORGANISM Genus species Unclassified.,
DOMAINS
2	Query_39	Specific	334330	48	156	4.43104e-05	41.4531	pfam00961	LAGLIDADG_1	-	45
ENDDOMAINS
ENDQUERY
QUERY	Query_40	Peptide	170	orf170_Chafi1_feature_145_from_C_0, ORGANISM Genus species Unclassified.,
DOMAINS
2	Query_40	Specific	334330	37	136	1.14285e-24	91.529	pfam00961	LAGLIDADG_1	-	45
ENDDOMAINS
ENDQUERY
QUERY	Query_41	Peptide	294	orf294_Chafi1_feature_149_from_C_0, ORGANISM Genus species Unclassified.,
DOMAINS
2	Query_41	Specific	334330	51	133	0.000102124	40.2975	pfam00961	LAGLIDADG_1	-	45
ENDDOMAINS
ENDQUERY
QUERY	Query_45	Peptide	92	cox1_Chafi1_feature_162_from_C_0, ORGANISM Genus species Unclassified.,
DOMAINS
2	Query_45	Superfamily	350997	1	87	1.50029e-38	133.377	cl00275	Heme_Cu_Oxidase_I	C	-
ENDDOMAINS
SITES
2	Query_45	Generic	Low-spin heme binding site	Y17,H24,M28,I29,V33	15	5	238461
2	Query_45	Generic	D-pathway	N43,D54,N61,S64	9	4	238461
ENDSITES
ENDQUERY
QUERY	Query_46	Peptide	821	orf821_Chafi1_feature_166_from_C_0, ORGANISM Genus species Unclassified.,
DOMAINS
2	Query_46	Specific	238828	266	540	3.14053e-85	270.226	cd01651	RT_G2_intron	-	295487
2	Query_46	Non-specific	279664	606	686	2.7299e-16	76.3542	pfam01348	Intron_maturas2	C	45
ENDDOMAINS
SITES
2	Query_46	Specific	putative active site	D341,F342,T343,K344,A345,F346,Q395,G396,Y484,D486,D487,L536,G537	13	13	238828
2	Query_46	Specific	putative nucleic acid binding site	G396	1	1	238828
2	Query_46	Specific	putative NTP binding site	D341,F342,T343,K344,A345,F346,Q395,D486	8	8	238828
ENDSITES
ENDQUERY
QUERY	Query_48	Peptide	313	orf314_Chafi1_feature_171_from_C_0, ORGANISM Genus species Unclassified.,
DOMAINS
2	Query_48	Specific	334330	30	131	1.32066e-26	100.389	pfam00961	LAGLIDADG_1	-	45
2	Query_48	Specific	334330	190	288	3.54939e-20	83.4398	pfam00961	LAGLIDADG_1	-	45
ENDDOMAINS
ENDQUERY
QUERY	Query_49	Peptide	186	orf187_Chafi1_feature_173_from_C_0, ORGANISM Genus species Unclassified.,
DOMAINS
2	Query_49	Non-specific	273636	46	186	7.54926e-32	114.02	TIGR01453	grpIintron_endo	C	45
ENDDOMAINS
ENDQUERY
QUERY	Query_50	Peptide	109	orf110_Chafi1_feature_175_from_C_0, ORGANISM Genus species Unclassified.,
DOMAINS
2	Query_50	Non-specific	273636	17	102	1.37569e-07	47.3805	TIGR01453	grpIintron_endo	N	45
ENDDOMAINS
ENDQUERY
QUERY	Query_52	Peptide	139	orf140_Chafi1_feature_179_from_C_0, ORGANISM Genus species Unclassified.,
DOMAINS
2	Query_52	Specific	334330	28	96	1.13616e-07	46.4607	pfam00961	LAGLIDADG_1	N	45
ENDDOMAINS
ENDQUERY
QUERY	Query_53	Peptide	773	orf773_Chafi1_feature_181_from_C_0, ORGANISM Genus species Unclassified.,
DOMAINS
2	Query_53	Specific	334330	640	738	3.31394e-23	94.6106	pfam00961	LAGLIDADG_1	-	45
2	Query_53	Specific	334330	481	579	1.12768e-22	93.0698	pfam00961	LAGLIDADG_1	-	45
2	Query_53	Specific	334330	117	212	1.5558e-21	89.603	pfam00961	LAGLIDADG_1	-	45
ENDDOMAINS
ENDQUERY
QUERY	Query_54	Peptide	139	orf139_Chafi1_feature_183_from_C_0, ORGANISM Genus species Unclassified.,
DOMAINS
2	Query_54	Specific	334330	20	86	0.000270319	37.6011	pfam00961	LAGLIDADG_1	-	45
ENDDOMAINS
ENDQUERY
QUERY	Query_55	Peptide	446	orf447_Chafi1_feature_185_from_C_0, ORGANISM Genus species Unclassified.,
DOMAINS
2	Query_55	Specific	334330	307	407	3.79847e-27	104.241	pfam00961	LAGLIDADG_1	-	45
2	Query_55	Specific	334330	149	249	1.30708e-25	100.003	pfam00961	LAGLIDADG_1	-	45
ENDDOMAINS
ENDQUERY
QUERY	Query_56	Peptide	399	orf399_Chafi1_feature_187_from_C_0, ORGANISM Genus species Unclassified.,
DOMAINS
2	Query_56	Specific	198392	214	300	8.81492e-21	85.7404	cd10445	GIY-YIG_bI1_like	-	353929
2	Query_56	Superfamily	350997	31	63	3.20916e-13	70.5897	cl00275	Heme_Cu_Oxidase_I	NC	-
2	Query_56	Specific	197761	310	363	2.015e-07	47.1774	smart00497	IENR1	-	299755
2	Query_56	Non-specific	311996	113	244	0.000185731	41.6517	pfam08339	RTX_C	-	45
ENDDOMAINS
SITES
2	Query_56	Specific	putative active site	Y217,Y228,G230,R238,Y242,E285,N297	7	7	198392
2	Query_56	Specific	putative metal binding site	E285	1	1	198392
2	Query_56	Specific	GIY-YIG motif/motif A	G215,I216,Y217,Y228,V229,G230	6	6	198392
2	Query_56	Generic	D-pathway	S55,S56,N62	9	3	238461
ENDSITES
ENDQUERY
QUERY	Query_57	Peptide	133	orf134_Chafi1_feature_189_from_C_0, ORGANISM Genus species Unclassified.,
DOMAINS
2	Query_57	Specific	334330	34	130	1.14816e-19	77.2766	pfam00961	LAGLIDADG_1	-	45
ENDDOMAINS
ENDQUERY
QUERY	Query_58	Peptide	113	orf114_Chafi1_feature_191_from_C_0, ORGANISM Genus species Unclassified.,
DOMAINS
2	Query_58	Specific	334330	61	98	2.8155e-05	39.5271	pfam00961	LAGLIDADG_1	C	45
ENDDOMAINS
ENDQUERY
QUERY	Query_59	Peptide	99	orf100_Chafi1_feature_193_from_C_0, ORGANISM Genus species Unclassified.,
DOMAINS
2	Query_59	Specific	334330	1	69	1.91613e-14	62.639	pfam00961	LAGLIDADG_1	N	45
ENDDOMAINS
ENDQUERY
QUERY	Query_60	Peptide	592	orf592_Chafi1_feature_195_from_C_0, ORGANISM Genus species Unclassified.,
DOMAINS
2	Query_60	Specific	334330	299	396	2.08386e-25	100.389	pfam00961	LAGLIDADG_1	-	45
2	Query_60	Specific	334330	456	556	2.57064e-21	88.8326	pfam00961	LAGLIDADG_1	-	45
ENDDOMAINS
ENDQUERY
QUERY	Query_61	Peptide	590	orf591_Chafi1_feature_197_from_C_0, ORGANISM Genus species Unclassified.,
DOMAINS
2	Query_61	Specific	334330	297	394	2.07173e-25	100.389	pfam00961	LAGLIDADG_1	-	45
2	Query_61	Specific	334330	454	554	2.58494e-21	88.8326	pfam00961	LAGLIDADG_1	-	45
ENDDOMAINS
ENDQUERY
QUERY	Query_62	Peptide	249	orf250_Chafi1_feature_199_from_C_0, ORGANISM Genus species Unclassified.,
DOMAINS
2	Query_62	Specific	334330	98	202	1.57039e-14	67.2614	pfam00961	LAGLIDADG_1	-	45
2	Query_62	Specific	334330	5	74	6.73766e-10	54.5499	pfam00961	LAGLIDADG_1	N	45
ENDDOMAINS
ENDQUERY
QUERY	Query_63	Peptide	343	orf343_Chafi1_feature_201_from_C_0, ORGANISM Genus species Unclassified.,
DOMAINS
2	Query_63	Superfamily	350997	2	32	3.72606e-18	84.842	cl00275	Heme_Cu_Oxidase_I	NC	-
2	Query_63	Specific	334330	214	317	5.27338e-10	55.7055	pfam00961	LAGLIDADG_1	-	45
2	Query_63	Specific	334330	97	186	1.29484e-08	51.8535	pfam00961	LAGLIDADG_1	-	45
ENDDOMAINS
SITES
2	Query_63	Generic	Putative water exit pathway	D24,Q29,H30	7	3	238461
ENDSITES
ENDQUERY
QUERY	Query_64	Peptide	319	orf319_Chafi1_feature_203_from_C_0, ORGANISM Genus species Unclassified.,
DOMAINS
2	Query_64	Specific	334330	92	159	2.48598e-07	48.0015	pfam00961	LAGLIDADG_1	C	45
2	Query_64	Specific	334330	198	287	4.17277e-07	47.2311	pfam00961	LAGLIDADG_1	-	45
ENDDOMAINS
ENDQUERY
QUERY	Query_65	Peptide	312	orf313_Chafi1_feature_205_from_C_0, ORGANISM Genus species Unclassified.,
DOMAINS
2	Query_65	Specific	334330	28	127	1.86347e-24	94.6106	pfam00961	LAGLIDADG_1	-	45
2	Query_65	Specific	334330	185	283	1.86212e-23	92.2994	pfam00961	LAGLIDADG_1	-	45
ENDDOMAINS
ENDQUERY
ENDSESSION	2
SESSION	3	blastp	2.10.0+	/opt/rpsbproc/db/Cdd	BLOSUM62	0.01
QUERY	Query_66	Peptide	330	orf331_Chafi1_feature_207_from_C_0, ORGANISM Genus species Unclassified.,
DOMAINS
3	Query_66	Specific	334330	202	298	1.99674e-14	68.0318	pfam00961	LAGLIDADG_1	-	45
3	Query_66	Specific	334330	94	162	0.00570499	35.6751	pfam00961	LAGLIDADG_1	-	45
ENDDOMAINS
ENDQUERY
QUERY	Query_67	Peptide	617	orf618_Chafi1_feature_209_from_C_0, ORGANISM Genus species Unclassified.,
DOMAINS
3	Query_67	Specific	334330	188	287	2.61779e-15	71.4986	pfam00961	LAGLIDADG_1	-	45
3	Query_67	Specific	334330	498	587	4.61466e-08	51.0831	pfam00961	LAGLIDADG_1	-	45
3	Query_67	Superfamily	350997	29	56	3.18735e-06	49.7889	cl00275	Heme_Cu_Oxidase_I	NC	-
ENDDOMAINS
SITES
3	Query_67	Generic	K-pathway	Y29,S40	7	2	238461
ENDSITES
ENDQUERY
QUERY	Query_68	Peptide	317	orf317_Chafi1_feature_211_from_C_0, ORGANISM Genus species Unclassified.,
DOMAINS
3	Query_68	Specific	334330	79	145	5.33269e-05	41.4531	pfam00961	LAGLIDADG_1	C	45
3	Query_68	Specific	334330	185	263	0.00107119	37.6011	pfam00961	LAGLIDADG_1	-	45
ENDDOMAINS
ENDQUERY
QUERY	Query_69	Peptide	440	orf441_Chafi1_feature_213_from_C_0, ORGANISM Genus species Unclassified.,
DOMAINS
3	Query_69	Specific	334330	151	249	7.54198e-24	94.9958	pfam00961	LAGLIDADG_1	-	45
3	Query_69	Specific	334330	308	410	1.32268e-18	80.3582	pfam00961	LAGLIDADG_1	-	45
ENDDOMAINS
ENDQUERY
QUERY	Query_70	Peptide	375	orf376_Chafi1_feature_215_from_C_0, ORGANISM Genus species Unclassified.,
DOMAINS
3	Query_70	Specific	334330	239	338	5.75465e-19	81.1286	pfam00961	LAGLIDADG_1	-	45
3	Query_70	Superfamily	350997	8	22	0.00135906	40.5441	cl00275	Heme_Cu_Oxidase_I	NC	-
ENDDOMAINS
SITES
ENDSITES
ENDQUERY
QUERY	Query_71	Peptide	294	orf295_Chafi1_feature_217_from_C_0, ORGANISM Genus species Unclassified.,
DOMAINS
3	Query_71	Specific	334330	170	263	7.19883e-17	74.195	pfam00961	LAGLIDADG_1	-	45
ENDDOMAINS
ENDQUERY
QUERY	Query_72	Peptide	508	orf509_Chafi1_feature_219_from_C_0, ORGANISM Genus species Unclassified.,
DOMAINS
3	Query_72	Specific	273636	215	420	2.92897e-54	181.43	TIGR01453	grpIintron_endo	-	45
3	Query_72	Superfamily	350997	15	77	6.70871e-40	150.326	cl00275	Heme_Cu_Oxidase_I	NC	-
3	Query_72	Specific	197761	454	504	1.36289e-08	50.6442	smart00497	IENR1	-	299755
ENDDOMAINS
SITES
3	Query_72	Generic	Binuclear center (active site)	H15	4	1	238461
3	Query_72	Generic	K-pathway	H15,T40,K43	7	3	238461
3	Query_72	Generic	Putative proton exit pathway	H15	5	1	238461
ENDSITES
ENDQUERY
QUERY	Query_73	Peptide	312	orf313_Chafi1_feature_221_from_C_0, ORGANISM Genus species Unclassified.,
DOMAINS
3	Query_73	Specific	334330	220	309	3.59868e-12	61.4834	pfam00961	LAGLIDADG_1	-	45
3	Query_73	Specific	334330	85	180	1.88044e-11	59.5575	pfam00961	LAGLIDADG_1	-	45
3	Query_73	Superfamily	350997	11	28	0.000927229	40.5441	cl00275	Heme_Cu_Oxidase_I	NC	-
ENDDOMAINS
SITES
3	Query_73	Generic	Putative proton exit pathway	H26,D27	5	2	238461
3	Query_73	Generic	Putative water exit pathway	D22,H26,D27	7	3	238461
ENDSITES
ENDQUERY
QUERY	Query_74	Peptide	190	orf191_Chafi1_feature_223_from_C_0, ORGANISM Genus species Unclassified.,
DOMAINS
3	Query_74	Specific	334330	131	174	2.13516e-09	52.2387	pfam00961	LAGLIDADG_1	C	45
ENDDOMAINS
ENDQUERY
QUERY	Query_75	Peptide	249	orf250_Chafi1_feature_225_from_C_0, ORGANISM Genus species Unclassified.,
DOMAINS
3	Query_75	Specific	334330	120	219	2.18629e-28	103.47	pfam00961	LAGLIDADG_1	-	45
3	Query_75	Specific	334330	1	55	3.31882e-10	55.3203	pfam00961	LAGLIDADG_1	N	45
ENDDOMAINS
ENDQUERY
QUERY	Query_76	Peptide	404	orf404_Chafi1_feature_227_from_C_0, ORGANISM Genus species Unclassified.,
DOMAINS
3	Query_76	Superfamily	353929	92	191	1.25459e-13	65.71	cl15257	GIY-YIG_SF	-	-
ENDDOMAINS
SITES
3	Query_76	Generic	active site	Y94,Y105,G107,R115,Y119,E176	6	6	198380
3	Query_76	Generic	catalytic site	R115,E176	2	2	198380
3	Query_76	Generic	metal binding site	E176	1	1	198380
3	Query_76	Generic	GIY-YIG motif/motif A	G92,C93,Y94,Y105,I106,G107	6	6	198380
ENDSITES
ENDQUERY
QUERY	Query_77	Peptide	312	orf313_Chafi1_feature_229_from_C_0, ORGANISM Genus species Unclassified.,
DOMAINS
3	Query_77	Non-specific	273636	94	296	7.90847e-28	107.086	TIGR01453	grpIintron_endo	-	45
3	Query_77	Superfamily	350997	1	44	9.30569e-20	89.0792	cl00275	Heme_Cu_Oxidase_I	N	-
ENDDOMAINS
SITES
3	Query_77	Generic	Low-spin heme binding site	H1,L4,S5	15	3	238461
ENDSITES
ENDQUERY
QUERY	Query_79	Peptide	373	orf374_Chafi1_feature_233_from_C_0, ORGANISM Genus species Unclassified.,
DOMAINS
3	Query_79	Specific	334330	84	183	3.30289e-24	95.381	pfam00961	LAGLIDADG_1	-	45
3	Query_79	Specific	334330	243	343	1.70851e-20	84.9806	pfam00961	LAGLIDADG_1	-	45
ENDDOMAINS
ENDQUERY
QUERY	Query_80	Peptide	347	orf348_Chafi1_feature_235_from_C_0, ORGANISM Genus species Unclassified.,
DOMAINS
3	Query_80	Non-specific	273636	125	339	1.01989e-29	112.864	TIGR01453	grpIintron_endo	-	45
ENDDOMAINS
ENDQUERY
QUERY	Query_83	Peptide	377	nad1_Chafi1_feature_241_from_C_0, ORGANISM Genus species Unclassified.,
DOMAINS
3	Query_83	Specific	333876	23	360	1.07462e-110	325.581	pfam00146	NADHdh	-	351105
ENDDOMAINS
ENDQUERY
QUERY	Query_84	Peptide	127	orf127_Chafi1_feature_245_from_C_0, ORGANISM Genus species Unclassified.,
DOMAINS
3	Query_84	Specific	198380	67	97	8.59719e-05	38.1147	cd00719	GIY-YIG_SF	C	353929
ENDDOMAINS
SITES
3	Query_84	Specific	active site	Y69,Y81,G83,R91,H95	6	5	198380
3	Query_84	Specific	GIY-YIG motif/motif A	G67,I68,Y69,Y81,I82,G83	6	6	198380
ENDSITES
ENDQUERY
QUERY	Query_86	Peptide	155	orf155_Chafi1_feature_249_from_C_0, ORGANISM Genus species Unclassified.,
DOMAINS
3	Query_86	Specific	197761	102	144	0.0082211	32.925	smart00497	IENR1	-	299755
ENDDOMAINS
ENDQUERY
QUERY	Query_88	Peptide	287	orf287_Chafi1_feature_255_from_C_0, ORGANISM Genus species Unclassified.,
DOMAINS
3	Query_88	Specific	197761	55	112	0.00132158	36.0066	smart00497	IENR1	-	299755
3	Query_88	Specific	197761	216	271	0.00160957	35.6214	smart00497	IENR1	-	299755
ENDDOMAINS
ENDQUERY
QUERY	Query_89	Peptide	522	orf522_Chafi1_feature_259_from_C_0, ORGANISM Genus species Unclassified.,
DOMAINS
3	Query_89	Specific	197761	380	439	4.5141e-06	43.7106	smart00497	IENR1	-	299755
3	Query_89	Superfamily	353929	109	182	0.000207754	39.9708	cl15257	GIY-YIG_SF	-	-
ENDDOMAINS
SITES
3	Query_89	Generic	active site	Y111,Y122,G125,R133,H137,E175	6	6	198380
3	Query_89	Generic	catalytic site	R133,E175	2	2	198380
3	Query_89	Generic	metal binding site	E175	1	1	198380
3	Query_89	Generic	GIY-YIG motif/motif A	V109,I110,Y111,Y122,I124,G125	6	6	198380
ENDSITES
ENDQUERY
QUERY	Query_90	Peptide	491	nad4_Chafi1_feature_264_from_C_0, ORGANISM Genus species Unclassified.,
DOMAINS
3	Query_90	Specific	235622	40	491	2.03607e-126	376.85	PRK05846	PRK05846	-	45
ENDDOMAINS
ENDQUERY
QUERY	Query_91	Peptide	240	orf240_Chafi1_feature_268_from_C_0, ORGANISM Genus species Unclassified.,
DOMAINS
3	Query_91	Specific	334330	141	225	5.43325e-17	73.4246	pfam00961	LAGLIDADG_1	-	45
ENDDOMAINS
ENDQUERY
QUERY	Query_92	Peptide	168	orf168_Chafi1_feature_270_from_C_0, ORGANISM Genus species Unclassified.,
DOMAINS
3	Query_92	Specific	334330	35	136	2.99398e-25	93.0698	pfam00961	LAGLIDADG_1	-	45
ENDDOMAINS
ENDQUERY
QUERY	Query_94	Peptide	55	atp8_Chafi1_feature_275_from_C_0, ORGANISM Genus species Unclassified.,
DOMAINS
3	Query_94	Specific	283561	1	48	1.70583e-09	47.0158	pfam05933	Fun_ATP-synt_8	-	45
ENDDOMAINS
ENDQUERY
QUERY	Query_95	Peptide	262	atp6_Chafi1_feature_277_from_C_0, ORGANISM Genus species Unclassified.,
DOMAINS
3	Query_95	Specific	273458	15	259	4.11443e-53	171.62	TIGR01131	ATP_synt_6_or_A	-	351082
ENDDOMAINS
ENDQUERY
QUERY	Query_96	Peptide	355	orf355_Chafi1_feature_281_from_C_0, ORGANISM Genus species Unclassified.,
DOMAINS
3	Query_96	Specific	334330	67	166	2.08738e-23	92.6846	pfam00961	LAGLIDADG_1	-	45
3	Query_96	Specific	334330	230	321	6.13016e-20	83.4398	pfam00961	LAGLIDADG_1	-	45
ENDDOMAINS
ENDQUERY
QUERY	Query_97	Peptide	169	orf169_Chafi1_feature_285_from_C_0, ORGANISM Genus species Unclassified.,
DOMAINS
3	Query_97	Specific	198392	57	143	1.19313e-23	88.4368	cd10445	GIY-YIG_bI1_like	-	353929
ENDDOMAINS
SITES
3	Query_97	Specific	putative active site	Y60,Y71,G73,R81,Y85,E128,N140	7	7	198392
3	Query_97	Specific	putative metal binding site	E128	1	1	198392
3	Query_97	Specific	GIY-YIG motif/motif A	G58,I59,Y60,Y71,I72,G73	6	6	198392
ENDSITES
ENDQUERY
QUERY	Query_98	Peptide	290	orf290_Chafi1_feature_287_from_C_0, ORGANISM Genus species Unclassified.,
DOMAINS
3	Query_98	Specific	334330	22	65	0.00149362	37.2159	pfam00961	LAGLIDADG_1	C	45
ENDDOMAINS
ENDQUERY
QUERY	Query_99	Peptide	195	orf195_Chafi1_feature_289_from_C_0, ORGANISM Genus species Unclassified.,
DOMAINS
3	Query_99	Specific	284793	9	45	5.57319e-07	44.4256	pfam07453	NUMOD1	-	299755
3	Query_99	Specific	197761	141	195	2.75953e-06	42.9402	smart00497	IENR1	-	299755
3	Query_99	Specific	284793	79	114	0.00166842	34.7956	pfam07453	NUMOD1	-	299755
ENDDOMAINS
ENDQUERY
QUERY	Query_100	Peptide	302	orf302_Chafi1_feature_293_from_C_0, ORGANISM Genus species Unclassified.,
DOMAINS
3	Query_100	Specific	198392	42	128	1.35678e-29	107.697	cd10445	GIY-YIG_bI1_like	-	353929
3	Query_100	Non-specific	273636	41	225	8.74517e-27	104.005	TIGR01453	grpIintron_endo	-	45
3	Query_100	Specific	197761	248	299	3.11942e-06	43.3254	smart00497	IENR1	-	299755
ENDDOMAINS
SITES
3	Query_100	Specific	putative active site	Y45,Y56,G58,R66,Y70,E113,N125	7	7	198392
3	Query_100	Specific	putative metal binding site	E113	1	1	198392
3	Query_100	Specific	GIY-YIG motif/motif A	G43,I44,Y45,Y56,V57,G58	6	6	198392
ENDSITES
ENDQUERY
QUERY	Query_101	Peptide	315	orf315_Chafi1_feature_296_from_C_0, ORGANISM Genus species Unclassified.,
DOMAINS
3	Query_101	Non-specific	273567	87	224	0.00951196	37.4656	TIGR01349	PDHac_trf_mito	NC	45
ENDDOMAINS
ENDQUERY
ENDSESSION	3
SESSION	4	blastp	2.10.0+	/opt/rpsbproc/db/Cdd	BLOSUM62	0.01
QUERY	Query_102	Peptide	462	orf462_Chafi1_feature_302_from_C_0, ORGANISM Genus species Unclassified.,
DOMAINS
4	Query_102	Specific	334330	80	173	5.54182e-15	70.343	pfam00961	LAGLIDADG_1	-	45
4	Query_102	Specific	334330	219	327	1.4218e-05	43.3791	pfam00961	LAGLIDADG_1	-	45
ENDDOMAINS
ENDQUERY
QUERY	Query_103	Peptide	269	cox3_Chafi1_feature_306_from_C_0, ORGANISM Genus species Unclassified.,
DOMAINS
4	Query_103	Specific	278911	12	269	7.73782e-127	360.572	pfam00510	COX3	-	294143
ENDDOMAINS
SITES
4	Query_103	Specific	Subunit I/III interface	A82,K85,G86,S97,L100,A104,I105,H111,G199,A200,T203,F207	12	12	238834
4	Query_103	Specific	Subunit III/Vb interface	G166	1	1	238834
4	Query_103	Specific	Subunit III/VIa interface	F135,E136,L137,Y154,I180,N190,V191,S192,S197,D198,G199	11	11	238834
4	Query_103	Specific	Subunit III/VIb interface	I127	1	1	238834
4	Query_103	Specific	Subunit III/VIIa interface	F64,R67,D68,S71,T74,F75,L76	7	7	238834
4	Query_103	Specific	Phospholipid binding site	W65,F66,I69,I70,L73,H79,G90,V91,F94,F222,R229,V241,G242	13	13	238834
ENDSITES
ENDQUERY
QUERY	Query_104	Peptide	306	orf306_Chafi1_feature_310_from_C_0, ORGANISM Genus species Unclassified.,
DOMAINS
4	Query_104	Specific	334330	166	280	1.68243e-11	59.5575	pfam00961	LAGLIDADG_1	-	45
ENDDOMAINS
ENDQUERY
QUERY	Query_105	Peptide	449	orf449_Chafi1_feature_314_from_C_0, ORGANISM Genus species Unclassified.,
DOMAINS
4	Query_105	Specific	334330	154	253	6.77021e-27	103.47	pfam00961	LAGLIDADG_1	-	45
4	Query_105	Specific	334330	312	410	5.41955e-18	78.8174	pfam00961	LAGLIDADG_1	-	45
ENDDOMAINS
ENDQUERY
QUERY	Query_106	Peptide	436	orf436_Chafi1_feature_318_from_C_0, ORGANISM Genus species Unclassified.,
DOMAINS
4	Query_106	Specific	334330	61	159	3.89086e-15	70.7282	pfam00961	LAGLIDADG_1	-	45
4	Query_106	Specific	334330	206	304	1.60088e-07	49.1571	pfam00961	LAGLIDADG_1	-	45
4	Query_106	Specific	197761	396	433	0.00105147	36.777	smart00497	IENR1	N	299755
ENDDOMAINS
ENDQUERY
QUERY	Query_107	Peptide	366	orf366_Chafi1_feature_321_from_C_0, ORGANISM Genus species Unclassified.,
DOMAINS
4	Query_107	Specific	335623	154	230	0.00323257	38.6946	pfam04111	APG6	C	45
ENDDOMAINS
ENDQUERY
QUERY	Query_108	Peptide	224	nad6_Chafi1_feature_333_from_C_0, ORGANISM Genus species Unclassified.,
DOMAINS
4	Query_108	Superfamily	354830	30	218	6.43236e-23	91.2157	cl21484	Oxidored_q3	-	-
ENDDOMAINS
ENDQUERY
QUERY	Query_110	Peptide	86	orf87_Chafi1_feature_339_from_C_0, ORGANISM Genus species Unclassified.,
DOMAINS
4	Query_110	Superfamily	353929	17	80	1.5085e-17	69.9472	cl15257	GIY-YIG_SF	C	-
ENDDOMAINS
SITES
4	Query_110	Generic	active site	Y20,Y31,G33,R41,Y45	6	5	198380
4	Query_110	Generic	catalytic site	R41	2	1	198380
4	Query_110	Generic	GIY-YIG motif/motif A	I18,I19,Y20,Y31,I32,G33	6	6	198380
ENDSITES
ENDQUERY
QUERY	Query_111	Peptide	267	orf267_Chafi1_feature_351_from_C_0, ORGANISM Genus species Unclassified.,
DOMAINS
4	Query_111	Non-specific	273636	52	266	7.31825e-39	134.821	TIGR01453	grpIintron_endo	-	45
ENDDOMAINS
ENDQUERY
QUERY	Query_112	Peptide	413	orf414_Chafi1_feature_353_from_C_0, ORGANISM Genus species Unclassified.,
DOMAINS
4	Query_112	Specific	334330	284	382	5.64034e-28	105.781	pfam00961	LAGLIDADG_1	-	45
4	Query_112	Specific	334330	123	227	2.33383e-22	90.7586	pfam00961	LAGLIDADG_1	-	45
ENDDOMAINS
ENDQUERY
ENDSESSION	4
ENDDATA
