#Post-RPSBLAST Processing Utility

#Input data file:	Chafu1_MitoAssemblyScaffolds.fasta.new.sqn.gbf_converted.faa.asn
#Output data file:	Chafu1_MitoAssemblyScaffolds.fasta.new.sqn.gbf_converted.faa.asn.out
#Annotation data at:	/opt/rpsbproc/data
#E-Value cutoff:	0.01
#Redundancy:	Concise
#Data requested:	Domain hits and site annotations
#Output format -- tab-delimited table
#Show superfamilies: NO
#DATA
#SESSION	<session-ordinal>	<program>	<database>	<score-matrix>	<evalue-threshold>
#QUERY	<query-id>	<seq-type>	<seq-length>	<definition-line>
#DOMAINS
#<session-ordinal>	<query-id[readingframe]>	<hit-type>	<PSSM-ID>	<from>	<to>	<E-Value>	<bitscore>	<accession>	<short-name>	<incomplete>	<superfamily PSSM-ID>
#more such lines......
#ENDDOMAINS
#SITES
#<session-ordinal>	<query-id[readingframe]>	<annot-type>	<title>	<residue(coordinates)>	<complete-size>	<mapped-size>	<source-domain>
#more such lines......
#ENDSITES
#MOTIFS
#<session-ordinal>	<query-id[readingframe]>	<title>	<from>	<to>	<source-domain>
#more such lines......
#ENDMOTIFS
#ENDQUERY	<query-id>
#more query sections..
#ENDSESSION	<session-ordinal>
#more session sections..
#ENDDATA
#=====================================================================
DATA
SESSION	1	blastp	2.10.0+	/opt/rpsbproc/db/Cdd	BLOSUM62	0.01
QUERY	Query_1	Peptide	237	orf237_Chafu1_feature_2_from_C_0, ORGANISM Genus species Unclassified.,
DOMAINS
1	Query_1	Non-specific	237874	7	108	0.0048036	37.4475	PRK14971	PRK14971	NC	45
ENDDOMAINS
ENDQUERY
QUERY	Query_3	Peptide	269	cox3_Chafu1_feature_8_from_C_0, ORGANISM Genus species Unclassified.,
DOMAINS
1	Query_3	Specific	278911	12	269	4.81761e-121	345.935	pfam00510	COX3	-	294143
ENDDOMAINS
SITES
1	Query_3	Specific	Subunit I/III interface	A82,K85,G86,S97,L100,A104,I105,H111,G199,A200,S203,F207	12	12	238834
1	Query_3	Specific	Subunit III/Vb interface	G166	1	1	238834
1	Query_3	Specific	Subunit III/VIa interface	F135,E136,L137,Y154,I180,S190,V191,S192,S197,D198,G199	11	11	238834
1	Query_3	Specific	Subunit III/VIb interface	I127	1	1	238834
1	Query_3	Specific	Subunit III/VIIa interface	F64,R67,D68,T71,T74,Y75,L76	7	7	238834
1	Query_3	Specific	Phospholipid binding site	W65,F66,I69,I70,V73,H79,G90,I91,F94,F222,R229,V241,G242	13	13	238834
ENDSITES
ENDQUERY
QUERY	Query_4	Peptide	428	orf428_Chafu1_feature_12_from_C_0, ORGANISM Genus species Unclassified.,
DOMAINS
1	Query_4	Specific	334330	55	153	3.22034e-16	73.8098	pfam00961	LAGLIDADG_1	-	45
1	Query_4	Specific	334330	200	296	1.26547e-07	49.1571	pfam00961	LAGLIDADG_1	-	45
ENDDOMAINS
ENDQUERY
QUERY	Query_5	Peptide	310	orf310_Chafu1_feature_16_from_C_0, ORGANISM Genus species Unclassified.,
DOMAINS
1	Query_5	Specific	334330	172	287	1.08364e-11	60.3279	pfam00961	LAGLIDADG_1	-	45
ENDDOMAINS
ENDQUERY
QUERY	Query_7	Peptide	258	atp6_Chafu1_feature_27_from_C_0, ORGANISM Genus species Unclassified.,
DOMAINS
1	Query_7	Specific	273458	11	255	6.2091e-53	170.85	TIGR01131	ATP_synt_6_or_A	-	351082
ENDDOMAINS
ENDQUERY
QUERY	Query_8	Peptide	302	orf302_Chafu1_feature_31_from_C_0, ORGANISM Genus species Unclassified.,
DOMAINS
1	Query_8	Specific	198392	42	128	7.64502e-30	108.467	cd10445	GIY-YIG_bI1_like	-	353929
1	Query_8	Non-specific	273636	41	225	1.34159e-26	103.62	TIGR01453	grpIintron_endo	-	45
1	Query_8	Specific	197761	248	300	8.5095e-06	42.1698	smart00497	IENR1	-	299755
ENDDOMAINS
SITES
1	Query_8	Specific	putative active site	Y45,Y56,G58,R66,Y70,E113,N125	7	7	198392
1	Query_8	Specific	putative metal binding site	E113	1	1	198392
1	Query_8	Specific	GIY-YIG motif/motif A	G43,I44,Y45,Y56,V57,G58	6	6	198392
ENDSITES
ENDQUERY
QUERY	Query_9	Peptide	54	atp8_Chafu1_feature_34_from_C_0, ORGANISM Genus species Unclassified.,
DOMAINS
1	Query_9	Non-specific	283561	1	48	7.61621e-08	42.7786	pfam05933	Fun_ATP-synt_8	-	45
ENDDOMAINS
ENDQUERY
QUERY	Query_10	Peptide	96	orf97_Chafu1_feature_36_from_C_0, ORGANISM Genus species Unclassified.,
DOMAINS
1	Query_10	Specific	334330	18	62	4.73434e-09	48.7719	pfam00961	LAGLIDADG_1	N	45
ENDDOMAINS
ENDQUERY
QUERY	Query_11	Peptide	47	orf47_Chafu1_feature_38_from_C_0, ORGANISM Genus species Unclassified.,
DOMAINS
1	Query_11	Specific	334330	6	40	0.000296285	34.5195	pfam00961	LAGLIDADG_1	N	45
ENDDOMAINS
ENDQUERY
QUERY	Query_12	Peptide	79	orf79_Chafu1_feature_40_from_C_0, ORGANISM Genus species Unclassified.,
DOMAINS
1	Query_12	Specific	334330	31	79	1.18391e-08	47.2311	pfam00961	LAGLIDADG_1	C	45
ENDDOMAINS
ENDQUERY
QUERY	Query_13	Peptide	555	nad4_Chafu1_feature_42_from_C_0, ORGANISM Genus species Unclassified.,
DOMAINS
1	Query_13	Specific	235622	57	519	2.44928e-130	389.562	PRK05846	PRK05846	-	45
ENDDOMAINS
ENDQUERY
QUERY	Query_14	Peptide	429	orf429_Chafu1_feature_46_from_C_0, ORGANISM Genus species Unclassified.,
DOMAINS
1	Query_14	Specific	334330	140	239	9.13441e-22	89.2178	pfam00961	LAGLIDADG_1	-	45
1	Query_14	Specific	334330	297	397	3.25712e-21	87.677	pfam00961	LAGLIDADG_1	-	45
ENDDOMAINS
ENDQUERY
QUERY	Query_16	Peptide	234	nad1_Chafu1_feature_53_from_C_0, ORGANISM Genus species Unclassified.,
DOMAINS
1	Query_16	Specific	333876	2	217	8.47377e-55	177.28	pfam00146	NADHdh	N	351105
ENDDOMAINS
ENDQUERY
QUERY	Query_17	Peptide	695	orf695_Chafu1_feature_58_from_C_0, ORGANISM Genus species Unclassified.,
DOMAINS
1	Query_17	Specific	334582	277	355	2.84647e-09	53.8777	pfam01541	GIY-YIG	-	353929
1	Query_17	Non-specific	273636	277	449	1.27021e-05	46.6101	TIGR01453	grpIintron_endo	-	45
1	Query_17	Specific	197761	638	692	0.000156127	39.8586	smart00497	IENR1	-	299755
1	Query_17	Specific	197761	555	612	0.000265592	39.0882	smart00497	IENR1	-	299755
ENDDOMAINS
SITES
1	Query_17	Generic	active site	Y281,Y292,G295,R303,H307,E345	6	6	198380
1	Query_17	Generic	catalytic site	R303,E345	2	2	198380
1	Query_17	Generic	metal binding site	E345	1	1	198380
1	Query_17	Generic	GIY-YIG motif/motif A	G279,I280,Y281,Y292,I294,G295	6	6	198380
ENDSITES
ENDQUERY
QUERY	Query_18	Peptide	129	nad1_Chafu1_feature_60_from_C_0, ORGANISM Genus species Unclassified.,
DOMAINS
1	Query_18	Specific	333876	23	129	1.49358e-38	131.441	pfam00146	NADHdh	C	351105
ENDDOMAINS
ENDQUERY
QUERY	Query_19	Peptide	433	orf433_2_Chafu1_feature_64_from_C_0, ORGANISM Genus species Unclassified.,
DOMAINS
1	Query_19	Specific	334330	143	244	4.49863e-26	101.159	pfam00961	LAGLIDADG_1	-	45
1	Query_19	Specific	334330	302	402	2.4061e-22	90.7586	pfam00961	LAGLIDADG_1	-	45
ENDDOMAINS
ENDQUERY
QUERY	Query_20	Peptide	124	orf124_Chafu1_feature_68_from_C_0, ORGANISM Genus species Unclassified.,
DOMAINS
1	Query_20	Specific	284793	14	49	0.00114356	34.0252	pfam07453	NUMOD1	-	299755
ENDDOMAINS
ENDQUERY
QUERY	Query_21	Peptide	253	orf253_Chafu1_feature_70_from_C_0, ORGANISM Genus species Unclassified.,
DOMAINS
1	Query_21	Specific	214677	4	78	4.50611e-05	40.8676	smart00465	GIYc	-	353929
1	Query_21	Non-specific	273636	12	235	4.80751e-05	43.1434	TIGR01453	grpIintron_endo	-	45
ENDDOMAINS
SITES
1	Query_21	Generic	active site	Y12,G14,R22,H26,E64	6	5	198380
1	Query_21	Generic	catalytic site	R22,E64	2	2	198380
1	Query_21	Generic	metal binding site	E64	1	1	198380
1	Query_21	Generic	GIY-YIG motif/motif A	Y12,I13,G14	6	3	198380
ENDSITES
ENDQUERY
QUERY	Query_22	Peptide	115	orf115_Chafu1_feature_72_from_C_0, ORGANISM Genus species Unclassified.,
DOMAINS
1	Query_22	Non-specific	235304	37	80	0.00465019	35.1084	PRK04523	PRK04523	N	45
ENDDOMAINS
ENDQUERY
QUERY	Query_24	Peptide	552	cox1_Chafu1_feature_77_from_C_0, ORGANISM Genus species Unclassified.,
DOMAINS
1	Query_24	Specific	238833	10	513	0	805.55	cd01663	Cyt_c_Oxidase_I	-	350997
ENDDOMAINS
SITES
1	Query_24	Specific	Binuclear center (heme a3/CuB)	H239,H291,H292,H377	4	4	238833
1	Query_24	Specific	Low-spin heme (heme a) binding site	H62,H379,S383,T425,S462	5	5	238833
1	Query_24	Specific	D-pathway	Y19,N81,D92,N99,S102,S157,S158,N164,T168	9	9	238833
1	Query_24	Specific	K-pathway	H239,Y246,S257,H291,H292,T317,K320	7	7	238833
1	Query_24	Specific	Electron transfer pathway	F378,R439,R440	3	3	238833
1	Query_24	Specific	Putative proton exit pathway	H292,H369,D370,R439,R440	5	5	238833
1	Query_24	Specific	Putative water exit pathway	D228,Q233,H234,D365,H369,D370,R439	7	7	238833
1	Query_24	Specific	Subunit I/II interface	N56,D228,K266,F269,G270,T295,V296,G297,V300,R303,L311,I319,F322,Y329,G330,G331,L343,N361,A362,L364,I366,A367,F368,H369,D370,L434,Q435,R439,R440,I441,G450,W451	32	32	238833
1	Query_24	Specific	Subunit I/III interface	T10,P91,F95,R97,W104,D145,F149,T167,N171,V191,L198,P201,M209,T218,S219,F220,G225,G226,D228,Y276,M279,G282,V283,I287	25	24	238833
1	Query_24	Specific	Subunit I/IV interface	M39,S42,G43,L409,K412,V413,D446,T464	8	8	238833
1	Query_24	Specific	Subunit I/Vb interface	S267,Y271,A512	3	3	238833
1	Query_24	Specific	Subunit I/VIa interface	V136,R214,N215,F216,N217	5	5	238833
1	Query_24	Specific	Subunit I/VIb interface	G297	1	1	238833
1	Query_24	Specific	Subunit I/VIc interface	G330	1	1	238833
1	Query_24	Specific	Subunit I/VIIa interface	F115,C118	2	2	238833
1	Query_24	Specific	Subunit I/VIIb interface	D446,G450	2	2	238833
1	Query_24	Specific	Subunit I/VIIc interface	F25,L29,A32,L36,A117,C118,I401,F474,L477	9	9	238833
1	Query_24	Specific	Subunit I/VIIIb interface	L410,L467	2	2	238833
1	Query_24	Specific	Dimer interface	V191,L198,Y276,M279,G282,V283,I287	8	7	238833
ENDSITES
ENDQUERY
QUERY	Query_26	Peptide	273	orf273_Chafu1_feature_85_from_C_0, ORGANISM Genus species Unclassified.,
DOMAINS
1	Query_26	Specific	198392	55	142	7.4781e-26	97.2964	cd10445	GIY-YIG_bI1_like	-	353929
1	Query_26	Non-specific	273636	54	256	1.19455e-25	100.538	TIGR01453	grpIintron_endo	-	45
ENDDOMAINS
SITES
1	Query_26	Specific	putative active site	Y58,Y69,G71,R79,Y83,E128,N140	7	7	198392
1	Query_26	Specific	putative metal binding site	E128	1	1	198392
1	Query_26	Specific	GIY-YIG motif/motif A	G56,V57,Y58,Y69,V70,G71	6	6	198392
ENDSITES
ENDQUERY
QUERY	Query_27	Peptide	466	orf466_Chafu1_feature_89_from_C_0, ORGANISM Genus species Unclassified.,
DOMAINS
1	Query_27	Specific	273636	161	366	8.44641e-51	171.415	TIGR01453	grpIintron_endo	-	45
1	Query_27	Specific	197761	399	451	2.2098e-06	44.481	smart00497	IENR1	-	299755
ENDDOMAINS
ENDQUERY
QUERY	Query_28	Peptide	320	orf320_Chafu1_feature_93_from_C_0, ORGANISM Genus species Unclassified.,
DOMAINS
1	Query_28	Specific	334330	198	295	1.62261e-19	81.899	pfam00961	LAGLIDADG_1	-	45
1	Query_28	Specific	334330	93	155	0.00303967	36.4455	pfam00961	LAGLIDADG_1	C	45
ENDDOMAINS
ENDQUERY
QUERY	Query_29	Peptide	350	orf350_Chafu1_feature_97_from_C_0, ORGANISM Genus species Unclassified.,
DOMAINS
1	Query_29	Specific	334330	214	313	1.6062e-15	71.1134	pfam00961	LAGLIDADG_1	-	45
ENDDOMAINS
ENDQUERY
QUERY	Query_30	Peptide	164	orf164_Chafu1_feature_101_from_C_0, ORGANISM Genus species Unclassified.,
DOMAINS
1	Query_30	Specific	334330	35	134	1.27292e-24	91.1438	pfam00961	LAGLIDADG_1	-	45
ENDDOMAINS
ENDQUERY
QUERY	Query_31	Peptide	168	orf168_Chafu1_feature_103_from_C_0, ORGANISM Genus species Unclassified.,
DOMAINS
1	Query_31	Specific	334330	68	156	2.34084e-19	77.6618	pfam00961	LAGLIDADG_1	-	45
ENDDOMAINS
ENDQUERY
QUERY	Query_32	Peptide	190	orf190_Chafu1_feature_105_from_C_0, ORGANISM Genus species Unclassified.,
DOMAINS
1	Query_32	Specific	334330	125	187	4.04117e-11	56.8611	pfam00961	LAGLIDADG_1	C	45
ENDDOMAINS
ENDQUERY
QUERY	Query_33	Peptide	325	orf325_Chafu1_feature_109_from_C_0, ORGANISM Genus species Unclassified.,
DOMAINS
1	Query_33	Specific	334330	196	292	9.54044e-20	82.2842	pfam00961	LAGLIDADG_1	-	45
1	Query_33	Specific	334330	87	155	0.000385342	39.1419	pfam00961	LAGLIDADG_1	-	45
ENDDOMAINS
ENDQUERY
QUERY	Query_34	Peptide	203	orf203_Chafu1_feature_113_from_C_0, ORGANISM Genus species Unclassified.,
DOMAINS
1	Query_34	Specific	334330	83	172	1.62252e-06	44.9199	pfam00961	LAGLIDADG_1	-	45
ENDDOMAINS
ENDQUERY
QUERY	Query_35	Peptide	441	orf441_Chafu1_feature_115_from_C_0, ORGANISM Genus species Unclassified.,
DOMAINS
1	Query_35	Specific	334330	60	150	3.87941e-15	70.7282	pfam00961	LAGLIDADG_1	-	45
1	Query_35	Specific	334330	196	299	4.39662e-08	50.6979	pfam00961	LAGLIDADG_1	-	45
ENDDOMAINS
ENDQUERY
QUERY	Query_36	Peptide	330	orf330_Chafu1_feature_117_from_C_0, ORGANISM Genus species Unclassified.,
DOMAINS
1	Query_36	Specific	334330	204	301	2.75284e-07	48.0015	pfam00961	LAGLIDADG_1	-	45
1	Query_36	Specific	334330	71	160	2.09047e-05	42.6087	pfam00961	LAGLIDADG_1	-	45
ENDDOMAINS
ENDQUERY
QUERY	Query_37	Peptide	318	orf318_Chafu1_feature_121_from_C_0, ORGANISM Genus species Unclassified.,
DOMAINS
1	Query_37	Specific	334330	170	275	1.0501e-17	76.8914	pfam00961	LAGLIDADG_1	-	45
1	Query_37	Specific	334330	51	137	5.51153e-05	41.4531	pfam00961	LAGLIDADG_1	-	45
ENDDOMAINS
ENDQUERY
ENDSESSION	1
SESSION	2	blastp	2.10.0+	/opt/rpsbproc/db/Cdd	BLOSUM62	0.01
QUERY	Query_38	Peptide	336	orf336_Chafu1_feature_123_from_C_0, ORGANISM Genus species Unclassified.,
DOMAINS
2	Query_38	Specific	334330	186	289	1.04771e-18	79.973	pfam00961	LAGLIDADG_1	-	45
2	Query_38	Specific	334330	66	163	9.4251e-11	57.6315	pfam00961	LAGLIDADG_1	-	45
ENDDOMAINS
ENDQUERY
QUERY	Query_39	Peptide	322	orf322_Chafu1_feature_127_from_C_0, ORGANISM Genus species Unclassified.,
DOMAINS
2	Query_39	Specific	334330	172	281	3.06675e-18	78.4322	pfam00961	LAGLIDADG_1	-	45
2	Query_39	Specific	334330	54	138	0.000234226	39.5271	pfam00961	LAGLIDADG_1	-	45
ENDDOMAINS
ENDQUERY
QUERY	Query_40	Peptide	887	orf887_Chafu1_feature_131_from_C_0, ORGANISM Genus species Unclassified.,
DOMAINS
2	Query_40	Non-specific	275209	286	699	1.03881e-101	320.174	TIGR04416	group_II_RT_mat	-	45
2	Query_40	Specific	238038	828	887	9.9634e-06	43.6144	cd00085	HNHc	-	350893
ENDDOMAINS
SITES
2	Query_40	Specific	active site	H850,H857,H858,I859,P861,N873,L874,H878,E879,H882,H887	11	11	238038
ENDSITES
ENDQUERY
QUERY	Query_42	Peptide	389	cob_Chafu1_feature_138_from_C_0, ORGANISM Genus species Unclassified.,
DOMAINS
2	Query_42	Specific	214440	10	367	1.14472e-177	498.153	MTH00156	CYTB	-	45
ENDDOMAINS
ENDQUERY
QUERY	Query_43	Peptide	116	orf116_Chafu1_feature_142_from_C_0, ORGANISM Genus species Unclassified.,
DOMAINS
2	Query_43	Specific	335245	3	98	3.27671e-38	126.121	pfam03161	LAGLIDADG_2	N	45
ENDDOMAINS
ENDQUERY
QUERY	Query_44	Peptide	179	orf179_Chafu1_feature_144_from_C_0, ORGANISM Genus species Unclassified.,
DOMAINS
2	Query_44	Specific	273636	2	176	1.57733e-41	138.673	TIGR01453	grpIintron_endo	-	45
ENDDOMAINS
ENDQUERY
QUERY	Query_45	Peptide	312	orf312_Chafu1_feature_148_from_C_0, ORGANISM Genus species Unclassified.,
DOMAINS
2	Query_45	Specific	334330	68	160	1.77311e-05	42.6087	pfam00961	LAGLIDADG_1	-	45
ENDDOMAINS
ENDQUERY
QUERY	Query_46	Peptide	302	orf302_Chafu1_feature_152_from_C_0, ORGANISM Genus species Unclassified.,
DOMAINS
2	Query_46	Specific	334330	48	157	5.65381e-06	44.1495	pfam00961	LAGLIDADG_1	-	45
ENDDOMAINS
ENDQUERY
QUERY	Query_47	Peptide	296	orf296_Chafu1_feature_156_from_C_0, ORGANISM Genus species Unclassified.,
DOMAINS
2	Query_47	Non-specific	273636	79	281	6.18699e-27	104.39	TIGR01453	grpIintron_endo	-	45
ENDDOMAINS
ENDQUERY
QUERY	Query_48	Peptide	388	orf388_Chafu1_feature_160_from_C_0, ORGANISM Genus species Unclassified.,
DOMAINS
2	Query_48	Specific	334330	22	86	6.1431e-09	53.0091	pfam00961	LAGLIDADG_1	N	45
2	Query_48	Specific	197761	325	380	0.000129003	39.0882	smart00497	IENR1	-	299755
2	Query_48	Specific	334330	135	243	0.00337692	36.4455	pfam00961	LAGLIDADG_1	-	45
ENDDOMAINS
ENDQUERY
QUERY	Query_49	Peptide	335	orf335_Chafu1_feature_162_from_C_0, ORGANISM Genus species Unclassified.,
DOMAINS
2	Query_49	Specific	334330	54	150	2.46464e-25	97.6922	pfam00961	LAGLIDADG_1	-	45
2	Query_49	Specific	334330	214	308	6.95773e-19	80.3582	pfam00961	LAGLIDADG_1	-	45
ENDDOMAINS
ENDQUERY
QUERY	Query_50	Peptide	284	orf284_Chafu1_feature_166_from_C_0, ORGANISM Genus species Unclassified.,
DOMAINS
2	Query_50	Specific	334330	2	88	1.60509e-16	73.0394	pfam00961	LAGLIDADG_1	-	45
2	Query_50	Specific	334330	154	256	1.29508e-13	65.3354	pfam00961	LAGLIDADG_1	-	45
ENDDOMAINS
ENDQUERY
QUERY	Query_51	Peptide	966	nad5_Chafu1_feature_169_from_C_0, ORGANISM Genus species Unclassified.,
DOMAINS
2	Query_51	Non-specific	214400	1	642	0	631.727	MTH00020	ND5	-	45
ENDDOMAINS
ENDQUERY
QUERY	Query_52	Peptide	447	nad4L_Chafu1_feature_171_from_C_0, ORGANISM Genus species Unclassified.,
DOMAINS
2	Query_52	Specific	177231	3	90	3.58489e-26	101.262	MTH00180	ND4L	-	351118
2	Query_52	Specific	334330	135	237	3.20833e-25	98.8478	pfam00961	LAGLIDADG_1	-	45
2	Query_52	Specific	334330	297	395	9.16016e-25	97.6922	pfam00961	LAGLIDADG_1	-	45
ENDDOMAINS
ENDQUERY
QUERY	Query_53	Peptide	243	cox2_Chafu1_feature_177_from_C_0, ORGANISM Genus species Unclassified.,
DOMAINS
2	Query_53	Specific	214438	11	241	7.96566e-106	304.829	MTH00154	COX2	-	45
ENDDOMAINS
ENDQUERY
QUERY	Query_54	Peptide	449	orf449_Chafu1_feature_181_from_C_0, ORGANISM Genus species Unclassified.,
DOMAINS
2	Query_54	Superfamily	353929	112	200	2.37745e-11	59.5468	cl15257	GIY-YIG_SF	-	-
ENDDOMAINS
SITES
2	Query_54	Generic	active site	Y115,Y126,G128,R136,Y140,E185	6	6	198380
2	Query_54	Generic	catalytic site	R136,E185	2	2	198380
2	Query_54	Generic	metal binding site	E185	1	1	198380
2	Query_54	Generic	GIY-YIG motif/motif A	G113,V114,Y115,Y126,V127,G128	6	6	198380
ENDSITES
ENDQUERY
QUERY	Query_55	Peptide	344	orf344_Chafu1_feature_185_from_C_0, ORGANISM Genus species Unclassified.,
DOMAINS
2	Query_55	Superfamily	353929	101	191	1.78375e-10	56.4652	cl15257	GIY-YIG_SF	-	-
2	Query_55	Non-specific	273636	101	338	1.72459e-09	57.0105	TIGR01453	grpIintron_endo	-	45
ENDDOMAINS
SITES
2	Query_55	Generic	active site	Y104,Y115,G117,R125,Y129,E176	6	6	198380
2	Query_55	Generic	catalytic site	R125,E176	2	2	198380
2	Query_55	Generic	metal binding site	E176	1	1	198380
2	Query_55	Generic	GIY-YIG motif/motif A	G102,I103,Y104,Y115,V116,G117	6	6	198380
ENDSITES
ENDQUERY
QUERY	Query_56	Peptide	128	orf128_Chafu1_feature_189_from_C_0, ORGANISM Genus species Unclassified.,
DOMAINS
2	Query_56	Specific	197761	70	126	0.00122237	34.4658	smart00497	IENR1	-	299755
ENDDOMAINS
ENDQUERY
QUERY	Query_57	Peptide	268	orf268_Chafu1_feature_193_from_C_0, ORGANISM Genus species Unclassified.,
DOMAINS
2	Query_57	Specific	334330	23	132	2.77028e-11	58.7871	pfam00961	LAGLIDADG_1	-	45
2	Query_57	Specific	197761	211	266	0.00289945	34.851	smart00497	IENR1	-	299755
ENDDOMAINS
ENDQUERY
QUERY	Query_58	Peptide	406	nad3_Chafu1_feature_196_from_C_0, ORGANISM Genus species Unclassified.,
DOMAINS
2	Query_58	Specific	334119	26	112	7.79893e-33	118.672	pfam00507	Oxidored_q4	-	351141
ENDDOMAINS
ENDQUERY
QUERY	Query_59	Peptide	561	nad2_Chafu1_feature_198_from_C_0, ORGANISM Genus species Unclassified.,
DOMAINS
2	Query_59	Specific	235603	124	480	6.36416e-77	250.893	PRK05777	PRK05777	N	356474
ENDDOMAINS
ENDQUERY
QUERY	Query_60	Peptide	423	orf423_Chafu1_feature_202_from_C_0, ORGANISM Genus species Unclassified.,
DOMAINS
2	Query_60	Specific	334330	134	232	2.3367e-25	98.8478	pfam00961	LAGLIDADG_1	-	45
2	Query_60	Specific	334330	294	395	1.91226e-18	79.973	pfam00961	LAGLIDADG_1	-	45
ENDDOMAINS
ENDQUERY
QUERY	Query_61	Peptide	411	orf411_Chafu1_feature_208_from_C_0, ORGANISM Genus species Unclassified.,
DOMAINS
2	Query_61	Specific	334330	126	225	1.93517e-25	99.233	pfam00961	LAGLIDADG_1	-	45
2	Query_61	Specific	334330	283	383	6.35253e-23	92.2994	pfam00961	LAGLIDADG_1	-	45
ENDDOMAINS
ENDQUERY
QUERY	Query_62	Peptide	365	orf365_Chafu1_feature_210_from_C_0, ORGANISM Genus species Unclassified.,
DOMAINS
2	Query_62	Specific	334330	73	175	4.10674e-27	102.7	pfam00961	LAGLIDADG_1	-	45
2	Query_62	Specific	334330	236	336	1.41991e-21	88.0622	pfam00961	LAGLIDADG_1	-	45
ENDDOMAINS
ENDQUERY
QUERY	Query_63	Peptide	433	orf433_Chafu1_feature_235_from_C_0, ORGANISM Genus species Unclassified.,
DOMAINS
2	Query_63	Specific	334330	140	235	4.36184e-23	92.6846	pfam00961	LAGLIDADG_1	-	45
2	Query_63	Specific	334330	296	395	6.58753e-23	92.2994	pfam00961	LAGLIDADG_1	-	45
ENDDOMAINS
ENDQUERY
QUERY	Query_64	Peptide	76	orf77_Chafu1_feature_237_from_C_0, ORGANISM Genus species Unclassified.,
DOMAINS
2	Query_64	Superfamily	353929	15	76	6.12491e-07	42.5981	cl15257	GIY-YIG_SF	C	-
ENDDOMAINS
SITES
2	Query_64	Generic	active site	Y18,Y29,G31,R39,Y43	6	5	198380
2	Query_64	Generic	catalytic site	R39	2	1	198380
2	Query_64	Generic	GIY-YIG motif/motif A	G16,V17,Y18,Y29,I30,G31	6	6	198380
ENDSITES
ENDQUERY
ENDSESSION	2
SESSION	3	blastp	2.10.0+	/opt/rpsbproc/db/Cdd	BLOSUM62	0.01
QUERY	Query_66	Peptide	425	orf426_Chafu1_feature_241_from_C_0, ORGANISM Genus species Unclassified.,
DOMAINS
3	Query_66	Specific	334330	296	394	2.77724e-25	98.8478	pfam00961	LAGLIDADG_1	-	45
3	Query_66	Specific	334330	135	239	3.91902e-24	95.7662	pfam00961	LAGLIDADG_1	-	45
ENDDOMAINS
ENDQUERY
QUERY	Query_67	Peptide	187	orf187_Chafu1_feature_251_from_C_0, ORGANISM Genus species Unclassified.,
DOMAINS
3	Query_67	Specific	334330	59	158	4.70482e-17	72.269	pfam00961	LAGLIDADG_1	-	45
ENDDOMAINS
ENDQUERY
QUERY	Query_68	Peptide	53	orf53_Chafu1_feature_253_from_C_0, ORGANISM Genus species Unclassified.,
DOMAINS
3	Query_68	Specific	334330	2	53	1.31586e-06	41.0679	pfam00961	LAGLIDADG_1	N	45
ENDDOMAINS
ENDQUERY
QUERY	Query_69	Peptide	83	orf83_Chafu1_feature_255_from_C_0, ORGANISM Genus species Unclassified.,
DOMAINS
3	Query_69	Specific	334330	42	83	3.09262e-06	41.0679	pfam00961	LAGLIDADG_1	C	45
ENDDOMAINS
ENDQUERY
QUERY	Query_70	Peptide	228	nad6_Chafu1_feature_257_from_C_0, ORGANISM Genus species Unclassified.,
DOMAINS
3	Query_70	Superfamily	354830	30	217	1.60362e-16	74.2669	cl21484	Oxidored_q3	-	-
ENDDOMAINS
ENDQUERY
ENDSESSION	3
ENDDATA
