#Post-RPSBLAST Processing Utility

#Input data file:	Chyhya1_MitoAssemblyScaffolds.fasta.new.sqn.gbf_converted.faa.asn
#Output data file:	Chyhya1_MitoAssemblyScaffolds.fasta.new.sqn.gbf_converted.faa.asn.out
#Annotation data at:	/opt/rpsbproc/data
#E-Value cutoff:	0.01
#Redundancy:	Concise
#Data requested:	Domain hits and site annotations
#Output format -- tab-delimited table
#Show superfamilies: NO
#DATA
#SESSION	<session-ordinal>	<program>	<database>	<score-matrix>	<evalue-threshold>
#QUERY	<query-id>	<seq-type>	<seq-length>	<definition-line>
#DOMAINS
#<session-ordinal>	<query-id[readingframe]>	<hit-type>	<PSSM-ID>	<from>	<to>	<E-Value>	<bitscore>	<accession>	<short-name>	<incomplete>	<superfamily PSSM-ID>
#more such lines......
#ENDDOMAINS
#SITES
#<session-ordinal>	<query-id[readingframe]>	<annot-type>	<title>	<residue(coordinates)>	<complete-size>	<mapped-size>	<source-domain>
#more such lines......
#ENDSITES
#MOTIFS
#<session-ordinal>	<query-id[readingframe]>	<title>	<from>	<to>	<source-domain>
#more such lines......
#ENDMOTIFS
#ENDQUERY	<query-id>
#more query sections..
#ENDSESSION	<session-ordinal>
#more session sections..
#ENDDATA
#=====================================================================
DATA
SESSION	1	blastp	2.10.0+	/opt/rpsbproc/db/Cdd	BLOSUM62	0.01
QUERY	Query_1	Peptide	370	cob_Chyhya1_feature_2_from_C_0, ORGANISM Genus species Unclassified.,
DOMAINS
1	Query_1	Specific	214440	10	364	3.09318e-155	440.373	MTH00156	CYTB	-	45
ENDDOMAINS
ENDQUERY
QUERY	Query_2	Peptide	240	orf240_Chyhya1_feature_6_from_C_0, ORGANISM Genus species Unclassified.,
DOMAINS
1	Query_2	Specific	335245	41	213	7.70285e-41	137.677	pfam03161	LAGLIDADG_2	-	45
ENDDOMAINS
ENDQUERY
QUERY	Query_3	Peptide	246	orf246_Chyhya1_feature_12_from_C_0, ORGANISM Genus species Unclassified.,
DOMAINS
1	Query_3	Non-specific	273636	1	176	1.71862e-06	47.3805	TIGR01453	grpIintron_endo	N	45
ENDDOMAINS
ENDQUERY
QUERY	Query_8	Peptide	63	atp9_Chyhya1_feature_23_from_C_0, ORGANISM Genus species Unclassified.,
DOMAINS
1	Query_8	Specific	349422	6	63	4.80906e-17	66.7643	cd18182	ATP-synt_Fo_c_ATP5G3	-	365782
ENDDOMAINS
SITES
ENDSITES
ENDQUERY
QUERY	Query_9	Peptide	233	orf234_Chyhya1_feature_25_from_C_0, ORGANISM Genus species Unclassified.,
DOMAINS
1	Query_9	Specific	334330	31	132	7.39088e-07	46.0755	pfam00961	LAGLIDADG_1	-	45
1	Query_9	Specific	334330	192	230	0.00601103	34.9047	pfam00961	LAGLIDADG_1	C	45
ENDDOMAINS
ENDQUERY
QUERY	Query_23	Peptide	233	orf234_Chyhya1_feature_22_from_C_1, ORGANISM Genus species Unclassified.,
DOMAINS
1	Query_23	Specific	334330	31	132	7.39088e-07	46.0755	pfam00961	LAGLIDADG_1	-	45
1	Query_23	Specific	334330	192	230	0.00601103	34.9047	pfam00961	LAGLIDADG_1	C	45
ENDDOMAINS
ENDQUERY
QUERY	Query_24	Peptide	63	atp9_Chyhya1_feature_24_from_C_1, ORGANISM Genus species Unclassified.,
DOMAINS
1	Query_24	Specific	349422	6	63	4.80906e-17	66.7643	cd18182	ATP-synt_Fo_c_ATP5G3	-	365782
ENDDOMAINS
SITES
ENDSITES
ENDQUERY
QUERY	Query_27	Peptide	63	orf64_Chyhya1_feature_6_from_C_2, ORGANISM Genus species Unclassified.,
DOMAINS
1	Query_27	Specific	334330	3	63	2.58485e-09	48.3867	pfam00961	LAGLIDADG_1	N	45
ENDDOMAINS
ENDQUERY
QUERY	Query_41	Peptide	362	cox1_Chyhya1_feature_2_from_C_7, ORGANISM Genus species Unclassified.,
DOMAINS
1	Query_41	Superfamily	350997	12	294	5.00434e-153	439.611	cl00275	Heme_Cu_Oxidase_I	C	-
ENDDOMAINS
SITES
1	Query_41	Generic	Binuclear center (active site)	H243,H292,V293	4	3	238461
1	Query_41	Generic	Low-spin heme binding site	S36,R40,Y58,H65,M69,I70,V74,W129	15	8	238461
1	Query_41	Generic	D-pathway	Y21,N84,D95,N102,S105,S159,S160,N166,T170	9	9	238461
1	Query_41	Generic	K-pathway	H243,Y247,S258,H292,V293	7	5	238461
1	Query_41	Generic	Putative proton exit pathway	V293	5	1	238461
1	Query_41	Generic	Putative water exit pathway	D230,Q235,H236	7	3	238461
ENDSITES
ENDQUERY
QUERY	Query_46	Peptide	191	orf192_Chyhya1_feature_21_from_C_7, ORGANISM Genus species Unclassified.,
DOMAINS
1	Query_46	Specific	334330	78	177	6.1215e-16	69.5726	pfam00961	LAGLIDADG_1	-	45
ENDDOMAINS
ENDQUERY
QUERY	Query_47	Peptide	183	cox1_Chyhya1_feature_2_from_C_8, ORGANISM Genus species Unclassified.,
DOMAINS
1	Query_47	Superfamily	350997	13	169	9.92703e-61	195.78	cl00275	Heme_Cu_Oxidase_I	N	-
ENDDOMAINS
SITES
1	Query_47	Generic	Binuclear center (active site)	H64	4	1	238461
1	Query_47	Generic	Low-spin heme binding site	H59,H66,L69,S70,R126,R127,F156	15	7	238461
1	Query_47	Generic	Putative proton exit pathway	H56,D57,R126,R127	5	4	238461
1	Query_47	Generic	Putative water exit pathway	D52,H56,D57,R126	7	4	238461
ENDSITES
ENDQUERY
QUERY	Query_48	Peptide	128	orf128_1_Chyhya1_feature_6_from_C_8, ORGANISM Genus species Unclassified.,
DOMAINS
1	Query_48	Specific	197761	85	125	0.00130161	34.4658	smart00497	IENR1	N	299755
ENDDOMAINS
ENDQUERY
QUERY	Query_50	Peptide	183	cox1_Chyhya1_feature_11_from_C_8, ORGANISM Genus species Unclassified.,
DOMAINS
1	Query_50	Superfamily	350997	13	169	9.92703e-61	195.78	cl00275	Heme_Cu_Oxidase_I	N	-
ENDDOMAINS
SITES
1	Query_50	Generic	Binuclear center (active site)	H64	4	1	238461
1	Query_50	Generic	Low-spin heme binding site	H59,H66,L69,S70,R126,R127,F156	15	7	238461
1	Query_50	Generic	Putative proton exit pathway	H56,D57,R126,R127	5	4	238461
1	Query_50	Generic	Putative water exit pathway	D52,H56,D57,R126	7	4	238461
ENDSITES
ENDQUERY
QUERY	Query_51	Peptide	128	orf128_2_Chyhya1_feature_15_from_C_8, ORGANISM Genus species Unclassified.,
DOMAINS
1	Query_51	Specific	197761	85	125	0.00130161	34.4658	smart00497	IENR1	N	299755
ENDDOMAINS
ENDQUERY
QUERY	Query_55	Peptide	62	cox1_Chyhya1_feature_2_from_C_10, ORGANISM Genus species Unclassified.,
DOMAINS
1	Query_55	Superfamily	350997	20	57	1.71143e-16	70.9749	cl00275	Heme_Cu_Oxidase_I	N	-
ENDDOMAINS
SITES
1	Query_55	Generic	Binuclear center (active site)	H20	4	1	238461
1	Query_55	Generic	Low-spin heme binding site	H22,L25,S26	15	3	238461
ENDSITES
ENDQUERY
QUERY	Query_56	Peptide	128	orf128_Chyhya1_feature_4_from_C_10, ORGANISM Genus species Unclassified.,
DOMAINS
1	Query_56	Specific	197761	85	125	0.00130161	34.4658	smart00497	IENR1	N	299755
ENDDOMAINS
ENDQUERY
QUERY	Query_57	Peptide	62	orf63_Chyhya1_feature_6_from_C_10, ORGANISM Genus species Unclassified.,
DOMAINS
1	Query_57	Superfamily	353929	29	58	1.2177e-08	46.0648	cl15257	GIY-YIG_SF	C	-
ENDDOMAINS
SITES
1	Query_57	Generic	active site	Y32,Y43,G45,R53,Y57	6	5	198380
1	Query_57	Generic	catalytic site	R53	2	1	198380
1	Query_57	Generic	GIY-YIG motif/motif A	G30,Y31,Y32,Y43,V44,G45	6	6	198380
ENDSITES
ENDQUERY
QUERY	Query_63	Peptide	319	orf318_Chyhya1_feature_2_from_C_16, ORGANISM Genus species Unclassified.,
DOMAINS
1	Query_63	Specific	339032	168	231	0.00765364	34.2805	pfam13976	gag_pre-integrs	-	45
ENDDOMAINS
ENDQUERY
QUERY	Query_64	Peptide	496	orf496_Chyhya1_feature_4_from_C_16, ORGANISM Genus species Unclassified.,
DOMAINS
1	Query_64	Specific	306581	238	253	0.00150659	35.5729	pfam00098	zf-CCHC	-	45
ENDDOMAINS
ENDQUERY
QUERY	Query_65	Peptide	266	orf266_Chyhya1_feature_6_from_C_16, ORGANISM Genus species Unclassified.,
DOMAINS
1	Query_65	Specific	336784	187	251	6.61572e-09	54.6827	pfam07727	RVT_2	C	45
ENDDOMAINS
ENDQUERY
QUERY	Query_66	Peptide	266	orf266_Chyhya1_feature_8_from_C_16, ORGANISM Genus species Unclassified.,
DOMAINS
1	Query_66	Specific	336784	187	251	6.61572e-09	54.6827	pfam07727	RVT_2	C	45
ENDDOMAINS
ENDQUERY
QUERY	Query_67	Peptide	274	orf274_Chyhya1_feature_10_from_C_16, ORGANISM Genus species Unclassified.,
DOMAINS
1	Query_67	Specific	336784	1	184	1.35501e-35	127.1	pfam07727	RVT_2	N	45
ENDDOMAINS
ENDQUERY
QUERY	Query_69	Peptide	585	orf585_Chyhya1_feature_2_from_C_17, ORGANISM Genus species Unclassified.,
DOMAINS
1	Query_69	Specific	336784	420	580	1.41557e-31	122.093	pfam07727	RVT_2	C	45
1	Query_69	Specific	334200	2	88	0.00047248	39.9402	pfam00665	rve	N	354865
ENDDOMAINS
ENDQUERY
QUERY	Query_70	Peptide	368	orf368_Chyhya1_feature_4_from_C_17, ORGANISM Genus species Unclassified.,
DOMAINS
1	Query_70	Specific	260004	199	336	2.73476e-68	211.173	cd09272	RNase_HI_RT_Ty1	-	353835
1	Query_70	Specific	336784	2	94	1.15831e-12	66.6239	pfam07727	RVT_2	N	45
ENDDOMAINS
SITES
1	Query_70	Specific	active site	D203,E245,D279,D328	4	4	260004
1	Query_70	Specific	RNA/DNA hybrid binding site	D203,A204,S205,Y206,S240,S241,T242,E245,D279,F305,K332	11	11	260004
ENDSITES
ENDQUERY
ENDSESSION	1
SESSION	2	blastp	2.10.0+	/opt/rpsbproc/db/Cdd	BLOSUM62	0.01
QUERY	Query_71	Peptide	666	orf666_Chyhya1_feature_6_from_C_17, ORGANISM Genus species Unclassified.,
DOMAINS
2	Query_71	Specific	260004	497	634	5.34559e-65	210.402	cd09272	RNase_HI_RT_Ty1	-	353835
2	Query_71	Specific	336784	147	392	2.58723e-51	177.561	pfam07727	RVT_2	-	45
ENDDOMAINS
SITES
2	Query_71	Specific	active site	D501,E543,D577,D626	4	4	260004
2	Query_71	Specific	RNA/DNA hybrid binding site	D501,A502,S503,Y504,S538,S539,T540,E543,D577,F603,K630	11	11	260004
ENDSITES
ENDQUERY
QUERY	Query_75	Peptide	293	orf293_Chyhya1_feature_6_from_C_18, ORGANISM Genus species Unclassified.,
DOMAINS
2	Query_75	Specific	334200	72	188	2.06703e-16	73.4526	pfam00665	rve	-	354865
ENDDOMAINS
ENDQUERY
QUERY	Query_78	Peptide	300	orf300_Chyhya1_feature_12_from_C_18, ORGANISM Genus species Unclassified.,
DOMAINS
2	Query_78	Specific	334200	79	195	5.28327e-17	74.9934	pfam00665	rve	-	354865
2	Query_78	Specific	339032	10	63	0.000100153	39.6733	pfam13976	gag_pre-integrs	N	45
ENDDOMAINS
ENDQUERY
QUERY	Query_80	Peptide	114	orf113_Chyhya1_feature_16_from_C_18, ORGANISM Genus species Unclassified.,
DOMAINS
2	Query_80	Specific	334200	18	103	0.00752664	33.3918	pfam00665	rve	C	354865
ENDDOMAINS
ENDQUERY
QUERY	Query_82	Peptide	103	orf103_Chyhya1_feature_4_from_C_19, ORGANISM Genus species Unclassified.,
DOMAINS
2	Query_82	Superfamily	354381	23	95	0.00946872	33.2464	cl19107	SPFH_like	C	-
ENDDOMAINS
SITES
ENDSITES
ENDQUERY
QUERY	Query_86	Peptide	425	orf425_Chyhya1_feature_12_from_C_19, ORGANISM Genus species Unclassified.,
DOMAINS
2	Query_86	Specific	338966	54	145	0.00339421	36.5052	pfam13837	Myb_DNA-bind_4	-	355036
ENDDOMAINS
ENDQUERY
QUERY	Query_88	Peptide	474	orf474_Chyhya1_feature_16_from_C_19, ORGANISM Genus species Unclassified.,
DOMAINS
2	Query_88	Specific	338698	243	408	4.4043e-28	108.852	pfam13359	DDE_Tnp_4	-	354873
ENDDOMAINS
ENDQUERY
QUERY	Query_96	Peptide	301	orf301_Chyhya1_feature_6_from_C_21, ORGANISM Genus species Unclassified.,
DOMAINS
2	Query_96	Specific	336784	49	294	8.64883e-54	175.25	pfam07727	RVT_2	-	45
ENDDOMAINS
ENDQUERY
QUERY	Query_97	Peptide	135	orf135_Chyhya1_feature_8_from_C_21, ORGANISM Genus species Unclassified.,
DOMAINS
2	Query_97	Specific	260004	37	128	1.78136e-44	141.837	cd09272	RNase_HI_RT_Ty1	N	353835
ENDDOMAINS
SITES
ENDSITES
ENDQUERY
QUERY	Query_103	Peptide	28	nad5_Chyhya1_feature_2_from_C_26, ORGANISM Genus species Unclassified.,
DOMAINS
2	Query_103	Non-specific	214400	1	28	3.56637e-07	42.7567	MTH00020	ND5	NC	45
ENDDOMAINS
ENDQUERY
QUERY	Query_104	Peptide	214	orf215_Chyhya1_feature_4_from_C_26, ORGANISM Genus species Unclassified.,
DOMAINS
2	Query_104	Specific	335245	82	214	1.83094e-33	117.647	pfam03161	LAGLIDADG_2	C	45
ENDDOMAINS
ENDQUERY
QUERY	Query_105	Peptide	501	orf501_Chyhya1_feature_2_from_C_27, ORGANISM Genus species Unclassified.,
DOMAINS
2	Query_105	Specific	336784	49	294	3.39437e-52	176.791	pfam07727	RVT_2	-	45
2	Query_105	Specific	260004	399	475	1.02161e-31	118.725	cd09272	RNase_HI_RT_Ty1	C	353835
ENDDOMAINS
SITES
ENDSITES
ENDQUERY
ENDSESSION	2
ENDDATA
