#Post-RPSBLAST Processing Utility

#Input data file:	CodFL1790_1_MitoAssemblyScaffolds.fasta.new.sqn.gbf_converted.faa.asn
#Output data file:	CodFL1790_1_MitoAssemblyScaffolds.fasta.new.sqn.gbf_converted.faa.asn.out
#Annotation data at:	/opt/rpsbproc/data
#E-Value cutoff:	0.01
#Redundancy:	Concise
#Data requested:	Domain hits and site annotations
#Output format -- tab-delimited table
#Show superfamilies: NO
#DATA
#SESSION	<session-ordinal>	<program>	<database>	<score-matrix>	<evalue-threshold>
#QUERY	<query-id>	<seq-type>	<seq-length>	<definition-line>
#DOMAINS
#<session-ordinal>	<query-id[readingframe]>	<hit-type>	<PSSM-ID>	<from>	<to>	<E-Value>	<bitscore>	<accession>	<short-name>	<incomplete>	<superfamily PSSM-ID>
#more such lines......
#ENDDOMAINS
#SITES
#<session-ordinal>	<query-id[readingframe]>	<annot-type>	<title>	<residue(coordinates)>	<complete-size>	<mapped-size>	<source-domain>
#more such lines......
#ENDSITES
#MOTIFS
#<session-ordinal>	<query-id[readingframe]>	<title>	<from>	<to>	<source-domain>
#more such lines......
#ENDMOTIFS
#ENDQUERY	<query-id>
#more query sections..
#ENDSESSION	<session-ordinal>
#more session sections..
#ENDDATA
#=====================================================================
DATA
SESSION	1	blastp	2.10.0+	/opt/rpsbproc/db/Cdd	BLOSUM62	0.01
QUERY	Query_1	Peptide	264	atp6_CodFL1790_feature_4_from_C_0, ORGANISM Genus species Unclassified.,
DOMAINS
1	Query_1	Specific	273458	39	261	8.84789e-50	163.146	TIGR01131	ATP_synt_6_or_A	-	351082
ENDDOMAINS
ENDQUERY
QUERY	Query_2	Peptide	55	atp8_CodFL1790_feature_6_from_C_0, ORGANISM Genus species Unclassified.,
DOMAINS
1	Query_2	Specific	283561	1	48	2.75521e-11	51.6382	pfam05933	Fun_ATP-synt_8	-	45
ENDDOMAINS
ENDQUERY
QUERY	Query_3	Peptide	485	nad4_CodFL1790_feature_8_from_C_0, ORGANISM Genus species Unclassified.,
DOMAINS
1	Query_3	Specific	235622	1	482	7.68268e-128	380.317	PRK05846	PRK05846	-	45
ENDDOMAINS
ENDQUERY
QUERY	Query_4	Peptide	370	nad1_CodFL1790_feature_12_from_C_0, ORGANISM Genus species Unclassified.,
DOMAINS
1	Query_4	Specific	333876	12	353	4.53593e-112	329.048	pfam00146	NADHdh	-	351105
ENDDOMAINS
ENDQUERY
QUERY	Query_7	Peptide	493	cox1_CodFL1790_feature_22_from_C_0, ORGANISM Genus species Unclassified.,
DOMAINS
1	Query_7	Specific	238833	1	449	0	777.816	cd01663	Cyt_c_Oxidase_I	-	350997
ENDDOMAINS
SITES
1	Query_7	Specific	Binuclear center (heme a3/CuB)	H203,H252,H253,H338	4	4	238833
1	Query_7	Specific	Low-spin heme (heme a) binding site	H24,H340,S344,T386,S423	5	5	238833
1	Query_7	Specific	D-pathway	N43,D54,N61,S64,S119,S120,N126,T130	9	8	238833
1	Query_7	Specific	K-pathway	H203,Y207,S218,H252,H253,T278,K281	7	7	238833
1	Query_7	Specific	Electron transfer pathway	F339,R400,R401	3	3	238833
1	Query_7	Specific	Putative proton exit pathway	H253,H330,D331,R400,R401	5	5	238833
1	Query_7	Specific	Putative water exit pathway	D190,Q195,H196,D326,H330,D331,R400	7	7	238833
1	Query_7	Specific	Subunit I/II interface	N18,D190,K227,F230,G231,T256,V257,G258,V261,R264,L272,I280,F283,Y290,G291,G292,L304,N322,A323,L325,I327,A328,F329,H330,D331,L395,Q396,R400,R401,I402,G411,W412	32	32	238833
1	Query_7	Specific	Subunit I/III interface	P53,F57,R59,W66,D107,F111,T129,N133,I153,L160,P163,M171,T180,S181,F182,G187,G188,D190,F200,Y237,M240,G243,I244,I248	25	24	238833
1	Query_7	Specific	Subunit I/IV interface	M1,S4,G5,L370,K373,V374,D407,I425	8	8	238833
1	Query_7	Specific	Subunit I/VIa interface	I98,R176,N177,F178,N179	5	5	238833
1	Query_7	Specific	Subunit I/VIb interface	G258	1	1	238833
1	Query_7	Specific	Subunit I/VIc interface	G291	1	1	238833
1	Query_7	Specific	Subunit I/VIIa interface	F77,C80	2	2	238833
1	Query_7	Specific	Subunit I/VIIb interface	D407,G411	2	2	238833
1	Query_7	Specific	Subunit I/VIIIb interface	L371,W428	2	2	238833
1	Query_7	Specific	Dimer interface	I153,L160,F200,Y237,M240,G243,I244,I248	8	8	238833
ENDSITES
ENDQUERY
QUERY	Query_8	Peptide	385	cob_CodFL1790_feature_27_from_C_0, ORGANISM Genus species Unclassified.,
DOMAINS
1	Query_8	Specific	214440	10	367	1.25179e-173	487.752	MTH00156	CYTB	-	45
ENDDOMAINS
ENDQUERY
QUERY	Query_10	Peptide	684	nad5_CodFL1790_feature_31_from_C_0, ORGANISM Genus species Unclassified.,
DOMAINS
1	Query_10	Non-specific	177253	1	615	0	587.36	MTH00210	ND5	-	45
ENDDOMAINS
ENDQUERY
QUERY	Query_11	Peptide	89	nad4L_CodFL1790_feature_33_from_C_0, ORGANISM Genus species Unclassified.,
DOMAINS
1	Query_11	Superfamily	351118	3	86	2.87049e-15	64.6681	cl00492	Oxidored_q2	-	-
ENDDOMAINS
ENDQUERY
QUERY	Query_12	Peptide	252	cox2_CodFL1790_feature_39_from_C_0, ORGANISM Genus species Unclassified.,
DOMAINS
1	Query_12	Specific	214438	20	250	9.60519e-110	315.229	MTH00154	COX2	-	45
ENDDOMAINS
ENDQUERY
QUERY	Query_13	Peptide	74	atp9_CodFL1790_feature_41_from_C_0, ORGANISM Genus species Unclassified.,
DOMAINS
1	Query_13	Specific	349422	6	70	7.88639e-20	74.4683	cd18182	ATP-synt_Fo_c_ATP5G3	-	365782
ENDDOMAINS
SITES
ENDSITES
ENDQUERY
QUERY	Query_14	Peptide	138	nad3_CodFL1790_feature_43_from_C_0, ORGANISM Genus species Unclassified.,
DOMAINS
1	Query_14	Specific	334119	19	113	6.97409e-21	80.537	pfam00507	Oxidored_q4	-	351141
ENDDOMAINS
ENDQUERY
QUERY	Query_15	Peptide	556	nad2_CodFL1790_feature_45_from_C_0, ORGANISM Genus species Unclassified.,
DOMAINS
1	Query_15	Specific	235603	124	477	4.75231e-81	261.294	PRK05777	PRK05777	N	356474
ENDDOMAINS
ENDQUERY
QUERY	Query_17	Peptide	217	nad6_CodFL1790_feature_79_from_C_0, ORGANISM Genus species Unclassified.,
DOMAINS
1	Query_17	Superfamily	354830	22	217	1.87091e-23	92.5917	cl21484	Oxidored_q3	-	-
ENDDOMAINS
ENDQUERY
QUERY	Query_18	Peptide	269	cox3_CodFL1790_feature_91_from_C_0, ORGANISM Genus species Unclassified.,
DOMAINS
1	Query_18	Specific	278911	12	269	7.36792e-140	393.314	pfam00510	COX3	-	294143
ENDDOMAINS
SITES
1	Query_18	Specific	Subunit I/III interface	A82,K85,G86,S97,L100,A104,I105,H111,G199,A200,T203,F207	12	12	238834
1	Query_18	Specific	Subunit III/Vb interface	G166	1	1	238834
1	Query_18	Specific	Subunit III/VIa interface	F135,E136,L137,Y154,V180,S190,V191,S192,S197,D198,G199	11	11	238834
1	Query_18	Specific	Subunit III/VIb interface	L127	1	1	238834
1	Query_18	Specific	Subunit III/VIIa interface	L64,R67,D68,S71,T74,Y75,I76	7	7	238834
1	Query_18	Specific	Phospholipid binding site	W65,F66,I69,I70,S73,H79,G90,V91,F94,F222,R229,L241,G242	13	13	238834
ENDSITES
ENDQUERY
ENDSESSION	1
ENDDATA
