#Post-RPSBLAST Processing Utility

#Input data file:	Collu1_MitoAssemblyScaffolds.fasta.new.sqn.gbf_converted.faa.asn
#Output data file:	Collu1_MitoAssemblyScaffolds.fasta.new.sqn.gbf_converted.faa.asn.out
#Annotation data at:	/opt/rpsbproc/data
#E-Value cutoff:	0.01
#Redundancy:	Concise
#Data requested:	Domain hits and site annotations
#Output format -- tab-delimited table
#Show superfamilies: NO
#DATA
#SESSION	<session-ordinal>	<program>	<database>	<score-matrix>	<evalue-threshold>
#QUERY	<query-id>	<seq-type>	<seq-length>	<definition-line>
#DOMAINS
#<session-ordinal>	<query-id[readingframe]>	<hit-type>	<PSSM-ID>	<from>	<to>	<E-Value>	<bitscore>	<accession>	<short-name>	<incomplete>	<superfamily PSSM-ID>
#more such lines......
#ENDDOMAINS
#SITES
#<session-ordinal>	<query-id[readingframe]>	<annot-type>	<title>	<residue(coordinates)>	<complete-size>	<mapped-size>	<source-domain>
#more such lines......
#ENDSITES
#MOTIFS
#<session-ordinal>	<query-id[readingframe]>	<title>	<from>	<to>	<source-domain>
#more such lines......
#ENDMOTIFS
#ENDQUERY	<query-id>
#more query sections..
#ENDSESSION	<session-ordinal>
#more session sections..
#ENDDATA
#=====================================================================
DATA
SESSION	1	blastp	2.10.0+	/opt/rpsbproc/db/Cdd	BLOSUM62	0.01
QUERY	Query_2	Peptide	561	nad2_Collu1_feature_26_from_C_0, ORGANISM Genus species Unclassified.,
DOMAINS
1	Query_2	Specific	235603	124	482	7.60785e-81	260.909	PRK05777	PRK05777	N	356474
ENDDOMAINS
ENDQUERY
QUERY	Query_3	Peptide	136	nad3_Collu1_feature_28_from_C_0, ORGANISM Genus species Unclassified.,
DOMAINS
1	Query_3	Specific	334119	19	113	3.86558e-29	101.338	pfam00507	Oxidored_q4	-	351141
ENDDOMAINS
ENDQUERY
QUERY	Query_4	Peptide	74	atp9_Collu1_feature_32_from_C_0, ORGANISM Genus species Unclassified.,
DOMAINS
1	Query_4	Specific	349422	6	70	3.90968e-20	75.2387	cd18182	ATP-synt_Fo_c_ATP5G3	-	365782
ENDDOMAINS
SITES
ENDSITES
ENDQUERY
QUERY	Query_5	Peptide	250	cox2_Collu1_feature_34_from_C_0, ORGANISM Genus species Unclassified.,
DOMAINS
1	Query_5	Specific	214438	18	249	1.17507e-113	325.245	MTH00154	COX2	-	45
ENDDOMAINS
ENDQUERY
QUERY	Query_7	Peptide	437	orf437_Collu1_feature_40_from_C_0, ORGANISM Genus species Unclassified.,
DOMAINS
1	Query_7	Specific	333730	184	386	1.88313e-06	50.1916	NF012181	MSCRAMM_SdrD	N	45
1	Query_7	Non-specific	177447	56	247	0.00513335	38.8283	PHA02664	PHA02664	N	45
ENDDOMAINS
ENDQUERY
QUERY	Query_8	Peptide	663	nad5_Collu1_feature_44_from_C_0, ORGANISM Genus species Unclassified.,
DOMAINS
1	Query_8	Non-specific	177253	1	632	0	617.02	MTH00210	ND5	-	45
ENDDOMAINS
ENDQUERY
QUERY	Query_9	Peptide	392	cob_Collu1_feature_48_from_C_0, ORGANISM Genus species Unclassified.,
DOMAINS
1	Query_9	Specific	214440	10	367	4.10914e-180	504.316	MTH00156	CYTB	-	45
ENDDOMAINS
ENDQUERY
QUERY	Query_11	Peptide	548	cox1_Collu1_feature_54_from_C_0, ORGANISM Genus species Unclassified.,
DOMAINS
1	Query_11	Specific	238833	26	528	0	864.486	cd01663	Cyt_c_Oxidase_I	-	350997
ENDDOMAINS
SITES
1	Query_11	Specific	Binuclear center (heme a3/CuB)	H257,H306,H307,H392	4	4	238833
1	Query_11	Specific	Low-spin heme (heme a) binding site	H78,H394,S398,T440,S477	5	5	238833
1	Query_11	Specific	D-pathway	Y35,N97,D108,N115,S118,S173,S174,N180,T184	9	9	238833
1	Query_11	Specific	K-pathway	H257,Y261,S272,H306,H307,T332,K335	7	7	238833
1	Query_11	Specific	Electron transfer pathway	F393,R454,R455	3	3	238833
1	Query_11	Specific	Putative proton exit pathway	H307,H384,D385,R454,R455	5	5	238833
1	Query_11	Specific	Putative water exit pathway	D244,Q249,H250,D380,H384,D385,R454	7	7	238833
1	Query_11	Specific	Subunit I/II interface	N72,D244,K281,F284,G285,T310,V311,G312,V315,R318,L326,I334,F337,Y344,G345,G346,L358,N376,A377,L379,I381,A382,F383,H384,D385,L449,Q450,R454,R455,I456,G465,W466	32	32	238833
1	Query_11	Specific	Subunit I/III interface	T26,P107,F111,R113,W120,D161,F165,T183,N187,I207,L214,P217,M225,T234,S235,F236,G241,G242,D244,F254,Y291,M294,G297,I298,I302	25	25	238833
1	Query_11	Specific	Subunit I/IV interface	L55,S58,G59,V424,K427,I428,D461,V479	8	8	238833
1	Query_11	Specific	Subunit I/Vb interface	S282,Y286,A527	3	3	238833
1	Query_11	Specific	Subunit I/VIa interface	L152,R230,N231,F232,N233	5	5	238833
1	Query_11	Specific	Subunit I/VIb interface	G312	1	1	238833
1	Query_11	Specific	Subunit I/VIc interface	G345	1	1	238833
1	Query_11	Specific	Subunit I/VIIa interface	F131,C134	2	2	238833
1	Query_11	Specific	Subunit I/VIIb interface	D461,G465	2	2	238833
1	Query_11	Specific	Subunit I/VIIc interface	F41,L45,A48,L52,A133,C134,I416,Y489,L492	9	9	238833
1	Query_11	Specific	Subunit I/VIIIb interface	L425,W482	2	2	238833
1	Query_11	Specific	Dimer interface	I207,L214,F254,Y291,M294,G297,I298,I302	8	8	238833
ENDSITES
ENDQUERY
QUERY	Query_12	Peptide	368	nad1_Collu1_feature_58_from_C_0, ORGANISM Genus species Unclassified.,
DOMAINS
1	Query_12	Specific	333876	19	351	5.11292e-108	318.648	pfam00146	NADHdh	-	351105
ENDDOMAINS
ENDQUERY
QUERY	Query_13	Peptide	490	nad4_Collu1_feature_60_from_C_0, ORGANISM Genus species Unclassified.,
DOMAINS
1	Query_13	Specific	235622	37	487	1.79189e-132	392.643	PRK05846	PRK05846	-	45
ENDDOMAINS
ENDQUERY
QUERY	Query_14	Peptide	54	atp8_Collu1_feature_64_from_C_0, ORGANISM Genus species Unclassified.,
DOMAINS
1	Query_14	Non-specific	283561	1	48	2.3299e-08	44.3194	pfam05933	Fun_ATP-synt_8	-	45
ENDDOMAINS
ENDQUERY
QUERY	Query_15	Peptide	263	atp6_Collu1_feature_66_from_C_0, ORGANISM Genus species Unclassified.,
DOMAINS
1	Query_15	Specific	273458	33	260	2.79093e-51	166.998	TIGR01131	ATP_synt_6_or_A	-	351082
ENDDOMAINS
ENDQUERY
QUERY	Query_17	Peptide	269	cox3_Collu1_feature_76_from_C_0, ORGANISM Genus species Unclassified.,
DOMAINS
1	Query_17	Specific	278911	12	269	2.76794e-134	379.447	pfam00510	COX3	-	294143
ENDDOMAINS
SITES
1	Query_17	Specific	Subunit I/III interface	A82,K85,G86,S97,L100,A104,I105,H111,G199,A200,T203,F207	12	12	238834
1	Query_17	Specific	Subunit III/Vb interface	G166	1	1	238834
1	Query_17	Specific	Subunit III/VIa interface	F135,E136,L137,Y154,V180,S190,V191,S192,S197,D198,G199	11	11	238834
1	Query_17	Specific	Subunit III/VIb interface	M127	1	1	238834
1	Query_17	Specific	Subunit III/VIIa interface	L64,R67,D68,T71,T74,F75,L76	7	7	238834
1	Query_17	Specific	Phospholipid binding site	W65,F66,I69,I70,G73,H79,G90,V91,F94,F222,R229,L241,G242	13	13	238834
ENDSITES
ENDQUERY
QUERY	Query_18	Peptide	264	nad6_Collu1_feature_84_from_C_0, ORGANISM Genus species Unclassified.,
DOMAINS
1	Query_18	Superfamily	354830	59	263	8.7146e-22	89.2897	cl21484	Oxidored_q3	-	-
ENDDOMAINS
ENDQUERY
QUERY	Query_21	Peptide	561	nad2_Collu1_feature_122_from_C_0, ORGANISM Genus species Unclassified.,
DOMAINS
1	Query_21	Specific	235603	124	482	7.60785e-81	260.909	PRK05777	PRK05777	N	356474
ENDDOMAINS
ENDQUERY
QUERY	Query_22	Peptide	136	nad3_Collu1_feature_124_from_C_0, ORGANISM Genus species Unclassified.,
DOMAINS
1	Query_22	Specific	334119	19	113	3.86558e-29	101.338	pfam00507	Oxidored_q4	-	351141
ENDDOMAINS
ENDQUERY
QUERY	Query_23	Peptide	74	atp9_Collu1_feature_128_from_C_0, ORGANISM Genus species Unclassified.,
DOMAINS
1	Query_23	Specific	349422	6	70	3.90968e-20	75.2387	cd18182	ATP-synt_Fo_c_ATP5G3	-	365782
ENDDOMAINS
SITES
ENDSITES
ENDQUERY
QUERY	Query_24	Peptide	250	cox2_Collu1_feature_130_from_C_0, ORGANISM Genus species Unclassified.,
DOMAINS
1	Query_24	Specific	214438	18	249	1.17507e-113	325.245	MTH00154	COX2	-	45
ENDDOMAINS
ENDQUERY
QUERY	Query_26	Peptide	437	orf437_Collu1_feature_136_from_C_0, ORGANISM Genus species Unclassified.,
DOMAINS
1	Query_26	Specific	333730	184	386	1.88313e-06	50.1916	NF012181	MSCRAMM_SdrD	N	45
1	Query_26	Non-specific	177447	56	247	0.00513335	38.8283	PHA02664	PHA02664	N	45
ENDDOMAINS
ENDQUERY
QUERY	Query_27	Peptide	663	nad5_Collu1_feature_140_from_C_0, ORGANISM Genus species Unclassified.,
DOMAINS
1	Query_27	Non-specific	177253	1	632	0	617.02	MTH00210	ND5	-	45
ENDDOMAINS
ENDQUERY
QUERY	Query_28	Peptide	392	cob_Collu1_feature_144_from_C_0, ORGANISM Genus species Unclassified.,
DOMAINS
1	Query_28	Specific	214440	10	367	4.10914e-180	504.316	MTH00156	CYTB	-	45
ENDDOMAINS
ENDQUERY
QUERY	Query_30	Peptide	548	cox1_Collu1_feature_150_from_C_0, ORGANISM Genus species Unclassified.,
DOMAINS
1	Query_30	Specific	238833	26	528	0	864.486	cd01663	Cyt_c_Oxidase_I	-	350997
ENDDOMAINS
SITES
1	Query_30	Specific	Binuclear center (heme a3/CuB)	H257,H306,H307,H392	4	4	238833
1	Query_30	Specific	Low-spin heme (heme a) binding site	H78,H394,S398,T440,S477	5	5	238833
1	Query_30	Specific	D-pathway	Y35,N97,D108,N115,S118,S173,S174,N180,T184	9	9	238833
1	Query_30	Specific	K-pathway	H257,Y261,S272,H306,H307,T332,K335	7	7	238833
1	Query_30	Specific	Electron transfer pathway	F393,R454,R455	3	3	238833
1	Query_30	Specific	Putative proton exit pathway	H307,H384,D385,R454,R455	5	5	238833
1	Query_30	Specific	Putative water exit pathway	D244,Q249,H250,D380,H384,D385,R454	7	7	238833
1	Query_30	Specific	Subunit I/II interface	N72,D244,K281,F284,G285,T310,V311,G312,V315,R318,L326,I334,F337,Y344,G345,G346,L358,N376,A377,L379,I381,A382,F383,H384,D385,L449,Q450,R454,R455,I456,G465,W466	32	32	238833
1	Query_30	Specific	Subunit I/III interface	T26,P107,F111,R113,W120,D161,F165,T183,N187,I207,L214,P217,M225,T234,S235,F236,G241,G242,D244,F254,Y291,M294,G297,I298,I302	25	25	238833
1	Query_30	Specific	Subunit I/IV interface	L55,S58,G59,V424,K427,I428,D461,V479	8	8	238833
1	Query_30	Specific	Subunit I/Vb interface	S282,Y286,A527	3	3	238833
1	Query_30	Specific	Subunit I/VIa interface	L152,R230,N231,F232,N233	5	5	238833
1	Query_30	Specific	Subunit I/VIb interface	G312	1	1	238833
1	Query_30	Specific	Subunit I/VIc interface	G345	1	1	238833
1	Query_30	Specific	Subunit I/VIIa interface	F131,C134	2	2	238833
1	Query_30	Specific	Subunit I/VIIb interface	D461,G465	2	2	238833
1	Query_30	Specific	Subunit I/VIIc interface	F41,L45,A48,L52,A133,C134,I416,Y489,L492	9	9	238833
1	Query_30	Specific	Subunit I/VIIIb interface	L425,W482	2	2	238833
1	Query_30	Specific	Dimer interface	I207,L214,F254,Y291,M294,G297,I298,I302	8	8	238833
ENDSITES
ENDQUERY
ENDSESSION	1
ENDDATA
