#Post-RPSBLAST Processing Utility

#Input data file:	Conapa1_MitoAssemblyScaffolds.fasta.new.sqn.gbf_converted.faa.asn
#Output data file:	Conapa1_MitoAssemblyScaffolds.fasta.new.sqn.gbf_converted.faa.asn.out
#Annotation data at:	/opt/rpsbproc/data
#E-Value cutoff:	0.01
#Redundancy:	Concise
#Data requested:	Domain hits and site annotations
#Output format -- tab-delimited table
#Show superfamilies: NO
#DATA
#SESSION	<session-ordinal>	<program>	<database>	<score-matrix>	<evalue-threshold>
#QUERY	<query-id>	<seq-type>	<seq-length>	<definition-line>
#DOMAINS
#<session-ordinal>	<query-id[readingframe]>	<hit-type>	<PSSM-ID>	<from>	<to>	<E-Value>	<bitscore>	<accession>	<short-name>	<incomplete>	<superfamily PSSM-ID>
#more such lines......
#ENDDOMAINS
#SITES
#<session-ordinal>	<query-id[readingframe]>	<annot-type>	<title>	<residue(coordinates)>	<complete-size>	<mapped-size>	<source-domain>
#more such lines......
#ENDSITES
#MOTIFS
#<session-ordinal>	<query-id[readingframe]>	<title>	<from>	<to>	<source-domain>
#more such lines......
#ENDMOTIFS
#ENDQUERY	<query-id>
#more query sections..
#ENDSESSION	<session-ordinal>
#more session sections..
#ENDDATA
#=====================================================================
DATA
SESSION	1	blastp	2.10.0+	/opt/rpsbproc/db/Cdd	BLOSUM62	0.01
QUERY	Query_3	Peptide	679	nad5_Conapa1_feature_6_from_C_0, ORGANISM Genus species Unclassified.,
DOMAINS
1	Query_3	Non-specific	235836	1	619	0	558.235	PRK06590	PRK06590	-	45
ENDDOMAINS
ENDQUERY
QUERY	Query_4	Peptide	88	nad4L_Conapa1_feature_8_from_C_0, ORGANISM Genus species Unclassified.,
DOMAINS
1	Query_4	Superfamily	351118	3	86	6.16236e-15	63.6575	cl00492	Oxidored_q2	-	-
ENDDOMAINS
ENDQUERY
QUERY	Query_6	Peptide	73	atp9_Conapa1_feature_18_from_C_0, ORGANISM Genus species Unclassified.,
DOMAINS
1	Query_6	Superfamily	351103	1	72	1.0758e-16	66.7966	cl00466	ATP-synt_C	-	-
ENDDOMAINS
ENDQUERY
QUERY	Query_7	Peptide	269	cox3_Conapa1_feature_32_from_C_0, ORGANISM Genus species Unclassified.,
DOMAINS
1	Query_7	Specific	238834	23	266	7.38282e-110	316.765	cd01665	Cyt_c_Oxidase_III	-	294143
ENDDOMAINS
SITES
1	Query_7	Specific	Subunit I/III interface	E81,N84,G85,S96,F99,S103,V104,H110,G198,V199,S202,A206	12	12	238834
1	Query_7	Specific	Subunit III/Vb interface	G165	1	1	238834
1	Query_7	Specific	Subunit III/VIa interface	F134,A135,I136,Y153,I179,S189,E190,A191,S196,D197,G198	11	11	238834
1	Query_7	Specific	Subunit III/VIb interface	L126	1	1	238834
1	Query_7	Specific	Subunit III/VIIa interface	L63,R66,D67,I70,S73,Y74,L75	7	7	238834
1	Query_7	Specific	Phospholipid binding site	W64,F65,V68,V69,A72,H78,G89,I90,F93,F221,R228,N240,G241	13	13	238834
ENDSITES
ENDQUERY
QUERY	Query_8	Peptide	497	nad4_Conapa1_feature_34_from_C_0, ORGANISM Genus species Unclassified.,
DOMAINS
1	Query_8	Specific	235622	1	497	5.96715e-143	419.607	PRK05846	PRK05846	-	45
ENDDOMAINS
ENDQUERY
QUERY	Query_9	Peptide	249	cox2_Conapa1_feature_44_from_C_0, ORGANISM Genus species Unclassified.,
DOMAINS
1	Query_9	Non-specific	214402	6	246	2.63783e-112	322.085	MTH00023	COX2	-	45
ENDDOMAINS
ENDQUERY
QUERY	Query_10	Peptide	255	atp6_Conapa1_feature_50_from_C_0, ORGANISM Genus species Unclassified.,
DOMAINS
1	Query_10	Specific	273458	30	252	1.16118e-45	152.36	TIGR01131	ATP_synt_6_or_A	-	351082
ENDDOMAINS
ENDQUERY
QUERY	Query_11	Peptide	226	nad6_Conapa1_feature_56_from_C_0, ORGANISM Genus species Unclassified.,
DOMAINS
1	Query_11	Superfamily	354830	15	122	1.4717e-16	74.4873	cl21484	Oxidored_q3	C	-
ENDDOMAINS
ENDQUERY
QUERY	Query_12	Peptide	53	atp8_Conapa1_feature_68_from_C_0, ORGANISM Genus species Unclassified.,
DOMAINS
1	Query_12	Non-specific	283561	1	48	8.43237e-06	37.771	pfam05933	Fun_ATP-synt_8	-	45
ENDDOMAINS
ENDQUERY
QUERY	Query_13	Peptide	527	cox1_Conapa1_feature_76_from_C_0, ORGANISM Genus species Unclassified.,
DOMAINS
1	Query_13	Specific	238833	7	511	0	851.004	cd01663	Cyt_c_Oxidase_I	-	350997
ENDDOMAINS
SITES
1	Query_13	Specific	Binuclear center (heme a3/CuB)	H239,H288,H289,H374	4	4	238833
1	Query_13	Specific	Low-spin heme (heme a) binding site	H60,H376,S380,T422,S459	5	5	238833
1	Query_13	Specific	D-pathway	Y16,N79,D90,N97,S100,S155,S156,N162,T166	9	9	238833
1	Query_13	Specific	K-pathway	H239,Y243,S254,H288,H289,T314,K317	7	7	238833
1	Query_13	Specific	Electron transfer pathway	F375,R436,R437	3	3	238833
1	Query_13	Specific	Putative proton exit pathway	H289,H366,D367,R436,R437	5	5	238833
1	Query_13	Specific	Putative water exit pathway	D226,Q231,H232,D362,H366,D367,R436	7	7	238833
1	Query_13	Specific	Subunit I/II interface	N54,D226,K263,F266,G267,S292,V293,G294,V297,R300,M308,I316,F319,Y326,G327,G328,I340,N358,A359,L361,V363,A364,F365,H366,D367,L431,A432,R436,R437,I438,G447,W448	32	32	238833
1	Query_13	Specific	Subunit I/III interface	T7,P89,F93,R95,W102,D143,F147,S165,N169,V189,L196,P199,M207,T216,S217,F218,G223,G224,D226,F236,Y273,F276,G279,I280,L284	25	25	238833
1	Query_13	Specific	Subunit I/IV interface	L36,S39,S40,F406,K409,I410,D443,I461	8	8	238833
1	Query_13	Specific	Subunit I/Vb interface	P264,Y268,T510	3	3	238833
1	Query_13	Specific	Subunit I/VIa interface	I134,R212,N213,F214,N215	5	5	238833
1	Query_13	Specific	Subunit I/VIb interface	G294	1	1	238833
1	Query_13	Specific	Subunit I/VIc interface	G327	1	1	238833
1	Query_13	Specific	Subunit I/VIIa interface	L113,L116	2	2	238833
1	Query_13	Specific	Subunit I/VIIb interface	D443,G447	2	2	238833
1	Query_13	Specific	Subunit I/VIIc interface	F22,I26,A29,L33,S115,L116,I398,Y471,F474	9	9	238833
1	Query_13	Specific	Subunit I/VIIIb interface	L407,L464	2	2	238833
1	Query_13	Specific	Dimer interface	V189,L196,F236,Y273,F276,G279,I280,L284	8	8	238833
ENDSITES
ENDQUERY
QUERY	Query_15	Peptide	88	nad4L_Conapa1_feature_86_from_C_0, ORGANISM Genus species Unclassified.,
DOMAINS
1	Query_15	Superfamily	351118	3	86	6.16236e-15	63.6575	cl00492	Oxidored_q2	-	-
ENDDOMAINS
ENDQUERY
QUERY	Query_16	Peptide	549	nad5_Conapa1_feature_88_from_C_0, ORGANISM Genus species Unclassified.,
DOMAINS
1	Query_16	Non-specific	235836	1	531	1.62962e-176	511.626	PRK06590	PRK06590	-	45
ENDDOMAINS
ENDQUERY
QUERY	Query_17	Peptide	72	atp9_Conapa1_feature_2_from_C_1, ORGANISM Genus species Unclassified.,
DOMAINS
1	Query_17	Specific	349422	6	70	5.05703e-16	64.8383	cd18182	ATP-synt_Fo_c_ATP5G3	-	365782
ENDDOMAINS
SITES
ENDSITES
ENDQUERY
QUERY	Query_18	Peptide	269	cox3_Conapa1_feature_12_from_C_1, ORGANISM Genus species Unclassified.,
DOMAINS
1	Query_18	Specific	238834	23	266	7.38282e-110	316.765	cd01665	Cyt_c_Oxidase_III	-	294143
ENDDOMAINS
SITES
1	Query_18	Specific	Subunit I/III interface	E81,N84,G85,S96,F99,S103,V104,H110,G198,V199,S202,A206	12	12	238834
1	Query_18	Specific	Subunit III/Vb interface	G165	1	1	238834
1	Query_18	Specific	Subunit III/VIa interface	F134,A135,I136,Y153,I179,S189,E190,A191,S196,D197,G198	11	11	238834
1	Query_18	Specific	Subunit III/VIb interface	L126	1	1	238834
1	Query_18	Specific	Subunit III/VIIa interface	L63,R66,D67,I70,S73,Y74,L75	7	7	238834
1	Query_18	Specific	Phospholipid binding site	W64,F65,V68,V69,A72,H78,G89,I90,F93,F221,R228,N240,G241	13	13	238834
ENDSITES
ENDQUERY
QUERY	Query_19	Peptide	497	nad4_Conapa1_feature_14_from_C_1, ORGANISM Genus species Unclassified.,
DOMAINS
1	Query_19	Specific	235622	1	497	6.43831e-143	419.607	PRK05846	PRK05846	-	45
ENDDOMAINS
ENDQUERY
QUERY	Query_20	Peptide	249	cox2_Conapa1_feature_24_from_C_1, ORGANISM Genus species Unclassified.,
DOMAINS
1	Query_20	Non-specific	214402	6	246	1.44487e-112	322.855	MTH00023	COX2	-	45
ENDDOMAINS
ENDQUERY
QUERY	Query_21	Peptide	255	atp6_Conapa1_feature_30_from_C_1, ORGANISM Genus species Unclassified.,
DOMAINS
1	Query_21	Specific	273458	30	252	1.63943e-45	151.975	TIGR01131	ATP_synt_6_or_A	-	351082
ENDDOMAINS
ENDQUERY
QUERY	Query_22	Peptide	227	nad6_Conapa1_feature_36_from_C_1, ORGANISM Genus species Unclassified.,
DOMAINS
1	Query_22	Superfamily	354830	15	122	3.21968e-17	76.4133	cl21484	Oxidored_q3	C	-
ENDDOMAINS
ENDQUERY
QUERY	Query_23	Peptide	53	atp8_Conapa1_feature_48_from_C_1, ORGANISM Genus species Unclassified.,
DOMAINS
1	Query_23	Non-specific	283561	1	48	8.43237e-06	37.771	pfam05933	Fun_ATP-synt_8	-	45
ENDDOMAINS
ENDQUERY
QUERY	Query_24	Peptide	527	cox1_Conapa1_feature_56_from_C_1, ORGANISM Genus species Unclassified.,
DOMAINS
1	Query_24	Specific	238833	7	511	0	852.16	cd01663	Cyt_c_Oxidase_I	-	350997
ENDDOMAINS
SITES
1	Query_24	Specific	Binuclear center (heme a3/CuB)	H239,H288,H289,H374	4	4	238833
1	Query_24	Specific	Low-spin heme (heme a) binding site	H60,H376,S380,T422,S459	5	5	238833
1	Query_24	Specific	D-pathway	Y16,N79,D90,N97,S100,S155,S156,N162,T166	9	9	238833
1	Query_24	Specific	K-pathway	H239,Y243,S254,H288,H289,T314,K317	7	7	238833
1	Query_24	Specific	Electron transfer pathway	F375,R436,R437	3	3	238833
1	Query_24	Specific	Putative proton exit pathway	H289,H366,D367,R436,R437	5	5	238833
1	Query_24	Specific	Putative water exit pathway	D226,Q231,H232,D362,H366,D367,R436	7	7	238833
1	Query_24	Specific	Subunit I/II interface	N54,D226,K263,F266,G267,S292,V293,G294,V297,R300,M308,I316,F319,Y326,G327,G328,I340,N358,A359,L361,V363,A364,F365,H366,D367,L431,A432,R436,R437,I438,G447,W448	32	32	238833
1	Query_24	Specific	Subunit I/III interface	T7,P89,F93,R95,W102,D143,F147,S165,N169,V189,L196,P199,M207,T216,S217,F218,G223,G224,D226,F236,Y273,F276,G279,I280,L284	25	25	238833
1	Query_24	Specific	Subunit I/IV interface	L36,S39,S40,F406,K409,I410,D443,I461	8	8	238833
1	Query_24	Specific	Subunit I/Vb interface	P264,Y268,T510	3	3	238833
1	Query_24	Specific	Subunit I/VIa interface	I134,R212,N213,F214,N215	5	5	238833
1	Query_24	Specific	Subunit I/VIb interface	G294	1	1	238833
1	Query_24	Specific	Subunit I/VIc interface	G327	1	1	238833
1	Query_24	Specific	Subunit I/VIIa interface	L113,L116	2	2	238833
1	Query_24	Specific	Subunit I/VIIb interface	D443,G447	2	2	238833
1	Query_24	Specific	Subunit I/VIIc interface	F22,I26,A29,L33,S115,L116,I398,Y471,F474	9	9	238833
1	Query_24	Specific	Subunit I/VIIIb interface	L407,L464	2	2	238833
1	Query_24	Specific	Dimer interface	V189,L196,F236,Y273,F276,G279,I280,L284	8	8	238833
ENDSITES
ENDQUERY
QUERY	Query_25	Peptide	88	nad4L_Conapa1_feature_64_from_C_1, ORGANISM Genus species Unclassified.,
DOMAINS
1	Query_25	Superfamily	351118	3	86	6.16236e-15	63.6575	cl00492	Oxidored_q2	-	-
ENDDOMAINS
ENDQUERY
QUERY	Query_26	Peptide	671	nad5_Conapa1_feature_66_from_C_1, ORGANISM Genus species Unclassified.,
DOMAINS
1	Query_26	Non-specific	235836	1	619	0	560.161	PRK06590	PRK06590	-	45
ENDDOMAINS
ENDQUERY
QUERY	Query_28	Peptide	400	orf400_Conapa1_feature_70_from_C_1, ORGANISM Genus species Unclassified.,
DOMAINS
1	Query_28	Non-specific	214368	57	397	0.00062013	41.8483	CHL00117	rpoC2	NC	45
ENDDOMAINS
ENDQUERY
QUERY	Query_29	Peptide	385	cob_Conapa1_feature_74_from_C_1, ORGANISM Genus species Unclassified.,
DOMAINS
1	Query_29	Non-specific	177239	3	94	7.99765e-38	139.665	MTH00191	CYTB	C	45
ENDDOMAINS
ENDQUERY
QUERY	Query_30	Peptide	338	nad1_Conapa1_feature_76_from_C_1, ORGANISM Genus species Unclassified.,
DOMAINS
1	Query_30	Specific	333876	20	97	6.69433e-24	99.4692	pfam00146	NADHdh	C	351105
ENDDOMAINS
ENDQUERY
QUERY	Query_31	Peptide	97	nad2_Conapa1_feature_78_from_C_1, ORGANISM Genus species Unclassified.,
DOMAINS
1	Query_31	Superfamily	356474	1	59	1.00492e-10	56.1098	cl29598	Proton_antipo_M	NC	-
ENDDOMAINS
ENDQUERY
QUERY	Query_33	Peptide	249	cox2_Conapa1_feature_12_from_C_2, ORGANISM Genus species Unclassified.,
DOMAINS
1	Query_33	Non-specific	214402	6	246	2.63783e-112	322.085	MTH00023	COX2	-	45
ENDDOMAINS
ENDQUERY
QUERY	Query_34	Peptide	240	atp6_Conapa1_feature_18_from_C_2, ORGANISM Genus species Unclassified.,
DOMAINS
1	Query_34	Superfamily	351082	30	235	8.20275e-31	113.455	cl00413	ATP-synt_A	-	-
ENDDOMAINS
ENDQUERY
QUERY	Query_35	Peptide	220	nad6_Conapa1_feature_24_from_C_2, ORGANISM Genus species Unclassified.,
DOMAINS
1	Query_35	Superfamily	354830	15	122	7.89056e-17	75.2577	cl21484	Oxidored_q3	C	-
ENDDOMAINS
ENDQUERY
QUERY	Query_36	Peptide	53	atp8_Conapa1_feature_36_from_C_2, ORGANISM Genus species Unclassified.,
DOMAINS
1	Query_36	Non-specific	283561	1	48	8.43237e-06	37.771	pfam05933	Fun_ATP-synt_8	-	45
ENDDOMAINS
ENDQUERY
QUERY	Query_37	Peptide	527	cox1_Conapa1_feature_44_from_C_2, ORGANISM Genus species Unclassified.,
DOMAINS
1	Query_37	Specific	238833	7	511	0	851.004	cd01663	Cyt_c_Oxidase_I	-	350997
ENDDOMAINS
SITES
1	Query_37	Specific	Binuclear center (heme a3/CuB)	H239,H288,H289,H374	4	4	238833
1	Query_37	Specific	Low-spin heme (heme a) binding site	H60,H376,S380,T422,S459	5	5	238833
1	Query_37	Specific	D-pathway	Y16,N79,D90,N97,S100,S155,S156,N162,T166	9	9	238833
1	Query_37	Specific	K-pathway	H239,Y243,S254,H288,H289,T314,K317	7	7	238833
1	Query_37	Specific	Electron transfer pathway	F375,R436,R437	3	3	238833
1	Query_37	Specific	Putative proton exit pathway	H289,H366,D367,R436,R437	5	5	238833
1	Query_37	Specific	Putative water exit pathway	D226,Q231,H232,D362,H366,D367,R436	7	7	238833
1	Query_37	Specific	Subunit I/II interface	N54,D226,K263,F266,G267,S292,V293,G294,V297,R300,M308,I316,F319,Y326,G327,G328,I340,N358,A359,L361,V363,A364,F365,H366,D367,L431,A432,R436,R437,I438,G447,W448	32	32	238833
1	Query_37	Specific	Subunit I/III interface	T7,P89,F93,R95,W102,D143,F147,S165,N169,V189,L196,P199,M207,T216,S217,F218,G223,G224,D226,F236,Y273,F276,G279,I280,L284	25	25	238833
1	Query_37	Specific	Subunit I/IV interface	L36,S39,S40,F406,K409,I410,D443,I461	8	8	238833
1	Query_37	Specific	Subunit I/Vb interface	P264,Y268,T510	3	3	238833
1	Query_37	Specific	Subunit I/VIa interface	I134,R212,N213,F214,N215	5	5	238833
1	Query_37	Specific	Subunit I/VIb interface	G294	1	1	238833
1	Query_37	Specific	Subunit I/VIc interface	G327	1	1	238833
1	Query_37	Specific	Subunit I/VIIa interface	L113,L116	2	2	238833
1	Query_37	Specific	Subunit I/VIIb interface	D443,G447	2	2	238833
1	Query_37	Specific	Subunit I/VIIc interface	F22,I26,A29,L33,S115,L116,I398,Y471,F474	9	9	238833
1	Query_37	Specific	Subunit I/VIIIb interface	L407,L464	2	2	238833
1	Query_37	Specific	Dimer interface	V189,L196,F236,Y273,F276,G279,I280,L284	8	8	238833
ENDSITES
ENDQUERY
ENDSESSION	1
SESSION	2	blastp	2.10.0+	/opt/rpsbproc/db/Cdd	BLOSUM62	0.01
QUERY	Query_39	Peptide	88	nad4L_Conapa1_feature_54_from_C_2, ORGANISM Genus species Unclassified.,
DOMAINS
2	Query_39	Superfamily	351118	3	86	6.16236e-15	63.6575	cl00492	Oxidored_q2	-	-
ENDDOMAINS
ENDQUERY
QUERY	Query_40	Peptide	679	nad5_Conapa1_feature_56_from_C_2, ORGANISM Genus species Unclassified.,
DOMAINS
2	Query_40	Non-specific	235836	1	619	0	558.235	PRK06590	PRK06590	-	45
ENDDOMAINS
ENDQUERY
QUERY	Query_43	Peptide	411	rps3_Conapa1_feature_62_from_C_2, ORGANISM Genus species Unclassified.,
DOMAINS
2	Query_43	Non-specific	223350	94	142	0.00711147	38.3326	COG0272	Lig	NC	45
ENDDOMAINS
ENDQUERY
QUERY	Query_44	Peptide	121	nad3_Conapa1_feature_68_from_C_2, ORGANISM Genus species Unclassified.,
DOMAINS
2	Query_44	Specific	334119	19	112	1.31024e-22	84.389	pfam00507	Oxidored_q4	-	351141
ENDDOMAINS
ENDQUERY
QUERY	Query_45	Peptide	537	nad2_Conapa1_feature_70_from_C_2, ORGANISM Genus species Unclassified.,
DOMAINS
2	Query_45	Specific	235603	103	478	5.57545e-73	239.723	PRK05777	PRK05777	N	356474
ENDDOMAINS
ENDQUERY
QUERY	Query_46	Peptide	338	nad1_Conapa1_feature_72_from_C_2, ORGANISM Genus species Unclassified.,
DOMAINS
2	Query_46	Specific	333876	20	326	5.8658e-121	350.234	pfam00146	NADHdh	-	351105
ENDDOMAINS
ENDQUERY
QUERY	Query_47	Peptide	364	cob_Conapa1_feature_74_from_C_2, ORGANISM Genus species Unclassified.,
DOMAINS
2	Query_47	Non-specific	164595	1	359	6.25402e-62	202.623	MTH00022	CYTB	-	45
ENDDOMAINS
ENDQUERY
QUERY	Query_48	Peptide	456	nad4_Conapa1_feature_2_from_C_3, ORGANISM Genus species Unclassified.,
DOMAINS
2	Query_48	Specific	235622	13	442	3.79157e-101	310.981	PRK05846	PRK05846	-	45
ENDDOMAINS
ENDQUERY
QUERY	Query_49	Peptide	247	cox2_Conapa1_feature_12_from_C_3, ORGANISM Genus species Unclassified.,
DOMAINS
2	Query_49	Non-specific	214402	6	56	4.23657e-08	52.0599	MTH00023	COX2	C	45
ENDDOMAINS
ENDQUERY
QUERY	Query_50	Peptide	232	atp6_Conapa1_feature_18_from_C_3, ORGANISM Genus species Unclassified.,
DOMAINS
2	Query_50	Superfamily	351082	30	231	3.82053e-34	121.93	cl00413	ATP-synt_A	-	-
ENDDOMAINS
ENDQUERY
QUERY	Query_51	Peptide	70	nad6_Conapa1_feature_24_from_C_3, ORGANISM Genus species Unclassified.,
DOMAINS
2	Query_51	Superfamily	354830	5	58	4.43772e-08	46.753	cl21484	Oxidored_q3	NC	-
ENDDOMAINS
ENDQUERY
QUERY	Query_52	Peptide	53	atp8_Conapa1_feature_36_from_C_3, ORGANISM Genus species Unclassified.,
DOMAINS
2	Query_52	Non-specific	283561	1	48	8.43237e-06	37.771	pfam05933	Fun_ATP-synt_8	-	45
ENDDOMAINS
ENDQUERY
QUERY	Query_53	Peptide	527	cox1_Conapa1_feature_44_from_C_3, ORGANISM Genus species Unclassified.,
DOMAINS
2	Query_53	Specific	238833	7	511	0	852.16	cd01663	Cyt_c_Oxidase_I	-	350997
ENDDOMAINS
SITES
2	Query_53	Specific	Binuclear center (heme a3/CuB)	H239,H288,H289,H374	4	4	238833
2	Query_53	Specific	Low-spin heme (heme a) binding site	H60,H376,S380,T422,S459	5	5	238833
2	Query_53	Specific	D-pathway	Y16,N79,D90,N97,S100,S155,S156,N162,T166	9	9	238833
2	Query_53	Specific	K-pathway	H239,Y243,S254,H288,H289,T314,K317	7	7	238833
2	Query_53	Specific	Electron transfer pathway	F375,R436,R437	3	3	238833
2	Query_53	Specific	Putative proton exit pathway	H289,H366,D367,R436,R437	5	5	238833
2	Query_53	Specific	Putative water exit pathway	D226,Q231,H232,D362,H366,D367,R436	7	7	238833
2	Query_53	Specific	Subunit I/II interface	N54,D226,K263,F266,G267,S292,V293,G294,V297,R300,M308,I316,F319,Y326,G327,G328,I340,N358,A359,L361,V363,A364,F365,H366,D367,L431,A432,R436,R437,I438,G447,W448	32	32	238833
2	Query_53	Specific	Subunit I/III interface	T7,P89,F93,R95,W102,D143,F147,S165,N169,V189,L196,P199,M207,T216,S217,F218,G223,G224,D226,F236,Y273,F276,G279,I280,L284	25	25	238833
2	Query_53	Specific	Subunit I/IV interface	L36,S39,S40,F406,K409,I410,D443,I461	8	8	238833
2	Query_53	Specific	Subunit I/Vb interface	P264,Y268,T510	3	3	238833
2	Query_53	Specific	Subunit I/VIa interface	I134,R212,N213,F214,N215	5	5	238833
2	Query_53	Specific	Subunit I/VIb interface	G294	1	1	238833
2	Query_53	Specific	Subunit I/VIc interface	G327	1	1	238833
2	Query_53	Specific	Subunit I/VIIa interface	L113,L116	2	2	238833
2	Query_53	Specific	Subunit I/VIIb interface	D443,G447	2	2	238833
2	Query_53	Specific	Subunit I/VIIc interface	F22,I26,A29,L33,S115,L116,I398,Y471,F474	9	9	238833
2	Query_53	Specific	Subunit I/VIIIb interface	L407,L464	2	2	238833
2	Query_53	Specific	Dimer interface	V189,L196,F236,Y273,F276,G279,I280,L284	8	8	238833
ENDSITES
ENDQUERY
QUERY	Query_54	Peptide	88	nad4L_Conapa1_feature_52_from_C_3, ORGANISM Genus species Unclassified.,
DOMAINS
2	Query_54	Superfamily	351118	3	86	6.16236e-15	63.6575	cl00492	Oxidored_q2	-	-
ENDDOMAINS
ENDQUERY
QUERY	Query_55	Peptide	671	nad5_Conapa1_feature_54_from_C_3, ORGANISM Genus species Unclassified.,
DOMAINS
2	Query_55	Non-specific	235836	1	619	0	559.776	PRK06590	PRK06590	-	45
ENDDOMAINS
ENDQUERY
QUERY	Query_57	Peptide	505	orf505_Conapa1_feature_58_from_C_3, ORGANISM Genus species Unclassified.,
DOMAINS
2	Query_57	Non-specific	214368	57	367	0.00185933	41.0779	CHL00117	rpoC2	NC	45
ENDDOMAINS
ENDQUERY
QUERY	Query_60	Peptide	254	orf253_Conapa1_feature_68_from_C_3, ORGANISM Genus species Unclassified.,
DOMAINS
2	Query_60	Superfamily	355698	1	254	9.89375e-47	160.977	cl28058	DNA_pol_B_2	C	-
ENDDOMAINS
ENDQUERY
QUERY	Query_61	Peptide	346	orf346_Conapa1_feature_70_from_C_3, ORGANISM Genus species Unclassified.,
DOMAINS
2	Query_61	Superfamily	355698	7	204	2.38945e-27	111.286	cl28058	DNA_pol_B_2	N	-
ENDDOMAINS
ENDQUERY
QUERY	Query_62	Peptide	64	nad3_Conapa1_feature_72_from_C_3, ORGANISM Genus species Unclassified.,
DOMAINS
2	Query_62	Specific	334119	2	55	6.57371e-07	42.017	pfam00507	Oxidored_q4	N	351141
ENDDOMAINS
ENDQUERY
QUERY	Query_63	Peptide	367	nad2_Conapa1_feature_74_from_C_3, ORGANISM Genus species Unclassified.,
DOMAINS
2	Query_63	Superfamily	356474	195	346	1.48167e-38	143.423	cl29598	Proton_antipo_M	N	-
ENDDOMAINS
ENDQUERY
QUERY	Query_64	Peptide	232	nad1_Conapa1_feature_76_from_C_3, ORGANISM Genus species Unclassified.,
DOMAINS
2	Query_64	Specific	333876	67	185	1.2678e-34	125.278	pfam00146	NADHdh	N	351105
ENDDOMAINS
ENDQUERY
QUERY	Query_65	Peptide	121	nad3_Conapa1_feature_2_from_C_4, ORGANISM Genus species Unclassified.,
DOMAINS
2	Query_65	Specific	334119	19	112	8.38145e-23	84.7742	pfam00507	Oxidored_q4	-	351141
ENDDOMAINS
ENDQUERY
QUERY	Query_66	Peptide	493	orf493_Conapa1_feature_4_from_C_4, ORGANISM Genus species Unclassified.,
DOMAINS
2	Query_66	Superfamily	355698	1	351	2.28483e-66	220.683	cl28058	DNA_pol_B_2	N	-
ENDDOMAINS
ENDQUERY
QUERY	Query_67	Peptide	139	orf138_Conapa1_feature_6_from_C_4, ORGANISM Genus species Unclassified.,
DOMAINS
2	Query_67	Superfamily	355698	27	133	1.7741e-13	65.8324	cl28058	DNA_pol_B_2	C	-
ENDDOMAINS
ENDQUERY
QUERY	Query_69	Peptide	496	orf496_Conapa1_feature_14_from_C_4, ORGANISM Genus species Unclassified.,
DOMAINS
2	Query_69	Non-specific	214368	57	367	0.00125356	41.4631	CHL00117	rpoC2	NC	45
ENDDOMAINS
ENDQUERY
QUERY	Query_71	Peptide	671	nad5_Conapa1_feature_18_from_C_4, ORGANISM Genus species Unclassified.,
DOMAINS
2	Query_71	Non-specific	235836	1	479	2.84302e-169	497.759	PRK06590	PRK06590	C	45
ENDDOMAINS
ENDQUERY
QUERY	Query_72	Peptide	88	nad4L_Conapa1_feature_20_from_C_4, ORGANISM Genus species Unclassified.,
DOMAINS
2	Query_72	Superfamily	351118	3	86	6.16236e-15	63.6575	cl00492	Oxidored_q2	-	-
ENDDOMAINS
ENDQUERY
QUERY	Query_73	Peptide	73	atp9_Conapa1_feature_32_from_C_4, ORGANISM Genus species Unclassified.,
DOMAINS
2	Query_73	Superfamily	351103	1	72	1.0758e-16	66.7966	cl00466	ATP-synt_C	-	-
ENDDOMAINS
ENDQUERY
QUERY	Query_74	Peptide	269	cox3_Conapa1_feature_42_from_C_4, ORGANISM Genus species Unclassified.,
DOMAINS
2	Query_74	Specific	238834	23	266	7.38282e-110	316.765	cd01665	Cyt_c_Oxidase_III	-	294143
ENDDOMAINS
SITES
2	Query_74	Specific	Subunit I/III interface	E81,N84,G85,S96,F99,S103,V104,H110,G198,V199,S202,A206	12	12	238834
2	Query_74	Specific	Subunit III/Vb interface	G165	1	1	238834
2	Query_74	Specific	Subunit III/VIa interface	F134,A135,I136,Y153,I179,S189,E190,A191,S196,D197,G198	11	11	238834
2	Query_74	Specific	Subunit III/VIb interface	L126	1	1	238834
2	Query_74	Specific	Subunit III/VIIa interface	L63,R66,D67,I70,S73,Y74,L75	7	7	238834
2	Query_74	Specific	Phospholipid binding site	W64,F65,V68,V69,A72,H78,G89,I90,F93,F221,R228,N240,G241	13	13	238834
ENDSITES
ENDQUERY
ENDSESSION	2
SESSION	3	blastp	2.10.0+	/opt/rpsbproc/db/Cdd	BLOSUM62	0.01
QUERY	Query_75	Peptide	479	nad4_Conapa1_feature_44_from_C_4, ORGANISM Genus species Unclassified.,
DOMAINS
3	Query_75	Specific	235622	13	418	1.77044e-121	363.753	PRK05846	PRK05846	-	45
ENDDOMAINS
ENDQUERY
QUERY	Query_77	Peptide	260	atp6_Conapa1_feature_60_from_C_4, ORGANISM Genus species Unclassified.,
DOMAINS
3	Query_77	Superfamily	351082	12	231	1.81755e-22	92.3771	cl00413	ATP-synt_A	-	-
ENDDOMAINS
ENDQUERY
QUERY	Query_78	Peptide	225	nad6_Conapa1_feature_66_from_C_4, ORGANISM Genus species Unclassified.,
DOMAINS
3	Query_78	Superfamily	354830	14	120	3.58198e-15	71.0205	cl21484	Oxidored_q3	C	-
ENDDOMAINS
ENDQUERY
QUERY	Query_79	Peptide	337	nad1_Conapa1_feature_2_from_C_5, ORGANISM Genus species Unclassified.,
DOMAINS
3	Query_79	Specific	333876	20	201	2.32585e-65	208.481	pfam00146	NADHdh	C	351105
ENDDOMAINS
ENDQUERY
QUERY	Query_80	Peptide	371	cob_Conapa1_feature_4_from_C_5, ORGANISM Genus species Unclassified.,
DOMAINS
3	Query_80	Specific	214440	10	366	7.96524e-165	464.64	MTH00156	CYTB	-	45
ENDDOMAINS
ENDQUERY
QUERY	Query_81	Peptide	413	orf413_Conapa1_feature_8_from_C_5, ORGANISM Genus species Unclassified.,
DOMAINS
3	Query_81	Non-specific	214368	57	409	0.000670735	41.8483	CHL00117	rpoC2	NC	45
ENDDOMAINS
ENDQUERY
QUERY	Query_83	Peptide	671	nad5_Conapa1_feature_12_from_C_5, ORGANISM Genus species Unclassified.,
DOMAINS
3	Query_83	Non-specific	235836	1	479	2.84302e-169	497.759	PRK06590	PRK06590	C	45
ENDDOMAINS
ENDQUERY
QUERY	Query_84	Peptide	88	nad4L_Conapa1_feature_14_from_C_5, ORGANISM Genus species Unclassified.,
DOMAINS
3	Query_84	Superfamily	351118	3	86	6.16236e-15	63.6575	cl00492	Oxidored_q2	-	-
ENDDOMAINS
ENDQUERY
QUERY	Query_85	Peptide	73	atp9_Conapa1_feature_26_from_C_5, ORGANISM Genus species Unclassified.,
DOMAINS
3	Query_85	Superfamily	351103	1	72	1.0758e-16	66.7966	cl00466	ATP-synt_C	-	-
ENDDOMAINS
ENDQUERY
QUERY	Query_86	Peptide	269	cox3_Conapa1_feature_36_from_C_5, ORGANISM Genus species Unclassified.,
DOMAINS
3	Query_86	Specific	238834	23	266	7.38282e-110	316.765	cd01665	Cyt_c_Oxidase_III	-	294143
ENDDOMAINS
SITES
3	Query_86	Specific	Subunit I/III interface	E81,N84,G85,S96,F99,S103,V104,H110,G198,V199,S202,A206	12	12	238834
3	Query_86	Specific	Subunit III/Vb interface	G165	1	1	238834
3	Query_86	Specific	Subunit III/VIa interface	F134,A135,I136,Y153,I179,S189,E190,A191,S196,D197,G198	11	11	238834
3	Query_86	Specific	Subunit III/VIb interface	L126	1	1	238834
3	Query_86	Specific	Subunit III/VIIa interface	L63,R66,D67,I70,S73,Y74,L75	7	7	238834
3	Query_86	Specific	Phospholipid binding site	W64,F65,V68,V69,A72,H78,G89,I90,F93,F221,R228,N240,G241	13	13	238834
ENDSITES
ENDQUERY
QUERY	Query_87	Peptide	328	nad4_Conapa1_feature_38_from_C_5, ORGANISM Genus species Unclassified.,
DOMAINS
3	Query_87	Non-specific	235622	272	328	1.51164e-06	49.4306	PRK05846	PRK05846	N	45
ENDDOMAINS
ENDQUERY
QUERY	Query_88	Peptide	249	cox2_Conapa1_feature_48_from_C_5, ORGANISM Genus species Unclassified.,
DOMAINS
3	Query_88	Non-specific	214402	6	246	1.44487e-112	322.855	MTH00023	COX2	-	45
ENDDOMAINS
ENDQUERY
QUERY	Query_89	Peptide	73	atp9_Conapa1_feature_2_from_C_6, ORGANISM Genus species Unclassified.,
DOMAINS
3	Query_89	Superfamily	351103	1	72	1.0758e-16	66.7966	cl00466	ATP-synt_C	-	-
ENDDOMAINS
ENDQUERY
QUERY	Query_90	Peptide	269	cox3_Conapa1_feature_12_from_C_6, ORGANISM Genus species Unclassified.,
DOMAINS
3	Query_90	Specific	238834	23	266	7.38282e-110	316.765	cd01665	Cyt_c_Oxidase_III	-	294143
ENDDOMAINS
SITES
3	Query_90	Specific	Subunit I/III interface	E81,N84,G85,S96,F99,S103,V104,H110,G198,V199,S202,A206	12	12	238834
3	Query_90	Specific	Subunit III/Vb interface	G165	1	1	238834
3	Query_90	Specific	Subunit III/VIa interface	F134,A135,I136,Y153,I179,S189,E190,A191,S196,D197,G198	11	11	238834
3	Query_90	Specific	Subunit III/VIb interface	L126	1	1	238834
3	Query_90	Specific	Subunit III/VIIa interface	L63,R66,D67,I70,S73,Y74,L75	7	7	238834
3	Query_90	Specific	Phospholipid binding site	W64,F65,V68,V69,A72,H78,G89,I90,F93,F221,R228,N240,G241	13	13	238834
ENDSITES
ENDQUERY
QUERY	Query_91	Peptide	497	nad4_Conapa1_feature_14_from_C_6, ORGANISM Genus species Unclassified.,
DOMAINS
3	Query_91	Specific	235622	1	497	6.43831e-143	419.607	PRK05846	PRK05846	-	45
ENDDOMAINS
ENDQUERY
QUERY	Query_92	Peptide	249	cox2_Conapa1_feature_24_from_C_6, ORGANISM Genus species Unclassified.,
DOMAINS
3	Query_92	Non-specific	214402	6	246	1.44487e-112	322.855	MTH00023	COX2	-	45
ENDDOMAINS
ENDQUERY
QUERY	Query_93	Peptide	255	atp6_Conapa1_feature_30_from_C_6, ORGANISM Genus species Unclassified.,
DOMAINS
3	Query_93	Specific	273458	30	252	1.63943e-45	151.975	TIGR01131	ATP_synt_6_or_A	-	351082
ENDDOMAINS
ENDQUERY
QUERY	Query_94	Peptide	227	nad6_Conapa1_feature_36_from_C_6, ORGANISM Genus species Unclassified.,
DOMAINS
3	Query_94	Superfamily	354830	15	122	3.21968e-17	76.4133	cl21484	Oxidored_q3	C	-
ENDDOMAINS
ENDQUERY
QUERY	Query_95	Peptide	53	atp8_Conapa1_feature_48_from_C_6, ORGANISM Genus species Unclassified.,
DOMAINS
3	Query_95	Non-specific	283561	1	48	8.43237e-06	37.771	pfam05933	Fun_ATP-synt_8	-	45
ENDDOMAINS
ENDQUERY
QUERY	Query_96	Peptide	527	cox1_Conapa1_feature_56_from_C_6, ORGANISM Genus species Unclassified.,
DOMAINS
3	Query_96	Specific	238833	7	511	0	852.16	cd01663	Cyt_c_Oxidase_I	-	350997
ENDDOMAINS
SITES
3	Query_96	Specific	Binuclear center (heme a3/CuB)	H239,H288,H289,H374	4	4	238833
3	Query_96	Specific	Low-spin heme (heme a) binding site	H60,H376,S380,T422,S459	5	5	238833
3	Query_96	Specific	D-pathway	Y16,N79,D90,N97,S100,S155,S156,N162,T166	9	9	238833
3	Query_96	Specific	K-pathway	H239,Y243,S254,H288,H289,T314,K317	7	7	238833
3	Query_96	Specific	Electron transfer pathway	F375,R436,R437	3	3	238833
3	Query_96	Specific	Putative proton exit pathway	H289,H366,D367,R436,R437	5	5	238833
3	Query_96	Specific	Putative water exit pathway	D226,Q231,H232,D362,H366,D367,R436	7	7	238833
3	Query_96	Specific	Subunit I/II interface	N54,D226,K263,F266,G267,S292,V293,G294,V297,R300,M308,I316,F319,Y326,G327,G328,I340,N358,A359,L361,V363,A364,F365,H366,D367,L431,A432,R436,R437,I438,G447,W448	32	32	238833
3	Query_96	Specific	Subunit I/III interface	T7,P89,F93,R95,W102,D143,F147,S165,N169,V189,L196,P199,M207,T216,S217,F218,G223,G224,D226,F236,Y273,F276,G279,I280,L284	25	25	238833
3	Query_96	Specific	Subunit I/IV interface	L36,S39,S40,F406,K409,I410,D443,I461	8	8	238833
3	Query_96	Specific	Subunit I/Vb interface	P264,Y268,T510	3	3	238833
3	Query_96	Specific	Subunit I/VIa interface	I134,R212,N213,F214,N215	5	5	238833
3	Query_96	Specific	Subunit I/VIb interface	G294	1	1	238833
3	Query_96	Specific	Subunit I/VIc interface	G327	1	1	238833
3	Query_96	Specific	Subunit I/VIIa interface	L113,L116	2	2	238833
3	Query_96	Specific	Subunit I/VIIb interface	D443,G447	2	2	238833
3	Query_96	Specific	Subunit I/VIIc interface	F22,I26,A29,L33,S115,L116,I398,Y471,F474	9	9	238833
3	Query_96	Specific	Subunit I/VIIIb interface	L407,L464	2	2	238833
3	Query_96	Specific	Dimer interface	V189,L196,F236,Y273,F276,G279,I280,L284	8	8	238833
ENDSITES
ENDQUERY
QUERY	Query_97	Peptide	64	nad4L_Conapa1_feature_64_from_C_6, ORGANISM Genus species Unclassified.,
DOMAINS
3	Query_97	Superfamily	351118	1	62	1.14771e-09	49.2602	cl00492	Oxidored_q2	N	-
ENDDOMAINS
ENDQUERY
QUERY	Query_98	Peptide	667	nad5_Conapa1_feature_66_from_C_6, ORGANISM Genus species Unclassified.,
DOMAINS
3	Query_98	Non-specific	235836	1	256	1.86556e-16	82.8989	PRK06590	PRK06590	C	45
3	Query_98	Non-specific	214400	529	615	7.90563e-10	61.6315	MTH00020	ND5	N	45
ENDDOMAINS
ENDQUERY
QUERY	Query_99	Peptide	177	nad4_Conapa1_feature_2_from_C_7, ORGANISM Genus species Unclassified.,
DOMAINS
3	Query_99	Non-specific	235622	1	177	2.60584e-45	154.975	PRK05846	PRK05846	N	45
ENDDOMAINS
ENDQUERY
QUERY	Query_100	Peptide	163	cox3_Conapa1_feature_4_from_C_7, ORGANISM Genus species Unclassified.,
DOMAINS
3	Query_100	Superfamily	294143	5	158	5.94904e-27	101.053	cl00211	Heme_Cu_Oxidase_III_like	N	-
ENDDOMAINS
SITES
3	Query_100	Generic	Subunit I/III interface	S7,V8,S106,I107,S110	9	5	238227
ENDSITES
ENDQUERY
QUERY	Query_101	Peptide	73	atp9_Conapa1_feature_16_from_C_7, ORGANISM Genus species Unclassified.,
DOMAINS
3	Query_101	Superfamily	351103	1	72	1.0758e-16	66.7966	cl00466	ATP-synt_C	-	-
ENDDOMAINS
ENDQUERY
QUERY	Query_103	Peptide	64	nad4L_Conapa1_feature_26_from_C_7, ORGANISM Genus species Unclassified.,
DOMAINS
3	Query_103	Superfamily	351118	1	62	1.14771e-09	49.2602	cl00492	Oxidored_q2	N	-
ENDDOMAINS
ENDQUERY
QUERY	Query_104	Peptide	679	nad5_Conapa1_feature_28_from_C_7, ORGANISM Genus species Unclassified.,
DOMAINS
3	Query_104	Non-specific	235836	1	619	0	558.235	PRK06590	PRK06590	-	45
ENDDOMAINS
ENDQUERY
QUERY	Query_107	Peptide	411	rps3_Conapa1_feature_34_from_C_7, ORGANISM Genus species Unclassified.,
DOMAINS
3	Query_107	Non-specific	223350	94	142	0.00711147	38.3326	COG0272	Lig	NC	45
ENDDOMAINS
ENDQUERY
QUERY	Query_108	Peptide	129	nad3_Conapa1_feature_40_from_C_7, ORGANISM Genus species Unclassified.,
DOMAINS
3	Query_108	Specific	334119	19	112	2.12843e-21	81.3074	pfam00507	Oxidored_q4	-	351141
ENDDOMAINS
ENDQUERY
QUERY	Query_109	Peptide	109	nad2_Conapa1_feature_42_from_C_7, ORGANISM Genus species Unclassified.,
DOMAINS
3	Query_109	Superfamily	356474	1	49	4.15102e-10	54.8269	cl29598	Proton_antipo_M	N	-
3	Query_109	Non-specific	214453	2	107	2.40919e-08	50.0287	MTH00196	ND2	N	45
ENDDOMAINS
ENDQUERY
QUERY	Query_110	Peptide	338	nad1_Conapa1_feature_44_from_C_7, ORGANISM Genus species Unclassified.,
DOMAINS
3	Query_110	Specific	333876	20	326	5.8658e-121	350.234	pfam00146	NADHdh	-	351105
ENDDOMAINS
ENDQUERY
QUERY	Query_111	Peptide	386	cob_Conapa1_feature_46_from_C_7, ORGANISM Genus species Unclassified.,
DOMAINS
3	Query_111	Specific	214440	10	366	1.05276e-165	467.722	MTH00156	CYTB	-	45
ENDDOMAINS
ENDQUERY
ENDSESSION	3
SESSION	4	blastp	2.10.0+	/opt/rpsbproc/db/Cdd	BLOSUM62	0.01
QUERY	Query_114	Peptide	434	nad5_Conapa1_feature_54_from_C_7, ORGANISM Genus species Unclassified.,
DOMAINS
4	Query_114	Non-specific	235836	18	73	1.3591e-09	59.7869	PRK06590	PRK06590	NC	45
ENDDOMAINS
ENDQUERY
QUERY	Query_115	Peptide	148	orf148_Conapa1_feature_2_from_C_8, ORGANISM Genus species Unclassified.,
DOMAINS
4	Query_115	Superfamily	355698	1	142	1.43177e-11	60.4396	cl28058	DNA_pol_B_2	C	-
ENDDOMAINS
ENDQUERY
QUERY	Query_116	Peptide	116	orf116_Conapa1_feature_4_from_C_8, ORGANISM Genus species Unclassified.,
DOMAINS
4	Query_116	Superfamily	355698	3	107	1.62358e-24	95.8779	cl28058	DNA_pol_B_2	NC	-
ENDDOMAINS
ENDQUERY
QUERY	Query_117	Peptide	113	orf112_Conapa1_feature_6_from_C_8, ORGANISM Genus species Unclassified.,
DOMAINS
4	Query_117	Superfamily	355698	7	102	1.7276e-15	70.4547	cl28058	DNA_pol_B_2	NC	-
ENDDOMAINS
ENDQUERY
QUERY	Query_118	Peptide	134	orf134_Conapa1_feature_8_from_C_8, ORGANISM Genus species Unclassified.,
DOMAINS
4	Query_118	Superfamily	355698	1	121	1.1585e-13	66.2176	cl28058	DNA_pol_B_2	N	-
ENDDOMAINS
ENDQUERY
QUERY	Query_119	Peptide	132	orf132_Conapa1_feature_10_from_C_8, ORGANISM Genus species Unclassified.,
DOMAINS
4	Query_119	Superfamily	355698	30	89	8.80815e-06	43.6108	cl28058	DNA_pol_B_2	N	-
ENDDOMAINS
ENDQUERY
QUERY	Query_120	Peptide	90	nad3_Conapa1_feature_12_from_C_8, ORGANISM Genus species Unclassified.,
DOMAINS
4	Query_120	Specific	334119	19	71	3.3533e-17	69.3662	pfam00507	Oxidored_q4	C	351141
ENDDOMAINS
ENDQUERY
QUERY	Query_121	Peptide	327	nad2_Conapa1_feature_14_from_C_8, ORGANISM Genus species Unclassified.,
DOMAINS
4	Query_121	Superfamily	356474	16	65	1.15602e-09	59.0641	cl29598	Proton_antipo_M	NC	-
ENDDOMAINS
ENDQUERY
QUERY	Query_122	Peptide	338	nad1_Conapa1_feature_16_from_C_8, ORGANISM Genus species Unclassified.,
DOMAINS
4	Query_122	Specific	333876	20	326	3.22016e-120	348.308	pfam00146	NADHdh	-	351105
ENDDOMAINS
ENDQUERY
QUERY	Query_123	Peptide	385	cob_Conapa1_feature_18_from_C_8, ORGANISM Genus species Unclassified.,
DOMAINS
4	Query_123	Specific	214440	10	366	1.36192e-165	467.337	MTH00156	CYTB	-	45
ENDDOMAINS
ENDQUERY
QUERY	Query_126	Peptide	671	nad5_Conapa1_feature_26_from_C_8, ORGANISM Genus species Unclassified.,
DOMAINS
4	Query_126	Non-specific	235836	1	619	0	559.776	PRK06590	PRK06590	-	45
ENDDOMAINS
ENDQUERY
QUERY	Query_127	Peptide	64	nad4L_Conapa1_feature_28_from_C_8, ORGANISM Genus species Unclassified.,
DOMAINS
4	Query_127	Superfamily	351118	1	62	1.14771e-09	49.2602	cl00492	Oxidored_q2	N	-
ENDDOMAINS
ENDQUERY
QUERY	Query_128	Peptide	525	cox1_Conapa1_feature_36_from_C_8, ORGANISM Genus species Unclassified.,
DOMAINS
4	Query_128	Superfamily	350997	7	470	0	623.351	cl00275	Heme_Cu_Oxidase_I	-	-
ENDDOMAINS
SITES
4	Query_128	Generic	Binuclear center (active site)	H238,H302,S303,H372	4	4	238461
4	Query_128	Generic	Low-spin heme binding site	S31,R35,F53,H60,M64,I65,V69,W124,Y367,H374,L377,S378,R434,R435,F464	15	15	238461
4	Query_128	Generic	D-pathway	Y16,N79,D90,N97,S100,S154,S155,N161,T165	9	9	238461
4	Query_128	Generic	K-pathway	H238,Y242,W268,H302,S303	7	5	238461
4	Query_128	Generic	Putative proton exit pathway	S303,H364,D365,R434,R435	5	5	238461
4	Query_128	Generic	Putative water exit pathway	D225,Q230,H231,D360,H364,D365,R434	7	7	238461
ENDSITES
ENDQUERY
QUERY	Query_130	Peptide	124	cox2_Conapa1_feature_8_from_C_9, ORGANISM Genus species Unclassified.,
DOMAINS
4	Query_130	Superfamily	354382	7	118	2.8601e-39	127.687	cl19115	Cupredoxin	-	-
ENDDOMAINS
SITES
4	Query_130	Specific	subunit I/II interface	K87,D89,P92,R94,N96,Q111,C112,S113,E114,V118	12	10	259979
4	Query_130	Specific	subunit II/IV interface	T107,Y109	2	2	259979
4	Query_130	Specific	subunit II/VIb interface	P7,T8,T10,K12,R29,N69,R94,L95,N96,Q97	11	10	259979
ENDSITES
ENDQUERY
QUERY	Query_131	Peptide	65	atp6_Conapa1_feature_14_from_C_9, ORGANISM Genus species Unclassified.,
DOMAINS
4	Query_131	Specific	349411	27	63	0.000551919	35.0677	cd00310	ATP-synt_Fo_a_6	C	45
ENDDOMAINS
SITES
ENDSITES
ENDQUERY
QUERY	Query_132	Peptide	148	nad6_Conapa1_feature_20_from_C_9, ORGANISM Genus species Unclassified.,
DOMAINS
4	Query_132	Superfamily	354830	7	78	0.000152026	39.5989	cl21484	Oxidored_q3	C	-
ENDDOMAINS
ENDQUERY
QUERY	Query_133	Peptide	527	cox1_Conapa1_feature_38_from_C_9, ORGANISM Genus species Unclassified.,
DOMAINS
4	Query_133	Superfamily	350997	7	81	1.67966e-33	132.607	cl00275	Heme_Cu_Oxidase_I	C	-
ENDDOMAINS
SITES
4	Query_133	Generic	Low-spin heme binding site	S31,R35,F53,H60,M64,I65,V69	15	7	238461
4	Query_133	Generic	D-pathway	Y16,N79	9	2	238461
ENDSITES
ENDQUERY
QUERY	Query_135	Peptide	88	nad4L_Conapa1_feature_48_from_C_9, ORGANISM Genus species Unclassified.,
DOMAINS
4	Query_135	Superfamily	351118	3	86	6.16236e-15	63.6575	cl00492	Oxidored_q2	-	-
ENDDOMAINS
ENDQUERY
QUERY	Query_136	Peptide	679	nad5_Conapa1_feature_50_from_C_9, ORGANISM Genus species Unclassified.,
DOMAINS
4	Query_136	Non-specific	235836	1	619	0	558.235	PRK06590	PRK06590	-	45
ENDDOMAINS
ENDQUERY
QUERY	Query_140	Peptide	362	cob_Conapa1_feature_60_from_C_9, ORGANISM Genus species Unclassified.,
DOMAINS
4	Query_140	Non-specific	177203	201	357	1.51708e-51	175.479	MTH00145	CYTB	N	45
ENDDOMAINS
ENDQUERY
QUERY	Query_153	Peptide	58	nad4L_Conapa1_feature_10_from_C_11, ORGANISM Genus species Unclassified.,
DOMAINS
4	Query_153	Superfamily	351118	5	58	0.000244914	35.393	cl00492	Oxidored_q2	C	-
ENDDOMAINS
ENDQUERY
QUERY	Query_154	Peptide	560	nad5_Conapa1_feature_12_from_C_11, ORGANISM Genus species Unclassified.,
DOMAINS
4	Query_154	Non-specific	235836	1	555	8.29186e-177	512.782	PRK06590	PRK06590	-	45
ENDDOMAINS
ENDQUERY
QUERY	Query_156	Peptide	386	cob_Conapa1_feature_18_from_C_11, ORGANISM Genus species Unclassified.,
DOMAINS
4	Query_156	Specific	214440	10	366	1.05276e-165	467.722	MTH00156	CYTB	-	45
ENDDOMAINS
ENDQUERY
ENDSESSION	4
SESSION	5	blastp	2.10.0+	/opt/rpsbproc/db/Cdd	BLOSUM62	0.01
QUERY	Query_157	Peptide	338	nad1_Conapa1_feature_20_from_C_11, ORGANISM Genus species Unclassified.,
DOMAINS
5	Query_157	Specific	333876	20	326	5.8658e-121	350.234	pfam00146	NADHdh	-	351105
ENDDOMAINS
ENDQUERY
QUERY	Query_158	Peptide	465	nad2_Conapa1_feature_22_from_C_11, ORGANISM Genus species Unclassified.,
DOMAINS
5	Query_158	Superfamily	356474	258	290	3.93068e-06	49.0489	cl29598	Proton_antipo_M	NC	-
5	Query_158	Superfamily	356474	31	75	0.000532783	42.1153	cl29598	Proton_antipo_M	NC	-
ENDDOMAINS
ENDQUERY
QUERY	Query_159	Peptide	121	nad3_Conapa1_feature_24_from_C_11, ORGANISM Genus species Unclassified.,
DOMAINS
5	Query_159	Specific	334119	19	112	1.31024e-22	84.389	pfam00507	Oxidored_q4	-	351141
ENDDOMAINS
ENDQUERY
QUERY	Query_161	Peptide	435	nad5_Conapa1_feature_32_from_C_11, ORGANISM Genus species Unclassified.,
DOMAINS
5	Query_161	Non-specific	235836	1	93	4.85211e-24	104.47	PRK06590	PRK06590	NC	45
5	Query_161	Non-specific	177253	296	427	0.00124574	41.1468	MTH00210	ND5	N	45
ENDDOMAINS
ENDQUERY
ENDSESSION	5
ENDDATA
