#Post-RPSBLAST Processing Utility

#Input data file:	Coraus1_MitoAssemblyScaffolds.fasta.new.sqn.gbf_converted.faa.asn
#Output data file:	Coraus1_MitoAssemblyScaffolds.fasta.new.sqn.gbf_converted.faa.asn.out
#Annotation data at:	/opt/rpsbproc/data
#E-Value cutoff:	0.01
#Redundancy:	Concise
#Data requested:	Domain hits and site annotations
#Output format -- tab-delimited table
#Show superfamilies: NO
#DATA
#SESSION	<session-ordinal>	<program>	<database>	<score-matrix>	<evalue-threshold>
#QUERY	<query-id>	<seq-type>	<seq-length>	<definition-line>
#DOMAINS
#<session-ordinal>	<query-id[readingframe]>	<hit-type>	<PSSM-ID>	<from>	<to>	<E-Value>	<bitscore>	<accession>	<short-name>	<incomplete>	<superfamily PSSM-ID>
#more such lines......
#ENDDOMAINS
#SITES
#<session-ordinal>	<query-id[readingframe]>	<annot-type>	<title>	<residue(coordinates)>	<complete-size>	<mapped-size>	<source-domain>
#more such lines......
#ENDSITES
#MOTIFS
#<session-ordinal>	<query-id[readingframe]>	<title>	<from>	<to>	<source-domain>
#more such lines......
#ENDMOTIFS
#ENDQUERY	<query-id>
#more query sections..
#ENDSESSION	<session-ordinal>
#more session sections..
#ENDDATA
#=====================================================================
DATA
SESSION	1	blastp	2.10.0+	/opt/rpsbproc/db/Cdd	BLOSUM62	0.01
QUERY	Query_1	Peptide	232	orf232_Coraus1_feature_2_from_C_0, ORGANISM Genus species Unclassified.,
DOMAINS
1	Query_1	Specific	334330	75	186	1.8114e-19	79.973	pfam00961	LAGLIDADG_1	-	45
ENDDOMAINS
ENDQUERY
QUERY	Query_2	Peptide	439	cox1_Coraus1_feature_4_from_C_0, ORGANISM Genus species Unclassified.,
DOMAINS
1	Query_2	Specific	238833	5	423	0	685.368	cd01663	Cyt_c_Oxidase_I	-	350997
ENDDOMAINS
SITES
1	Query_2	Specific	Binuclear center (heme a3/CuB)	Q151,H200,H201,H286	4	4	238833
1	Query_2	Specific	K-pathway	Q151,Y155,S166,H200,H201,T226,K229	7	7	238833
1	Query_2	Specific	Electron transfer pathway	F287,R348,R349	3	3	238833
1	Query_2	Specific	Putative proton exit pathway	H201,H278,D279,R348,R349	5	5	238833
1	Query_2	Specific	Putative water exit pathway	D138,Q143,H144,D274,H278,D279,R348	7	7	238833
1	Query_2	Specific	Subunit I/II interface	D138,K175,F178,G179,S204,V205,G206,V209,R212,M220,I228,F231,Y238,G239,G240,L252,N270,A271,L273,I275,A276,F277,H278,D279,L343,A344,R348,R349,I350,G359,W360	32	31	238833
1	Query_2	Specific	Subunit I/III interface	F5,R7,W14,D55,F59,S77,N81,V101,L108,P111,M119,T128,S129,F130,G135,G136,D138,F148,Y185,F188,G191,I192,L196	25	23	238833
1	Query_2	Specific	Subunit I/Vb interface	P176,Y180,T422	3	3	238833
1	Query_2	Specific	Subunit I/VIa interface	I46,R124,N125,F126,N127	5	5	238833
1	Query_2	Specific	Subunit I/VIb interface	G206	1	1	238833
1	Query_2	Specific	Subunit I/VIc interface	G239	1	1	238833
1	Query_2	Specific	Subunit I/VIIa interface	M25,L28	2	2	238833
1	Query_2	Specific	Subunit I/VIIb interface	D355,G359	2	2	238833
1	Query_2	Specific	Subunit I/VIIIb interface	L319,I376	2	2	238833
1	Query_2	Specific	Dimer interface	V101,L108,F148,Y185,F188,G191,I192,L196	8	8	238833
ENDSITES
ENDQUERY
QUERY	Query_3	Peptide	377	orf377_Coraus1_feature_8_from_C_0, ORGANISM Genus species Unclassified.,
DOMAINS
1	Query_3	Specific	334330	93	187	1.56e-17	76.8914	pfam00961	LAGLIDADG_1	-	45
1	Query_3	Specific	334330	249	337	2.41619e-05	42.6087	pfam00961	LAGLIDADG_1	-	45
ENDDOMAINS
ENDQUERY
QUERY	Query_4	Peptide	359	orf359_Coraus1_feature_12_from_C_0, ORGANISM Genus species Unclassified.,
DOMAINS
1	Query_4	Specific	334330	216	321	1.08102e-13	66.1058	pfam00961	LAGLIDADG_1	-	45
1	Query_4	Specific	334330	94	181	4.25039e-12	61.8686	pfam00961	LAGLIDADG_1	-	45
ENDDOMAINS
ENDQUERY
QUERY	Query_5	Peptide	294	orf294_Coraus1_feature_16_from_C_0, ORGANISM Genus species Unclassified.,
DOMAINS
1	Query_5	Specific	334330	166	262	2.04281e-12	62.2538	pfam00961	LAGLIDADG_1	-	45
1	Query_5	Specific	334330	47	135	7.37437e-11	57.6315	pfam00961	LAGLIDADG_1	-	45
ENDDOMAINS
ENDQUERY
QUERY	Query_6	Peptide	378	orf378_Coraus1_feature_20_from_C_0, ORGANISM Genus species Unclassified.,
DOMAINS
1	Query_6	Specific	334330	151	229	3.85929e-07	47.6163	pfam00961	LAGLIDADG_1	-	45
1	Query_6	Specific	334330	257	337	5.43886e-05	41.4531	pfam00961	LAGLIDADG_1	-	45
ENDDOMAINS
ENDQUERY
QUERY	Query_7	Peptide	536	orf536_Coraus1_feature_24_from_C_0, ORGANISM Genus species Unclassified.,
DOMAINS
1	Query_7	Specific	334330	311	377	4.72389e-06	45.3051	pfam00961	LAGLIDADG_1	C	45
1	Query_7	Specific	334330	417	503	0.00280664	37.2159	pfam00961	LAGLIDADG_1	-	45
ENDDOMAINS
ENDQUERY
QUERY	Query_8	Peptide	230	orf230_Coraus1_feature_28_from_C_0, ORGANISM Genus species Unclassified.,
DOMAINS
1	Query_8	Specific	335245	38	204	2.24728e-48	156.552	pfam03161	LAGLIDADG_2	-	45
ENDDOMAINS
ENDQUERY
QUERY	Query_9	Peptide	290	orf290_Coraus1_feature_32_from_C_0, ORGANISM Genus species Unclassified.,
DOMAINS
1	Query_9	Specific	335245	84	265	1.57394e-52	169.264	pfam03161	LAGLIDADG_2	-	45
ENDDOMAINS
ENDQUERY
QUERY	Query_10	Peptide	342	orf342_Coraus1_feature_36_from_C_0, ORGANISM Genus species Unclassified.,
DOMAINS
1	Query_10	Specific	273636	49	254	1.37648e-55	180.274	TIGR01453	grpIintron_endo	-	45
1	Query_10	Specific	197761	287	338	1.93067e-05	41.3994	smart00497	IENR1	-	299755
ENDDOMAINS
ENDQUERY
QUERY	Query_11	Peptide	336	orf336_Coraus1_feature_40_from_C_0, ORGANISM Genus species Unclassified.,
DOMAINS
1	Query_11	Specific	334330	66	160	2.12348e-12	62.2538	pfam00961	LAGLIDADG_1	-	45
1	Query_11	Specific	334330	245	334	3.77013e-11	58.7871	pfam00961	LAGLIDADG_1	-	45
ENDDOMAINS
ENDQUERY
QUERY	Query_12	Peptide	173	orf173_Coraus1_feature_44_from_C_0, ORGANISM Genus species Unclassified.,
DOMAINS
1	Query_12	Specific	198392	70	154	3.18778e-21	82.2736	cd10445	GIY-YIG_bI1_like	-	353929
ENDDOMAINS
SITES
1	Query_12	Specific	putative active site	Y71,Y82,G84,R92,Y96,E143	7	6	198392
1	Query_12	Specific	putative metal binding site	E143	1	1	198392
1	Query_12	Specific	GIY-YIG motif/motif A	I70,Y71,Y82,V83,G84	6	5	198392
ENDSITES
ENDQUERY
QUERY	Query_13	Peptide	88	nad4L_Coraus1_feature_51_from_C_0, ORGANISM Genus species Unclassified.,
DOMAINS
1	Query_13	Superfamily	351118	3	87	1.25559e-14	62.7421	cl00492	Oxidored_q2	-	-
ENDDOMAINS
ENDQUERY
QUERY	Query_14	Peptide	727	nad5_Coraus1_feature_53_from_C_0, ORGANISM Genus species Unclassified.,
DOMAINS
1	Query_14	Non-specific	177253	1	668	0	553.077	MTH00210	ND5	-	45
ENDDOMAINS
ENDQUERY
QUERY	Query_15	Peptide	487	nad4_Coraus1_feature_62_from_C_0, ORGANISM Genus species Unclassified.,
DOMAINS
1	Query_15	Specific	235622	32	484	6.03945e-143	419.222	PRK05846	PRK05846	-	45
ENDDOMAINS
ENDQUERY
QUERY	Query_18	Peptide	340	nad1_Coraus1_feature_70_from_C_0, ORGANISM Genus species Unclassified.,
DOMAINS
1	Query_18	Specific	333876	22	328	1.86083e-118	344.071	pfam00146	NADHdh	-	351105
ENDDOMAINS
ENDQUERY
QUERY	Query_20	Peptide	391	cob_Coraus1_feature_79_from_C_0, ORGANISM Genus species Unclassified.,
DOMAINS
1	Query_20	Specific	214440	10	366	0	511.25	MTH00156	CYTB	-	45
ENDDOMAINS
ENDQUERY
QUERY	Query_21	Peptide	491	orf491_Coraus1_feature_83_from_C_0, ORGANISM Genus species Unclassified.,
DOMAINS
1	Query_21	Specific	334330	364	459	0.0054974	36.4455	pfam00961	LAGLIDADG_1	-	45
ENDDOMAINS
ENDQUERY
QUERY	Query_22	Peptide	269	orf269_Coraus1_feature_87_from_C_0, ORGANISM Genus species Unclassified.,
DOMAINS
1	Query_22	Specific	335245	76	250	7.88234e-58	181.975	pfam03161	LAGLIDADG_2	-	45
ENDDOMAINS
ENDQUERY
QUERY	Query_23	Peptide	283	orf283_Coraus1_feature_91_from_C_0, ORGANISM Genus species Unclassified.,
DOMAINS
1	Query_23	Specific	335245	44	263	2.28095e-29	109.173	pfam03161	LAGLIDADG_2	-	45
ENDDOMAINS
ENDQUERY
QUERY	Query_24	Peptide	407	orf407_Coraus1_feature_95_from_C_0, ORGANISM Genus species Unclassified.,
DOMAINS
1	Query_24	Specific	334330	74	167	4.22701e-16	73.4246	pfam00961	LAGLIDADG_1	-	45
1	Query_24	Specific	339260	220	298	0.000540581	38.2976	pfam14528	LAGLIDADG_3	-	352872
ENDDOMAINS
ENDQUERY
QUERY	Query_27	Peptide	73	atp9_Coraus1_feature_104_from_C_0, ORGANISM Genus species Unclassified.,
DOMAINS
1	Query_27	Superfamily	351103	1	72	1.0758e-16	66.7966	cl00466	ATP-synt_C	-	-
ENDDOMAINS
ENDQUERY
QUERY	Query_28	Peptide	126	nad3_Coraus1_feature_120_from_C_0, ORGANISM Genus species Unclassified.,
DOMAINS
1	Query_28	Specific	334119	19	112	4.20061e-27	95.945	pfam00507	Oxidored_q4	-	351141
ENDDOMAINS
ENDQUERY
QUERY	Query_29	Peptide	604	nad2_Coraus1_feature_122_from_C_0, ORGANISM Genus species Unclassified.,
DOMAINS
1	Query_29	Specific	235603	159	592	1.781e-75	248.197	PRK05777	PRK05777	N	356474
ENDDOMAINS
ENDQUERY
ENDSESSION	1
SESSION	2	blastp	2.10.0+	/opt/rpsbproc/db/Cdd	BLOSUM62	0.01
QUERY	Query_33	Peptide	240	orf240_Coraus1_feature_132_from_C_0, ORGANISM Genus species Unclassified.,
DOMAINS
2	Query_33	Specific	335245	42	218	3.53749e-47	153.856	pfam03161	LAGLIDADG_2	-	45
ENDDOMAINS
ENDQUERY
QUERY	Query_34	Peptide	38	orf39_Coraus1_feature_134_from_C_0, ORGANISM Genus species Unclassified.,
DOMAINS
2	Query_34	Specific	334330	3	32	2.99166e-05	36.8307	pfam00961	LAGLIDADG_1	N	45
ENDDOMAINS
ENDQUERY
QUERY	Query_37	Peptide	338	orf338_Coraus1_feature_140_from_C_0, ORGANISM Genus species Unclassified.,
DOMAINS
2	Query_37	Specific	334330	14	120	5.89509e-15	69.5726	pfam00961	LAGLIDADG_1	-	45
2	Query_37	Specific	334330	199	292	0.000662811	38.3715	pfam00961	LAGLIDADG_1	-	45
ENDDOMAINS
ENDQUERY
QUERY	Query_39	Peptide	223	orf224_Coraus1_feature_144_from_C_0, ORGANISM Genus species Unclassified.,
DOMAINS
2	Query_39	Specific	335245	29	204	8.75054e-54	170.034	pfam03161	LAGLIDADG_2	-	45
ENDDOMAINS
ENDQUERY
QUERY	Query_40	Peptide	254	cox2_Coraus1_feature_146_from_C_0, ORGANISM Genus species Unclassified.,
DOMAINS
2	Query_40	Non-specific	214402	7	254	1.68938e-105	305.136	MTH00023	COX2	-	45
ENDDOMAINS
ENDQUERY
QUERY	Query_41	Peptide	239	orf239_Coraus1_feature_150_from_C_0, ORGANISM Genus species Unclassified.,
DOMAINS
2	Query_41	Specific	335245	46	220	6.67538e-37	127.277	pfam03161	LAGLIDADG_2	-	45
ENDDOMAINS
ENDQUERY
QUERY	Query_42	Peptide	742	orf742_Coraus1_feature_152_from_C_0, ORGANISM Genus species Unclassified.,
DOMAINS
2	Query_42	Specific	335245	543	722	1.24256e-43	154.626	pfam03161	LAGLIDADG_2	-	45
2	Query_42	Specific	334330	142	248	7.31185e-24	96.1514	pfam00961	LAGLIDADG_1	-	45
2	Query_42	Specific	334330	353	467	1.03451e-18	81.5138	pfam00961	LAGLIDADG_1	-	45
ENDDOMAINS
ENDQUERY
QUERY	Query_46	Peptide	298	orf298_Coraus1_feature_161_from_C_0, ORGANISM Genus species Unclassified.,
DOMAINS
2	Query_46	Superfamily	355471	93	243	3.35763e-17	81.6081	cl25973	RNA_pol	N	-
ENDDOMAINS
ENDQUERY
QUERY	Query_48	Peptide	223	nad6_Coraus1_feature_171_from_C_0, ORGANISM Genus species Unclassified.,
DOMAINS
2	Query_48	Superfamily	354830	3	111	6.57239e-19	80.6505	cl21484	Oxidored_q3	C	-
ENDDOMAINS
ENDQUERY
QUERY	Query_49	Peptide	50	atp8_Coraus1_feature_175_from_C_0, ORGANISM Genus species Unclassified.,
DOMAINS
2	Query_49	Non-specific	283561	1	48	0.000668365	32.7634	pfam05933	Fun_ATP-synt_8	-	45
ENDDOMAINS
ENDQUERY
QUERY	Query_50	Peptide	253	atp6_Coraus1_feature_177_from_C_0, ORGANISM Genus species Unclassified.,
DOMAINS
2	Query_50	Specific	273458	28	250	1.08944e-47	157.368	TIGR01131	ATP_synt_6_or_A	-	351082
ENDDOMAINS
ENDQUERY
QUERY	Query_52	Peptide	269	cox3_Coraus1_feature_185_from_C_0, ORGANISM Genus species Unclassified.,
DOMAINS
2	Query_52	Specific	238834	23	266	8.69208e-121	344.499	cd01665	Cyt_c_Oxidase_III	-	294143
ENDDOMAINS
SITES
2	Query_52	Specific	Subunit I/III interface	E81,N84,G85,S96,F99,S103,V104,H110,G198,V199,S202,A206	12	12	238834
2	Query_52	Specific	Subunit III/Vb interface	A165	1	1	238834
2	Query_52	Specific	Subunit III/VIa interface	F134,A135,I136,Y153,I179,S189,E190,A191,A196,D197,G198	11	11	238834
2	Query_52	Specific	Subunit III/VIb interface	L126	1	1	238834
2	Query_52	Specific	Subunit III/VIIa interface	L63,R66,D67,I70,T73,Y74,L75	7	7	238834
2	Query_52	Specific	Phospholipid binding site	W64,F65,V68,V69,G72,H78,G89,V90,F93,F221,R228,N240,G241	13	13	238834
ENDSITES
ENDQUERY
QUERY	Query_53	Peptide	254	orf254_Coraus1_feature_189_from_C_0, ORGANISM Genus species Unclassified.,
DOMAINS
2	Query_53	Specific	335245	40	235	5.31395e-48	156.167	pfam03161	LAGLIDADG_2	-	45
ENDDOMAINS
ENDQUERY
QUERY	Query_55	Peptide	305	orf306_Coraus1_feature_210_from_C_0, ORGANISM Genus species Unclassified.,
DOMAINS
2	Query_55	Superfamily	350997	7	92	1.28408e-48	168.43	cl00275	Heme_Cu_Oxidase_I	C	-
2	Query_55	Specific	334330	264	304	0.00255602	36.4455	pfam00961	LAGLIDADG_1	C	45
ENDDOMAINS
SITES
2	Query_55	Generic	Low-spin heme binding site	S31,R35,F53,H60,M64,I65,V69	15	7	238461
2	Query_55	Generic	D-pathway	Y16,N79,D90	9	3	238461
ENDSITES
ENDQUERY
ENDSESSION	2
ENDDATA
