#Post-RPSBLAST Processing Utility

#Input data file:	Crison1_MitoAssemblyScaffolds.fasta.new.sqn.gbf_converted.faa.asn
#Output data file:	Crison1_MitoAssemblyScaffolds.fasta.new.sqn.gbf_converted.faa.asn.out
#Annotation data at:	/opt/rpsbproc/data
#E-Value cutoff:	0.01
#Redundancy:	Concise
#Data requested:	Domain hits and site annotations
#Output format -- tab-delimited table
#Show superfamilies: NO
#DATA
#SESSION	<session-ordinal>	<program>	<database>	<score-matrix>	<evalue-threshold>
#QUERY	<query-id>	<seq-type>	<seq-length>	<definition-line>
#DOMAINS
#<session-ordinal>	<query-id[readingframe]>	<hit-type>	<PSSM-ID>	<from>	<to>	<E-Value>	<bitscore>	<accession>	<short-name>	<incomplete>	<superfamily PSSM-ID>
#more such lines......
#ENDDOMAINS
#SITES
#<session-ordinal>	<query-id[readingframe]>	<annot-type>	<title>	<residue(coordinates)>	<complete-size>	<mapped-size>	<source-domain>
#more such lines......
#ENDSITES
#MOTIFS
#<session-ordinal>	<query-id[readingframe]>	<title>	<from>	<to>	<source-domain>
#more such lines......
#ENDMOTIFS
#ENDQUERY	<query-id>
#more query sections..
#ENDSESSION	<session-ordinal>
#more session sections..
#ENDDATA
#=====================================================================
DATA
SESSION	1	blastp	2.10.0+	/opt/rpsbproc/db/Cdd	BLOSUM62	0.01
QUERY	Query_1	Peptide	618	cox3_Crison1_feature_20_from_C_0, ORGANISM Genus species Unclassified.,
DOMAINS
1	Query_1	Specific	238834	28	224	1.43475e-100	305.594	cd01665	Cyt_c_Oxidase_III	-	294143
ENDDOMAINS
SITES
1	Query_1	Specific	Subunit I/III interface	E86,K89,G90,S101,F104,S108,I109,H115,S203,V204,S207,C211	12	12	238834
1	Query_1	Specific	Subunit III/Vb interface	D170	1	1	238834
1	Query_1	Specific	Subunit III/VIa interface	F139,A140,I141,Y158,I184,S194,E195,A196,S201,D202,S203	11	11	238834
1	Query_1	Specific	Subunit III/VIb interface	Q131	1	1	238834
1	Query_1	Specific	Subunit III/VIIa interface	L68,R71,D72,T75,T78,L79,L80	7	7	238834
ENDSITES
ENDQUERY
QUERY	Query_2	Peptide	201	nad6_Crison1_feature_22_from_C_0, ORGANISM Genus species Unclassified.,
DOMAINS
1	Query_2	Superfamily	354830	8	195	2.96522e-21	86.2081	cl21484	Oxidored_q3	-	-
ENDDOMAINS
ENDQUERY
QUERY	Query_3	Peptide	257	atp6_Crison1_feature_24_from_C_0, ORGANISM Genus species Unclassified.,
DOMAINS
1	Query_3	Superfamily	351082	15	257	1.0967e-46	155.55	cl00413	ATP-synt_A	-	-
ENDDOMAINS
ENDQUERY
QUERY	Query_4	Peptide	122	nad3_Crison1_feature_28_from_C_0, ORGANISM Genus species Unclassified.,
DOMAINS
1	Query_4	Specific	334119	25	113	1.60708e-26	94.019	pfam00507	Oxidored_q4	-	351141
ENDDOMAINS
ENDQUERY
QUERY	Query_5	Peptide	519	nad2_Crison1_feature_30_from_C_0, ORGANISM Genus species Unclassified.,
DOMAINS
1	Query_5	Specific	235603	7	508	8.87062e-76	246.656	PRK05777	PRK05777	-	356474
ENDDOMAINS
ENDQUERY
QUERY	Query_7	Peptide	665	nad5_Crison1_feature_34_from_C_0, ORGANISM Genus species Unclassified.,
DOMAINS
1	Query_7	Non-specific	177253	1	623	0	648.992	MTH00210	ND5	-	45
ENDDOMAINS
ENDQUERY
QUERY	Query_8	Peptide	88	nad4L_Crison1_feature_36_from_C_0, ORGANISM Genus species Unclassified.,
DOMAINS
1	Query_8	Superfamily	351118	7	87	7.30628e-14	60.8162	cl00492	Oxidored_q2	-	-
ENDDOMAINS
ENDQUERY
QUERY	Query_9	Peptide	274	cox3_Crison1_feature_38_from_C_0, ORGANISM Genus species Unclassified.,
DOMAINS
1	Query_9	Specific	238834	28	271	6.51782e-119	339.877	cd01665	Cyt_c_Oxidase_III	-	294143
ENDDOMAINS
SITES
1	Query_9	Specific	Subunit I/III interface	E86,K89,G90,S101,F104,S108,I109,H115,S203,V204,S207,C211	12	12	238834
1	Query_9	Specific	Subunit III/Vb interface	D170	1	1	238834
1	Query_9	Specific	Subunit III/VIa interface	F139,A140,I141,Y158,I184,S194,E195,A196,S201,D202,S203	11	11	238834
1	Query_9	Specific	Subunit III/VIb interface	Q131	1	1	238834
1	Query_9	Specific	Subunit III/VIIa interface	L68,R71,D72,T75,T78,L79,L80	7	7	238834
1	Query_9	Specific	Phospholipid binding site	W69,F70,V73,T74,G77,H83,G94,M95,F98,F226,R233,I245,G246	13	13	238834
ENDSITES
ENDQUERY
QUERY	Query_10	Peptide	251	cox2_Crison1_feature_2_from_C_1, ORGANISM Genus species Unclassified.,
DOMAINS
1	Query_10	Non-specific	214402	7	248	4.87013e-112	321.7	MTH00023	COX2	-	45
ENDDOMAINS
ENDQUERY
QUERY	Query_11	Peptide	337	nad1_Crison1_feature_6_from_C_1, ORGANISM Genus species Unclassified.,
DOMAINS
1	Query_11	Specific	333876	19	325	3.03979e-117	340.604	pfam00146	NADHdh	-	351105
ENDDOMAINS
ENDQUERY
QUERY	Query_12	Peptide	528	cox1_Crison1_feature_8_from_C_1, ORGANISM Genus species Unclassified.,
DOMAINS
1	Query_12	Specific	238833	8	512	0	854.856	cd01663	Cyt_c_Oxidase_I	-	350997
ENDDOMAINS
SITES
1	Query_12	Specific	Binuclear center (heme a3/CuB)	H240,H289,H290,H375	4	4	238833
1	Query_12	Specific	Low-spin heme (heme a) binding site	H61,H377,S381,T423,S460	5	5	238833
1	Query_12	Specific	D-pathway	Y17,N80,D91,N98,S101,S156,S157,N163,T167	9	9	238833
1	Query_12	Specific	K-pathway	H240,Y244,S255,H289,H290,T315,K318	7	7	238833
1	Query_12	Specific	Electron transfer pathway	F376,R437,R438	3	3	238833
1	Query_12	Specific	Putative proton exit pathway	H290,H367,D368,R437,R438	5	5	238833
1	Query_12	Specific	Putative water exit pathway	D227,Q232,H233,D363,H367,D368,R437	7	7	238833
1	Query_12	Specific	Subunit I/II interface	N55,D227,K264,F267,G268,S293,V294,G295,V298,R301,M309,I317,F320,Y327,G328,G329,I341,N359,A360,M362,L364,A365,L366,H367,D368,L432,A433,R437,R438,I439,G448,W449	32	32	238833
1	Query_12	Specific	Subunit I/III interface	T8,P90,F94,R96,W103,D144,F148,T166,N170,V190,L197,P200,M208,T217,S218,F219,G224,G225,D227,F237,Y274,F277,G280,I281,L285	25	25	238833
1	Query_12	Specific	Subunit I/IV interface	L37,S40,A41,F407,K410,V411,D444,F462	8	8	238833
1	Query_12	Specific	Subunit I/Vb interface	P265,Y269,T511	3	3	238833
1	Query_12	Specific	Subunit I/VIa interface	V135,R213,N214,F215,N216	5	5	238833
1	Query_12	Specific	Subunit I/VIb interface	G295	1	1	238833
1	Query_12	Specific	Subunit I/VIc interface	G328	1	1	238833
1	Query_12	Specific	Subunit I/VIIa interface	L114,L117	2	2	238833
1	Query_12	Specific	Subunit I/VIIb interface	D444,G448	2	2	238833
1	Query_12	Specific	Subunit I/VIIc interface	F23,I27,A30,L34,S116,L117,I399,Y472,F475	9	9	238833
1	Query_12	Specific	Subunit I/VIIIb interface	L408,I465	2	2	238833
1	Query_12	Specific	Dimer interface	V190,L197,F237,Y274,F277,G280,I281,L285	8	8	238833
ENDSITES
ENDQUERY
QUERY	Query_13	Peptide	484	nad4_Crison1_feature_13_from_C_1, ORGANISM Genus species Unclassified.,
DOMAINS
1	Query_13	Specific	235622	30	480	2.48122e-139	409.592	PRK05846	PRK05846	-	45
ENDDOMAINS
ENDQUERY
QUERY	Query_14	Peptide	827	orf827_Crison1_feature_15_from_C_1, ORGANISM Genus species Unclassified.,
DOMAINS
1	Query_14	Specific	281206	289	725	9.84894e-94	301.189	pfam03175	DNA_pol_B_2	-	355698
ENDDOMAINS
ENDQUERY
QUERY	Query_16	Peptide	73	atp9_Crison1_feature_22_from_C_2, ORGANISM Genus species Unclassified.,
DOMAINS
1	Query_16	Specific	349422	6	70	1.01162e-14	61.3715	cd18182	ATP-synt_Fo_c_ATP5G3	-	365782
ENDDOMAINS
SITES
ENDSITES
ENDQUERY
QUERY	Query_17	Peptide	384	cob_Crison1_feature_24_from_C_2, ORGANISM Genus species Unclassified.,
DOMAINS
1	Query_17	Specific	214440	10	366	1.19028e-167	472.344	MTH00156	CYTB	-	45
ENDDOMAINS
ENDQUERY
QUERY	Query_18	Peptide	52	atp8_Crison1_feature_38_from_C_2, ORGANISM Genus species Unclassified.,
DOMAINS
1	Query_18	Non-specific	283561	1	48	4.42952e-05	35.845	pfam05933	Fun_ATP-synt_8	-	45
ENDDOMAINS
ENDQUERY
QUERY	Query_19	Peptide	73	atp9_Crison1_feature_4_from_C_3, ORGANISM Genus species Unclassified.,
DOMAINS
1	Query_19	Specific	349422	6	70	1.01162e-14	61.3715	cd18182	ATP-synt_Fo_c_ATP5G3	-	365782
ENDDOMAINS
SITES
ENDSITES
ENDQUERY
QUERY	Query_20	Peptide	384	cob_Crison1_feature_6_from_C_3, ORGANISM Genus species Unclassified.,
DOMAINS
1	Query_20	Specific	214440	10	366	1.19028e-167	472.344	MTH00156	CYTB	-	45
ENDDOMAINS
ENDQUERY
QUERY	Query_21	Peptide	52	atp8_Crison1_feature_20_from_C_3, ORGANISM Genus species Unclassified.,
DOMAINS
1	Query_21	Non-specific	283561	1	48	4.42952e-05	35.845	pfam05933	Fun_ATP-synt_8	-	45
ENDDOMAINS
ENDQUERY
QUERY	Query_22	Peptide	475	orf475_Crison1_feature_40_from_C_3, ORGANISM Genus species Unclassified.,
DOMAINS
1	Query_22	Specific	281206	1	373	6.28847e-77	247.647	pfam03175	DNA_pol_B_2	-	355698
ENDDOMAINS
ENDQUERY
QUERY	Query_23	Peptide	337	nad1_Crison1_feature_2_from_C_4, ORGANISM Genus species Unclassified.,
DOMAINS
1	Query_23	Specific	333876	19	325	3.03979e-117	340.604	pfam00146	NADHdh	-	351105
ENDDOMAINS
ENDQUERY
QUERY	Query_24	Peptide	251	cox2_Crison1_feature_6_from_C_4, ORGANISM Genus species Unclassified.,
DOMAINS
1	Query_24	Non-specific	214402	7	248	4.87013e-112	321.7	MTH00023	COX2	-	45
ENDDOMAINS
ENDQUERY
QUERY	Query_25	Peptide	274	cox3_Crison1_feature_20_from_C_5, ORGANISM Genus species Unclassified.,
DOMAINS
1	Query_25	Specific	238834	28	271	6.51782e-119	339.877	cd01665	Cyt_c_Oxidase_III	-	294143
ENDDOMAINS
SITES
1	Query_25	Specific	Subunit I/III interface	E86,K89,G90,S101,F104,S108,I109,H115,S203,V204,S207,C211	12	12	238834
1	Query_25	Specific	Subunit III/Vb interface	D170	1	1	238834
1	Query_25	Specific	Subunit III/VIa interface	F139,A140,I141,Y158,I184,S194,E195,A196,S201,D202,S203	11	11	238834
1	Query_25	Specific	Subunit III/VIb interface	Q131	1	1	238834
1	Query_25	Specific	Subunit III/VIIa interface	L68,R71,D72,T75,T78,L79,L80	7	7	238834
1	Query_25	Specific	Phospholipid binding site	W69,F70,V73,T74,G77,H83,G94,M95,F98,F226,R233,I245,G246	13	13	238834
ENDSITES
ENDQUERY
QUERY	Query_26	Peptide	88	nad4L_Crison1_feature_22_from_C_5, ORGANISM Genus species Unclassified.,
DOMAINS
1	Query_26	Superfamily	351118	7	87	7.30628e-14	60.8162	cl00492	Oxidored_q2	-	-
ENDDOMAINS
ENDQUERY
QUERY	Query_27	Peptide	665	nad5_Crison1_feature_24_from_C_5, ORGANISM Genus species Unclassified.,
DOMAINS
1	Query_27	Non-specific	177253	1	623	0	648.992	MTH00210	ND5	-	45
ENDDOMAINS
ENDQUERY
QUERY	Query_28	Peptide	651	orf651_Crison1_feature_2_from_C_6, ORGANISM Genus species Unclassified.,
DOMAINS
1	Query_28	Specific	281206	289	647	4.69151e-87	279.233	pfam03175	DNA_pol_B_2	-	355698
ENDDOMAINS
ENDQUERY
QUERY	Query_29	Peptide	827	orf827_Crison1_feature_4_from_C_6, ORGANISM Genus species Unclassified.,
DOMAINS
1	Query_29	Specific	281206	289	725	9.84894e-94	301.189	pfam03175	DNA_pol_B_2	-	355698
ENDDOMAINS
ENDQUERY
ENDSESSION	1
ENDDATA
