#Post-RPSBLAST Processing Utility

#Input data file:	Dales1_MitoAssemblyScaffolds.fasta.new.sqn.gbf_converted.faa.asn
#Output data file:	Dales1_MitoAssemblyScaffolds.fasta.new.sqn.gbf_converted.faa.asn.out
#Annotation data at:	/opt/rpsbproc/data
#E-Value cutoff:	0.01
#Redundancy:	Concise
#Data requested:	Domain hits and site annotations
#Output format -- tab-delimited table
#Show superfamilies: NO
#DATA
#SESSION	<session-ordinal>	<program>	<database>	<score-matrix>	<evalue-threshold>
#QUERY	<query-id>	<seq-type>	<seq-length>	<definition-line>
#DOMAINS
#<session-ordinal>	<query-id[readingframe]>	<hit-type>	<PSSM-ID>	<from>	<to>	<E-Value>	<bitscore>	<accession>	<short-name>	<incomplete>	<superfamily PSSM-ID>
#more such lines......
#ENDDOMAINS
#SITES
#<session-ordinal>	<query-id[readingframe]>	<annot-type>	<title>	<residue(coordinates)>	<complete-size>	<mapped-size>	<source-domain>
#more such lines......
#ENDSITES
#MOTIFS
#<session-ordinal>	<query-id[readingframe]>	<title>	<from>	<to>	<source-domain>
#more such lines......
#ENDMOTIFS
#ENDQUERY	<query-id>
#more query sections..
#ENDSESSION	<session-ordinal>
#more session sections..
#ENDDATA
#=====================================================================
DATA
SESSION	1	blastp	2.10.0+	/opt/rpsbproc/db/Cdd	BLOSUM62	0.01
QUERY	Query_1	Peptide	425	nad4L_Dales1_feature_4_from_C_0, ORGANISM Genus species Unclassified.,
DOMAINS
1	Query_1	Specific	177231	3	80	4.4926e-25	98.1805	MTH00180	ND4L	-	351118
1	Query_1	Specific	334330	293	393	6.83086e-22	89.603	pfam00961	LAGLIDADG_1	-	45
1	Query_1	Specific	334330	131	234	1.0837e-20	86.1362	pfam00961	LAGLIDADG_1	-	45
ENDDOMAINS
ENDQUERY
QUERY	Query_2	Peptide	830	nad5_Dales1_feature_6_from_C_0, ORGANISM Genus species Unclassified.,
DOMAINS
1	Query_2	Non-specific	214400	1	624	0	600.14	MTH00020	ND5	-	45
ENDDOMAINS
ENDQUERY
QUERY	Query_3	Peptide	503	orf503_Dales1_feature_10_from_C_0, ORGANISM Genus species Unclassified.,
DOMAINS
1	Query_3	Specific	334330	108	206	1.85815e-18	80.3582	pfam00961	LAGLIDADG_1	-	45
1	Query_3	Specific	334330	254	367	2.65042e-08	51.4683	pfam00961	LAGLIDADG_1	-	45
ENDDOMAINS
ENDQUERY
QUERY	Query_4	Peptide	557	orf557_Dales1_feature_14_from_C_0, ORGANISM Genus species Unclassified.,
DOMAINS
1	Query_4	Specific	335245	95	264	1.81029e-41	146.922	pfam03161	LAGLIDADG_2	-	45
1	Query_4	Specific	335245	338	531	1.07231e-18	83.3643	pfam03161	LAGLIDADG_2	-	45
ENDDOMAINS
ENDQUERY
QUERY	Query_5	Peptide	258	orf258_Dales1_feature_18_from_C_0, ORGANISM Genus species Unclassified.,
DOMAINS
1	Query_5	Specific	335245	151	256	1.21001e-23	93.3795	pfam03161	LAGLIDADG_2	C	45
1	Query_5	Specific	335245	13	91	3.29215e-06	45.9999	pfam03161	LAGLIDADG_2	N	45
ENDDOMAINS
ENDQUERY
QUERY	Query_6	Peptide	302	orf302_Dales1_feature_22_from_C_0, ORGANISM Genus species Unclassified.,
DOMAINS
1	Query_6	Specific	334330	72	153	1.31242e-08	51.4683	pfam00961	LAGLIDADG_1	-	45
1	Query_6	Specific	334330	181	269	7.92797e-08	49.1571	pfam00961	LAGLIDADG_1	-	45
ENDDOMAINS
ENDQUERY
QUERY	Query_7	Peptide	140	orf140_Dales1_feature_26_from_C_0, ORGANISM Genus species Unclassified.,
DOMAINS
1	Query_7	Specific	334330	55	125	3.33811e-10	53.3943	pfam00961	LAGLIDADG_1	-	45
ENDDOMAINS
ENDQUERY
QUERY	Query_8	Peptide	370	orf370_Dales1_feature_30_from_C_0, ORGANISM Genus species Unclassified.,
DOMAINS
1	Query_8	Specific	334330	237	341	8.52681e-11	58.0167	pfam00961	LAGLIDADG_1	-	45
1	Query_8	Specific	334330	124	213	4.55926e-06	44.5347	pfam00961	LAGLIDADG_1	-	45
ENDDOMAINS
ENDQUERY
QUERY	Query_9	Peptide	689	orf689_Dales1_feature_34_from_C_0, ORGANISM Genus species Unclassified.,
DOMAINS
1	Query_9	Specific	334330	298	397	8.07662e-26	101.929	pfam00961	LAGLIDADG_1	-	45
1	Query_9	Specific	334330	141	240	1.33813e-20	86.9066	pfam00961	LAGLIDADG_1	-	45
1	Query_9	Specific	334330	571	649	1.11111e-07	49.9275	pfam00961	LAGLIDADG_1	-	45
ENDDOMAINS
ENDQUERY
QUERY	Query_10	Peptide	131	orf131_Dales1_feature_36_from_C_0, ORGANISM Genus species Unclassified.,
DOMAINS
1	Query_10	Specific	334330	25	115	0.000189084	37.9863	pfam00961	LAGLIDADG_1	-	45
ENDDOMAINS
ENDQUERY
QUERY	Query_11	Peptide	391	cob_Dales1_feature_39_from_C_0, ORGANISM Genus species Unclassified.,
DOMAINS
1	Query_11	Specific	214440	10	367	1.26148e-179	503.16	MTH00156	CYTB	-	45
ENDDOMAINS
ENDQUERY
QUERY	Query_12	Peptide	429	orf429_Dales1_feature_43_from_C_0, ORGANISM Genus species Unclassified.,
DOMAINS
1	Query_12	Specific	334330	39	131	2.40755e-16	74.195	pfam00961	LAGLIDADG_1	-	45
1	Query_12	Specific	197761	366	421	0.00134933	36.3918	smart00497	IENR1	-	299755
1	Query_12	Specific	334330	179	285	0.0028801	36.8307	pfam00961	LAGLIDADG_1	-	45
ENDDOMAINS
ENDQUERY
QUERY	Query_13	Peptide	315	orf315_Dales1_feature_47_from_C_0, ORGANISM Genus species Unclassified.,
DOMAINS
1	Query_13	Non-specific	273636	98	304	1.34514e-27	106.701	TIGR01453	grpIintron_endo	-	45
ENDDOMAINS
ENDQUERY
QUERY	Query_14	Peptide	294	orf294_Dales1_feature_51_from_C_0, ORGANISM Genus species Unclassified.,
DOMAINS
1	Query_14	Specific	334330	51	133	4.2867e-05	41.4531	pfam00961	LAGLIDADG_1	-	45
ENDDOMAINS
ENDQUERY
QUERY	Query_15	Peptide	403	orf403_Dales1_feature_55_from_C_0, ORGANISM Genus species Unclassified.,
DOMAINS
1	Query_15	Specific	334330	113	214	4.76685e-25	98.0774	pfam00961	LAGLIDADG_1	-	45
1	Query_15	Specific	334330	273	370	7.71923e-19	80.7434	pfam00961	LAGLIDADG_1	-	45
ENDDOMAINS
ENDQUERY
QUERY	Query_16	Peptide	228	orf228_Dales1_feature_59_from_C_0, ORGANISM Genus species Unclassified.,
DOMAINS
1	Query_16	Specific	335245	41	210	5.64355e-54	170.805	pfam03161	LAGLIDADG_2	-	45
ENDDOMAINS
ENDQUERY
QUERY	Query_17	Peptide	549	cox1_Dales1_feature_64_from_C_0, ORGANISM Genus species Unclassified.,
DOMAINS
1	Query_17	Specific	238833	25	527	0	785.905	cd01663	Cyt_c_Oxidase_I	-	350997
ENDDOMAINS
SITES
1	Query_17	Specific	Binuclear center (heme a3/CuB)	H256,Y305,H306,H391	4	4	238833
1	Query_17	Specific	Low-spin heme (heme a) binding site	H77,H393,S397,A439,S476	5	5	238833
1	Query_17	Specific	D-pathway	Y34,N96,D107,N114,S117,S172,S173,N179,T183	9	9	238833
1	Query_17	Specific	K-pathway	H256,Y260,S271,Y305,H306,T331,K334	7	7	238833
1	Query_17	Specific	Electron transfer pathway	F392,R453,R454	3	3	238833
1	Query_17	Specific	Putative proton exit pathway	H306,H383,D384,R453,R454	5	5	238833
1	Query_17	Specific	Putative water exit pathway	D243,Q248,H249,D379,H383,D384,R453	7	7	238833
1	Query_17	Specific	Subunit I/II interface	N71,D243,K280,F283,G284,T309,V310,G311,T314,R317,L325,I333,F336,Y343,G344,G345,L357,N375,A376,L378,I380,A381,F382,H383,D384,L448,Q449,R453,R454,I455,G464,W465	32	32	238833
1	Query_17	Specific	Subunit I/III interface	T25,P106,F110,R112,W119,D160,F164,T182,N186,I206,L213,P216,M224,T233,S234,F235,G240,G241,D243,F253,Y290,M293,G296,I297,I301	25	25	238833
1	Query_17	Specific	Subunit I/IV interface	M54,S57,G58,L423,K426,V427,D460,V478	8	8	238833
1	Query_17	Specific	Subunit I/Vb interface	S281,Y285,A526	3	3	238833
1	Query_17	Specific	Subunit I/VIa interface	V151,R229,N230,F231,N232	5	5	238833
1	Query_17	Specific	Subunit I/VIb interface	G311	1	1	238833
1	Query_17	Specific	Subunit I/VIc interface	G344	1	1	238833
1	Query_17	Specific	Subunit I/VIIa interface	F130,V133	2	2	238833
1	Query_17	Specific	Subunit I/VIIb interface	D460,G464	2	2	238833
1	Query_17	Specific	Subunit I/VIIc interface	F40,L44,A47,L51,A132,V133,I415,Y488,L491	9	9	238833
1	Query_17	Specific	Subunit I/VIIIb interface	L424,W481	2	2	238833
1	Query_17	Specific	Dimer interface	I206,L213,F253,Y290,M293,G296,I297,I301	8	8	238833
ENDSITES
ENDQUERY
QUERY	Query_18	Peptide	351	orf351_Dales1_feature_68_from_C_0, ORGANISM Genus species Unclassified.,
DOMAINS
1	Query_18	Specific	198392	97	184	4.7543e-28	104.615	cd10445	GIY-YIG_bI1_like	-	353929
1	Query_18	Non-specific	273636	96	348	3.1628e-08	53.1585	TIGR01453	grpIintron_endo	-	45
ENDDOMAINS
SITES
1	Query_18	Specific	putative active site	Y99,Y110,G112,R120,Y124,E169,N181	7	7	198392
1	Query_18	Specific	putative metal binding site	E169	1	1	198392
1	Query_18	Specific	GIY-YIG motif/motif A	G97,V98,Y99,Y110,V111,G112	6	6	198392
ENDSITES
ENDQUERY
QUERY	Query_19	Peptide	631	orf631_Dales1_feature_72_from_C_0, ORGANISM Genus species Unclassified.,
DOMAINS
1	Query_19	Specific	334330	501	601	6.03444e-21	87.677	pfam00961	LAGLIDADG_1	-	45
1	Query_19	Specific	334330	344	442	3.84874e-18	79.5878	pfam00961	LAGLIDADG_1	-	45
1	Query_19	Specific	334330	36	121	5.21176e-08	51.0831	pfam00961	LAGLIDADG_1	-	45
1	Query_19	Specific	334330	155	261	1.18106e-07	49.9275	pfam00961	LAGLIDADG_1	-	45
ENDDOMAINS
ENDQUERY
QUERY	Query_20	Peptide	206	orf206_Dales1_feature_74_from_C_0, ORGANISM Genus species Unclassified.,
DOMAINS
1	Query_20	Specific	334330	43	163	7.66793e-20	80.3582	pfam00961	LAGLIDADG_1	-	45
ENDDOMAINS
ENDQUERY
QUERY	Query_21	Peptide	297	orf297_Dales1_feature_78_from_C_0, ORGANISM Genus species Unclassified.,
DOMAINS
1	Query_21	Specific	334330	146	256	5.64853e-23	90.3734	pfam00961	LAGLIDADG_1	-	45
1	Query_21	Specific	334330	28	112	0.000271395	39.1419	pfam00961	LAGLIDADG_1	-	45
ENDDOMAINS
ENDQUERY
QUERY	Query_22	Peptide	593	orf593_Dales1_feature_82_from_C_0, ORGANISM Genus species Unclassified.,
DOMAINS
1	Query_22	Non-specific	225105	1	106	0.00339566	40.0606	COG2194	OpgE	C	45
ENDDOMAINS
ENDQUERY
QUERY	Query_23	Peptide	310	orf310_Dales1_feature_84_from_C_0, ORGANISM Genus species Unclassified.,
DOMAINS
1	Query_23	Specific	334330	161	267	2.1246e-15	70.343	pfam00961	LAGLIDADG_1	-	45
1	Query_23	Specific	334330	42	138	5.29933e-06	44.1495	pfam00961	LAGLIDADG_1	-	45
ENDDOMAINS
ENDQUERY
QUERY	Query_24	Peptide	313	orf313_Dales1_feature_88_from_C_0, ORGANISM Genus species Unclassified.,
DOMAINS
1	Query_24	Specific	334330	193	277	7.46247e-07	46.4607	pfam00961	LAGLIDADG_1	-	45
1	Query_24	Specific	334330	87	153	9.53604e-06	43.3791	pfam00961	LAGLIDADG_1	C	45
ENDDOMAINS
ENDQUERY
QUERY	Query_25	Peptide	406	orf406_Dales1_feature_92_from_C_0, ORGANISM Genus species Unclassified.,
DOMAINS
1	Query_25	Specific	334330	117	215	3.45556e-24	95.7662	pfam00961	LAGLIDADG_1	-	45
1	Query_25	Specific	334330	274	376	1.88991e-16	74.195	pfam00961	LAGLIDADG_1	-	45
ENDDOMAINS
ENDQUERY
QUERY	Query_26	Peptide	347	orf347_Dales1_feature_96_from_C_0, ORGANISM Genus species Unclassified.,
DOMAINS
1	Query_26	Specific	334330	211	310	4.42347e-17	75.3506	pfam00961	LAGLIDADG_1	-	45
ENDDOMAINS
ENDQUERY
ENDSESSION	1
SESSION	2	blastp	2.10.0+	/opt/rpsbproc/db/Cdd	BLOSUM62	0.01
QUERY	Query_27	Peptide	292	orf292_Dales1_feature_100_from_C_0, ORGANISM Genus species Unclassified.,
DOMAINS
2	Query_27	Specific	335245	37	205	4.97222e-42	142.3	pfam03161	LAGLIDADG_2	-	45
ENDDOMAINS
ENDQUERY
QUERY	Query_28	Peptide	104	orf104_Dales1_feature_102_from_C_0, ORGANISM Genus species Unclassified.,
DOMAINS
2	Query_28	Specific	334330	1	49	5.65542e-05	38.3715	pfam00961	LAGLIDADG_1	N	45
ENDDOMAINS
ENDQUERY
QUERY	Query_29	Peptide	439	orf439_Dales1_feature_106_from_C_0, ORGANISM Genus species Unclassified.,
DOMAINS
2	Query_29	Specific	273636	140	345	7.76472e-53	176.037	TIGR01453	grpIintron_endo	-	45
2	Query_29	Specific	197761	379	429	1.03416e-07	47.9478	smart00497	IENR1	-	299755
ENDDOMAINS
ENDQUERY
QUERY	Query_30	Peptide	284	orf284_Dales1_feature_110_from_C_0, ORGANISM Genus species Unclassified.,
DOMAINS
2	Query_30	Specific	334330	59	154	2.27439e-15	69.9578	pfam00961	LAGLIDADG_1	-	45
2	Query_30	Specific	334330	194	278	5.50097e-10	55.3203	pfam00961	LAGLIDADG_1	-	45
ENDDOMAINS
ENDQUERY
QUERY	Query_31	Peptide	357	orf357_Dales1_feature_112_from_C_0, ORGANISM Genus species Unclassified.,
DOMAINS
2	Query_31	Specific	334330	94	170	4.86571e-10	55.7055	pfam00961	LAGLIDADG_1	C	45
ENDDOMAINS
ENDQUERY
QUERY	Query_32	Peptide	284	orf284_Dales1_feature_116_from_C_0, ORGANISM Genus species Unclassified.,
DOMAINS
2	Query_32	Non-specific	273636	66	267	2.07933e-28	107.857	TIGR01453	grpIintron_endo	-	45
ENDDOMAINS
ENDQUERY
QUERY	Query_35	Peptide	368	nad1_Dales1_feature_127_from_C_0, ORGANISM Genus species Unclassified.,
DOMAINS
2	Query_35	Specific	333876	13	351	7.01162e-108	318.263	pfam00146	NADHdh	-	351105
ENDDOMAINS
ENDQUERY
QUERY	Query_36	Peptide	674	orf674_Dales1_feature_133_from_C_0, ORGANISM Genus species Unclassified.,
DOMAINS
2	Query_36	Specific	334582	253	330	7.58952e-10	55.4185	pfam01541	GIY-YIG	-	353929
2	Query_36	Specific	284793	529	568	0.000226529	38.6476	pfam07453	NUMOD1	-	299755
2	Query_36	Specific	197761	452	507	0.00535045	35.2362	smart00497	IENR1	-	299755
ENDDOMAINS
SITES
2	Query_36	Specific	active site	Y257,Y269,G271,R279,H283,E321	6	6	198380
2	Query_36	Specific	catalytic site	R279,E321	2	2	198380
2	Query_36	Specific	metal binding site	E321	1	1	198380
2	Query_36	Specific	GIY-YIG motif/motif A	G255,I256,Y257,Y269,I270,G271	6	6	198380
ENDSITES
ENDQUERY
QUERY	Query_37	Peptide	381	orf381_Dales1_feature_137_from_C_0, ORGANISM Genus species Unclassified.,
DOMAINS
2	Query_37	Specific	334330	251	350	8.63507e-21	86.1362	pfam00961	LAGLIDADG_1	-	45
2	Query_37	Specific	334330	93	193	4.47456e-19	81.1286	pfam00961	LAGLIDADG_1	-	45
ENDDOMAINS
ENDQUERY
QUERY	Query_38	Peptide	494	nad4_Dales1_feature_140_from_C_0, ORGANISM Genus species Unclassified.,
DOMAINS
2	Query_38	Specific	235622	34	484	2.04053e-120	361.827	PRK05846	PRK05846	-	45
ENDDOMAINS
ENDQUERY
QUERY	Query_39	Peptide	464	orf464_Dales1_feature_144_from_C_0, ORGANISM Genus species Unclassified.,
DOMAINS
2	Query_39	Specific	334330	173	272	2.28615e-27	105.011	pfam00961	LAGLIDADG_1	-	45
2	Query_39	Specific	334330	330	430	3.05786e-24	96.1514	pfam00961	LAGLIDADG_1	-	45
ENDDOMAINS
ENDQUERY
QUERY	Query_40	Peptide	142	orf143_Dales1_feature_147_from_C_0, ORGANISM Genus species Unclassified.,
DOMAINS
2	Query_40	Specific	334330	5	109	4.07803e-20	78.8174	pfam00961	LAGLIDADG_1	-	45
ENDDOMAINS
ENDQUERY
QUERY	Query_41	Peptide	159	orf160_Dales1_feature_149_from_C_0, ORGANISM Genus species Unclassified.,
DOMAINS
2	Query_41	Specific	334330	23	121	1.28097e-22	85.751	pfam00961	LAGLIDADG_1	-	45
ENDDOMAINS
ENDQUERY
QUERY	Query_42	Peptide	50	atp8_Dales1_feature_151_from_C_0, ORGANISM Genus species Unclassified.,
DOMAINS
2	Query_42	Non-specific	283561	1	48	2.81335e-08	43.9342	pfam05933	Fun_ATP-synt_8	-	45
ENDDOMAINS
ENDQUERY
QUERY	Query_43	Peptide	264	atp6_Dales1_feature_153_from_C_0, ORGANISM Genus species Unclassified.,
DOMAINS
2	Query_43	Specific	273458	38	261	1.38711e-46	155.057	TIGR01131	ATP_synt_6_or_A	-	351082
ENDDOMAINS
ENDQUERY
QUERY	Query_44	Peptide	279	orf279_Dales1_feature_157_from_C_0, ORGANISM Genus species Unclassified.,
DOMAINS
2	Query_44	Specific	334330	151	248	5.37157e-22	87.677	pfam00961	LAGLIDADG_1	-	45
2	Query_44	Specific	334330	13	91	1.24278e-16	73.4246	pfam00961	LAGLIDADG_1	N	45
ENDDOMAINS
ENDQUERY
QUERY	Query_46	Peptide	436	orf436_Dales1_feature_168_from_C_0, ORGANISM Genus species Unclassified.,
DOMAINS
2	Query_46	Specific	334330	35	132	4.16394e-16	73.4246	pfam00961	LAGLIDADG_1	-	45
2	Query_46	Specific	334330	184	296	1.39682e-07	49.1571	pfam00961	LAGLIDADG_1	-	45
ENDDOMAINS
ENDQUERY
QUERY	Query_47	Peptide	370	orf371_Dales1_feature_170_from_C_0, ORGANISM Genus species Unclassified.,
DOMAINS
2	Query_47	Specific	334330	238	338	1.18211e-24	96.5366	pfam00961	LAGLIDADG_1	-	45
2	Query_47	Specific	334330	79	181	9.88213e-22	88.4474	pfam00961	LAGLIDADG_1	-	45
ENDDOMAINS
ENDQUERY
QUERY	Query_48	Peptide	464	orf465_Dales1_feature_172_from_C_0, ORGANISM Genus species Unclassified.,
DOMAINS
2	Query_48	Specific	334330	166	265	2.67602e-21	88.0622	pfam00961	LAGLIDADG_1	-	45
2	Query_48	Specific	334330	323	433	1.01059e-14	69.5726	pfam00961	LAGLIDADG_1	-	45
ENDDOMAINS
ENDQUERY
QUERY	Query_49	Peptide	443	orf444_Dales1_feature_174_from_C_0, ORGANISM Genus species Unclassified.,
DOMAINS
2	Query_49	Specific	334330	154	251	1.62205e-24	96.9218	pfam00961	LAGLIDADG_1	-	45
2	Query_49	Specific	334330	311	412	1.94336e-21	88.4474	pfam00961	LAGLIDADG_1	-	45
ENDDOMAINS
ENDQUERY
QUERY	Query_50	Peptide	222	nad6_Dales1_feature_190_from_C_0, ORGANISM Genus species Unclassified.,
DOMAINS
2	Query_50	Superfamily	354830	26	217	1.09048e-17	77.5689	cl21484	Oxidored_q3	-	-
ENDDOMAINS
ENDQUERY
QUERY	Query_51	Peptide	504	orf504_Dales1_feature_194_from_C_0, ORGANISM Genus species Unclassified.,
DOMAINS
2	Query_51	Specific	334330	103	201	6.0778e-17	76.121	pfam00961	LAGLIDADG_1	-	45
2	Query_51	Specific	334330	249	362	6.35557e-07	47.6163	pfam00961	LAGLIDADG_1	-	45
ENDDOMAINS
ENDQUERY
QUERY	Query_52	Peptide	99	orf100_Dales1_feature_197_from_C_0, ORGANISM Genus species Unclassified.,
DOMAINS
2	Query_52	Specific	334330	27	92	0.000216764	36.8307	pfam00961	LAGLIDADG_1	C	45
ENDDOMAINS
ENDQUERY
QUERY	Query_54	Peptide	269	cox3_Dales1_feature_203_from_C_0, ORGANISM Genus species Unclassified.,
DOMAINS
2	Query_54	Specific	278911	12	269	4.47975e-138	389.077	pfam00510	COX3	-	294143
ENDDOMAINS
SITES
2	Query_54	Specific	Subunit I/III interface	A82,K85,G86,S97,L100,A104,I105,H111,G199,V200,T203,F207	12	12	238834
2	Query_54	Specific	Subunit III/Vb interface	G166	1	1	238834
2	Query_54	Specific	Subunit III/VIa interface	F135,E136,L137,Y154,I180,S190,V191,S192,S197,D198,G199	11	11	238834
2	Query_54	Specific	Subunit III/VIb interface	M127	1	1	238834
2	Query_54	Specific	Subunit III/VIIa interface	F64,R67,D68,S71,T74,F75,L76	7	7	238834
2	Query_54	Specific	Phospholipid binding site	W65,F66,I69,I70,G73,H79,G90,V91,F94,F222,R229,L241,G242	13	13	238834
ENDSITES
ENDQUERY
QUERY	Query_55	Peptide	329	orf329_Dales1_feature_207_from_C_0, ORGANISM Genus species Unclassified.,
DOMAINS
2	Query_55	Specific	334330	181	293	1.50383e-10	57.2463	pfam00961	LAGLIDADG_1	-	45
ENDDOMAINS
ENDQUERY
QUERY	Query_56	Peptide	289	orf289_Dales1_feature_209_from_C_0, ORGANISM Genus species Unclassified.,
DOMAINS
2	Query_56	Specific	334330	133	246	1.00509e-09	54.5499	pfam00961	LAGLIDADG_1	-	45
2	Query_56	Specific	334330	17	99	0.000656221	37.9863	pfam00961	LAGLIDADG_1	-	45
ENDDOMAINS
ENDQUERY
QUERY	Query_57	Peptide	247	orf247_Dales1_feature_215_from_C_0, ORGANISM Genus species Unclassified.,
DOMAINS
2	Query_57	Specific	335245	56	228	4.94071e-52	166.567	pfam03161	LAGLIDADG_2	-	45
ENDDOMAINS
ENDQUERY
QUERY	Query_58	Peptide	423	orf423_Dales1_feature_219_from_C_0, ORGANISM Genus species Unclassified.,
DOMAINS
2	Query_58	Specific	334330	291	391	1.12307e-25	100.003	pfam00961	LAGLIDADG_1	-	45
2	Query_58	Specific	334330	132	230	2.28965e-25	98.8478	pfam00961	LAGLIDADG_1	-	45
ENDDOMAINS
ENDQUERY
ENDSESSION	2
SESSION	3	blastp	2.10.0+	/opt/rpsbproc/db/Cdd	BLOSUM62	0.01
QUERY	Query_59	Peptide	168	orf168_Dales1_feature_221_from_C_0, ORGANISM Genus species Unclassified.,
DOMAINS
3	Query_59	Specific	334330	35	136	4.12463e-23	87.2918	pfam00961	LAGLIDADG_1	-	45
ENDDOMAINS
ENDQUERY
QUERY	Query_60	Peptide	177	orf177_Dales1_feature_225_from_C_0, ORGANISM Genus species Unclassified.,
DOMAINS
3	Query_60	Specific	334330	57	155	3.3418e-19	77.6618	pfam00961	LAGLIDADG_1	-	45
ENDDOMAINS
ENDQUERY
QUERY	Query_61	Peptide	254	orf254_Dales1_feature_227_from_C_0, ORGANISM Genus species Unclassified.,
DOMAINS
3	Query_61	Specific	197761	214	251	8.7206e-05	39.0882	smart00497	IENR1	N	299755
3	Query_61	Non-specific	273636	135	249	0.000505348	40.0618	TIGR01453	grpIintron_endo	N	45
3	Query_61	Specific	334330	24	122	0.00202434	36.4455	pfam00961	LAGLIDADG_1	-	45
ENDDOMAINS
ENDQUERY
QUERY	Query_62	Peptide	395	orf395_Dales1_feature_231_from_C_0, ORGANISM Genus species Unclassified.,
DOMAINS
3	Query_62	Specific	334330	52	150	1.67501e-21	88.0622	pfam00961	LAGLIDADG_1	-	45
3	Query_62	Specific	334330	208	305	5.85733e-19	81.1286	pfam00961	LAGLIDADG_1	-	45
ENDDOMAINS
ENDQUERY
QUERY	Query_63	Peptide	135	orf135_Dales1_feature_234_from_C_0, ORGANISM Genus species Unclassified.,
DOMAINS
3	Query_63	Superfamily	294143	78	124	0.00792726	35.0424	cl00211	Heme_Cu_Oxidase_III_like	NC	-
ENDDOMAINS
ENDQUERY
QUERY	Query_64	Peptide	330	orf331_Dales1_feature_242_from_C_0, ORGANISM Genus species Unclassified.,
DOMAINS
3	Query_64	Specific	334330	47	142	1.60626e-25	98.0774	pfam00961	LAGLIDADG_1	-	45
3	Query_64	Specific	334330	203	301	1.23199e-22	90.3734	pfam00961	LAGLIDADG_1	-	45
ENDDOMAINS
ENDQUERY
QUERY	Query_65	Peptide	349	orf350_Dales1_feature_244_from_C_0, ORGANISM Genus species Unclassified.,
DOMAINS
3	Query_65	Specific	334330	133	237	1.71401e-21	87.677	pfam00961	LAGLIDADG_1	-	45
3	Query_65	Specific	334330	294	343	2.84599e-11	59.1723	pfam00961	LAGLIDADG_1	C	45
ENDDOMAINS
ENDQUERY
QUERY	Query_66	Peptide	97	orf98_Dales1_feature_246_from_C_0, ORGANISM Genus species Unclassified.,
DOMAINS
3	Query_66	Specific	334330	17	66	1.48299e-07	44.9199	pfam00961	LAGLIDADG_1	N	45
ENDDOMAINS
ENDQUERY
QUERY	Query_67	Peptide	313	orf314_Dales1_feature_248_from_C_0, ORGANISM Genus species Unclassified.,
DOMAINS
3	Query_67	Specific	334330	25	123	3.16282e-22	88.8326	pfam00961	LAGLIDADG_1	-	45
3	Query_67	Specific	334330	183	283	2.88888e-18	78.4322	pfam00961	LAGLIDADG_1	-	45
ENDDOMAINS
ENDQUERY
QUERY	Query_68	Peptide	430	orf431_Dales1_feature_250_from_C_0, ORGANISM Genus species Unclassified.,
DOMAINS
3	Query_68	Specific	334330	33	130	6.6283e-18	78.4322	pfam00961	LAGLIDADG_1	-	45
ENDDOMAINS
ENDQUERY
QUERY	Query_69	Peptide	328	orf329_Dales1_feature_252_from_C_0, ORGANISM Genus species Unclassified.,
DOMAINS
3	Query_69	Specific	334330	19	115	5.36806e-18	77.6618	pfam00961	LAGLIDADG_1	-	45
3	Query_69	Specific	334330	163	268	3.14812e-14	67.2614	pfam00961	LAGLIDADG_1	-	45
ENDDOMAINS
ENDQUERY
QUERY	Query_71	Peptide	426	orf426_Dales1_feature_256_from_C_0, ORGANISM Genus species Unclassified.,
DOMAINS
3	Query_71	Specific	334330	140	238	6.42692e-24	94.9958	pfam00961	LAGLIDADG_1	-	45
3	Query_71	Specific	334330	296	394	3.0129e-23	93.0698	pfam00961	LAGLIDADG_1	-	45
ENDDOMAINS
ENDQUERY
QUERY	Query_73	Peptide	561	nad2_Dales1_feature_282_from_C_0, ORGANISM Genus species Unclassified.,
DOMAINS
3	Query_73	Specific	235603	124	487	1.75956e-82	265.146	PRK05777	PRK05777	N	356474
ENDDOMAINS
ENDQUERY
QUERY	Query_74	Peptide	429	orf429_Dales1_feature_286_from_C_0, ORGANISM Genus species Unclassified.,
DOMAINS
3	Query_74	Specific	334330	144	242	1.58425e-27	105.011	pfam00961	LAGLIDADG_1	-	45
3	Query_74	Specific	334330	300	399	6.30378e-22	89.603	pfam00961	LAGLIDADG_1	-	45
ENDDOMAINS
ENDQUERY
QUERY	Query_75	Peptide	361	orf361_Dales1_feature_290_from_C_0, ORGANISM Genus species Unclassified.,
DOMAINS
3	Query_75	Specific	334330	233	332	1.28847e-28	106.937	pfam00961	LAGLIDADG_1	-	45
3	Query_75	Specific	334330	76	175	1.4567e-21	88.0622	pfam00961	LAGLIDADG_1	-	45
ENDDOMAINS
ENDQUERY
QUERY	Query_76	Peptide	424	orf424_Dales1_feature_294_from_C_0, ORGANISM Genus species Unclassified.,
DOMAINS
3	Query_76	Specific	334330	133	233	1.16828e-26	102.7	pfam00961	LAGLIDADG_1	-	45
3	Query_76	Specific	334330	293	390	1.68917e-21	88.4474	pfam00961	LAGLIDADG_1	-	45
ENDDOMAINS
ENDQUERY
QUERY	Query_77	Peptide	425	orf425_Dales1_feature_298_from_C_0, ORGANISM Genus species Unclassified.,
DOMAINS
3	Query_77	Specific	334330	135	233	8.60715e-27	103.085	pfam00961	LAGLIDADG_1	-	45
3	Query_77	Specific	334330	295	396	1.13325e-23	94.2254	pfam00961	LAGLIDADG_1	-	45
ENDDOMAINS
ENDQUERY
QUERY	Query_78	Peptide	140	nad3_Dales1_feature_301_from_C_0, ORGANISM Genus species Unclassified.,
DOMAINS
3	Query_78	Specific	334119	19	112	1.11204e-22	85.1594	pfam00507	Oxidored_q4	-	351141
ENDDOMAINS
ENDQUERY
QUERY	Query_79	Peptide	60	atp9_Dales1_feature_303_from_C_0, ORGANISM Genus species Unclassified.,
DOMAINS
3	Query_79	Specific	349422	20	60	1.4965e-11	52.8972	cd18182	ATP-synt_Fo_c_ATP5G3	C	365782
ENDDOMAINS
SITES
ENDSITES
ENDQUERY
QUERY	Query_83	Peptide	252	cox2_Dales1_feature_4_from_C_2, ORGANISM Genus species Unclassified.,
DOMAINS
3	Query_83	Specific	214438	20	251	1.06874e-111	320.237	MTH00154	COX2	-	45
ENDDOMAINS
ENDQUERY
QUERY	Query_85	Peptide	113	orf113_Dales1_feature_13_from_C_2, ORGANISM Genus species Unclassified.,
DOMAINS
3	Query_85	Superfamily	354370	1	77	5.10264e-18	77.5869	cl18945	Beta_elim_lyase	NC	-
ENDDOMAINS
ENDQUERY
QUERY	Query_86	Peptide	144	orf144_Dales1_feature_15_from_C_2, ORGANISM Genus species Unclassified.,
DOMAINS
3	Query_86	Superfamily	354370	2	144	1.78296e-62	197.482	cl18945	Beta_elim_lyase	N	-
ENDDOMAINS
ENDQUERY
ENDSESSION	3
ENDDATA
