#Post-RPSBLAST Processing Utility

#Input data file:	Dalgra1_MitoAssemblyScaffolds.fasta.new.sqn.gbf_converted.faa.asn
#Output data file:	Dalgra1_MitoAssemblyScaffolds.fasta.new.sqn.gbf_converted.faa.asn.out
#Annotation data at:	/opt/rpsbproc/data
#E-Value cutoff:	0.01
#Redundancy:	Concise
#Data requested:	Domain hits and site annotations
#Output format -- tab-delimited table
#Show superfamilies: NO
#DATA
#SESSION	<session-ordinal>	<program>	<database>	<score-matrix>	<evalue-threshold>
#QUERY	<query-id>	<seq-type>	<seq-length>	<definition-line>
#DOMAINS
#<session-ordinal>	<query-id[readingframe]>	<hit-type>	<PSSM-ID>	<from>	<to>	<E-Value>	<bitscore>	<accession>	<short-name>	<incomplete>	<superfamily PSSM-ID>
#more such lines......
#ENDDOMAINS
#SITES
#<session-ordinal>	<query-id[readingframe]>	<annot-type>	<title>	<residue(coordinates)>	<complete-size>	<mapped-size>	<source-domain>
#more such lines......
#ENDSITES
#MOTIFS
#<session-ordinal>	<query-id[readingframe]>	<title>	<from>	<to>	<source-domain>
#more such lines......
#ENDMOTIFS
#ENDQUERY	<query-id>
#more query sections..
#ENDSESSION	<session-ordinal>
#more session sections..
#ENDDATA
#=====================================================================
DATA
SESSION	1	blastp	2.10.0+	/opt/rpsbproc/db/Cdd	BLOSUM62	0.01
QUERY	Query_1	Peptide	72	orf73_Dalgra1_feature_2_from_C_0, ORGANISM Genus species Unclassified.,
DOMAINS
1	Query_1	Specific	334330	1	57	9.73979e-05	36.8307	pfam00961	LAGLIDADG_1	N	45
ENDDOMAINS
ENDQUERY
QUERY	Query_2	Peptide	53	orf53_Dalgra1_feature_4_from_C_0, ORGANISM Genus species Unclassified.,
DOMAINS
1	Query_2	Specific	334330	15	50	3.8565e-05	37.2159	pfam00961	LAGLIDADG_1	C	45
ENDDOMAINS
ENDQUERY
QUERY	Query_3	Peptide	131	orf132_Dalgra1_feature_6_from_C_0, ORGANISM Genus species Unclassified.,
DOMAINS
1	Query_3	Specific	334330	1	51	3.95424e-09	50.3127	pfam00961	LAGLIDADG_1	N	45
ENDDOMAINS
ENDQUERY
QUERY	Query_4	Peptide	1284	nad5_Dalgra1_feature_8_from_C_0, ORGANISM Genus species Unclassified.,
DOMAINS
1	Query_4	Non-specific	214400	1	628	0	658.306	MTH00020	ND5	-	45
1	Query_4	Specific	334330	732	831	2.52674e-20	86.9066	pfam00961	LAGLIDADG_1	-	45
1	Query_4	Specific	334330	889	990	2.26277e-17	78.4322	pfam00961	LAGLIDADG_1	-	45
ENDDOMAINS
ENDQUERY
QUERY	Query_5	Peptide	430	orf430_Dalgra1_feature_12_from_C_0, ORGANISM Genus species Unclassified.,
DOMAINS
1	Query_5	Specific	334330	299	398	2.79511e-29	109.633	pfam00961	LAGLIDADG_1	-	45
1	Query_5	Specific	334330	139	240	1.97221e-26	101.929	pfam00961	LAGLIDADG_1	-	45
ENDDOMAINS
ENDQUERY
QUERY	Query_6	Peptide	265	orf265_Dalgra1_feature_16_from_C_0, ORGANISM Genus species Unclassified.,
DOMAINS
1	Query_6	Specific	335245	48	216	1.76556e-20	85.2903	pfam03161	LAGLIDADG_2	-	45
ENDDOMAINS
ENDQUERY
QUERY	Query_7	Peptide	341	orf341_Dalgra1_feature_20_from_C_0, ORGANISM Genus species Unclassified.,
DOMAINS
1	Query_7	Specific	334330	183	302	1.26504e-14	68.8022	pfam00961	LAGLIDADG_1	-	45
1	Query_7	Specific	334330	64	148	0.000172989	39.9123	pfam00961	LAGLIDADG_1	-	45
ENDDOMAINS
ENDQUERY
QUERY	Query_8	Peptide	302	orf302_Dalgra1_feature_24_from_C_0, ORGANISM Genus species Unclassified.,
DOMAINS
1	Query_8	Specific	334330	72	153	3.60928e-09	53.0091	pfam00961	LAGLIDADG_1	-	45
1	Query_8	Specific	334330	181	269	2.88283e-08	50.6979	pfam00961	LAGLIDADG_1	-	45
ENDDOMAINS
ENDQUERY
QUERY	Query_9	Peptide	363	orf363_Dalgra1_feature_30_from_C_0, ORGANISM Genus species Unclassified.,
DOMAINS
1	Query_9	Specific	334330	230	334	1.49389e-10	57.2463	pfam00961	LAGLIDADG_1	-	45
1	Query_9	Specific	334330	117	206	4.16586e-06	44.9199	pfam00961	LAGLIDADG_1	-	45
ENDDOMAINS
ENDQUERY
QUERY	Query_10	Peptide	536	cob_Dalgra1_feature_33_from_C_0, ORGANISM Genus species Unclassified.,
DOMAINS
1	Query_10	Specific	214440	10	367	0	522.42	MTH00156	CYTB	-	45
ENDDOMAINS
ENDQUERY
QUERY	Query_11	Peptide	284	orf284_Dalgra1_feature_37_from_C_0, ORGANISM Genus species Unclassified.,
DOMAINS
1	Query_11	Specific	334330	154	256	6.20383e-15	68.8022	pfam00961	LAGLIDADG_1	-	45
1	Query_11	Specific	334330	2	88	2.41365e-14	67.2614	pfam00961	LAGLIDADG_1	-	45
ENDDOMAINS
ENDQUERY
QUERY	Query_12	Peptide	421	orf421_Dalgra1_feature_41_from_C_0, ORGANISM Genus species Unclassified.,
DOMAINS
1	Query_12	Specific	334330	31	123	1.83607e-15	71.4986	pfam00961	LAGLIDADG_1	-	45
1	Query_12	Specific	197761	358	413	0.000800852	37.1622	smart00497	IENR1	-	299755
ENDDOMAINS
ENDQUERY
QUERY	Query_13	Peptide	494	orf494_Dalgra1_feature_43_from_C_0, ORGANISM Genus species Unclassified.,
DOMAINS
1	Query_13	Specific	334330	92	187	2.95465e-21	88.0622	pfam00961	LAGLIDADG_1	-	45
1	Query_13	Specific	334330	248	347	5.1234e-05	42.2235	pfam00961	LAGLIDADG_1	-	45
1	Query_13	Non-specific	292267	192	292	0.000935542	40.881	pfam15634	Tox-ART-HYE1	NC	45
ENDDOMAINS
ENDQUERY
QUERY	Query_14	Peptide	139	orf139_Dalgra1_feature_47_from_C_0, ORGANISM Genus species Unclassified.,
DOMAINS
1	Query_14	Specific	197761	54	100	8.88259e-05	37.9326	smart00497	IENR1	-	299755
ENDDOMAINS
ENDQUERY
QUERY	Query_15	Peptide	315	orf315_Dalgra1_feature_51_from_C_0, ORGANISM Genus species Unclassified.,
DOMAINS
1	Query_15	Non-specific	273636	98	304	4.6489e-29	110.553	TIGR01453	grpIintron_endo	-	45
ENDDOMAINS
ENDQUERY
QUERY	Query_21	Peptide	166	orf167_Dalgra1_feature_72_from_C_0, ORGANISM Genus species Unclassified.,
DOMAINS
1	Query_21	Superfamily	353929	91	149	7.68959e-17	70.7176	cl15257	GIY-YIG_SF	C	-
1	Query_21	Superfamily	350997	9	29	5.96829e-07	47.8629	cl00275	Heme_Cu_Oxidase_I	C	-
ENDDOMAINS
SITES
1	Query_21	Generic	active site	Y94,Y105,G107,R115,Y119	6	5	198380
1	Query_21	Generic	catalytic site	R115	2	1	198380
1	Query_21	Generic	GIY-YIG motif/motif A	G92,I93,Y94,Y105,I106,G107	6	6	198380
1	Query_21	Generic	D-pathway	N18,D29	9	2	238461
ENDSITES
ENDQUERY
QUERY	Query_22	Peptide	158	orf158_Dalgra1_feature_74_from_C_0, ORGANISM Genus species Unclassified.,
DOMAINS
1	Query_22	Non-specific	273636	2	131	1.02871e-09	54.6993	TIGR01453	grpIintron_endo	N	45
ENDDOMAINS
ENDQUERY
QUERY	Query_23	Peptide	620	orf621_Dalgra1_feature_76_from_C_0, ORGANISM Genus species Unclassified.,
DOMAINS
1	Query_23	Specific	334330	181	299	2.8202e-18	79.973	pfam00961	LAGLIDADG_1	-	45
1	Query_23	Specific	334330	46	151	2.43935e-08	51.8535	pfam00961	LAGLIDADG_1	-	45
1	Query_23	Specific	334330	366	443	0.000340451	39.9123	pfam00961	LAGLIDADG_1	-	45
ENDDOMAINS
ENDQUERY
QUERY	Query_24	Peptide	217	orf218_Dalgra1_feature_78_from_C_0, ORGANISM Genus species Unclassified.,
DOMAINS
1	Query_24	Specific	334330	1	88	4.85202e-19	78.4322	pfam00961	LAGLIDADG_1	-	45
1	Query_24	Specific	334330	150	199	9.25504e-11	56.4759	pfam00961	LAGLIDADG_1	C	45
ENDDOMAINS
ENDQUERY
QUERY	Query_25	Peptide	75	orf76_Dalgra1_feature_80_from_C_0, ORGANISM Genus species Unclassified.,
DOMAINS
1	Query_25	Specific	334330	22	69	3.36817e-06	40.6827	pfam00961	LAGLIDADG_1	N	45
ENDDOMAINS
ENDQUERY
QUERY	Query_26	Peptide	209	orf210_Dalgra1_feature_82_from_C_0, ORGANISM Genus species Unclassified.,
DOMAINS
1	Query_26	Specific	334330	58	168	7.40091e-23	88.0622	pfam00961	LAGLIDADG_1	-	45
ENDDOMAINS
ENDQUERY
QUERY	Query_27	Peptide	631	cox1_Dalgra1_feature_84_from_C_0, ORGANISM Genus species Unclassified.,
DOMAINS
1	Query_27	Superfamily	350997	18	347	0	613.721	cl00275	Heme_Cu_Oxidase_I	-	-
1	Query_27	Non-specific	273636	412	614	3.35207e-30	117.872	TIGR01453	grpIintron_endo	-	45
ENDDOMAINS
SITES
1	Query_27	Generic	Binuclear center (active site)	H164,H213,H214,H299	4	4	238461
1	Query_27	Generic	Low-spin heme binding site	W50,Y294,H301,L304,S305	15	5	238461
1	Query_27	Generic	D-pathway	N22,S25,S80,S81,N87,T91	9	6	238461
1	Query_27	Generic	K-pathway	H164,Y168,S179,H213,H214,T239,K242	7	7	238461
1	Query_27	Generic	Putative proton exit pathway	H214,H291,D292	5	3	238461
1	Query_27	Generic	Putative water exit pathway	D151,Q156,H157,D287,H291,D292	7	6	238461
ENDSITES
ENDQUERY
QUERY	Query_28	Peptide	181	orf181_Dalgra1_feature_88_from_C_0, ORGANISM Genus species Unclassified.,
DOMAINS
1	Query_28	Specific	334330	58	156	8.28961e-22	84.5954	pfam00961	LAGLIDADG_1	-	45
ENDDOMAINS
ENDQUERY
QUERY	Query_29	Peptide	277	orf277_Dalgra1_feature_92_from_C_0, ORGANISM Genus species Unclassified.,
DOMAINS
1	Query_29	Specific	334330	143	234	2.07295e-19	80.7434	pfam00961	LAGLIDADG_1	-	45
ENDDOMAINS
ENDQUERY
QUERY	Query_30	Peptide	187	orf187_Dalgra1_feature_94_from_C_0, ORGANISM Genus species Unclassified.,
DOMAINS
1	Query_30	Specific	334330	56	156	1.07963e-29	105.011	pfam00961	LAGLIDADG_1	-	45
ENDDOMAINS
ENDQUERY
QUERY	Query_31	Peptide	424	orf424_Dalgra1_feature_98_from_C_0, ORGANISM Genus species Unclassified.,
DOMAINS
1	Query_31	Superfamily	353929	182	268	3.92504e-11	58.7764	cl15257	GIY-YIG_SF	-	-
1	Query_31	Specific	197761	278	331	5.71678e-05	40.2438	smart00497	IENR1	-	299755
ENDDOMAINS
SITES
1	Query_31	Generic	active site	Y185,Y196,G198,R206,Y210,E253	6	6	198380
1	Query_31	Generic	catalytic site	R206,E253	2	2	198380
1	Query_31	Generic	metal binding site	E253	1	1	198380
1	Query_31	Generic	GIY-YIG motif/motif A	G183,V184,Y185,Y196,V197,G198	6	6	198380
ENDSITES
ENDQUERY
QUERY	Query_33	Peptide	182	orf182_Dalgra1_feature_104_from_C_0, ORGANISM Genus species Unclassified.,
DOMAINS
1	Query_33	Specific	334330	65	163	1.60143e-28	101.929	pfam00961	LAGLIDADG_1	-	45
ENDDOMAINS
ENDQUERY
QUERY	Query_34	Peptide	361	orf361_Dalgra1_feature_108_from_C_0, ORGANISM Genus species Unclassified.,
DOMAINS
1	Query_34	Specific	334330	91	188	2.77496e-15	70.7282	pfam00961	LAGLIDADG_1	-	45
1	Query_34	Specific	334330	212	317	4.34384e-15	69.9578	pfam00961	LAGLIDADG_1	-	45
ENDDOMAINS
ENDQUERY
ENDSESSION	1
SESSION	2	blastp	2.10.0+	/opt/rpsbproc/db/Cdd	BLOSUM62	0.01
QUERY	Query_36	Peptide	311	orf311_Dalgra1_feature_114_from_C_0, ORGANISM Genus species Unclassified.,
DOMAINS
2	Query_36	Specific	334330	191	271	5.85324e-07	46.8459	pfam00961	LAGLIDADG_1	-	45
2	Query_36	Specific	334330	85	151	1.46747e-05	42.9939	pfam00961	LAGLIDADG_1	C	45
ENDDOMAINS
ENDQUERY
QUERY	Query_37	Peptide	325	orf325_Dalgra1_feature_118_from_C_0, ORGANISM Genus species Unclassified.,
DOMAINS
2	Query_37	Specific	334330	199	293	4.93919e-20	83.0546	pfam00961	LAGLIDADG_1	-	45
2	Query_37	Specific	334330	88	156	2.42724e-06	45.3051	pfam00961	LAGLIDADG_1	-	45
ENDDOMAINS
ENDQUERY
QUERY	Query_38	Peptide	752	orf752_Dalgra1_feature_122_from_C_0, ORGANISM Genus species Unclassified.,
DOMAINS
2	Query_38	Specific	334330	171	269	4.86745e-19	82.6694	pfam00961	LAGLIDADG_1	-	45
2	Query_38	Specific	334330	328	430	5.90557e-13	65.3354	pfam00961	LAGLIDADG_1	-	45
2	Query_38	Specific	334330	634	723	0.00970938	36.0603	pfam00961	LAGLIDADG_1	-	45
ENDDOMAINS
ENDQUERY
QUERY	Query_39	Peptide	162	orf162_Dalgra1_feature_126_from_C_0, ORGANISM Genus species Unclassified.,
DOMAINS
2	Query_39	Specific	334330	22	135	1.86865e-13	62.2538	pfam00961	LAGLIDADG_1	-	45
ENDDOMAINS
ENDQUERY
QUERY	Query_40	Peptide	391	orf391_Dalgra1_feature_128_from_C_0, ORGANISM Genus species Unclassified.,
DOMAINS
2	Query_40	Specific	334330	102	200	1.64411e-25	98.8478	pfam00961	LAGLIDADG_1	-	45
2	Query_40	Specific	334330	259	361	2.26585e-15	71.1134	pfam00961	LAGLIDADG_1	-	45
ENDDOMAINS
ENDQUERY
QUERY	Query_41	Peptide	352	orf352_Dalgra1_feature_132_from_C_0, ORGANISM Genus species Unclassified.,
DOMAINS
2	Query_41	Specific	334330	216	315	6.1732e-16	72.269	pfam00961	LAGLIDADG_1	-	45
ENDDOMAINS
ENDQUERY
QUERY	Query_42	Peptide	450	orf450_Dalgra1_feature_136_from_C_0, ORGANISM Genus species Unclassified.,
DOMAINS
2	Query_42	Specific	335245	253	418	4.22615e-47	159.634	pfam03161	LAGLIDADG_2	-	45
2	Query_42	Specific	334330	94	186	2.2225e-12	63.0242	pfam00961	LAGLIDADG_1	-	45
ENDDOMAINS
ENDQUERY
QUERY	Query_43	Peptide	292	orf292_Dalgra1_feature_138_from_C_0, ORGANISM Genus species Unclassified.,
DOMAINS
2	Query_43	Non-specific	273636	86	286	1.81082e-34	124.035	TIGR01453	grpIintron_endo	-	45
ENDDOMAINS
ENDQUERY
QUERY	Query_44	Peptide	439	orf439_Dalgra1_feature_142_from_C_0, ORGANISM Genus species Unclassified.,
DOMAINS
2	Query_44	Specific	273636	140	345	2.77717e-54	179.889	TIGR01453	grpIintron_endo	-	45
2	Query_44	Specific	197761	379	429	4.8153e-08	49.1034	smart00497	IENR1	-	299755
ENDDOMAINS
ENDQUERY
QUERY	Query_45	Peptide	279	orf279_Dalgra1_feature_146_from_C_0, ORGANISM Genus species Unclassified.,
DOMAINS
2	Query_45	Specific	334330	54	149	1.64924e-15	70.343	pfam00961	LAGLIDADG_1	-	45
2	Query_45	Specific	334330	189	276	3.51567e-10	55.7055	pfam00961	LAGLIDADG_1	-	45
ENDDOMAINS
ENDQUERY
QUERY	Query_47	Peptide	107	orf107_Dalgra1_feature_150_from_C_0, ORGANISM Genus species Unclassified.,
DOMAINS
2	Query_47	Specific	334330	38	105	1.74464e-10	53.0091	pfam00961	LAGLIDADG_1	C	45
ENDDOMAINS
ENDQUERY
QUERY	Query_49	Peptide	416	orf417_Dalgra1_feature_155_from_C_0, ORGANISM Genus species Unclassified.,
DOMAINS
2	Query_49	Non-specific	273636	161	411	7.37269e-30	114.79	TIGR01453	grpIintron_endo	-	45
ENDDOMAINS
ENDQUERY
QUERY	Query_50	Peptide	323	orf324_Dalgra1_feature_157_from_C_0, ORGANISM Genus species Unclassified.,
DOMAINS
2	Query_50	Non-specific	273636	100	315	5.24088e-37	131.739	TIGR01453	grpIintron_endo	-	45
ENDDOMAINS
ENDQUERY
QUERY	Query_51	Peptide	213	orf213_Dalgra1_feature_159_from_C_0, ORGANISM Genus species Unclassified.,
DOMAINS
2	Query_51	Superfamily	353805	50	140	0.0052781	36.721	cl14057	BPL_LplA_LipB	NC	-
ENDDOMAINS
ENDQUERY
QUERY	Query_52	Peptide	368	nad1_Dalgra1_feature_163_from_C_0, ORGANISM Genus species Unclassified.,
DOMAINS
2	Query_52	Specific	333876	13	351	8.16633e-108	317.877	pfam00146	NADHdh	-	351105
ENDDOMAINS
ENDQUERY
QUERY	Query_53	Peptide	249	orf249_Dalgra1_feature_169_from_C_0, ORGANISM Genus species Unclassified.,
DOMAINS
2	Query_53	Specific	334330	143	238	1.12234e-26	99.233	pfam00961	LAGLIDADG_1	-	45
ENDDOMAINS
ENDQUERY
QUERY	Query_54	Peptide	167	orf167_Dalgra1_feature_173_from_C_0, ORGANISM Genus species Unclassified.,
DOMAINS
2	Query_54	Specific	334330	1	89	1.23479e-16	70.7282	pfam00961	LAGLIDADG_1	-	45
ENDDOMAINS
ENDQUERY
QUERY	Query_55	Peptide	258	orf258_Dalgra1_feature_175_from_C_0, ORGANISM Genus species Unclassified.,
DOMAINS
2	Query_55	Specific	335245	88	221	2.16843e-42	141.915	pfam03161	LAGLIDADG_2	C	45
ENDDOMAINS
ENDQUERY
QUERY	Query_56	Peptide	375	orf375_Dalgra1_feature_179_from_C_0, ORGANISM Genus species Unclassified.,
DOMAINS
2	Query_56	Non-specific	273636	186	356	2.22263e-08	53.9289	TIGR01453	grpIintron_endo	-	45
ENDDOMAINS
ENDQUERY
QUERY	Query_57	Peptide	524	nad4_Dalgra1_feature_184_from_C_0, ORGANISM Genus species Unclassified.,
DOMAINS
2	Query_57	Specific	235622	38	485	3.04219e-125	375.309	PRK05846	PRK05846	-	45
ENDDOMAINS
ENDQUERY
QUERY	Query_58	Peptide	174	orf175_Dalgra1_feature_186_from_C_0, ORGANISM Genus species Unclassified.,
DOMAINS
2	Query_58	Specific	334330	68	157	4.1164e-19	77.2766	pfam00961	LAGLIDADG_1	-	45
ENDDOMAINS
ENDQUERY
QUERY	Query_59	Peptide	50	atp8_Dalgra1_feature_188_from_C_0, ORGANISM Genus species Unclassified.,
DOMAINS
2	Query_59	Non-specific	283561	1	48	4.46035e-08	43.1638	pfam05933	Fun_ATP-synt_8	-	45
ENDDOMAINS
ENDQUERY
QUERY	Query_60	Peptide	180	atp6_Dalgra1_feature_190_from_C_0, ORGANISM Genus species Unclassified.,
DOMAINS
2	Query_60	Superfamily	351082	26	177	4.95914e-26	98.8176	cl00413	ATP-synt_A	C	-
ENDDOMAINS
ENDQUERY
QUERY	Query_61	Peptide	345	orf345_Dalgra1_feature_194_from_C_0, ORGANISM Genus species Unclassified.,
DOMAINS
2	Query_61	Specific	334330	57	156	4.39348e-26	99.6182	pfam00961	LAGLIDADG_1	-	45
2	Query_61	Specific	334330	216	311	1.00266e-17	77.2766	pfam00961	LAGLIDADG_1	-	45
ENDDOMAINS
ENDQUERY
QUERY	Query_62	Peptide	75	orf76_Dalgra1_feature_197_from_C_0, ORGANISM Genus species Unclassified.,
DOMAINS
2	Query_62	Superfamily	353929	12	58	4.66792e-10	50.302	cl15257	GIY-YIG_SF	C	-
ENDDOMAINS
SITES
2	Query_62	Generic	active site	Y15,G17,R25,Y29	6	4	198380
2	Query_62	Generic	catalytic site	R25	2	1	198380
2	Query_62	Generic	GIY-YIG motif/motif A	Y15,V16,G17	6	3	198380
ENDSITES
ENDQUERY
QUERY	Query_63	Peptide	146	orf147_Dalgra1_feature_199_from_C_0, ORGANISM Genus species Unclassified.,
DOMAINS
2	Query_63	Non-specific	273636	18	134	1.3704e-29	106.701	TIGR01453	grpIintron_endo	C	45
ENDDOMAINS
ENDQUERY
QUERY	Query_64	Peptide	105	orf106_Dalgra1_feature_201_from_C_0, ORGANISM Genus species Unclassified.,
DOMAINS
2	Query_64	Superfamily	353929	22	79	4.3592e-16	66.8656	cl15257	GIY-YIG_SF	C	-
ENDDOMAINS
SITES
2	Query_64	Generic	active site	Y25,Y36,G38,R46,Y50	6	5	198380
2	Query_64	Generic	catalytic site	R46	2	1	198380
2	Query_64	Generic	GIY-YIG motif/motif A	G23,I24,Y25,Y36,I37,G38	6	6	198380
ENDSITES
ENDQUERY
QUERY	Query_65	Peptide	101	orf101_Dalgra1_feature_203_from_C_0, ORGANISM Genus species Unclassified.,
DOMAINS
2	Query_65	Specific	284793	57	87	1.52479e-05	38.6476	pfam07453	NUMOD1	-	299755
ENDDOMAINS
ENDQUERY
QUERY	Query_69	Peptide	436	orf436_Dalgra1_feature_213_from_C_0, ORGANISM Genus species Unclassified.,
DOMAINS
2	Query_69	Specific	334330	35	132	2.01373e-16	74.195	pfam00961	LAGLIDADG_1	-	45
2	Query_69	Specific	334330	184	296	1.61655e-07	49.1571	pfam00961	LAGLIDADG_1	-	45
ENDDOMAINS
ENDQUERY
QUERY	Query_70	Peptide	434	orf435_Dalgra1_feature_215_from_C_0, ORGANISM Genus species Unclassified.,
DOMAINS
2	Query_70	Specific	334330	33	130	2.31534e-16	74.195	pfam00961	LAGLIDADG_1	-	45
2	Query_70	Specific	334330	182	294	1.73854e-07	48.7719	pfam00961	LAGLIDADG_1	-	45
ENDDOMAINS
ENDQUERY
QUERY	Query_72	Peptide	367	orf367_Dalgra1_feature_219_from_C_0, ORGANISM Genus species Unclassified.,
DOMAINS
2	Query_72	Specific	334330	233	333	1.30399e-23	93.455	pfam00961	LAGLIDADG_1	-	45
2	Query_72	Specific	334330	74	176	1.97011e-20	84.9806	pfam00961	LAGLIDADG_1	-	45
ENDDOMAINS
ENDQUERY
ENDSESSION	2
SESSION	3	blastp	2.10.0+	/opt/rpsbproc/db/Cdd	BLOSUM62	0.01
QUERY	Query_73	Peptide	366	orf366_Dalgra1_feature_221_from_C_0, ORGANISM Genus species Unclassified.,
DOMAINS
3	Query_73	Specific	334330	232	332	1.24828e-23	93.455	pfam00961	LAGLIDADG_1	-	45
3	Query_73	Specific	334330	73	175	1.96978e-20	84.9806	pfam00961	LAGLIDADG_1	-	45
ENDDOMAINS
ENDQUERY
QUERY	Query_74	Peptide	447	orf448_Dalgra1_feature_223_from_C_0, ORGANISM Genus species Unclassified.,
DOMAINS
3	Query_74	Specific	334330	157	253	1.66668e-27	105.011	pfam00961	LAGLIDADG_1	-	45
3	Query_74	Specific	334330	315	416	7.80718e-22	89.603	pfam00961	LAGLIDADG_1	-	45
ENDDOMAINS
ENDQUERY
QUERY	Query_77	Peptide	226	nad6_Dalgra1_feature_243_from_C_0, ORGANISM Genus species Unclassified.,
DOMAINS
3	Query_77	Superfamily	354830	30	122	1.8202e-17	77.1837	cl21484	Oxidored_q3	C	-
ENDDOMAINS
ENDQUERY
QUERY	Query_78	Peptide	63	atp9_Dalgra1_feature_245_from_C_0, ORGANISM Genus species Unclassified.,
DOMAINS
3	Query_78	Specific	349422	4	41	1.48716e-08	45.5784	cd18182	ATP-synt_Fo_c_ATP5G3	C	365782
ENDDOMAINS
SITES
ENDSITES
ENDQUERY
QUERY	Query_79	Peptide	269	cox3_Dalgra1_feature_249_from_C_0, ORGANISM Genus species Unclassified.,
DOMAINS
3	Query_79	Specific	278911	12	269	7.19709e-135	380.988	pfam00510	COX3	-	294143
ENDDOMAINS
SITES
3	Query_79	Specific	Subunit I/III interface	A82,K85,G86,S97,L100,A104,I105,H111,G199,V200,T203,F207	12	12	238834
3	Query_79	Specific	Subunit III/Vb interface	G166	1	1	238834
3	Query_79	Specific	Subunit III/VIa interface	F135,E136,L137,Y154,I180,S190,V191,S192,S197,D198,G199	11	11	238834
3	Query_79	Specific	Subunit III/VIb interface	I127	1	1	238834
3	Query_79	Specific	Subunit III/VIIa interface	L64,R67,D68,S71,T74,F75,L76	7	7	238834
3	Query_79	Specific	Phospholipid binding site	W65,F66,I69,I70,G73,H79,G90,V91,F94,F222,R229,L241,G242	13	13	238834
ENDSITES
ENDQUERY
QUERY	Query_80	Peptide	404	orf404_Dalgra1_feature_253_from_C_0, ORGANISM Genus species Unclassified.,
DOMAINS
3	Query_80	Specific	334330	15	87	1.5504e-12	63.0242	pfam00961	LAGLIDADG_1	N	45
3	Query_80	Specific	334330	131	244	1.73322e-07	48.7719	pfam00961	LAGLIDADG_1	-	45
ENDDOMAINS
ENDQUERY
QUERY	Query_81	Peptide	403	orf403_Dalgra1_feature_257_from_C_0, ORGANISM Genus species Unclassified.,
DOMAINS
3	Query_81	Specific	334330	88	188	3.07398e-29	109.248	pfam00961	LAGLIDADG_1	-	45
3	Query_81	Specific	334330	246	371	2.52934e-18	79.5878	pfam00961	LAGLIDADG_1	-	45
ENDDOMAINS
ENDQUERY
QUERY	Query_82	Peptide	451	orf451_Dalgra1_feature_261_from_C_0, ORGANISM Genus species Unclassified.,
DOMAINS
3	Query_82	Specific	334330	58	155	7.90159e-17	75.3506	pfam00961	LAGLIDADG_1	-	45
3	Query_82	Specific	334330	201	299	3.79936e-09	53.7795	pfam00961	LAGLIDADG_1	-	45
ENDDOMAINS
ENDQUERY
QUERY	Query_84	Peptide	274	orf274_Dalgra1_feature_266_from_C_0, ORGANISM Genus species Unclassified.,
DOMAINS
3	Query_84	Non-specific	177089	127	206	0.000509568	40.9713	CHL00189	infB	C	45
ENDDOMAINS
ENDQUERY
QUERY	Query_85	Peptide	655	orf656_Dalgra1_feature_274_from_C_0, ORGANISM Genus species Unclassified.,
DOMAINS
3	Query_85	Non-specific	275209	135	496	1.98867e-112	341.745	TIGR04416	group_II_RT_mat	-	45
3	Query_85	Specific	338877	93	174	3.1173e-22	90.9771	pfam13655	RVT_N	-	45
3	Query_85	Specific	238038	573	626	8.60802e-09	51.7035	cd00085	HNHc	-	350893
ENDDOMAINS
SITES
3	Query_85	Specific	active site	E596,H598,H599,I600,P602,N613,I614,H618,Q619,H622,T626	11	11	238038
ENDSITES
ENDQUERY
QUERY	Query_87	Peptide	316	orf317_Dalgra1_feature_278_from_C_0, ORGANISM Genus species Unclassified.,
DOMAINS
3	Query_87	Specific	334330	17	117	1.97973e-13	64.9502	pfam00961	LAGLIDADG_1	-	45
3	Query_87	Specific	334330	168	276	1.19038e-08	51.8535	pfam00961	LAGLIDADG_1	-	45
ENDDOMAINS
ENDQUERY
QUERY	Query_88	Peptide	452	orf452_Dalgra1_feature_280_from_C_0, ORGANISM Genus species Unclassified.,
DOMAINS
3	Query_88	Specific	334330	71	171	3.66513e-18	79.2026	pfam00961	LAGLIDADG_1	-	45
3	Query_88	Specific	334330	218	331	0.00441933	36.4455	pfam00961	LAGLIDADG_1	-	45
ENDDOMAINS
ENDQUERY
QUERY	Query_89	Peptide	450	orf451_Dalgra1_feature_282_from_C_0, ORGANISM Genus species Unclassified.,
DOMAINS
3	Query_89	Specific	334330	69	169	7.75424e-18	78.4322	pfam00961	LAGLIDADG_1	-	45
3	Query_89	Specific	334330	216	329	0.00715303	35.6751	pfam00961	LAGLIDADG_1	-	45
ENDDOMAINS
ENDQUERY
QUERY	Query_91	Peptide	131	orf131_Dalgra1_feature_286_from_C_0, ORGANISM Genus species Unclassified.,
DOMAINS
3	Query_91	Specific	284793	7	42	0.00226983	33.64	pfam07453	NUMOD1	-	299755
ENDDOMAINS
ENDQUERY
QUERY	Query_92	Peptide	471	orf471_Dalgra1_feature_288_from_C_0, ORGANISM Genus species Unclassified.,
DOMAINS
3	Query_92	Specific	334330	181	280	2.00527e-24	96.9218	pfam00961	LAGLIDADG_1	-	45
3	Query_92	Specific	334330	342	440	5.84198e-24	95.7662	pfam00961	LAGLIDADG_1	-	45
ENDDOMAINS
ENDQUERY
QUERY	Query_93	Peptide	345	orf346_Dalgra1_feature_294_from_C_0, ORGANISM Genus species Unclassified.,
DOMAINS
3	Query_93	Specific	334330	130	234	4.27863e-13	64.565	pfam00961	LAGLIDADG_1	-	45
ENDDOMAINS
ENDQUERY
QUERY	Query_94	Peptide	187	orf188_Dalgra1_feature_296_from_C_0, ORGANISM Genus species Unclassified.,
DOMAINS
3	Query_94	Specific	334330	2	39	0.000227626	38.7567	pfam00961	LAGLIDADG_1	N	45
ENDDOMAINS
ENDQUERY
QUERY	Query_95	Peptide	121	orf121_Dalgra1_feature_312_from_C_0, ORGANISM Genus species Unclassified.,
DOMAINS
3	Query_95	Specific	334330	41	82	1.48254e-06	43.3791	pfam00961	LAGLIDADG_1	C	45
ENDDOMAINS
ENDQUERY
QUERY	Query_96	Peptide	561	nad2_Dalgra1_feature_320_from_C_0, ORGANISM Genus species Unclassified.,
DOMAINS
3	Query_96	Specific	235603	122	487	8.45891e-81	260.909	PRK05777	PRK05777	-	356474
ENDDOMAINS
ENDQUERY
QUERY	Query_97	Peptide	424	orf424_Dalgra1_feature_328_from_C_0, ORGANISM Genus species Unclassified.,
DOMAINS
3	Query_97	Specific	334330	132	233	2.00456e-28	107.322	pfam00961	LAGLIDADG_1	-	45
3	Query_97	Specific	334330	293	390	2.88562e-22	90.3734	pfam00961	LAGLIDADG_1	-	45
ENDDOMAINS
ENDQUERY
QUERY	Query_98	Peptide	349	orf349_Dalgra1_feature_332_from_C_0, ORGANISM Genus species Unclassified.,
DOMAINS
3	Query_98	Specific	334330	218	318	1.65564e-29	108.863	pfam00961	LAGLIDADG_1	-	45
3	Query_98	Specific	334330	59	160	4.0831e-27	102.7	pfam00961	LAGLIDADG_1	-	45
ENDDOMAINS
ENDQUERY
QUERY	Query_99	Peptide	427	nad3_Dalgra1_feature_335_from_C_0, ORGANISM Genus species Unclassified.,
DOMAINS
3	Query_99	Specific	273636	181	418	4.24625e-38	137.132	TIGR01453	grpIintron_endo	-	45
3	Query_99	Specific	334119	19	112	2.75915e-21	87.4706	pfam00507	Oxidored_q4	-	351141
ENDDOMAINS
ENDQUERY
QUERY	Query_100	Peptide	69	atp9_Dalgra1_feature_337_from_C_0, ORGANISM Genus species Unclassified.,
DOMAINS
3	Query_100	Specific	349422	8	65	3.10097e-18	70.2311	cd18182	ATP-synt_Fo_c_ATP5G3	-	365782
ENDDOMAINS
SITES
ENDSITES
ENDQUERY
QUERY	Query_101	Peptide	338	orf339_Dalgra1_feature_339_from_C_0, ORGANISM Genus species Unclassified.,
DOMAINS
3	Query_101	Non-specific	273636	116	331	1.52111e-35	128.272	TIGR01453	grpIintron_endo	-	45
ENDDOMAINS
ENDQUERY
QUERY	Query_102	Peptide	437	orf437_Dalgra1_feature_341_from_C_0, ORGANISM Genus species Unclassified.,
DOMAINS
3	Query_102	Specific	315878	257	421	1.36081e-23	95.4894	pfam13302	Acetyltransf_3	-	356580
ENDDOMAINS
ENDQUERY
QUERY	Query_103	Peptide	252	cox2_Dalgra1_feature_345_from_C_0, ORGANISM Genus species Unclassified.,
DOMAINS
3	Query_103	Specific	214438	20	249	5.76661e-111	318.311	MTH00154	COX2	-	45
ENDDOMAINS
ENDQUERY
QUERY	Query_104	Peptide	418	orf418_Dalgra1_feature_349_from_C_0, ORGANISM Genus species Unclassified.,
DOMAINS
3	Query_104	Specific	334330	292	388	3.80003e-26	101.159	pfam00961	LAGLIDADG_1	-	45
3	Query_104	Specific	334330	135	234	1.2547e-19	83.0546	pfam00961	LAGLIDADG_1	-	45
ENDDOMAINS
ENDQUERY
ENDSESSION	3
SESSION	4	blastp	2.10.0+	/opt/rpsbproc/db/Cdd	BLOSUM62	0.01
QUERY	Query_105	Peptide	292	orf292_Dalgra1_feature_353_from_C_0, ORGANISM Genus species Unclassified.,
DOMAINS
4	Query_105	Specific	273636	54	287	9.35475e-61	191.83	TIGR01453	grpIintron_endo	-	45
ENDDOMAINS
ENDQUERY
QUERY	Query_106	Peptide	302	orf302_Dalgra1_feature_355_from_C_0, ORGANISM Genus species Unclassified.,
DOMAINS
4	Query_106	Specific	273636	62	297	8.13132e-54	174.496	TIGR01453	grpIintron_endo	-	45
ENDDOMAINS
ENDQUERY
QUERY	Query_107	Peptide	391	orf391_Dalgra1_feature_359_from_C_0, ORGANISM Genus species Unclassified.,
DOMAINS
4	Query_107	Superfamily	353929	137	237	4.51209e-08	49.9168	cl15257	GIY-YIG_SF	-	-
4	Query_107	Non-specific	273636	136	390	0.00103702	40.0618	TIGR01453	grpIintron_endo	-	45
ENDDOMAINS
SITES
4	Query_107	Generic	active site	Y140,Y151,G153,R161,D165,E222	6	6	198380
4	Query_107	Generic	catalytic site	R161,E222	2	2	198380
4	Query_107	Generic	metal binding site	E222	1	1	198380
4	Query_107	Generic	GIY-YIG motif/motif A	G138,V139,Y140,Y151,V152,G153	6	6	198380
ENDSITES
ENDQUERY
QUERY	Query_109	Peptide	135	nad4L_Dalgra1_feature_368_from_C_0, ORGANISM Genus species Unclassified.,
DOMAINS
4	Query_109	Specific	177231	3	80	4.08118e-22	83.5429	MTH00180	ND4L	-	351118
ENDDOMAINS
ENDQUERY
ENDSESSION	4
ENDDATA
