#Post-RPSBLAST Processing Utility

#Input data file:	Dalloc1_MitoAssemblyScaffolds.fasta.new.sqn.gbf_converted.faa.asn
#Output data file:	Dalloc1_MitoAssemblyScaffolds.fasta.new.sqn.gbf_converted.faa.asn.out
#Annotation data at:	/opt/rpsbproc/data
#E-Value cutoff:	0.01
#Redundancy:	Concise
#Data requested:	Domain hits and site annotations
#Output format -- tab-delimited table
#Show superfamilies: NO
#DATA
#SESSION	<session-ordinal>	<program>	<database>	<score-matrix>	<evalue-threshold>
#QUERY	<query-id>	<seq-type>	<seq-length>	<definition-line>
#DOMAINS
#<session-ordinal>	<query-id[readingframe]>	<hit-type>	<PSSM-ID>	<from>	<to>	<E-Value>	<bitscore>	<accession>	<short-name>	<incomplete>	<superfamily PSSM-ID>
#more such lines......
#ENDDOMAINS
#SITES
#<session-ordinal>	<query-id[readingframe]>	<annot-type>	<title>	<residue(coordinates)>	<complete-size>	<mapped-size>	<source-domain>
#more such lines......
#ENDSITES
#MOTIFS
#<session-ordinal>	<query-id[readingframe]>	<title>	<from>	<to>	<source-domain>
#more such lines......
#ENDMOTIFS
#ENDQUERY	<query-id>
#more query sections..
#ENDSESSION	<session-ordinal>
#more session sections..
#ENDDATA
#=====================================================================
DATA
SESSION	1	blastp	2.10.0+	/opt/rpsbproc/db/Cdd	BLOSUM62	0.01
QUERY	Query_1	Peptide	419	orf419_Dalloc1_feature_2_from_C_0, ORGANISM Genus species Unclassified.,
DOMAINS
1	Query_1	Specific	335245	207	388	1.03169e-41	144.996	pfam03161	LAGLIDADG_2	-	45
ENDDOMAINS
ENDQUERY
QUERY	Query_2	Peptide	341	orf342_Dalloc1_feature_4_from_C_0, ORGANISM Genus species Unclassified.,
DOMAINS
1	Query_2	Specific	334330	214	310	3.25358e-18	78.4322	pfam00961	LAGLIDADG_1	-	45
1	Query_2	Specific	334330	101	190	5.27713e-09	53.0091	pfam00961	LAGLIDADG_1	-	45
ENDDOMAINS
ENDQUERY
QUERY	Query_3	Peptide	627	nad5_Dalloc1_feature_6_from_C_0, ORGANISM Genus species Unclassified.,
DOMAINS
1	Query_3	Non-specific	214400	18	402	1.5894e-116	360.161	MTH00020	ND5	N	45
ENDDOMAINS
ENDQUERY
QUERY	Query_4	Peptide	363	orf363_Dalloc1_feature_10_from_C_0, ORGANISM Genus species Unclassified.,
DOMAINS
1	Query_4	Specific	334330	230	334	9.90191e-11	58.0167	pfam00961	LAGLIDADG_1	-	45
1	Query_4	Specific	334330	117	206	9.85108e-07	46.4607	pfam00961	LAGLIDADG_1	-	45
ENDDOMAINS
ENDQUERY
QUERY	Query_5	Peptide	398	orf398_Dalloc1_feature_14_from_C_0, ORGANISM Genus species Unclassified.,
DOMAINS
1	Query_5	Specific	334330	275	365	3.90684e-05	42.2235	pfam00961	LAGLIDADG_1	-	45
ENDDOMAINS
ENDQUERY
QUERY	Query_6	Peptide	666	orf666_Dalloc1_feature_16_from_C_0, ORGANISM Genus species Unclassified.,
DOMAINS
1	Query_6	Non-specific	235836	2	55	1.30818e-15	80.2025	PRK06590	PRK06590	NC	45
1	Query_6	Superfamily	357541	1	111	8.97263e-11	64.6249	cl30665	NuoL	NC	-
ENDDOMAINS
ENDQUERY
QUERY	Query_7	Peptide	150	cob_Dalloc1_feature_19_from_C_0, ORGANISM Genus species Unclassified.,
DOMAINS
1	Query_7	Non-specific	214440	10	143	2.92016e-69	212.72	MTH00156	CYTB	C	45
ENDDOMAINS
ENDQUERY
QUERY	Query_9	Peptide	453	orf453_1_Dalloc1_feature_25_from_C_0, ORGANISM Genus species Unclassified.,
DOMAINS
1	Query_9	Specific	334330	59	153	1.58026e-16	74.5802	pfam00961	LAGLIDADG_1	-	45
1	Query_9	Specific	334330	208	306	0.00025082	39.9123	pfam00961	LAGLIDADG_1	-	45
ENDDOMAINS
ENDQUERY
QUERY	Query_10	Peptide	493	orf493_Dalloc1_feature_29_from_C_0, ORGANISM Genus species Unclassified.,
DOMAINS
1	Query_10	Specific	334330	104	193	6.24346e-15	70.343	pfam00961	LAGLIDADG_1	-	45
1	Query_10	Specific	334330	241	354	2.95347e-11	59.9427	pfam00961	LAGLIDADG_1	-	45
1	Query_10	Specific	197761	434	480	1.17107e-05	42.555	smart00497	IENR1	-	299755
ENDDOMAINS
ENDQUERY
QUERY	Query_11	Peptide	315	orf315_Dalloc1_feature_33_from_C_0, ORGANISM Genus species Unclassified.,
DOMAINS
1	Query_11	Non-specific	273636	98	304	1.63912e-30	114.405	TIGR01453	grpIintron_endo	-	45
ENDDOMAINS
ENDQUERY
QUERY	Query_12	Peptide	460	orf460_Dalloc1_feature_36_from_C_0, ORGANISM Genus species Unclassified.,
DOMAINS
1	Query_12	Superfamily	354370	10	454	0	561.496	cl18945	Beta_elim_lyase	-	-
ENDDOMAINS
ENDQUERY
QUERY	Query_15	Peptide	243	cob_Dalloc1_feature_42_from_C_0, ORGANISM Genus species Unclassified.,
DOMAINS
1	Query_15	Non-specific	214440	1	215	1.19025e-91	273.581	MTH00156	CYTB	N	45
ENDDOMAINS
ENDQUERY
QUERY	Query_16	Peptide	304	orf304_Dalloc1_feature_46_from_C_0, ORGANISM Genus species Unclassified.,
DOMAINS
1	Query_16	Specific	334330	63	131	1.78302e-06	45.6903	pfam00961	LAGLIDADG_1	C	45
ENDDOMAINS
ENDQUERY
QUERY	Query_17	Peptide	320	orf320_Dalloc1_feature_50_from_C_0, ORGANISM Genus species Unclassified.,
DOMAINS
1	Query_17	Specific	334330	75	171	5.39049e-20	83.0546	pfam00961	LAGLIDADG_1	-	45
1	Query_17	Specific	334330	207	302	6.04514e-08	49.9275	pfam00961	LAGLIDADG_1	-	45
ENDDOMAINS
ENDQUERY
QUERY	Query_18	Peptide	547	cox1_Dalloc1_feature_55_from_C_0, ORGANISM Genus species Unclassified.,
DOMAINS
1	Query_18	Specific	238833	25	525	0	781.668	cd01663	Cyt_c_Oxidase_I	-	350997
ENDDOMAINS
SITES
1	Query_18	Specific	Binuclear center (heme a3/CuB)	H256,W303,H304,H389	4	4	238833
1	Query_18	Specific	Low-spin heme (heme a) binding site	H77,H391,S395,T437,S474	5	5	238833
1	Query_18	Specific	D-pathway	Y34,N96,D107,N114,S117,S172,S173,N179,T183	9	9	238833
1	Query_18	Specific	K-pathway	H256,Y260,S271,W303,H304,T329,K332	7	7	238833
1	Query_18	Specific	Electron transfer pathway	F390,R451,R452	3	3	238833
1	Query_18	Specific	Putative proton exit pathway	H304,H381,D382,R451,R452	5	5	238833
1	Query_18	Specific	Putative water exit pathway	D243,Q248,H249,D377,H381,D382,R451	7	7	238833
1	Query_18	Specific	Subunit I/II interface	N71,D243,K280,F283,G284,T307,V308,G309,V312,R315,L323,I331,F334,Y341,G342,G343,L355,N373,A374,L376,I378,A379,F380,H381,D382,L446,Q447,R451,R452,I453,G462,W463	32	32	238833
1	Query_18	Specific	Subunit I/III interface	T25,P106,F110,R112,W119,D160,F164,T182,N186,I206,L213,P216,M224,T233,S234,F235,G240,G241,D243,F253,Y288,M291,G294,I295,I299	25	25	238833
1	Query_18	Specific	Subunit I/IV interface	M54,S57,G58,L421,K424,V425,D458,V476	8	8	238833
1	Query_18	Specific	Subunit I/Vb interface	S281,Y285,A524	3	3	238833
1	Query_18	Specific	Subunit I/VIa interface	V151,R229,N230,F231,N232	5	5	238833
1	Query_18	Specific	Subunit I/VIb interface	G309	1	1	238833
1	Query_18	Specific	Subunit I/VIc interface	G342	1	1	238833
1	Query_18	Specific	Subunit I/VIIa interface	F130,V133	2	2	238833
1	Query_18	Specific	Subunit I/VIIb interface	D458,G462	2	2	238833
1	Query_18	Specific	Subunit I/VIIc interface	F40,L44,A47,L51,A132,V133,I413,Y486,L489	9	9	238833
1	Query_18	Specific	Subunit I/VIIIb interface	L422,W479	2	2	238833
1	Query_18	Specific	Dimer interface	I206,L213,F253,Y288,M291,G294,I295,I299	8	8	238833
ENDSITES
ENDQUERY
QUERY	Query_19	Peptide	762	orf762_Dalloc1_feature_59_from_C_0, ORGANISM Genus species Unclassified.,
DOMAINS
1	Query_19	Specific	238828	263	533	2.01968e-92	287.945	cd01651	RT_G2_intron	-	295487
1	Query_19	Non-specific	279664	556	671	1.67528e-21	90.9918	pfam01348	Intron_maturas2	-	45
ENDDOMAINS
SITES
1	Query_19	Specific	putative active site	D338,I339,S340,K341,C342,F343,Q391,G392,Y477,D479,D480,L529,G530	13	13	238828
1	Query_19	Specific	putative nucleic acid binding site	G392	1	1	238828
1	Query_19	Specific	putative NTP binding site	D338,I339,S340,K341,C342,F343,Q391,D479	8	8	238828
ENDSITES
ENDQUERY
QUERY	Query_20	Peptide	812	orf812_Dalloc1_feature_63_from_C_0, ORGANISM Genus species Unclassified.,
DOMAINS
1	Query_20	Specific	238828	268	542	1.3757e-79	255.203	cd01651	RT_G2_intron	-	295487
1	Query_20	Non-specific	279664	571	692	3.84421e-19	84.4434	pfam01348	Intron_maturas2	-	45
ENDDOMAINS
SITES
1	Query_20	Specific	putative active site	D343,F344,T345,M346,A347,L348,Q397,G398,Y486,D488,D489,L538,G539	13	13	238828
1	Query_20	Specific	putative nucleic acid binding site	G398	1	1	238828
1	Query_20	Specific	putative NTP binding site	D343,F344,T345,M346,A347,L348,Q397,D488	8	8	238828
ENDSITES
ENDQUERY
QUERY	Query_21	Peptide	361	orf361_1_Dalloc1_feature_65_from_C_0, ORGANISM Genus species Unclassified.,
DOMAINS
1	Query_21	Specific	198392	108	195	1.05983e-27	103.845	cd10445	GIY-YIG_bI1_like	-	353929
1	Query_21	Non-specific	273636	107	358	2.29707e-08	53.5437	TIGR01453	grpIintron_endo	-	45
ENDDOMAINS
SITES
1	Query_21	Specific	putative active site	Y110,Y121,G123,R131,Y135,E180,N192	7	7	198392
1	Query_21	Specific	putative metal binding site	E180	1	1	198392
1	Query_21	Specific	GIY-YIG motif/motif A	G108,V109,Y110,Y121,V122,G123	6	6	198392
ENDSITES
ENDQUERY
QUERY	Query_22	Peptide	409	orf409_Dalloc1_feature_69_from_C_0, ORGANISM Genus species Unclassified.,
DOMAINS
1	Query_22	Specific	334330	42	127	7.75502e-08	49.9275	pfam00961	LAGLIDADG_1	-	45
1	Query_22	Specific	334330	350	408	2.11495e-07	48.7719	pfam00961	LAGLIDADG_1	C	45
1	Query_22	Specific	334330	161	267	3.72093e-07	48.0015	pfam00961	LAGLIDADG_1	-	45
ENDDOMAINS
ENDQUERY
QUERY	Query_24	Peptide	115	orf115_1_Dalloc1_feature_73_from_C_0, ORGANISM Genus species Unclassified.,
DOMAINS
1	Query_24	Specific	334330	9	72	1.11877e-14	64.1798	pfam00961	LAGLIDADG_1	N	45
ENDDOMAINS
ENDQUERY
QUERY	Query_25	Peptide	163	orf163_Dalloc1_feature_75_from_C_0, ORGANISM Genus species Unclassified.,
DOMAINS
1	Query_25	Specific	334330	5	120	6.63947e-15	66.1058	pfam00961	LAGLIDADG_1	-	45
ENDDOMAINS
ENDQUERY
QUERY	Query_26	Peptide	498	orf498_Dalloc1_feature_79_from_C_0, ORGANISM Genus species Unclassified.,
DOMAINS
1	Query_26	Specific	334330	347	456	3.145e-23	93.8402	pfam00961	LAGLIDADG_1	-	45
1	Query_26	Specific	334330	44	162	1.00202e-15	72.6542	pfam00961	LAGLIDADG_1	-	45
1	Query_26	Specific	334330	229	313	1.2113e-05	43.7643	pfam00961	LAGLIDADG_1	-	45
ENDDOMAINS
ENDQUERY
QUERY	Query_27	Peptide	119	orf119_1_Dalloc1_feature_83_from_C_0, ORGANISM Genus species Unclassified.,
DOMAINS
1	Query_27	Specific	334330	23	99	1.48701e-06	42.9939	pfam00961	LAGLIDADG_1	N	45
ENDDOMAINS
ENDQUERY
ENDSESSION	1
SESSION	2	blastp	2.10.0+	/opt/rpsbproc/db/Cdd	BLOSUM62	0.01
QUERY	Query_28	Peptide	450	orf450_Dalloc1_feature_87_from_C_0, ORGANISM Genus species Unclassified.,
DOMAINS
2	Query_28	Superfamily	353929	199	292	1.26326e-12	63.0136	cl15257	GIY-YIG_SF	-	-
2	Query_28	Non-specific	273636	199	442	3.93664e-07	50.4621	TIGR01453	grpIintron_endo	-	45
ENDDOMAINS
SITES
2	Query_28	Generic	active site	Y201,Y212,G214,R222,Y226,E277	6	6	198380
2	Query_28	Generic	catalytic site	R222,E277	2	2	198380
2	Query_28	Generic	metal binding site	E277	1	1	198380
2	Query_28	Generic	GIY-YIG motif/motif A	G199,V200,Y201,Y212,V213,G214	6	6	198380
ENDSITES
ENDQUERY
QUERY	Query_30	Peptide	188	orf188_Dalloc1_feature_93_from_C_0, ORGANISM Genus species Unclassified.,
DOMAINS
2	Query_30	Specific	334330	18	116	1.92536e-24	91.529	pfam00961	LAGLIDADG_1	-	45
ENDDOMAINS
ENDQUERY
QUERY	Query_31	Peptide	276	orf276_Dalloc1_feature_95_from_C_0, ORGANISM Genus species Unclassified.,
DOMAINS
2	Query_31	Specific	335245	83	258	2.59126e-52	168.108	pfam03161	LAGLIDADG_2	-	45
ENDDOMAINS
ENDQUERY
QUERY	Query_32	Peptide	361	orf361_2_Dalloc1_feature_99_from_C_0, ORGANISM Genus species Unclassified.,
DOMAINS
2	Query_32	Specific	334330	212	317	1.66914e-15	71.1134	pfam00961	LAGLIDADG_1	-	45
2	Query_32	Specific	334330	91	188	4.13293e-15	70.343	pfam00961	LAGLIDADG_1	-	45
ENDDOMAINS
ENDQUERY
QUERY	Query_34	Peptide	314	orf314_Dalloc1_feature_103_from_C_0, ORGANISM Genus species Unclassified.,
DOMAINS
2	Query_34	Specific	334330	165	271	6.32049e-14	66.491	pfam00961	LAGLIDADG_1	-	45
2	Query_34	Specific	334330	46	145	0.000970398	37.6011	pfam00961	LAGLIDADG_1	-	45
ENDDOMAINS
ENDQUERY
QUERY	Query_35	Peptide	301	orf301_Dalloc1_feature_107_from_C_0, ORGANISM Genus species Unclassified.,
DOMAINS
2	Query_35	Specific	334330	179	274	3.97142e-15	69.5726	pfam00961	LAGLIDADG_1	-	45
2	Query_35	Specific	334330	60	147	2.36652e-07	48.0015	pfam00961	LAGLIDADG_1	-	45
ENDDOMAINS
ENDQUERY
QUERY	Query_36	Peptide	323	orf323_Dalloc1_feature_111_from_C_0, ORGANISM Genus species Unclassified.,
DOMAINS
2	Query_36	Specific	334330	197	291	3.9989e-19	80.7434	pfam00961	LAGLIDADG_1	-	45
2	Query_36	Specific	334330	86	154	2.78857e-06	44.9199	pfam00961	LAGLIDADG_1	-	45
ENDDOMAINS
ENDQUERY
QUERY	Query_37	Peptide	391	orf391_1_Dalloc1_feature_115_from_C_0, ORGANISM Genus species Unclassified.,
DOMAINS
2	Query_37	Specific	334330	163	252	8.05951e-06	44.1495	pfam00961	LAGLIDADG_1	-	45
ENDDOMAINS
ENDQUERY
QUERY	Query_38	Peptide	160	orf160_Dalloc1_feature_117_from_C_0, ORGANISM Genus species Unclassified.,
DOMAINS
2	Query_38	Specific	334330	22	133	5.04497e-14	63.7946	pfam00961	LAGLIDADG_1	-	45
ENDDOMAINS
ENDQUERY
QUERY	Query_39	Peptide	391	orf391_2_Dalloc1_feature_119_from_C_0, ORGANISM Genus species Unclassified.,
DOMAINS
2	Query_39	Specific	334330	102	200	6.86326e-26	100.003	pfam00961	LAGLIDADG_1	-	45
2	Query_39	Specific	334330	259	361	1.43437e-14	68.8022	pfam00961	LAGLIDADG_1	-	45
ENDDOMAINS
ENDQUERY
QUERY	Query_40	Peptide	348	orf348_Dalloc1_feature_123_from_C_0, ORGANISM Genus species Unclassified.,
DOMAINS
2	Query_40	Specific	334330	212	311	4.49926e-18	78.047	pfam00961	LAGLIDADG_1	-	45
ENDDOMAINS
ENDQUERY
QUERY	Query_41	Peptide	296	orf296_Dalloc1_feature_125_from_C_0, ORGANISM Genus species Unclassified.,
DOMAINS
2	Query_41	Specific	334330	174	263	1.05034e-14	68.417	pfam00961	LAGLIDADG_1	-	45
ENDDOMAINS
ENDQUERY
QUERY	Query_42	Peptide	322	orf322_Dalloc1_feature_129_from_C_0, ORGANISM Genus species Unclassified.,
DOMAINS
2	Query_42	Specific	334330	192	289	5.15292e-20	83.0546	pfam00961	LAGLIDADG_1	-	45
2	Query_42	Specific	334330	83	154	1.5913e-05	42.9939	pfam00961	LAGLIDADG_1	-	45
ENDDOMAINS
ENDQUERY
QUERY	Query_44	Peptide	461	orf461_Dalloc1_feature_135_from_C_0, ORGANISM Genus species Unclassified.,
DOMAINS
2	Query_44	Specific	335245	264	429	1.04985e-52	174.657	pfam03161	LAGLIDADG_2	-	45
2	Query_44	Specific	334330	109	197	7.15274e-10	55.7055	pfam00961	LAGLIDADG_1	-	45
ENDDOMAINS
ENDQUERY
QUERY	Query_45	Peptide	424	orf424_Dalloc1_feature_139_from_C_0, ORGANISM Genus species Unclassified.,
DOMAINS
2	Query_45	Specific	273636	131	336	2.28891e-59	192.601	TIGR01453	grpIintron_endo	-	45
2	Query_45	Specific	284793	370	406	9.57402e-08	47.8924	pfam07453	NUMOD1	-	299755
ENDDOMAINS
ENDQUERY
QUERY	Query_46	Peptide	100	orf100_1_Dalloc1_feature_141_from_C_0, ORGANISM Genus species Unclassified.,
DOMAINS
2	Query_46	Specific	197761	48	95	9.42689e-06	39.4734	smart00497	IENR1	-	299755
ENDDOMAINS
ENDQUERY
QUERY	Query_47	Peptide	370	orf370_Dalloc1_feature_145_from_C_0, ORGANISM Genus species Unclassified.,
DOMAINS
2	Query_47	Specific	334330	111	187	6.94277e-11	58.4019	pfam00961	LAGLIDADG_1	C	45
ENDDOMAINS
ENDQUERY
QUERY	Query_49	Peptide	289	orf289_1_Dalloc1_feature_151_from_C_0, ORGANISM Genus species Unclassified.,
DOMAINS
2	Query_49	Non-specific	273636	68	270	1.53123e-28	108.627	TIGR01453	grpIintron_endo	-	45
ENDDOMAINS
ENDQUERY
QUERY	Query_50	Peptide	414	orf414_Dalloc1_feature_155_from_C_0, ORGANISM Genus species Unclassified.,
DOMAINS
2	Query_50	Non-specific	273636	151	409	5.21567e-31	117.872	TIGR01453	grpIintron_endo	-	45
ENDDOMAINS
ENDQUERY
QUERY	Query_52	Peptide	225	orf226_Dalloc1_feature_162_from_C_0, ORGANISM Genus species Unclassified.,
DOMAINS
2	Query_52	Specific	333876	11	47	2.31547e-09	55.9417	pfam00146	NADHdh	C	351105
2	Query_52	Specific	198380	118	148	0.000143136	38.8851	cd00719	GIY-YIG_SF	C	353929
ENDDOMAINS
SITES
2	Query_52	Specific	active site	Y120,Y132,G134,R142,H146	6	5	198380
2	Query_52	Specific	GIY-YIG motif/motif A	G118,I119,Y120,Y132,V133,G134	6	6	198380
ENDSITES
ENDQUERY
QUERY	Query_53	Peptide	472	orf473_Dalloc1_feature_164_from_C_0, ORGANISM Genus species Unclassified.,
DOMAINS
2	Query_53	Specific	334330	182	283	2.8451e-29	110.404	pfam00961	LAGLIDADG_1	-	45
2	Query_53	Specific	334330	341	442	2.2932e-22	91.1438	pfam00961	LAGLIDADG_1	-	45
2	Query_53	Superfamily	351105	5	79	3.0515e-11	64.1211	cl00469	NADHdh	C	-
ENDDOMAINS
ENDQUERY
QUERY	Query_54	Peptide	674	orf675_Dalloc1_feature_166_from_C_0, ORGANISM Genus species Unclassified.,
DOMAINS
2	Query_54	Superfamily	351105	28	78	4.15517e-13	70.6062	cl00469	NADHdh	NC	-
2	Query_54	Non-specific	273636	260	430	2.82005e-08	54.6993	TIGR01453	grpIintron_endo	-	45
2	Query_54	Specific	284793	535	574	7.2442e-05	40.1884	pfam07453	NUMOD1	-	299755
2	Query_54	Specific	197761	617	672	0.000775389	37.5474	smart00497	IENR1	-	299755
ENDDOMAINS
ENDQUERY
QUERY	Query_55	Peptide	553	orf554_Dalloc1_feature_168_from_C_0, ORGANISM Genus species Unclassified.,
DOMAINS
2	Query_55	Specific	334582	265	342	1.25468e-06	46.1737	pfam01541	GIY-YIG	-	353929
2	Query_55	Specific	197761	464	519	0.00473369	35.2362	smart00497	IENR1	-	299755
ENDDOMAINS
SITES
2	Query_55	Specific	active site	Y269,Y281,G283,R291,H295	6	5	198380
2	Query_55	Specific	GIY-YIG motif/motif A	G267,I268,Y269,Y281,I282,G283	6	6	198380
ENDSITES
ENDQUERY
QUERY	Query_56	Peptide	271	orf272_Dalloc1_feature_2_from_C_1, ORGANISM Genus species Unclassified.,
DOMAINS
2	Query_56	Superfamily	353929	116	224	9.58941e-12	59.5468	cl15257	GIY-YIG_SF	-	-
ENDDOMAINS
SITES
2	Query_56	Generic	active site	Y119,Y130,G132,R140,Y145,E209	6	6	198380
2	Query_56	Generic	catalytic site	R140,E209	2	2	198380
2	Query_56	Generic	metal binding site	E209	1	1	198380
2	Query_56	Generic	GIY-YIG motif/motif A	G117,A118,Y119,Y130,V131,G132	6	6	198380
ENDSITES
ENDQUERY
QUERY	Query_57	Peptide	200	nad3_Dalloc1_feature_4_from_C_1, ORGANISM Genus species Unclassified.,
DOMAINS
2	Query_57	Specific	334119	19	112	3.01027e-23	88.6262	pfam00507	Oxidored_q4	-	351141
ENDDOMAINS
ENDQUERY
QUERY	Query_58	Peptide	575	nad2_Dalloc1_feature_6_from_C_1, ORGANISM Genus species Unclassified.,
DOMAINS
2	Query_58	Specific	235603	147	501	1.70543e-80	260.523	PRK05777	PRK05777	N	356474
ENDDOMAINS
ENDQUERY
QUERY	Query_59	Peptide	423	orf423_Dalloc1_feature_10_from_C_1, ORGANISM Genus species Unclassified.,
DOMAINS
2	Query_59	Specific	334330	134	234	3.0168e-24	95.7662	pfam00961	LAGLIDADG_1	-	45
2	Query_59	Specific	334330	294	391	1.25416e-22	91.529	pfam00961	LAGLIDADG_1	-	45
ENDDOMAINS
ENDQUERY
ENDSESSION	2
SESSION	3	blastp	2.10.0+	/opt/rpsbproc/db/Cdd	BLOSUM62	0.01
QUERY	Query_62	Peptide	176	orf177_Dalloc1_feature_37_from_C_1, ORGANISM Genus species Unclassified.,
DOMAINS
3	Query_62	Specific	334330	81	151	8.68363e-07	44.9199	pfam00961	LAGLIDADG_1	C	45
ENDDOMAINS
ENDQUERY
QUERY	Query_63	Peptide	434	orf434_Dalloc1_feature_41_from_C_1, ORGANISM Genus species Unclassified.,
DOMAINS
3	Query_63	Specific	334330	141	239	6.57294e-23	92.2994	pfam00961	LAGLIDADG_1	-	45
3	Query_63	Specific	334330	297	396	2.81752e-22	90.7586	pfam00961	LAGLIDADG_1	-	45
ENDDOMAINS
ENDQUERY
QUERY	Query_65	Peptide	144	orf145_Dalloc1_feature_45_from_C_1, ORGANISM Genus species Unclassified.,
DOMAINS
3	Query_65	Specific	334330	36	118	2.91166e-08	48.3867	pfam00961	LAGLIDADG_1	-	45
ENDDOMAINS
ENDQUERY
QUERY	Query_66	Peptide	452	orf453_Dalloc1_feature_47_from_C_1, ORGANISM Genus species Unclassified.,
DOMAINS
3	Query_66	Specific	334330	149	248	7.82671e-26	100.774	pfam00961	LAGLIDADG_1	-	45
3	Query_66	Specific	334330	306	403	2.73825e-20	85.3658	pfam00961	LAGLIDADG_1	-	45
ENDDOMAINS
ENDQUERY
QUERY	Query_67	Peptide	259	orf260_Dalloc1_feature_49_from_C_1, ORGANISM Genus species Unclassified.,
DOMAINS
3	Query_67	Non-specific	273636	43	258	6.97672e-39	134.436	TIGR01453	grpIintron_endo	-	45
ENDDOMAINS
ENDQUERY
QUERY	Query_68	Peptide	531	orf531_Dalloc1_feature_57_from_C_1, ORGANISM Genus species Unclassified.,
DOMAINS
3	Query_68	Non-specific	309839	314	394	0.000116503	43.761	pfam04889	Cwf_Cwc_15	N	45
ENDDOMAINS
ENDQUERY
QUERY	Query_69	Peptide	269	cox3_Dalloc1_feature_59_from_C_1, ORGANISM Genus species Unclassified.,
DOMAINS
3	Query_69	Specific	278911	12	269	6.44565e-139	391.003	pfam00510	COX3	-	294143
ENDDOMAINS
SITES
3	Query_69	Specific	Subunit I/III interface	A82,K85,G86,S97,L100,A104,I105,H111,G199,A200,T203,F207	12	12	238834
3	Query_69	Specific	Subunit III/Vb interface	G166	1	1	238834
3	Query_69	Specific	Subunit III/VIa interface	F135,E136,L137,Y154,I180,S190,V191,S192,S197,D198,G199	11	11	238834
3	Query_69	Specific	Subunit III/VIb interface	I127	1	1	238834
3	Query_69	Specific	Subunit III/VIIa interface	L64,R67,D68,S71,T74,F75,L76	7	7	238834
3	Query_69	Specific	Phospholipid binding site	W65,F66,I69,I70,G73,H79,G90,V91,F94,F222,R229,L241,G242	13	13	238834
ENDSITES
ENDQUERY
QUERY	Query_70	Peptide	373	orf373_Dalloc1_feature_63_from_C_1, ORGANISM Genus species Unclassified.,
DOMAINS
3	Query_70	Specific	334330	82	182	1.6149e-28	106.552	pfam00961	LAGLIDADG_1	-	45
3	Query_70	Specific	334330	240	341	4.24855e-21	86.9066	pfam00961	LAGLIDADG_1	-	45
ENDDOMAINS
ENDQUERY
QUERY	Query_71	Peptide	462	orf462_Dalloc1_feature_67_from_C_1, ORGANISM Genus species Unclassified.,
DOMAINS
3	Query_71	Specific	334330	68	159	1.77763e-16	74.5802	pfam00961	LAGLIDADG_1	-	45
3	Query_71	Specific	334330	203	316	1.13005e-06	46.8459	pfam00961	LAGLIDADG_1	-	45
ENDDOMAINS
ENDQUERY
QUERY	Query_72	Peptide	433	orf433_Dalloc1_feature_71_from_C_1, ORGANISM Genus species Unclassified.,
DOMAINS
3	Query_72	Specific	334330	136	234	2.19837e-22	90.7586	pfam00961	LAGLIDADG_1	-	45
3	Query_72	Specific	334330	305	403	2.29051e-18	79.5878	pfam00961	LAGLIDADG_1	-	45
ENDDOMAINS
ENDQUERY
QUERY	Query_73	Peptide	325	orf325_Dalloc1_feature_75_from_C_1, ORGANISM Genus species Unclassified.,
DOMAINS
3	Query_73	Specific	334330	181	293	5.5139e-12	61.0983	pfam00961	LAGLIDADG_1	-	45
ENDDOMAINS
ENDQUERY
QUERY	Query_74	Peptide	219	nad6_Dalloc1_feature_80_from_C_1, ORGANISM Genus species Unclassified.,
DOMAINS
3	Query_74	Superfamily	354830	22	213	5.10141e-23	91.4361	cl21484	Oxidored_q3	-	-
ENDDOMAINS
ENDQUERY
QUERY	Query_75	Peptide	289	orf289_Dalloc1_feature_84_from_C_1, ORGANISM Genus species Unclassified.,
DOMAINS
3	Query_75	Specific	334330	23	148	5.23647e-06	44.1495	pfam00961	LAGLIDADG_1	-	45
ENDDOMAINS
ENDQUERY
QUERY	Query_76	Peptide	456	orf456_Dalloc1_feature_86_from_C_1, ORGANISM Genus species Unclassified.,
DOMAINS
3	Query_76	Specific	334330	165	261	3.6747e-25	98.8478	pfam00961	LAGLIDADG_1	-	45
3	Query_76	Specific	334330	325	418	4.00908e-17	76.5062	pfam00961	LAGLIDADG_1	-	45
ENDDOMAINS
ENDQUERY
QUERY	Query_77	Peptide	457	orf458_Dalloc1_feature_6_from_C_2, ORGANISM Genus species Unclassified.,
DOMAINS
3	Query_77	Specific	334330	156	253	1.06154e-26	103.085	pfam00961	LAGLIDADG_1	-	45
3	Query_77	Specific	334330	325	426	1.6047e-22	91.529	pfam00961	LAGLIDADG_1	-	45
ENDDOMAINS
ENDQUERY
QUERY	Query_78	Peptide	393	orf394_Dalloc1_feature_8_from_C_2, ORGANISM Genus species Unclassified.,
DOMAINS
3	Query_78	Specific	334330	260	360	6.3205e-24	94.6106	pfam00961	LAGLIDADG_1	-	45
3	Query_78	Specific	334330	101	202	5.16215e-23	92.2994	pfam00961	LAGLIDADG_1	-	45
ENDDOMAINS
ENDQUERY
QUERY	Query_83	Peptide	264	atp6_Dalloc1_feature_22_from_C_2, ORGANISM Genus species Unclassified.,
DOMAINS
3	Query_83	Specific	273458	39	261	4.42497e-47	156.212	TIGR01131	ATP_synt_6_or_A	-	351082
ENDDOMAINS
ENDQUERY
QUERY	Query_84	Peptide	142	orf142_Dalloc1_feature_26_from_C_2, ORGANISM Genus species Unclassified.,
DOMAINS
3	Query_84	Specific	284793	89	125	5.20812e-05	38.2624	pfam07453	NUMOD1	-	299755
ENDDOMAINS
ENDQUERY
QUERY	Query_85	Peptide	352	orf352_Dalloc1_feature_30_from_C_2, ORGANISM Genus species Unclassified.,
DOMAINS
3	Query_85	Specific	273636	61	260	1.41012e-38	136.362	TIGR01453	grpIintron_endo	-	45
3	Query_85	Specific	197761	287	341	0.0016331	36.0066	smart00497	IENR1	-	299755
ENDDOMAINS
ENDQUERY
QUERY	Query_86	Peptide	349	orf349_Dalloc1_feature_34_from_C_2, ORGANISM Genus species Unclassified.,
DOMAINS
3	Query_86	Specific	334330	60	159	3.92438e-26	100.003	pfam00961	LAGLIDADG_1	-	45
3	Query_86	Specific	334330	221	316	2.26517e-20	84.5954	pfam00961	LAGLIDADG_1	-	45
ENDDOMAINS
ENDQUERY
QUERY	Query_87	Peptide	50	atp8_Dalloc1_feature_37_from_C_2, ORGANISM Genus species Unclassified.,
DOMAINS
3	Query_87	Non-specific	283561	1	48	4.46035e-08	43.1638	pfam05933	Fun_ATP-synt_8	-	45
ENDDOMAINS
ENDQUERY
QUERY	Query_89	Peptide	72	orf73_Dalloc1_feature_41_from_C_2, ORGANISM Genus species Unclassified.,
DOMAINS
3	Query_89	Specific	334330	8	48	3.00473e-07	43.3791	pfam00961	LAGLIDADG_1	C	45
ENDDOMAINS
ENDQUERY
QUERY	Query_90	Peptide	510	nad4_Dalloc1_feature_43_from_C_2, ORGANISM Genus species Unclassified.,
DOMAINS
3	Query_90	Specific	235622	38	482	1.08319e-115	350.271	PRK05846	PRK05846	-	45
ENDDOMAINS
ENDQUERY
QUERY	Query_91	Peptide	162	nad1_Dalloc1_feature_45_from_C_2, ORGANISM Genus species Unclassified.,
DOMAINS
3	Query_91	Specific	333876	8	145	2.63057e-22	90.2244	pfam00146	NADHdh	N	351105
ENDDOMAINS
ENDQUERY
QUERY	Query_93	Peptide	144	cox2_Dalloc1_feature_4_from_C_3, ORGANISM Genus species Unclassified.,
DOMAINS
3	Query_93	Specific	259979	6	140	3.19911e-86	247.484	cd13912	CcO_II_C	-	354382
ENDDOMAINS
SITES
3	Query_93	Specific	CuA binding site	H79,C114,E116,C118,H122,M125	6	6	259979
3	Query_93	Specific	subunit I/II interface	K89,D91,P94,R96,N98,Q113,C114,S115,E116,I120,H122,S123	12	12	259979
3	Query_93	Specific	subunit II/IV interface	V109,Y111	2	2	259979
3	Query_93	Specific	subunit II/VIb interface	S6,S7,S9,L11,Q22,R69,G75,R96,L97,N98,Q99	11	11	259979
3	Query_93	Specific	subunit II/VIc interface	D57,R59,E64,L65,E107	5	5	259979
ENDSITES
ENDQUERY
ENDSESSION	3
SESSION	4	blastp	2.10.0+	/opt/rpsbproc/db/Cdd	BLOSUM62	0.01
QUERY	Query_95	Peptide	393	orf394_Dalloc1_feature_13_from_C_3, ORGANISM Genus species Unclassified.,
DOMAINS
4	Query_95	Specific	334330	98	184	1.24026e-15	71.8838	pfam00961	LAGLIDADG_1	-	45
4	Query_95	Specific	334330	233	274	0.000948094	37.9863	pfam00961	LAGLIDADG_1	C	45
ENDDOMAINS
ENDQUERY
QUERY	Query_96	Peptide	486	orf487_Dalloc1_feature_15_from_C_3, ORGANISM Genus species Unclassified.,
DOMAINS
4	Query_96	Specific	334330	190	290	6.41178e-25	98.4626	pfam00961	LAGLIDADG_1	-	45
4	Query_96	Specific	334330	348	448	5.82894e-22	89.9882	pfam00961	LAGLIDADG_1	-	45
ENDDOMAINS
ENDQUERY
QUERY	Query_97	Peptide	307	orf308_Dalloc1_feature_17_from_C_3, ORGANISM Genus species Unclassified.,
DOMAINS
4	Query_97	Specific	273636	66	302	3.71877e-57	183.356	TIGR01453	grpIintron_endo	-	45
ENDDOMAINS
SITES
4	Query_97	Generic	DNA binding site	N211,P212,L213,Y214,H218,T222,M243,S244,G248,Y249,I253,H254,K256,R272,K276,S281,T284,R286,L287,Y288,R298	21	21	238175
ENDSITES
ENDQUERY
QUERY	Query_98	Peptide	505	orf505_Dalloc1_feature_19_from_C_3, ORGANISM Genus species Unclassified.,
DOMAINS
4	Query_98	Specific	334330	379	475	5.61633e-26	101.544	pfam00961	LAGLIDADG_1	-	45
4	Query_98	Specific	334330	222	321	3.30336e-22	90.7586	pfam00961	LAGLIDADG_1	-	45
4	Query_98	Non-specific	280885	34	88	3.441e-20	84.6836	pfam02790	COX2_TM	C	45
ENDDOMAINS
ENDQUERY
QUERY	Query_99	Peptide	434	orf434_Dalloc1_feature_23_from_C_3, ORGANISM Genus species Unclassified.,
DOMAINS
4	Query_99	Specific	315878	254	418	2.73129e-25	100.112	pfam13302	Acetyltransf_3	-	356580
ENDDOMAINS
ENDQUERY
QUERY	Query_101	Peptide	230	orf230_Dalloc1_feature_4_from_C_4, ORGANISM Genus species Unclassified.,
DOMAINS
4	Query_101	Superfamily	350893	81	196	1.34299e-12	62.5169	cl00083	HNHc	-	-
ENDDOMAINS
ENDQUERY
QUERY	Query_106	Peptide	440	nad4L_Dalloc1_feature_6_from_C_5, ORGANISM Genus species Unclassified.,
DOMAINS
4	Query_106	Specific	177231	3	80	2.27818e-25	99.3361	MTH00180	ND4L	-	351118
4	Query_106	Specific	334330	293	393	6.61392e-22	89.603	pfam00961	LAGLIDADG_1	-	45
4	Query_106	Specific	334330	131	234	2.8984e-21	88.0622	pfam00961	LAGLIDADG_1	-	45
ENDDOMAINS
ENDQUERY
QUERY	Query_107	Peptide	447	nad5_Dalloc1_feature_8_from_C_5, ORGANISM Genus species Unclassified.,
DOMAINS
4	Query_107	Non-specific	235836	1	148	3.70665e-51	182.28	PRK06590	PRK06590	C	45
4	Query_107	Specific	335245	196	369	1.41976e-19	85.2903	pfam03161	LAGLIDADG_2	-	45
ENDDOMAINS
ENDQUERY
QUERY	Query_108	Peptide	100	orf100_Dalloc1_feature_10_from_C_5, ORGANISM Genus species Unclassified.,
DOMAINS
4	Query_108	Specific	335245	4	100	4.64971e-21	81.4383	pfam03161	LAGLIDADG_2	C	45
ENDDOMAINS
ENDQUERY
QUERY	Query_109	Peptide	61	orf62_Dalloc1_feature_12_from_C_5, ORGANISM Genus species Unclassified.,
DOMAINS
4	Query_109	Superfamily	353929	7	54	1.17492e-12	56.4652	cl15257	GIY-YIG_SF	C	-
ENDDOMAINS
SITES
4	Query_109	Generic	active site	Y16,G18,R26,Y30	6	4	198380
4	Query_109	Generic	catalytic site	R26	2	1	198380
4	Query_109	Generic	GIY-YIG motif/motif A	Y16,V17,G18	6	3	198380
ENDSITES
ENDQUERY
QUERY	Query_110	Peptide	135	orf135_Dalloc1_feature_14_from_C_5, ORGANISM Genus species Unclassified.,
DOMAINS
4	Query_110	Non-specific	273636	7	120	2.43018e-05	41.9878	TIGR01453	grpIintron_endo	N	45
ENDDOMAINS
ENDQUERY
QUERY	Query_111	Peptide	817	orf817_Dalloc1_feature_16_from_C_5, ORGANISM Genus species Unclassified.,
DOMAINS
4	Query_111	Specific	334330	331	422	2.0779e-14	69.5726	pfam00961	LAGLIDADG_1	-	45
4	Query_111	Specific	334330	493	632	0.000199985	41.0679	pfam00961	LAGLIDADG_1	-	45
4	Query_111	Specific	284793	238	266	0.00376012	35.566	pfam07453	NUMOD1	C	299755
4	Query_111	Non-specific	214400	82	183	0.00673949	39.6751	MTH00020	ND5	C	45
ENDDOMAINS
ENDQUERY
QUERY	Query_112	Peptide	266	orf267_Dalloc1_feature_2_from_C_6, ORGANISM Genus species Unclassified.,
DOMAINS
4	Query_112	Specific	334330	44	151	6.14212e-14	65.7206	pfam00961	LAGLIDADG_1	-	45
ENDDOMAINS
ENDQUERY
QUERY	Query_113	Peptide	127	orf128_Dalloc1_feature_4_from_C_6, ORGANISM Genus species Unclassified.,
DOMAINS
4	Query_113	Specific	334330	49	88	6.85637e-06	41.4531	pfam00961	LAGLIDADG_1	C	45
ENDDOMAINS
ENDQUERY
QUERY	Query_114	Peptide	341	orf342_Dalloc1_feature_6_from_C_6, ORGANISM Genus species Unclassified.,
DOMAINS
4	Query_114	Specific	334330	111	192	4.3392e-09	53.0091	pfam00961	LAGLIDADG_1	-	45
4	Query_114	Specific	334330	220	308	7.07701e-09	52.6239	pfam00961	LAGLIDADG_1	-	45
4	Query_114	Non-specific	235836	3	39	4.01339e-06	48.231	PRK06590	PRK06590	NC	45
ENDDOMAINS
ENDQUERY
QUERY	Query_115	Peptide	150	orf151_Dalloc1_feature_8_from_C_6, ORGANISM Genus species Unclassified.,
DOMAINS
4	Query_115	Specific	334330	7	111	1.33189e-06	44.1495	pfam00961	LAGLIDADG_1	-	45
ENDDOMAINS
ENDQUERY
QUERY	Query_116	Peptide	715	orf715_Dalloc1_feature_10_from_C_6, ORGANISM Genus species Unclassified.,
DOMAINS
4	Query_116	Specific	334330	590	686	3.56539e-22	91.529	pfam00961	LAGLIDADG_1	-	45
4	Query_116	Specific	334330	434	531	1.18728e-17	78.4322	pfam00961	LAGLIDADG_1	-	45
4	Query_116	Non-specific	235836	9	56	4.72235e-14	75.5801	PRK06590	PRK06590	NC	45
4	Query_116	Specific	334330	238	354	8.80595e-14	67.6466	pfam00961	LAGLIDADG_1	-	45
4	Query_116	Specific	334330	119	203	0.000437469	39.9123	pfam00961	LAGLIDADG_1	-	45
ENDDOMAINS
ENDQUERY
QUERY	Query_117	Peptide	63	atp9_Dalloc1_feature_2_from_C_7, ORGANISM Genus species Unclassified.,
DOMAINS
4	Query_117	Specific	349422	8	61	7.05915e-17	66.3791	cd18182	ATP-synt_Fo_c_ATP5G3	-	365782
ENDDOMAINS
SITES
ENDSITES
ENDQUERY
QUERY	Query_118	Peptide	296	orf297_Dalloc1_feature_4_from_C_7, ORGANISM Genus species Unclassified.,
DOMAINS
4	Query_118	Non-specific	273636	76	292	3.98645e-35	125.961	TIGR01453	grpIintron_endo	-	45
ENDDOMAINS
ENDQUERY
QUERY	Query_122	Peptide	59	nad1_Dalloc1_feature_2_from_C_8, ORGANISM Genus species Unclassified.,
DOMAINS
4	Query_122	Specific	333876	2	52	4.17699e-10	52.4749	pfam00146	NADHdh	NC	351105
ENDDOMAINS
ENDQUERY
QUERY	Query_123	Peptide	236	orf236_Dalloc1_feature_4_from_C_8, ORGANISM Genus species Unclassified.,
DOMAINS
4	Query_123	Specific	273636	98	236	3.79925e-44	147.532	TIGR01453	grpIintron_endo	C	45
ENDDOMAINS
ENDQUERY
QUERY	Query_125	Peptide	116	orf117_Dalloc1_feature_8_from_C_8, ORGANISM Genus species Unclassified.,
DOMAINS
4	Query_125	Specific	334330	13	40	4.75817e-05	39.1419	pfam00961	LAGLIDADG_1	N	45
ENDDOMAINS
ENDQUERY
QUERY	Query_126	Peptide	168	orf169_Dalloc1_feature_10_from_C_8, ORGANISM Genus species Unclassified.,
DOMAINS
4	Query_126	Specific	334330	38	137	1.71257e-24	91.1438	pfam00961	LAGLIDADG_1	-	45
ENDDOMAINS
ENDQUERY
QUERY	Query_127	Peptide	114	orf114_Dalloc1_feature_2_from_C_9, ORGANISM Genus species Unclassified.,
DOMAINS
4	Query_127	Specific	197761	39	79	0.00684809	32.1546	smart00497	IENR1	-	299755
ENDDOMAINS
ENDQUERY
QUERY	Query_128	Peptide	80	nad3_Dalloc1_feature_4_from_C_9, ORGANISM Genus species Unclassified.,
DOMAINS
4	Query_128	Specific	334119	2	49	2.36995e-12	56.6546	pfam00507	Oxidored_q4	N	351141
ENDDOMAINS
ENDQUERY
QUERY	Query_129	Peptide	282	orf282_Dalloc1_feature_2_from_C_10, ORGANISM Genus species Unclassified.,
DOMAINS
4	Query_129	Specific	197761	183	226	0.000290121	37.9326	smart00497	IENR1	-	299755
ENDDOMAINS
ENDQUERY
ENDSESSION	4
ENDDATA
