#Post-RPSBLAST Processing Utility

#Input data file:	DallocAZ0526_MitoAssemblyScaffolds.fasta.new.sqn.gbf_converted.faa.asn
#Output data file:	DallocAZ0526_MitoAssemblyScaffolds.fasta.new.sqn.gbf_converted.faa.asn.out
#Annotation data at:	/opt/rpsbproc/data
#E-Value cutoff:	0.01
#Redundancy:	Concise
#Data requested:	Domain hits and site annotations
#Output format -- tab-delimited table
#Show superfamilies: NO
#DATA
#SESSION	<session-ordinal>	<program>	<database>	<score-matrix>	<evalue-threshold>
#QUERY	<query-id>	<seq-type>	<seq-length>	<definition-line>
#DOMAINS
#<session-ordinal>	<query-id[readingframe]>	<hit-type>	<PSSM-ID>	<from>	<to>	<E-Value>	<bitscore>	<accession>	<short-name>	<incomplete>	<superfamily PSSM-ID>
#more such lines......
#ENDDOMAINS
#SITES
#<session-ordinal>	<query-id[readingframe]>	<annot-type>	<title>	<residue(coordinates)>	<complete-size>	<mapped-size>	<source-domain>
#more such lines......
#ENDSITES
#MOTIFS
#<session-ordinal>	<query-id[readingframe]>	<title>	<from>	<to>	<source-domain>
#more such lines......
#ENDMOTIFS
#ENDQUERY	<query-id>
#more query sections..
#ENDSESSION	<session-ordinal>
#more session sections..
#ENDDATA
#=====================================================================
DATA
SESSION	1	blastp	2.10.0+	/opt/rpsbproc/db/Cdd	BLOSUM62	0.01
QUERY	Query_1	Peptide	259	orf260_DallocAZ0526_feature_8_from_C_0, ORGANISM Genus species Unclassified.,
DOMAINS
1	Query_1	Non-specific	273636	43	258	6.97672e-39	134.436	TIGR01453	grpIintron_endo	-	45
ENDDOMAINS
ENDQUERY
QUERY	Query_2	Peptide	452	orf453_DallocAZ0526_feature_10_from_C_0, ORGANISM Genus species Unclassified.,
DOMAINS
1	Query_2	Specific	334330	149	248	7.82671e-26	100.774	pfam00961	LAGLIDADG_1	-	45
1	Query_2	Specific	334330	306	403	2.73825e-20	85.3658	pfam00961	LAGLIDADG_1	-	45
ENDDOMAINS
ENDQUERY
QUERY	Query_3	Peptide	144	orf145_DallocAZ0526_feature_12_from_C_0, ORGANISM Genus species Unclassified.,
DOMAINS
1	Query_3	Specific	334330	36	118	2.91166e-08	48.3867	pfam00961	LAGLIDADG_1	-	45
ENDDOMAINS
ENDQUERY
QUERY	Query_5	Peptide	446	orf446_DallocAZ0526_feature_16_from_C_0, ORGANISM Genus species Unclassified.,
DOMAINS
1	Query_5	Specific	334330	141	239	2.94616e-23	93.455	pfam00961	LAGLIDADG_1	-	45
1	Query_5	Specific	334330	297	396	1.36392e-22	91.529	pfam00961	LAGLIDADG_1	-	45
ENDDOMAINS
ENDQUERY
QUERY	Query_7	Peptide	575	nad2_DallocAZ0526_feature_42_from_C_0, ORGANISM Genus species Unclassified.,
DOMAINS
1	Query_7	Specific	235603	147	501	1.70543e-80	260.523	PRK05777	PRK05777	N	356474
ENDDOMAINS
ENDQUERY
QUERY	Query_8	Peptide	423	orf423_DallocAZ0526_feature_46_from_C_0, ORGANISM Genus species Unclassified.,
DOMAINS
1	Query_8	Specific	334330	134	234	3.0168e-24	95.7662	pfam00961	LAGLIDADG_1	-	45
1	Query_8	Specific	334330	294	391	1.25416e-22	91.529	pfam00961	LAGLIDADG_1	-	45
ENDDOMAINS
ENDQUERY
QUERY	Query_9	Peptide	427	nad3_DallocAZ0526_feature_49_from_C_0, ORGANISM Genus species Unclassified.,
DOMAINS
1	Query_9	Non-specific	273636	181	417	9.04179e-36	130.969	TIGR01453	grpIintron_endo	-	45
1	Query_9	Specific	334119	19	112	2.61503e-20	84.7742	pfam00507	Oxidored_q4	-	351141
ENDDOMAINS
ENDQUERY
QUERY	Query_10	Peptide	271	orf272_DallocAZ0526_feature_51_from_C_0, ORGANISM Genus species Unclassified.,
DOMAINS
1	Query_10	Superfamily	353929	116	224	1.2353e-11	59.1616	cl15257	GIY-YIG_SF	-	-
ENDDOMAINS
SITES
1	Query_10	Generic	active site	Y119,Y130,G132,R140,Y145,E209	6	6	198380
1	Query_10	Generic	catalytic site	R140,E209	2	2	198380
1	Query_10	Generic	metal binding site	E209	1	1	198380
1	Query_10	Generic	GIY-YIG motif/motif A	G117,A118,Y119,Y130,V131,G132	6	6	198380
ENDSITES
ENDQUERY
QUERY	Query_11	Peptide	114	orf114_DallocAZ0526_feature_53_from_C_0, ORGANISM Genus species Unclassified.,
DOMAINS
1	Query_11	Specific	197761	39	79	0.00684809	32.1546	smart00497	IENR1	-	299755
ENDDOMAINS
ENDQUERY
QUERY	Query_12	Peptide	63	atp9_DallocAZ0526_feature_55_from_C_0, ORGANISM Genus species Unclassified.,
DOMAINS
1	Query_12	Specific	349422	8	61	7.05915e-17	66.3791	cd18182	ATP-synt_Fo_c_ATP5G3	-	365782
ENDDOMAINS
SITES
ENDSITES
ENDQUERY
QUERY	Query_13	Peptide	296	orf297_DallocAZ0526_feature_57_from_C_0, ORGANISM Genus species Unclassified.,
DOMAINS
1	Query_13	Non-specific	273636	76	292	3.98645e-35	125.961	TIGR01453	grpIintron_endo	-	45
ENDDOMAINS
ENDQUERY
QUERY	Query_17	Peptide	434	orf434_DallocAZ0526_feature_65_from_C_0, ORGANISM Genus species Unclassified.,
DOMAINS
1	Query_17	Specific	315878	254	418	2.73129e-25	100.112	pfam13302	Acetyltransf_3	-	356580
ENDDOMAINS
ENDQUERY
QUERY	Query_18	Peptide	505	orf505_DallocAZ0526_feature_69_from_C_0, ORGANISM Genus species Unclassified.,
DOMAINS
1	Query_18	Specific	334330	379	475	5.61633e-26	101.544	pfam00961	LAGLIDADG_1	-	45
1	Query_18	Specific	334330	222	321	3.30336e-22	90.7586	pfam00961	LAGLIDADG_1	-	45
1	Query_18	Non-specific	280885	34	88	3.441e-20	84.6836	pfam02790	COX2_TM	C	45
ENDDOMAINS
ENDQUERY
QUERY	Query_19	Peptide	307	orf308_DallocAZ0526_feature_71_from_C_0, ORGANISM Genus species Unclassified.,
DOMAINS
1	Query_19	Specific	273636	66	302	3.71877e-57	183.356	TIGR01453	grpIintron_endo	-	45
ENDDOMAINS
SITES
1	Query_19	Generic	DNA binding site	N211,P212,L213,Y214,H218,T222,M243,S244,G248,Y249,I253,H254,K256,R272,K276,S281,T284,R286,L287,Y288,R298	21	21	238175
ENDSITES
ENDQUERY
QUERY	Query_20	Peptide	486	orf487_DallocAZ0526_feature_73_from_C_0, ORGANISM Genus species Unclassified.,
DOMAINS
1	Query_20	Specific	334330	190	290	6.41178e-25	98.4626	pfam00961	LAGLIDADG_1	-	45
1	Query_20	Specific	334330	348	448	5.82894e-22	89.9882	pfam00961	LAGLIDADG_1	-	45
ENDDOMAINS
ENDQUERY
QUERY	Query_21	Peptide	565	orf566_DallocAZ0526_feature_75_from_C_0, ORGANISM Genus species Unclassified.,
DOMAINS
1	Query_21	Specific	334330	98	184	1.03636e-16	75.3506	pfam00961	LAGLIDADG_1	-	45
1	Query_21	Specific	334330	233	274	0.000329483	39.9123	pfam00961	LAGLIDADG_1	C	45
1	Query_21	Specific	197761	466	509	0.00184128	36.3918	smart00497	IENR1	-	299755
ENDDOMAINS
ENDQUERY
QUERY	Query_24	Peptide	144	cox2_DallocAZ0526_feature_81_from_C_0, ORGANISM Genus species Unclassified.,
DOMAINS
1	Query_24	Specific	259979	6	140	3.19911e-86	247.484	cd13912	CcO_II_C	-	354382
ENDDOMAINS
SITES
1	Query_24	Specific	CuA binding site	H79,C114,E116,C118,H122,M125	6	6	259979
1	Query_24	Specific	subunit I/II interface	K89,D91,P94,R96,N98,Q113,C114,S115,E116,I120,H122,S123	12	12	259979
1	Query_24	Specific	subunit II/IV interface	V109,Y111	2	2	259979
1	Query_24	Specific	subunit II/VIb interface	S6,S7,S9,L11,Q22,R69,G75,R96,L97,N98,Q99	11	11	259979
1	Query_24	Specific	subunit II/VIc interface	D57,R59,E64,L65,E107	5	5	259979
ENDSITES
ENDQUERY
QUERY	Query_26	Peptide	440	nad4L_DallocAZ0526_feature_92_from_C_0, ORGANISM Genus species Unclassified.,
DOMAINS
1	Query_26	Specific	177231	3	80	2.27818e-25	99.3361	MTH00180	ND4L	-	351118
1	Query_26	Specific	334330	293	393	6.61392e-22	89.603	pfam00961	LAGLIDADG_1	-	45
1	Query_26	Specific	334330	131	234	2.8984e-21	88.0622	pfam00961	LAGLIDADG_1	-	45
ENDDOMAINS
ENDQUERY
QUERY	Query_27	Peptide	849	nad5_DallocAZ0526_feature_94_from_C_0, ORGANISM Genus species Unclassified.,
DOMAINS
1	Query_27	Non-specific	214400	1	624	0	633.653	MTH00020	ND5	-	45
ENDDOMAINS
ENDQUERY
QUERY	Query_28	Peptide	659	orf659_DallocAZ0526_feature_98_from_C_0, ORGANISM Genus species Unclassified.,
DOMAINS
1	Query_28	Specific	334330	534	630	6.13733e-22	90.7586	pfam00961	LAGLIDADG_1	-	45
1	Query_28	Specific	334330	378	475	2.00751e-17	77.6618	pfam00961	LAGLIDADG_1	-	45
1	Query_28	Specific	334330	182	298	1.37784e-13	66.8762	pfam00961	LAGLIDADG_1	-	45
1	Query_28	Specific	334330	63	147	0.000541987	39.5271	pfam00961	LAGLIDADG_1	-	45
ENDDOMAINS
ENDQUERY
QUERY	Query_29	Peptide	102	orf102_DallocAZ0526_feature_100_from_C_0, ORGANISM Genus species Unclassified.,
DOMAINS
1	Query_29	Specific	334330	1	63	1.42865e-05	39.9123	pfam00961	LAGLIDADG_1	N	45
ENDDOMAINS
ENDQUERY
ENDSESSION	1
SESSION	2	blastp	2.10.0+	/opt/rpsbproc/db/Cdd	BLOSUM62	0.01
QUERY	Query_30	Peptide	302	orf302_DallocAZ0526_feature_104_from_C_0, ORGANISM Genus species Unclassified.,
DOMAINS
2	Query_30	Specific	334330	72	153	6.71762e-09	52.2387	pfam00961	LAGLIDADG_1	-	45
2	Query_30	Specific	334330	181	269	1.17773e-08	51.8535	pfam00961	LAGLIDADG_1	-	45
ENDDOMAINS
ENDQUERY
QUERY	Query_31	Peptide	245	orf245_DallocAZ0526_feature_108_from_C_0, ORGANISM Genus species Unclassified.,
DOMAINS
2	Query_31	Specific	334330	23	130	1.22427e-14	67.2614	pfam00961	LAGLIDADG_1	-	45
ENDDOMAINS
ENDQUERY
QUERY	Query_32	Peptide	362	orf362_DallocAZ0526_feature_112_from_C_0, ORGANISM Genus species Unclassified.,
DOMAINS
2	Query_32	Specific	335245	150	331	3.49681e-42	144.611	pfam03161	LAGLIDADG_2	-	45
ENDDOMAINS
ENDQUERY
QUERY	Query_33	Peptide	295	orf295_DallocAZ0526_feature_114_from_C_0, ORGANISM Genus species Unclassified.,
DOMAINS
2	Query_33	Specific	334330	168	264	1.36377e-18	78.8174	pfam00961	LAGLIDADG_1	-	45
2	Query_33	Specific	334330	55	144	3.43102e-09	53.0091	pfam00961	LAGLIDADG_1	-	45
ENDDOMAINS
ENDQUERY
QUERY	Query_34	Peptide	363	orf363_DallocAZ0526_feature_118_from_C_0, ORGANISM Genus species Unclassified.,
DOMAINS
2	Query_34	Specific	334330	230	334	9.90191e-11	58.0167	pfam00961	LAGLIDADG_1	-	45
2	Query_34	Specific	334330	117	206	9.85108e-07	46.4607	pfam00961	LAGLIDADG_1	-	45
ENDDOMAINS
ENDQUERY
QUERY	Query_35	Peptide	398	orf398_DallocAZ0526_feature_122_from_C_0, ORGANISM Genus species Unclassified.,
DOMAINS
2	Query_35	Specific	334330	275	365	3.90684e-05	42.2235	pfam00961	LAGLIDADG_1	-	45
ENDDOMAINS
ENDQUERY
QUERY	Query_36	Peptide	666	orf666_DallocAZ0526_feature_124_from_C_0, ORGANISM Genus species Unclassified.,
DOMAINS
2	Query_36	Non-specific	235836	2	55	1.33115e-15	80.2025	PRK06590	PRK06590	NC	45
2	Query_36	Superfamily	357541	1	111	8.66749e-11	64.6249	cl30665	NuoL	NC	-
ENDDOMAINS
ENDQUERY
QUERY	Query_37	Peptide	150	cob_DallocAZ0526_feature_127_from_C_0, ORGANISM Genus species Unclassified.,
DOMAINS
2	Query_37	Non-specific	214440	10	143	2.92016e-69	212.72	MTH00156	CYTB	C	45
ENDDOMAINS
ENDQUERY
QUERY	Query_39	Peptide	453	orf453_2_DallocAZ0526_feature_133_from_C_0, ORGANISM Genus species Unclassified.,
DOMAINS
2	Query_39	Specific	334330	59	153	1.58026e-16	74.5802	pfam00961	LAGLIDADG_1	-	45
2	Query_39	Specific	334330	208	306	0.00025082	39.9123	pfam00961	LAGLIDADG_1	-	45
ENDDOMAINS
ENDQUERY
QUERY	Query_40	Peptide	493	orf493_DallocAZ0526_feature_137_from_C_0, ORGANISM Genus species Unclassified.,
DOMAINS
2	Query_40	Specific	334330	104	193	6.24346e-15	70.343	pfam00961	LAGLIDADG_1	-	45
2	Query_40	Specific	334330	241	354	2.95347e-11	59.9427	pfam00961	LAGLIDADG_1	-	45
2	Query_40	Specific	197761	434	480	1.17107e-05	42.555	smart00497	IENR1	-	299755
ENDDOMAINS
ENDQUERY
QUERY	Query_41	Peptide	315	orf315_DallocAZ0526_feature_141_from_C_0, ORGANISM Genus species Unclassified.,
DOMAINS
2	Query_41	Non-specific	273636	98	304	1.63912e-30	114.405	TIGR01453	grpIintron_endo	-	45
ENDDOMAINS
ENDQUERY
QUERY	Query_42	Peptide	460	orf460_DallocAZ0526_feature_144_from_C_0, ORGANISM Genus species Unclassified.,
DOMAINS
2	Query_42	Superfamily	354370	10	454	0	561.496	cl18945	Beta_elim_lyase	-	-
ENDDOMAINS
ENDQUERY
QUERY	Query_45	Peptide	243	cob_DallocAZ0526_feature_150_from_C_0, ORGANISM Genus species Unclassified.,
DOMAINS
2	Query_45	Non-specific	214440	1	215	1.19025e-91	273.581	MTH00156	CYTB	N	45
ENDDOMAINS
ENDQUERY
QUERY	Query_46	Peptide	304	orf304_DallocAZ0526_feature_154_from_C_0, ORGANISM Genus species Unclassified.,
DOMAINS
2	Query_46	Specific	334330	63	131	1.78302e-06	45.6903	pfam00961	LAGLIDADG_1	C	45
ENDDOMAINS
ENDQUERY
QUERY	Query_47	Peptide	320	orf320_DallocAZ0526_feature_158_from_C_0, ORGANISM Genus species Unclassified.,
DOMAINS
2	Query_47	Specific	334330	75	171	5.39049e-20	83.0546	pfam00961	LAGLIDADG_1	-	45
2	Query_47	Specific	334330	207	302	6.04514e-08	49.9275	pfam00961	LAGLIDADG_1	-	45
ENDDOMAINS
ENDQUERY
QUERY	Query_48	Peptide	678	cox1_DallocAZ0526_feature_163_from_C_0, ORGANISM Genus species Unclassified.,
DOMAINS
2	Query_48	Superfamily	350997	25	287	5.03456e-150	443.848	cl00275	Heme_Cu_Oxidase_I	C	-
2	Query_48	Specific	334330	450	539	1.57463e-06	46.8459	pfam00961	LAGLIDADG_1	-	45
ENDDOMAINS
SITES
2	Query_48	Generic	Binuclear center (active site)	H256	4	1	238461
2	Query_48	Generic	Low-spin heme binding site	S49,R53,Y70,H77,M81,T82,R86,W142	15	8	238461
2	Query_48	Generic	D-pathway	Y34,N96,D107,N114,S117,S172,S173,N179,T183	9	9	238461
2	Query_48	Generic	K-pathway	H256,Y260,S271	7	3	238461
2	Query_48	Generic	Putative water exit pathway	D243,Q248,H249	7	3	238461
ENDSITES
ENDQUERY
QUERY	Query_49	Peptide	762	orf762_DallocAZ0526_feature_167_from_C_0, ORGANISM Genus species Unclassified.,
DOMAINS
2	Query_49	Specific	238828	263	533	2.34322e-92	287.945	cd01651	RT_G2_intron	-	295487
2	Query_49	Non-specific	279664	556	671	3.95658e-22	92.9178	pfam01348	Intron_maturas2	-	45
ENDDOMAINS
SITES
2	Query_49	Specific	putative active site	D338,I339,S340,K341,C342,F343,Q391,G392,Y477,D479,D480,L529,G530	13	13	238828
2	Query_49	Specific	putative nucleic acid binding site	G392	1	1	238828
2	Query_49	Specific	putative NTP binding site	D338,I339,S340,K341,C342,F343,Q391,D479	8	8	238828
ENDSITES
ENDQUERY
QUERY	Query_50	Peptide	812	orf812_DallocAZ0526_feature_171_from_C_0, ORGANISM Genus species Unclassified.,
DOMAINS
2	Query_50	Specific	238828	268	542	1.3757e-79	255.203	cd01651	RT_G2_intron	-	295487
2	Query_50	Non-specific	279664	571	692	3.84421e-19	84.4434	pfam01348	Intron_maturas2	-	45
ENDDOMAINS
SITES
2	Query_50	Specific	putative active site	D343,F344,T345,M346,A347,L348,Q397,G398,Y486,D488,D489,L538,G539	13	13	238828
2	Query_50	Specific	putative nucleic acid binding site	G398	1	1	238828
2	Query_50	Specific	putative NTP binding site	D343,F344,T345,M346,A347,L348,Q397,D488	8	8	238828
ENDSITES
ENDQUERY
QUERY	Query_51	Peptide	361	orf361_1_DallocAZ0526_feature_173_from_C_0, ORGANISM Genus species Unclassified.,
DOMAINS
2	Query_51	Specific	198392	108	195	1.05983e-27	103.845	cd10445	GIY-YIG_bI1_like	-	353929
2	Query_51	Non-specific	273636	107	358	2.29707e-08	53.5437	TIGR01453	grpIintron_endo	-	45
ENDDOMAINS
SITES
2	Query_51	Specific	putative active site	Y110,Y121,G123,R131,Y135,E180,N192	7	7	198392
2	Query_51	Specific	putative metal binding site	E180	1	1	198392
2	Query_51	Specific	GIY-YIG motif/motif A	G108,V109,Y110,Y121,V122,G123	6	6	198392
ENDSITES
ENDQUERY
QUERY	Query_52	Peptide	409	orf409_DallocAZ0526_feature_177_from_C_0, ORGANISM Genus species Unclassified.,
DOMAINS
2	Query_52	Specific	334330	42	127	7.75502e-08	49.9275	pfam00961	LAGLIDADG_1	-	45
2	Query_52	Specific	334330	350	408	2.11495e-07	48.7719	pfam00961	LAGLIDADG_1	C	45
2	Query_52	Specific	334330	161	267	3.72093e-07	48.0015	pfam00961	LAGLIDADG_1	-	45
ENDDOMAINS
ENDQUERY
QUERY	Query_54	Peptide	115	orf115_1_DallocAZ0526_feature_181_from_C_0, ORGANISM Genus species Unclassified.,
DOMAINS
2	Query_54	Specific	334330	9	72	1.11877e-14	64.1798	pfam00961	LAGLIDADG_1	N	45
ENDDOMAINS
ENDQUERY
QUERY	Query_55	Peptide	163	orf163_DallocAZ0526_feature_183_from_C_0, ORGANISM Genus species Unclassified.,
DOMAINS
2	Query_55	Specific	334330	5	120	6.63947e-15	66.1058	pfam00961	LAGLIDADG_1	-	45
ENDDOMAINS
ENDQUERY
QUERY	Query_56	Peptide	498	orf498_DallocAZ0526_feature_187_from_C_0, ORGANISM Genus species Unclassified.,
DOMAINS
2	Query_56	Specific	334330	347	456	3.145e-23	93.8402	pfam00961	LAGLIDADG_1	-	45
2	Query_56	Specific	334330	44	162	1.00202e-15	72.6542	pfam00961	LAGLIDADG_1	-	45
2	Query_56	Specific	334330	229	313	1.2113e-05	43.7643	pfam00961	LAGLIDADG_1	-	45
ENDDOMAINS
ENDQUERY
QUERY	Query_57	Peptide	188	orf188_DallocAZ0526_feature_191_from_C_0, ORGANISM Genus species Unclassified.,
DOMAINS
2	Query_57	Specific	334330	18	116	1.92536e-24	91.529	pfam00961	LAGLIDADG_1	-	45
ENDDOMAINS
ENDQUERY
ENDSESSION	2
SESSION	3	blastp	2.10.0+	/opt/rpsbproc/db/Cdd	BLOSUM62	0.01
QUERY	Query_58	Peptide	276	orf276_DallocAZ0526_feature_193_from_C_0, ORGANISM Genus species Unclassified.,
DOMAINS
3	Query_58	Specific	335245	83	258	5.80717e-53	169.649	pfam03161	LAGLIDADG_2	-	45
ENDDOMAINS
ENDQUERY
QUERY	Query_59	Peptide	361	orf361_2_DallocAZ0526_feature_197_from_C_0, ORGANISM Genus species Unclassified.,
DOMAINS
3	Query_59	Specific	334330	212	317	1.66914e-15	71.1134	pfam00961	LAGLIDADG_1	-	45
3	Query_59	Specific	334330	91	188	4.13293e-15	70.343	pfam00961	LAGLIDADG_1	-	45
ENDDOMAINS
ENDQUERY
QUERY	Query_61	Peptide	314	orf314_DallocAZ0526_feature_201_from_C_0, ORGANISM Genus species Unclassified.,
DOMAINS
3	Query_61	Specific	334330	165	271	6.32049e-14	66.491	pfam00961	LAGLIDADG_1	-	45
3	Query_61	Specific	334330	46	145	0.000970398	37.6011	pfam00961	LAGLIDADG_1	-	45
ENDDOMAINS
ENDQUERY
QUERY	Query_62	Peptide	301	orf301_DallocAZ0526_feature_205_from_C_0, ORGANISM Genus species Unclassified.,
DOMAINS
3	Query_62	Specific	334330	179	274	3.97142e-15	69.5726	pfam00961	LAGLIDADG_1	-	45
3	Query_62	Specific	334330	60	147	2.36652e-07	48.0015	pfam00961	LAGLIDADG_1	-	45
ENDDOMAINS
ENDQUERY
QUERY	Query_63	Peptide	323	orf323_DallocAZ0526_feature_209_from_C_0, ORGANISM Genus species Unclassified.,
DOMAINS
3	Query_63	Specific	334330	197	291	3.9989e-19	80.7434	pfam00961	LAGLIDADG_1	-	45
3	Query_63	Specific	334330	86	154	2.78857e-06	44.9199	pfam00961	LAGLIDADG_1	-	45
ENDDOMAINS
ENDQUERY
QUERY	Query_64	Peptide	294	orf294_DallocAZ0526_feature_212_from_C_0, ORGANISM Genus species Unclassified.,
DOMAINS
3	Query_64	Specific	334330	156	267	7.09504e-13	63.4094	pfam00961	LAGLIDADG_1	-	45
3	Query_64	Specific	334330	46	133	0.000951365	37.6011	pfam00961	LAGLIDADG_1	-	45
ENDDOMAINS
ENDQUERY
QUERY	Query_65	Peptide	407	orf408_DallocAZ0526_feature_214_from_C_0, ORGANISM Genus species Unclassified.,
DOMAINS
3	Query_65	Specific	334330	118	216	9.7163e-26	100.003	pfam00961	LAGLIDADG_1	-	45
3	Query_65	Specific	334330	275	377	1.72904e-14	68.8022	pfam00961	LAGLIDADG_1	-	45
ENDDOMAINS
ENDQUERY
QUERY	Query_66	Peptide	371	orf372_DallocAZ0526_feature_216_from_C_0, ORGANISM Genus species Unclassified.,
DOMAINS
3	Query_66	Specific	334330	235	334	5.68863e-18	78.047	pfam00961	LAGLIDADG_1	-	45
3	Query_66	Superfamily	350997	8	22	0.00140745	40.1589	cl00275	Heme_Cu_Oxidase_I	NC	-
ENDDOMAINS
SITES
ENDSITES
ENDQUERY
QUERY	Query_67	Peptide	309	orf310_DallocAZ0526_feature_218_from_C_0, ORGANISM Genus species Unclassified.,
DOMAINS
3	Query_67	Specific	334330	187	276	8.86947e-15	68.8022	pfam00961	LAGLIDADG_1	-	45
ENDDOMAINS
ENDQUERY
QUERY	Query_68	Peptide	335	orf336_DallocAZ0526_feature_220_from_C_0, ORGANISM Genus species Unclassified.,
DOMAINS
3	Query_68	Specific	334330	205	302	2.39489e-20	84.2102	pfam00961	LAGLIDADG_1	-	45
3	Query_68	Specific	334330	96	167	1.00484e-05	43.3791	pfam00961	LAGLIDADG_1	-	45
ENDDOMAINS
ENDQUERY
QUERY	Query_70	Peptide	495	orf496_DallocAZ0526_feature_224_from_C_0, ORGANISM Genus species Unclassified.,
DOMAINS
3	Query_70	Specific	335245	298	463	1.71798e-52	175.042	pfam03161	LAGLIDADG_2	-	45
3	Query_70	Superfamily	350997	12	34	1.22492e-10	63.3485	cl00275	Heme_Cu_Oxidase_I	NC	-
3	Query_70	Specific	334330	143	231	5.78092e-10	56.0907	pfam00961	LAGLIDADG_1	-	45
3	Query_70	Specific	333851	12	68	0.00270758	39.8423	pfam00115	COX1	NC	45
ENDDOMAINS
SITES
3	Query_70	Generic	K-pathway	T26,K29	7	2	238461
ENDSITES
ENDQUERY
QUERY	Query_71	Peptide	342	orf342_DallocAZ0526_feature_226_from_C_0, ORGANISM Genus species Unclassified.,
DOMAINS
3	Query_71	Specific	273636	182	342	1.28421e-49	164.866	TIGR01453	grpIintron_endo	C	45
3	Query_71	Superfamily	350997	10	51	6.64534e-10	59.8041	cl00275	Heme_Cu_Oxidase_I	NC	-
ENDDOMAINS
SITES
3	Query_71	Generic	K-pathway	T11,K12	7	2	238461
ENDSITES
ENDQUERY
QUERY	Query_75	Peptide	264	atp6_DallocAZ0526_feature_14_from_C_1, ORGANISM Genus species Unclassified.,
DOMAINS
3	Query_75	Specific	273458	39	261	4.42497e-47	156.212	TIGR01131	ATP_synt_6_or_A	-	351082
ENDDOMAINS
ENDQUERY
QUERY	Query_76	Peptide	142	orf142_DallocAZ0526_feature_18_from_C_1, ORGANISM Genus species Unclassified.,
DOMAINS
3	Query_76	Specific	284793	89	125	5.20812e-05	38.2624	pfam07453	NUMOD1	-	299755
ENDDOMAINS
ENDQUERY
QUERY	Query_77	Peptide	352	orf352_DallocAZ0526_feature_22_from_C_1, ORGANISM Genus species Unclassified.,
DOMAINS
3	Query_77	Specific	273636	61	260	1.76101e-38	136.362	TIGR01453	grpIintron_endo	-	45
3	Query_77	Specific	197761	287	341	0.00155458	36.0066	smart00497	IENR1	-	299755
ENDDOMAINS
ENDQUERY
QUERY	Query_78	Peptide	349	orf349_DallocAZ0526_feature_26_from_C_1, ORGANISM Genus species Unclassified.,
DOMAINS
3	Query_78	Specific	334330	60	159	3.92438e-26	100.003	pfam00961	LAGLIDADG_1	-	45
3	Query_78	Specific	334330	221	316	2.26517e-20	84.5954	pfam00961	LAGLIDADG_1	-	45
ENDDOMAINS
ENDQUERY
QUERY	Query_79	Peptide	50	atp8_DallocAZ0526_feature_29_from_C_1, ORGANISM Genus species Unclassified.,
DOMAINS
3	Query_79	Non-specific	283561	1	48	4.46035e-08	43.1638	pfam05933	Fun_ATP-synt_8	-	45
ENDDOMAINS
ENDQUERY
QUERY	Query_81	Peptide	81	orf82_DallocAZ0526_feature_33_from_C_1, ORGANISM Genus species Unclassified.,
DOMAINS
3	Query_81	Specific	334330	8	48	1.77712e-07	44.1495	pfam00961	LAGLIDADG_1	C	45
ENDDOMAINS
ENDQUERY
QUERY	Query_82	Peptide	510	nad4_DallocAZ0526_feature_35_from_C_1, ORGANISM Genus species Unclassified.,
DOMAINS
3	Query_82	Specific	235622	38	482	1.08319e-115	350.271	PRK05846	PRK05846	-	45
ENDDOMAINS
ENDQUERY
QUERY	Query_83	Peptide	368	nad1_DallocAZ0526_feature_37_from_C_1, ORGANISM Genus species Unclassified.,
DOMAINS
3	Query_83	Specific	333876	13	351	2.74847e-108	319.033	pfam00146	NADHdh	-	351105
ENDDOMAINS
ENDQUERY
QUERY	Query_85	Peptide	231	orf231_DallocAZ0526_feature_43_from_C_1, ORGANISM Genus species Unclassified.,
DOMAINS
3	Query_85	Specific	273636	93	231	2.05229e-43	145.221	TIGR01453	grpIintron_endo	C	45
ENDDOMAINS
ENDQUERY
QUERY	Query_86	Peptide	433	orf433_DallocAZ0526_feature_47_from_C_1, ORGANISM Genus species Unclassified.,
DOMAINS
3	Query_86	Specific	334330	143	244	2.69924e-29	109.633	pfam00961	LAGLIDADG_1	-	45
3	Query_86	Specific	334330	302	403	2.31146e-22	90.7586	pfam00961	LAGLIDADG_1	-	45
ENDDOMAINS
ENDQUERY
QUERY	Query_89	Peptide	243	cox1_DallocAZ0526_feature_58_from_C_1, ORGANISM Genus species Unclassified.,
DOMAINS
3	Query_89	Superfamily	350997	1	221	1.22809e-120	351.785	cl00275	Heme_Cu_Oxidase_I	N	-
ENDDOMAINS
SITES
3	Query_89	Generic	Binuclear center (active site)	H85	4	1	238461
3	Query_89	Generic	Low-spin heme binding site	Y80,H87,L90,S91,R147,R148,F177	15	7	238461
3	Query_89	Generic	K-pathway	T25,K28	7	2	238461
3	Query_89	Generic	Putative proton exit pathway	H77,D78,R147,R148	5	4	238461
3	Query_89	Generic	Putative water exit pathway	D73,H77,D78,R147	7	4	238461
ENDSITES
ENDQUERY
QUERY	Query_90	Peptide	395	orf395_DallocAZ0526_feature_62_from_C_1, ORGANISM Genus species Unclassified.,
DOMAINS
3	Query_90	Non-specific	273636	140	390	1.51783e-30	116.331	TIGR01453	grpIintron_endo	-	45
ENDDOMAINS
ENDQUERY
QUERY	Query_91	Peptide	289	orf289_DallocAZ0526_feature_66_from_C_1, ORGANISM Genus species Unclassified.,
DOMAINS
3	Query_91	Non-specific	273636	68	270	1.53123e-28	108.627	TIGR01453	grpIintron_endo	-	45
ENDDOMAINS
ENDQUERY
QUERY	Query_93	Peptide	370	orf370_DallocAZ0526_feature_72_from_C_1, ORGANISM Genus species Unclassified.,
DOMAINS
3	Query_93	Specific	334330	111	187	6.94277e-11	58.4019	pfam00961	LAGLIDADG_1	C	45
ENDDOMAINS
ENDQUERY
ENDSESSION	3
SESSION	4	blastp	2.10.0+	/opt/rpsbproc/db/Cdd	BLOSUM62	0.01
QUERY	Query_94	Peptide	100	orf100_DallocAZ0526_feature_76_from_C_1, ORGANISM Genus species Unclassified.,
DOMAINS
4	Query_94	Specific	197761	48	95	9.42689e-06	39.4734	smart00497	IENR1	-	299755
ENDDOMAINS
ENDQUERY
QUERY	Query_95	Peptide	424	orf424_DallocAZ0526_feature_78_from_C_1, ORGANISM Genus species Unclassified.,
DOMAINS
4	Query_95	Specific	273636	131	336	2.28891e-59	192.601	TIGR01453	grpIintron_endo	-	45
4	Query_95	Specific	284793	370	406	9.57402e-08	47.8924	pfam07453	NUMOD1	-	299755
ENDDOMAINS
ENDQUERY
QUERY	Query_96	Peptide	461	orf461_DallocAZ0526_feature_82_from_C_1, ORGANISM Genus species Unclassified.,
DOMAINS
4	Query_96	Specific	335245	264	429	1.04985e-52	174.657	pfam03161	LAGLIDADG_2	-	45
4	Query_96	Specific	334330	109	197	7.15274e-10	55.7055	pfam00961	LAGLIDADG_1	-	45
ENDDOMAINS
ENDQUERY
QUERY	Query_98	Peptide	322	orf322_DallocAZ0526_feature_88_from_C_1, ORGANISM Genus species Unclassified.,
DOMAINS
4	Query_98	Specific	334330	192	289	5.15292e-20	83.0546	pfam00961	LAGLIDADG_1	-	45
4	Query_98	Specific	334330	83	154	1.5913e-05	42.9939	pfam00961	LAGLIDADG_1	-	45
ENDDOMAINS
ENDQUERY
QUERY	Query_99	Peptide	103	orf104_DallocAZ0526_feature_91_from_C_1, ORGANISM Genus species Unclassified.,
DOMAINS
4	Query_99	Specific	334330	1	70	8.31163e-08	46.0755	pfam00961	LAGLIDADG_1	N	45
ENDDOMAINS
ENDQUERY
QUERY	Query_100	Peptide	452	orf453_DallocAZ0526_feature_2_from_C_2, ORGANISM Genus species Unclassified.,
DOMAINS
4	Query_100	Specific	334330	149	248	7.82671e-26	100.774	pfam00961	LAGLIDADG_1	-	45
4	Query_100	Specific	334330	306	403	2.73825e-20	85.3658	pfam00961	LAGLIDADG_1	-	45
ENDDOMAINS
ENDQUERY
QUERY	Query_101	Peptide	259	orf260_DallocAZ0526_feature_4_from_C_2, ORGANISM Genus species Unclassified.,
DOMAINS
4	Query_101	Non-specific	273636	43	258	6.97672e-39	134.436	TIGR01453	grpIintron_endo	-	45
ENDDOMAINS
ENDQUERY
QUERY	Query_102	Peptide	531	orf531_DallocAZ0526_feature_14_from_C_2, ORGANISM Genus species Unclassified.,
DOMAINS
4	Query_102	Non-specific	309839	314	394	0.000116503	43.761	pfam04889	Cwf_Cwc_15	N	45
ENDDOMAINS
ENDQUERY
QUERY	Query_103	Peptide	269	cox3_DallocAZ0526_feature_16_from_C_2, ORGANISM Genus species Unclassified.,
DOMAINS
4	Query_103	Specific	278911	12	269	6.44565e-139	391.003	pfam00510	COX3	-	294143
ENDDOMAINS
SITES
4	Query_103	Specific	Subunit I/III interface	A82,K85,G86,S97,L100,A104,I105,H111,G199,A200,T203,F207	12	12	238834
4	Query_103	Specific	Subunit III/Vb interface	G166	1	1	238834
4	Query_103	Specific	Subunit III/VIa interface	F135,E136,L137,Y154,I180,S190,V191,S192,S197,D198,G199	11	11	238834
4	Query_103	Specific	Subunit III/VIb interface	I127	1	1	238834
4	Query_103	Specific	Subunit III/VIIa interface	L64,R67,D68,S71,T74,F75,L76	7	7	238834
4	Query_103	Specific	Phospholipid binding site	W65,F66,I69,I70,G73,H79,G90,V91,F94,F222,R229,L241,G242	13	13	238834
ENDSITES
ENDQUERY
QUERY	Query_104	Peptide	373	orf373_DallocAZ0526_feature_20_from_C_2, ORGANISM Genus species Unclassified.,
DOMAINS
4	Query_104	Specific	334330	82	182	1.6149e-28	106.552	pfam00961	LAGLIDADG_1	-	45
4	Query_104	Specific	334330	240	341	4.24855e-21	86.9066	pfam00961	LAGLIDADG_1	-	45
ENDDOMAINS
ENDQUERY
QUERY	Query_105	Peptide	462	orf462_DallocAZ0526_feature_24_from_C_2, ORGANISM Genus species Unclassified.,
DOMAINS
4	Query_105	Specific	334330	68	159	1.77763e-16	74.5802	pfam00961	LAGLIDADG_1	-	45
4	Query_105	Specific	334330	203	316	1.13005e-06	46.8459	pfam00961	LAGLIDADG_1	-	45
ENDDOMAINS
ENDQUERY
QUERY	Query_106	Peptide	433	orf433_DallocAZ0526_feature_28_from_C_2, ORGANISM Genus species Unclassified.,
DOMAINS
4	Query_106	Specific	334330	136	234	2.19837e-22	90.7586	pfam00961	LAGLIDADG_1	-	45
4	Query_106	Specific	334330	305	403	2.29051e-18	79.5878	pfam00961	LAGLIDADG_1	-	45
ENDDOMAINS
ENDQUERY
QUERY	Query_107	Peptide	299	orf299_DallocAZ0526_feature_32_from_C_2, ORGANISM Genus species Unclassified.,
DOMAINS
4	Query_107	Specific	335245	111	281	1.20453e-50	164.641	pfam03161	LAGLIDADG_2	-	45
ENDDOMAINS
ENDQUERY
QUERY	Query_108	Peptide	427	orf427_DallocAZ0526_feature_34_from_C_2, ORGANISM Genus species Unclassified.,
DOMAINS
4	Query_108	Specific	335245	231	400	9.66003e-32	118.417	pfam03161	LAGLIDADG_2	-	45
ENDDOMAINS
ENDQUERY
QUERY	Query_109	Peptide	219	nad6_DallocAZ0526_feature_39_from_C_2, ORGANISM Genus species Unclassified.,
DOMAINS
4	Query_109	Superfamily	354830	22	213	5.10141e-23	91.4361	cl21484	Oxidored_q3	-	-
ENDDOMAINS
ENDQUERY
QUERY	Query_110	Peptide	204	orf204_DallocAZ0526_feature_43_from_C_2, ORGANISM Genus species Unclassified.,
DOMAINS
4	Query_110	Specific	334330	13	63	0.00370869	35.2899	pfam00961	LAGLIDADG_1	N	45
ENDDOMAINS
ENDQUERY
QUERY	Query_111	Peptide	456	orf456_DallocAZ0526_feature_45_from_C_2, ORGANISM Genus species Unclassified.,
DOMAINS
4	Query_111	Specific	334330	165	261	3.6747e-25	98.8478	pfam00961	LAGLIDADG_1	-	45
4	Query_111	Specific	334330	325	418	4.00908e-17	76.5062	pfam00961	LAGLIDADG_1	-	45
ENDDOMAINS
ENDQUERY
QUERY	Query_112	Peptide	469	orf470_DallocAZ0526_feature_62_from_C_2, ORGANISM Genus species Unclassified.,
DOMAINS
4	Query_112	Specific	334330	156	265	6.06122e-24	95.381	pfam00961	LAGLIDADG_1	-	45
4	Query_112	Specific	334330	337	438	1.11341e-22	91.9142	pfam00961	LAGLIDADG_1	-	45
ENDDOMAINS
ENDQUERY
QUERY	Query_113	Peptide	393	orf394_DallocAZ0526_feature_64_from_C_2, ORGANISM Genus species Unclassified.,
DOMAINS
4	Query_113	Specific	334330	260	360	6.3205e-24	94.6106	pfam00961	LAGLIDADG_1	-	45
4	Query_113	Specific	334330	101	202	5.16215e-23	92.2994	pfam00961	LAGLIDADG_1	-	45
ENDDOMAINS
ENDQUERY
QUERY	Query_114	Peptide	448	orf448_DallocAZ0526_feature_66_from_C_2, ORGANISM Genus species Unclassified.,
DOMAINS
4	Query_114	Specific	334330	35	132	1.55303e-16	74.5802	pfam00961	LAGLIDADG_1	-	45
4	Query_114	Specific	334330	184	308	1.61203e-06	46.0755	pfam00961	LAGLIDADG_1	-	45
ENDDOMAINS
ENDQUERY
ENDSESSION	4
ENDDATA
