#Post-RPSBLAST Processing Utility

#Input data file:	Dicrob1_MitoAssemblyScaffolds.fasta.new.sqn.gbf_converted.faa.asn
#Output data file:	Dicrob1_MitoAssemblyScaffolds.fasta.new.sqn.gbf_converted.faa.asn.out
#Annotation data at:	/opt/rpsbproc/data
#E-Value cutoff:	0.01
#Redundancy:	Concise
#Data requested:	Domain hits and site annotations
#Output format -- tab-delimited table
#Show superfamilies: NO
#DATA
#SESSION	<session-ordinal>	<program>	<database>	<score-matrix>	<evalue-threshold>
#QUERY	<query-id>	<seq-type>	<seq-length>	<definition-line>
#DOMAINS
#<session-ordinal>	<query-id[readingframe]>	<hit-type>	<PSSM-ID>	<from>	<to>	<E-Value>	<bitscore>	<accession>	<short-name>	<incomplete>	<superfamily PSSM-ID>
#more such lines......
#ENDDOMAINS
#SITES
#<session-ordinal>	<query-id[readingframe]>	<annot-type>	<title>	<residue(coordinates)>	<complete-size>	<mapped-size>	<source-domain>
#more such lines......
#ENDSITES
#MOTIFS
#<session-ordinal>	<query-id[readingframe]>	<title>	<from>	<to>	<source-domain>
#more such lines......
#ENDMOTIFS
#ENDQUERY	<query-id>
#more query sections..
#ENDSESSION	<session-ordinal>
#more session sections..
#ENDDATA
#=====================================================================
DATA
SESSION	1	blastp	2.10.0+	/opt/rpsbproc/db/Cdd	BLOSUM62	0.01
QUERY	Query_1	Peptide	528	cox1_Dicrob1_feature_2_from_C_0, ORGANISM Genus species Unclassified.,
DOMAINS
1	Query_1	Specific	238833	8	512	0	886.057	cd01663	Cyt_c_Oxidase_I	-	350997
ENDDOMAINS
SITES
1	Query_1	Specific	Binuclear center (heme a3/CuB)	H240,H289,H290,H375	4	4	238833
1	Query_1	Specific	Low-spin heme (heme a) binding site	H61,H377,S381,T423,S460	5	5	238833
1	Query_1	Specific	D-pathway	Y17,N80,D91,N98,S101,S156,S157,N163,T167	9	9	238833
1	Query_1	Specific	K-pathway	H240,Y244,S255,H289,H290,T315,K318	7	7	238833
1	Query_1	Specific	Electron transfer pathway	F376,R437,R438	3	3	238833
1	Query_1	Specific	Putative proton exit pathway	H290,H367,D368,R437,R438	5	5	238833
1	Query_1	Specific	Putative water exit pathway	D227,Q232,H233,D363,H367,D368,R437	7	7	238833
1	Query_1	Specific	Subunit I/II interface	N55,D227,K264,F267,G268,T293,V294,G295,V298,R301,M309,I317,F320,Y327,G328,G329,L341,N359,A360,M362,V364,A365,L366,H367,D368,L432,A433,R437,R438,I439,G448,W449	32	32	238833
1	Query_1	Specific	Subunit I/III interface	T8,P90,F94,R96,W103,D144,F148,T166,N170,I190,L197,P200,M208,T217,S218,F219,G224,G225,D227,F237,Y274,L277,G280,V281,I285	25	25	238833
1	Query_1	Specific	Subunit I/IV interface	L37,A40,G41,L407,Q410,I411,D444,V462	8	8	238833
1	Query_1	Specific	Subunit I/Vb interface	P265,Y269,S511	3	3	238833
1	Query_1	Specific	Subunit I/VIa interface	V135,R213,N214,F215,N216	5	5	238833
1	Query_1	Specific	Subunit I/VIb interface	G295	1	1	238833
1	Query_1	Specific	Subunit I/VIc interface	G328	1	1	238833
1	Query_1	Specific	Subunit I/VIIa interface	A114,F117	2	2	238833
1	Query_1	Specific	Subunit I/VIIb interface	D444,G448	2	2	238833
1	Query_1	Specific	Subunit I/VIIc interface	F23,I27,A30,L34,A116,F117,I399,Y472,L475	9	9	238833
1	Query_1	Specific	Subunit I/VIIIb interface	L408,L465	2	2	238833
1	Query_1	Specific	Dimer interface	I190,L197,F237,Y274,L277,G280,V281,I285	8	8	238833
ENDSITES
ENDQUERY
QUERY	Query_2	Peptide	145	orf145_Dicrob1_feature_6_from_C_0, ORGANISM Genus species Unclassified.,
DOMAINS
1	Query_2	Non-specific	273636	2	137	3.25535e-16	71.6481	TIGR01453	grpIintron_endo	N	45
ENDDOMAINS
SITES
1	Query_2	Generic	DNA binding site	N70,P71,M72,W73,H77,T81,M85,V89,Y90,Y92,T107,K111,G116,T119,K121,K122,Y123,R133	21	18	238175
ENDSITES
ENDQUERY
QUERY	Query_3	Peptide	143	orf143_Dicrob1_feature_8_from_C_0, ORGANISM Genus species Unclassified.,
DOMAINS
1	Query_3	Specific	198392	47	136	1.15965e-26	95.3704	cd10445	GIY-YIG_bI1_like	-	353929
ENDDOMAINS
SITES
1	Query_3	Specific	putative active site	Y50,Y61,G63,R71,Y75,E121,N133	7	7	198392
1	Query_3	Specific	putative metal binding site	E121	1	1	198392
1	Query_3	Specific	GIY-YIG motif/motif A	G48,I49,Y50,Y61,V62,G63	6	6	198392
ENDSITES
ENDQUERY
QUERY	Query_5	Peptide	179	orf179_Dicrob1_feature_14_from_C_0, ORGANISM Genus species Unclassified.,
DOMAINS
1	Query_5	Non-specific	273636	15	138	5.43023e-07	47.7657	TIGR01453	grpIintron_endo	N	45
ENDDOMAINS
SITES
1	Query_5	Generic	DNA binding site	T62,Y63,L64,D65,H69,G73,E77,L78,Y82,G83,S87,S88,Y90,N107,K111,R116,T119,K121,S122,N123,Y134	21	21	238175
ENDSITES
ENDQUERY
QUERY	Query_6	Peptide	189	orf189_Dicrob1_feature_18_from_C_0, ORGANISM Genus species Unclassified.,
DOMAINS
1	Query_6	Non-specific	273636	8	98	2.06871e-17	76.2705	TIGR01453	grpIintron_endo	N	45
1	Query_6	Specific	197761	132	182	1.10828e-08	49.1034	smart00497	IENR1	-	299755
ENDDOMAINS
SITES
1	Query_6	Generic	DNA binding site	N27,P28,F29,F30,H34,S38,I42,I43,S47,S48,L52,Y53,E55,F67,K71,N76,T79,N81,R82,Y83	21	20	238175
ENDSITES
ENDQUERY
QUERY	Query_7	Peptide	357	orf357_Dicrob1_feature_22_from_C_0, ORGANISM Genus species Unclassified.,
DOMAINS
1	Query_7	Specific	334330	218	318	1.42645e-17	76.8914	pfam00961	LAGLIDADG_1	-	45
ENDDOMAINS
ENDQUERY
QUERY	Query_8	Peptide	334	orf334_Dicrob1_feature_28_from_C_0, ORGANISM Genus species Unclassified.,
DOMAINS
1	Query_8	Specific	334330	209	292	0.000497707	38.7567	pfam00961	LAGLIDADG_1	-	45
1	Query_8	Specific	334330	103	161	0.00338745	36.4455	pfam00961	LAGLIDADG_1	C	45
ENDDOMAINS
ENDQUERY
QUERY	Query_9	Peptide	305	orf305_Dicrob1_feature_32_from_C_0, ORGANISM Genus species Unclassified.,
DOMAINS
1	Query_9	Specific	334330	78	156	7.31383e-09	52.2387	pfam00961	LAGLIDADG_1	-	45
ENDDOMAINS
ENDQUERY
QUERY	Query_10	Peptide	304	orf304_Dicrob1_feature_36_from_C_0, ORGANISM Genus species Unclassified.,
DOMAINS
1	Query_10	Specific	334330	176	272	8.87085e-15	68.8022	pfam00961	LAGLIDADG_1	-	45
1	Query_10	Specific	334330	57	146	1.00154e-06	46.0755	pfam00961	LAGLIDADG_1	-	45
ENDDOMAINS
ENDQUERY
QUERY	Query_12	Peptide	360	orf360_Dicrob1_feature_42_from_C_0, ORGANISM Genus species Unclassified.,
DOMAINS
1	Query_12	Specific	334330	212	317	6.05388e-15	69.5726	pfam00961	LAGLIDADG_1	-	45
1	Query_12	Specific	334330	90	187	1.98079e-10	56.8611	pfam00961	LAGLIDADG_1	-	45
ENDDOMAINS
ENDQUERY
QUERY	Query_13	Peptide	363	orf363_Dicrob1_feature_46_from_C_0, ORGANISM Genus species Unclassified.,
DOMAINS
1	Query_13	Specific	334330	86	180	2.51869e-23	92.6846	pfam00961	LAGLIDADG_1	-	45
1	Query_13	Specific	334330	236	325	0.000228139	39.9123	pfam00961	LAGLIDADG_1	-	45
ENDDOMAINS
ENDQUERY
QUERY	Query_14	Peptide	341	orf341_Dicrob1_feature_50_from_C_0, ORGANISM Genus species Unclassified.,
DOMAINS
1	Query_14	Specific	334330	189	299	5.84277e-17	74.9654	pfam00961	LAGLIDADG_1	-	45
1	Query_14	Specific	334330	67	163	7.51532e-10	55.3203	pfam00961	LAGLIDADG_1	-	45
ENDDOMAINS
ENDQUERY
QUERY	Query_15	Peptide	328	orf328_Dicrob1_feature_54_from_C_0, ORGANISM Genus species Unclassified.,
DOMAINS
1	Query_15	Specific	334330	174	286	2.43256e-11	59.5575	pfam00961	LAGLIDADG_1	-	45
1	Query_15	Specific	334330	51	148	6.44956e-07	46.8459	pfam00961	LAGLIDADG_1	-	45
ENDDOMAINS
ENDQUERY
QUERY	Query_16	Peptide	348	orf348_Dicrob1_feature_58_from_C_0, ORGANISM Genus species Unclassified.,
DOMAINS
1	Query_16	Specific	198392	93	180	3.06454e-23	91.9036	cd10445	GIY-YIG_bI1_like	-	353929
ENDDOMAINS
SITES
1	Query_16	Specific	putative active site	Y95,Y106,G108,R116,Y120,E165,N177	7	7	198392
1	Query_16	Specific	putative metal binding site	E165	1	1	198392
1	Query_16	Specific	GIY-YIG motif/motif A	G93,V94,Y95,Y106,V107,G108	6	6	198392
ENDSITES
ENDQUERY
QUERY	Query_20	Peptide	353	orf353_Dicrob1_feature_67_from_C_0, ORGANISM Genus species Unclassified.,
DOMAINS
1	Query_20	Specific	334330	21	120	3.73579e-17	75.7358	pfam00961	LAGLIDADG_1	-	45
1	Query_20	Specific	334330	187	280	4.04045e-09	53.3943	pfam00961	LAGLIDADG_1	-	45
ENDDOMAINS
ENDQUERY
QUERY	Query_21	Peptide	261	orf262_Dicrob1_feature_69_from_C_0, ORGANISM Genus species Unclassified.,
DOMAINS
1	Query_21	Non-specific	273636	57	249	2.35977e-23	93.9897	TIGR01453	grpIintron_endo	-	45
ENDDOMAINS
ENDQUERY
QUERY	Query_22	Peptide	220	orf221_Dicrob1_feature_75_from_C_0, ORGANISM Genus species Unclassified.,
DOMAINS
1	Query_22	Superfamily	353929	70	128	1.04652e-12	61.5194	cl15257	GIY-YIG_SF	C	-
ENDDOMAINS
SITES
1	Query_22	Generic	active site	Y72,Y86,G88,R96,H100	6	5	198380
1	Query_22	Generic	catalytic site	R96	2	1	198380
1	Query_22	Generic	GIY-YIG motif/motif A	G70,I71,Y72,Y86,I87,G88	6	6	198380
ENDSITES
ENDQUERY
QUERY	Query_23	Peptide	325	nad1_Dicrob1_feature_77_from_C_0, ORGANISM Genus species Unclassified.,
DOMAINS
1	Query_23	Specific	333876	7	315	1.47229e-125	361.405	pfam00146	NADHdh	-	351105
ENDDOMAINS
ENDQUERY
QUERY	Query_24	Peptide	301	orf301_Dicrob1_feature_81_from_C_0, ORGANISM Genus species Unclassified.,
DOMAINS
1	Query_24	Specific	273636	27	272	8.19258e-44	148.688	TIGR01453	grpIintron_endo	-	45
ENDDOMAINS
ENDQUERY
QUERY	Query_25	Peptide	202	orf202_Dicrob1_feature_85_from_C_0, ORGANISM Genus species Unclassified.,
DOMAINS
1	Query_25	Specific	335245	51	183	2.64516e-52	165.412	pfam03161	LAGLIDADG_2	C	45
ENDDOMAINS
ENDQUERY
QUERY	Query_26	Peptide	276	orf276_Dicrob1_feature_89_from_C_0, ORGANISM Genus species Unclassified.,
DOMAINS
1	Query_26	Non-specific	273636	58	260	3.39578e-30	112.479	TIGR01453	grpIintron_endo	-	45
ENDDOMAINS
ENDQUERY
QUERY	Query_29	Peptide	390	cob_Dicrob1_feature_116_from_C_0, ORGANISM Genus species Unclassified.,
DOMAINS
1	Query_29	Non-specific	214425	14	380	0	512.91	MTH00119	CYTB	-	45
ENDDOMAINS
ENDQUERY
QUERY	Query_31	Peptide	202	orf202_Dicrob1_feature_124_from_C_0, ORGANISM Genus species Unclassified.,
DOMAINS
1	Query_31	Non-specific	273636	62	201	8.35824e-24	93.6045	TIGR01453	grpIintron_endo	C	45
ENDDOMAINS
ENDQUERY
QUERY	Query_32	Peptide	291	orf291_Dicrob1_feature_130_from_C_0, ORGANISM Genus species Unclassified.,
DOMAINS
1	Query_32	Specific	334330	54	134	4.81313e-08	49.9275	pfam00961	LAGLIDADG_1	-	45
ENDDOMAINS
ENDQUERY
QUERY	Query_33	Peptide	334	orf334_Dicrob1_feature_134_from_C_0, ORGANISM Genus species Unclassified.,
DOMAINS
1	Query_33	Specific	334330	89	181	7.86618e-23	90.7586	pfam00961	LAGLIDADG_1	-	45
1	Query_33	Specific	334330	220	316	3.84167e-05	41.8383	pfam00961	LAGLIDADG_1	-	45
ENDDOMAINS
ENDQUERY
QUERY	Query_34	Peptide	321	orf321_Dicrob1_feature_138_from_C_0, ORGANISM Genus species Unclassified.,
DOMAINS
1	Query_34	Specific	334330	202	287	9.88809e-13	63.0242	pfam00961	LAGLIDADG_1	-	45
1	Query_34	Non-specific	181392	85	235	2.28415e-05	45.9125	PRK08332	PRK08332	NC	45
ENDDOMAINS
ENDQUERY
QUERY	Query_35	Peptide	165	orf165_Dicrob1_feature_142_from_C_0, ORGANISM Genus species Unclassified.,
DOMAINS
1	Query_35	Specific	335245	9	145	4.6254e-49	155.782	pfam03161	LAGLIDADG_2	-	45
ENDDOMAINS
ENDQUERY
QUERY	Query_36	Peptide	475	nad4_Dicrob1_feature_149_from_C_0, ORGANISM Genus species Unclassified.,
DOMAINS
1	Query_36	Non-specific	214462	1	464	3.8667e-180	512.675	MTH00217	ND4	-	45
ENDDOMAINS
ENDQUERY
ENDSESSION	1
SESSION	2	blastp	2.10.0+	/opt/rpsbproc/db/Cdd	BLOSUM62	0.01
QUERY	Query_37	Peptide	100	nad4L_Dicrob1_feature_174_from_C_0, ORGANISM Genus species Unclassified.,
DOMAINS
2	Query_37	Superfamily	351118	5	79	9.6565e-14	61.2014	cl00492	Oxidored_q2	-	-
ENDDOMAINS
ENDQUERY
QUERY	Query_38	Peptide	255	orf256_Dicrob1_feature_176_from_C_0, ORGANISM Genus species Unclassified.,
DOMAINS
2	Query_38	Specific	335245	74	238	2.9395e-47	154.626	pfam03161	LAGLIDADG_2	-	45
ENDDOMAINS
ENDQUERY
QUERY	Query_39	Peptide	657	nad5_Dicrob1_feature_178_from_C_0, ORGANISM Genus species Unclassified.,
DOMAINS
2	Query_39	Non-specific	177253	1	630	0	669.792	MTH00210	ND5	-	45
ENDDOMAINS
ENDQUERY
QUERY	Query_40	Peptide	252	orf252_Dicrob1_feature_182_from_C_0, ORGANISM Genus species Unclassified.,
DOMAINS
2	Query_40	Specific	335245	48	230	1.14678e-49	160.404	pfam03161	LAGLIDADG_2	-	45
ENDDOMAINS
ENDQUERY
QUERY	Query_41	Peptide	170	orf170_Dicrob1_feature_186_from_C_0, ORGANISM Genus species Unclassified.,
DOMAINS
2	Query_41	Specific	335245	7	149	2.36358e-26	98.0019	pfam03161	LAGLIDADG_2	N	45
ENDDOMAINS
ENDQUERY
QUERY	Query_42	Peptide	312	orf312_Dicrob1_feature_190_from_C_0, ORGANISM Genus species Unclassified.,
DOMAINS
2	Query_42	Specific	334330	191	286	1.92031e-15	70.7282	pfam00961	LAGLIDADG_1	-	45
2	Query_42	Specific	334330	78	167	3.43303e-10	56.0907	pfam00961	LAGLIDADG_1	-	45
ENDDOMAINS
ENDQUERY
QUERY	Query_43	Peptide	190	orf190_Dicrob1_feature_194_from_C_0, ORGANISM Genus species Unclassified.,
DOMAINS
2	Query_43	Specific	335245	1	172	2.60426e-42	139.603	pfam03161	LAGLIDADG_2	-	45
ENDDOMAINS
ENDQUERY
QUERY	Query_44	Peptide	489	nad2_Dicrob1_feature_197_from_C_0, ORGANISM Genus species Unclassified.,
DOMAINS
2	Query_44	Specific	235603	1	477	2.85377e-80	257.442	PRK05777	PRK05777	-	356474
ENDDOMAINS
ENDQUERY
QUERY	Query_45	Peptide	124	nad3_Dicrob1_feature_199_from_C_0, ORGANISM Genus species Unclassified.,
DOMAINS
2	Query_45	Specific	334119	28	112	4.24766e-38	123.679	pfam00507	Oxidored_q4	-	351141
ENDDOMAINS
ENDQUERY
QUERY	Query_46	Peptide	48	atp8_Dicrob1_feature_201_from_C_0, ORGANISM Genus species Unclassified.,
DOMAINS
2	Query_46	Non-specific	283561	1	47	5.91423e-05	35.4598	pfam05933	Fun_ATP-synt_8	-	45
ENDDOMAINS
ENDQUERY
QUERY	Query_47	Peptide	259	atp6_Dicrob1_feature_203_from_C_0, ORGANISM Genus species Unclassified.,
DOMAINS
2	Query_47	Specific	273458	13	256	1.95656e-55	177.398	TIGR01131	ATP_synt_6_or_A	-	351082
ENDDOMAINS
ENDQUERY
QUERY	Query_48	Peptide	316	orf316_Dicrob1_feature_207_from_C_0, ORGANISM Genus species Unclassified.,
DOMAINS
2	Query_48	Non-specific	273636	79	311	1.06911e-23	96.3009	TIGR01453	grpIintron_endo	-	45
ENDDOMAINS
ENDQUERY
QUERY	Query_49	Peptide	252	cox2_Dicrob1_feature_210_from_C_0, ORGANISM Genus species Unclassified.,
DOMAINS
2	Query_49	Non-specific	214402	14	248	1.69019e-120	342.886	MTH00023	COX2	-	45
ENDDOMAINS
ENDQUERY
QUERY	Query_50	Peptide	310	orf310_Dicrob1_feature_217_from_C_0, ORGANISM Genus species Unclassified.,
DOMAINS
2	Query_50	Specific	334123	166	267	0.00109315	39.166	pfam00517	GP41	N	351915
ENDDOMAINS
ENDQUERY
QUERY	Query_51	Peptide	270	cox3_Dicrob1_feature_221_from_C_0, ORGANISM Genus species Unclassified.,
DOMAINS
2	Query_51	Specific	278911	13	269	3.52218e-132	374.054	pfam00510	COX3	-	294143
ENDDOMAINS
SITES
2	Query_51	Specific	Subunit I/III interface	A83,K86,G87,S98,F101,S105,I106,H112,G200,V201,S204,M208	12	12	238834
2	Query_51	Specific	Subunit III/Vb interface	G167	1	1	238834
2	Query_51	Specific	Subunit III/VIa interface	W136,E137,V138,Y155,I181,Y191,N192,A193,S198,D199,G200	11	11	238834
2	Query_51	Specific	Subunit III/VIb interface	A128	1	1	238834
2	Query_51	Specific	Subunit III/VIIa interface	L65,K68,D69,R72,T75,F76,Q77	7	7	238834
2	Query_51	Specific	Phospholipid binding site	W66,F67,I70,T71,G74,H80,G91,F92,F95,F223,R230,L242,G243	13	13	238834
ENDSITES
ENDQUERY
QUERY	Query_52	Peptide	232	orf232_Dicrob1_feature_227_from_C_0, ORGANISM Genus species Unclassified.,
DOMAINS
2	Query_52	Specific	335245	41	212	1.98811e-52	166.953	pfam03161	LAGLIDADG_2	-	45
ENDDOMAINS
ENDQUERY
QUERY	Query_54	Peptide	82	orf82_Dicrob1_feature_236_from_C_0, ORGANISM Genus species Unclassified.,
DOMAINS
2	Query_54	Superfamily	355698	26	61	0.00020009	37.7128	cl28058	DNA_pol_B_2	NC	-
ENDDOMAINS
ENDQUERY
QUERY	Query_55	Peptide	124	orf125_Dicrob1_feature_238_from_C_0, ORGANISM Genus species Unclassified.,
DOMAINS
2	Query_55	Non-specific	273636	80	120	1.87512e-05	41.9878	TIGR01453	grpIintron_endo	N	45
ENDDOMAINS
ENDQUERY
ENDSESSION	2
ENDDATA
