#Post-RPSBLAST Processing Utility

#Input data file:	Didsa1_MitoAssemblyScaffolds.fasta.new.sqn.gbf_converted.faa.asn
#Output data file:	Didsa1_MitoAssemblyScaffolds.fasta.new.sqn.gbf_converted.faa.asn.out
#Annotation data at:	/opt/rpsbproc/data
#E-Value cutoff:	0.01
#Redundancy:	Concise
#Data requested:	Domain hits and site annotations
#Output format -- tab-delimited table
#Show superfamilies: NO
#DATA
#SESSION	<session-ordinal>	<program>	<database>	<score-matrix>	<evalue-threshold>
#QUERY	<query-id>	<seq-type>	<seq-length>	<definition-line>
#DOMAINS
#<session-ordinal>	<query-id[readingframe]>	<hit-type>	<PSSM-ID>	<from>	<to>	<E-Value>	<bitscore>	<accession>	<short-name>	<incomplete>	<superfamily PSSM-ID>
#more such lines......
#ENDDOMAINS
#SITES
#<session-ordinal>	<query-id[readingframe]>	<annot-type>	<title>	<residue(coordinates)>	<complete-size>	<mapped-size>	<source-domain>
#more such lines......
#ENDSITES
#MOTIFS
#<session-ordinal>	<query-id[readingframe]>	<title>	<from>	<to>	<source-domain>
#more such lines......
#ENDMOTIFS
#ENDQUERY	<query-id>
#more query sections..
#ENDSESSION	<session-ordinal>
#more session sections..
#ENDDATA
#=====================================================================
DATA
SESSION	1	blastp	2.10.0+	/opt/rpsbproc/db/Cdd	BLOSUM62	0.01
QUERY	Query_1	Peptide	201	nad6_Didsa1_feature_46_from_C_0, ORGANISM Genus species Unclassified.,
DOMAINS
1	Query_1	Superfamily	354830	20	195	3.75816e-19	81.0357	cl21484	Oxidored_q3	-	-
ENDDOMAINS
ENDQUERY
QUERY	Query_2	Peptide	536	cox1_Didsa1_feature_58_from_C_0, ORGANISM Genus species Unclassified.,
DOMAINS
1	Query_2	Specific	238833	11	487	0	779.742	cd01663	Cyt_c_Oxidase_I	-	350997
ENDDOMAINS
SITES
1	Query_2	Specific	Binuclear center (heme a3/CuB)	H241,H290,H291,H376	4	4	238833
1	Query_2	Specific	Low-spin heme (heme a) binding site	H62,H378,S382,T424,S461	5	5	238833
1	Query_2	Specific	D-pathway	Y19,N81,D92,N99,S102,S157,S158,N164,T168	9	9	238833
1	Query_2	Specific	K-pathway	H241,Y245,S256,H290,H291,T316,K319	7	7	238833
1	Query_2	Specific	Electron transfer pathway	F377,R438,R439	3	3	238833
1	Query_2	Specific	Putative proton exit pathway	H291,H368,D369,R438,R439	5	5	238833
1	Query_2	Specific	Putative water exit pathway	D228,Q233,H234,D364,H368,D369,R438	7	7	238833
1	Query_2	Specific	Subunit I/II interface	N56,D228,K265,F268,G269,T294,V295,G296,V299,R302,L310,I318,F321,Y328,G329,G330,L342,N360,A361,L363,I365,A366,F367,H368,D369,L433,Q434,R438,R439,V440,G449,W450	32	32	238833
1	Query_2	Specific	Subunit I/III interface	P91,F95,R97,L104,D145,F149,T167,N171,I191,L198,P201,M209,T218,S219,F220,G225,G226,D228,F238,Y275,C278,G281,I282,V286	25	24	238833
1	Query_2	Specific	Subunit I/IV interface	L39,S42,G43,L408,K411,A412,D445,A463	8	8	238833
1	Query_2	Specific	Subunit I/VIa interface	I136,R214,N215,F216,N217	5	5	238833
1	Query_2	Specific	Subunit I/VIb interface	G296	1	1	238833
1	Query_2	Specific	Subunit I/VIc interface	G329	1	1	238833
1	Query_2	Specific	Subunit I/VIIa interface	F115,G118	2	2	238833
1	Query_2	Specific	Subunit I/VIIb interface	D445,G449	2	2	238833
1	Query_2	Specific	Subunit I/VIIc interface	F25,V29,A32,L36,G117,G118,I400,Y473,L476	9	9	238833
1	Query_2	Specific	Subunit I/VIIIb interface	Y409,A466	2	2	238833
1	Query_2	Specific	Dimer interface	I191,L198,F238,Y275,C278,G281,I282,V286	8	8	238833
ENDSITES
ENDQUERY
QUERY	Query_3	Peptide	249	cox2_Didsa1_feature_63_from_C_0, ORGANISM Genus species Unclassified.,
DOMAINS
1	Query_3	Specific	214438	17	246	1.4074e-113	324.859	MTH00154	COX2	-	45
ENDDOMAINS
ENDQUERY
QUERY	Query_5	Peptide	269	cox3_Didsa1_feature_67_from_C_0, ORGANISM Genus species Unclassified.,
DOMAINS
1	Query_5	Specific	278911	12	269	2.3713e-130	369.432	pfam00510	COX3	-	294143
ENDDOMAINS
SITES
1	Query_5	Specific	Subunit I/III interface	A82,R85,G86,S97,L100,A104,I105,H111,G199,A200,S203,F207	12	12	238834
1	Query_5	Specific	Subunit III/Vb interface	K166	1	1	238834
1	Query_5	Specific	Subunit III/VIa interface	F135,E136,L137,Y154,I180,S190,V191,S192,S197,D198,G199	11	11	238834
1	Query_5	Specific	Subunit III/VIb interface	L127	1	1	238834
1	Query_5	Specific	Subunit III/VIIa interface	F64,R67,D68,A71,T74,Y75,I76	7	7	238834
1	Query_5	Specific	Phospholipid binding site	W65,F66,I69,I70,G73,H79,G90,V91,F94,F222,R229,L241,G242	13	13	238834
ENDSITES
ENDQUERY
QUERY	Query_7	Peptide	513	nad2_Didsa1_feature_74_from_C_0, ORGANISM Genus species Unclassified.,
DOMAINS
1	Query_7	Specific	235603	45	441	4.7619e-84	267.842	PRK05777	PRK05777	N	356474
ENDDOMAINS
ENDQUERY
QUERY	Query_8	Peptide	150	nad3_Didsa1_feature_76_from_C_0, ORGANISM Genus species Unclassified.,
DOMAINS
1	Query_8	Specific	334119	26	112	3.24325e-13	61.277	pfam00507	Oxidored_q4	-	351141
ENDDOMAINS
ENDQUERY
QUERY	Query_9	Peptide	490	nad4_Didsa1_feature_82_from_C_0, ORGANISM Genus species Unclassified.,
DOMAINS
1	Query_9	Specific	235622	9	481	3.86487e-128	381.473	PRK05846	PRK05846	-	45
ENDDOMAINS
ENDQUERY
QUERY	Query_10	Peptide	390	cob_Didsa1_feature_85_from_C_0, ORGANISM Genus species Unclassified.,
DOMAINS
1	Query_10	Specific	214440	10	364	6.33621e-179	501.234	MTH00156	CYTB	-	45
ENDDOMAINS
ENDQUERY
QUERY	Query_12	Peptide	255	atp6_Didsa1_feature_92_from_C_0, ORGANISM Genus species Unclassified.,
DOMAINS
1	Query_12	Superfamily	351082	10	255	4.03505e-47	156.705	cl00413	ATP-synt_A	-	-
ENDDOMAINS
ENDQUERY
QUERY	Query_13	Peptide	371	nad1_Didsa1_feature_94_from_C_0, ORGANISM Genus species Unclassified.,
DOMAINS
1	Query_13	Specific	333876	12	354	1.0413e-120	351.005	pfam00146	NADHdh	-	351105
ENDDOMAINS
ENDQUERY
QUERY	Query_14	Peptide	669	nad5_Didsa1_feature_99_from_C_0, ORGANISM Genus species Unclassified.,
DOMAINS
1	Query_14	Non-specific	177253	1	633	0	600.457	MTH00210	ND5	-	45
ENDDOMAINS
ENDQUERY
QUERY	Query_16	Peptide	89	nad4L_Didsa1_feature_108_from_C_0, ORGANISM Genus species Unclassified.,
DOMAINS
1	Query_16	Superfamily	351118	5	86	1.48329e-14	62.7421	cl00492	Oxidored_q2	-	-
ENDDOMAINS
ENDQUERY
ENDSESSION	1
ENDDATA
