#Post-RPSBLAST Processing Utility

#Input data file:	Earsca1_MitoAssemblyScaffolds.fasta.new.sqn.gbf_converted.faa.asn
#Output data file:	Earsca1_MitoAssemblyScaffolds.fasta.new.sqn.gbf_converted.faa.asn.out
#Annotation data at:	/opt/rpsbproc/data
#E-Value cutoff:	0.01
#Redundancy:	Concise
#Data requested:	Domain hits and site annotations
#Output format -- tab-delimited table
#Show superfamilies: NO
#DATA
#SESSION	<session-ordinal>	<program>	<database>	<score-matrix>	<evalue-threshold>
#QUERY	<query-id>	<seq-type>	<seq-length>	<definition-line>
#DOMAINS
#<session-ordinal>	<query-id[readingframe]>	<hit-type>	<PSSM-ID>	<from>	<to>	<E-Value>	<bitscore>	<accession>	<short-name>	<incomplete>	<superfamily PSSM-ID>
#more such lines......
#ENDDOMAINS
#SITES
#<session-ordinal>	<query-id[readingframe]>	<annot-type>	<title>	<residue(coordinates)>	<complete-size>	<mapped-size>	<source-domain>
#more such lines......
#ENDSITES
#MOTIFS
#<session-ordinal>	<query-id[readingframe]>	<title>	<from>	<to>	<source-domain>
#more such lines......
#ENDMOTIFS
#ENDQUERY	<query-id>
#more query sections..
#ENDSESSION	<session-ordinal>
#more session sections..
#ENDDATA
#=====================================================================
DATA
SESSION	1	blastp	2.10.0+	/opt/rpsbproc/db/Cdd	BLOSUM62	0.01
QUERY	Query_2	Peptide	73	atp9_Earsca1_feature_10_from_C_0, ORGANISM Genus species Unclassified.,
DOMAINS
1	Query_2	Specific	349422	6	70	5.00274e-14	59.8307	cd18182	ATP-synt_Fo_c_ATP5G3	-	365782
ENDDOMAINS
SITES
ENDSITES
ENDQUERY
QUERY	Query_3	Peptide	338	nad1_Earsca1_feature_16_from_C_0, ORGANISM Genus species Unclassified.,
DOMAINS
1	Query_3	Specific	333876	32	326	1.78488e-114	333.671	pfam00146	NADHdh	-	351105
ENDDOMAINS
ENDQUERY
QUERY	Query_4	Peptide	292	orf292_Earsca1_feature_20_from_C_0, ORGANISM Genus species Unclassified.,
DOMAINS
1	Query_4	Specific	334330	137	237	1.57442e-23	91.9142	pfam00961	LAGLIDADG_1	-	45
ENDDOMAINS
ENDQUERY
QUERY	Query_5	Peptide	334	cob_Earsca1_feature_25_from_C_0, ORGANISM Genus species Unclassified.,
DOMAINS
1	Query_5	Specific	214440	1	315	4.4342e-157	443.454	MTH00156	CYTB	-	45
ENDDOMAINS
ENDQUERY
QUERY	Query_6	Peptide	273	orf273_Earsca1_feature_29_from_C_0, ORGANISM Genus species Unclassified.,
DOMAINS
1	Query_6	Specific	335245	75	253	5.01753e-38	131.514	pfam03161	LAGLIDADG_2	-	45
ENDDOMAINS
ENDQUERY
QUERY	Query_7	Peptide	353	orf353_Earsca1_feature_33_from_C_0, ORGANISM Genus species Unclassified.,
DOMAINS
1	Query_7	Non-specific	273636	137	338	1.02961e-26	105.16	TIGR01453	grpIintron_endo	-	45
ENDDOMAINS
ENDQUERY
QUERY	Query_8	Peptide	247	orf247_Earsca1_feature_37_from_C_0, ORGANISM Genus species Unclassified.,
DOMAINS
1	Query_8	Specific	335245	46	225	1.33592e-46	152.315	pfam03161	LAGLIDADG_2	-	45
ENDDOMAINS
ENDQUERY
QUERY	Query_9	Peptide	299	orf299_Earsca1_feature_41_from_C_0, ORGANISM Genus species Unclassified.,
DOMAINS
1	Query_9	Specific	334330	55	120	5.58563e-05	41.0679	pfam00961	LAGLIDADG_1	C	45
ENDDOMAINS
ENDQUERY
QUERY	Query_10	Peptide	402	orf402_Earsca1_feature_45_from_C_0, ORGANISM Genus species Unclassified.,
DOMAINS
1	Query_10	Specific	334330	275	370	0.00365484	36.4455	pfam00961	LAGLIDADG_1	-	45
ENDDOMAINS
ENDQUERY
QUERY	Query_11	Peptide	139	orf139_Earsca1_feature_48_from_C_0, ORGANISM Genus species Unclassified.,
DOMAINS
1	Query_11	Superfamily	355698	1	139	2.29462e-05	42.4552	cl28058	DNA_pol_B_2	N	-
ENDDOMAINS
ENDQUERY
QUERY	Query_12	Peptide	81	orf81_Earsca1_feature_50_from_C_0, ORGANISM Genus species Unclassified.,
DOMAINS
1	Query_12	Superfamily	355698	3	68	0.0001572	37.7128	cl28058	DNA_pol_B_2	NC	-
ENDDOMAINS
ENDQUERY
QUERY	Query_15	Peptide	528	cox1_Earsca1_feature_68_from_C_0, ORGANISM Genus species Unclassified.,
DOMAINS
1	Query_15	Specific	238833	8	512	0	857.167	cd01663	Cyt_c_Oxidase_I	-	350997
ENDDOMAINS
SITES
1	Query_15	Specific	Binuclear center (heme a3/CuB)	H240,H289,H290,H375	4	4	238833
1	Query_15	Specific	Low-spin heme (heme a) binding site	H61,H377,S381,T423,S460	5	5	238833
1	Query_15	Specific	D-pathway	Y17,N80,D91,N98,S101,S156,S157,N163,T167	9	9	238833
1	Query_15	Specific	K-pathway	H240,Y244,S255,H289,H290,T315,K318	7	7	238833
1	Query_15	Specific	Electron transfer pathway	F376,R437,R438	3	3	238833
1	Query_15	Specific	Putative proton exit pathway	H290,H367,D368,R437,R438	5	5	238833
1	Query_15	Specific	Putative water exit pathway	D227,Q232,H233,D363,H367,D368,R437	7	7	238833
1	Query_15	Specific	Subunit I/II interface	N55,D227,K264,F267,G268,A293,V294,G295,V298,R301,M309,I317,F320,Y327,G328,G329,L341,N359,A360,M362,I364,A365,L366,H367,D368,L432,A433,R437,R438,I439,G448,W449	32	32	238833
1	Query_15	Specific	Subunit I/III interface	T8,P90,F94,R96,W103,D144,F148,T166,N170,V190,L197,P200,M208,T217,S218,F219,G224,G225,D227,F237,Y274,F277,G280,I281,L285	25	25	238833
1	Query_15	Specific	Subunit I/IV interface	L37,S40,A41,L407,K410,I411,D444,V462	8	8	238833
1	Query_15	Specific	Subunit I/Vb interface	P265,Y269,A511	3	3	238833
1	Query_15	Specific	Subunit I/VIa interface	I135,R213,N214,F215,N216	5	5	238833
1	Query_15	Specific	Subunit I/VIb interface	G295	1	1	238833
1	Query_15	Specific	Subunit I/VIc interface	G328	1	1	238833
1	Query_15	Specific	Subunit I/VIIa interface	L114,L117	2	2	238833
1	Query_15	Specific	Subunit I/VIIb interface	D444,G448	2	2	238833
1	Query_15	Specific	Subunit I/VIIc interface	F23,I27,A30,L34,S116,L117,I399,Y472,F475	9	9	238833
1	Query_15	Specific	Subunit I/VIIIb interface	L408,V465	2	2	238833
1	Query_15	Specific	Dimer interface	V190,L197,F237,Y274,F277,G280,I281,L285	8	8	238833
ENDSITES
ENDQUERY
QUERY	Query_16	Peptide	352	orf352_Earsca1_feature_72_from_C_0, ORGANISM Genus species Unclassified.,
DOMAINS
1	Query_16	Specific	198392	92	179	2.41447e-22	89.5924	cd10445	GIY-YIG_bI1_like	-	353929
1	Query_16	Non-specific	273636	91	344	1.18056e-07	51.6177	TIGR01453	grpIintron_endo	-	45
ENDDOMAINS
SITES
1	Query_16	Specific	putative active site	Y94,Y105,G107,R115,Y119,E164,N176	7	7	198392
1	Query_16	Specific	putative metal binding site	E164	1	1	198392
1	Query_16	Specific	GIY-YIG motif/motif A	G92,V93,Y94,Y105,V106,G107	6	6	198392
ENDSITES
ENDQUERY
QUERY	Query_17	Peptide	343	orf343_Earsca1_feature_76_from_C_0, ORGANISM Genus species Unclassified.,
DOMAINS
1	Query_17	Specific	334330	185	301	2.90542e-11	59.1723	pfam00961	LAGLIDADG_1	-	45
1	Query_17	Specific	334330	49	134	7.00766e-10	55.3203	pfam00961	LAGLIDADG_1	-	45
ENDDOMAINS
ENDQUERY
QUERY	Query_18	Peptide	306	orf306_Earsca1_feature_80_from_C_0, ORGANISM Genus species Unclassified.,
DOMAINS
1	Query_18	Specific	334330	164	267	1.33771e-11	59.9427	pfam00961	LAGLIDADG_1	-	45
1	Query_18	Specific	334330	52	118	0.0010175	37.6011	pfam00961	LAGLIDADG_1	C	45
ENDDOMAINS
ENDQUERY
QUERY	Query_20	Peptide	339	orf339_Earsca1_feature_86_from_C_0, ORGANISM Genus species Unclassified.,
DOMAINS
1	Query_20	Specific	334330	61	157	4.89871e-14	66.8762	pfam00961	LAGLIDADG_1	-	45
ENDDOMAINS
ENDQUERY
QUERY	Query_21	Peptide	349	orf349_Earsca1_feature_90_from_C_0, ORGANISM Genus species Unclassified.,
DOMAINS
1	Query_21	Specific	334330	201	306	3.17944e-15	70.343	pfam00961	LAGLIDADG_1	-	45
1	Query_21	Specific	334330	79	176	3.66801e-12	61.8686	pfam00961	LAGLIDADG_1	-	45
ENDDOMAINS
ENDQUERY
QUERY	Query_22	Peptide	305	orf305_Earsca1_feature_94_from_C_0, ORGANISM Genus species Unclassified.,
DOMAINS
1	Query_22	Specific	334330	78	156	1.0527e-08	51.8535	pfam00961	LAGLIDADG_1	-	45
1	Query_22	Specific	339260	183	246	0.00744311	34.4456	pfam14528	LAGLIDADG_3	-	352872
ENDDOMAINS
ENDQUERY
QUERY	Query_23	Peptide	343	orf343_Earsca1_feature_98_from_C_0, ORGANISM Genus species Unclassified.,
DOMAINS
1	Query_23	Specific	339260	216	250	0.00177565	36.3716	pfam14528	LAGLIDADG_3	C	352872
1	Query_23	Specific	334330	112	170	0.00255855	36.8307	pfam00961	LAGLIDADG_1	C	45
ENDDOMAINS
ENDQUERY
QUERY	Query_24	Peptide	349	orf349_Earsca1_feature_102_from_C_0, ORGANISM Genus species Unclassified.,
DOMAINS
1	Query_24	Specific	334330	212	310	1.47145e-15	71.1134	pfam00961	LAGLIDADG_1	-	45
1	Query_24	Specific	334330	89	165	0.00491392	36.0603	pfam00961	LAGLIDADG_1	-	45
ENDDOMAINS
ENDQUERY
QUERY	Query_25	Peptide	321	orf321_Earsca1_feature_106_from_C_0, ORGANISM Genus species Unclassified.,
DOMAINS
1	Query_25	Specific	334330	190	288	1.9012e-13	65.3354	pfam00961	LAGLIDADG_1	-	45
1	Query_25	Specific	334330	85	163	1.07399e-06	46.0755	pfam00961	LAGLIDADG_1	-	45
ENDDOMAINS
ENDQUERY
QUERY	Query_26	Peptide	267	orf267_Earsca1_feature_110_from_C_0, ORGANISM Genus species Unclassified.,
DOMAINS
1	Query_26	Non-specific	273636	57	259	3.32034e-32	117.487	TIGR01453	grpIintron_endo	-	45
ENDDOMAINS
ENDQUERY
QUERY	Query_27	Peptide	501	nad4_Earsca1_feature_113_from_C_0, ORGANISM Genus species Unclassified.,
DOMAINS
1	Query_27	Specific	235622	18	501	4.39623e-145	425	PRK05846	PRK05846	-	45
ENDDOMAINS
ENDQUERY
QUERY	Query_28	Peptide	552	orf552_Earsca1_feature_117_from_C_0, ORGANISM Genus species Unclassified.,
DOMAINS
1	Query_28	Specific	335245	371	534	5.00058e-46	158.863	pfam03161	LAGLIDADG_2	-	45
1	Query_28	Non-specific	273636	77	287	7.26862e-27	108.242	TIGR01453	grpIintron_endo	-	45
ENDDOMAINS
ENDQUERY
QUERY	Query_30	Peptide	258	atp6_Earsca1_feature_142_from_C_0, ORGANISM Genus species Unclassified.,
DOMAINS
1	Query_30	Superfamily	351082	16	258	1.61523e-45	152.468	cl00413	ATP-synt_A	-	-
ENDDOMAINS
ENDQUERY
QUERY	Query_32	Peptide	219	orf219_Earsca1_feature_146_from_C_0, ORGANISM Genus species Unclassified.,
DOMAINS
1	Query_32	Specific	335245	28	200	2.6914e-58	181.205	pfam03161	LAGLIDADG_2	-	45
ENDDOMAINS
ENDQUERY
QUERY	Query_33	Peptide	182	orf183_Earsca1_feature_148_from_C_0, ORGANISM Genus species Unclassified.,
DOMAINS
1	Query_33	Specific	335245	32	176	5.64319e-44	143.455	pfam03161	LAGLIDADG_2	C	45
ENDDOMAINS
ENDQUERY
ENDSESSION	1
SESSION	2	blastp	2.10.0+	/opt/rpsbproc/db/Cdd	BLOSUM62	0.01
QUERY	Query_34	Peptide	213	orf213_Earsca1_feature_150_from_C_0, ORGANISM Genus species Unclassified.,
DOMAINS
2	Query_34	Specific	335245	20	195	5.86383e-42	139.603	pfam03161	LAGLIDADG_2	-	45
ENDDOMAINS
ENDQUERY
QUERY	Query_36	Peptide	187	orf187_Earsca1_feature_154_from_C_0, ORGANISM Genus species Unclassified.,
DOMAINS
2	Query_36	Superfamily	355698	1	181	1.92407e-24	98.5743	cl28058	DNA_pol_B_2	N	-
ENDDOMAINS
ENDQUERY
QUERY	Query_37	Peptide	185	orf185_Earsca1_feature_156_from_C_0, ORGANISM Genus species Unclassified.,
DOMAINS
2	Query_37	Superfamily	355698	6	185	5.01669e-16	74.6919	cl28058	DNA_pol_B_2	C	-
ENDDOMAINS
ENDQUERY
QUERY	Query_38	Peptide	269	cox3_Earsca1_feature_158_from_C_0, ORGANISM Genus species Unclassified.,
DOMAINS
2	Query_38	Specific	238834	25	266	8.08801e-117	334.484	cd01665	Cyt_c_Oxidase_III	-	294143
ENDDOMAINS
SITES
2	Query_38	Specific	Subunit I/III interface	Q81,K84,G85,S96,F99,S103,V104,H110,S198,V199,T202,A206	12	12	238834
2	Query_38	Specific	Subunit III/Vb interface	K165	1	1	238834
2	Query_38	Specific	Subunit III/VIa interface	F134,G135,I136,Y153,V179,F189,N190,A191,T196,D197,S198	11	11	238834
2	Query_38	Specific	Subunit III/VIb interface	Q126	1	1	238834
2	Query_38	Specific	Subunit III/VIIa interface	L63,R66,D67,L70,T73,Y74,L75	7	7	238834
2	Query_38	Specific	Phospholipid binding site	W64,F65,I68,I69,A72,H78,G89,V90,F93,F221,R228,I240,G241	13	13	238834
ENDSITES
ENDQUERY
QUERY	Query_39	Peptide	452	orf452_Earsca1_feature_162_from_C_0, ORGANISM Genus species Unclassified.,
DOMAINS
2	Query_39	Specific	334330	63	159	3.75745e-14	68.0318	pfam00961	LAGLIDADG_1	-	45
2	Query_39	Specific	334330	202	308	0.000203935	40.2975	pfam00961	LAGLIDADG_1	-	45
ENDDOMAINS
ENDQUERY
QUERY	Query_40	Peptide	88	nad4L_Earsca1_feature_165_from_C_0, ORGANISM Genus species Unclassified.,
DOMAINS
2	Query_40	Superfamily	351118	7	88	5.0905e-15	63.8977	cl00492	Oxidored_q2	-	-
ENDDOMAINS
ENDQUERY
QUERY	Query_41	Peptide	858	nad5_Earsca1_feature_167_from_C_0, ORGANISM Genus species Unclassified.,
DOMAINS
2	Query_41	Non-specific	235836	1	628	0	648.372	PRK06590	PRK06590	-	45
ENDDOMAINS
ENDQUERY
QUERY	Query_42	Peptide	290	orf290_Earsca1_feature_171_from_C_0, ORGANISM Genus species Unclassified.,
DOMAINS
2	Query_42	Specific	334330	161	258	1.122e-26	100.003	pfam00961	LAGLIDADG_1	-	45
2	Query_42	Specific	334330	10	103	1.05582e-17	76.5062	pfam00961	LAGLIDADG_1	-	45
ENDDOMAINS
ENDQUERY
QUERY	Query_43	Peptide	252	orf252_Earsca1_feature_175_from_C_0, ORGANISM Genus species Unclassified.,
DOMAINS
2	Query_43	Specific	335245	56	233	9.4547e-48	155.782	pfam03161	LAGLIDADG_2	-	45
ENDDOMAINS
ENDQUERY
QUERY	Query_44	Peptide	424	orf424_Earsca1_feature_179_from_C_0, ORGANISM Genus species Unclassified.,
DOMAINS
2	Query_44	Specific	334330	295	394	1.98583e-25	99.233	pfam00961	LAGLIDADG_1	-	45
2	Query_44	Specific	334330	135	237	2.53201e-22	90.7586	pfam00961	LAGLIDADG_1	-	45
ENDDOMAINS
ENDQUERY
QUERY	Query_45	Peptide	247	orf247_Earsca1_feature_183_from_C_0, ORGANISM Genus species Unclassified.,
DOMAINS
2	Query_45	Specific	335245	44	229	2.3205e-36	126.121	pfam03161	LAGLIDADG_2	-	45
ENDDOMAINS
ENDQUERY
QUERY	Query_46	Peptide	622	orf622_Earsca1_feature_186_from_C_0, ORGANISM Genus species Unclassified.,
DOMAINS
2	Query_46	Superfamily	355698	318	443	3.64611e-14	75.0771	cl28058	DNA_pol_B_2	C	-
2	Query_46	Non-specific	237258	33	270	0.00904931	38.882	PRK12903	secA	N	45
ENDDOMAINS
ENDQUERY
QUERY	Query_47	Peptide	251	cox2_Earsca1_feature_196_from_C_0, ORGANISM Genus species Unclassified.,
DOMAINS
2	Query_47	Non-specific	214402	12	248	1.42015e-113	325.552	MTH00023	COX2	-	45
ENDDOMAINS
ENDQUERY
QUERY	Query_48	Peptide	170	orf170_Earsca1_feature_200_from_C_0, ORGANISM Genus species Unclassified.,
DOMAINS
2	Query_48	Specific	335245	89	130	2.51702e-09	53.3187	pfam03161	LAGLIDADG_2	C	45
ENDDOMAINS
ENDQUERY
QUERY	Query_49	Peptide	110	orf110_Earsca1_feature_202_from_C_0, ORGANISM Genus species Unclassified.,
DOMAINS
2	Query_49	Specific	335245	1	88	7.03578e-31	107.247	pfam03161	LAGLIDADG_2	N	45
ENDDOMAINS
ENDQUERY
QUERY	Query_50	Peptide	336	orf336_Earsca1_feature_206_from_C_0, ORGANISM Genus species Unclassified.,
DOMAINS
2	Query_50	Superfamily	353929	69	155	5.52779e-13	63.784	cl15257	GIY-YIG_SF	-	-
2	Query_50	Specific	197761	166	217	0.00157199	36.0066	smart00497	IENR1	-	299755
ENDDOMAINS
SITES
2	Query_50	Generic	active site	Y71,Y82,G84,R92,Y95,E140	6	6	198380
2	Query_50	Generic	catalytic site	R92,E140	2	2	198380
2	Query_50	Generic	metal binding site	E140	1	1	198380
2	Query_50	Generic	GIY-YIG motif/motif A	G69,V70,Y71,Y82,V83,G84	6	6	198380
ENDSITES
ENDQUERY
QUERY	Query_52	Peptide	206	nad6_Earsca1_feature_211_from_C_0, ORGANISM Genus species Unclassified.,
DOMAINS
2	Query_52	Superfamily	354830	3	195	3.82443e-23	91.2157	cl21484	Oxidored_q3	-	-
ENDDOMAINS
ENDQUERY
QUERY	Query_53	Peptide	128	orf128_Earsca1_feature_213_from_C_0, ORGANISM Genus species Unclassified.,
DOMAINS
2	Query_53	Specific	334330	51	112	2.50498e-08	48.0015	pfam00961	LAGLIDADG_1	C	45
ENDDOMAINS
ENDQUERY
QUERY	Query_54	Peptide	52	atp8_Earsca1_feature_215_from_C_0, ORGANISM Genus species Unclassified.,
DOMAINS
2	Query_54	Non-specific	283561	1	48	2.24567e-05	36.6154	pfam05933	Fun_ATP-synt_8	-	45
ENDDOMAINS
ENDQUERY
QUERY	Query_55	Peptide	514	nad2_Earsca1_feature_219_from_C_0, ORGANISM Genus species Unclassified.,
DOMAINS
2	Query_55	Specific	235603	110	452	2.83769e-82	263.22	PRK05777	PRK05777	N	356474
ENDDOMAINS
ENDQUERY
QUERY	Query_56	Peptide	121	nad3_Earsca1_feature_221_from_C_0, ORGANISM Genus species Unclassified.,
DOMAINS
2	Query_56	Specific	334119	19	112	5.48695e-28	97.871	pfam00507	Oxidored_q4	-	351141
ENDDOMAINS
ENDQUERY
QUERY	Query_59	Peptide	260	orf259_Earsca1_feature_229_from_C_0, ORGANISM Genus species Unclassified.,
DOMAINS
2	Query_59	Superfamily	355698	2	244	5.335e-14	70.96	cl28058	DNA_pol_B_2	N	-
ENDDOMAINS
ENDQUERY
QUERY	Query_60	Peptide	290	orf289_Earsca1_feature_231_from_C_0, ORGANISM Genus species Unclassified.,
DOMAINS
2	Query_60	Superfamily	355698	32	290	1.82589e-29	115.908	cl28058	DNA_pol_B_2	C	-
ENDDOMAINS
ENDQUERY
ENDSESSION	2
ENDDATA
