#Post-RPSBLAST Processing Utility

#Input data file:	Exoalc1_MitoAssemblyScaffolds.fasta.new.sqn.gbf_converted.faa.asn
#Output data file:	Exoalc1_MitoAssemblyScaffolds.fasta.new.sqn.gbf_converted.faa.asn.out
#Annotation data at:	/opt/rpsbproc/data
#E-Value cutoff:	0.01
#Redundancy:	Concise
#Data requested:	Domain hits and site annotations
#Output format -- tab-delimited table
#Show superfamilies: NO
#DATA
#SESSION	<session-ordinal>	<program>	<database>	<score-matrix>	<evalue-threshold>
#QUERY	<query-id>	<seq-type>	<seq-length>	<definition-line>
#DOMAINS
#<session-ordinal>	<query-id[readingframe]>	<hit-type>	<PSSM-ID>	<from>	<to>	<E-Value>	<bitscore>	<accession>	<short-name>	<incomplete>	<superfamily PSSM-ID>
#more such lines......
#ENDDOMAINS
#SITES
#<session-ordinal>	<query-id[readingframe]>	<annot-type>	<title>	<residue(coordinates)>	<complete-size>	<mapped-size>	<source-domain>
#more such lines......
#ENDSITES
#MOTIFS
#<session-ordinal>	<query-id[readingframe]>	<title>	<from>	<to>	<source-domain>
#more such lines......
#ENDMOTIFS
#ENDQUERY	<query-id>
#more query sections..
#ENDSESSION	<session-ordinal>
#more session sections..
#ENDDATA
#=====================================================================
DATA
SESSION	1	blastp	2.10.0+	/opt/rpsbproc/db/Cdd	BLOSUM62	0.01
QUERY	Query_1	Peptide	490	nad4_Exoalc1_feature_20_from_C_0, ORGANISM Genus species Unclassified.,
DOMAINS
1	Query_1	Specific	235622	1	477	7.26864e-113	342.182	PRK05846	PRK05846	-	45
ENDDOMAINS
ENDQUERY
QUERY	Query_2	Peptide	250	cox2_Exoalc1_feature_22_from_C_0, ORGANISM Genus species Unclassified.,
DOMAINS
1	Query_2	Non-specific	214402	5	244	1.23786e-104	302.825	MTH00023	COX2	-	45
ENDDOMAINS
ENDQUERY
QUERY	Query_3	Peptide	89	nad4L_Exoalc1_feature_24_from_C_0, ORGANISM Genus species Unclassified.,
DOMAINS
1	Query_3	Superfamily	351118	5	86	9.50712e-17	68.1349	cl00492	Oxidored_q2	-	-
ENDDOMAINS
ENDQUERY
QUERY	Query_4	Peptide	660	nad5_Exoalc1_feature_26_from_C_0, ORGANISM Genus species Unclassified.,
DOMAINS
1	Query_4	Non-specific	214400	1	630	0	578.184	MTH00020	ND5	-	45
ENDDOMAINS
ENDQUERY
QUERY	Query_5	Peptide	355	nad1_Exoalc1_feature_28_from_C_0, ORGANISM Genus species Unclassified.,
DOMAINS
1	Query_5	Specific	333876	9	338	1.30058e-109	322.115	pfam00146	NADHdh	-	351105
ENDDOMAINS
ENDQUERY
QUERY	Query_6	Peptide	538	nad2_Exoalc1_feature_30_from_C_0, ORGANISM Genus species Unclassified.,
DOMAINS
1	Query_6	Specific	235603	18	528	5.60378e-84	268.613	PRK05777	PRK05777	-	356474
ENDDOMAINS
ENDQUERY
QUERY	Query_7	Peptide	269	cox3_Exoalc1_feature_32_from_C_0, ORGANISM Genus species Unclassified.,
DOMAINS
1	Query_7	Specific	278911	12	269	4.48147e-134	378.677	pfam00510	COX3	-	294143
ENDDOMAINS
SITES
1	Query_7	Specific	Subunit I/III interface	A82,K85,G86,S97,L100,A104,I105,H111,G199,T200,S203,F207	12	12	238834
1	Query_7	Specific	Subunit III/Vb interface	G166	1	1	238834
1	Query_7	Specific	Subunit III/VIa interface	F135,E136,L137,Y154,I180,T190,V191,S192,S197,D198,G199	11	11	238834
1	Query_7	Specific	Subunit III/VIb interface	M127	1	1	238834
1	Query_7	Specific	Subunit III/VIIa interface	L64,R67,D68,S71,T74,Y75,L76	7	7	238834
1	Query_7	Specific	Phospholipid binding site	W65,F66,V69,I70,G73,H79,G90,V91,F94,F222,R229,L241,G242	13	13	238834
ENDSITES
ENDQUERY
QUERY	Query_8	Peptide	74	atp9_Exoalc1_feature_34_from_C_0, ORGANISM Genus species Unclassified.,
DOMAINS
1	Query_8	Specific	349422	6	70	1.44128e-19	73.6979	cd18182	ATP-synt_Fo_c_ATP5G3	-	365782
ENDDOMAINS
SITES
ENDSITES
ENDQUERY
QUERY	Query_9	Peptide	387	cob_Exoalc1_feature_36_from_C_0, ORGANISM Genus species Unclassified.,
DOMAINS
1	Query_9	Specific	214440	10	367	8.48495e-173	485.826	MTH00156	CYTB	-	45
ENDDOMAINS
ENDQUERY
QUERY	Query_10	Peptide	135	nad3_Exoalc1_feature_38_from_C_0, ORGANISM Genus species Unclassified.,
DOMAINS
1	Query_10	Specific	334119	26	113	1.2373e-14	64.3586	pfam00507	Oxidored_q4	-	351141
ENDDOMAINS
ENDQUERY
QUERY	Query_11	Peptide	534	cox1_Exoalc1_feature_70_from_C_0, ORGANISM Genus species Unclassified.,
DOMAINS
1	Query_11	Specific	238833	10	512	0	827.507	cd01663	Cyt_c_Oxidase_I	-	350997
ENDDOMAINS
SITES
1	Query_11	Specific	Binuclear center (heme a3/CuB)	H241,H290,H291,H376	4	4	238833
1	Query_11	Specific	Low-spin heme (heme a) binding site	H62,H378,S382,T424,S461	5	5	238833
1	Query_11	Specific	D-pathway	Y19,N81,D92,N99,S102,S157,S158,N164,T168	9	9	238833
1	Query_11	Specific	K-pathway	H241,Y245,S256,H290,H291,T316,K319	7	7	238833
1	Query_11	Specific	Electron transfer pathway	F377,R438,R439	3	3	238833
1	Query_11	Specific	Putative proton exit pathway	H291,H368,D369,R438,R439	5	5	238833
1	Query_11	Specific	Putative water exit pathway	D228,Q233,H234,D364,H368,D369,R438	7	7	238833
1	Query_11	Specific	Subunit I/II interface	N56,D228,K265,F268,G269,T294,V295,G296,V299,R302,L310,I318,F321,Y328,G329,G330,L342,N360,A361,L363,I365,A366,F367,H368,D369,L433,Q434,R438,R439,I440,G449,W450	32	32	238833
1	Query_11	Specific	Subunit I/III interface	C10,P91,F95,R97,W104,D145,F149,T167,N171,V191,L198,P201,M209,T218,S219,F220,G225,G226,D228,F238,Y275,M278,G281,V282,V286	25	25	238833
1	Query_11	Specific	Subunit I/IV interface	L39,S42,G43,L408,K411,V412,D445,I463	8	8	238833
1	Query_11	Specific	Subunit I/Vb interface	N266,Y270,A511	3	3	238833
1	Query_11	Specific	Subunit I/VIa interface	L136,R214,N215,F216,N217	5	5	238833
1	Query_11	Specific	Subunit I/VIb interface	G296	1	1	238833
1	Query_11	Specific	Subunit I/VIc interface	G329	1	1	238833
1	Query_11	Specific	Subunit I/VIIa interface	F115,M118	2	2	238833
1	Query_11	Specific	Subunit I/VIIb interface	D445,G449	2	2	238833
1	Query_11	Specific	Subunit I/VIIc interface	F25,A29,A32,L36,G117,M118,I400,Y473,L476	9	9	238833
1	Query_11	Specific	Subunit I/VIIIb interface	L409,V466	2	2	238833
1	Query_11	Specific	Dimer interface	V191,L198,F238,Y275,M278,G281,V282,V286	8	8	238833
ENDSITES
ENDQUERY
QUERY	Query_13	Peptide	56	atp8_Exoalc1_feature_79_from_C_0, ORGANISM Genus species Unclassified.,
DOMAINS
1	Query_13	Non-specific	283561	1	48	1.13333e-08	45.0898	pfam05933	Fun_ATP-synt_8	-	45
ENDDOMAINS
ENDQUERY
QUERY	Query_14	Peptide	255	atp6_Exoalc1_feature_81_from_C_0, ORGANISM Genus species Unclassified.,
DOMAINS
1	Query_14	Superfamily	351082	10	255	1.58023e-47	157.476	cl00413	ATP-synt_A	-	-
ENDDOMAINS
ENDQUERY
QUERY	Query_15	Peptide	190	nad6_Exoalc1_feature_85_from_C_0, ORGANISM Genus species Unclassified.,
DOMAINS
1	Query_15	Superfamily	354830	20	185	1.29883e-15	70.8001	cl21484	Oxidored_q3	-	-
ENDDOMAINS
ENDQUERY
ENDSESSION	1
ENDDATA
