#Post-RPSBLAST Processing Utility

#Input data file:	FlaPMI526_1_MitoAssemblyScaffolds.fasta.new.sqn.gbf_converted.faa.asn
#Output data file:	FlaPMI526_1_MitoAssemblyScaffolds.fasta.new.sqn.gbf_converted.faa.asn.out
#Annotation data at:	/opt/rpsbproc/data
#E-Value cutoff:	0.01
#Redundancy:	Concise
#Data requested:	Domain hits and site annotations
#Output format -- tab-delimited table
#Show superfamilies: NO
#DATA
#SESSION	<session-ordinal>	<program>	<database>	<score-matrix>	<evalue-threshold>
#QUERY	<query-id>	<seq-type>	<seq-length>	<definition-line>
#DOMAINS
#<session-ordinal>	<query-id[readingframe]>	<hit-type>	<PSSM-ID>	<from>	<to>	<E-Value>	<bitscore>	<accession>	<short-name>	<incomplete>	<superfamily PSSM-ID>
#more such lines......
#ENDDOMAINS
#SITES
#<session-ordinal>	<query-id[readingframe]>	<annot-type>	<title>	<residue(coordinates)>	<complete-size>	<mapped-size>	<source-domain>
#more such lines......
#ENDSITES
#MOTIFS
#<session-ordinal>	<query-id[readingframe]>	<title>	<from>	<to>	<source-domain>
#more such lines......
#ENDMOTIFS
#ENDQUERY	<query-id>
#more query sections..
#ENDSESSION	<session-ordinal>
#more session sections..
#ENDDATA
#=====================================================================
DATA
SESSION	1	blastp	2.10.0+	/opt/rpsbproc/db/Cdd	BLOSUM62	0.01
QUERY	Query_1	Peptide	280	orf280_FlaPMI526_feature_2_from_C_0, ORGANISM Genus species Unclassified.,
DOMAINS
1	Query_1	Non-specific	307549	62	177	0.000313157	40.3591	pfam01442	Apolipoprotein	-	45
ENDDOMAINS
ENDQUERY
QUERY	Query_2	Peptide	1496	orf1496_FlaPMI526_feature_4_from_C_0, ORGANISM Genus species Unclassified.,
DOMAINS
1	Query_2	Specific	334321	1041	1427	7.04845e-57	202.306	pfam00940	RNA_pol	-	355471
1	Query_2	Non-specific	227439	661	1492	4.581e-46	181.727	COG5108	RPO41	N	45
1	Query_2	Non-specific	224117	309	552	1.43136e-07	56.2612	COG1196	Smc	NC	45
ENDDOMAINS
ENDQUERY
QUERY	Query_3	Peptide	963	orf963_FlaPMI526_feature_6_from_C_0, ORGANISM Genus species Unclassified.,
DOMAINS
1	Query_3	Superfamily	355698	342	769	1.87834e-67	233.009	cl28058	DNA_pol_B_2	-	-
1	Query_3	Superfamily	353046	816	881	0.00831072	39.6145	cl10023	POLBc	NC	-
ENDDOMAINS
SITES
1	Query_3	Generic	active site	D831	8	1	99912
1	Query_3	Generic	metal-binding site 	D829,D831,S832	3	3	99912
ENDSITES
ENDQUERY
QUERY	Query_4	Peptide	820	nad5_FlaPMI526_feature_34_from_C_0, ORGANISM Genus species Unclassified.,
DOMAINS
1	Query_4	Non-specific	235836	12	726	0	576.34	PRK06590	PRK06590	-	45
ENDDOMAINS
ENDQUERY
QUERY	Query_5	Peptide	89	nad4L_FlaPMI526_feature_39_from_C_0, ORGANISM Genus species Unclassified.,
DOMAINS
1	Query_5	Superfamily	351118	3	86	2.37481e-15	64.8131	cl00492	Oxidored_q2	-	-
ENDDOMAINS
ENDQUERY
QUERY	Query_6	Peptide	233	nad6_FlaPMI526_feature_41_from_C_0, ORGANISM Genus species Unclassified.,
DOMAINS
1	Query_6	Superfamily	354830	10	105	5.02233e-15	70.6353	cl21484	Oxidored_q3	C	-
ENDDOMAINS
ENDQUERY
QUERY	Query_7	Peptide	531	cox1_FlaPMI526_feature_43_from_C_0, ORGANISM Genus species Unclassified.,
DOMAINS
1	Query_7	Specific	238833	11	515	0	814.025	cd01663	Cyt_c_Oxidase_I	-	350997
ENDDOMAINS
SITES
1	Query_7	Specific	Binuclear center (heme a3/CuB)	H243,H292,H293,H378	4	4	238833
1	Query_7	Specific	Low-spin heme (heme a) binding site	H64,H380,S384,T426,S463	5	5	238833
1	Query_7	Specific	D-pathway	Y20,N83,D94,N101,S104,S159,S160,N166,T170	9	9	238833
1	Query_7	Specific	K-pathway	H243,Y247,S258,H292,H293,T318,K321	7	7	238833
1	Query_7	Specific	Electron transfer pathway	F379,R440,R441	3	3	238833
1	Query_7	Specific	Putative proton exit pathway	H293,H370,D371,R440,R441	5	5	238833
1	Query_7	Specific	Putative water exit pathway	D230,Q235,H236,D366,H370,D371,R440	7	7	238833
1	Query_7	Specific	Subunit I/II interface	N58,D230,K267,F270,G271,A296,V297,G298,V301,R304,M312,I320,F323,Y330,G331,G332,L344,N362,A363,L365,V367,A368,F369,H370,D371,M435,S436,R440,R441,I442,G451,W452	32	32	238833
1	Query_7	Specific	Subunit I/III interface	T11,V93,F97,R99,W106,D147,F151,S169,N173,V193,L200,P203,M211,T220,S221,F222,G227,G228,D230,F240,Y277,F280,G283,I284,L288	25	25	238833
1	Query_7	Specific	Subunit I/IV interface	L40,A43,G44,F410,K413,I414,D447,V465	8	8	238833
1	Query_7	Specific	Subunit I/Vb interface	T268,Y272,V514	3	3	238833
1	Query_7	Specific	Subunit I/VIa interface	V138,R216,N217,F218,N219	5	5	238833
1	Query_7	Specific	Subunit I/VIb interface	G298	1	1	238833
1	Query_7	Specific	Subunit I/VIc interface	G331	1	1	238833
1	Query_7	Specific	Subunit I/VIIa interface	L117,L120	2	2	238833
1	Query_7	Specific	Subunit I/VIIb interface	D447,G451	2	2	238833
1	Query_7	Specific	Subunit I/VIIc interface	F26,I30,A33,I37,A119,L120,I402,Y475,F478	9	9	238833
1	Query_7	Specific	Subunit I/VIIIb interface	L411,L468	2	2	238833
1	Query_7	Specific	Dimer interface	V193,L200,F240,Y277,F280,G283,I284,L288	8	8	238833
ENDSITES
ENDQUERY
QUERY	Query_8	Peptide	399	cob_FlaPMI526_feature_45_from_C_0, ORGANISM Genus species Unclassified.,
DOMAINS
1	Query_8	Specific	214440	10	360	1.23436e-168	475.426	MTH00156	CYTB	-	45
ENDDOMAINS
ENDQUERY
QUERY	Query_9	Peptide	892	nad4_FlaPMI526_feature_47_from_C_0, ORGANISM Genus species Unclassified.,
DOMAINS
1	Query_9	Specific	235622	528	886	1.06915e-118	369.917	PRK05846	PRK05846	N	45
1	Query_9	Non-specific	235622	81	174	6.37471e-12	68.6905	PRK05846	PRK05846	C	45
ENDDOMAINS
ENDQUERY
QUERY	Query_10	Peptide	282	cox3_FlaPMI526_feature_49_from_C_0, ORGANISM Genus species Unclassified.,
DOMAINS
1	Query_10	Specific	238834	32	275	1.03851e-96	284.023	cd01665	Cyt_c_Oxidase_III	-	294143
ENDDOMAINS
SITES
1	Query_10	Specific	Subunit I/III interface	E90,K93,H94,S105,F108,S112,I113,H119,S207,V208,S211,C215	12	12	238834
1	Query_10	Specific	Subunit III/Vb interface	F174	1	1	238834
1	Query_10	Specific	Subunit III/VIa interface	W143,A144,I145,L162,I188,N198,Q199,S200,S205,D206,S207	11	11	238834
1	Query_10	Specific	Subunit III/VIb interface	M135	1	1	238834
1	Query_10	Specific	Subunit III/VIIa interface	L72,V75,D76,T79,S82,H83,L84	7	7	238834
1	Query_10	Specific	Phospholipid binding site	W73,F74,V77,N78,S81,H87,A98,I99,F102,M230,K237,A249,G250	13	13	238834
ENDSITES
ENDQUERY
QUERY	Query_11	Peptide	339	nad1_FlaPMI526_feature_51_from_C_0, ORGANISM Genus species Unclassified.,
DOMAINS
1	Query_11	Specific	333876	21	327	3.17945e-111	325.581	pfam00146	NADHdh	-	351105
ENDDOMAINS
ENDQUERY
QUERY	Query_12	Peptide	642	nad3_FlaPMI526_feature_53_from_C_0, ORGANISM Genus species Unclassified.,
DOMAINS
1	Query_12	Specific	334119	19	113	3.3688e-35	127.917	pfam00507	Oxidored_q4	-	351141
ENDDOMAINS
ENDQUERY
QUERY	Query_13	Peptide	680	nad2_FlaPMI526_feature_55_from_C_0, ORGANISM Genus species Unclassified.,
DOMAINS
1	Query_13	Specific	235603	182	576	1.59116e-68	231.634	PRK05777	PRK05777	N	356474
ENDDOMAINS
ENDQUERY
QUERY	Query_14	Peptide	253	atp6_FlaPMI526_feature_63_from_C_0, ORGANISM Genus species Unclassified.,
DOMAINS
1	Query_14	Superfamily	351082	1	253	1.05431e-46	155.55	cl00413	ATP-synt_A	-	-
ENDDOMAINS
ENDQUERY
QUERY	Query_15	Peptide	73	atp9_FlaPMI526_feature_77_from_C_0, ORGANISM Genus species Unclassified.,
DOMAINS
1	Query_15	Specific	349422	6	69	7.06705e-16	64.4531	cd18182	ATP-synt_Fo_c_ATP5G3	-	365782
ENDDOMAINS
SITES
ENDSITES
ENDQUERY
QUERY	Query_16	Peptide	485	nad2_FlaPMI526_feature_2_from_C_1, ORGANISM Genus species Unclassified.,
DOMAINS
1	Query_16	Superfamily	356474	261	423	3.60481e-31	125.318	cl29598	Proton_antipo_M	NC	-
ENDDOMAINS
ENDQUERY
QUERY	Query_17	Peptide	253	atp6_FlaPMI526_feature_10_from_C_1, ORGANISM Genus species Unclassified.,
DOMAINS
1	Query_17	Superfamily	351082	1	253	1.05431e-46	155.55	cl00413	ATP-synt_A	-	-
ENDDOMAINS
ENDQUERY
QUERY	Query_18	Peptide	73	atp9_FlaPMI526_feature_24_from_C_1, ORGANISM Genus species Unclassified.,
DOMAINS
1	Query_18	Specific	349422	6	69	7.06705e-16	64.4531	cd18182	ATP-synt_Fo_c_ATP5G3	-	365782
ENDDOMAINS
SITES
ENDSITES
ENDQUERY
QUERY	Query_19	Peptide	280	cox2_FlaPMI526_feature_26_from_C_1, ORGANISM Genus species Unclassified.,
DOMAINS
1	Query_19	Non-specific	214402	35	279	6.38676e-112	322.47	MTH00023	COX2	-	45
ENDDOMAINS
ENDQUERY
QUERY	Query_20	Peptide	54	atp8_FlaPMI526_feature_34_from_C_1, ORGANISM Genus species Unclassified.,
DOMAINS
1	Query_20	Non-specific	283561	1	48	0.00189326	31.6078	pfam05933	Fun_ATP-synt_8	-	45
ENDDOMAINS
ENDQUERY
QUERY	Query_21	Peptide	2279	orf2279_FlaPMI526_feature_36_from_C_1, ORGANISM Genus species Unclassified.,
DOMAINS
1	Query_21	Non-specific	214368	1254	1541	0.000923558	44.5446	CHL00117	rpoC2	NC	45
ENDDOMAINS
ENDQUERY
ENDSESSION	1
ENDDATA
