#Post-RPSBLAST Processing Utility

#Input data file:	Fomfom1_MitoAssemblyScaffolds.fasta.new.sqn.gbf_converted.faa.asn
#Output data file:	Fomfom1_MitoAssemblyScaffolds.fasta.new.sqn.gbf_converted.faa.asn.out
#Annotation data at:	/opt/rpsbproc/data
#E-Value cutoff:	0.01
#Redundancy:	Concise
#Data requested:	Domain hits and site annotations
#Output format -- tab-delimited table
#Show superfamilies: NO
#DATA
#SESSION	<session-ordinal>	<program>	<database>	<score-matrix>	<evalue-threshold>
#QUERY	<query-id>	<seq-type>	<seq-length>	<definition-line>
#DOMAINS
#<session-ordinal>	<query-id[readingframe]>	<hit-type>	<PSSM-ID>	<from>	<to>	<E-Value>	<bitscore>	<accession>	<short-name>	<incomplete>	<superfamily PSSM-ID>
#more such lines......
#ENDDOMAINS
#SITES
#<session-ordinal>	<query-id[readingframe]>	<annot-type>	<title>	<residue(coordinates)>	<complete-size>	<mapped-size>	<source-domain>
#more such lines......
#ENDSITES
#MOTIFS
#<session-ordinal>	<query-id[readingframe]>	<title>	<from>	<to>	<source-domain>
#more such lines......
#ENDMOTIFS
#ENDQUERY	<query-id>
#more query sections..
#ENDSESSION	<session-ordinal>
#more session sections..
#ENDDATA
#=====================================================================
DATA
SESSION	1	blastp	2.10.0+	/opt/rpsbproc/db/Cdd	BLOSUM62	0.01
QUERY	Query_1	Peptide	124	nad3_Fomfom1_feature_2_from_C_0, ORGANISM Genus species Unclassified.,
DOMAINS
1	Query_1	Specific	334119	19	112	2.547e-29	101.338	pfam00507	Oxidored_q4	-	351141
ENDDOMAINS
ENDQUERY
QUERY	Query_2	Peptide	515	nad2_Fomfom1_feature_4_from_C_0, ORGANISM Genus species Unclassified.,
DOMAINS
1	Query_2	Specific	235603	110	457	2.91617e-86	273.62	PRK05777	PRK05777	N	356474
ENDDOMAINS
ENDQUERY
QUERY	Query_3	Peptide	52	atp8_Fomfom1_feature_8_from_C_0, ORGANISM Genus species Unclassified.,
DOMAINS
1	Query_3	Non-specific	283561	1	48	1.21574e-05	37.3858	pfam05933	Fun_ATP-synt_8	-	45
ENDDOMAINS
ENDQUERY
QUERY	Query_5	Peptide	89	orf89_Fomfom1_feature_12_from_C_0, ORGANISM Genus species Unclassified.,
DOMAINS
1	Query_5	Superfamily	355698	3	84	7.91309e-06	41.95	cl28058	DNA_pol_B_2	NC	-
ENDDOMAINS
ENDQUERY
QUERY	Query_6	Peptide	202	nad6_Fomfom1_feature_14_from_C_0, ORGANISM Genus species Unclassified.,
DOMAINS
1	Query_6	Superfamily	354830	8	61	1.31838e-12	63.3166	cl21484	Oxidored_q3	C	-
ENDDOMAINS
ENDQUERY
QUERY	Query_8	Peptide	251	cox2_Fomfom1_feature_18_from_C_0, ORGANISM Genus species Unclassified.,
DOMAINS
1	Query_8	Non-specific	214402	7	248	5.57794e-113	324.011	MTH00023	COX2	-	45
ENDDOMAINS
ENDQUERY
QUERY	Query_9	Peptide	463	orf463_Fomfom1_feature_22_from_C_0, ORGANISM Genus species Unclassified.,
DOMAINS
1	Query_9	Superfamily	353929	122	209	1.02028e-14	69.1768	cl15257	GIY-YIG_SF	-	-
1	Query_9	Non-specific	273636	122	363	2.73768e-05	45.0694	TIGR01453	grpIintron_endo	-	45
ENDDOMAINS
SITES
1	Query_9	Generic	active site	Y125,Y136,G138,R146,Y149,E194	6	6	198380
1	Query_9	Generic	catalytic site	R146,E194	2	2	198380
1	Query_9	Generic	metal binding site	E194	1	1	198380
1	Query_9	Generic	GIY-YIG motif/motif A	G123,V124,Y125,Y136,V137,G138	6	6	198380
ENDSITES
ENDQUERY
QUERY	Query_10	Peptide	423	orf423_Fomfom1_feature_26_from_C_0, ORGANISM Genus species Unclassified.,
DOMAINS
1	Query_10	Specific	334330	123	221	3.65618e-16	73.4246	pfam00961	LAGLIDADG_1	-	45
1	Query_10	Specific	334330	282	392	7.13577e-16	72.6542	pfam00961	LAGLIDADG_1	-	45
ENDDOMAINS
ENDQUERY
QUERY	Query_13	Peptide	664	nad5_Fomfom1_feature_41_from_C_0, ORGANISM Genus species Unclassified.,
DOMAINS
1	Query_13	Non-specific	177253	1	614	0	635.51	MTH00210	ND5	-	45
ENDDOMAINS
ENDQUERY
QUERY	Query_14	Peptide	178	orf178_Fomfom1_feature_45_from_C_0, ORGANISM Genus species Unclassified.,
DOMAINS
1	Query_14	Specific	335245	62	176	4.82062e-14	66.0303	pfam03161	LAGLIDADG_2	C	45
ENDDOMAINS
ENDQUERY
QUERY	Query_15	Peptide	244	orf244_Fomfom1_feature_49_from_C_0, ORGANISM Genus species Unclassified.,
DOMAINS
1	Query_15	Specific	335245	40	217	2.95737e-32	115.721	pfam03161	LAGLIDADG_2	-	45
ENDDOMAINS
ENDQUERY
QUERY	Query_16	Peptide	136	orf136_Fomfom1_feature_53_from_C_0, ORGANISM Genus species Unclassified.,
DOMAINS
1	Query_16	Specific	334330	1	63	3.9388e-12	58.0167	pfam00961	LAGLIDADG_1	N	45
ENDDOMAINS
ENDQUERY
QUERY	Query_18	Peptide	251	orf251_Fomfom1_feature_59_from_C_0, ORGANISM Genus species Unclassified.,
DOMAINS
1	Query_18	Specific	335245	55	232	1.07773e-47	155.397	pfam03161	LAGLIDADG_2	-	45
ENDDOMAINS
ENDQUERY
QUERY	Query_19	Peptide	264	orf264_Fomfom1_feature_63_from_C_0, ORGANISM Genus species Unclassified.,
DOMAINS
1	Query_19	Specific	334330	119	220	4.04715e-23	90.3734	pfam00961	LAGLIDADG_1	-	45
ENDDOMAINS
ENDQUERY
QUERY	Query_20	Peptide	81	orf82_Fomfom1_feature_66_from_C_0, ORGANISM Genus species Unclassified.,
DOMAINS
1	Query_20	Specific	334330	2	81	6.27396e-18	71.1134	pfam00961	LAGLIDADG_1	-	45
ENDDOMAINS
ENDQUERY
QUERY	Query_21	Peptide	304	nad4L_Fomfom1_feature_68_from_C_0, ORGANISM Genus species Unclassified.,
DOMAINS
1	Query_21	Specific	334330	140	242	2.75929e-25	96.9218	pfam00961	LAGLIDADG_1	-	45
1	Query_21	Specific	177231	7	84	4.03199e-18	77.7649	MTH00180	ND4L	-	351118
ENDDOMAINS
ENDQUERY
QUERY	Query_22	Peptide	269	cox3_Fomfom1_feature_70_from_C_0, ORGANISM Genus species Unclassified.,
DOMAINS
1	Query_22	Specific	238834	25	266	4.2875e-117	335.255	cd01665	Cyt_c_Oxidase_III	-	294143
ENDDOMAINS
SITES
1	Query_22	Specific	Subunit I/III interface	Q81,K84,G85,S96,F99,S103,V104,H110,S198,V199,T202,A206	12	12	238834
1	Query_22	Specific	Subunit III/Vb interface	K165	1	1	238834
1	Query_22	Specific	Subunit III/VIa interface	F134,G135,I136,Y153,V179,F189,N190,A191,T196,D197,S198	11	11	238834
1	Query_22	Specific	Subunit III/VIb interface	Q126	1	1	238834
1	Query_22	Specific	Subunit III/VIIa interface	L63,R66,D67,L70,T73,Y74,L75	7	7	238834
1	Query_22	Specific	Phospholipid binding site	W64,F65,I68,I69,A72,H78,G89,V90,F93,F221,R228,I240,G241	13	13	238834
ENDSITES
ENDQUERY
QUERY	Query_23	Peptide	452	orf452_Fomfom1_feature_74_from_C_0, ORGANISM Genus species Unclassified.,
DOMAINS
1	Query_23	Specific	334330	63	159	2.13276e-13	65.7206	pfam00961	LAGLIDADG_1	-	45
1	Query_23	Specific	334330	202	308	0.000475726	39.1419	pfam00961	LAGLIDADG_1	-	45
ENDDOMAINS
ENDQUERY
QUERY	Query_25	Peptide	536	orf535_Fomfom1_feature_81_from_C_0, ORGANISM Genus species Unclassified.,
DOMAINS
1	Query_25	Superfamily	355698	9	379	3.29431e-43	159.436	cl28058	DNA_pol_B_2	-	-
ENDDOMAINS
ENDQUERY
QUERY	Query_26	Peptide	180	orf180_Fomfom1_feature_83_from_C_0, ORGANISM Genus species Unclassified.,
DOMAINS
1	Query_26	Superfamily	355698	62	177	0.000571653	39.3736	cl28058	DNA_pol_B_2	C	-
ENDDOMAINS
ENDQUERY
QUERY	Query_27	Peptide	113	orf113_Fomfom1_feature_85_from_C_0, ORGANISM Genus species Unclassified.,
DOMAINS
1	Query_27	Specific	335245	13	95	3.47653e-15	66.8007	pfam03161	LAGLIDADG_2	N	45
ENDDOMAINS
ENDQUERY
QUERY	Query_28	Peptide	801	orf801_Fomfom1_feature_91_from_C_0, ORGANISM Genus species Unclassified.,
DOMAINS
1	Query_28	Superfamily	355698	300	706	2.91039e-47	174.459	cl28058	DNA_pol_B_2	-	-
ENDDOMAINS
ENDQUERY
QUERY	Query_29	Peptide	257	atp6_Fomfom1_feature_93_from_C_0, ORGANISM Genus species Unclassified.,
DOMAINS
1	Query_29	Superfamily	351082	15	257	9.23118e-47	155.935	cl00413	ATP-synt_A	-	-
ENDDOMAINS
ENDQUERY
QUERY	Query_30	Peptide	501	nad4_Fomfom1_feature_117_from_C_0, ORGANISM Genus species Unclassified.,
DOMAINS
1	Query_30	Specific	235622	16	501	4.25659e-146	427.697	PRK05846	PRK05846	-	45
ENDDOMAINS
ENDQUERY
QUERY	Query_31	Peptide	415	orf415_Fomfom1_feature_121_from_C_0, ORGANISM Genus species Unclassified.,
DOMAINS
1	Query_31	Specific	334330	152	250	1.42947e-23	93.8402	pfam00961	LAGLIDADG_1	-	45
1	Query_31	Specific	334330	309	404	3.63666e-20	84.5954	pfam00961	LAGLIDADG_1	-	45
ENDDOMAINS
ENDQUERY
QUERY	Query_32	Peptide	248	orf248_Fomfom1_feature_125_from_C_0, ORGANISM Genus species Unclassified.,
DOMAINS
1	Query_32	Specific	335245	64	227	1.45846e-49	160.019	pfam03161	LAGLIDADG_2	-	45
ENDDOMAINS
ENDQUERY
QUERY	Query_33	Peptide	528	cox1_Fomfom1_feature_128_from_C_0, ORGANISM Genus species Unclassified.,
DOMAINS
1	Query_33	Specific	238833	8	512	0	856.397	cd01663	Cyt_c_Oxidase_I	-	350997
ENDDOMAINS
SITES
1	Query_33	Specific	Binuclear center (heme a3/CuB)	H240,H289,H290,H375	4	4	238833
1	Query_33	Specific	Low-spin heme (heme a) binding site	H61,H377,S381,T423,S460	5	5	238833
1	Query_33	Specific	D-pathway	Y17,N80,D91,N98,S101,S156,S157,N163,T167	9	9	238833
1	Query_33	Specific	K-pathway	H240,Y244,S255,H289,H290,T315,K318	7	7	238833
1	Query_33	Specific	Electron transfer pathway	F376,R437,R438	3	3	238833
1	Query_33	Specific	Putative proton exit pathway	H290,H367,D368,R437,R438	5	5	238833
1	Query_33	Specific	Putative water exit pathway	D227,Q232,H233,D363,H367,D368,R437	7	7	238833
1	Query_33	Specific	Subunit I/II interface	N55,D227,K264,F267,G268,A293,V294,G295,V298,R301,M309,I317,F320,Y327,G328,G329,L341,N359,A360,M362,I364,A365,L366,H367,D368,L432,A433,R437,R438,I439,G448,W449	32	32	238833
1	Query_33	Specific	Subunit I/III interface	T8,P90,F94,R96,W103,D144,F148,T166,N170,V190,L197,P200,M208,T217,S218,F219,G224,G225,D227,F237,Y274,F277,G280,I281,L285	25	25	238833
1	Query_33	Specific	Subunit I/IV interface	L37,S40,A41,L407,K410,I411,D444,V462	8	8	238833
1	Query_33	Specific	Subunit I/Vb interface	P265,Y269,A511	3	3	238833
1	Query_33	Specific	Subunit I/VIa interface	I135,R213,N214,F215,N216	5	5	238833
1	Query_33	Specific	Subunit I/VIb interface	G295	1	1	238833
1	Query_33	Specific	Subunit I/VIc interface	G328	1	1	238833
1	Query_33	Specific	Subunit I/VIIa interface	L114,L117	2	2	238833
1	Query_33	Specific	Subunit I/VIIb interface	D444,G448	2	2	238833
1	Query_33	Specific	Subunit I/VIIc interface	F23,I27,A30,L34,S116,L117,I399,Y472,F475	9	9	238833
1	Query_33	Specific	Subunit I/VIIIb interface	L408,V465	2	2	238833
1	Query_33	Specific	Dimer interface	V190,L197,F237,Y274,F277,G280,I281,L285	8	8	238833
ENDSITES
ENDQUERY
ENDSESSION	1
SESSION	2	blastp	2.10.0+	/opt/rpsbproc/db/Cdd	BLOSUM62	0.01
QUERY	Query_34	Peptide	267	orf267_Fomfom1_feature_132_from_C_0, ORGANISM Genus species Unclassified.,
DOMAINS
2	Query_34	Non-specific	273636	57	259	9.47064e-33	119.028	TIGR01453	grpIintron_endo	-	45
ENDDOMAINS
ENDQUERY
QUERY	Query_35	Peptide	169	orf169_Fomfom1_feature_136_from_C_0, ORGANISM Genus species Unclassified.,
DOMAINS
2	Query_35	Superfamily	353929	86	142	3.04935e-16	69.562	cl15257	GIY-YIG_SF	C	-
ENDDOMAINS
SITES
2	Query_35	Generic	active site	Y89,Y100,G102,R110,H114	6	5	198380
2	Query_35	Generic	catalytic site	R110	2	1	198380
2	Query_35	Generic	GIY-YIG motif/motif A	G87,I88,Y89,Y100,I101,G102	6	6	198380
ENDSITES
ENDQUERY
QUERY	Query_36	Peptide	247	orf247_Fomfom1_feature_140_from_C_0, ORGANISM Genus species Unclassified.,
DOMAINS
2	Query_36	Specific	334330	156	247	2.58592e-12	61.0983	pfam00961	LAGLIDADG_1	-	45
2	Query_36	Specific	334330	21	116	3.66764e-10	55.3203	pfam00961	LAGLIDADG_1	-	45
ENDDOMAINS
ENDQUERY
QUERY	Query_37	Peptide	267	orf267_Fomfom1_feature_144_from_C_0, ORGANISM Genus species Unclassified.,
DOMAINS
2	Query_37	Non-specific	273636	3	180	7.2405e-38	132.124	TIGR01453	grpIintron_endo	-	45
2	Query_37	Specific	197761	213	264	1.41659e-05	41.3994	smart00497	IENR1	-	299755
ENDDOMAINS
ENDQUERY
QUERY	Query_38	Peptide	215	orf215_Fomfom1_feature_148_from_C_0, ORGANISM Genus species Unclassified.,
DOMAINS
2	Query_38	Specific	335245	28	194	3.87205e-51	163.101	pfam03161	LAGLIDADG_2	-	45
ENDDOMAINS
ENDQUERY
QUERY	Query_39	Peptide	357	orf357_Fomfom1_feature_152_from_C_0, ORGANISM Genus species Unclassified.,
DOMAINS
2	Query_39	Specific	334330	220	318	5.83886e-14	66.8762	pfam00961	LAGLIDADG_1	-	45
2	Query_39	Specific	334330	97	168	8.6515e-06	43.7643	pfam00961	LAGLIDADG_1	-	45
ENDDOMAINS
ENDQUERY
QUERY	Query_40	Peptide	346	orf346_Fomfom1_feature_156_from_C_0, ORGANISM Genus species Unclassified.,
DOMAINS
2	Query_40	Specific	334330	218	314	4.95599e-20	83.4398	pfam00961	LAGLIDADG_1	-	45
2	Query_40	Specific	339260	106	164	9.25431e-05	40.2236	pfam14528	LAGLIDADG_3	-	352872
ENDDOMAINS
ENDQUERY
QUERY	Query_41	Peptide	316	orf316_Fomfom1_feature_160_from_C_0, ORGANISM Genus species Unclassified.,
DOMAINS
2	Query_41	Specific	334330	189	287	8.53956e-13	63.4094	pfam00961	LAGLIDADG_1	-	45
2	Query_41	Specific	334330	70	159	1.92888e-06	45.3051	pfam00961	LAGLIDADG_1	-	45
ENDDOMAINS
ENDQUERY
QUERY	Query_42	Peptide	350	orf350_Fomfom1_feature_164_from_C_0, ORGANISM Genus species Unclassified.,
DOMAINS
2	Query_42	Specific	334330	80	167	3.50935e-12	61.8686	pfam00961	LAGLIDADG_1	-	45
2	Query_42	Specific	334330	201	306	2.54091e-11	59.5575	pfam00961	LAGLIDADG_1	-	45
ENDDOMAINS
ENDQUERY
QUERY	Query_43	Peptide	147	orf147_Fomfom1_feature_168_from_C_0, ORGANISM Genus species Unclassified.,
DOMAINS
2	Query_43	Specific	197761	1	49	0.00527178	33.3102	smart00497	IENR1	-	299755
ENDDOMAINS
ENDQUERY
QUERY	Query_44	Peptide	110	orf110_Fomfom1_feature_170_from_C_0, ORGANISM Genus species Unclassified.,
DOMAINS
2	Query_44	Superfamily	353929	41	105	1.43828e-09	50.302	cl15257	GIY-YIG_SF	N	-
ENDDOMAINS
SITES
2	Query_44	Generic	active site	R43,Y47,E90	6	3	198380
2	Query_44	Generic	catalytic site	R43,E90	2	2	198380
2	Query_44	Generic	metal binding site	E90	1	1	198380
ENDSITES
ENDQUERY
QUERY	Query_45	Peptide	161	orf161_Fomfom1_feature_174_from_C_0, ORGANISM Genus species Unclassified.,
DOMAINS
2	Query_45	Specific	334330	114	161	1.71724e-07	46.8459	pfam00961	LAGLIDADG_1	C	45
ENDDOMAINS
ENDQUERY
QUERY	Query_46	Peptide	317	orf317_Fomfom1_feature_176_from_C_0, ORGANISM Genus species Unclassified.,
DOMAINS
2	Query_46	Specific	334330	45	139	5.54694e-21	85.751	pfam00961	LAGLIDADG_1	-	45
2	Query_46	Specific	334330	194	289	0.000173355	39.9123	pfam00961	LAGLIDADG_1	-	45
ENDDOMAINS
ENDQUERY
QUERY	Query_47	Peptide	300	orf300_Fomfom1_feature_180_from_C_0, ORGANISM Genus species Unclassified.,
DOMAINS
2	Query_47	Specific	334330	158	261	1.24133e-11	59.9427	pfam00961	LAGLIDADG_1	-	45
2	Query_47	Specific	334330	46	112	0.000201113	39.5271	pfam00961	LAGLIDADG_1	C	45
ENDDOMAINS
ENDQUERY
QUERY	Query_48	Peptide	320	orf320_Fomfom1_feature_184_from_C_0, ORGANISM Genus species Unclassified.,
DOMAINS
2	Query_48	Specific	334330	161	278	3.76895e-12	61.4834	pfam00961	LAGLIDADG_1	-	45
ENDDOMAINS
ENDQUERY
QUERY	Query_49	Peptide	350	orf350_Fomfom1_feature_188_from_C_0, ORGANISM Genus species Unclassified.,
DOMAINS
2	Query_49	Specific	198392	90	177	3.17183e-22	89.2072	cd10445	GIY-YIG_bI1_like	-	353929
ENDDOMAINS
SITES
2	Query_49	Specific	putative active site	Y92,Y103,G105,R113,Y117,E162,N174	7	7	198392
2	Query_49	Specific	putative metal binding site	E162	1	1	198392
2	Query_49	Specific	GIY-YIG motif/motif A	G90,V91,Y92,Y103,V104,G105	6	6	198392
ENDSITES
ENDQUERY
QUERY	Query_50	Peptide	334	cob_Fomfom1_feature_201_from_C_0, ORGANISM Genus species Unclassified.,
DOMAINS
2	Query_50	Specific	214440	1	315	5.40073e-159	448.462	MTH00156	CYTB	-	45
ENDDOMAINS
ENDQUERY
QUERY	Query_52	Peptide	345	orf345_Fomfom1_feature_211_from_C_0, ORGANISM Genus species Unclassified.,
DOMAINS
2	Query_52	Specific	334330	99	195	1.4552e-21	87.677	pfam00961	LAGLIDADG_1	-	45
2	Query_52	Specific	334330	233	329	2.82253e-08	50.6979	pfam00961	LAGLIDADG_1	-	45
ENDDOMAINS
ENDQUERY
QUERY	Query_53	Peptide	288	orf288_Fomfom1_feature_215_from_C_0, ORGANISM Genus species Unclassified.,
DOMAINS
2	Query_53	Specific	334330	45	127	3.24086e-05	41.8383	pfam00961	LAGLIDADG_1	-	45
ENDDOMAINS
ENDQUERY
QUERY	Query_54	Peptide	322	orf322_Fomfom1_feature_219_from_C_0, ORGANISM Genus species Unclassified.,
DOMAINS
2	Query_54	Specific	334330	52	159	2.69354e-05	42.2235	pfam00961	LAGLIDADG_1	-	45
2	Query_54	Specific	334330	200	292	0.00617051	35.6751	pfam00961	LAGLIDADG_1	-	45
ENDDOMAINS
ENDQUERY
QUERY	Query_55	Peptide	357	orf357_Fomfom1_feature_223_from_C_0, ORGANISM Genus species Unclassified.,
DOMAINS
2	Query_55	Non-specific	273636	141	342	1.11516e-27	107.857	TIGR01453	grpIintron_endo	-	45
ENDDOMAINS
ENDQUERY
QUERY	Query_56	Peptide	157	orf157_Fomfom1_feature_227_from_C_0, ORGANISM Genus species Unclassified.,
DOMAINS
2	Query_56	Specific	334330	2	69	1.32429e-11	57.2463	pfam00961	LAGLIDADG_1	N	45
ENDDOMAINS
ENDQUERY
QUERY	Query_57	Peptide	338	nad1_Fomfom1_feature_232_from_C_0, ORGANISM Genus species Unclassified.,
DOMAINS
2	Query_57	Specific	333876	20	326	3.51158e-121	350.619	pfam00146	NADHdh	-	351105
ENDDOMAINS
ENDQUERY
QUERY	Query_58	Peptide	198	orf198_Fomfom1_feature_238_from_C_0, ORGANISM Genus species Unclassified.,
DOMAINS
2	Query_58	Specific	335245	1	180	3.05963e-38	129.203	pfam03161	LAGLIDADG_2	-	45
ENDDOMAINS
ENDQUERY
QUERY	Query_59	Peptide	422	orf422_Fomfom1_feature_242_from_C_0, ORGANISM Genus species Unclassified.,
DOMAINS
2	Query_59	Specific	334330	137	237	7.16098e-22	89.603	pfam00961	LAGLIDADG_1	-	45
2	Query_59	Specific	334330	295	393	5.94179e-21	86.9066	pfam00961	LAGLIDADG_1	-	45
ENDDOMAINS
ENDQUERY
QUERY	Query_60	Peptide	73	atp9_Fomfom1_feature_249_from_C_0, ORGANISM Genus species Unclassified.,
DOMAINS
2	Query_60	Specific	349422	6	70	5.00274e-14	59.8307	cd18182	ATP-synt_Fo_c_ATP5G3	-	365782
ENDDOMAINS
SITES
ENDSITES
ENDQUERY
ENDSESSION	2
ENDDATA
