#Post-RPSBLAST Processing Utility

#Input data file:	Geatri1_MitoAssemblyScaffolds.fasta.new.sqn.gbf_converted.faa.asn
#Output data file:	Geatri1_MitoAssemblyScaffolds.fasta.new.sqn.gbf_converted.faa.asn.out
#Annotation data at:	/opt/rpsbproc/data
#E-Value cutoff:	0.01
#Redundancy:	Concise
#Data requested:	Domain hits and site annotations
#Output format -- tab-delimited table
#Show superfamilies: NO
#DATA
#SESSION	<session-ordinal>	<program>	<database>	<score-matrix>	<evalue-threshold>
#QUERY	<query-id>	<seq-type>	<seq-length>	<definition-line>
#DOMAINS
#<session-ordinal>	<query-id[readingframe]>	<hit-type>	<PSSM-ID>	<from>	<to>	<E-Value>	<bitscore>	<accession>	<short-name>	<incomplete>	<superfamily PSSM-ID>
#more such lines......
#ENDDOMAINS
#SITES
#<session-ordinal>	<query-id[readingframe]>	<annot-type>	<title>	<residue(coordinates)>	<complete-size>	<mapped-size>	<source-domain>
#more such lines......
#ENDSITES
#MOTIFS
#<session-ordinal>	<query-id[readingframe]>	<title>	<from>	<to>	<source-domain>
#more such lines......
#ENDMOTIFS
#ENDQUERY	<query-id>
#more query sections..
#ENDSESSION	<session-ordinal>
#more session sections..
#ENDDATA
#=====================================================================
DATA
SESSION	1	blastp	2.10.0+	/opt/rpsbproc/db/Cdd	BLOSUM62	0.01
QUERY	Query_2	Peptide	186	orf186_Geatri1_feature_6_from_C_0, ORGANISM Genus species Unclassified.,
DOMAINS
1	Query_2	Specific	335245	9	146	2.61439e-39	131.514	pfam03161	LAGLIDADG_2	-	45
ENDDOMAINS
ENDQUERY
QUERY	Query_4	Peptide	191	orf191_Geatri1_feature_10_from_C_0, ORGANISM Genus species Unclassified.,
DOMAINS
1	Query_4	Specific	334330	77	166	6.25111e-10	53.7795	pfam00961	LAGLIDADG_1	-	45
ENDDOMAINS
ENDQUERY
QUERY	Query_5	Peptide	146	orf147_Geatri1_feature_12_from_C_0, ORGANISM Genus species Unclassified.,
DOMAINS
1	Query_5	Specific	334330	39	135	3.65842e-11	56.0907	pfam00961	LAGLIDADG_1	-	45
ENDDOMAINS
ENDQUERY
QUERY	Query_6	Peptide	390	orf391_Geatri1_feature_14_from_C_0, ORGANISM Genus species Unclassified.,
DOMAINS
1	Query_6	Non-specific	275209	31	246	1.33795e-64	209.621	TIGR04416	group_II_RT_mat	N	45
1	Query_6	Specific	238038	327	384	8.76155e-10	54.0147	cd00085	HNHc	-	350893
ENDDOMAINS
SITES
1	Query_6	Specific	active site	E354,H356,H357,I358,P360,N371,I372,H376,Q377,H380,T384	11	11	238038
ENDSITES
ENDQUERY
QUERY	Query_7	Peptide	224	orf224_Geatri1_feature_16_from_C_0, ORGANISM Genus species Unclassified.,
DOMAINS
1	Query_7	Non-specific	275209	58	201	1.46794e-41	144.137	TIGR04416	group_II_RT_mat	C	45
1	Query_7	Specific	338877	12	93	5.65549e-28	100.992	pfam13655	RVT_N	-	45
ENDDOMAINS
ENDQUERY
QUERY	Query_8	Peptide	725	nad5_Geatri1_feature_20_from_C_0, ORGANISM Genus species Unclassified.,
DOMAINS
1	Query_8	Non-specific	235836	1	639	0	631.038	PRK06590	PRK06590	-	45
ENDDOMAINS
ENDQUERY
QUERY	Query_11	Peptide	88	nad4L_Geatri1_feature_31_from_C_0, ORGANISM Genus species Unclassified.,
DOMAINS
1	Query_11	Superfamily	351118	7	88	9.90824e-11	52.727	cl00492	Oxidored_q2	-	-
ENDDOMAINS
ENDQUERY
QUERY	Query_12	Peptide	50	atp8_Geatri1_feature_33_from_C_0, ORGANISM Genus species Unclassified.,
DOMAINS
1	Query_12	Non-specific	283561	1	48	2.3391e-05	36.6154	pfam05933	Fun_ATP-synt_8	-	45
ENDDOMAINS
ENDQUERY
QUERY	Query_13	Peptide	41	cox3_Geatri1_feature_35_from_C_0, ORGANISM Genus species Unclassified.,
DOMAINS
1	Query_13	Superfamily	294143	1	38	1.66567e-15	66.0001	cl00211	Heme_Cu_Oxidase_III_like	N	-
ENDDOMAINS
SITES
ENDSITES
ENDQUERY
ENDSESSION	1
ENDDATA
