#Post-RPSBLAST Processing Utility

#Input data file:	Gonbut1_MitoAssemblyScaffolds.fasta.new.sqn.gbf_converted.faa.asn
#Output data file:	Gonbut1_MitoAssemblyScaffolds.fasta.new.sqn.gbf_converted.faa.asn.out
#Annotation data at:	/opt/rpsbproc/data
#E-Value cutoff:	0.01
#Redundancy:	Concise
#Data requested:	Domain hits and site annotations
#Output format -- tab-delimited table
#Show superfamilies: NO
#DATA
#SESSION	<session-ordinal>	<program>	<database>	<score-matrix>	<evalue-threshold>
#QUERY	<query-id>	<seq-type>	<seq-length>	<definition-line>
#DOMAINS
#<session-ordinal>	<query-id[readingframe]>	<hit-type>	<PSSM-ID>	<from>	<to>	<E-Value>	<bitscore>	<accession>	<short-name>	<incomplete>	<superfamily PSSM-ID>
#more such lines......
#ENDDOMAINS
#SITES
#<session-ordinal>	<query-id[readingframe]>	<annot-type>	<title>	<residue(coordinates)>	<complete-size>	<mapped-size>	<source-domain>
#more such lines......
#ENDSITES
#MOTIFS
#<session-ordinal>	<query-id[readingframe]>	<title>	<from>	<to>	<source-domain>
#more such lines......
#ENDMOTIFS
#ENDQUERY	<query-id>
#more query sections..
#ENDSESSION	<session-ordinal>
#more session sections..
#ENDDATA
#=====================================================================
DATA
SESSION	1	blastp	2.10.0+	/opt/rpsbproc/db/Cdd	BLOSUM62	0.01
QUERY	Query_1	Peptide	49	atp8_Gonbut1_feature_8_from_C_0, ORGANISM Genus species Unclassified.,
DOMAINS
1	Query_1	Non-specific	283561	1	47	1.16371e-05	37.0006	pfam05933	Fun_ATP-synt_8	-	45
ENDDOMAINS
ENDQUERY
QUERY	Query_2	Peptide	475	nad4_Gonbut1_feature_10_from_C_0, ORGANISM Genus species Unclassified.,
DOMAINS
1	Query_2	Non-specific	214462	1	464	4.60407e-180	512.675	MTH00217	ND4	-	45
ENDDOMAINS
ENDQUERY
QUERY	Query_3	Peptide	88	nad4L_Gonbut1_feature_12_from_C_0, ORGANISM Genus species Unclassified.,
DOMAINS
1	Query_3	Superfamily	351118	5	88	1.39068e-17	70.4461	cl00492	Oxidored_q2	-	-
ENDDOMAINS
ENDQUERY
QUERY	Query_4	Peptide	658	nad5_Gonbut1_feature_14_from_C_0, ORGANISM Genus species Unclassified.,
DOMAINS
1	Query_4	Non-specific	177253	1	630	0	704.46	MTH00210	ND5	-	45
ENDDOMAINS
ENDQUERY
QUERY	Query_5	Peptide	270	cox3_Gonbut1_feature_20_from_C_0, ORGANISM Genus species Unclassified.,
DOMAINS
1	Query_5	Specific	278911	13	269	2.97394e-134	379.447	pfam00510	COX3	-	294143
ENDDOMAINS
SITES
1	Query_5	Specific	Subunit I/III interface	A83,K86,G87,S98,F101,S105,I106,H112,S200,V201,S204,M208	12	12	238834
1	Query_5	Specific	Subunit III/Vb interface	G167	1	1	238834
1	Query_5	Specific	Subunit III/VIa interface	W136,E137,V138,Y155,V181,Y191,N192,A193,S198,D199,S200	11	11	238834
1	Query_5	Specific	Subunit III/VIb interface	A128	1	1	238834
1	Query_5	Specific	Subunit III/VIIa interface	L65,K68,D69,R72,T75,F76,Q77	7	7	238834
1	Query_5	Specific	Phospholipid binding site	W66,F67,I70,S71,G74,H80,G91,F92,F95,F223,R230,L242,G243	13	13	238834
ENDSITES
ENDQUERY
QUERY	Query_6	Peptide	259	atp6_Gonbut1_feature_22_from_C_0, ORGANISM Genus species Unclassified.,
DOMAINS
1	Query_6	Specific	273458	13	256	1.009e-57	183.176	TIGR01131	ATP_synt_6_or_A	-	351082
ENDDOMAINS
ENDQUERY
QUERY	Query_7	Peptide	255	cox2_Gonbut1_feature_24_from_C_0, ORGANISM Genus species Unclassified.,
DOMAINS
1	Query_7	Non-specific	214402	17	251	1.12972e-122	348.664	MTH00023	COX2	-	45
ENDDOMAINS
ENDQUERY
QUERY	Query_8	Peptide	528	cox1_Gonbut1_feature_26_from_C_0, ORGANISM Genus species Unclassified.,
DOMAINS
1	Query_8	Specific	238833	8	512	0	887.213	cd01663	Cyt_c_Oxidase_I	-	350997
ENDDOMAINS
SITES
1	Query_8	Specific	Binuclear center (heme a3/CuB)	H240,H289,H290,H375	4	4	238833
1	Query_8	Specific	Low-spin heme (heme a) binding site	H61,H377,S381,T423,S460	5	5	238833
1	Query_8	Specific	D-pathway	Y17,N80,D91,N98,S101,S156,S157,N163,T167	9	9	238833
1	Query_8	Specific	K-pathway	H240,Y244,S255,H289,H290,T315,K318	7	7	238833
1	Query_8	Specific	Electron transfer pathway	F376,R437,R438	3	3	238833
1	Query_8	Specific	Putative proton exit pathway	H290,H367,D368,R437,R438	5	5	238833
1	Query_8	Specific	Putative water exit pathway	D227,Q232,H233,D363,H367,D368,R437	7	7	238833
1	Query_8	Specific	Subunit I/II interface	N55,D227,K264,F267,G268,T293,V294,G295,V298,R301,M309,I317,F320,Y327,G328,G329,L341,N359,A360,M362,V364,A365,L366,H367,D368,L432,A433,R437,R438,I439,G448,W449	32	32	238833
1	Query_8	Specific	Subunit I/III interface	T8,P90,F94,R96,W103,D144,F148,T166,N170,I190,L197,P200,M208,T217,S218,F219,G224,G225,D227,F237,Y274,L277,G280,V281,I285	25	25	238833
1	Query_8	Specific	Subunit I/IV interface	L37,A40,G41,L407,Q410,I411,D444,V462	8	8	238833
1	Query_8	Specific	Subunit I/Vb interface	P265,Y269,S511	3	3	238833
1	Query_8	Specific	Subunit I/VIa interface	V135,R213,N214,F215,N216	5	5	238833
1	Query_8	Specific	Subunit I/VIb interface	G295	1	1	238833
1	Query_8	Specific	Subunit I/VIc interface	G328	1	1	238833
1	Query_8	Specific	Subunit I/VIIa interface	A114,F117	2	2	238833
1	Query_8	Specific	Subunit I/VIIb interface	D444,G448	2	2	238833
1	Query_8	Specific	Subunit I/VIIc interface	F23,I27,A30,L34,A116,F117,I399,Y472,L475	9	9	238833
1	Query_8	Specific	Subunit I/VIIIb interface	L408,L465	2	2	238833
1	Query_8	Specific	Dimer interface	I190,L197,F237,Y274,L277,G280,V281,I285	8	8	238833
ENDSITES
ENDQUERY
QUERY	Query_9	Peptide	489	nad2_Gonbut1_feature_28_from_C_0, ORGANISM Genus species Unclassified.,
DOMAINS
1	Query_9	Specific	235603	101	483	3.18843e-89	280.554	PRK05777	PRK05777	N	356474
ENDDOMAINS
ENDQUERY
QUERY	Query_10	Peptide	124	nad3_Gonbut1_feature_30_from_C_0, ORGANISM Genus species Unclassified.,
DOMAINS
1	Query_10	Specific	334119	28	112	1.97392e-38	124.45	pfam00507	Oxidored_q4	-	351141
ENDDOMAINS
ENDQUERY
QUERY	Query_11	Peptide	386	cob_Gonbut1_feature_32_from_C_0, ORGANISM Genus species Unclassified.,
DOMAINS
1	Query_11	Non-specific	214425	3	380	0	518.302	MTH00119	CYTB	-	45
ENDDOMAINS
ENDQUERY
QUERY	Query_12	Peptide	74	atp9_Gonbut1_feature_67_from_C_0, ORGANISM Genus species Unclassified.,
DOMAINS
1	Query_12	Specific	349422	6	70	1.0745e-14	61.3715	cd18182	ATP-synt_Fo_c_ATP5G3	-	365782
ENDDOMAINS
SITES
ENDSITES
ENDQUERY
QUERY	Query_13	Peptide	197	nad6_Gonbut1_feature_79_from_C_0, ORGANISM Genus species Unclassified.,
DOMAINS
1	Query_13	Superfamily	354830	8	188	8.00345e-28	103.157	cl21484	Oxidored_q3	-	-
ENDDOMAINS
ENDQUERY
QUERY	Query_14	Peptide	325	nad1_Gonbut1_feature_81_from_C_0, ORGANISM Genus species Unclassified.,
DOMAINS
1	Query_14	Specific	333876	7	315	4.73834e-125	360.249	pfam00146	NADHdh	-	351105
ENDDOMAINS
ENDQUERY
ENDSESSION	1
ENDDATA
