#Post-RPSBLAST Processing Utility

#Input data file:	Gorhay1_MitoAssemblyScaffolds.fasta.new.sqn.gbf_converted.faa.asn
#Output data file:	Gorhay1_MitoAssemblyScaffolds.fasta.new.sqn.gbf_converted.faa.asn.out
#Annotation data at:	/opt/rpsbproc/data
#E-Value cutoff:	0.01
#Redundancy:	Concise
#Data requested:	Domain hits and site annotations
#Output format -- tab-delimited table
#Show superfamilies: NO
#DATA
#SESSION	<session-ordinal>	<program>	<database>	<score-matrix>	<evalue-threshold>
#QUERY	<query-id>	<seq-type>	<seq-length>	<definition-line>
#DOMAINS
#<session-ordinal>	<query-id[readingframe]>	<hit-type>	<PSSM-ID>	<from>	<to>	<E-Value>	<bitscore>	<accession>	<short-name>	<incomplete>	<superfamily PSSM-ID>
#more such lines......
#ENDDOMAINS
#SITES
#<session-ordinal>	<query-id[readingframe]>	<annot-type>	<title>	<residue(coordinates)>	<complete-size>	<mapped-size>	<source-domain>
#more such lines......
#ENDSITES
#MOTIFS
#<session-ordinal>	<query-id[readingframe]>	<title>	<from>	<to>	<source-domain>
#more such lines......
#ENDMOTIFS
#ENDQUERY	<query-id>
#more query sections..
#ENDSESSION	<session-ordinal>
#more session sections..
#ENDDATA
#=====================================================================
DATA
SESSION	1	blastp	2.10.0+	/opt/rpsbproc/db/Cdd	BLOSUM62	0.01
QUERY	Query_1	Peptide	358	cob_Gorhay1_feature_2_from_C_0, ORGANISM Genus species Unclassified.,
DOMAINS
1	Query_1	Specific	214440	1	344	1.83309e-165	465.796	MTH00156	CYTB	-	45
ENDDOMAINS
ENDQUERY
QUERY	Query_3	Peptide	267	nad1_Gorhay1_feature_10_from_C_0, ORGANISM Genus species Unclassified.,
DOMAINS
1	Query_3	Specific	333876	1	263	6.53556e-81	245.46	pfam00146	NADHdh	-	351105
ENDDOMAINS
ENDQUERY
QUERY	Query_4	Peptide	102	atp6_Gorhay1_feature_12_from_C_0, ORGANISM Genus species Unclassified.,
DOMAINS
1	Query_4	Superfamily	351082	1	102	6.06054e-14	64.6427	cl00413	ATP-synt_A	NC	-
ENDDOMAINS
ENDQUERY
QUERY	Query_6	Peptide	387	nad4_Gorhay1_feature_16_from_C_0, ORGANISM Genus species Unclassified.,
DOMAINS
1	Query_6	Specific	235622	11	385	2.86332e-112	336.789	PRK05846	PRK05846	-	45
ENDDOMAINS
ENDQUERY
QUERY	Query_7	Peptide	217	cox2_Gorhay1_feature_18_from_C_0, ORGANISM Genus species Unclassified.,
DOMAINS
1	Query_7	Non-specific	214402	4	217	1.44225e-92	270.853	MTH00023	COX2	-	45
ENDDOMAINS
ENDQUERY
QUERY	Query_8	Peptide	36	nad3_Gorhay1_feature_20_from_C_0, ORGANISM Genus species Unclassified.,
DOMAINS
1	Query_8	Superfamily	351141	2	36	6.46132e-11	51.4033	cl00535	Oxidored_q4	NC	-
ENDDOMAINS
ENDQUERY
QUERY	Query_9	Peptide	651	nad5_Gorhay1_feature_25_from_C_0, ORGANISM Genus species Unclassified.,
DOMAINS
1	Query_9	Non-specific	177253	1	617	6.1287e-146	437.132	MTH00210	ND5	-	45
ENDDOMAINS
ENDQUERY
QUERY	Query_10	Peptide	152	cox3_Gorhay1_feature_31_from_C_0, ORGANISM Genus species Unclassified.,
DOMAINS
1	Query_10	Specific	238834	1	152	4.66847e-63	193.116	cd01665	Cyt_c_Oxidase_III	N	294143
ENDDOMAINS
SITES
1	Query_10	Specific	Subunit III/Vb interface	Q67	1	1	238834
1	Query_10	Specific	Subunit III/VIa interface	W36,A37,L38,W55,A81,F91,F92,A93,A98,D99,S100	11	11	238834
1	Query_10	Specific	Subunit III/VIb interface	V28	1	1	238834
ENDSITES
ENDQUERY
QUERY	Query_11	Peptide	148	nad2_Gorhay1_feature_33_from_C_0, ORGANISM Genus species Unclassified.,
DOMAINS
1	Query_11	Superfamily	356474	31	148	5.49386e-23	92.9617	cl29598	Proton_antipo_M	N	-
ENDDOMAINS
ENDQUERY
ENDSESSION	1
ENDDATA
