#Post-RPSBLAST Processing Utility

#Input data file:	Hexnit1_MitoAssemblyScaffolds.fasta.new.sqn.gbf_converted.faa.asn
#Output data file:	Hexnit1_MitoAssemblyScaffolds.fasta.new.sqn.gbf_converted.faa.asn.out
#Annotation data at:	/opt/rpsbproc/data
#E-Value cutoff:	0.01
#Redundancy:	Concise
#Data requested:	Domain hits and site annotations
#Output format -- tab-delimited table
#Show superfamilies: NO
#DATA
#SESSION	<session-ordinal>	<program>	<database>	<score-matrix>	<evalue-threshold>
#QUERY	<query-id>	<seq-type>	<seq-length>	<definition-line>
#DOMAINS
#<session-ordinal>	<query-id[readingframe]>	<hit-type>	<PSSM-ID>	<from>	<to>	<E-Value>	<bitscore>	<accession>	<short-name>	<incomplete>	<superfamily PSSM-ID>
#more such lines......
#ENDDOMAINS
#SITES
#<session-ordinal>	<query-id[readingframe]>	<annot-type>	<title>	<residue(coordinates)>	<complete-size>	<mapped-size>	<source-domain>
#more such lines......
#ENDSITES
#MOTIFS
#<session-ordinal>	<query-id[readingframe]>	<title>	<from>	<to>	<source-domain>
#more such lines......
#ENDMOTIFS
#ENDQUERY	<query-id>
#more query sections..
#ENDSESSION	<session-ordinal>
#more session sections..
#ENDDATA
#=====================================================================
DATA
SESSION	1	blastp	2.10.0+	/opt/rpsbproc/db/Cdd	BLOSUM62	0.01
QUERY	Query_1	Peptide	151	orf152_Hexnit1_feature_2_from_C_0, ORGANISM Genus species Unclassified.,
DOMAINS
1	Query_1	Specific	335245	1	133	5.11387e-24	91.0683	pfam03161	LAGLIDADG_2	N	45
ENDDOMAINS
ENDQUERY
QUERY	Query_2	Peptide	171	orf171_Hexnit1_feature_6_from_C_0, ORGANISM Genus species Unclassified.,
DOMAINS
1	Query_2	Superfamily	355698	56	150	3.61692e-05	42.7204	cl28058	DNA_pol_B_2	C	-
ENDDOMAINS
ENDQUERY
QUERY	Query_3	Peptide	446	orf446_Hexnit1_feature_8_from_C_0, ORGANISM Genus species Unclassified.,
DOMAINS
1	Query_3	Superfamily	355698	10	308	2.19723e-47	168.681	cl28058	DNA_pol_B_2	N	-
1	Query_3	Superfamily	353046	290	371	8.06329e-05	44.6221	cl10023	POLBc	NC	-
ENDDOMAINS
SITES
1	Query_3	Generic	active site	D318	8	1	99912
1	Query_3	Generic	metal-binding site 	D316,D318,S319	3	3	99912
ENDSITES
ENDQUERY
QUERY	Query_9	Peptide	251	cox2_Hexnit1_feature_30_from_C_0, ORGANISM Genus species Unclassified.,
DOMAINS
1	Query_9	Non-specific	214402	7	248	6.57308e-113	323.626	MTH00023	COX2	-	45
ENDDOMAINS
ENDQUERY
QUERY	Query_10	Peptide	269	cox3_Hexnit1_feature_38_from_C_0, ORGANISM Genus species Unclassified.,
DOMAINS
1	Query_10	Specific	238834	25	266	1.41321e-116	333.714	cd01665	Cyt_c_Oxidase_III	-	294143
ENDDOMAINS
SITES
1	Query_10	Specific	Subunit I/III interface	Q81,K84,G85,S96,F99,S103,V104,H110,S198,V199,T202,A206	12	12	238834
1	Query_10	Specific	Subunit III/Vb interface	K165	1	1	238834
1	Query_10	Specific	Subunit III/VIa interface	F134,G135,I136,Y153,I179,F189,N190,A191,T196,D197,S198	11	11	238834
1	Query_10	Specific	Subunit III/VIb interface	Q126	1	1	238834
1	Query_10	Specific	Subunit III/VIIa interface	L63,R66,D67,L70,T73,Y74,L75	7	7	238834
1	Query_10	Specific	Phospholipid binding site	W64,F65,I68,I69,A72,H78,G89,V90,F93,F221,R228,I240,G241	13	13	238834
ENDSITES
ENDQUERY
QUERY	Query_12	Peptide	88	nad4L_Hexnit1_feature_45_from_C_0, ORGANISM Genus species Unclassified.,
DOMAINS
1	Query_12	Superfamily	351118	7	88	5.0905e-15	63.8977	cl00492	Oxidored_q2	-	-
ENDDOMAINS
ENDQUERY
QUERY	Query_13	Peptide	659	nad5_Hexnit1_feature_47_from_C_0, ORGANISM Genus species Unclassified.,
DOMAINS
1	Query_13	Non-specific	177253	1	614	0	634.354	MTH00210	ND5	-	45
ENDDOMAINS
ENDQUERY
QUERY	Query_14	Peptide	162	orf162_Hexnit1_feature_51_from_C_0, ORGANISM Genus species Unclassified.,
DOMAINS
1	Query_14	Specific	334330	119	155	5.60066e-06	42.6087	pfam00961	LAGLIDADG_1	C	45
ENDDOMAINS
ENDQUERY
QUERY	Query_15	Peptide	252	orf252_Hexnit1_feature_55_from_C_0, ORGANISM Genus species Unclassified.,
DOMAINS
1	Query_15	Specific	335245	56	233	8.07484e-49	158.478	pfam03161	LAGLIDADG_2	-	45
ENDDOMAINS
ENDQUERY
QUERY	Query_17	Peptide	513	nad2_Hexnit1_feature_66_from_C_0, ORGANISM Genus species Unclassified.,
DOMAINS
1	Query_17	Specific	235603	110	501	5.82722e-83	265.146	PRK05777	PRK05777	N	356474
ENDDOMAINS
ENDQUERY
QUERY	Query_18	Peptide	121	nad3_Hexnit1_feature_68_from_C_0, ORGANISM Genus species Unclassified.,
DOMAINS
1	Query_18	Specific	334119	26	112	2.19883e-26	93.6338	pfam00507	Oxidored_q4	-	351141
ENDDOMAINS
ENDQUERY
QUERY	Query_20	Peptide	113	orf113_Hexnit1_feature_92_from_C_0, ORGANISM Genus species Unclassified.,
DOMAINS
1	Query_20	Superfamily	355698	1	110	6.63776e-18	77.3883	cl28058	DNA_pol_B_2	C	-
ENDDOMAINS
ENDQUERY
QUERY	Query_21	Peptide	73	atp9_Hexnit1_feature_94_from_C_0, ORGANISM Genus species Unclassified.,
DOMAINS
1	Query_21	Specific	349422	6	70	5.00274e-14	59.8307	cd18182	ATP-synt_Fo_c_ATP5G3	-	365782
ENDDOMAINS
SITES
ENDSITES
ENDQUERY
QUERY	Query_22	Peptide	338	nad1_Hexnit1_feature_100_from_C_0, ORGANISM Genus species Unclassified.,
DOMAINS
1	Query_22	Specific	333876	32	326	1.36063e-118	344.071	pfam00146	NADHdh	-	351105
ENDDOMAINS
ENDQUERY
QUERY	Query_23	Peptide	194	orf194_Hexnit1_feature_104_from_C_0, ORGANISM Genus species Unclassified.,
DOMAINS
1	Query_23	Non-specific	273636	107	190	9.26987e-13	63.9441	TIGR01453	grpIintron_endo	C	45
ENDDOMAINS
ENDQUERY
QUERY	Query_24	Peptide	340	cob_Hexnit1_feature_109_from_C_0, ORGANISM Genus species Unclassified.,
DOMAINS
1	Query_24	Specific	214440	1	315	1.90164e-158	447.306	MTH00156	CYTB	-	45
ENDDOMAINS
ENDQUERY
QUERY	Query_25	Peptide	442	orf442_Hexnit1_feature_115_from_C_0, ORGANISM Genus species Unclassified.,
DOMAINS
1	Query_25	Specific	334330	62	155	1.98172e-18	79.973	pfam00961	LAGLIDADG_1	-	45
1	Query_25	Specific	339260	204	280	0.00381421	35.9864	pfam14528	LAGLIDADG_3	-	352872
1	Query_25	Specific	197761	386	438	0.00905832	34.0806	smart00497	IENR1	-	299755
ENDDOMAINS
ENDQUERY
QUERY	Query_26	Peptide	114	orf114_Hexnit1_feature_119_from_C_0, ORGANISM Genus species Unclassified.,
DOMAINS
1	Query_26	Specific	335245	16	99	5.90725e-05	39.8367	pfam03161	LAGLIDADG_2	C	45
ENDDOMAINS
ENDQUERY
QUERY	Query_27	Peptide	355	orf355_Hexnit1_feature_123_from_C_0, ORGANISM Genus species Unclassified.,
DOMAINS
1	Query_27	Non-specific	273636	139	340	5.01719e-27	105.931	TIGR01453	grpIintron_endo	-	45
ENDDOMAINS
ENDQUERY
QUERY	Query_28	Peptide	238	orf238_Hexnit1_feature_127_from_C_0, ORGANISM Genus species Unclassified.,
DOMAINS
1	Query_28	Specific	335245	48	221	3.25105e-64	196.998	pfam03161	LAGLIDADG_2	-	45
ENDDOMAINS
ENDQUERY
QUERY	Query_29	Peptide	299	orf299_Hexnit1_feature_131_from_C_0, ORGANISM Genus species Unclassified.,
DOMAINS
1	Query_29	Specific	334330	52	134	1.89154e-05	42.6087	pfam00961	LAGLIDADG_1	-	45
ENDDOMAINS
ENDQUERY
QUERY	Query_30	Peptide	118	orf118_Hexnit1_feature_135_from_C_0, ORGANISM Genus species Unclassified.,
DOMAINS
1	Query_30	Specific	335245	2	84	5.84656e-23	87.2163	pfam03161	LAGLIDADG_2	N	45
ENDDOMAINS
ENDQUERY
QUERY	Query_33	Peptide	108	orf107_Hexnit1_feature_144_from_C_0, ORGANISM Genus species Unclassified.,
DOMAINS
1	Query_33	Superfamily	355698	15	106	5.21589e-09	51.58	cl28058	DNA_pol_B_2	N	-
ENDDOMAINS
ENDQUERY
QUERY	Query_34	Peptide	204	orf204_Hexnit1_feature_146_from_C_0, ORGANISM Genus species Unclassified.,
DOMAINS
1	Query_34	Specific	223910	47	109	0.00132075	38.8184	COG0840	Tar	NC	357649
ENDDOMAINS
ENDQUERY
QUERY	Query_35	Peptide	257	atp6_Hexnit1_feature_148_from_C_0, ORGANISM Genus species Unclassified.,
DOMAINS
1	Query_35	Superfamily	351082	15	257	6.20653e-46	153.624	cl00413	ATP-synt_A	-	-
ENDDOMAINS
ENDQUERY
QUERY	Query_36	Peptide	265	nad6_Hexnit1_feature_150_from_C_0, ORGANISM Genus species Unclassified.,
DOMAINS
1	Query_36	Superfamily	354830	8	61	2.56121e-12	63.7018	cl21484	Oxidored_q3	C	-
ENDDOMAINS
ENDQUERY
QUERY	Query_37	Peptide	170	orf170_Hexnit1_feature_152_from_C_0, ORGANISM Genus species Unclassified.,
DOMAINS
1	Query_37	Specific	334330	6	98	5.76334e-09	50.6979	pfam00961	LAGLIDADG_1	-	45
ENDDOMAINS
ENDQUERY
QUERY	Query_39	Peptide	52	atp8_Hexnit1_feature_156_from_C_0, ORGANISM Genus species Unclassified.,
DOMAINS
1	Query_39	Non-specific	283561	1	48	1.72637e-05	37.0006	pfam05933	Fun_ATP-synt_8	-	45
ENDDOMAINS
ENDQUERY
QUERY	Query_41	Peptide	136	orf136_Hexnit1_feature_160_from_C_0, ORGANISM Genus species Unclassified.,
DOMAINS
1	Query_41	Superfamily	355698	63	134	6.91771e-05	40.9144	cl28058	DNA_pol_B_2	N	-
ENDDOMAINS
ENDQUERY
QUERY	Query_42	Peptide	83	orf82_Hexnit1_feature_162_from_C_0, ORGANISM Genus species Unclassified.,
DOMAINS
1	Query_42	Superfamily	355698	8	83	8.6915e-14	64.2916	cl28058	DNA_pol_B_2	N	-
ENDDOMAINS
ENDQUERY
QUERY	Query_43	Peptide	428	orf428_Hexnit1_feature_164_from_C_0, ORGANISM Genus species Unclassified.,
DOMAINS
1	Query_43	Superfamily	355698	195	397	5.14354e-35	134.783	cl28058	DNA_pol_B_2	C	-
ENDDOMAINS
ENDQUERY
ENDSESSION	1
SESSION	2	blastp	2.10.0+	/opt/rpsbproc/db/Cdd	BLOSUM62	0.01
QUERY	Query_47	Peptide	528	cox1_Hexnit1_feature_172_from_C_0, ORGANISM Genus species Unclassified.,
DOMAINS
2	Query_47	Specific	238833	8	512	0	852.16	cd01663	Cyt_c_Oxidase_I	-	350997
ENDDOMAINS
SITES
2	Query_47	Specific	Binuclear center (heme a3/CuB)	H240,H289,H290,H375	4	4	238833
2	Query_47	Specific	Low-spin heme (heme a) binding site	H61,H377,S381,T423,S460	5	5	238833
2	Query_47	Specific	D-pathway	Y17,N80,D91,N98,S101,S156,S157,N163,T167	9	9	238833
2	Query_47	Specific	K-pathway	H240,Y244,S255,H289,H290,T315,K318	7	7	238833
2	Query_47	Specific	Electron transfer pathway	F376,R437,R438	3	3	238833
2	Query_47	Specific	Putative proton exit pathway	H290,H367,D368,R437,R438	5	5	238833
2	Query_47	Specific	Putative water exit pathway	D227,Q232,H233,D363,H367,D368,R437	7	7	238833
2	Query_47	Specific	Subunit I/II interface	N55,D227,K264,F267,G268,A293,V294,G295,V298,R301,M309,I317,F320,Y327,G328,G329,L341,N359,A360,M362,I364,A365,L366,H367,D368,L432,A433,R437,R438,I439,G448,W449	32	32	238833
2	Query_47	Specific	Subunit I/III interface	T8,P90,F94,R96,W103,D144,F148,T166,N170,V190,L197,P200,M208,T217,S218,F219,G224,G225,D227,F237,Y274,F277,G280,I281,L285	25	25	238833
2	Query_47	Specific	Subunit I/IV interface	L37,S40,A41,L407,K410,I411,D444,V462	8	8	238833
2	Query_47	Specific	Subunit I/Vb interface	P265,Y269,A511	3	3	238833
2	Query_47	Specific	Subunit I/VIa interface	I135,R213,N214,F215,N216	5	5	238833
2	Query_47	Specific	Subunit I/VIb interface	G295	1	1	238833
2	Query_47	Specific	Subunit I/VIc interface	G328	1	1	238833
2	Query_47	Specific	Subunit I/VIIa interface	L114,L117	2	2	238833
2	Query_47	Specific	Subunit I/VIIb interface	D444,G448	2	2	238833
2	Query_47	Specific	Subunit I/VIIc interface	F23,I27,A30,L34,S116,L117,I399,Y472,F475	9	9	238833
2	Query_47	Specific	Subunit I/VIIIb interface	L408,V465	2	2	238833
2	Query_47	Specific	Dimer interface	V190,L197,F237,Y274,F277,G280,I281,L285	8	8	238833
ENDSITES
ENDQUERY
QUERY	Query_48	Peptide	350	orf350_Hexnit1_feature_176_from_C_0, ORGANISM Genus species Unclassified.,
DOMAINS
2	Query_48	Specific	198392	90	177	2.66177e-21	86.5108	cd10445	GIY-YIG_bI1_like	-	353929
ENDDOMAINS
SITES
2	Query_48	Specific	putative active site	Y92,Y103,G105,R113,Y117,E162,N174	7	7	198392
2	Query_48	Specific	putative metal binding site	E162	1	1	198392
2	Query_48	Specific	GIY-YIG motif/motif A	G90,L91,Y92,Y103,V104,G105	6	6	198392
ENDSITES
ENDQUERY
QUERY	Query_49	Peptide	382	orf382_Hexnit1_feature_180_from_C_0, ORGANISM Genus species Unclassified.,
DOMAINS
2	Query_49	Superfamily	353929	135	221	4.65882e-18	78.0364	cl15257	GIY-YIG_SF	-	-
2	Query_49	Specific	197761	231	284	0.000577919	37.1622	smart00497	IENR1	-	299755
ENDDOMAINS
SITES
2	Query_49	Generic	active site	Y138,Y149,G151,R159,Y163,E206	6	6	198380
2	Query_49	Generic	catalytic site	R159,E206	2	2	198380
2	Query_49	Generic	metal binding site	E206	1	1	198380
2	Query_49	Generic	GIY-YIG motif/motif A	G136,V137,Y138,Y149,V150,G151	6	6	198380
ENDSITES
ENDQUERY
QUERY	Query_50	Peptide	357	orf357_Hexnit1_feature_184_from_C_0, ORGANISM Genus species Unclassified.,
DOMAINS
2	Query_50	Specific	334330	198	303	3.55524e-14	67.6466	pfam00961	LAGLIDADG_1	-	45
2	Query_50	Specific	334330	76	173	3.64624e-13	64.565	pfam00961	LAGLIDADG_1	-	45
ENDDOMAINS
ENDQUERY
QUERY	Query_51	Peptide	316	orf316_Hexnit1_feature_188_from_C_0, ORGANISM Genus species Unclassified.,
DOMAINS
2	Query_51	Specific	334330	189	287	2.57459e-11	59.1723	pfam00961	LAGLIDADG_1	-	45
2	Query_51	Specific	334330	70	159	8.01044e-07	46.4607	pfam00961	LAGLIDADG_1	-	45
ENDDOMAINS
ENDQUERY
QUERY	Query_52	Peptide	321	orf321_Hexnit1_feature_192_from_C_0, ORGANISM Genus species Unclassified.,
DOMAINS
2	Query_52	Specific	334330	198	287	1.54922e-09	54.1647	pfam00961	LAGLIDADG_1	-	45
2	Query_52	Specific	334330	92	158	1.07346e-05	43.3791	pfam00961	LAGLIDADG_1	C	45
ENDDOMAINS
ENDQUERY
QUERY	Query_53	Peptide	337	orf337_Hexnit1_feature_196_from_C_0, ORGANISM Genus species Unclassified.,
DOMAINS
2	Query_53	Specific	334330	212	308	5.03076e-18	78.047	pfam00961	LAGLIDADG_1	-	45
2	Query_53	Specific	334330	103	183	6.6673e-07	46.8459	pfam00961	LAGLIDADG_1	-	45
ENDDOMAINS
ENDQUERY
QUERY	Query_54	Peptide	171	orf171_Hexnit1_feature_200_from_C_0, ORGANISM Genus species Unclassified.,
DOMAINS
2	Query_54	Specific	339260	46	82	2.17555e-05	40.6088	pfam14528	LAGLIDADG_3	C	352872
ENDDOMAINS
ENDQUERY
QUERY	Query_55	Peptide	338	orf338_Hexnit1_feature_204_from_C_0, ORGANISM Genus species Unclassified.,
DOMAINS
2	Query_55	Specific	334330	208	305	2.685e-17	76.121	pfam00961	LAGLIDADG_1	-	45
2	Query_55	Specific	334330	103	165	0.000270605	39.5271	pfam00961	LAGLIDADG_1	C	45
ENDDOMAINS
ENDQUERY
QUERY	Query_56	Peptide	259	orf259_Hexnit1_feature_208_from_C_0, ORGANISM Genus species Unclassified.,
DOMAINS
2	Query_56	Specific	335245	75	229	3.5991e-49	159.634	pfam03161	LAGLIDADG_2	-	45
ENDDOMAINS
ENDQUERY
QUERY	Query_57	Peptide	276	orf276_Hexnit1_feature_212_from_C_0, ORGANISM Genus species Unclassified.,
DOMAINS
2	Query_57	Specific	273636	3	180	4.44581e-41	140.984	TIGR01453	grpIintron_endo	-	45
2	Query_57	Specific	197761	213	264	0.00514566	34.0806	smart00497	IENR1	-	299755
ENDDOMAINS
ENDQUERY
QUERY	Query_58	Peptide	296	orf296_Hexnit1_feature_216_from_C_0, ORGANISM Genus species Unclassified.,
DOMAINS
2	Query_58	Non-specific	273636	85	281	8.56453e-35	125.191	TIGR01453	grpIintron_endo	-	45
ENDDOMAINS
ENDQUERY
QUERY	Query_59	Peptide	184	orf184_Hexnit1_feature_220_from_C_0, ORGANISM Genus species Unclassified.,
DOMAINS
2	Query_59	Specific	198392	57	141	1.52461e-23	88.822	cd10445	GIY-YIG_bI1_like	-	353929
ENDDOMAINS
SITES
2	Query_59	Specific	putative active site	Y58,F69,G71,R79,Y83,E130	7	6	198392
2	Query_59	Specific	putative metal binding site	E130	1	1	198392
2	Query_59	Specific	GIY-YIG motif/motif A	I57,Y58,F69,I70,G71	6	5	198392
ENDSITES
ENDQUERY
QUERY	Query_60	Peptide	483	nad4_Hexnit1_feature_223_from_C_0, ORGANISM Genus species Unclassified.,
DOMAINS
2	Query_60	Specific	235622	1	412	1.8961e-121	364.139	PRK05846	PRK05846	-	45
ENDDOMAINS
ENDQUERY
QUERY	Query_61	Peptide	248	orf248_Hexnit1_feature_227_from_C_0, ORGANISM Genus species Unclassified.,
DOMAINS
2	Query_61	Specific	335245	64	227	1.05696e-52	168.108	pfam03161	LAGLIDADG_2	-	45
ENDDOMAINS
ENDQUERY
QUERY	Query_63	Peptide	217	orf217_Hexnit1_feature_233_from_C_0, ORGANISM Genus species Unclassified.,
DOMAINS
2	Query_63	Specific	334330	88	182	3.3451e-19	78.8174	pfam00961	LAGLIDADG_1	-	45
ENDDOMAINS
ENDQUERY
ENDSESSION	2
ENDDATA
