#Post-RPSBLAST Processing Utility

#Input data file:	HyFL1857_1_MitoAssemblyScaffolds.fasta.new.sqn.gbf_converted.faa.asn
#Output data file:	HyFL1857_1_MitoAssemblyScaffolds.fasta.new.sqn.gbf_converted.faa.asn.out
#Annotation data at:	/opt/rpsbproc/data
#E-Value cutoff:	0.01
#Redundancy:	Concise
#Data requested:	Domain hits and site annotations
#Output format -- tab-delimited table
#Show superfamilies: NO
#DATA
#SESSION	<session-ordinal>	<program>	<database>	<score-matrix>	<evalue-threshold>
#QUERY	<query-id>	<seq-type>	<seq-length>	<definition-line>
#DOMAINS
#<session-ordinal>	<query-id[readingframe]>	<hit-type>	<PSSM-ID>	<from>	<to>	<E-Value>	<bitscore>	<accession>	<short-name>	<incomplete>	<superfamily PSSM-ID>
#more such lines......
#ENDDOMAINS
#SITES
#<session-ordinal>	<query-id[readingframe]>	<annot-type>	<title>	<residue(coordinates)>	<complete-size>	<mapped-size>	<source-domain>
#more such lines......
#ENDSITES
#MOTIFS
#<session-ordinal>	<query-id[readingframe]>	<title>	<from>	<to>	<source-domain>
#more such lines......
#ENDMOTIFS
#ENDQUERY	<query-id>
#more query sections..
#ENDSESSION	<session-ordinal>
#more session sections..
#ENDDATA
#=====================================================================
DATA
SESSION	1	blastp	2.10.0+	/opt/rpsbproc/db/Cdd	BLOSUM62	0.01
QUERY	Query_1	Peptide	693	cox1_HyFL1857_feature_2_from_C_0, ORGANISM Genus species Unclassified.,
DOMAINS
1	Query_1	Superfamily	350997	35	297	2.60248e-153	452.708	cl00275	Heme_Cu_Oxidase_I	C	-
1	Query_1	Specific	334330	465	554	1.20365e-06	47.2311	pfam00961	LAGLIDADG_1	-	45
1	Query_1	Specific	334330	571	650	0.000544913	39.5271	pfam00961	LAGLIDADG_1	-	45
ENDDOMAINS
SITES
1	Query_1	Generic	Binuclear center (active site)	H266	4	1	238461
1	Query_1	Generic	Low-spin heme binding site	S59,R63,Y80,H87,M91,I92,V96,W152	15	8	238461
1	Query_1	Generic	D-pathway	Y44,N106,D117,N124,S127,S182,S183,N189,T193	9	9	238461
1	Query_1	Generic	K-pathway	H266,Y270,S281	7	3	238461
1	Query_1	Generic	Putative water exit pathway	D253,Q258,H259	7	3	238461
ENDSITES
ENDQUERY
QUERY	Query_3	Peptide	310	orf310_HyFL1857_feature_8_from_C_0, ORGANISM Genus species Unclassified.,
DOMAINS
1	Query_3	Specific	334330	187	282	4.50834e-14	66.8762	pfam00961	LAGLIDADG_1	-	45
1	Query_3	Specific	334330	70	155	3.76586e-06	44.5347	pfam00961	LAGLIDADG_1	-	45
ENDDOMAINS
ENDQUERY
QUERY	Query_4	Peptide	439	orf439_HyFL1857_feature_12_from_C_0, ORGANISM Genus species Unclassified.,
DOMAINS
1	Query_4	Superfamily	353929	197	282	4.09282e-14	67.2508	cl15257	GIY-YIG_SF	-	-
1	Query_4	Non-specific	273636	197	432	1.19046e-09	57.7809	TIGR01453	grpIintron_endo	-	45
ENDDOMAINS
SITES
1	Query_4	Generic	active site	Y199,Y210,G212,R220,Y224,E267	6	6	198380
1	Query_4	Generic	catalytic site	R220,E267	2	2	198380
1	Query_4	Generic	metal binding site	E267	1	1	198380
1	Query_4	Generic	GIY-YIG motif/motif A	G197,V198,Y199,Y210,V211,G212	6	6	198380
ENDSITES
ENDQUERY
QUERY	Query_5	Peptide	437	orf437_HyFL1857_feature_16_from_C_0, ORGANISM Genus species Unclassified.,
DOMAINS
1	Query_5	Specific	334330	291	391	1.0285e-27	105.396	pfam00961	LAGLIDADG_1	-	45
1	Query_5	Specific	334330	133	233	9.20274e-25	97.6922	pfam00961	LAGLIDADG_1	-	45
ENDDOMAINS
ENDQUERY
QUERY	Query_6	Peptide	194	orf194_HyFL1857_feature_20_from_C_0, ORGANISM Genus species Unclassified.,
DOMAINS
1	Query_6	Specific	334330	43	153	6.18902e-20	79.973	pfam00961	LAGLIDADG_1	-	45
ENDDOMAINS
ENDQUERY
QUERY	Query_7	Peptide	279	orf279_1_HyFL1857_feature_22_from_C_0, ORGANISM Genus species Unclassified.,
DOMAINS
1	Query_7	Specific	334330	29	107	3.74562e-05	41.4531	pfam00961	LAGLIDADG_1	C	45
ENDDOMAINS
ENDQUERY
QUERY	Query_8	Peptide	112	orf112_2_HyFL1857_feature_26_from_C_0, ORGANISM Genus species Unclassified.,
DOMAINS
1	Query_8	Non-specific	311093	40	75	0.00411412	34.7883	pfam06936	Selenoprotein_S	NC	45
ENDDOMAINS
ENDQUERY
QUERY	Query_9	Peptide	261	cob_HyFL1857_feature_33_from_C_0, ORGANISM Genus species Unclassified.,
DOMAINS
1	Query_9	Non-specific	214440	1	216	3.63786e-91	273.196	MTH00156	CYTB	N	45
ENDDOMAINS
ENDQUERY
QUERY	Query_10	Peptide	228	orf228_HyFL1857_feature_37_from_C_0, ORGANISM Genus species Unclassified.,
DOMAINS
1	Query_10	Specific	335245	41	206	5.68511e-52	165.412	pfam03161	LAGLIDADG_2	-	45
ENDDOMAINS
ENDQUERY
QUERY	Query_11	Peptide	435	orf435_HyFL1857_feature_43_from_C_0, ORGANISM Genus species Unclassified.,
DOMAINS
1	Query_11	Specific	334330	110	214	2.96836e-25	98.8478	pfam00961	LAGLIDADG_1	-	45
1	Query_11	Specific	334330	273	360	3.74762e-11	59.1723	pfam00961	LAGLIDADG_1	-	45
ENDDOMAINS
ENDQUERY
QUERY	Query_12	Peptide	220	orf220_HyFL1857_feature_50_from_C_0, ORGANISM Genus species Unclassified.,
DOMAINS
1	Query_12	Specific	315878	32	198	7.48092e-27	100.112	pfam13302	Acetyltransf_3	-	356580
ENDDOMAINS
ENDQUERY
QUERY	Query_13	Peptide	124	orf124_HyFL1857_feature_52_from_C_0, ORGANISM Genus species Unclassified.,
DOMAINS
1	Query_13	Specific	315878	68	123	2.79178e-10	53.8878	pfam13302	Acetyltransf_3	NC	356580
ENDDOMAINS
ENDQUERY
QUERY	Query_14	Peptide	150	cob_HyFL1857_feature_54_from_C_0, ORGANISM Genus species Unclassified.,
DOMAINS
1	Query_14	Non-specific	214440	10	143	4.20585e-68	209.638	MTH00156	CYTB	C	45
ENDDOMAINS
ENDQUERY
QUERY	Query_15	Peptide	321	orf321_HyFL1857_feature_58_from_C_0, ORGANISM Genus species Unclassified.,
DOMAINS
1	Query_15	Non-specific	273636	93	310	2.49853e-28	108.627	TIGR01453	grpIintron_endo	-	45
ENDDOMAINS
ENDQUERY
QUERY	Query_16	Peptide	495	orf495_HyFL1857_feature_62_from_C_0, ORGANISM Genus species Unclassified.,
DOMAINS
1	Query_16	Specific	334330	99	193	5.43517e-16	73.4246	pfam00961	LAGLIDADG_1	-	45
ENDDOMAINS
ENDQUERY
QUERY	Query_17	Peptide	276	orf276_1_HyFL1857_feature_64_from_C_0, ORGANISM Genus species Unclassified.,
DOMAINS
1	Query_17	Specific	197761	213	268	0.00173877	35.6214	smart00497	IENR1	-	299755
1	Query_17	Specific	334330	26	132	0.00715448	35.2899	pfam00961	LAGLIDADG_1	-	45
ENDDOMAINS
ENDQUERY
QUERY	Query_18	Peptide	206	orf206_HyFL1857_feature_68_from_C_0, ORGANISM Genus species Unclassified.,
DOMAINS
1	Query_18	Specific	334330	17	115	2.82052e-21	83.825	pfam00961	LAGLIDADG_1	-	45
ENDDOMAINS
ENDQUERY
QUERY	Query_19	Peptide	829	nad5_HyFL1857_feature_71_from_C_0, ORGANISM Genus species Unclassified.,
DOMAINS
1	Query_19	Non-specific	214400	1	624	0	618.63	MTH00020	ND5	-	45
ENDDOMAINS
ENDQUERY
QUERY	Query_20	Peptide	339	orf339_HyFL1857_feature_75_from_C_0, ORGANISM Genus species Unclassified.,
DOMAINS
1	Query_20	Specific	334330	231	320	5.74506e-07	47.2311	pfam00961	LAGLIDADG_1	-	45
1	Query_20	Specific	334330	127	192	0.00555213	35.6751	pfam00961	LAGLIDADG_1	C	45
ENDDOMAINS
ENDQUERY
QUERY	Query_21	Peptide	362	orf362_HyFL1857_feature_79_from_C_0, ORGANISM Genus species Unclassified.,
DOMAINS
1	Query_21	Specific	334330	229	333	1.48623e-11	60.3279	pfam00961	LAGLIDADG_1	-	45
1	Query_21	Specific	334330	116	205	1.3762e-05	43.3791	pfam00961	LAGLIDADG_1	-	45
ENDDOMAINS
ENDQUERY
QUERY	Query_22	Peptide	300	orf300_HyFL1857_feature_83_from_C_0, ORGANISM Genus species Unclassified.,
DOMAINS
1	Query_22	Specific	334330	179	274	7.30628e-12	60.7131	pfam00961	LAGLIDADG_1	-	45
1	Query_22	Specific	334330	66	153	7.85073e-08	49.1571	pfam00961	LAGLIDADG_1	-	45
ENDDOMAINS
ENDQUERY
QUERY	Query_23	Peptide	391	orf391_HyFL1857_feature_87_from_C_0, ORGANISM Genus species Unclassified.,
DOMAINS
1	Query_23	Non-specific	273636	184	358	5.21312e-35	127.887	TIGR01453	grpIintron_endo	-	45
1	Query_23	Non-specific	177253	52	132	3.16883e-05	45.7692	MTH00210	ND5	C	45
ENDDOMAINS
ENDQUERY
QUERY	Query_24	Peptide	413	orf413_HyFL1857_feature_89_from_C_0, ORGANISM Genus species Unclassified.,
DOMAINS
1	Query_24	Specific	335245	289	394	8.16694e-24	96.8463	pfam03161	LAGLIDADG_2	C	45
1	Query_24	Specific	335245	46	215	5.94253e-19	83.3643	pfam03161	LAGLIDADG_2	-	45
ENDDOMAINS
ENDQUERY
QUERY	Query_25	Peptide	431	orf431_HyFL1857_feature_93_from_C_0, ORGANISM Genus species Unclassified.,
DOMAINS
1	Query_25	Specific	334330	302	401	3.5154e-31	115.026	pfam00961	LAGLIDADG_1	-	45
1	Query_25	Specific	334330	141	242	7.1201e-27	103.085	pfam00961	LAGLIDADG_1	-	45
ENDDOMAINS
ENDQUERY
QUERY	Query_27	Peptide	112	orf112_HyFL1857_feature_98_from_C_0, ORGANISM Genus species Unclassified.,
DOMAINS
1	Query_27	Specific	334330	28	108	1.03485e-16	69.1874	pfam00961	LAGLIDADG_1	C	45
ENDDOMAINS
ENDQUERY
QUERY	Query_28	Peptide	266	orf267_HyFL1857_feature_100_from_C_0, ORGANISM Genus species Unclassified.,
DOMAINS
1	Query_28	Specific	177231	3	83	2.71612e-24	93.1729	MTH00180	ND4L	-	351118
1	Query_28	Specific	334330	134	237	1.04718e-22	89.2178	pfam00961	LAGLIDADG_1	-	45
ENDDOMAINS
ENDQUERY
QUERY	Query_31	Peptide	250	cox2_HyFL1857_feature_108_from_C_0, ORGANISM Genus species Unclassified.,
DOMAINS
1	Query_31	Specific	214438	18	247	4.79132e-104	300.592	MTH00154	COX2	-	45
ENDDOMAINS
ENDQUERY
QUERY	Query_32	Peptide	199	orf199_HyFL1857_feature_112_from_C_0, ORGANISM Genus species Unclassified.,
DOMAINS
1	Query_32	Specific	197761	142	194	0.000102724	38.703	smart00497	IENR1	-	299755
ENDDOMAINS
ENDQUERY
QUERY	Query_33	Peptide	208	orf208_HyFL1857_feature_116_from_C_0, ORGANISM Genus species Unclassified.,
DOMAINS
1	Query_33	Specific	335245	15	190	2.66105e-45	147.693	pfam03161	LAGLIDADG_2	-	45
ENDDOMAINS
ENDQUERY
ENDSESSION	1
SESSION	2	blastp	2.10.0+	/opt/rpsbproc/db/Cdd	BLOSUM62	0.01
QUERY	Query_34	Peptide	481	orf481_HyFL1857_feature_120_from_C_0, ORGANISM Genus species Unclassified.,
DOMAINS
2	Query_34	Specific	334330	89	175	2.07398e-15	71.4986	pfam00961	LAGLIDADG_1	-	45
2	Query_34	Specific	334330	224	333	3.45948e-09	53.7795	pfam00961	LAGLIDADG_1	-	45
2	Query_34	Specific	197761	412	455	0.00285041	35.6214	smart00497	IENR1	-	299755
ENDDOMAINS
ENDQUERY
QUERY	Query_35	Peptide	303	orf303_HyFL1857_feature_124_from_C_0, ORGANISM Genus species Unclassified.,
DOMAINS
2	Query_35	Specific	273636	54	299	2.67595e-57	183.356	TIGR01453	grpIintron_endo	-	45
ENDDOMAINS
ENDQUERY
QUERY	Query_36	Peptide	454	orf454_HyFL1857_feature_127_from_C_0, ORGANISM Genus species Unclassified.,
DOMAINS
2	Query_36	Specific	315878	274	438	2.46706e-23	95.1042	pfam13302	Acetyltransf_3	-	356580
ENDDOMAINS
ENDQUERY
QUERY	Query_37	Peptide	218	orf219_HyFL1857_feature_129_from_C_0, ORGANISM Genus species Unclassified.,
DOMAINS
2	Query_37	Superfamily	353929	1	76	4.7998e-16	70.3324	cl15257	GIY-YIG_SF	-	-
ENDDOMAINS
SITES
2	Query_37	Generic	active site	Y4,G6,R14,Y18,E61	6	5	198380
2	Query_37	Generic	catalytic site	R14,E61	2	2	198380
2	Query_37	Generic	metal binding site	E61	1	1	198380
2	Query_37	Generic	GIY-YIG motif/motif A	Y4,N5,G6	6	3	198380
ENDSITES
ENDQUERY
QUERY	Query_40	Peptide	529	atp9_HyFL1857_feature_2_from_C_1, ORGANISM Genus species Unclassified.,
DOMAINS
2	Query_40	Superfamily	354370	91	516	1.45513e-165	476.367	cl18945	Beta_elim_lyase	-	-
2	Query_40	Specific	349422	6	35	6.04539e-07	46.3488	cd18182	ATP-synt_Fo_c_ATP5G3	C	365782
ENDDOMAINS
SITES
ENDSITES
ENDQUERY
QUERY	Query_41	Peptide	144	orf144_HyFL1857_feature_8_from_C_1, ORGANISM Genus species Unclassified.,
DOMAINS
2	Query_41	Superfamily	353929	100	131	5.62183e-05	39.1313	cl15257	GIY-YIG_SF	C	-
ENDDOMAINS
SITES
2	Query_41	Generic	active site	Y103,Y114,E116,R124,Y128	6	5	198380
2	Query_41	Generic	catalytic site	R124	2	1	198380
2	Query_41	Generic	GIY-YIG motif/motif A	G101,I102,Y103,Y114,I115,E116	6	6	198380
ENDSITES
ENDQUERY
QUERY	Query_42	Peptide	156	orf157_HyFL1857_feature_12_from_C_1, ORGANISM Genus species Unclassified.,
DOMAINS
2	Query_42	Specific	334330	62	154	5.66623e-06	42.6087	pfam00961	LAGLIDADG_1	-	45
ENDDOMAINS
ENDQUERY
QUERY	Query_44	Peptide	231	nad6_HyFL1857_feature_30_from_C_1, ORGANISM Genus species Unclassified.,
DOMAINS
2	Query_44	Superfamily	354830	24	100	3.35878e-17	76.4133	cl21484	Oxidored_q3	C	-
ENDDOMAINS
ENDQUERY
QUERY	Query_45	Peptide	269	cox3_HyFL1857_feature_34_from_C_1, ORGANISM Genus species Unclassified.,
DOMAINS
2	Query_45	Specific	278911	12	269	1.01886e-133	377.906	pfam00510	COX3	-	294143
ENDDOMAINS
SITES
2	Query_45	Specific	Subunit I/III interface	A82,K85,G86,S97,L100,A104,I105,H111,S199,I200,A203,F207	12	12	238834
2	Query_45	Specific	Subunit III/Vb interface	G166	1	1	238834
2	Query_45	Specific	Subunit III/VIa interface	F135,E136,L137,F154,I180,S190,V191,S192,S197,D198,S199	11	11	238834
2	Query_45	Specific	Subunit III/VIb interface	A127	1	1	238834
2	Query_45	Specific	Subunit III/VIIa interface	F64,R67,D68,S71,T74,F75,L76	7	7	238834
2	Query_45	Specific	Phospholipid binding site	W65,F66,I69,I70,G73,H79,G90,V91,F94,F222,R229,L241,G242	13	13	238834
ENDSITES
ENDQUERY
QUERY	Query_46	Peptide	329	orf329_HyFL1857_feature_38_from_C_1, ORGANISM Genus species Unclassified.,
DOMAINS
2	Query_46	Specific	334330	181	293	2.11609e-12	62.2538	pfam00961	LAGLIDADG_1	-	45
ENDDOMAINS
ENDQUERY
QUERY	Query_47	Peptide	460	orf460_HyFL1857_feature_42_from_C_1, ORGANISM Genus species Unclassified.,
DOMAINS
2	Query_47	Specific	334330	69	160	5.90032e-15	70.343	pfam00961	LAGLIDADG_1	-	45
2	Query_47	Specific	334330	204	317	2.18968e-07	48.7719	pfam00961	LAGLIDADG_1	-	45
ENDDOMAINS
ENDQUERY
QUERY	Query_49	Peptide	280	orf281_HyFL1857_feature_53_from_C_1, ORGANISM Genus species Unclassified.,
DOMAINS
2	Query_49	Non-specific	273636	64	278	6.41936e-38	132.895	TIGR01453	grpIintron_endo	-	45
ENDDOMAINS
ENDQUERY
QUERY	Query_50	Peptide	327	orf327_HyFL1857_feature_55_from_C_1, ORGANISM Genus species Unclassified.,
DOMAINS
2	Query_50	Specific	334330	22	118	1.00369e-18	79.5878	pfam00961	LAGLIDADG_1	-	45
2	Query_50	Specific	334330	166	271	3.37651e-13	64.565	pfam00961	LAGLIDADG_1	-	45
ENDDOMAINS
ENDQUERY
QUERY	Query_53	Peptide	106	orf107_HyFL1857_feature_61_from_C_1, ORGANISM Genus species Unclassified.,
DOMAINS
2	Query_53	Specific	334330	1	81	5.42758e-12	56.8611	pfam00961	LAGLIDADG_1	N	45
ENDDOMAINS
ENDQUERY
QUERY	Query_54	Peptide	650	nad2_HyFL1857_feature_87_from_C_1, ORGANISM Genus species Unclassified.,
DOMAINS
2	Query_54	Specific	235603	264	575	2.38042e-68	230.478	PRK05777	PRK05777	N	356474
ENDDOMAINS
ENDQUERY
QUERY	Query_55	Peptide	611	orf611_HyFL1857_feature_93_from_C_1, ORGANISM Genus species Unclassified.,
DOMAINS
2	Query_55	Specific	238828	185	453	2.32853e-81	255.203	cd01651	RT_G2_intron	-	295487
2	Query_55	Non-specific	279664	485	586	4.11913e-16	75.1986	pfam01348	Intron_maturas2	C	45
ENDDOMAINS
SITES
2	Query_55	Specific	putative active site	D260,I261,S262,K263,C264,F265,Q314,G315,Y401,D403,D404,L452,G453	13	13	238828
2	Query_55	Specific	putative nucleic acid binding site	G315	1	1	238828
2	Query_55	Specific	putative NTP binding site	D260,I261,S262,K263,C264,F265,Q314,D403	8	8	238828
ENDSITES
ENDQUERY
QUERY	Query_56	Peptide	423	orf423_HyFL1857_feature_97_from_C_1, ORGANISM Genus species Unclassified.,
DOMAINS
2	Query_56	Specific	334330	134	234	1.41724e-26	102.315	pfam00961	LAGLIDADG_1	-	45
2	Query_56	Specific	334330	294	391	1.74529e-21	88.4474	pfam00961	LAGLIDADG_1	-	45
ENDDOMAINS
ENDQUERY
QUERY	Query_57	Peptide	863	nad3_HyFL1857_feature_100_from_C_1, ORGANISM Genus species Unclassified.,
DOMAINS
2	Query_57	Superfamily	354370	422	850	9.42667e-162	478.678	cl18945	Beta_elim_lyase	-	-
2	Query_57	Specific	334119	19	112	1.46984e-33	123.679	pfam00507	Oxidored_q4	-	351141
ENDDOMAINS
ENDQUERY
QUERY	Query_59	Peptide	264	atp6_HyFL1857_feature_6_from_C_2, ORGANISM Genus species Unclassified.,
DOMAINS
2	Query_59	Superfamily	351082	19	264	1.51645e-47	157.861	cl00413	ATP-synt_A	-	-
ENDDOMAINS
ENDQUERY
QUERY	Query_60	Peptide	229	orf229_HyFL1857_feature_10_from_C_2, ORGANISM Genus species Unclassified.,
DOMAINS
2	Query_60	Specific	197761	43	87	0.000114839	38.703	smart00497	IENR1	-	299755
2	Query_60	Specific	284793	176	212	0.000147234	37.8772	pfam07453	NUMOD1	-	299755
ENDDOMAINS
ENDQUERY
QUERY	Query_61	Peptide	170	orf170_HyFL1857_feature_12_from_C_2, ORGANISM Genus species Unclassified.,
DOMAINS
2	Query_61	Specific	198392	78	166	1.71119e-31	108.467	cd10445	GIY-YIG_bI1_like	-	353929
ENDDOMAINS
SITES
2	Query_61	Specific	putative active site	Y81,Y92,G94,R102,Y106,E151,N163	7	7	198392
2	Query_61	Specific	putative metal binding site	E151	1	1	198392
2	Query_61	Specific	GIY-YIG motif/motif A	G79,V80,Y81,Y92,V93,G94	6	6	198392
ENDSITES
ENDQUERY
QUERY	Query_62	Peptide	199	orf199_HyFL1857_feature_16_from_C_2, ORGANISM Genus species Unclassified.,
DOMAINS
2	Query_62	Specific	284793	9	45	0.000594461	35.9512	pfam07453	NUMOD1	-	299755
2	Query_62	Specific	197761	80	134	0.00120109	35.6214	smart00497	IENR1	-	299755
ENDDOMAINS
ENDQUERY
QUERY	Query_63	Peptide	183	orf183_HyFL1857_feature_18_from_C_2, ORGANISM Genus species Unclassified.,
DOMAINS
2	Query_63	Specific	198392	52	138	3.78683e-20	79.9624	cd10445	GIY-YIG_bI1_like	-	353929
ENDDOMAINS
SITES
2	Query_63	Specific	putative active site	Y55,Y66,G68,R76,Y80,N136	7	6	198392
2	Query_63	Specific	GIY-YIG motif/motif A	G53,I54,Y55,Y66,I67,G68	6	6	198392
ENDSITES
ENDQUERY
QUERY	Query_64	Peptide	376	orf376_HyFL1857_feature_22_from_C_2, ORGANISM Genus species Unclassified.,
DOMAINS
2	Query_64	Specific	334330	87	186	1.66291e-25	98.8478	pfam00961	LAGLIDADG_1	-	45
2	Query_64	Specific	334330	246	341	8.11282e-20	83.4398	pfam00961	LAGLIDADG_1	-	45
ENDDOMAINS
ENDQUERY
ENDSESSION	2
SESSION	3	blastp	2.10.0+	/opt/rpsbproc/db/Cdd	BLOSUM62	0.01
QUERY	Query_65	Peptide	50	atp8_HyFL1857_feature_25_from_C_2, ORGANISM Genus species Unclassified.,
DOMAINS
3	Query_65	Non-specific	283561	1	48	2.81335e-08	43.9342	pfam05933	Fun_ATP-synt_8	-	45
ENDDOMAINS
ENDQUERY
QUERY	Query_66	Peptide	516	nad4_HyFL1857_feature_27_from_C_2, ORGANISM Genus species Unclassified.,
DOMAINS
3	Query_66	Specific	235622	34	487	3.17635e-132	392.643	PRK05846	PRK05846	-	45
ENDDOMAINS
ENDQUERY
QUERY	Query_67	Peptide	431	orf431_HyFL1857_feature_31_from_C_2, ORGANISM Genus species Unclassified.,
DOMAINS
3	Query_67	Specific	334330	141	240	9.354e-26	100.003	pfam00961	LAGLIDADG_1	-	45
3	Query_67	Specific	334330	300	400	4.6055e-23	92.6846	pfam00961	LAGLIDADG_1	-	45
ENDDOMAINS
ENDQUERY
QUERY	Query_68	Peptide	368	nad1_HyFL1857_feature_34_from_C_2, ORGANISM Genus species Unclassified.,
DOMAINS
3	Query_68	Specific	333876	13	351	4.78953e-108	318.648	pfam00146	NADHdh	-	351105
ENDDOMAINS
ENDQUERY
QUERY	Query_69	Peptide	191	orf191_HyFL1857_feature_38_from_C_2, ORGANISM Genus species Unclassified.,
DOMAINS
3	Query_69	Specific	334330	49	148	2.59217e-26	96.5366	pfam00961	LAGLIDADG_1	-	45
ENDDOMAINS
ENDQUERY
QUERY	Query_70	Peptide	214	orf214_HyFL1857_feature_42_from_C_2, ORGANISM Genus species Unclassified.,
DOMAINS
3	Query_70	Specific	334330	83	184	1.48246e-23	89.9882	pfam00961	LAGLIDADG_1	-	45
3	Query_70	Specific	334330	2	25	0.00013557	39.5271	pfam00961	LAGLIDADG_1	N	45
ENDDOMAINS
ENDQUERY
QUERY	Query_72	Peptide	119	orf119_HyFL1857_feature_48_from_C_2, ORGANISM Genus species Unclassified.,
DOMAINS
3	Query_72	Specific	197761	73	115	0.000149121	36.777	smart00497	IENR1	-	299755
ENDDOMAINS
ENDQUERY
QUERY	Query_74	Peptide	254	cox1_HyFL1857_feature_55_from_C_2, ORGANISM Genus species Unclassified.,
DOMAINS
3	Query_74	Superfamily	350997	1	236	9.28834e-136	391.076	cl00275	Heme_Cu_Oxidase_I	N	-
ENDDOMAINS
SITES
3	Query_74	Generic	Binuclear center (active site)	H14,H15,H100	4	3	238461
3	Query_74	Generic	Low-spin heme binding site	Y95,H102,L105,S106,R162,R163,F192	15	7	238461
3	Query_74	Generic	K-pathway	H14,H15,T40,K43	7	4	238461
3	Query_74	Generic	Putative proton exit pathway	H15,H92,D93,R162,R163	5	5	238461
3	Query_74	Generic	Putative water exit pathway	D88,H92,D93,R162	7	4	238461
ENDSITES
ENDQUERY
QUERY	Query_76	Peptide	234	orf234_HyFL1857_feature_61_from_C_2, ORGANISM Genus species Unclassified.,
DOMAINS
3	Query_76	Specific	334330	45	132	3.45871e-13	63.4094	pfam00961	LAGLIDADG_1	-	45
ENDDOMAINS
ENDQUERY
QUERY	Query_77	Peptide	294	orf294_HyFL1857_feature_65_from_C_2, ORGANISM Genus species Unclassified.,
DOMAINS
3	Query_77	Non-specific	273636	77	274	4.84642e-30	112.479	TIGR01453	grpIintron_endo	-	45
ENDDOMAINS
ENDQUERY
QUERY	Query_78	Peptide	279	orf279_2_HyFL1857_feature_69_from_C_2, ORGANISM Genus species Unclassified.,
DOMAINS
3	Query_78	Specific	334330	54	149	1.89969e-12	61.8686	pfam00961	LAGLIDADG_1	-	45
3	Query_78	Specific	334330	189	276	6.6378e-09	52.2387	pfam00961	LAGLIDADG_1	-	45
ENDDOMAINS
ENDQUERY
QUERY	Query_79	Peptide	436	orf436_HyFL1857_feature_73_from_C_2, ORGANISM Genus species Unclassified.,
DOMAINS
3	Query_79	Specific	273636	115	318	5.15181e-57	186.823	TIGR01453	grpIintron_endo	-	45
3	Query_79	Specific	284793	356	390	0.000199293	38.2624	pfam07453	NUMOD1	-	299755
ENDDOMAINS
ENDQUERY
QUERY	Query_80	Peptide	465	orf465_HyFL1857_feature_77_from_C_2, ORGANISM Genus species Unclassified.,
DOMAINS
3	Query_80	Specific	335245	268	434	2.09242e-50	168.879	pfam03161	LAGLIDADG_2	-	45
3	Query_80	Specific	334330	113	201	3.00968e-08	51.0831	pfam00961	LAGLIDADG_1	-	45
ENDDOMAINS
ENDQUERY
QUERY	Query_81	Peptide	318	orf318_HyFL1857_feature_81_from_C_2, ORGANISM Genus species Unclassified.,
DOMAINS
3	Query_81	Specific	334330	188	285	4.25605e-21	86.1362	pfam00961	LAGLIDADG_1	-	45
3	Query_81	Specific	334330	83	161	8.79814e-05	40.6827	pfam00961	LAGLIDADG_1	-	45
ENDDOMAINS
ENDQUERY
QUERY	Query_82	Peptide	259	orf259_HyFL1857_feature_87_from_C_2, ORGANISM Genus species Unclassified.,
DOMAINS
3	Query_82	Specific	334330	139	232	4.85647e-15	68.8022	pfam00961	LAGLIDADG_1	-	45
3	Query_82	Non-specific	181392	26	89	0.00179121	39.3641	PRK08332	PRK08332	NC	45
ENDDOMAINS
ENDQUERY
QUERY	Query_83	Peptide	351	orf351_HyFL1857_feature_89_from_C_2, ORGANISM Genus species Unclassified.,
DOMAINS
3	Query_83	Specific	334330	213	314	2.09337e-16	73.8098	pfam00961	LAGLIDADG_1	-	45
ENDDOMAINS
ENDQUERY
QUERY	Query_84	Peptide	230	orf231_HyFL1857_feature_92_from_C_2, ORGANISM Genus species Unclassified.,
DOMAINS
3	Query_84	Specific	334330	98	200	4.18693e-18	76.121	pfam00961	LAGLIDADG_1	-	45
3	Query_84	Specific	334330	3	39	2.54207e-07	47.2311	pfam00961	LAGLIDADG_1	N	45
ENDDOMAINS
ENDQUERY
QUERY	Query_86	Peptide	397	orf397_HyFL1857_feature_96_from_C_2, ORGANISM Genus species Unclassified.,
DOMAINS
3	Query_86	Specific	314006	183	232	0.00208129	36.498	pfam10961	SelK_SelG	N	45
ENDDOMAINS
ENDQUERY
QUERY	Query_92	Peptide	37	atp9_HyFL1857_feature_2_from_C_4, ORGANISM Genus species Unclassified.,
DOMAINS
3	Query_92	Specific	349422	1	35	2.7196e-09	45.9636	cd18182	ATP-synt_Fo_c_ATP5G3	N	365782
ENDDOMAINS
SITES
ENDSITES
ENDQUERY
QUERY	Query_93	Peptide	105	orf106_HyFL1857_feature_4_from_C_4, ORGANISM Genus species Unclassified.,
DOMAINS
3	Query_93	Superfamily	353929	77	105	0.00247391	34.1237	cl15257	GIY-YIG_SF	C	-
ENDDOMAINS
SITES
3	Query_93	Generic	active site	Y79,Y90,G92,R100,Y104	6	5	198380
3	Query_93	Generic	catalytic site	R100	2	1	198380
3	Query_93	Generic	GIY-YIG motif/motif A	G77,I78,Y79,Y90,I91,G92	6	6	198380
ENDSITES
ENDQUERY
QUERY	Query_94	Peptide	187	orf188_HyFL1857_feature_6_from_C_4, ORGANISM Genus species Unclassified.,
DOMAINS
3	Query_94	Non-specific	273636	10	183	2.72504e-25	97.0713	TIGR01453	grpIintron_endo	-	45
ENDDOMAINS
SITES
3	Query_94	Generic	DNA binding site	N98,P99,F100,F101,H105,A109,I116,A117,E121,Y122,P126,G127,E129,R147,A151,D156,T159,L161,R162,R163	21	20	238175
ENDSITES
ENDQUERY
ENDSESSION	3
ENDDATA
