#Post-RPSBLAST Processing Utility

#Input data file:	Hyparg1_MitoAssemblyScaffolds.fasta.new.sqn.gbf_converted.faa.asn
#Output data file:	Hyparg1_MitoAssemblyScaffolds.fasta.new.sqn.gbf_converted.faa.asn.out
#Annotation data at:	/opt/rpsbproc/data
#E-Value cutoff:	0.01
#Redundancy:	Concise
#Data requested:	Domain hits and site annotations
#Output format -- tab-delimited table
#Show superfamilies: NO
#DATA
#SESSION	<session-ordinal>	<program>	<database>	<score-matrix>	<evalue-threshold>
#QUERY	<query-id>	<seq-type>	<seq-length>	<definition-line>
#DOMAINS
#<session-ordinal>	<query-id[readingframe]>	<hit-type>	<PSSM-ID>	<from>	<to>	<E-Value>	<bitscore>	<accession>	<short-name>	<incomplete>	<superfamily PSSM-ID>
#more such lines......
#ENDDOMAINS
#SITES
#<session-ordinal>	<query-id[readingframe]>	<annot-type>	<title>	<residue(coordinates)>	<complete-size>	<mapped-size>	<source-domain>
#more such lines......
#ENDSITES
#MOTIFS
#<session-ordinal>	<query-id[readingframe]>	<title>	<from>	<to>	<source-domain>
#more such lines......
#ENDMOTIFS
#ENDQUERY	<query-id>
#more query sections..
#ENDSESSION	<session-ordinal>
#more session sections..
#ENDDATA
#=====================================================================
DATA
SESSION	1	blastp	2.10.0+	/opt/rpsbproc/db/Cdd	BLOSUM62	0.01
QUERY	Query_4	Peptide	128	orf129_Hyparg1_feature_10_from_C_0, ORGANISM Genus species Unclassified.,
DOMAINS
1	Query_4	Non-specific	273636	25	123	4.12752e-24	91.6785	TIGR01453	grpIintron_endo	C	45
ENDDOMAINS
ENDQUERY
QUERY	Query_5	Peptide	132	orf133_Hyparg1_feature_12_from_C_0, ORGANISM Genus species Unclassified.,
DOMAINS
1	Query_5	Non-specific	273636	3	102	1.3809e-10	56.2401	TIGR01453	grpIintron_endo	N	45
ENDDOMAINS
SITES
1	Query_5	Generic	DNA binding site	N20,H21,M22,Y23,L27,T31,I35,S38,V39,L43,K44,K46,K71,K75,P80,T83,I85,R86,Y87,K97	21	20	238175
ENDSITES
ENDQUERY
QUERY	Query_8	Peptide	369	orf370_Hyparg1_feature_22_from_C_0, ORGANISM Genus species Unclassified.,
DOMAINS
1	Query_8	Specific	334330	217	329	4.13412e-15	70.343	pfam00961	LAGLIDADG_1	-	45
ENDDOMAINS
ENDQUERY
QUERY	Query_9	Peptide	352	orf353_Hyparg1_feature_24_from_C_0, ORGANISM Genus species Unclassified.,
DOMAINS
1	Query_9	Specific	334330	196	309	1.95443e-06	45.6903	pfam00961	LAGLIDADG_1	-	45
1	Query_9	Specific	334330	77	151	5.21001e-05	41.4531	pfam00961	LAGLIDADG_1	-	45
ENDDOMAINS
ENDQUERY
QUERY	Query_10	Peptide	197	cox3_Hyparg1_feature_26_from_C_0, ORGANISM Genus species Unclassified.,
DOMAINS
1	Query_10	Superfamily	294143	2	197	1.56171e-105	303.563	cl00211	Heme_Cu_Oxidase_III_like	N	-
ENDDOMAINS
SITES
1	Query_10	Specific	Subunit I/III interface	A10,K13,G14,S25,L28,A32,I33,H39,G127,I128,T131,F135	12	12	238834
1	Query_10	Specific	Subunit III/Vb interface	G94	1	1	238834
1	Query_10	Specific	Subunit III/VIa interface	F63,E64,L65,Y82,I108,S118,I119,S120,S125,D126,G127	11	11	238834
1	Query_10	Specific	Subunit III/VIb interface	L55	1	1	238834
ENDSITES
ENDQUERY
QUERY	Query_11	Peptide	410	orf410_Hyparg1_feature_30_from_C_0, ORGANISM Genus species Unclassified.,
DOMAINS
1	Query_11	Specific	334330	124	222	1.80186e-22	90.7586	pfam00961	LAGLIDADG_1	-	45
1	Query_11	Specific	334330	281	379	8.54833e-16	72.269	pfam00961	LAGLIDADG_1	-	45
ENDDOMAINS
ENDQUERY
QUERY	Query_12	Peptide	333	orf333_Hyparg1_feature_34_from_C_0, ORGANISM Genus species Unclassified.,
DOMAINS
1	Query_12	Specific	334330	203	303	3.59663e-26	99.6182	pfam00961	LAGLIDADG_1	-	45
1	Query_12	Specific	334330	44	146	4.81104e-23	91.529	pfam00961	LAGLIDADG_1	-	45
ENDDOMAINS
ENDQUERY
QUERY	Query_13	Peptide	255	orf255_Hyparg1_feature_36_from_C_0, ORGANISM Genus species Unclassified.,
DOMAINS
1	Query_13	Specific	334330	24	121	5.2674e-08	49.5423	pfam00961	LAGLIDADG_1	-	45
1	Query_13	Specific	197761	203	255	6.36129e-06	42.1698	smart00497	IENR1	-	299755
ENDDOMAINS
ENDQUERY
QUERY	Query_14	Peptide	352	orf353_Hyparg1_feature_41_from_C_0, ORGANISM Genus species Unclassified.,
DOMAINS
1	Query_14	Specific	334330	105	215	4.26864e-09	53.0091	pfam00961	LAGLIDADG_1	-	45
1	Query_14	Specific	334330	6	59	3.26434e-05	42.2235	pfam00961	LAGLIDADG_1	N	45
ENDDOMAINS
ENDQUERY
QUERY	Query_17	Peptide	377	orf378_Hyparg1_feature_53_from_C_0, ORGANISM Genus species Unclassified.,
DOMAINS
1	Query_17	Non-specific	273636	79	277	5.53691e-34	125.191	TIGR01453	grpIintron_endo	-	45
ENDDOMAINS
ENDQUERY
QUERY	Query_18	Peptide	86	orf87_Hyparg1_feature_59_from_C_0, ORGANISM Genus species Unclassified.,
DOMAINS
1	Query_18	Non-specific	273636	2	56	2.29403e-07	45.8397	TIGR01453	grpIintron_endo	C	45
ENDDOMAINS
ENDQUERY
QUERY	Query_19	Peptide	624	orf625_Hyparg1_feature_63_from_C_0, ORGANISM Genus species Unclassified.,
DOMAINS
1	Query_19	Non-specific	275209	102	463	5.41064e-107	326.722	TIGR04416	group_II_RT_mat	-	45
1	Query_19	Specific	338877	60	141	1.01743e-21	89.4363	pfam13655	RVT_N	-	45
1	Query_19	Specific	280088	549	595	1.19501e-08	51.1977	pfam01844	HNH	-	350893
ENDDOMAINS
SITES
1	Query_19	Specific	active site	E563,H565,H566,I567,P569,N580,I581,H585,Q586,H589	11	10	238038
ENDSITES
ENDQUERY
QUERY	Query_20	Peptide	454	orf455_Hyparg1_feature_65_from_C_0, ORGANISM Genus species Unclassified.,
DOMAINS
1	Query_20	Specific	334330	325	423	1.99482e-25	99.6182	pfam00961	LAGLIDADG_1	-	45
1	Query_20	Specific	334330	164	268	1.31447e-21	88.8326	pfam00961	LAGLIDADG_1	-	45
ENDDOMAINS
ENDQUERY
QUERY	Query_21	Peptide	322	orf322_Hyparg1_feature_67_from_C_0, ORGANISM Genus species Unclassified.,
DOMAINS
1	Query_21	Specific	334330	33	131	4.47778e-22	88.8326	pfam00961	LAGLIDADG_1	-	45
1	Query_21	Specific	334330	192	287	3.7074e-12	61.4834	pfam00961	LAGLIDADG_1	-	45
ENDDOMAINS
ENDQUERY
QUERY	Query_22	Peptide	175	orf176_Hyparg1_feature_69_from_C_0, ORGANISM Genus species Unclassified.,
DOMAINS
1	Query_22	Specific	334330	11	109	1.38555e-22	86.5214	pfam00961	LAGLIDADG_1	-	45
ENDDOMAINS
ENDQUERY
QUERY	Query_24	Peptide	140	orf141_Hyparg1_feature_73_from_C_0, ORGANISM Genus species Unclassified.,
DOMAINS
1	Query_24	Specific	334330	29	110	0.00043701	37.2159	pfam00961	LAGLIDADG_1	C	45
ENDDOMAINS
ENDQUERY
QUERY	Query_25	Peptide	444	orf445_Hyparg1_feature_75_from_C_0, ORGANISM Genus species Unclassified.,
DOMAINS
1	Query_25	Superfamily	353929	137	223	1.65616e-16	74.1844	cl15257	GIY-YIG_SF	-	-
ENDDOMAINS
SITES
1	Query_25	Generic	active site	Y140,Y151,G153,R161,Y165,E208	6	6	198380
1	Query_25	Generic	catalytic site	R161,E208	2	2	198380
1	Query_25	Generic	metal binding site	E208	1	1	198380
1	Query_25	Generic	GIY-YIG motif/motif A	G138,V139,Y140,Y151,V152,G153	6	6	198380
ENDSITES
ENDQUERY
QUERY	Query_26	Peptide	430	orf431_Hyparg1_feature_77_from_C_0, ORGANISM Genus species Unclassified.,
DOMAINS
1	Query_26	Specific	334330	33	130	2.99961e-17	76.5062	pfam00961	LAGLIDADG_1	-	45
ENDDOMAINS
ENDQUERY
QUERY	Query_27	Peptide	320	orf321_Hyparg1_feature_79_from_C_0, ORGANISM Genus species Unclassified.,
DOMAINS
1	Query_27	Specific	334330	21	114	7.32968e-16	71.8838	pfam00961	LAGLIDADG_1	-	45
1	Query_27	Specific	334330	165	270	6.13571e-12	61.0983	pfam00961	LAGLIDADG_1	-	45
ENDDOMAINS
ENDQUERY
QUERY	Query_28	Peptide	457	orf458_Hyparg1_feature_81_from_C_0, ORGANISM Genus species Unclassified.,
DOMAINS
1	Query_28	Specific	334330	51	149	5.93617e-19	81.5138	pfam00961	LAGLIDADG_1	-	45
1	Query_28	Specific	334330	196	309	2.0993e-08	51.4683	pfam00961	LAGLIDADG_1	-	45
ENDDOMAINS
ENDQUERY
QUERY	Query_29	Peptide	569	orf570_Hyparg1_feature_83_from_C_0, ORGANISM Genus species Unclassified.,
DOMAINS
1	Query_29	Specific	334330	505	560	2.07558e-08	51.8535	pfam00961	LAGLIDADG_1	C	45
ENDDOMAINS
ENDQUERY
QUERY	Query_30	Peptide	155	orf156_Hyparg1_feature_85_from_C_0, ORGANISM Genus species Unclassified.,
DOMAINS
1	Query_30	Specific	334330	59	155	1.16259e-17	73.0394	pfam00961	LAGLIDADG_1	-	45
ENDDOMAINS
ENDQUERY
QUERY	Query_31	Peptide	262	orf262_Hyparg1_feature_87_from_C_0, ORGANISM Genus species Unclassified.,
DOMAINS
1	Query_31	Specific	335245	43	208	3.73073e-31	113.41	pfam03161	LAGLIDADG_2	-	45
ENDDOMAINS
ENDQUERY
QUERY	Query_34	Peptide	520	orf520_Hyparg1_feature_103_from_C_0, ORGANISM Genus species Unclassified.,
DOMAINS
1	Query_34	Specific	281206	88	517	1.26789e-89	281.929	pfam03175	DNA_pol_B_2	-	355698
ENDDOMAINS
ENDQUERY
QUERY	Query_35	Peptide	181	orf181_Hyparg1_feature_105_from_C_0, ORGANISM Genus species Unclassified.,
DOMAINS
1	Query_35	Superfamily	355698	2	161	0.00523594	36.6773	cl28058	DNA_pol_B_2	N	-
ENDDOMAINS
ENDQUERY
QUERY	Query_36	Peptide	420	orf420_Hyparg1_feature_107_from_C_0, ORGANISM Genus species Unclassified.,
DOMAINS
1	Query_36	Superfamily	355471	52	420	2.93248e-46	170.204	cl25973	RNA_pol	NC	-
ENDDOMAINS
ENDQUERY
ENDSESSION	1
SESSION	2	blastp	2.10.0+	/opt/rpsbproc/db/Cdd	BLOSUM62	0.01
QUERY	Query_40	Peptide	562	nad2_Hyparg1_feature_129_from_C_0, ORGANISM Genus species Unclassified.,
DOMAINS
2	Query_40	Specific	235603	124	487	7.03488e-76	248.197	PRK05777	PRK05777	N	356474
ENDDOMAINS
ENDQUERY
QUERY	Query_41	Peptide	802	orf802_Hyparg1_feature_133_from_C_0, ORGANISM Genus species Unclassified.,
DOMAINS
2	Query_41	Specific	238828	282	551	1.21969e-76	247.114	cd01651	RT_G2_intron	-	295487
2	Query_41	Non-specific	279664	584	702	1.84815e-20	87.9102	pfam01348	Intron_maturas2	-	45
ENDDOMAINS
SITES
2	Query_41	Specific	putative active site	D357,I358,S359,K360,C361,F362,Q412,G413,Y499,D501,D502,L550,G551	13	13	238828
2	Query_41	Specific	putative nucleic acid binding site	G413	1	1	238828
2	Query_41	Specific	putative NTP binding site	D357,I358,S359,K360,C361,F362,Q412,D501	8	8	238828
ENDSITES
ENDQUERY
QUERY	Query_42	Peptide	425	orf425_Hyparg1_feature_137_from_C_0, ORGANISM Genus species Unclassified.,
DOMAINS
2	Query_42	Specific	334330	141	239	6.35312e-26	100.389	pfam00961	LAGLIDADG_1	-	45
2	Query_42	Specific	334330	297	395	1.16221e-20	86.1362	pfam00961	LAGLIDADG_1	-	45
ENDDOMAINS
ENDQUERY
QUERY	Query_43	Peptide	526	orf526_Hyparg1_feature_139_from_C_0, ORGANISM Genus species Unclassified.,
DOMAINS
2	Query_43	Specific	238828	36	302	2.47663e-94	286.019	cd01651	RT_G2_intron	-	295487
2	Query_43	Non-specific	279664	322	423	2.53339e-21	89.8362	pfam01348	Intron_maturas2	C	45
ENDDOMAINS
SITES
2	Query_43	Specific	putative active site	D110,I111,S112,K113,C114,F115,Q163,G164,Y246,D248,D249,L298,S299	13	13	238828
2	Query_43	Specific	putative nucleic acid binding site	G164	1	1	238828
2	Query_43	Specific	putative NTP binding site	D110,I111,S112,K113,C114,F115,Q163,D248	8	8	238828
ENDSITES
ENDQUERY
QUERY	Query_44	Peptide	363	orf363_Hyparg1_feature_143_from_C_0, ORGANISM Genus species Unclassified.,
DOMAINS
2	Query_44	Specific	334330	235	334	1.19845e-26	101.544	pfam00961	LAGLIDADG_1	-	45
2	Query_44	Specific	334330	78	177	1.03973e-22	91.1438	pfam00961	LAGLIDADG_1	-	45
ENDDOMAINS
ENDQUERY
QUERY	Query_45	Peptide	878	nad3_Hyparg1_feature_146_from_C_0, ORGANISM Genus species Unclassified.,
DOMAINS
2	Query_45	Superfamily	354370	440	873	5.21937e-158	469.433	cl18945	Beta_elim_lyase	-	-
2	Query_45	Specific	334119	19	113	1.24824e-23	95.5598	pfam00507	Oxidored_q4	-	351141
ENDDOMAINS
ENDQUERY
QUERY	Query_46	Peptide	63	atp9_Hyparg1_feature_148_from_C_0, ORGANISM Genus species Unclassified.,
DOMAINS
2	Query_46	Specific	349422	6	61	1.2076e-17	68.3051	cd18182	ATP-synt_Fo_c_ATP5G3	-	365782
ENDDOMAINS
SITES
ENDSITES
ENDQUERY
QUERY	Query_47	Peptide	132	orf132_Hyparg1_feature_150_from_C_0, ORGANISM Genus species Unclassified.,
DOMAINS
2	Query_47	Superfamily	353929	47	116	3.73084e-14	63.0136	cl15257	GIY-YIG_SF	C	-
ENDDOMAINS
SITES
2	Query_47	Generic	active site	Y49,Y60,G62,R70,Y74	6	5	198380
2	Query_47	Generic	catalytic site	R70	2	1	198380
2	Query_47	Generic	GIY-YIG motif/motif A	G47,I48,Y49,Y60,I61,G62	6	6	198380
ENDSITES
ENDQUERY
QUERY	Query_48	Peptide	166	orf166_Hyparg1_feature_152_from_C_0, ORGANISM Genus species Unclassified.,
DOMAINS
2	Query_48	Non-specific	273636	10	162	3.213e-20	82.8189	TIGR01453	grpIintron_endo	N	45
ENDDOMAINS
SITES
2	Query_48	Generic	DNA binding site	N77,P78,F79,F80,H84,A88,I95,A96,K100,Y101,P105,G106,E108,R126,A130,D135,T138,L140,R141,R142	21	20	238175
ENDSITES
ENDQUERY
QUERY	Query_49	Peptide	68	orf69_Hyparg1_feature_154_from_C_0, ORGANISM Genus species Unclassified.,
DOMAINS
2	Query_49	Superfamily	353929	3	35	1.13052e-05	38.7461	cl15257	GIY-YIG_SF	C	-
ENDDOMAINS
SITES
2	Query_49	Generic	active site	Y5,Y16,G18,W26,Y30	6	5	198380
2	Query_49	Generic	catalytic site	W26	2	1	198380
2	Query_49	Generic	GIY-YIG motif/motif A	G3,V4,Y5,Y16,I17,G18	6	6	198380
ENDSITES
ENDQUERY
QUERY	Query_50	Peptide	119	orf119_Hyparg1_feature_156_from_C_0, ORGANISM Genus species Unclassified.,
DOMAINS
2	Query_50	Non-specific	273636	3	104	1.39732e-13	63.9441	TIGR01453	grpIintron_endo	NC	45
ENDDOMAINS
ENDQUERY
QUERY	Query_51	Peptide	198	cox2_Hyparg1_feature_158_from_C_0, ORGANISM Genus species Unclassified.,
DOMAINS
2	Query_51	Specific	214438	18	198	1.25368e-73	221.241	MTH00154	COX2	C	45
ENDDOMAINS
ENDQUERY
QUERY	Query_52	Peptide	278	orf278_Hyparg1_feature_162_from_C_0, ORGANISM Genus species Unclassified.,
DOMAINS
2	Query_52	Specific	334330	147	243	8.88341e-19	79.2026	pfam00961	LAGLIDADG_1	-	45
2	Query_52	Specific	334330	4	88	2.31773e-07	48.0015	pfam00961	LAGLIDADG_1	-	45
ENDDOMAINS
ENDQUERY
QUERY	Query_53	Peptide	417	orf417_Hyparg1_feature_166_from_C_0, ORGANISM Genus species Unclassified.,
DOMAINS
2	Query_53	Specific	334330	134	233	1.54972e-22	91.1438	pfam00961	LAGLIDADG_1	-	45
2	Query_53	Specific	334330	291	385	1.23327e-21	88.8326	pfam00961	LAGLIDADG_1	-	45
ENDDOMAINS
ENDQUERY
QUERY	Query_54	Peptide	294	orf294_Hyparg1_feature_170_from_C_0, ORGANISM Genus species Unclassified.,
DOMAINS
2	Query_54	Specific	273636	56	289	2.49131e-61	193.371	TIGR01453	grpIintron_endo	-	45
ENDDOMAINS
ENDQUERY
QUERY	Query_55	Peptide	449	orf449_Hyparg1_feature_174_from_C_0, ORGANISM Genus species Unclassified.,
DOMAINS
2	Query_55	Specific	334330	128	214	2.04392e-17	77.2766	pfam00961	LAGLIDADG_1	-	45
2	Query_55	Specific	334330	263	372	4.35104e-10	56.4759	pfam00961	LAGLIDADG_1	-	45
ENDDOMAINS
ENDQUERY
QUERY	Query_56	Peptide	435	orf435_Hyparg1_feature_176_from_C_0, ORGANISM Genus species Unclassified.,
DOMAINS
2	Query_56	Specific	334330	151	249	2.83828e-22	90.7586	pfam00961	LAGLIDADG_1	-	45
2	Query_56	Specific	334330	307	405	6.86441e-20	84.2102	pfam00961	LAGLIDADG_1	-	45
ENDDOMAINS
ENDQUERY
QUERY	Query_57	Peptide	414	orf414_Hyparg1_feature_181_from_C_0, ORGANISM Genus species Unclassified.,
DOMAINS
2	Query_57	Superfamily	353929	170	260	8.43925e-10	54.9244	cl15257	GIY-YIG_SF	-	-
2	Query_57	Non-specific	273636	169	407	8.63702e-07	49.3065	TIGR01453	grpIintron_endo	-	45
ENDDOMAINS
SITES
2	Query_57	Generic	active site	Y173,Y184,G186,G194,Y198,E245	6	6	198380
2	Query_57	Generic	catalytic site	G194,E245	2	2	198380
2	Query_57	Generic	metal binding site	E245	1	1	198380
2	Query_57	Generic	GIY-YIG motif/motif A	G171,V172,Y173,Y184,V185,G186	6	6	198380
ENDSITES
ENDQUERY
QUERY	Query_58	Peptide	560	orf561_Hyparg1_feature_183_from_C_0, ORGANISM Genus species Unclassified.,
DOMAINS
2	Query_58	Superfamily	353929	182	268	1.5603e-07	49.1464	cl15257	GIY-YIG_SF	-	-
ENDDOMAINS
SITES
2	Query_58	Generic	active site	Y185,Y196,G198,R206,H210,E264	6	6	198380
2	Query_58	Generic	catalytic site	R206,E264	2	2	198380
2	Query_58	Generic	metal binding site	E264	1	1	198380
2	Query_58	Generic	GIY-YIG motif/motif A	G183,C184,Y185,Y196,V197,G198	6	6	198380
ENDSITES
ENDQUERY
QUERY	Query_59	Peptide	460	orf460_Hyparg1_feature_185_from_C_0, ORGANISM Genus species Unclassified.,
DOMAINS
2	Query_59	Superfamily	353929	122	209	5.87667e-13	64.1692	cl15257	GIY-YIG_SF	-	-
2	Query_59	Non-specific	273636	122	365	9.99584e-06	46.2249	TIGR01453	grpIintron_endo	-	45
ENDDOMAINS
SITES
2	Query_59	Generic	active site	Y125,Y136,G138,R146,Y149,E194	6	6	198380
2	Query_59	Generic	catalytic site	R146,E194	2	2	198380
2	Query_59	Generic	metal binding site	E194	1	1	198380
2	Query_59	Generic	GIY-YIG motif/motif A	G123,V124,Y125,Y136,V137,G138	6	6	198380
ENDSITES
ENDQUERY
QUERY	Query_60	Peptide	78	nad4L_Hyparg1_feature_189_from_C_0, ORGANISM Genus species Unclassified.,
DOMAINS
2	Query_60	Superfamily	351118	3	76	1.53835e-12	56.9642	cl00492	Oxidored_q2	-	-
ENDDOMAINS
ENDQUERY
QUERY	Query_61	Peptide	222	orf223_Hyparg1_feature_191_from_C_0, ORGANISM Genus species Unclassified.,
DOMAINS
2	Query_61	Specific	334330	119	214	1.23023e-25	95.7662	pfam00961	LAGLIDADG_1	-	45
ENDDOMAINS
ENDQUERY
QUERY	Query_62	Peptide	96	orf97_Hyparg1_feature_193_from_C_0, ORGANISM Genus species Unclassified.,
DOMAINS
2	Query_62	Specific	334330	68	94	0.00529795	32.9787	pfam00961	LAGLIDADG_1	C	45
ENDDOMAINS
ENDQUERY
QUERY	Query_63	Peptide	103	orf104_Hyparg1_feature_195_from_C_0, ORGANISM Genus species Unclassified.,
DOMAINS
2	Query_63	Specific	334330	3	69	6.80937e-12	56.4759	pfam00961	LAGLIDADG_1	N	45
ENDDOMAINS
ENDQUERY
QUERY	Query_64	Peptide	366	orf367_Hyparg1_feature_197_from_C_0, ORGANISM Genus species Unclassified.,
DOMAINS
2	Query_64	Specific	334330	77	179	3.24384e-29	108.478	pfam00961	LAGLIDADG_1	-	45
2	Query_64	Specific	334330	240	332	1.74348e-21	87.677	pfam00961	LAGLIDADG_1	-	45
ENDDOMAINS
ENDQUERY
QUERY	Query_65	Peptide	656	nad5_Hyparg1_feature_199_from_C_0, ORGANISM Genus species Unclassified.,
DOMAINS
2	Query_65	Non-specific	214400	1	631	0	589.74	MTH00020	ND5	-	45
ENDDOMAINS
ENDQUERY
QUERY	Query_66	Peptide	556	orf556_Hyparg1_feature_203_from_C_0, ORGANISM Genus species Unclassified.,
DOMAINS
2	Query_66	Specific	334330	122	219	3.05016e-21	88.4474	pfam00961	LAGLIDADG_1	-	45
2	Query_66	Specific	334330	299	412	9.88839e-10	55.7055	pfam00961	LAGLIDADG_1	-	45
ENDDOMAINS
ENDQUERY
QUERY	Query_67	Peptide	603	orf603_Hyparg1_feature_207_from_C_0, ORGANISM Genus species Unclassified.,
DOMAINS
2	Query_67	Specific	334330	313	414	5.61726e-21	87.677	pfam00961	LAGLIDADG_1	-	45
2	Query_67	Specific	334330	472	570	1.50124e-20	86.5214	pfam00961	LAGLIDADG_1	-	45
2	Query_67	Specific	335245	38	199	2.37962e-16	76.8159	pfam03161	LAGLIDADG_2	-	45
ENDDOMAINS
ENDQUERY
ENDSESSION	2
SESSION	3	blastp	2.10.0+	/opt/rpsbproc/db/Cdd	BLOSUM62	0.01
QUERY	Query_68	Peptide	331	orf331_Hyparg1_feature_211_from_C_0, ORGANISM Genus species Unclassified.,
DOMAINS
3	Query_68	Specific	238828	97	326	1.57188e-72	223.617	cd01651	RT_G2_intron	-	295487
ENDDOMAINS
SITES
3	Query_68	Specific	putative active site	D169,I170,S171,K172,C173,F174,Q222,G223,Y305,D307,D308	13	11	238828
3	Query_68	Specific	putative nucleic acid binding site	G223	1	1	238828
3	Query_68	Specific	putative NTP binding site	D169,I170,S171,K172,C173,F174,Q222,D307	8	8	238828
ENDSITES
ENDQUERY
QUERY	Query_70	Peptide	249	orf249_Hyparg1_feature_217_from_C_0, ORGANISM Genus species Unclassified.,
DOMAINS
3	Query_70	Non-specific	214400	1	187	8.84106e-14	70.1059	MTH00020	ND5	N	45
ENDDOMAINS
ENDQUERY
QUERY	Query_72	Peptide	389	cob_Hyparg1_feature_224_from_C_0, ORGANISM Genus species Unclassified.,
DOMAINS
3	Query_72	Specific	214440	10	367	8.28541e-179	500.849	MTH00156	CYTB	-	45
ENDDOMAINS
ENDQUERY
QUERY	Query_73	Peptide	488	orf488_Hyparg1_feature_228_from_C_0, ORGANISM Genus species Unclassified.,
DOMAINS
3	Query_73	Specific	334330	93	183	1.09501e-22	92.2994	pfam00961	LAGLIDADG_1	-	45
3	Query_73	Specific	197761	425	480	0.00839329	34.4658	smart00497	IENR1	-	299755
3	Query_73	Specific	334330	238	340	0.00845965	35.6751	pfam00961	LAGLIDADG_1	-	45
ENDDOMAINS
ENDQUERY
QUERY	Query_74	Peptide	316	orf316_Hyparg1_feature_232_from_C_0, ORGANISM Genus species Unclassified.,
DOMAINS
3	Query_74	Superfamily	353929	251	316	2.63208e-06	44.9092	cl15257	GIY-YIG_SF	C	-
ENDDOMAINS
SITES
3	Query_74	Generic	active site	Y254,Y265,G267,R277,H281	6	5	198380
3	Query_74	Generic	catalytic site	R277	2	1	198380
3	Query_74	Generic	GIY-YIG motif/motif A	G252,I253,Y254,Y265,I266,G267	6	6	198380
ENDSITES
ENDQUERY
QUERY	Query_75	Peptide	135	orf135_Hyparg1_feature_234_from_C_0, ORGANISM Genus species Unclassified.,
DOMAINS
3	Query_75	Specific	284793	55	91	6.27276e-06	40.1884	pfam07453	NUMOD1	-	299755
3	Query_75	Non-specific	273636	2	105	0.00258543	36.2098	TIGR01453	grpIintron_endo	N	45
ENDDOMAINS
ENDQUERY
QUERY	Query_77	Peptide	274	orf274_Hyparg1_feature_242_from_C_0, ORGANISM Genus species Unclassified.,
DOMAINS
3	Query_77	Specific	334330	23	133	1.42987e-05	42.6087	pfam00961	LAGLIDADG_1	-	45
ENDDOMAINS
ENDQUERY
QUERY	Query_78	Peptide	282	orf282_Hyparg1_feature_246_from_C_0, ORGANISM Genus species Unclassified.,
DOMAINS
3	Query_78	Specific	334330	37	133	8.5393e-19	79.2026	pfam00961	LAGLIDADG_1	-	45
3	Query_78	Specific	334330	169	266	0.00610259	35.2899	pfam00961	LAGLIDADG_1	-	45
ENDDOMAINS
ENDQUERY
QUERY	Query_79	Peptide	287	orf287_Hyparg1_feature_250_from_C_0, ORGANISM Genus species Unclassified.,
DOMAINS
3	Query_79	Specific	334330	182	275	2.06725e-06	45.3051	pfam00961	LAGLIDADG_1	-	45
ENDDOMAINS
ENDQUERY
QUERY	Query_81	Peptide	99	orf99_Hyparg1_feature_255_from_C_0, ORGANISM Genus species Unclassified.,
DOMAINS
3	Query_81	Specific	335245	12	89	3.24556e-12	58.7115	pfam03161	LAGLIDADG_2	C	45
ENDDOMAINS
ENDQUERY
QUERY	Query_82	Peptide	109	orf110_Hyparg1_feature_257_from_C_0, ORGANISM Genus species Unclassified.,
DOMAINS
3	Query_82	Non-specific	273636	9	109	5.02291e-23	88.2117	TIGR01453	grpIintron_endo	C	45
ENDDOMAINS
ENDQUERY
QUERY	Query_83	Peptide	140	orf141_Hyparg1_feature_259_from_C_0, ORGANISM Genus species Unclassified.,
DOMAINS
3	Query_83	Specific	197761	85	139	3.78951e-05	38.703	smart00497	IENR1	-	299755
3	Query_83	Specific	197761	17	66	0.00633478	32.925	smart00497	IENR1	-	299755
ENDDOMAINS
ENDQUERY
QUERY	Query_84	Peptide	252	orf253_Hyparg1_feature_261_from_C_0, ORGANISM Genus species Unclassified.,
DOMAINS
3	Query_84	Non-specific	273636	161	197	2.81706e-09	55.4697	TIGR01453	grpIintron_endo	C	45
ENDDOMAINS
ENDQUERY
QUERY	Query_85	Peptide	131	orf131_Hyparg1_feature_263_from_C_0, ORGANISM Genus species Unclassified.,
DOMAINS
3	Query_85	Non-specific	273636	1	129	1.31897e-20	82.8189	TIGR01453	grpIintron_endo	N	45
ENDDOMAINS
ENDQUERY
QUERY	Query_90	Peptide	531	orf531_Hyparg1_feature_277_from_C_0, ORGANISM Genus species Unclassified.,
DOMAINS
3	Query_90	Specific	334330	363	486	2.34016e-14	68.8022	pfam00961	LAGLIDADG_1	-	45
3	Query_90	Specific	334330	227	312	2.77459e-07	48.7719	pfam00961	LAGLIDADG_1	-	45
ENDDOMAINS
ENDQUERY
QUERY	Query_91	Peptide	562	cox1_Hyparg1_feature_279_from_C_0, ORGANISM Genus species Unclassified.,
DOMAINS
3	Query_91	Specific	238833	2	433	0	730.437	cd01663	Cyt_c_Oxidase_I	-	350997
ENDDOMAINS
SITES
3	Query_91	Specific	Binuclear center (heme a3/CuB)	H162,H211,H212,H297	4	4	238833
3	Query_91	Specific	D-pathway	N2,D13,N20,S23,S78,S79,N85,T89	9	8	238833
3	Query_91	Specific	K-pathway	H162,Y166,S177,H211,H212,T237,K240	7	7	238833
3	Query_91	Specific	Electron transfer pathway	F298,R359,R360	3	3	238833
3	Query_91	Specific	Putative proton exit pathway	H212,H289,D290,R359,R360	5	5	238833
3	Query_91	Specific	Putative water exit pathway	D149,Q154,H155,D285,H289,D290,R359	7	7	238833
3	Query_91	Specific	Subunit I/II interface	D149,K186,F189,G190,T215,V216,G217,V220,R223,L231,I239,F242,Y249,G250,G251,L263,N281,A282,L284,I286,A287,F288,H289,D290,L354,Q355,R359,R360,I361,G370,W371	32	31	238833
3	Query_91	Specific	Subunit I/III interface	P12,F16,R18,W25,D66,F70,T88,N92,I112,L119,P122,M130,T139,S140,F141,G146,G147,D149,F159,Y196,M199,G202,V203,I207	25	24	238833
3	Query_91	Specific	Subunit I/Vb interface	S187,Y191,A432	3	3	238833
3	Query_91	Specific	Subunit I/VIa interface	V57,R135,N136,F137,N138	5	5	238833
3	Query_91	Specific	Subunit I/VIb interface	G217	1	1	238833
3	Query_91	Specific	Subunit I/VIc interface	G250	1	1	238833
3	Query_91	Specific	Subunit I/VIIa interface	F36,I39	2	2	238833
3	Query_91	Specific	Subunit I/VIIb interface	D366,G370	2	2	238833
3	Query_91	Specific	Subunit I/VIIIb interface	L330,W387	2	2	238833
3	Query_91	Specific	Dimer interface	I112,L119,F159,Y196,M199,G202,V203,I207	8	8	238833
ENDSITES
ENDQUERY
QUERY	Query_92	Peptide	634	orf634_Hyparg1_feature_283_from_C_0, ORGANISM Genus species Unclassified.,
DOMAINS
3	Query_92	Specific	335245	126	294	2.72032e-48	166.567	pfam03161	LAGLIDADG_2	-	45
3	Query_92	Specific	334330	484	593	5.19279e-17	76.5062	pfam00961	LAGLIDADG_1	-	45
3	Query_92	Specific	334330	366	450	2.30528e-05	43.3791	pfam00961	LAGLIDADG_1	-	45
ENDDOMAINS
ENDQUERY
QUERY	Query_93	Peptide	203	orf203_Hyparg1_feature_287_from_C_0, ORGANISM Genus species Unclassified.,
DOMAINS
3	Query_93	Non-specific	273636	8	196	6.11676e-28	104.39	TIGR01453	grpIintron_endo	-	45
ENDDOMAINS
ENDQUERY
QUERY	Query_94	Peptide	201	orf201_Hyparg1_feature_289_from_C_0, ORGANISM Genus species Unclassified.,
DOMAINS
3	Query_94	Specific	334330	42	160	4.37519e-16	70.343	pfam00961	LAGLIDADG_1	-	45
ENDDOMAINS
ENDQUERY
QUERY	Query_95	Peptide	382	orf382_Hyparg1_feature_293_from_C_0, ORGANISM Genus species Unclassified.,
DOMAINS
3	Query_95	Specific	334330	105	200	2.5581e-23	93.0698	pfam00961	LAGLIDADG_1	-	45
3	Query_95	Specific	334330	256	328	2.26899e-05	42.6087	pfam00961	LAGLIDADG_1	-	45
ENDDOMAINS
ENDQUERY
QUERY	Query_96	Peptide	401	orf401_Hyparg1_feature_297_from_C_0, ORGANISM Genus species Unclassified.,
DOMAINS
3	Query_96	Specific	334330	87	201	1.0778e-21	88.8326	pfam00961	LAGLIDADG_1	-	45
3	Query_96	Specific	334330	259	355	6.55357e-20	83.825	pfam00961	LAGLIDADG_1	-	45
ENDDOMAINS
ENDQUERY
QUERY	Query_98	Peptide	269	orf269_Hyparg1_feature_303_from_C_0, ORGANISM Genus species Unclassified.,
DOMAINS
3	Query_98	Specific	334330	139	239	2.77961e-25	96.1514	pfam00961	LAGLIDADG_1	-	45
3	Query_98	Specific	334330	5	79	2.10912e-14	67.2614	pfam00961	LAGLIDADG_1	N	45
ENDDOMAINS
ENDQUERY
QUERY	Query_99	Peptide	712	orf712_Hyparg1_feature_307_from_C_0, ORGANISM Genus species Unclassified.,
DOMAINS
3	Query_99	Specific	334330	70	169	2.50825e-20	86.1362	pfam00961	LAGLIDADG_1	-	45
3	Query_99	Specific	334330	232	332	5.78591e-16	73.8098	pfam00961	LAGLIDADG_1	-	45
3	Query_99	Specific	334330	592	681	4.02035e-08	51.4683	pfam00961	LAGLIDADG_1	-	45
3	Query_99	Specific	334330	486	553	7.15199e-06	44.9199	pfam00961	LAGLIDADG_1	C	45
ENDDOMAINS
ENDQUERY
QUERY	Query_101	Peptide	444	orf444_Hyparg1_feature_313_from_C_0, ORGANISM Genus species Unclassified.,
DOMAINS
3	Query_101	Specific	334330	216	283	4.352e-06	44.9199	pfam00961	LAGLIDADG_1	C	45
ENDDOMAINS
ENDQUERY
QUERY	Query_102	Peptide	352	orf352_Hyparg1_feature_317_from_C_0, ORGANISM Genus species Unclassified.,
DOMAINS
3	Query_102	Specific	334330	214	313	6.86571e-18	77.6618	pfam00961	LAGLIDADG_1	-	45
ENDDOMAINS
ENDQUERY
ENDSESSION	3
SESSION	4	blastp	2.10.0+	/opt/rpsbproc/db/Cdd	BLOSUM62	0.01
QUERY	Query_103	Peptide	321	orf321_Hyparg1_feature_321_from_C_0, ORGANISM Genus species Unclassified.,
DOMAINS
4	Query_103	Specific	334330	191	288	1.86945e-20	84.2102	pfam00961	LAGLIDADG_1	-	45
4	Query_103	Specific	334330	86	148	0.00547048	35.6751	pfam00961	LAGLIDADG_1	C	45
ENDDOMAINS
ENDQUERY
QUERY	Query_104	Peptide	272	orf272_Hyparg1_feature_323_from_C_0, ORGANISM Genus species Unclassified.,
DOMAINS
4	Query_104	Non-specific	223021	30	178	0.00522846	37.9957	PHA03247	PHA03247	N	45
ENDDOMAINS
ENDQUERY
QUERY	Query_105	Peptide	504	orf504_Hyparg1_feature_327_from_C_0, ORGANISM Genus species Unclassified.,
DOMAINS
4	Query_105	Specific	335245	307	472	7.13328e-51	170.805	pfam03161	LAGLIDADG_2	-	45
4	Query_105	Specific	334330	150	240	1.0343e-06	46.8459	pfam00961	LAGLIDADG_1	-	45
ENDDOMAINS
ENDQUERY
QUERY	Query_106	Peptide	440	orf440_Hyparg1_feature_331_from_C_0, ORGANISM Genus species Unclassified.,
DOMAINS
4	Query_106	Specific	273636	138	343	3.00146e-52	174.496	TIGR01453	grpIintron_endo	-	45
4	Query_106	Specific	197761	377	427	2.21058e-06	44.481	smart00497	IENR1	-	299755
ENDDOMAINS
ENDQUERY
QUERY	Query_107	Peptide	591	orf591_Hyparg1_feature_335_from_C_0, ORGANISM Genus species Unclassified.,
DOMAINS
4	Query_107	Specific	334330	299	398	2.31244e-26	103.085	pfam00961	LAGLIDADG_1	-	45
4	Query_107	Specific	334330	463	562	1.26211e-23	95.381	pfam00961	LAGLIDADG_1	-	45
4	Query_107	Specific	334330	98	148	1.79024e-07	49.1571	pfam00961	LAGLIDADG_1	C	45
ENDDOMAINS
ENDQUERY
QUERY	Query_109	Peptide	350	nad1_Hyparg1_feature_344_from_C_0, ORGANISM Genus species Unclassified.,
DOMAINS
4	Query_109	Specific	333876	10	333	5.86862e-101	299.773	pfam00146	NADHdh	-	351105
ENDDOMAINS
ENDQUERY
QUERY	Query_110	Peptide	272	orf272_Hyparg1_feature_348_from_C_0, ORGANISM Genus species Unclassified.,
DOMAINS
4	Query_110	Specific	334330	147	241	1.05969e-25	97.307	pfam00961	LAGLIDADG_1	-	45
4	Query_110	Specific	334330	1	89	9.69091e-18	76.121	pfam00961	LAGLIDADG_1	-	45
ENDDOMAINS
ENDQUERY
QUERY	Query_111	Peptide	676	orf676_Hyparg1_feature_352_from_C_0, ORGANISM Genus species Unclassified.,
DOMAINS
4	Query_111	Specific	334582	256	335	3.83598e-08	50.7961	pfam01541	GIY-YIG	-	353929
4	Query_111	Non-specific	273636	256	516	1.69715e-05	46.2249	TIGR01453	grpIintron_endo	-	45
4	Query_111	Specific	197761	619	675	0.000250716	39.0882	smart00497	IENR1	-	299755
4	Query_111	Specific	197761	538	597	0.000657845	37.9326	smart00497	IENR1	-	299755
ENDDOMAINS
SITES
4	Query_111	Generic	active site	Y260,Y271,G274,R282,H286,E326	6	6	198380
4	Query_111	Generic	catalytic site	R282,E326	2	2	198380
4	Query_111	Generic	metal binding site	E326	1	1	198380
4	Query_111	Generic	GIY-YIG motif/motif A	G258,I259,Y260,Y271,I273,G274	6	6	198380
ENDSITES
ENDQUERY
QUERY	Query_112	Peptide	348	orf348_Hyparg1_feature_356_from_C_0, ORGANISM Genus species Unclassified.,
DOMAINS
4	Query_112	Specific	334330	226	314	2.51379e-07	48.0015	pfam00961	LAGLIDADG_1	-	45
ENDDOMAINS
ENDQUERY
QUERY	Query_114	Peptide	110	orf110_Hyparg1_feature_362_from_C_0, ORGANISM Genus species Unclassified.,
DOMAINS
4	Query_114	Non-specific	273636	1	105	1.94813e-20	81.6633	TIGR01453	grpIintron_endo	N	45
ENDDOMAINS
SITES
4	Query_114	Generic	DNA binding site	N33,P34,M35,Y36,H40,T44,M48,S49,K54,Y55,L57,V76,I80,S85,T88,G90,K91,Y92,I102	21	19	238175
ENDSITES
ENDQUERY
QUERY	Query_115	Peptide	489	orf489_Hyparg1_feature_366_from_C_0, ORGANISM Genus species Unclassified.,
DOMAINS
4	Query_115	Specific	334330	82	174	2.42644e-20	85.751	pfam00961	LAGLIDADG_1	-	45
4	Query_115	Specific	334330	222	340	4.04948e-05	42.2235	pfam00961	LAGLIDADG_1	-	45
ENDDOMAINS
ENDQUERY
QUERY	Query_116	Peptide	878	nad4_Hyparg1_feature_369_from_C_0, ORGANISM Genus species Unclassified.,
DOMAINS
4	Query_116	Specific	235622	37	492	1.79392e-129	397.651	PRK05846	PRK05846	-	45
ENDDOMAINS
ENDQUERY
QUERY	Query_117	Peptide	436	orf436_Hyparg1_feature_373_from_C_0, ORGANISM Genus species Unclassified.,
DOMAINS
4	Query_117	Specific	334330	146	245	1.49209e-23	94.2254	pfam00961	LAGLIDADG_1	-	45
4	Query_117	Specific	334330	305	405	1.93843e-23	93.8402	pfam00961	LAGLIDADG_1	-	45
ENDDOMAINS
ENDQUERY
QUERY	Query_118	Peptide	166	orf166_Hyparg1_feature_375_from_C_0, ORGANISM Genus species Unclassified.,
DOMAINS
4	Query_118	Specific	334330	36	134	3.14537e-20	79.973	pfam00961	LAGLIDADG_1	-	45
ENDDOMAINS
ENDQUERY
QUERY	Query_120	Peptide	50	atp8_Hyparg1_feature_380_from_C_0, ORGANISM Genus species Unclassified.,
DOMAINS
4	Query_120	Non-specific	283561	1	48	6.53681e-09	45.475	pfam05933	Fun_ATP-synt_8	-	45
ENDDOMAINS
ENDQUERY
QUERY	Query_121	Peptide	263	atp6_Hyparg1_feature_382_from_C_0, ORGANISM Genus species Unclassified.,
DOMAINS
4	Query_121	Specific	273458	38	260	4.45506e-48	158.909	TIGR01131	ATP_synt_6_or_A	-	351082
ENDDOMAINS
ENDQUERY
QUERY	Query_122	Peptide	346	orf346_Hyparg1_feature_386_from_C_0, ORGANISM Genus species Unclassified.,
DOMAINS
4	Query_122	Specific	334330	58	157	6.36706e-23	91.1438	pfam00961	LAGLIDADG_1	-	45
4	Query_122	Specific	334330	217	312	2.32014e-17	76.121	pfam00961	LAGLIDADG_1	-	45
ENDDOMAINS
ENDQUERY
QUERY	Query_123	Peptide	374	orf374_Hyparg1_feature_390_from_C_0, ORGANISM Genus species Unclassified.,
DOMAINS
4	Query_123	Non-specific	273636	30	228	1.1453e-34	126.732	TIGR01453	grpIintron_endo	-	45
ENDDOMAINS
ENDQUERY
QUERY	Query_124	Peptide	665	orf665_Hyparg1_feature_394_from_C_0, ORGANISM Genus species Unclassified.,
DOMAINS
4	Query_124	Specific	198392	516	601	5.28166e-22	90.3628	cd10445	GIY-YIG_bI1_like	-	353929
ENDDOMAINS
SITES
4	Query_124	Specific	putative active site	Y518,Y529,G531,R539,Y543,E586,N598	7	7	198392
4	Query_124	Specific	putative metal binding site	E586	1	1	198392
4	Query_124	Specific	GIY-YIG motif/motif A	G516,I517,Y518,Y529,I530,G531	6	6	198392
ENDSITES
ENDQUERY
QUERY	Query_127	Peptide	628	orf628_Hyparg1_feature_401_from_C_0, ORGANISM Genus species Unclassified.,
DOMAINS
4	Query_127	Specific	238828	86	367	4.36494e-89	275.619	cd01651	RT_G2_intron	-	295487
4	Query_127	Non-specific	279664	392	482	7.14829e-13	65.9539	pfam01348	Intron_maturas2	C	45
ENDDOMAINS
SITES
4	Query_127	Specific	putative active site	D159,I160,K161,A162,F163,F164,Q214,G215,Y312,D314,D315,L363,G364	13	13	238828
4	Query_127	Specific	putative nucleic acid binding site	G215	1	1	238828
4	Query_127	Specific	putative NTP binding site	D159,I160,K161,A162,F163,F164,Q214,D314	8	8	238828
ENDSITES
ENDQUERY
QUERY	Query_128	Peptide	467	orf467_Hyparg1_feature_403_from_C_0, ORGANISM Genus species Unclassified.,
DOMAINS
4	Query_128	Specific	334330	55	152	5.74795e-17	76.121	pfam00961	LAGLIDADG_1	-	45
4	Query_128	Specific	334330	204	316	1.51695e-06	46.4607	pfam00961	LAGLIDADG_1	-	45
ENDDOMAINS
ENDQUERY
QUERY	Query_129	Peptide	390	orf391_Hyparg1_feature_405_from_C_0, ORGANISM Genus species Unclassified.,
DOMAINS
4	Query_129	Specific	334330	261	361	4.44127e-25	97.6922	pfam00961	LAGLIDADG_1	-	45
4	Query_129	Specific	334330	102	204	2.07876e-22	90.3734	pfam00961	LAGLIDADG_1	-	45
ENDDOMAINS
ENDQUERY
QUERY	Query_130	Peptide	426	orf427_Hyparg1_feature_407_from_C_0, ORGANISM Genus species Unclassified.,
DOMAINS
4	Query_130	Specific	334330	139	238	2.90214e-22	90.3734	pfam00961	LAGLIDADG_1	-	45
4	Query_130	Specific	334330	298	400	9.33417e-17	75.3506	pfam00961	LAGLIDADG_1	-	45
ENDDOMAINS
ENDQUERY
ENDSESSION	4
SESSION	5	blastp	2.10.0+	/opt/rpsbproc/db/Cdd	BLOSUM62	0.01
QUERY	Query_131	Peptide	473	orf474_Hyparg1_feature_409_from_C_0, ORGANISM Genus species Unclassified.,
DOMAINS
5	Query_131	Specific	334330	183	281	1.24251e-26	103.085	pfam00961	LAGLIDADG_1	-	45
5	Query_131	Specific	334330	341	442	1.79404e-21	88.8326	pfam00961	LAGLIDADG_1	-	45
ENDDOMAINS
ENDQUERY
QUERY	Query_132	Peptide	586	orf587_Hyparg1_feature_411_from_C_0, ORGANISM Genus species Unclassified.,
DOMAINS
5	Query_132	Non-specific	275209	88	447	4.81151e-107	325.566	TIGR04416	group_II_RT_mat	-	45
5	Query_132	Specific	338877	46	124	1.52161e-17	77.4951	pfam13655	RVT_N	-	45
5	Query_132	Specific	238038	524	577	8.46648e-13	62.8743	cd00085	HNHc	-	350893
ENDDOMAINS
SITES
5	Query_132	Specific	active site	E547,H549,H550,I551,P553,N564,L565,H569,R570,H573,T577	11	11	238038
ENDSITES
ENDQUERY
QUERY	Query_133	Peptide	174	orf175_Hyparg1_feature_415_from_C_0, ORGANISM Genus species Unclassified.,
DOMAINS
5	Query_133	Specific	334330	1	71	9.8449e-08	47.6163	pfam00961	LAGLIDADG_1	N	45
ENDDOMAINS
ENDQUERY
QUERY	Query_135	Peptide	86	orf87_Hyparg1_feature_431_from_C_0, ORGANISM Genus species Unclassified.,
DOMAINS
5	Query_135	Specific	334330	9	75	7.18906e-10	50.6979	pfam00961	LAGLIDADG_1	C	45
ENDDOMAINS
ENDQUERY
QUERY	Query_136	Peptide	270	orf271_Hyparg1_feature_433_from_C_0, ORGANISM Genus species Unclassified.,
DOMAINS
5	Query_136	Specific	334330	90	191	4.19027e-17	74.5802	pfam00961	LAGLIDADG_1	-	45
ENDDOMAINS
ENDQUERY
QUERY	Query_137	Peptide	555	orf556_Hyparg1_feature_435_from_C_0, ORGANISM Genus species Unclassified.,
DOMAINS
5	Query_137	Specific	334330	144	243	1.32612e-15	72.269	pfam00961	LAGLIDADG_1	-	45
5	Query_137	Specific	334114	10	48	9.25567e-08	50.9215	pfam00499	Oxidored_q3	C	354830
ENDDOMAINS
ENDQUERY
QUERY	Query_138	Peptide	134	nad6_Hyparg1_feature_437_from_C_0, ORGANISM Genus species Unclassified.,
DOMAINS
5	Query_138	Specific	334114	75	124	5.33803e-08	48.2251	pfam00499	Oxidored_q3	N	354830
ENDDOMAINS
ENDQUERY
QUERY	Query_139	Peptide	105	orf106_Hyparg1_feature_439_from_C_0, ORGANISM Genus species Unclassified.,
DOMAINS
5	Query_139	Specific	334330	9	103	1.01197e-19	76.5062	pfam00961	LAGLIDADG_1	-	45
ENDDOMAINS
ENDQUERY
QUERY	Query_140	Peptide	165	orf165_Hyparg1_feature_441_from_C_0, ORGANISM Genus species Unclassified.,
DOMAINS
5	Query_140	Specific	334330	57	153	6.247e-24	89.603	pfam00961	LAGLIDADG_1	-	45
ENDDOMAINS
ENDQUERY
ENDSESSION	5
ENDDATA
