#Post-RPSBLAST Processing Utility

#Input data file:	Hypfus1_MitoAssemblyScaffolds.fasta.new.sqn.gbf_converted.faa.asn
#Output data file:	Hypfus1_MitoAssemblyScaffolds.fasta.new.sqn.gbf_converted.faa.asn.out
#Annotation data at:	/opt/rpsbproc/data
#E-Value cutoff:	0.01
#Redundancy:	Concise
#Data requested:	Domain hits and site annotations
#Output format -- tab-delimited table
#Show superfamilies: NO
#DATA
#SESSION	<session-ordinal>	<program>	<database>	<score-matrix>	<evalue-threshold>
#QUERY	<query-id>	<seq-type>	<seq-length>	<definition-line>
#DOMAINS
#<session-ordinal>	<query-id[readingframe]>	<hit-type>	<PSSM-ID>	<from>	<to>	<E-Value>	<bitscore>	<accession>	<short-name>	<incomplete>	<superfamily PSSM-ID>
#more such lines......
#ENDDOMAINS
#SITES
#<session-ordinal>	<query-id[readingframe]>	<annot-type>	<title>	<residue(coordinates)>	<complete-size>	<mapped-size>	<source-domain>
#more such lines......
#ENDSITES
#MOTIFS
#<session-ordinal>	<query-id[readingframe]>	<title>	<from>	<to>	<source-domain>
#more such lines......
#ENDMOTIFS
#ENDQUERY	<query-id>
#more query sections..
#ENDSESSION	<session-ordinal>
#more session sections..
#ENDDATA
#=====================================================================
DATA
SESSION	1	blastp	2.10.0+	/opt/rpsbproc/db/Cdd	BLOSUM62	0.01
QUERY	Query_2	Peptide	652	orf652_Hypfus1_feature_4_from_C_0, ORGANISM Genus species Unclassified.,
DOMAINS
1	Query_2	Specific	238333	353	475	2.02994e-36	132.737	cd00593	RIBOc	-	350987
1	Query_2	Specific	198392	170	255	1.94698e-18	80.3476	cd10445	GIY-YIG_bI1_like	-	353929
ENDDOMAINS
SITES
1	Query_2	Specific	active site	E373,E376,D380,D444,E447	5	5	238333
1	Query_2	Specific	metal binding site	E376,D444,E447	3	3	238333
1	Query_2	Specific	dimerization interface	E373,R374,F377,L378,C381,E384,Y385,T388,H389,L391,F392,K393,L403,Y454,H463	15	15	238333
1	Query_2	Specific	putative active site	Y173,Y184,G186,R194,Y198,E240,N252	7	7	198392
1	Query_2	Specific	putative metal binding site	E240	1	1	198392
1	Query_2	Specific	GIY-YIG motif/motif A	G171,I172,Y173,Y184,I185,G186	6	6	198392
ENDSITES
ENDQUERY
QUERY	Query_3	Peptide	264	atp6_Hypfus1_feature_12_from_C_0, ORGANISM Genus species Unclassified.,
DOMAINS
1	Query_3	Superfamily	351082	19	264	3.86159e-48	159.402	cl00413	ATP-synt_A	-	-
ENDDOMAINS
ENDQUERY
QUERY	Query_4	Peptide	50	atp8_Hypfus1_feature_14_from_C_0, ORGANISM Genus species Unclassified.,
DOMAINS
1	Query_4	Non-specific	283561	1	48	4.46035e-08	43.1638	pfam05933	Fun_ATP-synt_8	-	45
ENDDOMAINS
ENDQUERY
QUERY	Query_5	Peptide	491	nad4_Hypfus1_feature_16_from_C_0, ORGANISM Genus species Unclassified.,
DOMAINS
1	Query_5	Specific	235622	34	487	5.53164e-128	381.087	PRK05846	PRK05846	-	45
ENDDOMAINS
ENDQUERY
QUERY	Query_6	Peptide	368	nad1_Hypfus1_feature_18_from_C_0, ORGANISM Genus species Unclassified.,
DOMAINS
1	Query_6	Specific	333876	13	351	2.3359e-114	334.826	pfam00146	NADHdh	-	351105
ENDDOMAINS
ENDQUERY
QUERY	Query_7	Peptide	296	orf296_Hypfus1_feature_22_from_C_0, ORGANISM Genus species Unclassified.,
DOMAINS
1	Query_7	Specific	273636	77	292	1.73238e-57	183.741	TIGR01453	grpIintron_endo	-	45
ENDDOMAINS
ENDQUERY
QUERY	Query_8	Peptide	538	cox1_Hypfus1_feature_27_from_C_0, ORGANISM Genus species Unclassified.,
DOMAINS
1	Query_8	Specific	238833	20	522	0	827.892	cd01663	Cyt_c_Oxidase_I	-	350997
ENDDOMAINS
SITES
1	Query_8	Specific	Binuclear center (heme a3/CuB)	H251,H300,H301,H386	4	4	238833
1	Query_8	Specific	Low-spin heme (heme a) binding site	H72,H388,S392,T434,S471	5	5	238833
1	Query_8	Specific	D-pathway	Y29,N91,D102,N109,S112,S167,S168,N174,T178	9	9	238833
1	Query_8	Specific	K-pathway	H251,Y255,S266,H300,H301,T326,K329	7	7	238833
1	Query_8	Specific	Electron transfer pathway	F387,R448,R449	3	3	238833
1	Query_8	Specific	Putative proton exit pathway	H301,H378,D379,R448,R449	5	5	238833
1	Query_8	Specific	Putative water exit pathway	D238,Q243,H244,D374,H378,D379,R448	7	7	238833
1	Query_8	Specific	Subunit I/II interface	N66,D238,K275,F278,G279,T304,V305,G306,V309,R312,L320,I328,F331,Y338,G339,G340,L352,N370,A371,L373,I375,A376,F377,H378,D379,L443,Q444,R448,R449,I450,G459,W460	32	32	238833
1	Query_8	Specific	Subunit I/III interface	T20,P101,F105,R107,W114,D155,F159,T177,N181,I201,L208,P211,M219,T228,S229,F230,G235,G236,D238,F248,Y285,M288,G291,I292,I296	25	25	238833
1	Query_8	Specific	Subunit I/IV interface	M49,S52,G53,L418,K421,V422,D455,V473	8	8	238833
1	Query_8	Specific	Subunit I/Vb interface	S276,Y280,A521	3	3	238833
1	Query_8	Specific	Subunit I/VIa interface	V146,R224,N225,F226,N227	5	5	238833
1	Query_8	Specific	Subunit I/VIb interface	G306	1	1	238833
1	Query_8	Specific	Subunit I/VIc interface	G339	1	1	238833
1	Query_8	Specific	Subunit I/VIIa interface	F125,V128	2	2	238833
1	Query_8	Specific	Subunit I/VIIb interface	D455,G459	2	2	238833
1	Query_8	Specific	Subunit I/VIIc interface	F35,L39,A42,L46,A127,V128,I410,Y483,L486	9	9	238833
1	Query_8	Specific	Subunit I/VIIIb interface	L419,W476	2	2	238833
1	Query_8	Specific	Dimer interface	I201,L208,F248,Y285,M288,G291,I292,I296	8	8	238833
ENDSITES
ENDQUERY
QUERY	Query_9	Peptide	235	cob_Hypfus1_feature_31_from_C_0, ORGANISM Genus species Unclassified.,
DOMAINS
1	Query_9	Non-specific	214440	1	215	1.57631e-92	275.507	MTH00156	CYTB	N	45
ENDDOMAINS
ENDQUERY
QUERY	Query_10	Peptide	316	orf316_Hypfus1_feature_35_from_C_0, ORGANISM Genus species Unclassified.,
DOMAINS
1	Query_10	Specific	334330	74	142	0.000878375	37.9863	pfam00961	LAGLIDADG_1	C	45
ENDDOMAINS
ENDQUERY
QUERY	Query_11	Peptide	472	orf472_Hypfus1_feature_38_from_C_0, ORGANISM Genus species Unclassified.,
DOMAINS
1	Query_11	Superfamily	354370	15	453	0	571.511	cl18945	Beta_elim_lyase	-	-
ENDDOMAINS
ENDQUERY
QUERY	Query_12	Peptide	388	orf388_Hypfus1_feature_40_from_C_0, ORGANISM Genus species Unclassified.,
DOMAINS
1	Query_12	Specific	315878	179	355	1.22589e-17	78.5406	pfam13302	Acetyltransf_3	-	356580
ENDDOMAINS
ENDQUERY
QUERY	Query_13	Peptide	150	cob_Hypfus1_feature_42_from_C_0, ORGANISM Genus species Unclassified.,
DOMAINS
1	Query_13	Non-specific	214440	10	143	1.29007e-68	210.794	MTH00156	CYTB	C	45
ENDDOMAINS
ENDQUERY
QUERY	Query_14	Peptide	830	nad5_Hypfus1_feature_44_from_C_0, ORGANISM Genus species Unclassified.,
DOMAINS
1	Query_14	Non-specific	214400	1	624	0	622.482	MTH00020	ND5	-	45
ENDDOMAINS
ENDQUERY
QUERY	Query_15	Peptide	300	orf300_Hypfus1_feature_48_from_C_0, ORGANISM Genus species Unclassified.,
DOMAINS
1	Query_15	Specific	334330	179	274	1.30494e-11	59.9427	pfam00961	LAGLIDADG_1	-	45
1	Query_15	Specific	334330	66	155	9.09622e-08	49.1571	pfam00961	LAGLIDADG_1	-	45
ENDDOMAINS
ENDQUERY
QUERY	Query_16	Peptide	89	nad4L_Hypfus1_feature_51_from_C_0, ORGANISM Genus species Unclassified.,
DOMAINS
1	Query_16	Superfamily	351118	3	86	4.8384e-17	68.9053	cl00492	Oxidored_q2	-	-
ENDDOMAINS
ENDQUERY
QUERY	Query_17	Peptide	443	orf443_Hypfus1_feature_55_from_C_0, ORGANISM Genus species Unclassified.,
DOMAINS
1	Query_17	Specific	315878	263	427	6.02828e-25	99.3414	pfam13302	Acetyltransf_3	-	356580
1	Query_17	Specific	349422	6	37	0.00801685	34.7928	cd18182	ATP-synt_Fo_c_ATP5G3	C	365782
ENDDOMAINS
SITES
ENDSITES
ENDQUERY
QUERY	Query_18	Peptide	252	cox2_Hypfus1_feature_57_from_C_0, ORGANISM Genus species Unclassified.,
DOMAINS
1	Query_18	Specific	214438	20	249	3.47109e-110	316.385	MTH00154	COX2	-	45
ENDDOMAINS
ENDQUERY
QUERY	Query_19	Peptide	74	atp9_Hypfus1_feature_59_from_C_0, ORGANISM Genus species Unclassified.,
DOMAINS
1	Query_19	Specific	349422	6	70	3.17446e-20	75.6239	cd18182	ATP-synt_Fo_c_ATP5G3	-	365782
ENDDOMAINS
SITES
ENDSITES
ENDQUERY
QUERY	Query_20	Peptide	148	nad3_Hypfus1_feature_61_from_C_0, ORGANISM Genus species Unclassified.,
DOMAINS
1	Query_20	Specific	334119	19	113	5.31301e-19	75.9146	pfam00507	Oxidored_q4	-	351141
ENDDOMAINS
ENDQUERY
QUERY	Query_21	Peptide	553	nad2_Hypfus1_feature_63_from_C_0, ORGANISM Genus species Unclassified.,
DOMAINS
1	Query_21	Specific	235603	124	478	1.50105e-79	257.442	PRK05777	PRK05777	N	356474
ENDDOMAINS
ENDQUERY
QUERY	Query_22	Peptide	218	orf219_Hypfus1_feature_83_from_C_0, ORGANISM Genus species Unclassified.,
DOMAINS
1	Query_22	Specific	334330	53	135	8.11383e-12	59.1723	pfam00961	LAGLIDADG_1	-	45
ENDDOMAINS
ENDQUERY
QUERY	Query_24	Peptide	269	cox3_Hypfus1_feature_95_from_C_0, ORGANISM Genus species Unclassified.,
DOMAINS
1	Query_24	Specific	278911	12	269	2.60254e-140	394.47	pfam00510	COX3	-	294143
ENDDOMAINS
SITES
1	Query_24	Specific	Subunit I/III interface	A82,K85,G86,S97,L100,A104,I105,H111,G199,A200,T203,F207	12	12	238834
1	Query_24	Specific	Subunit III/Vb interface	G166	1	1	238834
1	Query_24	Specific	Subunit III/VIa interface	F135,E136,L137,Y154,I180,S190,V191,S192,S197,D198,G199	11	11	238834
1	Query_24	Specific	Subunit III/VIb interface	I127	1	1	238834
1	Query_24	Specific	Subunit III/VIIa interface	F64,R67,D68,S71,T74,F75,L76	7	7	238834
1	Query_24	Specific	Phospholipid binding site	W65,F66,I69,I70,G73,H79,G90,V91,F94,F222,R229,L241,G242	13	13	238834
ENDSITES
ENDQUERY
QUERY	Query_26	Peptide	227	orf227_Hypfus1_feature_101_from_C_0, ORGANISM Genus species Unclassified.,
DOMAINS
1	Query_26	Superfamily	295487	72	157	1.94778e-12	64.1444	cl02808	RT_like	C	-
ENDDOMAINS
SITES
1	Query_26	Generic	active site	D148,L149,K150,D151,F152,F153	13	6	238185
1	Query_26	Generic	NTP binding site	D148,L149,K150,D151,F152,F153	8	6	238185
ENDSITES
ENDQUERY
QUERY	Query_27	Peptide	218	nad6_Hypfus1_feature_103_from_C_0, ORGANISM Genus species Unclassified.,
DOMAINS
1	Query_27	Superfamily	354830	24	213	3.57932e-23	91.6009	cl21484	Oxidored_q3	-	-
ENDDOMAINS
ENDQUERY
ENDSESSION	1
ENDDATA
