#Post-RPSBLAST Processing Utility

#Input data file:	HyprubER1909_1_MitoAssemblyScaffolds.fasta.new.sqn.gbf_converted.faa.asn
#Output data file:	HyprubER1909_1_MitoAssemblyScaffolds.fasta.new.sqn.gbf_converted.faa.asn.out
#Annotation data at:	/opt/rpsbproc/data
#E-Value cutoff:	0.01
#Redundancy:	Concise
#Data requested:	Domain hits and site annotations
#Output format -- tab-delimited table
#Show superfamilies: NO
#DATA
#SESSION	<session-ordinal>	<program>	<database>	<score-matrix>	<evalue-threshold>
#QUERY	<query-id>	<seq-type>	<seq-length>	<definition-line>
#DOMAINS
#<session-ordinal>	<query-id[readingframe]>	<hit-type>	<PSSM-ID>	<from>	<to>	<E-Value>	<bitscore>	<accession>	<short-name>	<incomplete>	<superfamily PSSM-ID>
#more such lines......
#ENDDOMAINS
#SITES
#<session-ordinal>	<query-id[readingframe]>	<annot-type>	<title>	<residue(coordinates)>	<complete-size>	<mapped-size>	<source-domain>
#more such lines......
#ENDSITES
#MOTIFS
#<session-ordinal>	<query-id[readingframe]>	<title>	<from>	<to>	<source-domain>
#more such lines......
#ENDMOTIFS
#ENDQUERY	<query-id>
#more query sections..
#ENDSESSION	<session-ordinal>
#more session sections..
#ENDDATA
#=====================================================================
DATA
SESSION	1	blastp	2.10.0+	/opt/rpsbproc/db/Cdd	BLOSUM62	0.01
QUERY	Query_1	Peptide	269	cox3_HyprubER1909_feature_4_from_C_0, ORGANISM Genus species Unclassified.,
DOMAINS
1	Query_1	Specific	278911	12	269	3.66278e-141	396.781	pfam00510	COX3	-	294143
ENDDOMAINS
SITES
1	Query_1	Specific	Subunit I/III interface	A82,K85,G86,S97,L100,A104,I105,H111,G199,A200,T203,F207	12	12	238834
1	Query_1	Specific	Subunit III/Vb interface	G166	1	1	238834
1	Query_1	Specific	Subunit III/VIa interface	F135,E136,L137,Y154,I180,S190,V191,S192,S197,D198,G199	11	11	238834
1	Query_1	Specific	Subunit III/VIb interface	I127	1	1	238834
1	Query_1	Specific	Subunit III/VIIa interface	F64,R67,D68,S71,T74,F75,L76	7	7	238834
1	Query_1	Specific	Phospholipid binding site	W65,F66,I69,I70,G73,H79,G90,V91,F94,F222,R229,L241,G242	13	13	238834
ENDSITES
ENDQUERY
QUERY	Query_2	Peptide	218	nad6_HyprubER1909_feature_8_from_C_0, ORGANISM Genus species Unclassified.,
DOMAINS
1	Query_2	Superfamily	354830	24	213	3.5043e-23	91.6009	cl21484	Oxidored_q3	-	-
ENDDOMAINS
ENDQUERY
QUERY	Query_3	Peptide	264	atp6_HyprubER1909_feature_28_from_C_0, ORGANISM Genus species Unclassified.,
DOMAINS
1	Query_3	Specific	273458	39	261	2.66147e-49	161.99	TIGR01131	ATP_synt_6_or_A	-	351082
ENDDOMAINS
ENDQUERY
QUERY	Query_4	Peptide	50	atp8_HyprubER1909_feature_30_from_C_0, ORGANISM Genus species Unclassified.,
DOMAINS
1	Query_4	Non-specific	283561	1	48	4.46035e-08	43.1638	pfam05933	Fun_ATP-synt_8	-	45
ENDDOMAINS
ENDQUERY
QUERY	Query_5	Peptide	492	nad4_HyprubER1909_feature_32_from_C_0, ORGANISM Genus species Unclassified.,
DOMAINS
1	Query_5	Specific	235622	34	487	3.31748e-126	376.465	PRK05846	PRK05846	-	45
ENDDOMAINS
ENDQUERY
QUERY	Query_6	Peptide	368	nad1_HyprubER1909_feature_34_from_C_0, ORGANISM Genus species Unclassified.,
DOMAINS
1	Query_6	Specific	333876	13	351	3.70511e-109	321.344	pfam00146	NADHdh	-	351105
ENDDOMAINS
ENDQUERY
QUERY	Query_7	Peptide	547	cox1_HyprubER1909_feature_38_from_C_0, ORGANISM Genus species Unclassified.,
DOMAINS
1	Query_7	Specific	238833	25	527	0	831.744	cd01663	Cyt_c_Oxidase_I	-	350997
ENDDOMAINS
SITES
1	Query_7	Specific	Binuclear center (heme a3/CuB)	H256,H305,H306,H391	4	4	238833
1	Query_7	Specific	Low-spin heme (heme a) binding site	H77,H393,S397,T439,S476	5	5	238833
1	Query_7	Specific	D-pathway	Y34,N96,D107,N114,S117,S172,S173,N179,T183	9	9	238833
1	Query_7	Specific	K-pathway	H256,Y260,S271,H305,H306,T331,K334	7	7	238833
1	Query_7	Specific	Electron transfer pathway	F392,R453,R454	3	3	238833
1	Query_7	Specific	Putative proton exit pathway	H306,H383,D384,R453,R454	5	5	238833
1	Query_7	Specific	Putative water exit pathway	D243,Q248,H249,D379,H383,D384,R453	7	7	238833
1	Query_7	Specific	Subunit I/II interface	N71,D243,K280,F283,G284,T309,V310,G311,V314,R317,L325,I333,F336,Y343,G344,G345,L357,N375,A376,L378,I380,A381,F382,H383,D384,L448,Q449,R453,R454,I455,G464,W465	32	32	238833
1	Query_7	Specific	Subunit I/III interface	T25,P106,F110,R112,W119,D160,F164,T182,N186,I206,L213,P216,M224,T233,S234,F235,G240,G241,D243,F253,Y290,M293,G296,I297,I301	25	25	238833
1	Query_7	Specific	Subunit I/IV interface	M54,S57,G58,L423,K426,V427,D460,I478	8	8	238833
1	Query_7	Specific	Subunit I/Vb interface	S281,Y285,A526	3	3	238833
1	Query_7	Specific	Subunit I/VIa interface	V151,R229,N230,F231,N232	5	5	238833
1	Query_7	Specific	Subunit I/VIb interface	G311	1	1	238833
1	Query_7	Specific	Subunit I/VIc interface	G344	1	1	238833
1	Query_7	Specific	Subunit I/VIIa interface	F130,V133	2	2	238833
1	Query_7	Specific	Subunit I/VIIb interface	D460,G464	2	2	238833
1	Query_7	Specific	Subunit I/VIIc interface	F40,L44,A47,L51,A132,V133,I415,Y488,L491	9	9	238833
1	Query_7	Specific	Subunit I/VIIIb interface	L424,W481	2	2	238833
1	Query_7	Specific	Dimer interface	I206,L213,F253,Y290,M293,G296,I297,I301	8	8	238833
ENDSITES
ENDQUERY
QUERY	Query_8	Peptide	392	cob_HyprubER1909_feature_42_from_C_0, ORGANISM Genus species Unclassified.,
DOMAINS
1	Query_8	Specific	214440	10	367	2.74393e-178	499.694	MTH00156	CYTB	-	45
ENDDOMAINS
ENDQUERY
QUERY	Query_9	Peptide	678	nad5_HyprubER1909_feature_44_from_C_0, ORGANISM Genus species Unclassified.,
DOMAINS
1	Query_9	Non-specific	214400	1	629	0	590.896	MTH00020	ND5	-	45
ENDDOMAINS
ENDQUERY
QUERY	Query_10	Peptide	89	nad4L_HyprubER1909_feature_46_from_C_0, ORGANISM Genus species Unclassified.,
DOMAINS
1	Query_10	Superfamily	351118	3	86	4.8384e-17	68.9053	cl00492	Oxidored_q2	-	-
ENDDOMAINS
ENDQUERY
QUERY	Query_11	Peptide	250	cox2_HyprubER1909_feature_50_from_C_0, ORGANISM Genus species Unclassified.,
DOMAINS
1	Query_11	Specific	214438	18	247	4.18077e-110	316	MTH00154	COX2	-	45
ENDDOMAINS
ENDQUERY
QUERY	Query_12	Peptide	74	atp9_HyprubER1909_feature_52_from_C_0, ORGANISM Genus species Unclassified.,
DOMAINS
1	Query_12	Specific	349422	8	70	1.75568e-19	73.6979	cd18182	ATP-synt_Fo_c_ATP5G3	-	365782
ENDDOMAINS
SITES
ENDSITES
ENDQUERY
QUERY	Query_13	Peptide	140	nad3_HyprubER1909_feature_54_from_C_0, ORGANISM Genus species Unclassified.,
DOMAINS
1	Query_13	Specific	334119	19	113	1.30958e-18	74.759	pfam00507	Oxidored_q4	-	351141
ENDDOMAINS
ENDQUERY
QUERY	Query_14	Peptide	552	nad2_HyprubER1909_feature_56_from_C_0, ORGANISM Genus species Unclassified.,
DOMAINS
1	Query_14	Specific	235603	124	478	1.35942e-80	260.138	PRK05777	PRK05777	N	356474
ENDDOMAINS
ENDQUERY
ENDSESSION	1
ENDDATA
