#Post-RPSBLAST Processing Utility

#Input data file:	Kocim1_MitoAssemblyScaffolds.fasta.new.sqn.gbf_converted.faa.asn
#Output data file:	Kocim1_MitoAssemblyScaffolds.fasta.new.sqn.gbf_converted.faa.asn.out
#Annotation data at:	/opt/rpsbproc/data
#E-Value cutoff:	0.01
#Redundancy:	Concise
#Data requested:	Domain hits and site annotations
#Output format -- tab-delimited table
#Show superfamilies: NO
#DATA
#SESSION	<session-ordinal>	<program>	<database>	<score-matrix>	<evalue-threshold>
#QUERY	<query-id>	<seq-type>	<seq-length>	<definition-line>
#DOMAINS
#<session-ordinal>	<query-id[readingframe]>	<hit-type>	<PSSM-ID>	<from>	<to>	<E-Value>	<bitscore>	<accession>	<short-name>	<incomplete>	<superfamily PSSM-ID>
#more such lines......
#ENDDOMAINS
#SITES
#<session-ordinal>	<query-id[readingframe]>	<annot-type>	<title>	<residue(coordinates)>	<complete-size>	<mapped-size>	<source-domain>
#more such lines......
#ENDSITES
#MOTIFS
#<session-ordinal>	<query-id[readingframe]>	<title>	<from>	<to>	<source-domain>
#more such lines......
#ENDMOTIFS
#ENDQUERY	<query-id>
#more query sections..
#ENDSESSION	<session-ordinal>
#more session sections..
#ENDDATA
#=====================================================================
DATA
SESSION	1	blastp	2.10.0+	/opt/rpsbproc/db/Cdd	BLOSUM62	0.01
QUERY	Query_1	Peptide	186	nad1_Kocim1_feature_2_from_C_0, ORGANISM Genus species Unclassified.,
DOMAINS
1	Query_1	Specific	333876	1	106	1.452e-30	112.951	pfam00146	NADHdh	NC	351105
ENDDOMAINS
ENDQUERY
QUERY	Query_2	Peptide	237	orf237_Kocim1_feature_6_from_C_0, ORGANISM Genus species Unclassified.,
DOMAINS
1	Query_2	Non-specific	214348	106	182	0.00276443	37.4963	CHL00048	rps3	NC	45
ENDDOMAINS
ENDQUERY
QUERY	Query_3	Peptide	439	nad2_Kocim1_feature_8_from_C_0, ORGANISM Genus species Unclassified.,
DOMAINS
1	Query_3	Superfamily	356474	1	429	3.87545e-52	181.943	cl29598	Proton_antipo_M	-	-
ENDDOMAINS
ENDQUERY
QUERY	Query_4	Peptide	122	nad3_Kocim1_feature_10_from_C_0, ORGANISM Genus species Unclassified.,
DOMAINS
1	Query_4	Specific	334119	19	112	1.77136e-24	89.0114	pfam00507	Oxidored_q4	-	351141
ENDDOMAINS
ENDQUERY
QUERY	Query_5	Peptide	90	nad4L_Kocim1_feature_24_from_C_0, ORGANISM Genus species Unclassified.,
DOMAINS
1	Query_5	Superfamily	351118	1	86	5.66773e-10	51.1862	cl00492	Oxidored_q2	-	-
ENDDOMAINS
ENDQUERY
QUERY	Query_6	Peptide	679	nad5_Kocim1_feature_26_from_C_0, ORGANISM Genus species Unclassified.,
DOMAINS
1	Query_6	Non-specific	177253	1	643	0	553.077	MTH00210	ND5	-	45
ENDDOMAINS
ENDQUERY
QUERY	Query_7	Peptide	229	nad6_Kocim1_feature_35_from_C_0, ORGANISM Genus species Unclassified.,
DOMAINS
1	Query_7	Superfamily	354830	1	89	8.61341e-17	75.0373	cl21484	Oxidored_q3	C	-
ENDDOMAINS
ENDQUERY
QUERY	Query_8	Peptide	100	atp9_Kocim1_feature_45_from_C_0, ORGANISM Genus species Unclassified.,
DOMAINS
1	Query_8	Specific	349422	7	69	6.26081e-20	75.6239	cd18182	ATP-synt_Fo_c_ATP5G3	-	365782
ENDDOMAINS
SITES
ENDSITES
ENDQUERY
QUERY	Query_10	Peptide	504	nad4_Kocim1_feature_59_from_C_0, ORGANISM Genus species Unclassified.,
DOMAINS
1	Query_10	Non-specific	214462	1	495	3.07213e-93	291.571	MTH00217	ND4	-	45
ENDDOMAINS
ENDQUERY
QUERY	Query_11	Peptide	527	cox1_Kocim1_feature_61_from_C_0, ORGANISM Genus species Unclassified.,
DOMAINS
1	Query_11	Superfamily	350997	7	268	1.06053e-141	417.269	cl00275	Heme_Cu_Oxidase_I	C	-
ENDDOMAINS
SITES
1	Query_11	Generic	Binuclear center (active site)	H238	4	1	238461
1	Query_11	Generic	Low-spin heme binding site	S31,R35,Y53,H60,I64,I65,V69,W124	15	8	238461
1	Query_11	Generic	D-pathway	Y16,N78,D89,N96,S99,S154,S155,N161,T165	9	9	238461
1	Query_11	Generic	K-pathway	H238,Y242,S253	7	3	238461
1	Query_11	Generic	Putative water exit pathway	D225,E230,H231	7	3	238461
ENDSITES
ENDQUERY
QUERY	Query_13	Peptide	62	atp8_Kocim1_feature_76_from_C_0, ORGANISM Genus species Unclassified.,
DOMAINS
1	Query_13	Non-specific	283561	1	48	0.000118014	35.0746	pfam05933	Fun_ATP-synt_8	-	45
ENDDOMAINS
ENDQUERY
QUERY	Query_16	Peptide	454	cox3_Kocim1_feature_82_from_C_0, ORGANISM Genus species Unclassified.,
DOMAINS
1	Query_16	Superfamily	294143	192	447	2.63267e-95	287.385	cl00211	Heme_Cu_Oxidase_III_like	-	-
ENDDOMAINS
SITES
1	Query_16	Specific	Subunit I/III interface	I262,K265,A266,T277,I280,S284,I285,H291,G379,I380,S383,F387	12	12	238834
1	Query_16	Specific	Subunit III/Vb interface	I346	1	1	238834
1	Query_16	Specific	Subunit III/VIa interface	T315,I316,I317,M334,L360,Y370,V371,A372,S377,D378,G379	11	11	238834
1	Query_16	Specific	Subunit III/VIb interface	A307	1	1	238834
1	Query_16	Specific	Subunit III/VIIa interface	N244,I247,D248,G251,S254,L255,L256	7	7	238834
1	Query_16	Specific	Phospholipid binding site	W245,F246,V249,T250,S253,H259,G270,I271,F274,I402,R409,V421,G422	13	13	238834
ENDSITES
ENDQUERY
QUERY	Query_17	Peptide	384	cob_Kocim1_feature_84_from_C_0, ORGANISM Genus species Unclassified.,
DOMAINS
1	Query_17	Non-specific	214425	3	377	2.49247e-166	470.152	MTH00119	CYTB	-	45
ENDDOMAINS
ENDQUERY
QUERY	Query_18	Peptide	272	orf272_Kocim1_feature_90_from_C_0, ORGANISM Genus species Unclassified.,
DOMAINS
1	Query_18	Specific	335245	53	208	3.324e-39	134.211	pfam03161	LAGLIDADG_2	-	45
ENDDOMAINS
ENDQUERY
QUERY	Query_19	Peptide	253	atp6_Kocim1_feature_97_from_C_0, ORGANISM Genus species Unclassified.,
DOMAINS
1	Query_19	Specific	273458	27	249	3.6231e-42	143.116	TIGR01131	ATP_synt_6_or_A	-	351082
ENDDOMAINS
ENDQUERY
QUERY	Query_20	Peptide	261	cox2_Kocim1_feature_107_from_C_0, ORGANISM Genus species Unclassified.,
DOMAINS
1	Query_20	Non-specific	214402	22	261	3.54607e-98	287.032	MTH00023	COX2	-	45
ENDDOMAINS
ENDQUERY
ENDSESSION	1
ENDDATA
