#Post-RPSBLAST Processing Utility

#Input data file:	Lachat1_MitoAssemblyScaffolds.fasta.new.sqn.gbf_converted.faa.asn
#Output data file:	Lachat1_MitoAssemblyScaffolds.fasta.new.sqn.gbf_converted.faa.asn.out
#Annotation data at:	/opt/rpsbproc/data
#E-Value cutoff:	0.01
#Redundancy:	Concise
#Data requested:	Domain hits and site annotations
#Output format -- tab-delimited table
#Show superfamilies: NO
#DATA
#SESSION	<session-ordinal>	<program>	<database>	<score-matrix>	<evalue-threshold>
#QUERY	<query-id>	<seq-type>	<seq-length>	<definition-line>
#DOMAINS
#<session-ordinal>	<query-id[readingframe]>	<hit-type>	<PSSM-ID>	<from>	<to>	<E-Value>	<bitscore>	<accession>	<short-name>	<incomplete>	<superfamily PSSM-ID>
#more such lines......
#ENDDOMAINS
#SITES
#<session-ordinal>	<query-id[readingframe]>	<annot-type>	<title>	<residue(coordinates)>	<complete-size>	<mapped-size>	<source-domain>
#more such lines......
#ENDSITES
#MOTIFS
#<session-ordinal>	<query-id[readingframe]>	<title>	<from>	<to>	<source-domain>
#more such lines......
#ENDMOTIFS
#ENDQUERY	<query-id>
#more query sections..
#ENDSESSION	<session-ordinal>
#more session sections..
#ENDDATA
#=====================================================================
DATA
SESSION	1	blastp	2.10.0+	/opt/rpsbproc/db/Cdd	BLOSUM62	0.01
QUERY	Query_1	Peptide	52	atp8_Lachat1_feature_2_from_C_0, ORGANISM Genus species Unclassified.,
DOMAINS
1	Query_1	Non-specific	283561	1	48	4.67891e-05	35.845	pfam05933	Fun_ATP-synt_8	-	45
ENDDOMAINS
ENDQUERY
QUERY	Query_2	Peptide	664	nad5_Lachat1_feature_4_from_C_0, ORGANISM Genus species Unclassified.,
DOMAINS
1	Query_2	Non-specific	177253	1	640	0	647.066	MTH00210	ND5	-	45
ENDDOMAINS
ENDQUERY
QUERY	Query_4	Peptide	90	nad4L_Lachat1_feature_13_from_C_0, ORGANISM Genus species Unclassified.,
DOMAINS
1	Query_4	Superfamily	351118	7	87	2.0304e-10	52.3418	cl00492	Oxidored_q2	-	-
ENDDOMAINS
ENDQUERY
QUERY	Query_5	Peptide	272	cox3_Lachat1_feature_15_from_C_0, ORGANISM Genus species Unclassified.,
DOMAINS
1	Query_5	Specific	278911	15	270	8.00074e-123	350.557	pfam00510	COX3	-	294143
ENDDOMAINS
SITES
1	Query_5	Specific	Subunit I/III interface	Q84,K87,G88,S99,F102,S106,V107,H113,S201,V202,T205,A209	12	12	238834
1	Query_5	Specific	Subunit III/Vb interface	G168	1	1	238834
1	Query_5	Specific	Subunit III/VIa interface	F137,A138,I139,Y156,I182,S192,E193,S194,S199,D200,S201	11	11	238834
1	Query_5	Specific	Subunit III/VIb interface	Q129	1	1	238834
1	Query_5	Specific	Subunit III/VIIa interface	L66,R69,D70,T73,T76,Y77,L78	7	7	238834
1	Query_5	Specific	Phospholipid binding site	W67,F68,I71,I72,G75,H81,G92,V93,F96,F224,R231,Q243,G244	13	13	238834
ENDSITES
ENDQUERY
QUERY	Query_7	Peptide	73	atp9_Lachat1_feature_19_from_C_0, ORGANISM Genus species Unclassified.,
DOMAINS
1	Query_7	Specific	349422	6	70	5.28418e-14	59.8307	cd18182	ATP-synt_Fo_c_ATP5G3	-	365782
ENDDOMAINS
SITES
ENDSITES
ENDQUERY
QUERY	Query_9	Peptide	483	nad4_Lachat1_feature_29_from_C_0, ORGANISM Genus species Unclassified.,
DOMAINS
1	Query_9	Specific	235622	33	483	1.01928e-142	418.452	PRK05846	PRK05846	-	45
ENDDOMAINS
ENDQUERY
QUERY	Query_10	Peptide	528	cox1_Lachat1_feature_35_from_C_0, ORGANISM Genus species Unclassified.,
DOMAINS
1	Query_10	Specific	238833	8	512	0	839.833	cd01663	Cyt_c_Oxidase_I	-	350997
ENDDOMAINS
SITES
1	Query_10	Specific	Binuclear center (heme a3/CuB)	H240,H289,H290,H375	4	4	238833
1	Query_10	Specific	Low-spin heme (heme a) binding site	H61,H377,S381,T423,S460	5	5	238833
1	Query_10	Specific	D-pathway	Y17,N80,D91,N98,S101,S156,S157,N163,T167	9	9	238833
1	Query_10	Specific	K-pathway	H240,Y244,S255,H289,H290,T315,K318	7	7	238833
1	Query_10	Specific	Electron transfer pathway	F376,R437,R438	3	3	238833
1	Query_10	Specific	Putative proton exit pathway	H290,H367,D368,R437,R438	5	5	238833
1	Query_10	Specific	Putative water exit pathway	D227,Q232,H233,D363,H367,D368,R437	7	7	238833
1	Query_10	Specific	Subunit I/II interface	N55,D227,K264,F267,G268,S293,V294,G295,V298,R301,M309,I317,F320,Y327,G328,G329,L341,N359,A360,L362,L364,A365,L366,H367,D368,L432,A433,R437,R438,I439,G448,W449	32	32	238833
1	Query_10	Specific	Subunit I/III interface	T8,P90,F94,R96,W103,D144,F148,T166,N170,V190,L197,P200,M208,T217,S218,F219,G224,G225,D227,F237,Y274,F277,G280,I281,L285	25	25	238833
1	Query_10	Specific	Subunit I/IV interface	L37,S40,S41,L407,K410,I411,D444,M462	8	8	238833
1	Query_10	Specific	Subunit I/Vb interface	P265,Y269,T511	3	3	238833
1	Query_10	Specific	Subunit I/VIa interface	I135,R213,N214,F215,N216	5	5	238833
1	Query_10	Specific	Subunit I/VIb interface	G295	1	1	238833
1	Query_10	Specific	Subunit I/VIc interface	G328	1	1	238833
1	Query_10	Specific	Subunit I/VIIa interface	L114,L117	2	2	238833
1	Query_10	Specific	Subunit I/VIIb interface	D444,G448	2	2	238833
1	Query_10	Specific	Subunit I/VIIc interface	F23,I27,G30,L34,A116,L117,I399,Y472,F475	9	9	238833
1	Query_10	Specific	Subunit I/VIIIb interface	L408,V465	2	2	238833
1	Query_10	Specific	Dimer interface	V190,L197,F237,Y274,F277,G280,I281,L285	8	8	238833
ENDSITES
ENDQUERY
QUERY	Query_12	Peptide	235	orf235_Lachat1_feature_41_from_C_0, ORGANISM Genus species Unclassified.,
DOMAINS
1	Query_12	Specific	334330	13	104	2.10292e-11	58.4019	pfam00961	LAGLIDADG_1	-	45
1	Query_12	Specific	334330	144	232	2.22982e-08	50.3127	pfam00961	LAGLIDADG_1	-	45
ENDDOMAINS
ENDQUERY
QUERY	Query_14	Peptide	295	orf295_Lachat1_feature_47_from_C_0, ORGANISM Genus species Unclassified.,
DOMAINS
1	Query_14	Specific	334330	144	254	2.4596e-20	83.4398	pfam00961	LAGLIDADG_1	-	45
1	Query_14	Specific	334330	26	120	7.03038e-07	46.4607	pfam00961	LAGLIDADG_1	-	45
ENDDOMAINS
ENDQUERY
QUERY	Query_15	Peptide	256	atp6_Lachat1_feature_52_from_C_0, ORGANISM Genus species Unclassified.,
DOMAINS
1	Query_15	Superfamily	351082	14	256	1.51808e-45	152.468	cl00413	ATP-synt_A	-	-
ENDDOMAINS
ENDQUERY
QUERY	Query_18	Peptide	124	nad3_Lachat1_feature_78_from_C_0, ORGANISM Genus species Unclassified.,
DOMAINS
1	Query_18	Specific	334119	28	112	2.78782e-25	91.3226	pfam00507	Oxidored_q4	-	351141
ENDDOMAINS
ENDQUERY
QUERY	Query_19	Peptide	549	nad2_Lachat1_feature_80_from_C_0, ORGANISM Genus species Unclassified.,
DOMAINS
1	Query_19	Superfamily	356474	138	488	8.87227e-61	207.751	cl29598	Proton_antipo_M	N	-
ENDDOMAINS
ENDQUERY
QUERY	Query_20	Peptide	338	nad1_Lachat1_feature_90_from_C_0, ORGANISM Genus species Unclassified.,
DOMAINS
1	Query_20	Specific	333876	30	326	6.1154e-113	329.819	pfam00146	NADHdh	-	351105
ENDDOMAINS
ENDQUERY
QUERY	Query_21	Peptide	203	nad6_Lachat1_feature_96_from_C_0, ORGANISM Genus species Unclassified.,
DOMAINS
1	Query_21	Superfamily	354830	8	104	1.50429e-19	81.8061	cl21484	Oxidored_q3	C	-
ENDDOMAINS
ENDQUERY
QUERY	Query_22	Peptide	672	orf672_Lachat1_feature_98_from_C_0, ORGANISM Genus species Unclassified.,
DOMAINS
1	Query_22	Superfamily	355698	120	521	1.23065e-47	174.073	cl28058	DNA_pol_B_2	-	-
ENDDOMAINS
ENDQUERY
QUERY	Query_24	Peptide	386	cob_Lachat1_feature_108_from_C_0, ORGANISM Genus species Unclassified.,
DOMAINS
1	Query_24	Specific	214440	10	366	4.42278e-169	476.196	MTH00156	CYTB	-	45
ENDDOMAINS
ENDQUERY
QUERY	Query_26	Peptide	238	orf238_Lachat1_feature_116_from_C_0, ORGANISM Genus species Unclassified.,
DOMAINS
1	Query_26	Specific	335245	48	221	7.51106e-63	193.531	pfam03161	LAGLIDADG_2	-	45
ENDDOMAINS
ENDQUERY
QUERY	Query_27	Peptide	251	cox2_Lachat1_feature_121_from_C_0, ORGANISM Genus species Unclassified.,
DOMAINS
1	Query_27	Non-specific	214402	10	246	1.3098e-112	322.855	MTH00023	COX2	-	45
ENDDOMAINS
ENDQUERY
ENDSESSION	1
ENDDATA
