#Post-RPSBLAST Processing Utility

#Input data file:	Lacpse1_MitoAssemblyScaffolds.fasta.new.sqn.gbf_converted.faa.asn
#Output data file:	Lacpse1_MitoAssemblyScaffolds.fasta.new.sqn.gbf_converted.faa.asn.out
#Annotation data at:	/opt/rpsbproc/data
#E-Value cutoff:	0.01
#Redundancy:	Concise
#Data requested:	Domain hits and site annotations
#Output format -- tab-delimited table
#Show superfamilies: NO
#DATA
#SESSION	<session-ordinal>	<program>	<database>	<score-matrix>	<evalue-threshold>
#QUERY	<query-id>	<seq-type>	<seq-length>	<definition-line>
#DOMAINS
#<session-ordinal>	<query-id[readingframe]>	<hit-type>	<PSSM-ID>	<from>	<to>	<E-Value>	<bitscore>	<accession>	<short-name>	<incomplete>	<superfamily PSSM-ID>
#more such lines......
#ENDDOMAINS
#SITES
#<session-ordinal>	<query-id[readingframe]>	<annot-type>	<title>	<residue(coordinates)>	<complete-size>	<mapped-size>	<source-domain>
#more such lines......
#ENDSITES
#MOTIFS
#<session-ordinal>	<query-id[readingframe]>	<title>	<from>	<to>	<source-domain>
#more such lines......
#ENDMOTIFS
#ENDQUERY	<query-id>
#more query sections..
#ENDSESSION	<session-ordinal>
#more session sections..
#ENDDATA
#=====================================================================
DATA
SESSION	1	blastp	2.10.0+	/opt/rpsbproc/db/Cdd	BLOSUM62	0.01
QUERY	Query_2	Peptide	338	nad1_Lacpse1_feature_10_from_C_0, ORGANISM Genus species Unclassified.,
DOMAINS
1	Query_2	Specific	333876	30	326	8.86073e-113	329.433	pfam00146	NADHdh	-	351105
ENDDOMAINS
ENDQUERY
QUERY	Query_3	Peptide	203	nad6_Lacpse1_feature_16_from_C_0, ORGANISM Genus species Unclassified.,
DOMAINS
1	Query_3	Superfamily	354830	8	104	6.60597e-19	80.2653	cl21484	Oxidored_q3	C	-
ENDDOMAINS
ENDQUERY
QUERY	Query_4	Peptide	547	orf547_Lacpse1_feature_18_from_C_0, ORGANISM Genus species Unclassified.,
DOMAINS
1	Query_4	Superfamily	355698	9	388	6.09412e-61	207.586	cl28058	DNA_pol_B_2	-	-
1	Query_4	Superfamily	353046	369	522	4.52484e-05	45.8049	cl10023	POLBc	N	-
ENDDOMAINS
SITES
1	Query_4	Generic	active site	D404	8	1	99912
1	Query_4	Generic	metal-binding site 	D402,D404,S405	3	3	99912
ENDSITES
ENDQUERY
QUERY	Query_5	Peptide	444	orf443_Lacpse1_feature_20_from_C_0, ORGANISM Genus species Unclassified.,
DOMAINS
1	Query_5	Superfamily	355698	19	393	7.47586e-45	162.132	cl28058	DNA_pol_B_2	-	-
ENDDOMAINS
ENDQUERY
QUERY	Query_7	Peptide	256	cob_Lacpse1_feature_30_from_C_0, ORGANISM Genus species Unclassified.,
DOMAINS
1	Query_7	Non-specific	214425	2	250	4.85012e-98	291.42	MTH00119	CYTB	N	45
ENDDOMAINS
ENDQUERY
QUERY	Query_9	Peptide	130	nad2_Lacpse1_feature_2_from_C_1, ORGANISM Genus species Unclassified.,
DOMAINS
1	Query_9	Non-specific	214453	1	128	1.50006e-12	62.7403	MTH00196	ND2	N	45
ENDDOMAINS
ENDQUERY
QUERY	Query_10	Peptide	124	nad3_Lacpse1_feature_4_from_C_1, ORGANISM Genus species Unclassified.,
DOMAINS
1	Query_10	Specific	334119	28	112	2.78782e-25	91.3226	pfam00507	Oxidored_q4	-	351141
ENDDOMAINS
ENDQUERY
QUERY	Query_12	Peptide	134	orf134_Lacpse1_feature_26_from_C_1, ORGANISM Genus species Unclassified.,
DOMAINS
1	Query_12	Superfamily	355698	3	105	6.59742e-06	43.876	cl28058	DNA_pol_B_2	N	-
ENDDOMAINS
ENDQUERY
QUERY	Query_13	Peptide	256	atp6_Lacpse1_feature_30_from_C_1, ORGANISM Genus species Unclassified.,
DOMAINS
1	Query_13	Superfamily	351082	14	256	2.83349e-45	151.698	cl00413	ATP-synt_A	-	-
ENDDOMAINS
ENDQUERY
QUERY	Query_14	Peptide	528	cox1_Lacpse1_feature_34_from_C_1, ORGANISM Genus species Unclassified.,
DOMAINS
1	Query_14	Specific	238833	8	512	0	839.448	cd01663	Cyt_c_Oxidase_I	-	350997
ENDDOMAINS
SITES
1	Query_14	Specific	Binuclear center (heme a3/CuB)	H240,H289,H290,H375	4	4	238833
1	Query_14	Specific	Low-spin heme (heme a) binding site	H61,H377,S381,T423,S460	5	5	238833
1	Query_14	Specific	D-pathway	Y17,N80,D91,N98,S101,S156,S157,N163,T167	9	9	238833
1	Query_14	Specific	K-pathway	H240,Y244,S255,H289,H290,T315,K318	7	7	238833
1	Query_14	Specific	Electron transfer pathway	F376,R437,R438	3	3	238833
1	Query_14	Specific	Putative proton exit pathway	H290,H367,D368,R437,R438	5	5	238833
1	Query_14	Specific	Putative water exit pathway	D227,Q232,H233,D363,H367,D368,R437	7	7	238833
1	Query_14	Specific	Subunit I/II interface	N55,D227,K264,F267,G268,S293,V294,G295,V298,R301,M309,I317,F320,Y327,G328,G329,I341,N359,A360,L362,L364,A365,L366,H367,D368,L432,A433,R437,R438,I439,G448,W449	32	32	238833
1	Query_14	Specific	Subunit I/III interface	T8,P90,F94,R96,W103,D144,F148,T166,N170,V190,L197,P200,M208,T217,S218,F219,G224,G225,D227,F237,Y274,F277,G280,I281,L285	25	25	238833
1	Query_14	Specific	Subunit I/IV interface	L37,S40,S41,L407,K410,I411,D444,M462	8	8	238833
1	Query_14	Specific	Subunit I/Vb interface	P265,Y269,T511	3	3	238833
1	Query_14	Specific	Subunit I/VIa interface	I135,R213,N214,F215,N216	5	5	238833
1	Query_14	Specific	Subunit I/VIb interface	G295	1	1	238833
1	Query_14	Specific	Subunit I/VIc interface	G328	1	1	238833
1	Query_14	Specific	Subunit I/VIIa interface	L114,L117	2	2	238833
1	Query_14	Specific	Subunit I/VIIb interface	D444,G448	2	2	238833
1	Query_14	Specific	Subunit I/VIIc interface	F23,I27,G30,L34,A116,L117,I399,Y472,F475	9	9	238833
1	Query_14	Specific	Subunit I/VIIIb interface	L408,V465	2	2	238833
1	Query_14	Specific	Dimer interface	V190,L197,F237,Y274,F277,G280,I281,L285	8	8	238833
ENDSITES
ENDQUERY
QUERY	Query_15	Peptide	295	orf295_Lacpse1_feature_38_from_C_1, ORGANISM Genus species Unclassified.,
DOMAINS
1	Query_15	Specific	334330	144	254	8.77232e-21	84.5954	pfam00961	LAGLIDADG_1	-	45
1	Query_15	Specific	334330	26	110	0.000117548	40.2975	pfam00961	LAGLIDADG_1	-	45
ENDDOMAINS
ENDQUERY
QUERY	Query_17	Peptide	235	orf235_Lacpse1_feature_44_from_C_1, ORGANISM Genus species Unclassified.,
DOMAINS
1	Query_17	Specific	334330	13	104	1.51417e-11	58.7871	pfam00961	LAGLIDADG_1	-	45
1	Query_17	Specific	334330	144	232	3.76358e-08	49.5423	pfam00961	LAGLIDADG_1	-	45
ENDDOMAINS
ENDQUERY
QUERY	Query_19	Peptide	242	nad4_Lacpse1_feature_53_from_C_1, ORGANISM Genus species Unclassified.,
DOMAINS
1	Query_19	Non-specific	235622	33	242	6.68907e-57	188.102	PRK05846	PRK05846	C	45
ENDDOMAINS
ENDQUERY
QUERY	Query_20	Peptide	219	orf219_Lacpse1_feature_2_from_C_2, ORGANISM Genus species Unclassified.,
DOMAINS
1	Query_20	Specific	334330	1	88	1.63665e-09	53.0091	pfam00961	LAGLIDADG_1	-	45
1	Query_20	Specific	334330	128	216	3.617e-08	49.5423	pfam00961	LAGLIDADG_1	-	45
ENDDOMAINS
ENDQUERY
QUERY	Query_22	Peptide	177	cox1_Lacpse1_feature_6_from_C_2, ORGANISM Genus species Unclassified.,
DOMAINS
1	Query_22	Superfamily	350997	18	161	3.77288e-69	217.351	cl00275	Heme_Cu_Oxidase_I	N	-
ENDDOMAINS
SITES
1	Query_22	Generic	Binuclear center (active site)	H24	4	1	238461
1	Query_22	Generic	Low-spin heme binding site	Y19,H26,L29,S30,R86,R87,F116	15	7	238461
1	Query_22	Generic	Putative proton exit pathway	R86,R87	5	2	238461
1	Query_22	Generic	Putative water exit pathway	R86	7	1	238461
ENDSITES
ENDQUERY
QUERY	Query_23	Peptide	483	nad4_Lacpse1_feature_12_from_C_2, ORGANISM Genus species Unclassified.,
DOMAINS
1	Query_23	Specific	235622	33	483	5.31257e-143	419.222	PRK05846	PRK05846	-	45
ENDDOMAINS
ENDQUERY
QUERY	Query_25	Peptide	73	atp9_Lacpse1_feature_22_from_C_2, ORGANISM Genus species Unclassified.,
DOMAINS
1	Query_25	Specific	349422	6	70	5.28418e-14	59.8307	cd18182	ATP-synt_Fo_c_ATP5G3	-	365782
ENDDOMAINS
SITES
ENDSITES
ENDQUERY
QUERY	Query_27	Peptide	270	cox3_Lacpse1_feature_26_from_C_2, ORGANISM Genus species Unclassified.,
DOMAINS
1	Query_27	Specific	278911	13	268	3.78371e-122	348.631	pfam00510	COX3	-	294143
ENDDOMAINS
SITES
1	Query_27	Specific	Subunit I/III interface	Q82,K85,G86,S97,F100,S104,V105,H111,S199,V200,T203,A207	12	12	238834
1	Query_27	Specific	Subunit III/Vb interface	G166	1	1	238834
1	Query_27	Specific	Subunit III/VIa interface	F135,A136,I137,Y154,I180,S190,E191,S192,S197,D198,S199	11	11	238834
1	Query_27	Specific	Subunit III/VIb interface	Q127	1	1	238834
1	Query_27	Specific	Subunit III/VIIa interface	L64,R67,D68,T71,T74,Y75,L76	7	7	238834
1	Query_27	Specific	Phospholipid binding site	W65,F66,I69,I70,G73,H79,G90,V91,F94,F222,R229,Q241,G242	13	13	238834
ENDSITES
ENDQUERY
QUERY	Query_28	Peptide	90	nad4L_Lacpse1_feature_28_from_C_2, ORGANISM Genus species Unclassified.,
DOMAINS
1	Query_28	Superfamily	351118	7	87	2.0304e-10	52.3418	cl00492	Oxidored_q2	-	-
ENDDOMAINS
ENDQUERY
QUERY	Query_29	Peptide	143	nad5_Lacpse1_feature_30_from_C_2, ORGANISM Genus species Unclassified.,
DOMAINS
1	Query_29	Non-specific	177253	1	143	8.67326e-47	159.403	MTH00210	ND5	C	45
ENDDOMAINS
ENDQUERY
QUERY	Query_30	Peptide	90	nad4L_Lacpse1_feature_2_from_C_3, ORGANISM Genus species Unclassified.,
DOMAINS
1	Query_30	Superfamily	351118	7	87	2.0304e-10	52.3418	cl00492	Oxidored_q2	-	-
ENDDOMAINS
ENDQUERY
QUERY	Query_31	Peptide	664	nad5_Lacpse1_feature_4_from_C_3, ORGANISM Genus species Unclassified.,
DOMAINS
1	Query_31	Non-specific	177253	1	640	0	648.607	MTH00210	ND5	-	45
ENDDOMAINS
ENDQUERY
QUERY	Query_33	Peptide	52	atp8_Lacpse1_feature_11_from_C_3, ORGANISM Genus species Unclassified.,
DOMAINS
1	Query_33	Non-specific	283561	1	48	4.67891e-05	35.845	pfam05933	Fun_ATP-synt_8	-	45
ENDDOMAINS
ENDQUERY
QUERY	Query_34	Peptide	251	cox2_Lacpse1_feature_13_from_C_3, ORGANISM Genus species Unclassified.,
DOMAINS
1	Query_34	Non-specific	214402	10	246	1.3098e-112	322.855	MTH00023	COX2	-	45
ENDDOMAINS
ENDQUERY
QUERY	Query_35	Peptide	386	cob_Lacpse1_feature_17_from_C_3, ORGANISM Genus species Unclassified.,
DOMAINS
1	Query_35	Specific	214440	10	366	1.18346e-168	475.041	MTH00156	CYTB	-	45
ENDDOMAINS
ENDQUERY
QUERY	Query_36	Peptide	338	orf338_1_Lacpse1_feature_21_from_C_3, ORGANISM Genus species Unclassified.,
DOMAINS
1	Query_36	Non-specific	273636	115	326	7.23105e-26	102.464	TIGR01453	grpIintron_endo	-	45
ENDDOMAINS
ENDQUERY
QUERY	Query_39	Peptide	73	atp9_Lacpse1_feature_10_from_C_4, ORGANISM Genus species Unclassified.,
DOMAINS
1	Query_39	Specific	349422	6	70	5.28418e-14	59.8307	cd18182	ATP-synt_Fo_c_ATP5G3	-	365782
ENDDOMAINS
SITES
ENDSITES
ENDQUERY
QUERY	Query_41	Peptide	270	cox3_Lacpse1_feature_14_from_C_4, ORGANISM Genus species Unclassified.,
DOMAINS
1	Query_41	Specific	278911	13	268	3.78371e-122	348.631	pfam00510	COX3	-	294143
ENDDOMAINS
SITES
1	Query_41	Specific	Subunit I/III interface	Q82,K85,G86,S97,F100,S104,V105,H111,S199,V200,T203,A207	12	12	238834
1	Query_41	Specific	Subunit III/Vb interface	G166	1	1	238834
1	Query_41	Specific	Subunit III/VIa interface	F135,A136,I137,Y154,I180,S190,E191,S192,S197,D198,S199	11	11	238834
1	Query_41	Specific	Subunit III/VIb interface	Q127	1	1	238834
1	Query_41	Specific	Subunit III/VIIa interface	L64,R67,D68,T71,T74,Y75,L76	7	7	238834
1	Query_41	Specific	Phospholipid binding site	W65,F66,I69,I70,G73,H79,G90,V91,F94,F222,R229,Q241,G242	13	13	238834
ENDSITES
ENDQUERY
QUERY	Query_42	Peptide	90	nad4L_Lacpse1_feature_16_from_C_4, ORGANISM Genus species Unclassified.,
DOMAINS
1	Query_42	Superfamily	351118	7	87	2.0304e-10	52.3418	cl00492	Oxidored_q2	-	-
ENDDOMAINS
ENDQUERY
QUERY	Query_43	Peptide	664	nad5_Lacpse1_feature_18_from_C_4, ORGANISM Genus species Unclassified.,
DOMAINS
1	Query_43	Non-specific	177253	1	640	0	648.607	MTH00210	ND5	-	45
ENDDOMAINS
ENDQUERY
ENDSESSION	1
SESSION	2	blastp	2.10.0+	/opt/rpsbproc/db/Cdd	BLOSUM62	0.01
QUERY	Query_45	Peptide	46	atp8_Lacpse1_feature_25_from_C_4, ORGANISM Genus species Unclassified.,
DOMAINS
2	Query_45	Non-specific	283561	1	46	0.000192245	33.919	pfam05933	Fun_ATP-synt_8	-	45
ENDDOMAINS
ENDQUERY
QUERY	Query_46	Peptide	134	orf134_Lacpse1_feature_4_from_C_5, ORGANISM Genus species Unclassified.,
DOMAINS
2	Query_46	Superfamily	355698	3	105	6.59742e-06	43.876	cl28058	DNA_pol_B_2	N	-
ENDDOMAINS
ENDQUERY
QUERY	Query_48	Peptide	124	nad3_Lacpse1_feature_26_from_C_5, ORGANISM Genus species Unclassified.,
DOMAINS
2	Query_48	Specific	334119	28	112	2.78782e-25	91.3226	pfam00507	Oxidored_q4	-	351141
ENDDOMAINS
ENDQUERY
QUERY	Query_49	Peptide	549	nad2_Lacpse1_feature_28_from_C_5, ORGANISM Genus species Unclassified.,
DOMAINS
2	Query_49	Superfamily	356474	138	488	1.21199e-60	207.366	cl29598	Proton_antipo_M	N	-
ENDDOMAINS
ENDQUERY
QUERY	Query_51	Peptide	184	nad1_Lacpse1_feature_40_from_C_5, ORGANISM Genus species Unclassified.,
DOMAINS
2	Query_51	Specific	333876	1	172	5.42888e-56	178.435	pfam00146	NADHdh	N	351105
ENDDOMAINS
ENDQUERY
QUERY	Query_52	Peptide	549	nad2_Lacpse1_feature_6_from_C_6, ORGANISM Genus species Unclassified.,
DOMAINS
2	Query_52	Superfamily	356474	138	488	1.21199e-60	207.366	cl29598	Proton_antipo_M	N	-
ENDDOMAINS
ENDQUERY
QUERY	Query_53	Peptide	124	nad3_Lacpse1_feature_8_from_C_6, ORGANISM Genus species Unclassified.,
DOMAINS
2	Query_53	Specific	334119	28	112	2.78782e-25	91.3226	pfam00507	Oxidored_q4	-	351141
ENDDOMAINS
ENDQUERY
QUERY	Query_55	Peptide	134	orf134_Lacpse1_feature_30_from_C_6, ORGANISM Genus species Unclassified.,
DOMAINS
2	Query_55	Superfamily	355698	3	105	6.59742e-06	43.876	cl28058	DNA_pol_B_2	N	-
ENDDOMAINS
ENDQUERY
QUERY	Query_56	Peptide	256	atp6_Lacpse1_feature_34_from_C_6, ORGANISM Genus species Unclassified.,
DOMAINS
2	Query_56	Superfamily	351082	14	256	2.83349e-45	151.698	cl00413	ATP-synt_A	-	-
ENDDOMAINS
ENDQUERY
QUERY	Query_57	Peptide	44	cox1_Lacpse1_feature_38_from_C_6, ORGANISM Genus species Unclassified.,
DOMAINS
2	Query_57	Superfamily	350997	8	44	1.72158e-11	55.6445	cl00275	Heme_Cu_Oxidase_I	C	-
ENDDOMAINS
SITES
2	Query_57	Generic	Low-spin heme binding site	S39,R43	15	2	238461
2	Query_57	Generic	D-pathway	Y24	9	1	238461
ENDSITES
ENDQUERY
QUERY	Query_58	Peptide	386	cob_Lacpse1_feature_8_from_C_7, ORGANISM Genus species Unclassified.,
DOMAINS
2	Query_58	Specific	214440	10	366	1.18346e-168	475.041	MTH00156	CYTB	-	45
ENDDOMAINS
ENDQUERY
QUERY	Query_60	Peptide	338	orf338_2_Lacpse1_feature_16_from_C_7, ORGANISM Genus species Unclassified.,
DOMAINS
2	Query_60	Non-specific	273636	115	326	7.23105e-26	102.464	TIGR01453	grpIintron_endo	-	45
ENDDOMAINS
ENDQUERY
QUERY	Query_61	Peptide	161	cox2_Lacpse1_feature_2_from_C_8, ORGANISM Genus species Unclassified.,
DOMAINS
2	Query_61	Non-specific	214402	10	161	4.59689e-59	183.413	MTH00023	COX2	C	45
ENDDOMAINS
ENDQUERY
QUERY	Query_62	Peptide	52	atp8_Lacpse1_feature_4_from_C_8, ORGANISM Genus species Unclassified.,
DOMAINS
2	Query_62	Non-specific	283561	1	48	4.67891e-05	35.845	pfam05933	Fun_ATP-synt_8	-	45
ENDDOMAINS
ENDQUERY
QUERY	Query_63	Peptide	664	nad5_Lacpse1_feature_6_from_C_8, ORGANISM Genus species Unclassified.,
DOMAINS
2	Query_63	Non-specific	177253	1	640	0	648.607	MTH00210	ND5	-	45
ENDDOMAINS
ENDQUERY
QUERY	Query_65	Peptide	90	nad4L_Lacpse1_feature_13_from_C_8, ORGANISM Genus species Unclassified.,
DOMAINS
2	Query_65	Superfamily	351118	7	87	2.0304e-10	52.3418	cl00492	Oxidored_q2	-	-
ENDDOMAINS
ENDQUERY
QUERY	Query_66	Peptide	270	cox3_Lacpse1_feature_15_from_C_8, ORGANISM Genus species Unclassified.,
DOMAINS
2	Query_66	Specific	278911	13	268	3.78371e-122	348.631	pfam00510	COX3	-	294143
ENDDOMAINS
SITES
2	Query_66	Specific	Subunit I/III interface	Q82,K85,G86,S97,F100,S104,V105,H111,S199,V200,T203,A207	12	12	238834
2	Query_66	Specific	Subunit III/Vb interface	G166	1	1	238834
2	Query_66	Specific	Subunit III/VIa interface	F135,A136,I137,Y154,I180,S190,E191,S192,S197,D198,S199	11	11	238834
2	Query_66	Specific	Subunit III/VIb interface	Q127	1	1	238834
2	Query_66	Specific	Subunit III/VIIa interface	L64,R67,D68,T71,T74,Y75,L76	7	7	238834
2	Query_66	Specific	Phospholipid binding site	W65,F66,I69,I70,G73,H79,G90,V91,F94,F222,R229,Q241,G242	13	13	238834
ENDSITES
ENDQUERY
QUERY	Query_67	Peptide	386	cob_Lacpse1_feature_4_from_C_9, ORGANISM Genus species Unclassified.,
DOMAINS
2	Query_67	Specific	214440	10	366	1.18346e-168	475.041	MTH00156	CYTB	-	45
ENDDOMAINS
ENDQUERY
QUERY	Query_69	Peptide	338	orf338_3_Lacpse1_feature_12_from_C_9, ORGANISM Genus species Unclassified.,
DOMAINS
2	Query_69	Non-specific	273636	115	326	7.23105e-26	102.464	TIGR01453	grpIintron_endo	-	45
ENDDOMAINS
ENDQUERY
QUERY	Query_70	Peptide	107	cox2_Lacpse1_feature_17_from_C_9, ORGANISM Genus species Unclassified.,
DOMAINS
2	Query_70	Superfamily	354382	1	101	1.1621e-68	201.26	cl19115	Cupredoxin	N	-
ENDDOMAINS
SITES
2	Query_70	Specific	CuA binding site	H40,C75,E77,C79,H83,M86	6	6	259979
2	Query_70	Specific	subunit I/II interface	K50,D52,P55,R57,N59,Q74,C75,S76,E77,V81,H83,G84	12	12	259979
2	Query_70	Specific	subunit II/IV interface	T70,Y72	2	2	259979
2	Query_70	Specific	subunit II/VIc interface	D18,K20,V25,D26,T68	5	5	259979
ENDSITES
ENDQUERY
QUERY	Query_71	Peptide	953	orf953_Lacpse1_feature_2_from_C_10, ORGANISM Genus species Unclassified.,
DOMAINS
2	Query_71	Superfamily	355698	381	787	3.79736e-47	175.229	cl28058	DNA_pol_B_2	-	-
2	Query_71	Superfamily	353046	773	875	0.000514461	43.4665	cl10023	POLBc	NC	-
ENDDOMAINS
SITES
2	Query_71	Generic	active site	D804	8	1	99912
2	Query_71	Generic	metal-binding site 	D802,D804,S805	3	3	99912
ENDSITES
ENDQUERY
ENDSESSION	2
ENDDATA
