#Post-RPSBLAST Processing Utility

#Input data file:	Lacsu1_MitoAssemblyScaffolds.fasta.new.sqn.gbf_converted.faa.asn
#Output data file:	Lacsu1_MitoAssemblyScaffolds.fasta.new.sqn.gbf_converted.faa.asn.out
#Annotation data at:	/opt/rpsbproc/data
#E-Value cutoff:	0.01
#Redundancy:	Concise
#Data requested:	Domain hits and site annotations
#Output format -- tab-delimited table
#Show superfamilies: NO
#DATA
#SESSION	<session-ordinal>	<program>	<database>	<score-matrix>	<evalue-threshold>
#QUERY	<query-id>	<seq-type>	<seq-length>	<definition-line>
#DOMAINS
#<session-ordinal>	<query-id[readingframe]>	<hit-type>	<PSSM-ID>	<from>	<to>	<E-Value>	<bitscore>	<accession>	<short-name>	<incomplete>	<superfamily PSSM-ID>
#more such lines......
#ENDDOMAINS
#SITES
#<session-ordinal>	<query-id[readingframe]>	<annot-type>	<title>	<residue(coordinates)>	<complete-size>	<mapped-size>	<source-domain>
#more such lines......
#ENDSITES
#MOTIFS
#<session-ordinal>	<query-id[readingframe]>	<title>	<from>	<to>	<source-domain>
#more such lines......
#ENDMOTIFS
#ENDQUERY	<query-id>
#more query sections..
#ENDSESSION	<session-ordinal>
#more session sections..
#ENDDATA
#=====================================================================
DATA
SESSION	1	blastp	2.10.0+	/opt/rpsbproc/db/Cdd	BLOSUM62	0.01
QUERY	Query_1	Peptide	1079	orf1079_Lacsu1_feature_2_from_C_0, ORGANISM Genus species Unclassified.,
DOMAINS
1	Query_1	Specific	260004	928	1065	1.90359e-68	225.04	cd09272	RNase_HI_RT_Ty1	-	353835
1	Query_1	Specific	336784	601	841	1.81746e-66	223.4	pfam07727	RVT_2	-	45
1	Query_1	Specific	334200	220	331	6.87499e-12	63.0522	pfam00665	rve	-	354865
1	Query_1	Specific	339032	127	199	0.000152487	40.8289	pfam13976	gag_pre-integrs	-	45
ENDDOMAINS
SITES
1	Query_1	Specific	active site	D932,E975,D1009,D1058	4	4	260004
1	Query_1	Specific	RNA/DNA hybrid binding site	D932,S933,D934,Y935,S970,T971,T972,E975,D1009,M1035,K1062	11	11	260004
ENDSITES
ENDQUERY
QUERY	Query_4	Peptide	947	orf947_Lacsu1_feature_8_from_C_0, ORGANISM Genus species Unclassified.,
DOMAINS
1	Query_4	Specific	260004	796	933	6.95837e-69	225.04	cd09272	RNase_HI_RT_Ty1	-	353835
1	Query_4	Specific	336784	469	709	7.04507e-67	223.4	pfam07727	RVT_2	-	45
1	Query_4	Specific	334200	93	199	8.0862e-12	62.667	pfam00665	rve	-	354865
1	Query_4	Specific	339032	2	69	0.000233657	40.0585	pfam13976	gag_pre-integrs	-	45
ENDDOMAINS
SITES
1	Query_4	Specific	active site	D800,E843,D877,D926	4	4	260004
1	Query_4	Specific	RNA/DNA hybrid binding site	D800,S801,D802,Y803,S838,T839,T840,E843,D877,M903,K930	11	11	260004
ENDSITES
ENDQUERY
QUERY	Query_5	Peptide	240	orf240_Lacsu1_feature_10_from_C_0, ORGANISM Genus species Unclassified.,
DOMAINS
1	Query_5	Specific	339123	87	211	0.000572652	38.4293	pfam14223	Retrotran_gag_2	-	45
ENDDOMAINS
ENDQUERY
QUERY	Query_6	Peptide	399	orf399_Lacsu1_feature_2_from_C_1, ORGANISM Genus species Unclassified.,
DOMAINS
1	Query_6	Specific	260004	248	385	1.73719e-73	225.425	cd09272	RNase_HI_RT_Ty1	-	353835
1	Query_6	Specific	336784	3	161	1.24837e-43	151.753	pfam07727	RVT_2	N	45
ENDDOMAINS
SITES
1	Query_6	Specific	active site	D252,E295,D329,D378	4	4	260004
1	Query_6	Specific	RNA/DNA hybrid binding site	D252,S253,D254,Y255,S290,T291,T292,E295,D329,M355,K382	11	11	260004
ENDSITES
ENDQUERY
QUERY	Query_7	Peptide	970	orf970_Lacsu1_feature_4_from_C_1, ORGANISM Genus species Unclassified.,
DOMAINS
1	Query_7	Specific	238827	221	473	5.42332e-40	147.053	cd01650	RT_nLTR_like	-	295487
1	Query_7	Specific	260008	674	806	6.93959e-34	126.564	cd09276	Rnase_HI_RT_non_LTR	-	353835
ENDDOMAINS
SITES
1	Query_7	Specific	putative active site	D307,V308,K309,G310,A311,Y312,Q366,G367,Y393,D395,D396,L469,G470	13	13	238827
1	Query_7	Specific	putative nucleic acid binding site	G367	1	1	238827
1	Query_7	Specific	putative NTP binding site	D307,V308,K309,G310,A311,Y312,Q366,D395	8	8	238827
1	Query_7	Specific	RNA/DNA hybrid binding site	D677,G678,S679,Q680,I713,V714,Y715,E718,D743,W784,K802	11	11	260008
ENDSITES
ENDQUERY
QUERY	Query_9	Peptide	1347	orf1347_Lacsu1_feature_8_from_C_1, ORGANISM Genus species Unclassified.,
DOMAINS
1	Query_9	Specific	260004	1196	1333	5.50116e-68	224.655	cd09272	RNase_HI_RT_Ty1	-	353835
1	Query_9	Specific	336784	869	1109	1.25725e-66	224.556	pfam07727	RVT_2	-	45
1	Query_9	Specific	334200	488	599	8.6832e-12	63.0522	pfam00665	rve	-	354865
1	Query_9	Specific	339032	395	467	0.000215019	40.4437	pfam13976	gag_pre-integrs	-	45
1	Query_9	Specific	339123	87	211	0.00649193	38.0441	pfam14223	Retrotran_gag_2	-	45
ENDDOMAINS
SITES
1	Query_9	Specific	active site	D1200,E1243,D1277,D1326	4	4	260004
1	Query_9	Specific	RNA/DNA hybrid binding site	D1200,S1201,D1202,Y1203,S1238,T1239,T1240,E1243,D1277,M1303,K1330	11	11	260004
ENDSITES
ENDQUERY
QUERY	Query_10	Peptide	229	cox3_Lacsu1_feature_2_from_C_2, ORGANISM Genus species Unclassified.,
DOMAINS
1	Query_10	Specific	278911	1	229	8.17196e-119	338.616	pfam00510	COX3	-	294143
ENDDOMAINS
SITES
1	Query_10	Specific	Subunit I/III interface	A42,R45,G46,S57,L60,A64,I65,H71,G159,A160,S163,F167	12	12	238834
1	Query_10	Specific	Subunit III/Vb interface	G126	1	1	238834
1	Query_10	Specific	Subunit III/VIa interface	F95,E96,L97,Y114,V140,T150,V151,S152,S157,D158,G159	11	11	238834
1	Query_10	Specific	Subunit III/VIb interface	M87	1	1	238834
1	Query_10	Specific	Subunit III/VIIa interface	F24,R27,D28,S31,T34,Y35,L36	7	7	238834
1	Query_10	Specific	Phospholipid binding site	W25,W26,V29,I30,A33,H39,G50,V51,F54,F182,R189,L201,G202	13	13	238834
ENDSITES
ENDQUERY
QUERY	Query_14	Peptide	101	orf102_Lacsu1_feature_48_from_C_2, ORGANISM Genus species Unclassified.,
DOMAINS
1	Query_14	Non-specific	273636	60	96	0.000328176	37.7506	TIGR01453	grpIintron_endo	C	45
ENDDOMAINS
ENDQUERY
QUERY	Query_16	Peptide	89	nad4L_Lacsu1_feature_54_from_C_2, ORGANISM Genus species Unclassified.,
DOMAINS
1	Query_16	Superfamily	351118	5	86	1.25264e-17	70.4461	cl00492	Oxidored_q2	-	-
ENDDOMAINS
ENDQUERY
QUERY	Query_17	Peptide	511	nad5_Lacsu1_feature_56_from_C_2, ORGANISM Genus species Unclassified.,
DOMAINS
1	Query_17	Non-specific	235836	1	310	8.4843e-143	424.186	PRK06590	PRK06590	C	45
ENDDOMAINS
ENDQUERY
QUERY	Query_18	Peptide	307	orf307_Lacsu1_feature_2_from_C_3, ORGANISM Genus species Unclassified.,
DOMAINS
1	Query_18	Specific	260008	11	143	6.14726e-37	128.104	cd09276	Rnase_HI_RT_non_LTR	-	353835
ENDDOMAINS
SITES
1	Query_18	Specific	RNA/DNA hybrid binding site	D14,G15,S16,Q17,I50,V51,Y52,E55,D80,W121,K139	11	11	260008
ENDSITES
ENDQUERY
QUERY	Query_19	Peptide	612	orf612_Lacsu1_feature_4_from_C_3, ORGANISM Genus species Unclassified.,
DOMAINS
1	Query_19	Specific	334200	487	588	8.00774e-11	59.2002	pfam00665	rve	-	354865
1	Query_19	Specific	339032	394	466	0.000194443	39.6733	pfam13976	gag_pre-integrs	-	45
1	Query_19	Specific	339123	87	211	0.000208389	41.1257	pfam14223	Retrotran_gag_2	-	45
ENDDOMAINS
ENDQUERY
QUERY	Query_20	Peptide	331	orf331_Lacsu1_feature_6_from_C_3, ORGANISM Genus species Unclassified.,
DOMAINS
1	Query_20	Superfamily	356550	101	180	1.01989e-06	46.1736	cl29674	Retrotrans_gag	-	-
ENDDOMAINS
ENDQUERY
QUERY	Query_21	Peptide	577	orf577_Lacsu1_feature_8_from_C_3, ORGANISM Genus species Unclassified.,
DOMAINS
1	Query_21	Specific	260004	426	563	2.42261e-71	225.04	cd09272	RNase_HI_RT_Ty1	-	353835
1	Query_21	Specific	336784	99	339	4.88145e-69	222.63	pfam07727	RVT_2	-	45
ENDDOMAINS
SITES
1	Query_21	Specific	active site	D430,E473,D507,D556	4	4	260004
1	Query_21	Specific	RNA/DNA hybrid binding site	D430,S431,D432,Y433,S468,T469,T470,E473,D507,M533,K560	11	11	260004
ENDSITES
ENDQUERY
QUERY	Query_22	Peptide	726	orf726_Lacsu1_feature_10_from_C_3, ORGANISM Genus species Unclassified.,
DOMAINS
1	Query_22	Specific	334200	487	598	4.49327e-12	63.0522	pfam00665	rve	-	354865
1	Query_22	Specific	339032	394	466	0.000190563	40.0585	pfam13976	gag_pre-integrs	-	45
1	Query_22	Specific	339123	87	211	0.000237609	41.1257	pfam14223	Retrotran_gag_2	-	45
ENDDOMAINS
ENDQUERY
ENDSESSION	1
SESSION	2	blastp	2.10.0+	/opt/rpsbproc/db/Cdd	BLOSUM62	0.01
QUERY	Query_23	Peptide	504	orf504_Lacsu1_feature_2_from_C_4, ORGANISM Genus species Unclassified.,
DOMAINS
2	Query_23	Specific	334200	157	268	2.99441e-12	63.0522	pfam00665	rve	-	354865
ENDDOMAINS
ENDQUERY
QUERY	Query_24	Peptide	331	orf331_Lacsu1_feature_4_from_C_4, ORGANISM Genus species Unclassified.,
DOMAINS
2	Query_24	Superfamily	356550	101	180	1.01989e-06	46.1736	cl29674	Retrotrans_gag	-	-
ENDDOMAINS
ENDQUERY
QUERY	Query_25	Peptide	216	orf216_Lacsu1_feature_6_from_C_4, ORGANISM Genus species Unclassified.,
DOMAINS
2	Query_25	Specific	336784	3	161	4.76166e-46	152.138	pfam07727	RVT_2	N	45
ENDDOMAINS
ENDQUERY
QUERY	Query_26	Peptide	949	orf949_Lacsu1_feature_8_from_C_4, ORGANISM Genus species Unclassified.,
DOMAINS
2	Query_26	Specific	260004	798	935	7.52818e-69	225.04	cd09272	RNase_HI_RT_Ty1	-	353835
2	Query_26	Specific	336784	471	711	6.35189e-67	223.4	pfam07727	RVT_2	-	45
2	Query_26	Specific	334200	90	201	5.99787e-12	63.0522	pfam00665	rve	-	354865
2	Query_26	Specific	339032	2	69	0.000263467	40.0585	pfam13976	gag_pre-integrs	-	45
ENDDOMAINS
SITES
2	Query_26	Specific	active site	D802,E845,D879,D928	4	4	260004
2	Query_26	Specific	RNA/DNA hybrid binding site	D802,S803,D804,Y805,S840,T841,T842,E845,D879,M905,K932	11	11	260004
ENDSITES
ENDQUERY
QUERY	Query_28	Peptide	1346	orf1346_Lacsu1_feature_2_from_C_5, ORGANISM Genus species Unclassified.,
DOMAINS
2	Query_28	Specific	260004	1195	1332	5.65724e-68	224.655	cd09272	RNase_HI_RT_Ty1	-	353835
2	Query_28	Specific	336784	868	1108	1.23165e-66	224.556	pfam07727	RVT_2	-	45
2	Query_28	Specific	334200	487	598	8.67646e-12	63.0522	pfam00665	rve	-	354865
2	Query_28	Specific	339032	394	466	0.000214857	40.4437	pfam13976	gag_pre-integrs	-	45
2	Query_28	Specific	339123	87	211	0.000644683	40.7405	pfam14223	Retrotran_gag_2	-	45
ENDDOMAINS
SITES
2	Query_28	Specific	active site	D1199,E1242,D1276,D1325	4	4	260004
2	Query_28	Specific	RNA/DNA hybrid binding site	D1199,S1200,D1201,Y1202,S1237,T1238,T1239,E1242,D1276,M1302,K1329	11	11	260004
ENDSITES
ENDQUERY
QUERY	Query_29	Peptide	830	orf830_Lacsu1_feature_4_from_C_5, ORGANISM Genus species Unclassified.,
DOMAINS
2	Query_29	Specific	334200	453	564	5.19497e-12	63.0522	pfam00665	rve	-	354865
2	Query_29	Specific	339032	360	432	0.000200164	40.0585	pfam13976	gag_pre-integrs	-	45
2	Query_29	Specific	339123	53	177	0.000494812	40.7405	pfam14223	Retrotran_gag_2	-	45
ENDDOMAINS
ENDQUERY
QUERY	Query_30	Peptide	361	nad5_Lacsu1_feature_2_from_C_6, ORGANISM Genus species Unclassified.,
DOMAINS
2	Query_30	Non-specific	214400	2	326	2.37244e-75	243.831	MTH00020	ND5	N	45
ENDDOMAINS
ENDQUERY
QUERY	Query_31	Peptide	391	orf391_Lacsu1_feature_6_from_C_6, ORGANISM Genus species Unclassified.,
DOMAINS
2	Query_31	Non-specific	237177	202	319	0.00151609	40.5318	PRK12704	PRK12704	C	45
ENDDOMAINS
ENDQUERY
QUERY	Query_32	Peptide	391	orf391_Lacsu1_feature_8_from_C_6, ORGANISM Genus species Unclassified.,
DOMAINS
2	Query_32	Non-specific	237177	202	319	0.00151609	40.5318	PRK12704	PRK12704	C	45
ENDDOMAINS
ENDQUERY
QUERY	Query_33	Peptide	391	orf391_Lacsu1_feature_10_from_C_6, ORGANISM Genus species Unclassified.,
DOMAINS
2	Query_33	Non-specific	237177	202	319	0.00151609	40.5318	PRK12704	PRK12704	C	45
ENDDOMAINS
ENDQUERY
QUERY	Query_34	Peptide	364	nad1_Lacsu1_feature_12_from_C_6, ORGANISM Genus species Unclassified.,
DOMAINS
2	Query_34	Specific	333876	12	347	3.7503e-112	329.048	pfam00146	NADHdh	-	351105
ENDDOMAINS
ENDQUERY
ENDSESSION	2
ENDDATA
