#Post-RPSBLAST Processing Utility

#Input data file:	Lashir1_MitoAssemblyScaffolds.fasta.new.sqn.gbf_converted.faa.asn
#Output data file:	Lashir1_MitoAssemblyScaffolds.fasta.new.sqn.gbf_converted.faa.asn.out
#Annotation data at:	/opt/rpsbproc/data
#E-Value cutoff:	0.01
#Redundancy:	Concise
#Data requested:	Domain hits and site annotations
#Output format -- tab-delimited table
#Show superfamilies: NO
#DATA
#SESSION	<session-ordinal>	<program>	<database>	<score-matrix>	<evalue-threshold>
#QUERY	<query-id>	<seq-type>	<seq-length>	<definition-line>
#DOMAINS
#<session-ordinal>	<query-id[readingframe]>	<hit-type>	<PSSM-ID>	<from>	<to>	<E-Value>	<bitscore>	<accession>	<short-name>	<incomplete>	<superfamily PSSM-ID>
#more such lines......
#ENDDOMAINS
#SITES
#<session-ordinal>	<query-id[readingframe]>	<annot-type>	<title>	<residue(coordinates)>	<complete-size>	<mapped-size>	<source-domain>
#more such lines......
#ENDSITES
#MOTIFS
#<session-ordinal>	<query-id[readingframe]>	<title>	<from>	<to>	<source-domain>
#more such lines......
#ENDMOTIFS
#ENDQUERY	<query-id>
#more query sections..
#ENDSESSION	<session-ordinal>
#more session sections..
#ENDDATA
#=====================================================================
DATA
SESSION	1	blastp	2.10.0+	/opt/rpsbproc/db/Cdd	BLOSUM62	0.01
QUERY	Query_2	Peptide	560	nad2_Lashir1_feature_26_from_C_0, ORGANISM Genus species Unclassified.,
DOMAINS
1	Query_2	Specific	235603	124	481	4.26992e-82	264.375	PRK05777	PRK05777	N	356474
ENDDOMAINS
ENDQUERY
QUERY	Query_3	Peptide	137	nad3_Lashir1_feature_28_from_C_0, ORGANISM Genus species Unclassified.,
DOMAINS
1	Query_3	Specific	334119	19	113	1.48796e-19	77.0702	pfam00507	Oxidored_q4	-	351141
ENDDOMAINS
ENDQUERY
QUERY	Query_4	Peptide	74	atp9_Lashir1_feature_30_from_C_0, ORGANISM Genus species Unclassified.,
DOMAINS
1	Query_4	Specific	349422	6	70	1.05973e-18	71.7719	cd18182	ATP-synt_Fo_c_ATP5G3	-	365782
ENDDOMAINS
SITES
ENDSITES
ENDQUERY
QUERY	Query_6	Peptide	250	cox2_Lashir1_feature_34_from_C_0, ORGANISM Genus species Unclassified.,
DOMAINS
1	Query_6	Specific	214438	18	247	7.4166e-111	317.926	MTH00154	COX2	-	45
ENDDOMAINS
ENDQUERY
QUERY	Query_7	Peptide	89	nad4L_Lashir1_feature_40_from_C_0, ORGANISM Genus species Unclassified.,
DOMAINS
1	Query_7	Superfamily	351118	3	86	1.62122e-16	67.7497	cl00492	Oxidored_q2	-	-
ENDDOMAINS
ENDQUERY
QUERY	Query_8	Peptide	1643	nad5_Lashir1_feature_42_from_C_0, ORGANISM Genus species Unclassified.,
DOMAINS
1	Query_8	Non-specific	177253	1	601	0	639.747	MTH00210	ND5	-	45
ENDDOMAINS
ENDQUERY
QUERY	Query_9	Peptide	394	cob_Lashir1_feature_44_from_C_0, ORGANISM Genus species Unclassified.,
DOMAINS
1	Query_9	Specific	214440	10	367	5.03162e-179	501.62	MTH00156	CYTB	-	45
ENDDOMAINS
ENDQUERY
QUERY	Query_10	Peptide	553	cox1_Lashir1_feature_50_from_C_0, ORGANISM Genus species Unclassified.,
DOMAINS
1	Query_10	Specific	238833	31	533	0	840.218	cd01663	Cyt_c_Oxidase_I	-	350997
ENDDOMAINS
SITES
1	Query_10	Specific	Binuclear center (heme a3/CuB)	H262,H311,H312,H397	4	4	238833
1	Query_10	Specific	Low-spin heme (heme a) binding site	H83,H399,S403,T445,S482	5	5	238833
1	Query_10	Specific	D-pathway	Y40,N102,D113,N120,S123,S178,S179,N185,T189	9	9	238833
1	Query_10	Specific	K-pathway	H262,Y266,S277,H311,H312,T337,K340	7	7	238833
1	Query_10	Specific	Electron transfer pathway	F398,R459,R460	3	3	238833
1	Query_10	Specific	Putative proton exit pathway	H312,H389,D390,R459,R460	5	5	238833
1	Query_10	Specific	Putative water exit pathway	D249,Q254,H255,D385,H389,D390,R459	7	7	238833
1	Query_10	Specific	Subunit I/II interface	N77,D249,K286,F289,G290,T315,V316,G317,V320,R323,L331,I339,F342,Y349,G350,G351,L363,N381,A382,L384,I386,A387,F388,H389,D390,L454,Q455,R459,R460,I461,G470,W471	32	32	238833
1	Query_10	Specific	Subunit I/III interface	T31,P112,F116,R118,W125,D166,F170,T188,N192,I212,L219,P222,M230,T239,S240,F241,G246,G247,D249,F259,Y296,M299,G302,V303,I307	25	25	238833
1	Query_10	Specific	Subunit I/IV interface	M60,S63,G64,T429,K432,A433,D466,V484	8	8	238833
1	Query_10	Specific	Subunit I/Vb interface	S287,Y291,A532	3	3	238833
1	Query_10	Specific	Subunit I/VIa interface	V157,R235,N236,F237,N238	5	5	238833
1	Query_10	Specific	Subunit I/VIb interface	G317	1	1	238833
1	Query_10	Specific	Subunit I/VIc interface	G350	1	1	238833
1	Query_10	Specific	Subunit I/VIIa interface	F136,C139	2	2	238833
1	Query_10	Specific	Subunit I/VIIb interface	D466,G470	2	2	238833
1	Query_10	Specific	Subunit I/VIIc interface	F46,L50,A53,L57,A138,C139,I421,Y494,L497	9	9	238833
1	Query_10	Specific	Subunit I/VIIIb interface	L430,F487	2	2	238833
1	Query_10	Specific	Dimer interface	I212,L219,F259,Y296,M299,G302,V303,I307	8	8	238833
ENDSITES
ENDQUERY
QUERY	Query_11	Peptide	349	orf349_Lashir1_feature_54_from_C_0, ORGANISM Genus species Unclassified.,
DOMAINS
1	Query_11	Specific	334330	213	312	1.91094e-19	81.899	pfam00961	LAGLIDADG_1	-	45
ENDDOMAINS
ENDQUERY
QUERY	Query_12	Peptide	370	nad1_Lashir1_feature_57_from_C_0, ORGANISM Genus species Unclassified.,
DOMAINS
1	Query_12	Specific	333876	26	298	8.01049e-96	287.447	pfam00146	NADHdh	-	351105
ENDDOMAINS
ENDQUERY
QUERY	Query_13	Peptide	507	nad4_Lashir1_feature_59_from_C_0, ORGANISM Genus species Unclassified.,
DOMAINS
1	Query_13	Specific	235622	47	504	2.54677e-123	369.531	PRK05846	PRK05846	-	45
ENDDOMAINS
ENDQUERY
QUERY	Query_14	Peptide	50	atp8_Lashir1_feature_61_from_C_0, ORGANISM Genus species Unclassified.,
DOMAINS
1	Query_14	Non-specific	283561	1	48	1.5727e-08	44.3194	pfam05933	Fun_ATP-synt_8	-	45
ENDDOMAINS
ENDQUERY
QUERY	Query_15	Peptide	268	atp6_Lashir1_feature_63_from_C_0, ORGANISM Genus species Unclassified.,
DOMAINS
1	Query_15	Specific	273458	43	265	3.39675e-49	161.605	TIGR01131	ATP_synt_6_or_A	-	351082
ENDDOMAINS
ENDQUERY
QUERY	Query_16	Peptide	269	cox3_Lashir1_feature_71_from_C_0, ORGANISM Genus species Unclassified.,
DOMAINS
1	Query_16	Specific	278911	12	269	1.16194e-133	377.906	pfam00510	COX3	-	294143
ENDDOMAINS
SITES
1	Query_16	Specific	Subunit I/III interface	A82,K85,G86,S97,L100,A104,I105,H111,G199,A200,T203,F207	12	12	238834
1	Query_16	Specific	Subunit III/Vb interface	G166	1	1	238834
1	Query_16	Specific	Subunit III/VIa interface	F135,E136,L137,Y154,I180,S190,V191,S192,S197,D198,G199	11	11	238834
1	Query_16	Specific	Subunit III/VIb interface	I127	1	1	238834
1	Query_16	Specific	Subunit III/VIIa interface	F64,R67,D68,S71,T74,F75,L76	7	7	238834
1	Query_16	Specific	Phospholipid binding site	W65,F66,I69,I70,G73,H79,G90,I91,F94,F222,R229,L241,G242	13	13	238834
ENDSITES
ENDQUERY
ENDSESSION	1
ENDDATA
