#Post-RPSBLAST Processing Utility

#Input data file:	Lasmin1_MitoAssemblyScaffolds.fasta.new.sqn.gbf_converted.faa.asn
#Output data file:	Lasmin1_MitoAssemblyScaffolds.fasta.new.sqn.gbf_converted.faa.asn.out
#Annotation data at:	/opt/rpsbproc/data
#E-Value cutoff:	0.01
#Redundancy:	Concise
#Data requested:	Domain hits and site annotations
#Output format -- tab-delimited table
#Show superfamilies: NO
#DATA
#SESSION	<session-ordinal>	<program>	<database>	<score-matrix>	<evalue-threshold>
#QUERY	<query-id>	<seq-type>	<seq-length>	<definition-line>
#DOMAINS
#<session-ordinal>	<query-id[readingframe]>	<hit-type>	<PSSM-ID>	<from>	<to>	<E-Value>	<bitscore>	<accession>	<short-name>	<incomplete>	<superfamily PSSM-ID>
#more such lines......
#ENDDOMAINS
#SITES
#<session-ordinal>	<query-id[readingframe]>	<annot-type>	<title>	<residue(coordinates)>	<complete-size>	<mapped-size>	<source-domain>
#more such lines......
#ENDSITES
#MOTIFS
#<session-ordinal>	<query-id[readingframe]>	<title>	<from>	<to>	<source-domain>
#more such lines......
#ENDMOTIFS
#ENDQUERY	<query-id>
#more query sections..
#ENDSESSION	<session-ordinal>
#more session sections..
#ENDDATA
#=====================================================================
DATA
SESSION	1	blastp	2.10.0+	/opt/rpsbproc/db/Cdd	BLOSUM62	0.01
QUERY	Query_1	Peptide	54	atp8_Lasmin1_feature_2_from_C_0, ORGANISM Genus species Unclassified.,
DOMAINS
1	Query_1	Specific	283561	1	48	1.30118e-09	47.401	pfam05933	Fun_ATP-synt_8	-	45
ENDDOMAINS
ENDQUERY
QUERY	Query_2	Peptide	237	atp6_Lasmin1_feature_4_from_C_0, ORGANISM Genus species Unclassified.,
DOMAINS
1	Query_2	Specific	273458	4	234	2.48821e-48	158.524	TIGR01131	ATP_synt_6_or_A	-	351082
ENDDOMAINS
ENDQUERY
QUERY	Query_3	Peptide	394	cob_Lasmin1_feature_8_from_C_0, ORGANISM Genus species Unclassified.,
DOMAINS
1	Query_3	Specific	214440	10	367	2.94365e-179	502.39	MTH00156	CYTB	-	45
ENDDOMAINS
ENDQUERY
QUERY	Query_4	Peptide	567	cox1_Lasmin1_feature_10_from_C_0, ORGANISM Genus species Unclassified.,
DOMAINS
1	Query_4	Specific	238833	25	527	0	839.833	cd01663	Cyt_c_Oxidase_I	-	350997
ENDDOMAINS
SITES
1	Query_4	Specific	Binuclear center (heme a3/CuB)	H256,H305,H306,H391	4	4	238833
1	Query_4	Specific	Low-spin heme (heme a) binding site	H77,H393,S397,T439,S476	5	5	238833
1	Query_4	Specific	D-pathway	Y34,N96,D107,N114,S117,S172,S173,N179,T183	9	9	238833
1	Query_4	Specific	K-pathway	H256,Y260,S271,H305,H306,T331,K334	7	7	238833
1	Query_4	Specific	Electron transfer pathway	F392,R453,R454	3	3	238833
1	Query_4	Specific	Putative proton exit pathway	H306,H383,D384,R453,R454	5	5	238833
1	Query_4	Specific	Putative water exit pathway	D243,Q248,H249,D379,H383,D384,R453	7	7	238833
1	Query_4	Specific	Subunit I/II interface	N71,D243,K280,F283,G284,T309,V310,G311,V314,R317,L325,I333,F336,Y343,G344,G345,L357,N375,A376,L378,I380,A381,F382,H383,D384,L448,Q449,R453,R454,I455,G464,W465	32	32	238833
1	Query_4	Specific	Subunit I/III interface	T25,P106,F110,R112,W119,D160,F164,T182,N186,I206,L213,P216,M224,T233,S234,F235,G240,G241,D243,F253,Y290,M293,G296,V297,I301	25	25	238833
1	Query_4	Specific	Subunit I/IV interface	M54,S57,G58,L423,K426,A427,D460,V478	8	8	238833
1	Query_4	Specific	Subunit I/Vb interface	S281,Y285,A526	3	3	238833
1	Query_4	Specific	Subunit I/VIa interface	V151,R229,N230,F231,N232	5	5	238833
1	Query_4	Specific	Subunit I/VIb interface	G311	1	1	238833
1	Query_4	Specific	Subunit I/VIc interface	G344	1	1	238833
1	Query_4	Specific	Subunit I/VIIa interface	F130,C133	2	2	238833
1	Query_4	Specific	Subunit I/VIIb interface	D460,G464	2	2	238833
1	Query_4	Specific	Subunit I/VIIc interface	F40,L44,A47,L51,A132,C133,M415,Y488,L491	9	9	238833
1	Query_4	Specific	Subunit I/VIIIb interface	L424,W481	2	2	238833
1	Query_4	Specific	Dimer interface	I206,L213,F253,Y290,M293,G296,V297,I301	8	8	238833
ENDSITES
ENDQUERY
QUERY	Query_6	Peptide	269	cox3_Lasmin1_feature_21_from_C_0, ORGANISM Genus species Unclassified.,
DOMAINS
1	Query_6	Specific	278911	12	269	2.52842e-133	376.751	pfam00510	COX3	-	294143
ENDDOMAINS
SITES
1	Query_6	Specific	Subunit I/III interface	A82,K85,G86,S97,L100,A104,I105,H111,S199,V200,T203,F207	12	12	238834
1	Query_6	Specific	Subunit III/Vb interface	G166	1	1	238834
1	Query_6	Specific	Subunit III/VIa interface	F135,E136,L137,Y154,I180,N190,V191,A192,S197,D198,S199	11	11	238834
1	Query_6	Specific	Subunit III/VIb interface	M127	1	1	238834
1	Query_6	Specific	Subunit III/VIIa interface	F64,R67,D68,S71,T74,F75,L76	7	7	238834
1	Query_6	Specific	Phospholipid binding site	W65,F66,I69,I70,S73,H79,G90,V91,F94,F222,R229,L241,G242	13	13	238834
ENDSITES
ENDQUERY
QUERY	Query_7	Peptide	229	nad6_Lasmin1_feature_35_from_C_0, ORGANISM Genus species Unclassified.,
DOMAINS
1	Query_7	Superfamily	354830	22	215	1.71067e-21	87.9693	cl21484	Oxidored_q3	-	-
ENDDOMAINS
ENDQUERY
QUERY	Query_9	Peptide	566	nad2_Lasmin1_feature_69_from_C_0, ORGANISM Genus species Unclassified.,
DOMAINS
1	Query_9	Specific	235603	123	495	5.17086e-79	256.286	PRK05777	PRK05777	N	356474
ENDDOMAINS
ENDQUERY
QUERY	Query_10	Peptide	155	nad3_Lasmin1_feature_71_from_C_0, ORGANISM Genus species Unclassified.,
DOMAINS
1	Query_10	Specific	334119	19	89	6.50522e-13	60.5066	pfam00507	Oxidored_q4	C	351141
ENDDOMAINS
ENDQUERY
QUERY	Query_12	Peptide	74	atp9_Lasmin1_feature_75_from_C_0, ORGANISM Genus species Unclassified.,
DOMAINS
1	Query_12	Superfamily	351103	1	72	7.22087e-15	62.1742	cl00466	ATP-synt_C	-	-
ENDDOMAINS
ENDQUERY
QUERY	Query_13	Peptide	250	cox2_Lasmin1_feature_77_from_C_0, ORGANISM Genus species Unclassified.,
DOMAINS
1	Query_13	Specific	214438	18	249	6.75168e-107	307.911	MTH00154	COX2	-	45
ENDDOMAINS
ENDQUERY
QUERY	Query_14	Peptide	89	nad4L_Lasmin1_feature_83_from_C_0, ORGANISM Genus species Unclassified.,
DOMAINS
1	Query_14	Superfamily	351118	3	86	1.62122e-16	67.7497	cl00492	Oxidored_q2	-	-
ENDDOMAINS
ENDQUERY
QUERY	Query_15	Peptide	662	nad5_Lasmin1_feature_85_from_C_0, ORGANISM Genus species Unclassified.,
DOMAINS
1	Query_15	Non-specific	177253	1	642	0	575.804	MTH00210	ND5	-	45
ENDDOMAINS
ENDQUERY
QUERY	Query_16	Peptide	369	nad1_Lasmin1_feature_87_from_C_0, ORGANISM Genus species Unclassified.,
DOMAINS
1	Query_16	Specific	333876	12	352	1.1045e-106	315.181	pfam00146	NADHdh	-	351105
ENDDOMAINS
ENDQUERY
QUERY	Query_17	Peptide	302	nad4_Lasmin1_feature_89_from_C_0, ORGANISM Genus species Unclassified.,
DOMAINS
1	Query_17	Non-specific	235622	43	283	8.51736e-62	203.51	PRK05846	PRK05846	C	45
ENDDOMAINS
ENDQUERY
ENDSESSION	1
ENDDATA
