#Post-RPSBLAST Processing Utility

#Input data file:	Lbo_TFB10827_1_MitoAssemblyScaffolds.fasta.new.sqn.gbf_converted.faa.asn
#Output data file:	Lbo_TFB10827_1_MitoAssemblyScaffolds.fasta.new.sqn.gbf_converted.faa.asn.out
#Annotation data at:	/opt/rpsbproc/data
#E-Value cutoff:	0.01
#Redundancy:	Concise
#Data requested:	Domain hits and site annotations
#Output format -- tab-delimited table
#Show superfamilies: NO
#DATA
#SESSION	<session-ordinal>	<program>	<database>	<score-matrix>	<evalue-threshold>
#QUERY	<query-id>	<seq-type>	<seq-length>	<definition-line>
#DOMAINS
#<session-ordinal>	<query-id[readingframe]>	<hit-type>	<PSSM-ID>	<from>	<to>	<E-Value>	<bitscore>	<accession>	<short-name>	<incomplete>	<superfamily PSSM-ID>
#more such lines......
#ENDDOMAINS
#SITES
#<session-ordinal>	<query-id[readingframe]>	<annot-type>	<title>	<residue(coordinates)>	<complete-size>	<mapped-size>	<source-domain>
#more such lines......
#ENDSITES
#MOTIFS
#<session-ordinal>	<query-id[readingframe]>	<title>	<from>	<to>	<source-domain>
#more such lines......
#ENDMOTIFS
#ENDQUERY	<query-id>
#more query sections..
#ENDSESSION	<session-ordinal>
#more session sections..
#ENDDATA
#=====================================================================
DATA
SESSION	1	blastp	2.10.0+	/opt/rpsbproc/db/Cdd	BLOSUM62	0.01
QUERY	Query_1	Peptide	294	orf295_Lbo_feature_2_from_C_0, ORGANISM Genus species Unclassified.,
DOMAINS
1	Query_1	Specific	334330	68	171	2.2506e-09	53.7795	pfam00961	LAGLIDADG_1	-	45
1	Query_1	Specific	334330	235	286	0.000196249	39.5271	pfam00961	LAGLIDADG_1	C	45
ENDDOMAINS
ENDQUERY
QUERY	Query_2	Peptide	58	nad4L_Lbo_feature_4_from_C_0, ORGANISM Genus species Unclassified.,
DOMAINS
1	Query_2	Superfamily	351118	1	49	7.87049e-07	41.5562	cl00492	Oxidored_q2	N	-
ENDDOMAINS
ENDQUERY
QUERY	Query_3	Peptide	251	orf251_Lbo_feature_6_from_C_0, ORGANISM Genus species Unclassified.,
DOMAINS
1	Query_3	Specific	335245	79	111	8.72695e-06	44.4591	pfam03161	LAGLIDADG_2	C	45
1	Query_3	Non-specific	317849	112	163	0.00431972	37.9925	pfam15498	Dendrin	C	45
ENDDOMAINS
ENDQUERY
QUERY	Query_4	Peptide	669	nad5_Lbo_feature_8_from_C_0, ORGANISM Genus species Unclassified.,
DOMAINS
1	Query_4	Non-specific	177253	16	640	0	596.99	MTH00210	ND5	-	45
ENDDOMAINS
ENDQUERY
QUERY	Query_10	Peptide	533	cox1_Lbo_feature_35_from_C_0, ORGANISM Genus species Unclassified.,
DOMAINS
1	Query_10	Specific	238833	7	485	0	827.122	cd01663	Cyt_c_Oxidase_I	-	350997
ENDDOMAINS
SITES
1	Query_10	Specific	Binuclear center (heme a3/CuB)	H239,H288,H289,H374	4	4	238833
1	Query_10	Specific	Low-spin heme (heme a) binding site	H60,H376,S380,T422,S459	5	5	238833
1	Query_10	Specific	D-pathway	Y16,N79,L90,N97,S100,S155,S156,N162,T166	9	9	238833
1	Query_10	Specific	K-pathway	H239,Y243,S254,H288,H289,T314,K317	7	7	238833
1	Query_10	Specific	Electron transfer pathway	F375,R436,R437	3	3	238833
1	Query_10	Specific	Putative proton exit pathway	H289,H366,D367,R436,R437	5	5	238833
1	Query_10	Specific	Putative water exit pathway	D226,Q231,H232,D362,H366,D367,R436	7	7	238833
1	Query_10	Specific	Subunit I/II interface	N54,D226,K263,F266,G267,A292,V293,G294,V297,R300,M308,I316,F319,Y326,G327,G328,L340,N358,A359,L361,V363,A364,F365,H366,D367,L431,A432,R436,R437,I438,G447,W448	32	32	238833
1	Query_10	Specific	Subunit I/III interface	T7,P89,F93,R95,W102,D143,F147,S165,N169,I189,L196,P199,M207,T216,S217,F218,G223,G224,D226,F236,Y273,F276,G279,I280,L284	25	25	238833
1	Query_10	Specific	Subunit I/IV interface	L36,S39,A40,F406,K409,I410,D443,V461	8	8	238833
1	Query_10	Specific	Subunit I/VIa interface	V134,R212,N213,F214,N215	5	5	238833
1	Query_10	Specific	Subunit I/VIb interface	G294	1	1	238833
1	Query_10	Specific	Subunit I/VIc interface	G327	1	1	238833
1	Query_10	Specific	Subunit I/VIIa interface	L113,L116	2	2	238833
1	Query_10	Specific	Subunit I/VIIb interface	D443,G447	2	2	238833
1	Query_10	Specific	Subunit I/VIIc interface	F22,I26,A29,M33,A115,L116,I398,Y471,F474	9	9	238833
1	Query_10	Specific	Subunit I/VIIIb interface	L407,M464	2	2	238833
1	Query_10	Specific	Dimer interface	I189,L196,F236,Y273,F276,G279,I280,L284	8	8	238833
ENDSITES
ENDQUERY
QUERY	Query_11	Peptide	352	orf352_Lbo_feature_41_from_C_0, ORGANISM Genus species Unclassified.,
DOMAINS
1	Query_11	Specific	198392	98	180	1.94379e-21	86.896	cd10445	GIY-YIG_bI1_like	-	353929
1	Query_11	Non-specific	273636	96	348	2.0384e-12	65.4849	TIGR01453	grpIintron_endo	-	45
ENDDOMAINS
SITES
1	Query_11	Specific	putative active site	Y100,Y111,G113,R121,Y125,E170	7	6	198392
1	Query_11	Specific	putative metal binding site	E170	1	1	198392
1	Query_11	Specific	GIY-YIG motif/motif A	G98,V99,Y100,Y111,V112,G113	6	6	198392
ENDSITES
ENDQUERY
QUERY	Query_12	Peptide	335	orf335_Lbo_feature_45_from_C_0, ORGANISM Genus species Unclassified.,
DOMAINS
1	Query_12	Specific	334330	151	271	3.80106e-20	83.825	pfam00961	LAGLIDADG_1	-	45
1	Query_12	Specific	334330	32	117	3.27584e-06	44.9199	pfam00961	LAGLIDADG_1	-	45
ENDDOMAINS
ENDQUERY
QUERY	Query_14	Peptide	307	orf307_Lbo_feature_51_from_C_0, ORGANISM Genus species Unclassified.,
DOMAINS
1	Query_14	Specific	334330	156	265	1.75549e-12	62.2538	pfam00961	LAGLIDADG_1	-	45
1	Query_14	Specific	334330	36	110	1.21176e-05	42.9939	pfam00961	LAGLIDADG_1	C	45
ENDDOMAINS
ENDQUERY
QUERY	Query_15	Peptide	386	orf386_Lbo_feature_55_from_C_0, ORGANISM Genus species Unclassified.,
DOMAINS
1	Query_15	Specific	334330	114	210	3.46977e-14	67.6466	pfam00961	LAGLIDADG_1	-	45
1	Query_15	Specific	334330	266	351	0.00031525	39.5271	pfam00961	LAGLIDADG_1	-	45
ENDDOMAINS
ENDQUERY
QUERY	Query_16	Peptide	345	orf345_Lbo_feature_59_from_C_0, ORGANISM Genus species Unclassified.,
DOMAINS
1	Query_16	Specific	334330	197	300	2.64444e-12	62.2538	pfam00961	LAGLIDADG_1	-	45
1	Query_16	Specific	334330	76	151	4.92422e-08	50.3127	pfam00961	LAGLIDADG_1	C	45
ENDDOMAINS
ENDQUERY
QUERY	Query_17	Peptide	313	orf313_Lbo_feature_63_from_C_0, ORGANISM Genus species Unclassified.,
DOMAINS
1	Query_17	Specific	334330	87	153	7.68445e-07	46.4607	pfam00961	LAGLIDADG_1	C	45
1	Query_17	Specific	334330	193	273	4.24331e-06	44.5347	pfam00961	LAGLIDADG_1	-	45
ENDDOMAINS
ENDQUERY
QUERY	Query_18	Peptide	328	orf328_Lbo_feature_67_from_C_0, ORGANISM Genus species Unclassified.,
DOMAINS
1	Query_18	Specific	334330	200	296	6.34361e-19	80.3582	pfam00961	LAGLIDADG_1	-	45
1	Query_18	Specific	334330	87	166	7.68034e-06	43.7643	pfam00961	LAGLIDADG_1	-	45
ENDDOMAINS
ENDQUERY
QUERY	Query_19	Peptide	528	orf528_Lbo_feature_71_from_C_0, ORGANISM Genus species Unclassified.,
DOMAINS
1	Query_19	Specific	334330	301	367	0.00415454	36.8307	pfam00961	LAGLIDADG_1	C	45
ENDDOMAINS
ENDQUERY
QUERY	Query_20	Peptide	320	orf320_Lbo_feature_75_from_C_0, ORGANISM Genus species Unclassified.,
DOMAINS
1	Query_20	Specific	334330	190	287	1.96353e-13	65.3354	pfam00961	LAGLIDADG_1	-	45
1	Query_20	Specific	334330	85	152	4.31005e-05	41.8383	pfam00961	LAGLIDADG_1	-	45
ENDDOMAINS
ENDQUERY
QUERY	Query_21	Peptide	289	orf289_Lbo_feature_79_from_C_0, ORGANISM Genus species Unclassified.,
DOMAINS
1	Query_21	Specific	335245	85	264	2.00583e-54	173.886	pfam03161	LAGLIDADG_2	-	45
ENDDOMAINS
ENDQUERY
QUERY	Query_22	Peptide	279	orf279_Lbo_feature_83_from_C_0, ORGANISM Genus species Unclassified.,
DOMAINS
1	Query_22	Specific	273636	2	182	1.46173e-39	137.132	TIGR01453	grpIintron_endo	-	45
1	Query_22	Specific	284793	216	251	0.00507449	34.0252	pfam07453	NUMOD1	-	299755
ENDDOMAINS
ENDQUERY
QUERY	Query_25	Peptide	231	orf231_Lbo_feature_92_from_C_0, ORGANISM Genus species Unclassified.,
DOMAINS
1	Query_25	Specific	335245	42	213	4.60923e-58	181.205	pfam03161	LAGLIDADG_2	-	45
ENDDOMAINS
ENDQUERY
QUERY	Query_26	Peptide	333	orf334_Lbo_feature_94_from_C_0, ORGANISM Genus species Unclassified.,
DOMAINS
1	Query_26	Specific	334330	18	115	6.02244e-14	66.8762	pfam00961	LAGLIDADG_1	-	45
1	Query_26	Specific	334330	189	281	1.45907e-05	42.9939	pfam00961	LAGLIDADG_1	-	45
ENDDOMAINS
ENDQUERY
QUERY	Query_27	Peptide	457	orf457_Lbo_feature_96_from_C_0, ORGANISM Genus species Unclassified.,
DOMAINS
1	Query_27	Specific	334330	137	237	5.03422e-20	84.5954	pfam00961	LAGLIDADG_1	-	45
1	Query_27	Specific	334330	300	427	6.55429e-16	73.0394	pfam00961	LAGLIDADG_1	-	45
ENDDOMAINS
ENDQUERY
QUERY	Query_28	Peptide	196	orf196_Lbo_feature_98_from_C_0, ORGANISM Genus species Unclassified.,
DOMAINS
1	Query_28	Specific	334330	28	131	4.75347e-09	51.4683	pfam00961	LAGLIDADG_1	-	45
ENDDOMAINS
ENDQUERY
QUERY	Query_29	Peptide	278	orf278_Lbo_feature_100_from_C_0, ORGANISM Genus species Unclassified.,
DOMAINS
1	Query_29	Specific	334330	21	128	3.72754e-11	58.4019	pfam00961	LAGLIDADG_1	-	45
1	Query_29	Specific	334330	177	246	0.00300443	36.0603	pfam00961	LAGLIDADG_1	C	45
ENDDOMAINS
ENDQUERY
QUERY	Query_30	Peptide	276	orf277_Lbo_feature_102_from_C_0, ORGANISM Genus species Unclassified.,
DOMAINS
1	Query_30	Specific	334330	19	126	3.66028e-11	58.4019	pfam00961	LAGLIDADG_1	-	45
1	Query_30	Specific	334330	175	244	0.0029493	36.0603	pfam00961	LAGLIDADG_1	C	45
ENDDOMAINS
ENDQUERY
QUERY	Query_32	Peptide	343	orf344_Lbo_feature_106_from_C_0, ORGANISM Genus species Unclassified.,
DOMAINS
1	Query_32	Specific	334330	42	142	6.33095e-19	80.3582	pfam00961	LAGLIDADG_1	-	45
1	Query_32	Specific	334330	236	313	4.12439e-09	53.0091	pfam00961	LAGLIDADG_1	N	45
ENDDOMAINS
ENDQUERY
QUERY	Query_33	Peptide	254	orf255_Lbo_feature_108_from_C_0, ORGANISM Genus species Unclassified.,
DOMAINS
1	Query_33	Non-specific	273636	45	251	3.06845e-26	101.694	TIGR01453	grpIintron_endo	-	45
ENDDOMAINS
ENDQUERY
QUERY	Query_34	Peptide	150	orf150_Lbo_feature_110_from_C_0, ORGANISM Genus species Unclassified.,
DOMAINS
1	Query_34	Specific	335245	3	125	1.94023e-24	92.2239	pfam03161	LAGLIDADG_2	N	45
ENDDOMAINS
ENDQUERY
ENDSESSION	1
SESSION	2	blastp	2.10.0+	/opt/rpsbproc/db/Cdd	BLOSUM62	0.01
QUERY	Query_37	Peptide	52	atp8_Lbo_feature_122_from_C_0, ORGANISM Genus species Unclassified.,
DOMAINS
2	Query_37	Non-specific	283561	1	48	1.17715e-06	39.697	pfam05933	Fun_ATP-synt_8	-	45
ENDDOMAINS
ENDQUERY
QUERY	Query_38	Peptide	938	orf938_Lbo_feature_128_from_C_0, ORGANISM Genus species Unclassified.,
DOMAINS
2	Query_38	Superfamily	355698	455	843	3.91073e-61	214.905	cl28058	DNA_pol_B_2	-	-
ENDDOMAINS
ENDQUERY
QUERY	Query_39	Peptide	358	orf359_Lbo_feature_136_from_C_0, ORGANISM Genus species Unclassified.,
DOMAINS
2	Query_39	Specific	334330	56	153	1.23097e-21	88.0622	pfam00961	LAGLIDADG_1	-	45
2	Query_39	Specific	334330	214	326	3.54231e-16	73.0394	pfam00961	LAGLIDADG_1	-	45
ENDDOMAINS
ENDQUERY
QUERY	Query_40	Peptide	337	nad2_Lbo_feature_138_from_C_0, ORGANISM Genus species Unclassified.,
DOMAINS
2	Query_40	Superfamily	356474	90	248	3.92917e-34	130.326	cl29598	Proton_antipo_M	N	-
ENDDOMAINS
ENDQUERY
QUERY	Query_41	Peptide	127	nad3_Lbo_feature_140_from_C_0, ORGANISM Genus species Unclassified.,
DOMAINS
2	Query_41	Superfamily	351141	2	77	1.51887e-18	74.5322	cl00535	Oxidored_q4	C	-
ENDDOMAINS
ENDQUERY
QUERY	Query_48	Peptide	487	nad4_Lbo_feature_172_from_C_0, ORGANISM Genus species Unclassified.,
DOMAINS
2	Query_48	Specific	235622	27	476	3.89484e-139	409.207	PRK05846	PRK05846	-	45
ENDDOMAINS
ENDQUERY
QUERY	Query_49	Peptide	228	orf228_Lbo_feature_176_from_C_0, ORGANISM Genus species Unclassified.,
DOMAINS
2	Query_49	Specific	334330	28	127	1.21258e-22	88.0622	pfam00961	LAGLIDADG_1	-	45
2	Query_49	Specific	334330	192	227	0.00545292	35.2899	pfam00961	LAGLIDADG_1	C	45
ENDDOMAINS
ENDQUERY
QUERY	Query_51	Peptide	291	orf291_Lbo_feature_182_from_C_0, ORGANISM Genus species Unclassified.,
DOMAINS
2	Query_51	Specific	334330	97	196	2.44429e-21	86.1362	pfam00961	LAGLIDADG_1	-	45
2	Query_51	Specific	334330	255	290	0.000819896	37.9863	pfam00961	LAGLIDADG_1	C	45
ENDDOMAINS
ENDQUERY
QUERY	Query_54	Peptide	252	cox2_Lbo_feature_4_from_C_1, ORGANISM Genus species Unclassified.,
DOMAINS
2	Query_54	Non-specific	214402	7	252	1.12692e-103	300.514	MTH00023	COX2	-	45
ENDDOMAINS
ENDQUERY
QUERY	Query_55	Peptide	250	orf250_Lbo_feature_10_from_C_1, ORGANISM Genus species Unclassified.,
DOMAINS
2	Query_55	Specific	335245	62	232	5.523e-39	133.055	pfam03161	LAGLIDADG_2	-	45
ENDDOMAINS
ENDQUERY
QUERY	Query_56	Peptide	389	cob_Lbo_feature_15_from_C_1, ORGANISM Genus species Unclassified.,
DOMAINS
2	Query_56	Specific	214440	10	366	1.28453e-176	495.456	MTH00156	CYTB	-	45
ENDDOMAINS
ENDQUERY
QUERY	Query_57	Peptide	319	orf319_Lbo_feature_19_from_C_1, ORGANISM Genus species Unclassified.,
DOMAINS
2	Query_57	Specific	334330	73	170	1.01917e-20	84.9806	pfam00961	LAGLIDADG_1	-	45
2	Query_57	Specific	334330	207	303	5.81656e-07	46.8459	pfam00961	LAGLIDADG_1	-	45
ENDDOMAINS
ENDQUERY
QUERY	Query_59	Peptide	268	orf268_Lbo_feature_25_from_C_1, ORGANISM Genus species Unclassified.,
DOMAINS
2	Query_59	Specific	335245	80	250	4.31884e-38	131.514	pfam03161	LAGLIDADG_2	-	45
ENDDOMAINS
ENDQUERY
QUERY	Query_60	Peptide	281	orf281_Lbo_feature_27_from_C_1, ORGANISM Genus species Unclassified.,
DOMAINS
2	Query_60	Specific	334330	28	115	1.8665e-08	51.0831	pfam00961	LAGLIDADG_1	-	45
ENDDOMAINS
ENDQUERY
QUERY	Query_61	Peptide	331	orf331_Lbo_feature_31_from_C_1, ORGANISM Genus species Unclassified.,
DOMAINS
2	Query_61	Non-specific	273636	90	304	1.82966e-30	114.79	TIGR01453	grpIintron_endo	-	45
ENDDOMAINS
ENDQUERY
QUERY	Query_63	Peptide	331	nad1_Lbo_feature_36_from_C_1, ORGANISM Genus species Unclassified.,
DOMAINS
2	Query_63	Specific	333876	13	319	3.60975e-120	347.923	pfam00146	NADHdh	-	351105
ENDDOMAINS
ENDQUERY
QUERY	Query_66	Peptide	73	atp9_Lbo_feature_57_from_C_1, ORGANISM Genus species Unclassified.,
DOMAINS
2	Query_66	Specific	349422	6	70	2.26838e-21	78.3203	cd18182	ATP-synt_Fo_c_ATP5G3	-	365782
ENDDOMAINS
SITES
ENDSITES
ENDQUERY
QUERY	Query_67	Peptide	75	orf76_Lbo_feature_59_from_C_1, ORGANISM Genus species Unclassified.,
DOMAINS
2	Query_67	Superfamily	353929	9	75	4.42108e-09	47.9908	cl15257	GIY-YIG_SF	C	-
ENDDOMAINS
SITES
2	Query_67	Generic	active site	Y12,Y23,G25,R33,Y37	6	5	198380
2	Query_67	Generic	catalytic site	R33	2	1	198380
2	Query_67	Generic	GIY-YIG motif/motif A	G10,A11,Y12,Y23,I24,G25	6	6	198380
ENDSITES
ENDQUERY
QUERY	Query_69	Peptide	264	orf265_Lbo_feature_4_from_C_2, ORGANISM Genus species Unclassified.,
DOMAINS
2	Query_69	Specific	334330	52	153	2.14449e-23	90.7586	pfam00961	LAGLIDADG_1	-	45
2	Query_69	Specific	334330	211	264	4.34744e-10	55.3203	pfam00961	LAGLIDADG_1	C	45
ENDDOMAINS
ENDQUERY
QUERY	Query_70	Peptide	74	orf75_Lbo_feature_6_from_C_2, ORGANISM Genus species Unclassified.,
DOMAINS
2	Query_70	Specific	334330	1	43	3.43324e-05	37.9863	pfam00961	LAGLIDADG_1	N	45
ENDDOMAINS
ENDQUERY
QUERY	Query_71	Peptide	186	nad6_Lbo_feature_8_from_C_2, ORGANISM Genus species Unclassified.,
DOMAINS
2	Query_71	Superfamily	354830	4	78	3.40035e-13	64.4722	cl21484	Oxidored_q3	C	-
ENDDOMAINS
ENDQUERY
QUERY	Query_72	Peptide	255	atp6_Lbo_feature_10_from_C_2, ORGANISM Genus species Unclassified.,
DOMAINS
2	Query_72	Specific	273458	25	252	3.9076e-52	168.924	TIGR01131	ATP_synt_6_or_A	-	351082
ENDDOMAINS
ENDQUERY
QUERY	Query_74	Peptide	274	cox3_Lbo_feature_14_from_C_2, ORGANISM Genus species Unclassified.,
DOMAINS
2	Query_74	Superfamily	294143	16	273	2.74458e-100	293.548	cl00211	Heme_Cu_Oxidase_III_like	-	-
ENDDOMAINS
SITES
2	Query_74	Specific	Subunit I/III interface	E86,N89,G90,S101,F104,S108,V109,H115,S203,V204,T207,A211	12	12	238834
2	Query_74	Specific	Subunit III/Vb interface	L170	1	1	238834
2	Query_74	Specific	Subunit III/VIa interface	F139,S140,I141,Y158,V184,T194,D195,S196,A201,D202,S203	11	11	238834
2	Query_74	Specific	Subunit III/VIb interface	L131	1	1	238834
2	Query_74	Specific	Subunit III/VIIa interface	F68,S71,D72,I75,S78,F79,L80	7	7	238834
2	Query_74	Specific	Phospholipid binding site	W69,L70,V73,H74,G77,H83,G94,F95,F98,F226,R233,V245,G246	13	13	238834
ENDSITES
ENDQUERY
ENDSESSION	2
SESSION	3	blastp	2.10.0+	/opt/rpsbproc/db/Cdd	BLOSUM62	0.01
QUERY	Query_75	Peptide	235	orf235_Lbo_feature_18_from_C_2, ORGANISM Genus species Unclassified.,
DOMAINS
3	Query_75	Specific	335245	39	216	1.33965e-54	172.345	pfam03161	LAGLIDADG_2	-	45
ENDDOMAINS
ENDQUERY
QUERY	Query_77	Peptide	562	orf562_Lbo_feature_24_from_C_2, ORGANISM Genus species Unclassified.,
DOMAINS
3	Query_77	Specific	334330	70	168	4.34899e-16	73.8098	pfam00961	LAGLIDADG_1	-	45
3	Query_77	Specific	334330	214	312	1.30833e-08	52.6239	pfam00961	LAGLIDADG_1	-	45
ENDDOMAINS
ENDQUERY
ENDSESSION	3
ENDDATA
