#Post-RPSBLAST Processing Utility

#Input data file:	LboTFB7810_1_MitoAssemblyScaffolds.fasta.new.sqn.gbf_converted.faa.asn
#Output data file:	LboTFB7810_1_MitoAssemblyScaffolds.fasta.new.sqn.gbf_converted.faa.asn.out
#Annotation data at:	/opt/rpsbproc/data
#E-Value cutoff:	0.01
#Redundancy:	Concise
#Data requested:	Domain hits and site annotations
#Output format -- tab-delimited table
#Show superfamilies: NO
#DATA
#SESSION	<session-ordinal>	<program>	<database>	<score-matrix>	<evalue-threshold>
#QUERY	<query-id>	<seq-type>	<seq-length>	<definition-line>
#DOMAINS
#<session-ordinal>	<query-id[readingframe]>	<hit-type>	<PSSM-ID>	<from>	<to>	<E-Value>	<bitscore>	<accession>	<short-name>	<incomplete>	<superfamily PSSM-ID>
#more such lines......
#ENDDOMAINS
#SITES
#<session-ordinal>	<query-id[readingframe]>	<annot-type>	<title>	<residue(coordinates)>	<complete-size>	<mapped-size>	<source-domain>
#more such lines......
#ENDSITES
#MOTIFS
#<session-ordinal>	<query-id[readingframe]>	<title>	<from>	<to>	<source-domain>
#more such lines......
#ENDMOTIFS
#ENDQUERY	<query-id>
#more query sections..
#ENDSESSION	<session-ordinal>
#more session sections..
#ENDDATA
#=====================================================================
DATA
SESSION	1	blastp	2.10.0+	/opt/rpsbproc/db/Cdd	BLOSUM62	0.01
QUERY	Query_1	Peptide	533	cox1_LboTFB7810_feature_10_from_C_0, ORGANISM Genus species Unclassified.,
DOMAINS
1	Query_1	Specific	238833	7	485	0	812.484	cd01663	Cyt_c_Oxidase_I	-	350997
ENDDOMAINS
SITES
1	Query_1	Specific	Binuclear center (heme a3/CuB)	H239,H288,H289,H374	4	4	238833
1	Query_1	Specific	Low-spin heme (heme a) binding site	H60,H376,S380,T422,S459	5	5	238833
1	Query_1	Specific	D-pathway	Y16,N79,L90,N97,S100,S155,S156,N162,T166	9	9	238833
1	Query_1	Specific	K-pathway	H239,Y243,S254,H288,H289,T314,K317	7	7	238833
1	Query_1	Specific	Electron transfer pathway	F375,R436,R437	3	3	238833
1	Query_1	Specific	Putative proton exit pathway	H289,H366,D367,R436,R437	5	5	238833
1	Query_1	Specific	Putative water exit pathway	D226,Q231,H232,D362,H366,D367,R436	7	7	238833
1	Query_1	Specific	Subunit I/II interface	N54,D226,K263,F266,G267,A292,V293,G294,V297,R300,M308,I316,F319,Y326,G327,G328,L340,N358,A359,L361,V363,A364,F365,H366,D367,L431,A432,R436,R437,I438,G447,W448	32	32	238833
1	Query_1	Specific	Subunit I/III interface	T7,P89,F93,R95,W102,D143,F147,S165,N169,I189,L196,P199,M207,T216,S217,F218,G223,G224,D226,F236,Y273,F276,G279,I280,L284	25	25	238833
1	Query_1	Specific	Subunit I/IV interface	L36,S39,A40,F406,K409,I410,D443,V461	8	8	238833
1	Query_1	Specific	Subunit I/VIa interface	V134,R212,N213,F214,N215	5	5	238833
1	Query_1	Specific	Subunit I/VIb interface	G294	1	1	238833
1	Query_1	Specific	Subunit I/VIc interface	G327	1	1	238833
1	Query_1	Specific	Subunit I/VIIa interface	L113,L116	2	2	238833
1	Query_1	Specific	Subunit I/VIIb interface	D443,G447	2	2	238833
1	Query_1	Specific	Subunit I/VIIc interface	F22,I26,A29,M33,A115,L116,I398,Y471,F474	9	9	238833
1	Query_1	Specific	Subunit I/VIIIb interface	L407,M464	2	2	238833
1	Query_1	Specific	Dimer interface	I189,L196,F236,Y273,F276,G279,I280,L284	8	8	238833
ENDSITES
ENDQUERY
QUERY	Query_2	Peptide	355	orf355_LboTFB7810_feature_16_from_C_0, ORGANISM Genus species Unclassified.,
DOMAINS
1	Query_2	Specific	198392	101	190	7.22479e-22	88.0516	cd10445	GIY-YIG_bI1_like	-	353929
1	Query_2	Non-specific	273636	99	351	2.01896e-12	65.4849	TIGR01453	grpIintron_endo	-	45
ENDDOMAINS
SITES
1	Query_2	Specific	putative active site	Y103,Y114,G116,R124,Y128,E173,N187	7	7	198392
1	Query_2	Specific	putative metal binding site	E173	1	1	198392
1	Query_2	Specific	GIY-YIG motif/motif A	G101,V102,Y103,Y114,V115,G116	6	6	198392
ENDSITES
ENDQUERY
QUERY	Query_3	Peptide	335	orf335_LboTFB7810_feature_20_from_C_0, ORGANISM Genus species Unclassified.,
DOMAINS
1	Query_3	Specific	334330	151	271	3.32632e-20	83.825	pfam00961	LAGLIDADG_1	-	45
1	Query_3	Specific	334330	32	117	3.15056e-06	44.9199	pfam00961	LAGLIDADG_1	-	45
ENDDOMAINS
ENDQUERY
QUERY	Query_4	Peptide	307	orf307_LboTFB7810_feature_24_from_C_0, ORGANISM Genus species Unclassified.,
DOMAINS
1	Query_4	Specific	334330	156	265	1.12971e-12	63.0242	pfam00961	LAGLIDADG_1	-	45
1	Query_4	Specific	334330	36	110	4.9375e-06	44.1495	pfam00961	LAGLIDADG_1	C	45
ENDDOMAINS
ENDQUERY
QUERY	Query_6	Peptide	418	orf418_LboTFB7810_feature_30_from_C_0, ORGANISM Genus species Unclassified.,
DOMAINS
1	Query_6	Specific	334330	146	242	4.10622e-14	67.6466	pfam00961	LAGLIDADG_1	-	45
1	Query_6	Specific	334330	298	383	0.000550515	38.7567	pfam00961	LAGLIDADG_1	-	45
ENDDOMAINS
ENDQUERY
QUERY	Query_7	Peptide	345	orf345_LboTFB7810_feature_34_from_C_0, ORGANISM Genus species Unclassified.,
DOMAINS
1	Query_7	Specific	334330	197	300	2.83384e-12	62.2538	pfam00961	LAGLIDADG_1	-	45
1	Query_7	Specific	334330	76	151	5.1203e-08	49.9275	pfam00961	LAGLIDADG_1	C	45
ENDDOMAINS
ENDQUERY
QUERY	Query_8	Peptide	319	orf319_1_LboTFB7810_feature_38_from_C_0, ORGANISM Genus species Unclassified.,
DOMAINS
1	Query_8	Specific	334330	195	289	1.66544e-17	76.121	pfam00961	LAGLIDADG_1	-	45
1	Query_8	Specific	334330	78	163	0.000969533	37.9863	pfam00961	LAGLIDADG_1	-	45
ENDDOMAINS
ENDQUERY
QUERY	Query_9	Peptide	166	orf166_1_LboTFB7810_feature_42_from_C_0, ORGANISM Genus species Unclassified.,
DOMAINS
1	Query_9	Specific	334330	83	163	5.57964e-08	48.0015	pfam00961	LAGLIDADG_1	-	45
ENDDOMAINS
ENDQUERY
QUERY	Query_10	Peptide	329	orf329_LboTFB7810_feature_44_from_C_0, ORGANISM Genus species Unclassified.,
DOMAINS
1	Query_10	Specific	334330	203	297	1.70112e-16	73.8098	pfam00961	LAGLIDADG_1	-	45
1	Query_10	Specific	334330	92	169	8.9219e-06	43.7643	pfam00961	LAGLIDADG_1	-	45
ENDDOMAINS
ENDQUERY
QUERY	Query_11	Peptide	501	orf501_LboTFB7810_feature_48_from_C_0, ORGANISM Genus species Unclassified.,
DOMAINS
1	Query_11	Specific	334330	274	340	0.00319682	36.8307	pfam00961	LAGLIDADG_1	C	45
ENDDOMAINS
ENDQUERY
QUERY	Query_12	Peptide	320	orf320_LboTFB7810_feature_52_from_C_0, ORGANISM Genus species Unclassified.,
DOMAINS
1	Query_12	Specific	334330	190	287	3.76282e-13	64.1798	pfam00961	LAGLIDADG_1	-	45
1	Query_12	Specific	334330	85	152	4.70511e-05	41.4531	pfam00961	LAGLIDADG_1	-	45
ENDDOMAINS
ENDQUERY
QUERY	Query_13	Peptide	289	orf289_LboTFB7810_feature_56_from_C_0, ORGANISM Genus species Unclassified.,
DOMAINS
1	Query_13	Specific	335245	85	264	7.23218e-53	170.034	pfam03161	LAGLIDADG_2	-	45
ENDDOMAINS
ENDQUERY
QUERY	Query_14	Peptide	314	orf314_LboTFB7810_feature_60_from_C_0, ORGANISM Genus species Unclassified.,
DOMAINS
1	Query_14	Specific	273636	50	285	2.32942e-41	142.525	TIGR01453	grpIintron_endo	-	45
ENDDOMAINS
ENDQUERY
QUERY	Query_15	Peptide	118	orf118_LboTFB7810_feature_62_from_C_0, ORGANISM Genus species Unclassified.,
DOMAINS
1	Query_15	Non-specific	273636	3	58	1.48839e-05	41.9878	TIGR01453	grpIintron_endo	N	45
ENDDOMAINS
ENDQUERY
QUERY	Query_16	Peptide	291	orf291_LboTFB7810_feature_66_from_C_0, ORGANISM Genus species Unclassified.,
DOMAINS
1	Query_16	Non-specific	273636	81	286	3.32842e-35	125.961	TIGR01453	grpIintron_endo	-	45
ENDDOMAINS
ENDQUERY
QUERY	Query_18	Peptide	333	orf334_LboTFB7810_feature_71_from_C_0, ORGANISM Genus species Unclassified.,
DOMAINS
1	Query_18	Specific	334330	18	115	5.67194e-14	66.8762	pfam00961	LAGLIDADG_1	-	45
1	Query_18	Specific	334330	189	281	5.72474e-06	44.1495	pfam00961	LAGLIDADG_1	-	45
ENDDOMAINS
ENDQUERY
QUERY	Query_19	Peptide	457	orf457_LboTFB7810_feature_73_from_C_0, ORGANISM Genus species Unclassified.,
DOMAINS
1	Query_19	Specific	334330	137	237	5.03422e-20	84.5954	pfam00961	LAGLIDADG_1	-	45
1	Query_19	Specific	334330	300	427	6.55429e-16	73.0394	pfam00961	LAGLIDADG_1	-	45
ENDDOMAINS
ENDQUERY
QUERY	Query_20	Peptide	188	orf189_LboTFB7810_feature_75_from_C_0, ORGANISM Genus species Unclassified.,
DOMAINS
1	Query_20	Specific	334330	27	123	2.1687e-05	41.4531	pfam00961	LAGLIDADG_1	-	45
ENDDOMAINS
ENDQUERY
QUERY	Query_21	Peptide	343	orf344_LboTFB7810_feature_77_from_C_0, ORGANISM Genus species Unclassified.,
DOMAINS
1	Query_21	Specific	334330	42	142	6.33095e-19	80.3582	pfam00961	LAGLIDADG_1	-	45
1	Query_21	Specific	334330	236	313	4.12439e-09	53.0091	pfam00961	LAGLIDADG_1	N	45
ENDDOMAINS
ENDQUERY
QUERY	Query_22	Peptide	254	orf255_LboTFB7810_feature_79_from_C_0, ORGANISM Genus species Unclassified.,
DOMAINS
1	Query_22	Non-specific	273636	45	251	6.97419e-25	97.8417	TIGR01453	grpIintron_endo	-	45
ENDDOMAINS
ENDQUERY
QUERY	Query_23	Peptide	278	orf279_LboTFB7810_feature_81_from_C_0, ORGANISM Genus species Unclassified.,
DOMAINS
1	Query_23	Specific	335245	85	260	2.85451e-41	139.989	pfam03161	LAGLIDADG_2	-	45
ENDDOMAINS
ENDQUERY
QUERY	Query_24	Peptide	52	atp8_LboTFB7810_feature_89_from_C_0, ORGANISM Genus species Unclassified.,
DOMAINS
1	Query_24	Non-specific	283561	1	48	1.17715e-06	39.697	pfam05933	Fun_ATP-synt_8	-	45
ENDDOMAINS
ENDQUERY
QUERY	Query_26	Peptide	236	orf235_LboTFB7810_feature_99_from_C_0, ORGANISM Genus species Unclassified.,
DOMAINS
1	Query_26	Superfamily	355698	39	219	1.06971e-08	54.7816	cl28058	DNA_pol_B_2	N	-
ENDDOMAINS
ENDQUERY
QUERY	Query_29	Peptide	487	nad4_LboTFB7810_feature_8_from_C_1, ORGANISM Genus species Unclassified.,
DOMAINS
1	Query_29	Specific	235622	27	476	3.5324e-139	409.592	PRK05846	PRK05846	-	45
ENDDOMAINS
ENDQUERY
ENDSESSION	1
SESSION	2	blastp	2.10.0+	/opt/rpsbproc/db/Cdd	BLOSUM62	0.01
QUERY	Query_30	Peptide	197	orf197_LboTFB7810_feature_12_from_C_1, ORGANISM Genus species Unclassified.,
DOMAINS
2	Query_30	Specific	334330	47	146	6.40145e-24	90.3734	pfam00961	LAGLIDADG_1	-	45
ENDDOMAINS
ENDQUERY
QUERY	Query_31	Peptide	159	orf159_LboTFB7810_feature_16_from_C_1, ORGANISM Genus species Unclassified.,
DOMAINS
2	Query_31	Specific	334330	101	159	3.72249e-11	56.4759	pfam00961	LAGLIDADG_1	C	45
ENDDOMAINS
ENDQUERY
QUERY	Query_33	Peptide	52	orf53_LboTFB7810_feature_21_from_C_1, ORGANISM Genus species Unclassified.,
DOMAINS
2	Query_33	Superfamily	353929	7	48	1.35082e-06	40.6721	cl15257	GIY-YIG_SF	C	-
ENDDOMAINS
SITES
2	Query_33	Generic	active site	Y10,Y21,G23,R31,Y35	6	5	198380
2	Query_33	Generic	catalytic site	R31	2	1	198380
2	Query_33	Generic	GIY-YIG motif/motif A	G8,A9,Y10,Y21,I22,G23	6	6	198380
ENDSITES
ENDQUERY
QUERY	Query_34	Peptide	73	atp9_LboTFB7810_feature_23_from_C_1, ORGANISM Genus species Unclassified.,
DOMAINS
2	Query_34	Specific	349422	6	70	2.26838e-21	78.3203	cd18182	ATP-synt_Fo_c_ATP5G3	-	365782
ENDDOMAINS
SITES
ENDSITES
ENDQUERY
QUERY	Query_37	Peptide	259	orf259_LboTFB7810_feature_29_from_C_1, ORGANISM Genus species Unclassified.,
DOMAINS
2	Query_37	Non-specific	274008	41	145	0.00178119	39.2695	TIGR02168	SMC_prok_B	N	45
ENDDOMAINS
ENDQUERY
QUERY	Query_39	Peptide	178	orf178_LboTFB7810_feature_33_from_C_1, ORGANISM Genus species Unclassified.,
DOMAINS
2	Query_39	Superfamily	355698	26	151	2.43708e-17	78.1587	cl28058	DNA_pol_B_2	NC	-
ENDDOMAINS
ENDQUERY
QUERY	Query_40	Peptide	93	orf92_LboTFB7810_feature_35_from_C_1, ORGANISM Genus species Unclassified.,
DOMAINS
2	Query_40	Superfamily	355698	19	86	1.28888e-15	70.0695	cl28058	DNA_pol_B_2	N	-
ENDDOMAINS
ENDQUERY
QUERY	Query_41	Peptide	190	orf190_LboTFB7810_feature_37_from_C_1, ORGANISM Genus species Unclassified.,
DOMAINS
2	Query_41	Superfamily	355698	31	122	0.000285638	40.5292	cl28058	DNA_pol_B_2	N	-
ENDDOMAINS
ENDQUERY
QUERY	Query_42	Peptide	164	orf164_LboTFB7810_feature_39_from_C_1, ORGANISM Genus species Unclassified.,
DOMAINS
2	Query_42	Specific	334321	5	163	7.12966e-24	95.6053	pfam00940	RNA_pol	N	355471
ENDDOMAINS
ENDQUERY
QUERY	Query_44	Peptide	160	orf159_LboTFB7810_feature_43_from_C_1, ORGANISM Genus species Unclassified.,
DOMAINS
2	Query_44	Specific	334321	14	135	2.94689e-31	115.25	pfam00940	RNA_pol	C	355471
ENDDOMAINS
ENDQUERY
QUERY	Query_45	Peptide	165	orf165_LboTFB7810_feature_45_from_C_1, ORGANISM Genus species Unclassified.,
DOMAINS
2	Query_45	Superfamily	355471	2	162	1.2373e-14	70.0522	cl25973	RNA_pol	NC	-
ENDDOMAINS
ENDQUERY
QUERY	Query_46	Peptide	147	orf147_LboTFB7810_feature_47_from_C_1, ORGANISM Genus species Unclassified.,
DOMAINS
2	Query_46	Specific	339335	6	133	0.000108717	40.6153	pfam14700	RPOL_N	N	45
ENDDOMAINS
ENDQUERY
QUERY	Query_48	Peptide	186	cox3_LboTFB7810_feature_2_from_C_2, ORGANISM Genus species Unclassified.,
DOMAINS
2	Query_48	Superfamily	294143	16	155	5.32166e-56	176.91	cl00211	Heme_Cu_Oxidase_III_like	C	-
ENDDOMAINS
SITES
2	Query_48	Specific	Subunit III/VIb interface	L131	1	1	238834
2	Query_48	Specific	Subunit III/VIIa interface	F68,S71,D72,I75,S78,F79,L80	7	7	238834
ENDSITES
ENDQUERY
QUERY	Query_49	Peptide	923	orf923_LboTFB7810_feature_4_from_C_2, ORGANISM Genus species Unclassified.,
DOMAINS
2	Query_49	Specific	281206	329	748	5.96672e-71	241.869	pfam03175	DNA_pol_B_2	-	355698
2	Query_49	Superfamily	353046	792	845	0.00737889	39.6145	cl10023	POLBc	NC	-
ENDDOMAINS
SITES
2	Query_49	Generic	active site	D796	8	1	99912
2	Query_49	Generic	metal-binding site 	D794,D796,S797	3	3	99912
ENDSITES
ENDQUERY
QUERY	Query_50	Peptide	522	orf522_LboTFB7810_feature_6_from_C_2, ORGANISM Genus species Unclassified.,
DOMAINS
2	Query_50	Specific	334321	92	501	1.513e-78	251.226	pfam00940	RNA_pol	-	355471
ENDDOMAINS
ENDQUERY
QUERY	Query_54	Peptide	102	orf102_LboTFB7810_feature_14_from_C_2, ORGANISM Genus species Unclassified.,
DOMAINS
2	Query_54	Specific	334321	32	102	2.52377e-13	63.6337	pfam00940	RNA_pol	NC	355471
ENDDOMAINS
ENDQUERY
QUERY	Query_55	Peptide	132	orf132_LboTFB7810_feature_16_from_C_2, ORGANISM Genus species Unclassified.,
DOMAINS
2	Query_55	Specific	334321	5	71	5.5733e-12	60.9373	pfam00940	RNA_pol	NC	355471
ENDDOMAINS
ENDQUERY
QUERY	Query_59	Peptide	255	atp6_LboTFB7810_feature_24_from_C_2, ORGANISM Genus species Unclassified.,
DOMAINS
2	Query_59	Specific	273458	25	252	3.9076e-52	168.924	TIGR01131	ATP_synt_6_or_A	-	351082
ENDDOMAINS
ENDQUERY
QUERY	Query_60	Peptide	186	nad6_LboTFB7810_feature_26_from_C_2, ORGANISM Genus species Unclassified.,
DOMAINS
2	Query_60	Superfamily	354830	2	78	1.11766e-13	66.0129	cl21484	Oxidored_q3	C	-
ENDDOMAINS
ENDQUERY
QUERY	Query_61	Peptide	72	orf72_LboTFB7810_feature_28_from_C_2, ORGANISM Genus species Unclassified.,
DOMAINS
2	Query_61	Specific	334330	15	72	8.38711e-12	54.9351	pfam00961	LAGLIDADG_1	N	45
ENDDOMAINS
ENDQUERY
QUERY	Query_62	Peptide	54	orf54_LboTFB7810_feature_30_from_C_2, ORGANISM Genus species Unclassified.,
DOMAINS
2	Query_62	Specific	334330	17	53	9.82985e-08	43.7643	pfam00961	LAGLIDADG_1	C	45
ENDDOMAINS
ENDQUERY
QUERY	Query_63	Peptide	174	orf175_LboTFB7810_feature_32_from_C_2, ORGANISM Genus species Unclassified.,
DOMAINS
2	Query_63	Specific	334330	74	152	5.88057e-14	64.1798	pfam00961	LAGLIDADG_1	C	45
ENDDOMAINS
ENDQUERY
QUERY	Query_65	Peptide	274	cox3_LboTFB7810_feature_2_from_C_3, ORGANISM Genus species Unclassified.,
DOMAINS
2	Query_65	Superfamily	294143	16	273	2.53828e-105	306.259	cl00211	Heme_Cu_Oxidase_III_like	-	-
ENDDOMAINS
SITES
2	Query_65	Specific	Subunit I/III interface	E86,N89,G90,S101,F104,S108,V109,H115,S203,V204,T207,A211	12	12	238834
2	Query_65	Specific	Subunit III/Vb interface	L170	1	1	238834
2	Query_65	Specific	Subunit III/VIa interface	F139,S140,I141,Y158,V184,T194,D195,S196,A201,D202,S203	11	11	238834
2	Query_65	Specific	Subunit III/VIb interface	L131	1	1	238834
2	Query_65	Specific	Subunit III/VIIa interface	F68,S71,D72,I75,S78,F79,L80	7	7	238834
2	Query_65	Specific	Phospholipid binding site	W69,L70,V73,H74,G77,H83,G94,F95,F98,F226,R233,V245,G246	13	13	238834
ENDSITES
ENDQUERY
QUERY	Query_66	Peptide	235	orf235_2_LboTFB7810_feature_6_from_C_3, ORGANISM Genus species Unclassified.,
DOMAINS
2	Query_66	Specific	335245	39	216	3.19851e-54	171.575	pfam03161	LAGLIDADG_2	-	45
ENDDOMAINS
ENDQUERY
QUERY	Query_68	Peptide	167	orf167_LboTFB7810_feature_12_from_C_3, ORGANISM Genus species Unclassified.,
DOMAINS
2	Query_68	Specific	334330	35	136	2.24666e-26	95.7662	pfam00961	LAGLIDADG_1	-	45
ENDDOMAINS
ENDQUERY
QUERY	Query_70	Peptide	294	orf295_LboTFB7810_feature_17_from_C_3, ORGANISM Genus species Unclassified.,
DOMAINS
2	Query_70	Specific	334330	68	171	1.93845e-08	51.0831	pfam00961	LAGLIDADG_1	-	45
2	Query_70	Specific	334330	235	286	0.000220601	39.5271	pfam00961	LAGLIDADG_1	C	45
ENDDOMAINS
ENDQUERY
QUERY	Query_71	Peptide	58	nad4L_LboTFB7810_feature_19_from_C_3, ORGANISM Genus species Unclassified.,
DOMAINS
2	Query_71	Superfamily	351118	1	49	7.87049e-07	41.5562	cl00492	Oxidored_q2	N	-
ENDDOMAINS
ENDQUERY
QUERY	Query_72	Peptide	669	nad5_LboTFB7810_feature_21_from_C_3, ORGANISM Genus species Unclassified.,
DOMAINS
2	Query_72	Non-specific	177253	16	640	0	596.99	MTH00210	ND5	-	45
ENDDOMAINS
ENDQUERY
QUERY	Query_73	Peptide	353	orf353_LboTFB7810_feature_25_from_C_3, ORGANISM Genus species Unclassified.,
DOMAINS
2	Query_73	Specific	334330	97	196	2.15818e-11	59.5575	pfam00961	LAGLIDADG_1	-	45
2	Query_73	Specific	334330	220	316	1.6172e-08	51.4683	pfam00961	LAGLIDADG_1	-	45
ENDDOMAINS
ENDQUERY
ENDSESSION	2
SESSION	3	blastp	2.10.0+	/opt/rpsbproc/db/Cdd	BLOSUM62	0.01
QUERY	Query_76	Peptide	234	cox2_LboTFB7810_feature_2_from_C_4, ORGANISM Genus species Unclassified.,
DOMAINS
3	Query_76	Non-specific	214402	7	229	9.68071e-100	289.728	MTH00023	COX2	-	45
ENDDOMAINS
ENDQUERY
QUERY	Query_77	Peptide	124	orf124_LboTFB7810_feature_6_from_C_4, ORGANISM Genus species Unclassified.,
DOMAINS
3	Query_77	Specific	335245	2	72	6.14773e-15	66.8007	pfam03161	LAGLIDADG_2	NC	45
ENDDOMAINS
ENDQUERY
QUERY	Query_79	Peptide	389	cob_LboTFB7810_feature_13_from_C_4, ORGANISM Genus species Unclassified.,
DOMAINS
3	Query_79	Specific	214440	10	366	1.28453e-176	495.456	MTH00156	CYTB	-	45
ENDDOMAINS
ENDQUERY
QUERY	Query_80	Peptide	319	orf319_LboTFB7810_feature_19_from_C_4, ORGANISM Genus species Unclassified.,
DOMAINS
3	Query_80	Specific	334330	73	170	1.20247e-20	84.5954	pfam00961	LAGLIDADG_1	-	45
3	Query_80	Specific	334330	207	303	6.35098e-07	46.8459	pfam00961	LAGLIDADG_1	-	45
ENDDOMAINS
ENDQUERY
QUERY	Query_82	Peptide	268	orf268_LboTFB7810_feature_25_from_C_4, ORGANISM Genus species Unclassified.,
DOMAINS
3	Query_82	Specific	335245	80	250	4.31884e-38	131.514	pfam03161	LAGLIDADG_2	-	45
ENDDOMAINS
ENDQUERY
QUERY	Query_83	Peptide	281	orf281_LboTFB7810_feature_27_from_C_4, ORGANISM Genus species Unclassified.,
DOMAINS
3	Query_83	Specific	334330	28	115	1.7764e-08	51.0831	pfam00961	LAGLIDADG_1	-	45
ENDDOMAINS
ENDQUERY
QUERY	Query_84	Peptide	224	orf224_LboTFB7810_feature_31_from_C_4, ORGANISM Genus species Unclassified.,
DOMAINS
3	Query_84	Specific	334330	93	194	1.35503e-23	90.3734	pfam00961	LAGLIDADG_1	-	45
3	Query_84	Specific	334330	3	35	8.95418e-06	42.9939	pfam00961	LAGLIDADG_1	N	45
ENDDOMAINS
ENDQUERY
QUERY	Query_85	Peptide	331	orf331_LboTFB7810_feature_33_from_C_4, ORGANISM Genus species Unclassified.,
DOMAINS
3	Query_85	Non-specific	273636	90	304	8.57111e-32	118.257	TIGR01453	grpIintron_endo	-	45
ENDDOMAINS
ENDQUERY
QUERY	Query_87	Peptide	256	orf256_LboTFB7810_feature_4_from_C_5, ORGANISM Genus species Unclassified.,
DOMAINS
3	Query_87	Superfamily	355471	50	183	7.75405e-16	76.6006	cl25973	RNA_pol	N	-
ENDDOMAINS
ENDQUERY
QUERY	Query_88	Peptide	664	orf664_LboTFB7810_feature_6_from_C_5, ORGANISM Genus species Unclassified.,
DOMAINS
3	Query_88	Specific	281206	28	487	1.98895e-77	254.195	pfam03175	DNA_pol_B_2	-	355698
ENDDOMAINS
ENDQUERY
QUERY	Query_90	Peptide	28	cox1_LboTFB7810_feature_22_from_C_5, ORGANISM Genus species Unclassified.,
DOMAINS
3	Query_90	Superfamily	350997	1	26	4.02381e-06	39.4661	cl00275	Heme_Cu_Oxidase_I	C	-
ENDDOMAINS
SITES
3	Query_90	Generic	D-pathway	Y16	9	1	238461
ENDSITES
ENDQUERY
QUERY	Query_96	Peptide	546	nad5_LboTFB7810_feature_12_from_C_6, ORGANISM Genus species Unclassified.,
DOMAINS
3	Query_96	Non-specific	235836	1	512	5.21882e-173	502.766	PRK06590	PRK06590	N	45
ENDDOMAINS
ENDQUERY
QUERY	Query_97	Peptide	463	orf463_LboTFB7810_feature_16_from_C_6, ORGANISM Genus species Unclassified.,
DOMAINS
3	Query_97	Specific	334330	207	306	3.3777e-11	59.5575	pfam00961	LAGLIDADG_1	-	45
3	Query_97	Specific	334330	330	426	2.51362e-08	51.4683	pfam00961	LAGLIDADG_1	-	45
ENDDOMAINS
ENDQUERY
QUERY	Query_101	Peptide	256	orf256_LboTFB7810_feature_8_from_C_7, ORGANISM Genus species Unclassified.,
DOMAINS
3	Query_101	Superfamily	355471	50	183	7.75405e-16	76.6006	cl25973	RNA_pol	N	-
ENDDOMAINS
ENDQUERY
QUERY	Query_102	Peptide	516	orf516_LboTFB7810_feature_10_from_C_7, ORGANISM Genus species Unclassified.,
DOMAINS
3	Query_102	Superfamily	355698	10	339	1.0226e-55	192.948	cl28058	DNA_pol_B_2	N	-
ENDDOMAINS
ENDQUERY
ENDSESSION	3
SESSION	4	blastp	2.10.0+	/opt/rpsbproc/db/Cdd	BLOSUM62	0.01
QUERY	Query_106	Peptide	215	nad1_LboTFB7810_feature_18_from_C_8, ORGANISM Genus species Unclassified.,
DOMAINS
4	Query_106	Specific	333876	13	212	1.18835e-76	232.363	pfam00146	NADHdh	C	351105
ENDDOMAINS
ENDQUERY
QUERY	Query_107	Peptide	236	orf235_LboTFB7810_feature_2_from_C_9, ORGANISM Genus species Unclassified.,
DOMAINS
4	Query_107	Superfamily	355698	39	219	1.06971e-08	54.7816	cl28058	DNA_pol_B_2	N	-
ENDDOMAINS
ENDQUERY
QUERY	Query_111	Peptide	382	nad2_LboTFB7810_feature_12_from_C_9, ORGANISM Genus species Unclassified.,
DOMAINS
4	Query_111	Superfamily	356474	188	328	5.11873e-33	128.4	cl29598	Proton_antipo_M	NC	-
ENDDOMAINS
ENDQUERY
QUERY	Query_112	Peptide	229	orf230_LboTFB7810_feature_14_from_C_9, ORGANISM Genus species Unclassified.,
DOMAINS
4	Query_112	Specific	334330	44	201	3.11645e-10	55.3203	pfam00961	LAGLIDADG_1	-	45
ENDDOMAINS
ENDQUERY
QUERY	Query_113	Peptide	898	orf898_LboTFB7810_feature_2_from_C_10, ORGANISM Genus species Unclassified.,
DOMAINS
4	Query_113	Specific	281206	329	748	9.8787e-71	241.098	pfam03175	DNA_pol_B_2	-	355698
4	Query_113	Superfamily	353046	792	845	0.00672357	39.6145	cl10023	POLBc	NC	-
ENDDOMAINS
SITES
4	Query_113	Generic	active site	D796	8	1	99912
4	Query_113	Generic	metal-binding site 	D794,D796,S797	3	3	99912
ENDSITES
ENDQUERY
QUERY	Query_114	Peptide	222	cox3_LboTFB7810_feature_4_from_C_10, ORGANISM Genus species Unclassified.,
DOMAINS
4	Query_114	Specific	238834	28	215	7.58027e-78	233.562	cd01665	Cyt_c_Oxidase_III	C	294143
ENDDOMAINS
SITES
4	Query_114	Specific	Subunit I/III interface	E86,N89,G90,S101,F104,S108,V109,H115,S203,V204,T207,A211	12	12	238834
4	Query_114	Specific	Subunit III/Vb interface	L170	1	1	238834
4	Query_114	Specific	Subunit III/VIa interface	F139,S140,I141,Y158,V184,T194,D195,S196,A201,D202,S203	11	11	238834
4	Query_114	Specific	Subunit III/VIb interface	L131	1	1	238834
4	Query_114	Specific	Subunit III/VIIa interface	F68,S71,D72,I75,S78,F79,L80	7	7	238834
ENDSITES
ENDQUERY
QUERY	Query_115	Peptide	235	orf235_4_LboTFB7810_feature_8_from_C_10, ORGANISM Genus species Unclassified.,
DOMAINS
4	Query_115	Specific	335245	39	216	3.19851e-54	171.575	pfam03161	LAGLIDADG_2	-	45
ENDDOMAINS
ENDQUERY
QUERY	Query_117	Peptide	329	orf330_LboTFB7810_feature_13_from_C_10, ORGANISM Genus species Unclassified.,
DOMAINS
4	Query_117	Specific	334330	197	298	5.3724e-24	93.8402	pfam00961	LAGLIDADG_1	-	45
4	Query_117	Specific	334330	39	139	5.57385e-23	91.1438	pfam00961	LAGLIDADG_1	-	45
ENDDOMAINS
ENDQUERY
QUERY	Query_119	Peptide	236	orf235_LboTFB7810_feature_8_from_C_11, ORGANISM Genus species Unclassified.,
DOMAINS
4	Query_119	Superfamily	355698	39	219	1.06971e-08	54.7816	cl28058	DNA_pol_B_2	N	-
ENDDOMAINS
ENDQUERY
QUERY	Query_124	Peptide	631	nad2_LboTFB7810_feature_6_from_C_12, ORGANISM Genus species Unclassified.,
DOMAINS
4	Query_124	Specific	235603	188	542	3.3161e-72	240.108	PRK05777	PRK05777	N	356474
ENDDOMAINS
ENDQUERY
QUERY	Query_125	Peptide	242	orf242_1_LboTFB7810_feature_10_from_C_12, ORGANISM Genus species Unclassified.,
DOMAINS
4	Query_125	Specific	334330	98	210	1.47732e-16	72.269	pfam00961	LAGLIDADG_1	-	45
4	Query_125	Specific	334330	10	39	0.00159422	36.8307	pfam00961	LAGLIDADG_1	N	45
ENDDOMAINS
ENDQUERY
QUERY	Query_126	Peptide	127	nad3_LboTFB7810_feature_13_from_C_12, ORGANISM Genus species Unclassified.,
DOMAINS
4	Query_126	Superfamily	351141	2	77	1.51887e-18	74.5322	cl00535	Oxidored_q4	C	-
ENDDOMAINS
ENDQUERY
QUERY	Query_127	Peptide	171	orf171_LboTFB7810_feature_2_from_C_13, ORGANISM Genus species Unclassified.,
DOMAINS
4	Query_127	Superfamily	355698	41	169	3.47775e-11	60.5596	cl28058	DNA_pol_B_2	N	-
ENDDOMAINS
ENDQUERY
QUERY	Query_128	Peptide	197	orf197_LboTFB7810_feature_4_from_C_13, ORGANISM Genus species Unclassified.,
DOMAINS
4	Query_128	Superfamily	355698	10	138	2.21854e-16	76.2327	cl28058	DNA_pol_B_2	N	-
ENDDOMAINS
ENDQUERY
QUERY	Query_129	Peptide	194	orf194_LboTFB7810_feature_6_from_C_13, ORGANISM Genus species Unclassified.,
DOMAINS
4	Query_129	Superfamily	355698	38	162	7.51978e-24	97.0335	cl28058	DNA_pol_B_2	NC	-
ENDDOMAINS
ENDQUERY
QUERY	Query_130	Peptide	165	orf164_LboTFB7810_feature_8_from_C_13, ORGANISM Genus species Unclassified.,
DOMAINS
4	Query_130	Superfamily	355698	49	130	1.28578e-12	64.2916	cl28058	DNA_pol_B_2	C	-
ENDDOMAINS
ENDQUERY
QUERY	Query_131	Peptide	127	nad3_LboTFB7810_feature_10_from_C_13, ORGANISM Genus species Unclassified.,
DOMAINS
4	Query_131	Superfamily	351141	2	77	1.51887e-18	74.5322	cl00535	Oxidored_q4	C	-
ENDDOMAINS
ENDQUERY
QUERY	Query_132	Peptide	631	nad2_LboTFB7810_feature_12_from_C_13, ORGANISM Genus species Unclassified.,
DOMAINS
4	Query_132	Specific	235603	188	542	3.3161e-72	240.108	PRK05777	PRK05777	N	356474
ENDDOMAINS
ENDQUERY
QUERY	Query_133	Peptide	242	orf242_2_LboTFB7810_feature_16_from_C_13, ORGANISM Genus species Unclassified.,
DOMAINS
4	Query_133	Specific	334330	98	210	1.47732e-16	72.269	pfam00961	LAGLIDADG_1	-	45
4	Query_133	Specific	334330	10	39	0.00159422	36.8307	pfam00961	LAGLIDADG_1	N	45
ENDDOMAINS
ENDQUERY
ENDSESSION	4
ENDDATA
