#Post-RPSBLAST Processing Utility

#Input data file:	LedTMI1148_1_MitoAssemblyScaffolds.fasta.new.sqn.gbf_converted.faa.asn
#Output data file:	LedTMI1148_1_MitoAssemblyScaffolds.fasta.new.sqn.gbf_converted.faa.asn.out
#Annotation data at:	/opt/rpsbproc/data
#E-Value cutoff:	0.01
#Redundancy:	Concise
#Data requested:	Domain hits and site annotations
#Output format -- tab-delimited table
#Show superfamilies: NO
#DATA
#SESSION	<session-ordinal>	<program>	<database>	<score-matrix>	<evalue-threshold>
#QUERY	<query-id>	<seq-type>	<seq-length>	<definition-line>
#DOMAINS
#<session-ordinal>	<query-id[readingframe]>	<hit-type>	<PSSM-ID>	<from>	<to>	<E-Value>	<bitscore>	<accession>	<short-name>	<incomplete>	<superfamily PSSM-ID>
#more such lines......
#ENDDOMAINS
#SITES
#<session-ordinal>	<query-id[readingframe]>	<annot-type>	<title>	<residue(coordinates)>	<complete-size>	<mapped-size>	<source-domain>
#more such lines......
#ENDSITES
#MOTIFS
#<session-ordinal>	<query-id[readingframe]>	<title>	<from>	<to>	<source-domain>
#more such lines......
#ENDMOTIFS
#ENDQUERY	<query-id>
#more query sections..
#ENDSESSION	<session-ordinal>
#more session sections..
#ENDDATA
#=====================================================================
DATA
SESSION	1	blastp	2.10.0+	/opt/rpsbproc/db/Cdd	BLOSUM62	0.01
QUERY	Query_2	Peptide	361	orf362_LedTMI1148_feature_4_from_C_0, ORGANISM Genus species Unclassified.,
DOMAINS
1	Query_2	Non-specific	273636	100	335	2.18983e-24	98.9973	TIGR01453	grpIintron_endo	-	45
ENDDOMAINS
ENDQUERY
QUERY	Query_3	Peptide	199	orf200_LedTMI1148_feature_6_from_C_0, ORGANISM Genus species Unclassified.,
DOMAINS
1	Query_3	Specific	334330	27	130	4.08552e-08	49.1571	pfam00961	LAGLIDADG_1	-	45
ENDDOMAINS
ENDQUERY
QUERY	Query_4	Peptide	365	orf366_LedTMI1148_feature_8_from_C_0, ORGANISM Genus species Unclassified.,
DOMAINS
1	Query_4	Specific	334330	49	149	2.4381e-20	84.5954	pfam00961	LAGLIDADG_1	-	45
1	Query_4	Specific	334330	260	337	1.32549e-10	57.6315	pfam00961	LAGLIDADG_1	N	45
ENDDOMAINS
ENDQUERY
QUERY	Query_7	Peptide	336	orf336_LedTMI1148_feature_20_from_C_0, ORGANISM Genus species Unclassified.,
DOMAINS
1	Query_7	Superfamily	355698	6	285	1.93576e-32	125.538	cl28058	DNA_pol_B_2	N	-
ENDDOMAINS
ENDQUERY
QUERY	Query_8	Peptide	309	orf309_LedTMI1148_feature_22_from_C_0, ORGANISM Genus species Unclassified.,
DOMAINS
1	Query_8	Superfamily	355698	170	242	2.42005e-08	54.6616	cl28058	DNA_pol_B_2	C	-
ENDDOMAINS
ENDQUERY
QUERY	Query_11	Peptide	52	atp8_LedTMI1148_feature_28_from_C_0, ORGANISM Genus species Unclassified.,
DOMAINS
1	Query_11	Non-specific	283561	1	48	3.15752e-06	38.5414	pfam05933	Fun_ATP-synt_8	-	45
ENDDOMAINS
ENDQUERY
QUERY	Query_14	Peptide	477	orf478_LedTMI1148_feature_44_from_C_0, ORGANISM Genus species Unclassified.,
DOMAINS
1	Query_14	Specific	334330	343	444	7.42852e-30	111.945	pfam00961	LAGLIDADG_1	-	45
1	Query_14	Specific	334330	184	285	1.38481e-20	86.1362	pfam00961	LAGLIDADG_1	-	45
ENDDOMAINS
ENDQUERY
QUERY	Query_17	Peptide	644	nad2_LedTMI1148_feature_64_from_C_0, ORGANISM Genus species Unclassified.,
DOMAINS
1	Query_17	Specific	235603	192	561	3.02706e-73	243.189	PRK05777	PRK05777	N	356474
ENDDOMAINS
ENDQUERY
QUERY	Query_18	Peptide	127	nad3_LedTMI1148_feature_66_from_C_0, ORGANISM Genus species Unclassified.,
DOMAINS
1	Query_18	Specific	334119	28	83	1.76739e-17	71.2922	pfam00507	Oxidored_q4	C	351141
ENDDOMAINS
ENDQUERY
QUERY	Query_23	Peptide	73	atp9_LedTMI1148_feature_76_from_C_0, ORGANISM Genus species Unclassified.,
DOMAINS
1	Query_23	Specific	349422	6	70	2.26838e-21	78.3203	cd18182	ATP-synt_Fo_c_ATP5G3	-	365782
ENDDOMAINS
SITES
ENDSITES
ENDQUERY
QUERY	Query_24	Peptide	487	nad4_LedTMI1148_feature_78_from_C_0, ORGANISM Genus species Unclassified.,
DOMAINS
1	Query_24	Specific	235622	27	476	4.77713e-138	406.511	PRK05846	PRK05846	-	45
ENDDOMAINS
ENDQUERY
QUERY	Query_25	Peptide	189	orf188_LedTMI1148_feature_80_from_C_0, ORGANISM Genus species Unclassified.,
DOMAINS
1	Query_25	Superfamily	355698	26	176	1.61527e-11	61.7152	cl28058	DNA_pol_B_2	N	-
ENDDOMAINS
ENDQUERY
QUERY	Query_26	Peptide	274	orf274_LedTMI1148_feature_82_from_C_0, ORGANISM Genus species Unclassified.,
DOMAINS
1	Query_26	Superfamily	355698	4	255	7.14881e-54	180.622	cl28058	DNA_pol_B_2	N	-
ENDDOMAINS
ENDQUERY
QUERY	Query_27	Peptide	386	orf386_LedTMI1148_feature_84_from_C_0, ORGANISM Genus species Unclassified.,
DOMAINS
1	Query_27	Superfamily	355698	264	352	1.51631e-09	59.284	cl28058	DNA_pol_B_2	C	-
ENDDOMAINS
ENDQUERY
QUERY	Query_33	Peptide	119	orf119_LedTMI1148_feature_96_from_C_0, ORGANISM Genus species Unclassified.,
DOMAINS
1	Query_33	Superfamily	355698	41	119	0.00079343	37.3276	cl28058	DNA_pol_B_2	C	-
ENDDOMAINS
ENDQUERY
QUERY	Query_34	Peptide	122	orf122_LedTMI1148_feature_98_from_C_0, ORGANISM Genus species Unclassified.,
DOMAINS
1	Query_34	Superfamily	355698	22	79	0.000122416	39.6388	cl28058	DNA_pol_B_2	NC	-
ENDDOMAINS
ENDQUERY
QUERY	Query_35	Peptide	59	orf59_LedTMI1148_feature_100_from_C_0, ORGANISM Genus species Unclassified.,
DOMAINS
1	Query_35	Superfamily	355698	13	42	2.10605e-08	47.728	cl28058	DNA_pol_B_2	NC	-
ENDDOMAINS
ENDQUERY
QUERY	Query_36	Peptide	106	orf106_LedTMI1148_feature_102_from_C_0, ORGANISM Genus species Unclassified.,
DOMAINS
1	Query_36	Superfamily	355698	23	93	3.07153e-11	58.1284	cl28058	DNA_pol_B_2	N	-
ENDDOMAINS
ENDQUERY
QUERY	Query_38	Peptide	331	nad1_LedTMI1148_feature_116_from_C_0, ORGANISM Genus species Unclassified.,
DOMAINS
1	Query_38	Specific	333876	13	319	2.09127e-120	348.693	pfam00146	NADHdh	-	351105
ENDDOMAINS
ENDQUERY
QUERY	Query_39	Peptide	184	orf184_LedTMI1148_feature_120_from_C_0, ORGANISM Genus species Unclassified.,
DOMAINS
1	Query_39	Specific	334330	117	167	0.00125455	36.4455	pfam00961	LAGLIDADG_1	C	45
ENDDOMAINS
ENDQUERY
QUERY	Query_42	Peptide	107	orf108_LedTMI1148_feature_131_from_C_0, ORGANISM Genus species Unclassified.,
DOMAINS
1	Query_42	Specific	334330	1	55	3.93171e-08	46.8459	pfam00961	LAGLIDADG_1	N	45
ENDDOMAINS
ENDQUERY
QUERY	Query_44	Peptide	533	cox1_LedTMI1148_feature_4_from_C_1, ORGANISM Genus species Unclassified.,
DOMAINS
1	Query_44	Specific	238833	7	485	0	834.44	cd01663	Cyt_c_Oxidase_I	-	350997
ENDDOMAINS
SITES
1	Query_44	Specific	Binuclear center (heme a3/CuB)	H239,H288,H289,H374	4	4	238833
1	Query_44	Specific	Low-spin heme (heme a) binding site	H60,H376,S380,T422,S459	5	5	238833
1	Query_44	Specific	D-pathway	Y16,N79,D90,N97,S100,S155,S156,N162,T166	9	9	238833
1	Query_44	Specific	K-pathway	H239,Y243,S254,H288,H289,T314,K317	7	7	238833
1	Query_44	Specific	Electron transfer pathway	F375,R436,R437	3	3	238833
1	Query_44	Specific	Putative proton exit pathway	H289,H366,D367,R436,R437	5	5	238833
1	Query_44	Specific	Putative water exit pathway	D226,Q231,H232,D362,H366,D367,R436	7	7	238833
1	Query_44	Specific	Subunit I/II interface	N54,D226,K263,F266,G267,A292,V293,G294,V297,R300,M308,I316,F319,Y326,G327,G328,L340,N358,A359,L361,V363,A364,F365,H366,D367,M431,A432,R436,R437,I438,G447,W448	32	32	238833
1	Query_44	Specific	Subunit I/III interface	T7,P89,F93,R95,W102,D143,F147,S165,N169,I189,L196,P199,M207,T216,S217,F218,G223,G224,D226,F236,Y273,F276,G279,I280,L284	25	25	238833
1	Query_44	Specific	Subunit I/IV interface	L36,S39,A40,L406,K409,I410,D443,V461	8	8	238833
1	Query_44	Specific	Subunit I/VIa interface	V134,R212,N213,F214,N215	5	5	238833
1	Query_44	Specific	Subunit I/VIb interface	G294	1	1	238833
1	Query_44	Specific	Subunit I/VIc interface	G327	1	1	238833
1	Query_44	Specific	Subunit I/VIIa interface	L113,L116	2	2	238833
1	Query_44	Specific	Subunit I/VIIb interface	D443,G447	2	2	238833
1	Query_44	Specific	Subunit I/VIIc interface	F22,I26,A29,M33,A115,L116,I398,Y471,F474	9	9	238833
1	Query_44	Specific	Subunit I/VIIIb interface	L407,M464	2	2	238833
1	Query_44	Specific	Dimer interface	I189,L196,F236,Y273,F276,G279,I280,L284	8	8	238833
ENDSITES
ENDQUERY
QUERY	Query_45	Peptide	291	orf291_LedTMI1148_feature_8_from_C_1, ORGANISM Genus species Unclassified.,
DOMAINS
1	Query_45	Non-specific	273636	81	286	3.33899e-34	123.265	TIGR01453	grpIintron_endo	-	45
ENDDOMAINS
ENDQUERY
ENDSESSION	1
SESSION	2	blastp	2.10.0+	/opt/rpsbproc/db/Cdd	BLOSUM62	0.01
QUERY	Query_46	Peptide	261	orf261_LedTMI1148_feature_12_from_C_1, ORGANISM Genus species Unclassified.,
DOMAINS
2	Query_46	Specific	334330	28	125	7.8216e-09	51.8535	pfam00961	LAGLIDADG_1	-	45
2	Query_46	Specific	334330	166	251	1.09713e-05	42.9939	pfam00961	LAGLIDADG_1	-	45
ENDDOMAINS
ENDQUERY
QUERY	Query_47	Peptide	367	orf367_LedTMI1148_feature_16_from_C_1, ORGANISM Genus species Unclassified.,
DOMAINS
2	Query_47	Specific	273636	58	263	4.23737e-52	172.185	TIGR01453	grpIintron_endo	-	45
2	Query_47	Specific	197761	296	347	0.000907476	36.777	smart00497	IENR1	-	299755
ENDDOMAINS
ENDQUERY
QUERY	Query_48	Peptide	263	orf263_LedTMI1148_feature_20_from_C_1, ORGANISM Genus species Unclassified.,
DOMAINS
2	Query_48	Specific	335245	71	243	3.31535e-44	146.922	pfam03161	LAGLIDADG_2	-	45
ENDDOMAINS
ENDQUERY
QUERY	Query_49	Peptide	311	orf311_LedTMI1148_feature_24_from_C_1, ORGANISM Genus species Unclassified.,
DOMAINS
2	Query_49	Specific	334330	84	173	5.11691e-06	44.1495	pfam00961	LAGLIDADG_1	-	45
ENDDOMAINS
ENDQUERY
QUERY	Query_50	Peptide	442	orf442_LedTMI1148_feature_28_from_C_1, ORGANISM Genus species Unclassified.,
DOMAINS
2	Query_50	Specific	334330	159	254	2.32064e-18	79.973	pfam00961	LAGLIDADG_1	-	45
ENDDOMAINS
ENDQUERY
QUERY	Query_51	Peptide	320	orf320_LedTMI1148_feature_32_from_C_1, ORGANISM Genus species Unclassified.,
DOMAINS
2	Query_51	Specific	334330	158	278	5.61025e-17	74.9654	pfam00961	LAGLIDADG_1	-	45
2	Query_51	Specific	334330	39	137	1.0386e-05	43.3791	pfam00961	LAGLIDADG_1	-	45
ENDDOMAINS
ENDQUERY
QUERY	Query_53	Peptide	682	nad5_LedTMI1148_feature_49_from_C_1, ORGANISM Genus species Unclassified.,
DOMAINS
2	Query_53	Non-specific	177253	16	640	0	596.605	MTH00210	ND5	-	45
ENDDOMAINS
ENDQUERY
QUERY	Query_54	Peptide	305	orf305_LedTMI1148_feature_53_from_C_1, ORGANISM Genus species Unclassified.,
DOMAINS
2	Query_54	Specific	334330	61	162	9.06e-32	113.871	pfam00961	LAGLIDADG_1	-	45
2	Query_54	Specific	334330	220	303	4.58215e-18	77.6618	pfam00961	LAGLIDADG_1	-	45
ENDDOMAINS
ENDQUERY
QUERY	Query_55	Peptide	88	nad4L_LedTMI1148_feature_56_from_C_1, ORGANISM Genus species Unclassified.,
DOMAINS
2	Query_55	Superfamily	351118	5	87	4.66618e-15	63.8977	cl00492	Oxidored_q2	-	-
ENDDOMAINS
ENDQUERY
QUERY	Query_57	Peptide	276	cox3_LedTMI1148_feature_60_from_C_1, ORGANISM Genus species Unclassified.,
DOMAINS
2	Query_57	Specific	238834	30	273	3.90449e-103	300.201	cd01665	Cyt_c_Oxidase_III	-	294143
ENDDOMAINS
SITES
2	Query_57	Specific	Subunit I/III interface	E88,N91,G92,S103,F106,S110,V111,H117,S205,V206,T209,A213	12	12	238834
2	Query_57	Specific	Subunit III/Vb interface	F172	1	1	238834
2	Query_57	Specific	Subunit III/VIa interface	F141,S142,I143,Y160,V186,T196,D197,S198,A203,D204,S205	11	11	238834
2	Query_57	Specific	Subunit III/VIb interface	L133	1	1	238834
2	Query_57	Specific	Subunit III/VIIa interface	F70,S73,D74,I77,S80,F81,L82	7	7	238834
2	Query_57	Specific	Phospholipid binding site	W71,L72,I75,H76,G79,H85,G96,F97,F100,F228,R235,L247,G248	13	13	238834
ENDSITES
ENDQUERY
QUERY	Query_58	Peptide	236	orf236_LedTMI1148_feature_64_from_C_1, ORGANISM Genus species Unclassified.,
DOMAINS
2	Query_58	Specific	335245	39	217	4.03532e-53	168.879	pfam03161	LAGLIDADG_2	-	45
ENDDOMAINS
ENDQUERY
QUERY	Query_59	Peptide	255	atp6_LedTMI1148_feature_67_from_C_1, ORGANISM Genus species Unclassified.,
DOMAINS
2	Query_59	Specific	273458	25	252	1.32423e-52	170.079	TIGR01131	ATP_synt_6_or_A	-	351082
ENDDOMAINS
ENDQUERY
QUERY	Query_60	Peptide	208	nad6_LedTMI1148_feature_69_from_C_1, ORGANISM Genus species Unclassified.,
DOMAINS
2	Query_60	Superfamily	354830	8	78	2.48599e-19	81.4209	cl21484	Oxidored_q3	C	-
ENDDOMAINS
ENDQUERY
QUERY	Query_61	Peptide	715	orf715_LedTMI1148_feature_71_from_C_1, ORGANISM Genus species Unclassified.,
DOMAINS
2	Query_61	Specific	333719	491	688	0.00011575	45.589	NF000535	MSCRAMM_SdrC	N	45
ENDDOMAINS
ENDQUERY
QUERY	Query_62	Peptide	252	cox2_LedTMI1148_feature_73_from_C_1, ORGANISM Genus species Unclassified.,
DOMAINS
2	Query_62	Non-specific	214402	7	252	2.63181e-108	312.07	MTH00023	COX2	-	45
ENDDOMAINS
ENDQUERY
QUERY	Query_63	Peptide	251	cob_LedTMI1148_feature_75_from_C_1, ORGANISM Genus species Unclassified.,
DOMAINS
2	Query_63	Non-specific	214440	1	228	3.48897e-97	288.219	MTH00156	CYTB	N	45
ENDDOMAINS
ENDQUERY
ENDSESSION	2
ENDDATA
