#Post-RPSBLAST Processing Utility

#Input data file:	LedTMI1633_1_MitoAssemblyScaffolds.fasta.new.sqn.gbf_converted.faa.asn
#Output data file:	LedTMI1633_1_MitoAssemblyScaffolds.fasta.new.sqn.gbf_converted.faa.asn.out
#Annotation data at:	/opt/rpsbproc/data
#E-Value cutoff:	0.01
#Redundancy:	Concise
#Data requested:	Domain hits and site annotations
#Output format -- tab-delimited table
#Show superfamilies: NO
#DATA
#SESSION	<session-ordinal>	<program>	<database>	<score-matrix>	<evalue-threshold>
#QUERY	<query-id>	<seq-type>	<seq-length>	<definition-line>
#DOMAINS
#<session-ordinal>	<query-id[readingframe]>	<hit-type>	<PSSM-ID>	<from>	<to>	<E-Value>	<bitscore>	<accession>	<short-name>	<incomplete>	<superfamily PSSM-ID>
#more such lines......
#ENDDOMAINS
#SITES
#<session-ordinal>	<query-id[readingframe]>	<annot-type>	<title>	<residue(coordinates)>	<complete-size>	<mapped-size>	<source-domain>
#more such lines......
#ENDSITES
#MOTIFS
#<session-ordinal>	<query-id[readingframe]>	<title>	<from>	<to>	<source-domain>
#more such lines......
#ENDMOTIFS
#ENDQUERY	<query-id>
#more query sections..
#ENDSESSION	<session-ordinal>
#more session sections..
#ENDDATA
#=====================================================================
DATA
SESSION	1	blastp	2.10.0+	/opt/rpsbproc/db/Cdd	BLOSUM62	0.01
QUERY	Query_5	Peptide	676	nad2_LedTMI1633_feature_26_from_C_0, ORGANISM Genus species Unclassified.,
DOMAINS
1	Query_5	Specific	235603	224	593	1.63588e-73	244.73	PRK05777	PRK05777	N	356474
ENDDOMAINS
ENDQUERY
QUERY	Query_6	Peptide	127	nad3_LedTMI1633_feature_28_from_C_0, ORGANISM Genus species Unclassified.,
DOMAINS
1	Query_6	Specific	334119	28	83	1.76739e-17	71.2922	pfam00507	Oxidored_q4	C	351141
ENDDOMAINS
ENDQUERY
QUERY	Query_9	Peptide	85	orf85_LedTMI1633_feature_34_from_C_0, ORGANISM Genus species Unclassified.,
DOMAINS
1	Query_9	Superfamily	355698	10	63	0.000306404	37.4477	cl28058	DNA_pol_B_2	N	-
ENDDOMAINS
ENDQUERY
QUERY	Query_10	Peptide	73	atp9_LedTMI1633_feature_36_from_C_0, ORGANISM Genus species Unclassified.,
DOMAINS
1	Query_10	Specific	349422	6	70	2.26838e-21	78.3203	cd18182	ATP-synt_Fo_c_ATP5G3	-	365782
ENDDOMAINS
SITES
ENDSITES
ENDQUERY
QUERY	Query_11	Peptide	487	nad4_LedTMI1633_feature_38_from_C_0, ORGANISM Genus species Unclassified.,
DOMAINS
1	Query_11	Specific	235622	27	476	6.54375e-138	406.125	PRK05846	PRK05846	-	45
ENDDOMAINS
ENDQUERY
QUERY	Query_13	Peptide	88	orf88_LedTMI1633_feature_42_from_C_0, ORGANISM Genus species Unclassified.,
DOMAINS
1	Query_13	Superfamily	355698	5	88	0.00105719	35.7868	cl28058	DNA_pol_B_2	C	-
ENDDOMAINS
ENDQUERY
QUERY	Query_14	Peptide	122	orf122_LedTMI1633_feature_44_from_C_0, ORGANISM Genus species Unclassified.,
DOMAINS
1	Query_14	Superfamily	355698	22	79	0.000122416	39.6388	cl28058	DNA_pol_B_2	NC	-
ENDDOMAINS
ENDQUERY
QUERY	Query_15	Peptide	59	orf59_LedTMI1633_feature_46_from_C_0, ORGANISM Genus species Unclassified.,
DOMAINS
1	Query_15	Superfamily	355698	13	42	1.8181e-08	48.1132	cl28058	DNA_pol_B_2	NC	-
ENDDOMAINS
ENDQUERY
QUERY	Query_16	Peptide	106	orf106_LedTMI1633_feature_48_from_C_0, ORGANISM Genus species Unclassified.,
DOMAINS
1	Query_16	Superfamily	355698	21	93	5.43405e-12	60.0544	cl28058	DNA_pol_B_2	N	-
ENDDOMAINS
ENDQUERY
QUERY	Query_19	Peptide	331	nad1_LedTMI1633_feature_64_from_C_0, ORGANISM Genus species Unclassified.,
DOMAINS
1	Query_19	Specific	333876	13	319	2.09127e-120	348.693	pfam00146	NADHdh	-	351105
ENDDOMAINS
ENDQUERY
QUERY	Query_20	Peptide	184	orf184_LedTMI1633_feature_68_from_C_0, ORGANISM Genus species Unclassified.,
DOMAINS
1	Query_20	Specific	334330	117	167	0.00313192	35.2899	pfam00961	LAGLIDADG_1	C	45
ENDDOMAINS
ENDQUERY
QUERY	Query_22	Peptide	138	cob_LedTMI1633_feature_77_from_C_0, ORGANISM Genus species Unclassified.,
DOMAINS
1	Query_22	Non-specific	214440	10	137	2.14621e-68	209.638	MTH00156	CYTB	C	45
ENDDOMAINS
ENDQUERY
QUERY	Query_25	Peptide	249	cob_LedTMI1633_feature_88_from_C_0, ORGANISM Genus species Unclassified.,
DOMAINS
1	Query_25	Non-specific	214440	2	226	2.21199e-95	283.211	MTH00156	CYTB	N	45
ENDDOMAINS
ENDQUERY
QUERY	Query_26	Peptide	252	cox2_LedTMI1633_feature_90_from_C_0, ORGANISM Genus species Unclassified.,
DOMAINS
1	Query_26	Non-specific	214402	7	252	2.63181e-108	312.07	MTH00023	COX2	-	45
ENDDOMAINS
ENDQUERY
QUERY	Query_27	Peptide	708	orf708_LedTMI1633_feature_92_from_C_0, ORGANISM Genus species Unclassified.,
DOMAINS
1	Query_27	Specific	333719	491	681	0.000751678	42.8926	NF000535	MSCRAMM_SdrC	N	45
ENDDOMAINS
ENDQUERY
QUERY	Query_28	Peptide	208	nad6_LedTMI1633_feature_94_from_C_0, ORGANISM Genus species Unclassified.,
DOMAINS
1	Query_28	Superfamily	354830	8	78	2.48599e-19	81.4209	cl21484	Oxidored_q3	C	-
ENDDOMAINS
ENDQUERY
QUERY	Query_29	Peptide	255	atp6_LedTMI1633_feature_96_from_C_0, ORGANISM Genus species Unclassified.,
DOMAINS
1	Query_29	Specific	273458	25	252	1.32423e-52	170.079	TIGR01131	ATP_synt_6_or_A	-	351082
ENDDOMAINS
ENDQUERY
QUERY	Query_30	Peptide	278	cox3_LedTMI1633_feature_98_from_C_0, ORGANISM Genus species Unclassified.,
DOMAINS
1	Query_30	Specific	238834	32	275	2.96477e-103	300.587	cd01665	Cyt_c_Oxidase_III	-	294143
ENDDOMAINS
SITES
1	Query_30	Specific	Subunit I/III interface	E90,N93,G94,S105,F108,S112,V113,H119,S207,V208,T211,A215	12	12	238834
1	Query_30	Specific	Subunit III/Vb interface	F174	1	1	238834
1	Query_30	Specific	Subunit III/VIa interface	F143,S144,I145,Y162,V188,T198,D199,S200,A205,D206,S207	11	11	238834
1	Query_30	Specific	Subunit III/VIb interface	L135	1	1	238834
1	Query_30	Specific	Subunit III/VIIa interface	F72,S75,D76,I79,S82,F83,L84	7	7	238834
1	Query_30	Specific	Phospholipid binding site	W73,L74,I77,H78,G81,H87,G98,F99,F102,F230,R237,L249,G250	13	13	238834
ENDSITES
ENDQUERY
QUERY	Query_31	Peptide	236	orf236_LedTMI1633_feature_102_from_C_0, ORGANISM Genus species Unclassified.,
DOMAINS
1	Query_31	Specific	335245	39	217	3.86357e-53	168.879	pfam03161	LAGLIDADG_2	-	45
ENDDOMAINS
ENDQUERY
QUERY	Query_33	Peptide	88	nad4L_LedTMI1633_feature_107_from_C_0, ORGANISM Genus species Unclassified.,
DOMAINS
1	Query_33	Superfamily	351118	5	87	4.66618e-15	63.8977	cl00492	Oxidored_q2	-	-
ENDDOMAINS
ENDQUERY
QUERY	Query_34	Peptide	682	nad5_LedTMI1633_feature_109_from_C_0, ORGANISM Genus species Unclassified.,
DOMAINS
1	Query_34	Non-specific	177253	16	640	0	596.605	MTH00210	ND5	-	45
ENDDOMAINS
ENDQUERY
QUERY	Query_36	Peptide	533	cox1_LedTMI1633_feature_128_from_C_0, ORGANISM Genus species Unclassified.,
DOMAINS
1	Query_36	Specific	238833	7	485	0	834.44	cd01663	Cyt_c_Oxidase_I	-	350997
ENDDOMAINS
SITES
1	Query_36	Specific	Binuclear center (heme a3/CuB)	H239,H288,H289,H374	4	4	238833
1	Query_36	Specific	Low-spin heme (heme a) binding site	H60,H376,S380,T422,S459	5	5	238833
1	Query_36	Specific	D-pathway	Y16,N79,D90,N97,S100,S155,S156,N162,T166	9	9	238833
1	Query_36	Specific	K-pathway	H239,Y243,S254,H288,H289,T314,K317	7	7	238833
1	Query_36	Specific	Electron transfer pathway	F375,R436,R437	3	3	238833
1	Query_36	Specific	Putative proton exit pathway	H289,H366,D367,R436,R437	5	5	238833
1	Query_36	Specific	Putative water exit pathway	D226,Q231,H232,D362,H366,D367,R436	7	7	238833
1	Query_36	Specific	Subunit I/II interface	N54,D226,K263,F266,G267,A292,V293,G294,V297,R300,M308,I316,F319,Y326,G327,G328,L340,N358,A359,L361,V363,A364,F365,H366,D367,M431,A432,R436,R437,I438,G447,W448	32	32	238833
1	Query_36	Specific	Subunit I/III interface	T7,P89,F93,R95,W102,D143,F147,S165,N169,I189,L196,P199,M207,T216,S217,F218,G223,G224,D226,F236,Y273,F276,G279,I280,L284	25	25	238833
1	Query_36	Specific	Subunit I/IV interface	L36,S39,A40,L406,K409,I410,D443,V461	8	8	238833
1	Query_36	Specific	Subunit I/VIa interface	V134,R212,N213,F214,N215	5	5	238833
1	Query_36	Specific	Subunit I/VIb interface	G294	1	1	238833
1	Query_36	Specific	Subunit I/VIc interface	G327	1	1	238833
1	Query_36	Specific	Subunit I/VIIa interface	L113,L116	2	2	238833
1	Query_36	Specific	Subunit I/VIIb interface	D443,G447	2	2	238833
1	Query_36	Specific	Subunit I/VIIc interface	F22,I26,A29,M33,A115,L116,I398,Y471,F474	9	9	238833
1	Query_36	Specific	Subunit I/VIIIb interface	L407,M464	2	2	238833
1	Query_36	Specific	Dimer interface	I189,L196,F236,Y273,F276,G279,I280,L284	8	8	238833
ENDSITES
ENDQUERY
QUERY	Query_37	Peptide	320	orf320_LedTMI1633_feature_132_from_C_0, ORGANISM Genus species Unclassified.,
DOMAINS
1	Query_37	Specific	334330	158	278	4.41531e-16	72.269	pfam00961	LAGLIDADG_1	-	45
1	Query_37	Specific	334330	39	137	2.2027e-06	45.3051	pfam00961	LAGLIDADG_1	-	45
ENDDOMAINS
ENDQUERY
ENDSESSION	1
SESSION	2	blastp	2.10.0+	/opt/rpsbproc/db/Cdd	BLOSUM62	0.01
QUERY	Query_38	Peptide	313	orf313_LedTMI1633_feature_136_from_C_0, ORGANISM Genus species Unclassified.,
DOMAINS
2	Query_38	Specific	334330	86	175	5.97059e-06	44.1495	pfam00961	LAGLIDADG_1	-	45
ENDDOMAINS
ENDQUERY
QUERY	Query_39	Peptide	263	orf263_LedTMI1633_feature_140_from_C_0, ORGANISM Genus species Unclassified.,
DOMAINS
2	Query_39	Specific	335245	71	243	2.61401e-44	147.307	pfam03161	LAGLIDADG_2	-	45
ENDDOMAINS
ENDQUERY
QUERY	Query_40	Peptide	847	orf847_LedTMI1633_feature_144_from_C_0, ORGANISM Genus species Unclassified.,
DOMAINS
2	Query_40	Specific	238828	295	557	1.56925e-88	279.471	cd01651	RT_G2_intron	-	295487
2	Query_40	Non-specific	279664	577	685	3.12932e-12	64.4131	pfam01348	Intron_maturas2	-	45
2	Query_40	Specific	214702	769	827	0.00366513	36.2817	smart00507	HNHc	-	350893
ENDDOMAINS
SITES
2	Query_40	Specific	putative active site	D371,I372,K373,S374,Y375,F376,Q425,G426,Y502,D504,D505,L553,G554	13	13	238828
2	Query_40	Specific	putative nucleic acid binding site	G426	1	1	238828
2	Query_40	Specific	putative NTP binding site	D371,I372,K373,S374,Y375,F376,Q425,D504	8	8	238828
ENDSITES
ENDQUERY
QUERY	Query_41	Peptide	365	orf365_LedTMI1633_feature_148_from_C_0, ORGANISM Genus species Unclassified.,
DOMAINS
2	Query_41	Specific	273636	58	263	2.9433e-52	172.57	TIGR01453	grpIintron_endo	-	45
2	Query_41	Specific	197761	296	347	0.000876113	36.777	smart00497	IENR1	-	299755
ENDDOMAINS
ENDQUERY
QUERY	Query_42	Peptide	261	orf261_LedTMI1633_feature_152_from_C_0, ORGANISM Genus species Unclassified.,
DOMAINS
2	Query_42	Specific	334330	28	125	7.36657e-09	51.8535	pfam00961	LAGLIDADG_1	-	45
2	Query_42	Specific	334330	166	251	5.37226e-05	41.0679	pfam00961	LAGLIDADG_1	-	45
ENDDOMAINS
ENDQUERY
QUERY	Query_43	Peptide	293	orf293_LedTMI1633_feature_156_from_C_0, ORGANISM Genus species Unclassified.,
DOMAINS
2	Query_43	Non-specific	273636	83	288	3.58255e-33	120.954	TIGR01453	grpIintron_endo	-	45
ENDDOMAINS
ENDQUERY
QUERY	Query_45	Peptide	52	atp8_LedTMI1633_feature_2_from_C_1, ORGANISM Genus species Unclassified.,
DOMAINS
2	Query_45	Non-specific	283561	1	48	3.15752e-06	38.5414	pfam05933	Fun_ATP-synt_8	-	45
ENDDOMAINS
ENDQUERY
QUERY	Query_47	Peptide	658	orf657_LedTMI1633_feature_6_from_C_1, ORGANISM Genus species Unclassified.,
DOMAINS
2	Query_47	Superfamily	355698	266	622	4.08192e-42	158.28	cl28058	DNA_pol_B_2	-	-
ENDDOMAINS
ENDQUERY
QUERY	Query_50	Peptide	372	orf373_LedTMI1633_feature_18_from_C_1, ORGANISM Genus species Unclassified.,
DOMAINS
2	Query_50	Specific	334330	49	149	3.1407e-20	84.2102	pfam00961	LAGLIDADG_1	-	45
2	Query_50	Specific	334330	260	337	1.51481e-10	57.2463	pfam00961	LAGLIDADG_1	N	45
ENDDOMAINS
ENDQUERY
QUERY	Query_51	Peptide	330	orf331_LedTMI1633_feature_20_from_C_1, ORGANISM Genus species Unclassified.,
DOMAINS
2	Query_51	Non-specific	273636	69	304	3.39738e-24	97.8417	TIGR01453	grpIintron_endo	-	45
ENDDOMAINS
ENDQUERY
QUERY	Query_53	Peptide	1372	orf1371_LedTMI1633_feature_2_from_C_2, ORGANISM Genus species Unclassified.,
DOMAINS
2	Query_53	Superfamily	355471	665	1370	1.50868e-76	271.512	cl25973	RNA_pol	N	-
ENDDOMAINS
ENDQUERY
QUERY	Query_54	Peptide	1036	orf1036_LedTMI1633_feature_4_from_C_2, ORGANISM Genus species Unclassified.,
DOMAINS
2	Query_54	Specific	281206	442	861	9.07203e-70	239.943	pfam03175	DNA_pol_B_2	-	355698
2	Query_54	Superfamily	353046	905	958	0.000481274	43.4665	cl10023	POLBc	NC	-
ENDDOMAINS
SITES
2	Query_54	Generic	active site	D909	8	1	99912
2	Query_54	Generic	metal-binding site 	D907,D909,S910	3	3	99912
ENDSITES
ENDQUERY
QUERY	Query_56	Peptide	1497	orf1496_LedTMI1633_feature_2_from_C_3, ORGANISM Genus species Unclassified.,
DOMAINS
2	Query_56	Superfamily	355471	925	1496	8.05948e-76	269.971	cl25973	RNA_pol	N	-
2	Query_56	Non-specific	214397	50	330	0.00322837	42	CHL00207	rpoB	C	45
ENDDOMAINS
ENDQUERY
QUERY	Query_57	Peptide	896	orf895_LedTMI1633_feature_4_from_C_3, ORGANISM Genus species Unclassified.,
DOMAINS
2	Query_57	Specific	281206	321	757	5.47067e-85	279.618	pfam03175	DNA_pol_B_2	-	355698
ENDDOMAINS
ENDQUERY
ENDSESSION	2
ENDDATA
