#Post-RPSBLAST Processing Utility

#Input data file:	LedVB361_1_MitoAssemblyScaffolds.fasta.new.sqn.gbf_converted.faa.asn
#Output data file:	LedVB361_1_MitoAssemblyScaffolds.fasta.new.sqn.gbf_converted.faa.asn.out
#Annotation data at:	/opt/rpsbproc/data
#E-Value cutoff:	0.01
#Redundancy:	Concise
#Data requested:	Domain hits and site annotations
#Output format -- tab-delimited table
#Show superfamilies: NO
#DATA
#SESSION	<session-ordinal>	<program>	<database>	<score-matrix>	<evalue-threshold>
#QUERY	<query-id>	<seq-type>	<seq-length>	<definition-line>
#DOMAINS
#<session-ordinal>	<query-id[readingframe]>	<hit-type>	<PSSM-ID>	<from>	<to>	<E-Value>	<bitscore>	<accession>	<short-name>	<incomplete>	<superfamily PSSM-ID>
#more such lines......
#ENDDOMAINS
#SITES
#<session-ordinal>	<query-id[readingframe]>	<annot-type>	<title>	<residue(coordinates)>	<complete-size>	<mapped-size>	<source-domain>
#more such lines......
#ENDSITES
#MOTIFS
#<session-ordinal>	<query-id[readingframe]>	<title>	<from>	<to>	<source-domain>
#more such lines......
#ENDMOTIFS
#ENDQUERY	<query-id>
#more query sections..
#ENDSESSION	<session-ordinal>
#more session sections..
#ENDDATA
#=====================================================================
DATA
SESSION	1	blastp	2.10.0+	/opt/rpsbproc/db/Cdd	BLOSUM62	0.01
QUERY	Query_1	Peptide	533	cox1_LedVB361_feature_10_from_C_0, ORGANISM Genus species Unclassified.,
DOMAINS
1	Query_1	Specific	238833	7	485	0	834.44	cd01663	Cyt_c_Oxidase_I	-	350997
ENDDOMAINS
SITES
1	Query_1	Specific	Binuclear center (heme a3/CuB)	H239,H288,H289,H374	4	4	238833
1	Query_1	Specific	Low-spin heme (heme a) binding site	H60,H376,S380,T422,S459	5	5	238833
1	Query_1	Specific	D-pathway	Y16,N79,D90,N97,S100,S155,S156,N162,T166	9	9	238833
1	Query_1	Specific	K-pathway	H239,Y243,S254,H288,H289,T314,K317	7	7	238833
1	Query_1	Specific	Electron transfer pathway	F375,R436,R437	3	3	238833
1	Query_1	Specific	Putative proton exit pathway	H289,H366,D367,R436,R437	5	5	238833
1	Query_1	Specific	Putative water exit pathway	D226,Q231,H232,D362,H366,D367,R436	7	7	238833
1	Query_1	Specific	Subunit I/II interface	N54,D226,K263,F266,G267,A292,V293,G294,V297,R300,M308,I316,F319,Y326,G327,G328,L340,N358,A359,L361,V363,A364,F365,H366,D367,M431,A432,R436,R437,I438,G447,W448	32	32	238833
1	Query_1	Specific	Subunit I/III interface	T7,P89,F93,R95,W102,D143,F147,S165,N169,I189,L196,P199,M207,T216,S217,F218,G223,G224,D226,F236,Y273,F276,G279,I280,L284	25	25	238833
1	Query_1	Specific	Subunit I/IV interface	L36,S39,A40,L406,K409,I410,D443,V461	8	8	238833
1	Query_1	Specific	Subunit I/VIa interface	V134,R212,N213,F214,N215	5	5	238833
1	Query_1	Specific	Subunit I/VIb interface	G294	1	1	238833
1	Query_1	Specific	Subunit I/VIc interface	G327	1	1	238833
1	Query_1	Specific	Subunit I/VIIa interface	L113,L116	2	2	238833
1	Query_1	Specific	Subunit I/VIIb interface	D443,G447	2	2	238833
1	Query_1	Specific	Subunit I/VIIc interface	F22,I26,A29,M33,A115,L116,I398,Y471,F474	9	9	238833
1	Query_1	Specific	Subunit I/VIIIb interface	L407,M464	2	2	238833
1	Query_1	Specific	Dimer interface	I189,L196,F236,Y273,F276,G279,I280,L284	8	8	238833
ENDSITES
ENDQUERY
QUERY	Query_2	Peptide	320	orf320_LedVB361_feature_14_from_C_0, ORGANISM Genus species Unclassified.,
DOMAINS
1	Query_2	Specific	334330	158	278	5.61025e-17	74.9654	pfam00961	LAGLIDADG_1	-	45
1	Query_2	Specific	334330	39	137	1.0386e-05	43.3791	pfam00961	LAGLIDADG_1	-	45
ENDDOMAINS
ENDQUERY
QUERY	Query_3	Peptide	442	orf442_LedVB361_feature_18_from_C_0, ORGANISM Genus species Unclassified.,
DOMAINS
1	Query_3	Specific	334330	159	254	2.32064e-18	79.973	pfam00961	LAGLIDADG_1	-	45
ENDDOMAINS
ENDQUERY
QUERY	Query_4	Peptide	311	orf311_LedVB361_feature_22_from_C_0, ORGANISM Genus species Unclassified.,
DOMAINS
1	Query_4	Specific	334330	84	173	5.11691e-06	44.1495	pfam00961	LAGLIDADG_1	-	45
ENDDOMAINS
ENDQUERY
QUERY	Query_5	Peptide	263	orf263_LedVB361_feature_26_from_C_0, ORGANISM Genus species Unclassified.,
DOMAINS
1	Query_5	Specific	335245	71	243	3.31535e-44	146.922	pfam03161	LAGLIDADG_2	-	45
ENDDOMAINS
ENDQUERY
QUERY	Query_6	Peptide	367	orf367_LedVB361_feature_30_from_C_0, ORGANISM Genus species Unclassified.,
DOMAINS
1	Query_6	Specific	273636	58	263	4.23737e-52	172.185	TIGR01453	grpIintron_endo	-	45
1	Query_6	Specific	197761	296	347	0.000907476	36.777	smart00497	IENR1	-	299755
ENDDOMAINS
ENDQUERY
QUERY	Query_7	Peptide	261	orf261_LedVB361_feature_34_from_C_0, ORGANISM Genus species Unclassified.,
DOMAINS
1	Query_7	Specific	334330	28	125	9.64646e-09	51.4683	pfam00961	LAGLIDADG_1	-	45
1	Query_7	Specific	334330	166	251	1.30921e-05	42.9939	pfam00961	LAGLIDADG_1	-	45
ENDDOMAINS
ENDQUERY
QUERY	Query_8	Peptide	291	orf291_LedVB361_feature_38_from_C_0, ORGANISM Genus species Unclassified.,
DOMAINS
1	Query_8	Non-specific	273636	81	286	2.53344e-34	123.65	TIGR01453	grpIintron_endo	-	45
ENDDOMAINS
ENDQUERY
QUERY	Query_11	Peptide	361	orf362_LedVB361_feature_45_from_C_0, ORGANISM Genus species Unclassified.,
DOMAINS
1	Query_11	Non-specific	273636	100	335	2.18983e-24	98.9973	TIGR01453	grpIintron_endo	-	45
ENDDOMAINS
ENDQUERY
QUERY	Query_12	Peptide	199	orf200_LedVB361_feature_47_from_C_0, ORGANISM Genus species Unclassified.,
DOMAINS
1	Query_12	Specific	334330	27	130	4.08552e-08	49.1571	pfam00961	LAGLIDADG_1	-	45
ENDDOMAINS
ENDQUERY
QUERY	Query_13	Peptide	365	orf366_LedVB361_feature_49_from_C_0, ORGANISM Genus species Unclassified.,
DOMAINS
1	Query_13	Specific	334330	49	149	2.4381e-20	84.5954	pfam00961	LAGLIDADG_1	-	45
1	Query_13	Specific	334330	260	337	1.32549e-10	57.6315	pfam00961	LAGLIDADG_1	N	45
ENDDOMAINS
ENDQUERY
QUERY	Query_16	Peptide	336	orf336_LedVB361_feature_61_from_C_0, ORGANISM Genus species Unclassified.,
DOMAINS
1	Query_16	Superfamily	355698	6	285	8.48176e-32	123.612	cl28058	DNA_pol_B_2	N	-
ENDDOMAINS
ENDQUERY
QUERY	Query_17	Peptide	309	orf309_LedVB361_feature_63_from_C_0, ORGANISM Genus species Unclassified.,
DOMAINS
1	Query_17	Superfamily	355698	170	242	2.42005e-08	54.6616	cl28058	DNA_pol_B_2	C	-
ENDDOMAINS
ENDQUERY
QUERY	Query_20	Peptide	52	atp8_LedVB361_feature_69_from_C_0, ORGANISM Genus species Unclassified.,
DOMAINS
1	Query_20	Non-specific	283561	1	48	3.15752e-06	38.5414	pfam05933	Fun_ATP-synt_8	-	45
ENDDOMAINS
ENDQUERY
QUERY	Query_23	Peptide	477	orf478_LedVB361_feature_85_from_C_0, ORGANISM Genus species Unclassified.,
DOMAINS
1	Query_23	Specific	334330	343	444	7.42852e-30	111.945	pfam00961	LAGLIDADG_1	-	45
1	Query_23	Specific	334330	184	285	1.38481e-20	86.1362	pfam00961	LAGLIDADG_1	-	45
ENDDOMAINS
ENDQUERY
QUERY	Query_26	Peptide	644	nad2_LedVB361_feature_12_from_C_1, ORGANISM Genus species Unclassified.,
DOMAINS
1	Query_26	Specific	235603	192	561	3.02706e-73	243.189	PRK05777	PRK05777	N	356474
ENDDOMAINS
ENDQUERY
QUERY	Query_27	Peptide	127	nad3_LedVB361_feature_14_from_C_1, ORGANISM Genus species Unclassified.,
DOMAINS
1	Query_27	Specific	334119	28	83	1.76739e-17	71.2922	pfam00507	Oxidored_q4	C	351141
ENDDOMAINS
ENDQUERY
QUERY	Query_32	Peptide	73	atp9_LedVB361_feature_24_from_C_1, ORGANISM Genus species Unclassified.,
DOMAINS
1	Query_32	Specific	349422	6	70	2.26838e-21	78.3203	cd18182	ATP-synt_Fo_c_ATP5G3	-	365782
ENDDOMAINS
SITES
ENDSITES
ENDQUERY
QUERY	Query_33	Peptide	487	nad4_LedVB361_feature_26_from_C_1, ORGANISM Genus species Unclassified.,
DOMAINS
1	Query_33	Specific	235622	27	476	4.77713e-138	406.511	PRK05846	PRK05846	-	45
ENDDOMAINS
ENDQUERY
QUERY	Query_34	Peptide	189	orf188_LedVB361_feature_28_from_C_1, ORGANISM Genus species Unclassified.,
DOMAINS
1	Query_34	Superfamily	355698	26	176	1.61527e-11	61.7152	cl28058	DNA_pol_B_2	N	-
ENDDOMAINS
ENDQUERY
QUERY	Query_35	Peptide	274	orf274_LedVB361_feature_30_from_C_1, ORGANISM Genus species Unclassified.,
DOMAINS
1	Query_35	Superfamily	355698	4	255	1.58585e-52	177.155	cl28058	DNA_pol_B_2	N	-
ENDDOMAINS
ENDQUERY
QUERY	Query_36	Peptide	386	orf386_LedVB361_feature_32_from_C_1, ORGANISM Genus species Unclassified.,
DOMAINS
1	Query_36	Superfamily	355698	264	352	1.51631e-09	59.284	cl28058	DNA_pol_B_2	C	-
ENDDOMAINS
ENDQUERY
ENDSESSION	1
SESSION	2	blastp	2.10.0+	/opt/rpsbproc/db/Cdd	BLOSUM62	0.01
QUERY	Query_42	Peptide	117	orf117_LedVB361_feature_44_from_C_1, ORGANISM Genus species Unclassified.,
DOMAINS
2	Query_42	Superfamily	355698	39	117	0.000752475	37.3276	cl28058	DNA_pol_B_2	C	-
ENDDOMAINS
ENDQUERY
QUERY	Query_44	Peptide	59	orf59_LedVB361_feature_48_from_C_1, ORGANISM Genus species Unclassified.,
DOMAINS
2	Query_44	Superfamily	355698	13	42	2.10605e-08	47.728	cl28058	DNA_pol_B_2	NC	-
ENDDOMAINS
ENDQUERY
QUERY	Query_45	Peptide	106	orf106_LedVB361_feature_50_from_C_1, ORGANISM Genus species Unclassified.,
DOMAINS
2	Query_45	Superfamily	355698	23	93	8.53175e-11	56.5876	cl28058	DNA_pol_B_2	N	-
ENDDOMAINS
ENDQUERY
QUERY	Query_47	Peptide	331	nad1_LedVB361_feature_64_from_C_1, ORGANISM Genus species Unclassified.,
DOMAINS
2	Query_47	Specific	333876	13	319	2.09127e-120	348.693	pfam00146	NADHdh	-	351105
ENDDOMAINS
ENDQUERY
QUERY	Query_48	Peptide	184	orf184_LedVB361_feature_68_from_C_1, ORGANISM Genus species Unclassified.,
DOMAINS
2	Query_48	Specific	334330	117	167	0.00125455	36.4455	pfam00961	LAGLIDADG_1	C	45
ENDDOMAINS
ENDQUERY
QUERY	Query_51	Peptide	107	orf108_LedVB361_feature_79_from_C_1, ORGANISM Genus species Unclassified.,
DOMAINS
2	Query_51	Specific	334330	1	55	3.93171e-08	46.8459	pfam00961	LAGLIDADG_1	N	45
ENDDOMAINS
ENDQUERY
QUERY	Query_52	Peptide	252	cox2_LedVB361_feature_2_from_C_2, ORGANISM Genus species Unclassified.,
DOMAINS
2	Query_52	Non-specific	214402	7	252	2.63181e-108	312.07	MTH00023	COX2	-	45
ENDDOMAINS
ENDQUERY
QUERY	Query_53	Peptide	715	orf715_LedVB361_feature_4_from_C_2, ORGANISM Genus species Unclassified.,
DOMAINS
2	Query_53	Specific	333719	491	688	0.000119765	45.589	NF000535	MSCRAMM_SdrC	N	45
ENDDOMAINS
ENDQUERY
QUERY	Query_54	Peptide	208	nad6_LedVB361_feature_6_from_C_2, ORGANISM Genus species Unclassified.,
DOMAINS
2	Query_54	Superfamily	354830	8	78	2.48599e-19	81.4209	cl21484	Oxidored_q3	C	-
ENDDOMAINS
ENDQUERY
QUERY	Query_55	Peptide	255	atp6_LedVB361_feature_8_from_C_2, ORGANISM Genus species Unclassified.,
DOMAINS
2	Query_55	Specific	273458	25	252	1.32423e-52	170.079	TIGR01131	ATP_synt_6_or_A	-	351082
ENDDOMAINS
ENDQUERY
QUERY	Query_56	Peptide	276	cox3_LedVB361_feature_10_from_C_2, ORGANISM Genus species Unclassified.,
DOMAINS
2	Query_56	Specific	238834	30	273	3.90449e-103	300.201	cd01665	Cyt_c_Oxidase_III	-	294143
ENDDOMAINS
SITES
2	Query_56	Specific	Subunit I/III interface	E88,N91,G92,S103,F106,S110,V111,H117,S205,V206,T209,A213	12	12	238834
2	Query_56	Specific	Subunit III/Vb interface	F172	1	1	238834
2	Query_56	Specific	Subunit III/VIa interface	F141,S142,I143,Y160,V186,T196,D197,S198,A203,D204,S205	11	11	238834
2	Query_56	Specific	Subunit III/VIb interface	L133	1	1	238834
2	Query_56	Specific	Subunit III/VIIa interface	F70,S73,D74,I77,S80,F81,L82	7	7	238834
2	Query_56	Specific	Phospholipid binding site	W71,L72,I75,H76,G79,H85,G96,F97,F100,F228,R235,L247,G248	13	13	238834
ENDSITES
ENDQUERY
QUERY	Query_57	Peptide	236	orf236_LedVB361_feature_14_from_C_2, ORGANISM Genus species Unclassified.,
DOMAINS
2	Query_57	Specific	335245	39	217	4.03532e-53	168.879	pfam03161	LAGLIDADG_2	-	45
ENDDOMAINS
ENDQUERY
QUERY	Query_59	Peptide	88	nad4L_LedVB361_feature_19_from_C_2, ORGANISM Genus species Unclassified.,
DOMAINS
2	Query_59	Superfamily	351118	5	87	4.66618e-15	63.8977	cl00492	Oxidored_q2	-	-
ENDDOMAINS
ENDQUERY
QUERY	Query_60	Peptide	682	nad5_LedVB361_feature_21_from_C_2, ORGANISM Genus species Unclassified.,
DOMAINS
2	Query_60	Non-specific	177253	16	640	0	596.605	MTH00210	ND5	-	45
ENDDOMAINS
ENDQUERY
QUERY	Query_61	Peptide	305	orf305_LedVB361_feature_25_from_C_2, ORGANISM Genus species Unclassified.,
DOMAINS
2	Query_61	Specific	334330	61	162	9.06e-32	113.871	pfam00961	LAGLIDADG_1	-	45
2	Query_61	Specific	334330	220	303	4.58215e-18	77.6618	pfam00961	LAGLIDADG_1	-	45
ENDDOMAINS
ENDQUERY
QUERY	Query_63	Peptide	1372	orf1371_LedVB361_feature_2_from_C_3, ORGANISM Genus species Unclassified.,
DOMAINS
2	Query_63	Superfamily	355471	665	1370	6.82417e-77	272.667	cl25973	RNA_pol	N	-
ENDDOMAINS
ENDQUERY
QUERY	Query_64	Peptide	1036	orf1036_LedVB361_feature_4_from_C_3, ORGANISM Genus species Unclassified.,
DOMAINS
2	Query_64	Specific	281206	442	861	9.07203e-70	239.943	pfam03175	DNA_pol_B_2	-	355698
2	Query_64	Superfamily	353046	905	958	0.000481274	43.4665	cl10023	POLBc	NC	-
ENDDOMAINS
SITES
2	Query_64	Generic	active site	D909	8	1	99912
2	Query_64	Generic	metal-binding site 	D907,D909,S910	3	3	99912
ENDSITES
ENDQUERY
QUERY	Query_66	Peptide	956	orf956_LedVB361_feature_2_from_C_4, ORGANISM Genus species Unclassified.,
DOMAINS
2	Query_66	Specific	281206	362	818	8.06406e-97	312.36	pfam03175	DNA_pol_B_2	-	355698
ENDDOMAINS
ENDQUERY
QUERY	Query_67	Peptide	1253	orf1253_LedVB361_feature_4_from_C_4, ORGANISM Genus species Unclassified.,
DOMAINS
2	Query_67	Specific	334321	792	1252	2.47846e-74	252.381	pfam00940	RNA_pol	-	355471
ENDDOMAINS
ENDQUERY
ENDSESSION	2
SESSION	3	blastp	2.10.0+	/opt/rpsbproc/db/Cdd	BLOSUM62	0.01
QUERY	Query_68	Peptide	251	cob_LedVB361_feature_2_from_C_5, ORGANISM Genus species Unclassified.,
DOMAINS
3	Query_68	Non-specific	214440	1	228	3.48897e-97	288.219	MTH00156	CYTB	N	45
ENDDOMAINS
ENDQUERY
ENDSESSION	3
ENDDATA
