#Post-RPSBLAST Processing Utility

#Input data file:	Lenafn1_MitoAssemblyScaffolds.fasta.new.sqn.gbf_converted.faa.asn
#Output data file:	Lenafn1_MitoAssemblyScaffolds.fasta.new.sqn.gbf_converted.faa.asn.out
#Annotation data at:	/opt/rpsbproc/data
#E-Value cutoff:	0.01
#Redundancy:	Concise
#Data requested:	Domain hits and site annotations
#Output format -- tab-delimited table
#Show superfamilies: NO
#DATA
#SESSION	<session-ordinal>	<program>	<database>	<score-matrix>	<evalue-threshold>
#QUERY	<query-id>	<seq-type>	<seq-length>	<definition-line>
#DOMAINS
#<session-ordinal>	<query-id[readingframe]>	<hit-type>	<PSSM-ID>	<from>	<to>	<E-Value>	<bitscore>	<accession>	<short-name>	<incomplete>	<superfamily PSSM-ID>
#more such lines......
#ENDDOMAINS
#SITES
#<session-ordinal>	<query-id[readingframe]>	<annot-type>	<title>	<residue(coordinates)>	<complete-size>	<mapped-size>	<source-domain>
#more such lines......
#ENDSITES
#MOTIFS
#<session-ordinal>	<query-id[readingframe]>	<title>	<from>	<to>	<source-domain>
#more such lines......
#ENDMOTIFS
#ENDQUERY	<query-id>
#more query sections..
#ENDSESSION	<session-ordinal>
#more session sections..
#ENDDATA
#=====================================================================
DATA
SESSION	1	blastp	2.10.0+	/opt/rpsbproc/db/Cdd	BLOSUM62	0.01
QUERY	Query_2	Peptide	90	orf91_Lenafn1_feature_4_from_C_0, ORGANISM Genus species Unclassified.,
DOMAINS
1	Query_2	Specific	334330	42	80	5.79353e-06	40.6827	pfam00961	LAGLIDADG_1	NC	45
ENDDOMAINS
ENDQUERY
QUERY	Query_5	Peptide	331	nad1_Lenafn1_feature_10_from_C_0, ORGANISM Genus species Unclassified.,
DOMAINS
1	Query_5	Specific	333876	13	319	2.09127e-120	348.693	pfam00146	NADHdh	-	351105
ENDDOMAINS
ENDQUERY
QUERY	Query_6	Peptide	186	orf186_Lenafn1_feature_18_from_C_0, ORGANISM Genus species Unclassified.,
DOMAINS
1	Query_6	Specific	334330	117	169	0.00396887	35.2899	pfam00961	LAGLIDADG_1	C	45
ENDDOMAINS
ENDQUERY
QUERY	Query_8	Peptide	65	orf65_Lenafn1_feature_33_from_C_0, ORGANISM Genus species Unclassified.,
DOMAINS
1	Query_8	Superfamily	355698	23	61	5.58456e-05	38.4832	cl28058	DNA_pol_B_2	NC	-
ENDDOMAINS
ENDQUERY
QUERY	Query_9	Peptide	59	orf59_Lenafn1_feature_35_from_C_0, ORGANISM Genus species Unclassified.,
DOMAINS
1	Query_9	Superfamily	355698	13	42	2.48792e-08	47.728	cl28058	DNA_pol_B_2	NC	-
ENDDOMAINS
ENDQUERY
QUERY	Query_10	Peptide	122	orf122_Lenafn1_feature_37_from_C_0, ORGANISM Genus species Unclassified.,
DOMAINS
1	Query_10	Superfamily	355698	22	79	0.00231115	36.172	cl28058	DNA_pol_B_2	NC	-
ENDDOMAINS
ENDQUERY
QUERY	Query_11	Peptide	117	orf117_Lenafn1_feature_39_from_C_0, ORGANISM Genus species Unclassified.,
DOMAINS
1	Query_11	Superfamily	355698	40	117	0.00175945	36.172	cl28058	DNA_pol_B_2	C	-
ENDDOMAINS
ENDQUERY
QUERY	Query_13	Peptide	392	orf392_Lenafn1_feature_43_from_C_0, ORGANISM Genus species Unclassified.,
DOMAINS
1	Query_13	Non-specific	214691	275	386	4.60397e-05	45.2141	smart00486	POLBc	C	45
ENDDOMAINS
ENDQUERY
QUERY	Query_14	Peptide	510	orf509_Lenafn1_feature_45_from_C_0, ORGANISM Genus species Unclassified.,
DOMAINS
1	Query_14	Superfamily	355698	1	361	1.51945e-60	205.66	cl28058	DNA_pol_B_2	-	-
ENDDOMAINS
ENDQUERY
QUERY	Query_15	Peptide	487	nad4_Lenafn1_feature_47_from_C_0, ORGANISM Genus species Unclassified.,
DOMAINS
1	Query_15	Specific	235622	27	476	4.77713e-138	406.511	PRK05846	PRK05846	-	45
ENDDOMAINS
ENDQUERY
QUERY	Query_16	Peptide	73	atp9_Lenafn1_feature_49_from_C_0, ORGANISM Genus species Unclassified.,
DOMAINS
1	Query_16	Specific	349422	6	70	2.26838e-21	78.3203	cd18182	ATP-synt_Fo_c_ATP5G3	-	365782
ENDDOMAINS
SITES
ENDSITES
ENDQUERY
QUERY	Query_17	Peptide	101	orf101_Lenafn1_feature_51_from_C_0, ORGANISM Genus species Unclassified.,
DOMAINS
1	Query_17	Superfamily	355698	10	98	0.000742963	36.6773	cl28058	DNA_pol_B_2	N	-
ENDDOMAINS
ENDQUERY
QUERY	Query_19	Peptide	127	nad3_Lenafn1_feature_55_from_C_0, ORGANISM Genus species Unclassified.,
DOMAINS
1	Query_19	Specific	334119	28	83	1.76739e-17	71.2922	pfam00507	Oxidored_q4	C	351141
ENDDOMAINS
ENDQUERY
QUERY	Query_20	Peptide	644	nad2_Lenafn1_feature_57_from_C_0, ORGANISM Genus species Unclassified.,
DOMAINS
1	Query_20	Specific	235603	192	561	1.03965e-72	242.034	PRK05777	PRK05777	N	356474
ENDDOMAINS
ENDQUERY
QUERY	Query_22	Peptide	475	orf476_Lenafn1_feature_75_from_C_0, ORGANISM Genus species Unclassified.,
DOMAINS
1	Query_22	Specific	334330	341	442	6.1874e-30	111.945	pfam00961	LAGLIDADG_1	-	45
1	Query_22	Specific	334330	182	283	8.8051e-21	86.9066	pfam00961	LAGLIDADG_1	-	45
ENDDOMAINS
ENDQUERY
QUERY	Query_24	Peptide	52	atp8_Lenafn1_feature_89_from_C_0, ORGANISM Genus species Unclassified.,
DOMAINS
1	Query_24	Non-specific	283561	1	48	3.15752e-06	38.5414	pfam05933	Fun_ATP-synt_8	-	45
ENDDOMAINS
ENDQUERY
QUERY	Query_26	Peptide	658	orf657_Lenafn1_feature_93_from_C_0, ORGANISM Genus species Unclassified.,
DOMAINS
1	Query_26	Superfamily	355698	266	622	7.12354e-41	154.813	cl28058	DNA_pol_B_2	-	-
ENDDOMAINS
ENDQUERY
QUERY	Query_29	Peptide	199	orf200_Lenafn1_feature_105_from_C_0, ORGANISM Genus species Unclassified.,
DOMAINS
1	Query_29	Specific	334330	27	130	4.08552e-08	49.1571	pfam00961	LAGLIDADG_1	-	45
ENDDOMAINS
ENDQUERY
QUERY	Query_30	Peptide	331	orf332_Lenafn1_feature_107_from_C_0, ORGANISM Genus species Unclassified.,
DOMAINS
1	Query_30	Non-specific	273636	70	305	3.08596e-24	97.8417	TIGR01453	grpIintron_endo	-	45
ENDDOMAINS
ENDQUERY
QUERY	Query_33	Peptide	533	cox1_Lenafn1_feature_113_from_C_0, ORGANISM Genus species Unclassified.,
DOMAINS
1	Query_33	Specific	238833	7	485	0	834.44	cd01663	Cyt_c_Oxidase_I	-	350997
ENDDOMAINS
SITES
1	Query_33	Specific	Binuclear center (heme a3/CuB)	H239,H288,H289,H374	4	4	238833
1	Query_33	Specific	Low-spin heme (heme a) binding site	H60,H376,S380,T422,S459	5	5	238833
1	Query_33	Specific	D-pathway	Y16,N79,D90,N97,S100,S155,S156,N162,T166	9	9	238833
1	Query_33	Specific	K-pathway	H239,Y243,S254,H288,H289,T314,K317	7	7	238833
1	Query_33	Specific	Electron transfer pathway	F375,R436,R437	3	3	238833
1	Query_33	Specific	Putative proton exit pathway	H289,H366,D367,R436,R437	5	5	238833
1	Query_33	Specific	Putative water exit pathway	D226,Q231,H232,D362,H366,D367,R436	7	7	238833
1	Query_33	Specific	Subunit I/II interface	N54,D226,K263,F266,G267,A292,V293,G294,V297,R300,M308,I316,F319,Y326,G327,G328,L340,N358,A359,L361,V363,A364,F365,H366,D367,M431,A432,R436,R437,I438,G447,W448	32	32	238833
1	Query_33	Specific	Subunit I/III interface	T7,P89,F93,R95,W102,D143,F147,S165,N169,I189,L196,P199,M207,T216,S217,F218,G223,G224,D226,F236,Y273,F276,G279,I280,L284	25	25	238833
1	Query_33	Specific	Subunit I/IV interface	L36,S39,A40,L406,K409,I410,D443,V461	8	8	238833
1	Query_33	Specific	Subunit I/VIa interface	V134,R212,N213,F214,N215	5	5	238833
1	Query_33	Specific	Subunit I/VIb interface	G294	1	1	238833
1	Query_33	Specific	Subunit I/VIc interface	G327	1	1	238833
1	Query_33	Specific	Subunit I/VIIa interface	L113,L116	2	2	238833
1	Query_33	Specific	Subunit I/VIIb interface	D443,G447	2	2	238833
1	Query_33	Specific	Subunit I/VIIc interface	F22,I26,A29,M33,A115,L116,I398,Y471,F474	9	9	238833
1	Query_33	Specific	Subunit I/VIIIb interface	L407,M464	2	2	238833
1	Query_33	Specific	Dimer interface	I189,L196,F236,Y273,F276,G279,I280,L284	8	8	238833
ENDSITES
ENDQUERY
QUERY	Query_34	Peptide	293	orf293_Lenafn1_feature_117_from_C_0, ORGANISM Genus species Unclassified.,
DOMAINS
1	Query_34	Non-specific	273636	81	288	3.41746e-32	118.257	TIGR01453	grpIintron_endo	-	45
ENDDOMAINS
ENDQUERY
QUERY	Query_35	Peptide	261	orf261_Lenafn1_feature_121_from_C_0, ORGANISM Genus species Unclassified.,
DOMAINS
1	Query_35	Specific	334330	28	125	6.15391e-09	52.2387	pfam00961	LAGLIDADG_1	-	45
1	Query_35	Specific	334330	166	251	1.97696e-05	42.2235	pfam00961	LAGLIDADG_1	-	45
ENDDOMAINS
ENDQUERY
QUERY	Query_36	Peptide	360	orf360_Lenafn1_feature_125_from_C_0, ORGANISM Genus species Unclassified.,
DOMAINS
1	Query_36	Specific	273636	58	263	2.92492e-52	172.185	TIGR01453	grpIintron_endo	-	45
1	Query_36	Specific	197761	296	347	0.000907367	36.777	smart00497	IENR1	-	299755
ENDDOMAINS
ENDQUERY
QUERY	Query_37	Peptide	757	orf757_Lenafn1_feature_129_from_C_0, ORGANISM Genus species Unclassified.,
DOMAINS
1	Query_37	Specific	238828	295	557	1.28886e-89	280.627	cd01651	RT_G2_intron	-	295487
1	Query_37	Non-specific	279664	577	685	8.471e-12	63.2575	pfam01348	Intron_maturas2	-	45
ENDDOMAINS
SITES
1	Query_37	Specific	putative active site	D371,I372,K373,S374,Y375,F376,Q425,G426,Y502,D504,D505,L553,G554	13	13	238828
1	Query_37	Specific	putative nucleic acid binding site	G426	1	1	238828
1	Query_37	Specific	putative NTP binding site	D371,I372,K373,S374,Y375,F376,Q425,D504	8	8	238828
ENDSITES
ENDQUERY
ENDSESSION	1
SESSION	2	blastp	2.10.0+	/opt/rpsbproc/db/Cdd	BLOSUM62	0.01
QUERY	Query_38	Peptide	263	orf263_Lenafn1_feature_133_from_C_0, ORGANISM Genus species Unclassified.,
DOMAINS
2	Query_38	Specific	335245	71	243	2.61401e-44	147.307	pfam03161	LAGLIDADG_2	-	45
ENDDOMAINS
ENDQUERY
QUERY	Query_39	Peptide	313	orf313_Lenafn1_feature_137_from_C_0, ORGANISM Genus species Unclassified.,
DOMAINS
2	Query_39	Specific	334330	86	175	5.97059e-06	44.1495	pfam00961	LAGLIDADG_1	-	45
ENDDOMAINS
ENDQUERY
QUERY	Query_40	Peptide	320	orf320_Lenafn1_feature_141_from_C_0, ORGANISM Genus species Unclassified.,
DOMAINS
2	Query_40	Specific	334330	158	278	2.9424e-16	73.0394	pfam00961	LAGLIDADG_1	-	45
2	Query_40	Specific	334330	39	137	3.25416e-06	44.9199	pfam00961	LAGLIDADG_1	-	45
ENDDOMAINS
ENDQUERY
QUERY	Query_42	Peptide	682	nad5_Lenafn1_feature_158_from_C_0, ORGANISM Genus species Unclassified.,
DOMAINS
2	Query_42	Non-specific	177253	16	640	0	596.605	MTH00210	ND5	-	45
ENDDOMAINS
ENDQUERY
QUERY	Query_43	Peptide	88	nad4L_Lenafn1_feature_163_from_C_0, ORGANISM Genus species Unclassified.,
DOMAINS
2	Query_43	Superfamily	351118	5	87	4.66618e-15	63.8977	cl00492	Oxidored_q2	-	-
ENDDOMAINS
ENDQUERY
QUERY	Query_45	Peptide	276	cox3_Lenafn1_feature_167_from_C_0, ORGANISM Genus species Unclassified.,
DOMAINS
2	Query_45	Superfamily	294143	18	275	1.79764e-96	283.918	cl00211	Heme_Cu_Oxidase_III_like	-	-
ENDDOMAINS
SITES
2	Query_45	Specific	Subunit I/III interface	E88,N91,G92,S103,F106,S110,V111,H117,S205,V206,T209,A213	12	12	238834
2	Query_45	Specific	Subunit III/Vb interface	F172	1	1	238834
2	Query_45	Specific	Subunit III/VIa interface	F141,S142,I143,Y160,V186,T196,D197,S198,A203,D204,S205	11	11	238834
2	Query_45	Specific	Subunit III/VIb interface	L133	1	1	238834
2	Query_45	Specific	Subunit III/VIIa interface	F70,S73,D74,I77,S80,F81,L82	7	7	238834
2	Query_45	Specific	Phospholipid binding site	W71,L72,I75,H76,G79,H85,G96,F97,F100,F228,R235,L247,G248	13	13	238834
ENDSITES
ENDQUERY
QUERY	Query_46	Peptide	236	orf236_Lenafn1_feature_171_from_C_0, ORGANISM Genus species Unclassified.,
DOMAINS
2	Query_46	Specific	335245	39	217	6.51096e-53	168.108	pfam03161	LAGLIDADG_2	-	45
ENDDOMAINS
ENDQUERY
QUERY	Query_47	Peptide	255	atp6_Lenafn1_feature_174_from_C_0, ORGANISM Genus species Unclassified.,
DOMAINS
2	Query_47	Specific	273458	25	252	1.32423e-52	170.079	TIGR01131	ATP_synt_6_or_A	-	351082
ENDDOMAINS
ENDQUERY
QUERY	Query_48	Peptide	208	nad6_Lenafn1_feature_176_from_C_0, ORGANISM Genus species Unclassified.,
DOMAINS
2	Query_48	Superfamily	354830	8	78	2.48599e-19	81.4209	cl21484	Oxidored_q3	C	-
ENDDOMAINS
ENDQUERY
QUERY	Query_49	Peptide	711	orf711_Lenafn1_feature_178_from_C_0, ORGANISM Genus species Unclassified.,
DOMAINS
2	Query_49	Specific	333719	510	686	3.19786e-05	47.1298	NF000535	MSCRAMM_SdrC	N	45
ENDDOMAINS
ENDQUERY
QUERY	Query_50	Peptide	252	cox2_Lenafn1_feature_180_from_C_0, ORGANISM Genus species Unclassified.,
DOMAINS
2	Query_50	Non-specific	214402	7	252	2.63181e-108	312.07	MTH00023	COX2	-	45
ENDDOMAINS
ENDQUERY
QUERY	Query_52	Peptide	251	cob_Lenafn1_feature_184_from_C_0, ORGANISM Genus species Unclassified.,
DOMAINS
2	Query_52	Non-specific	214440	1	228	3.48897e-97	288.219	MTH00156	CYTB	N	45
ENDDOMAINS
ENDQUERY
QUERY	Query_53	Peptide	240	orf240_Lenafn1_feature_189_from_C_0, ORGANISM Genus species Unclassified.,
DOMAINS
2	Query_53	Non-specific	225762	47	134	0.00618723	36.9543	COG3221	PhnD	N	45
ENDDOMAINS
ENDQUERY
QUERY	Query_54	Peptide	273	cob_Lenafn1_feature_2_from_C_1, ORGANISM Genus species Unclassified.,
DOMAINS
2	Query_54	Specific	214440	10	273	4.46915e-144	408.016	MTH00156	CYTB	C	45
ENDDOMAINS
ENDQUERY
QUERY	Query_55	Peptide	240	orf240_2_Lenafn1_feature_6_from_C_1, ORGANISM Genus species Unclassified.,
DOMAINS
2	Query_55	Non-specific	225762	47	134	0.00618723	36.9543	COG3221	PhnD	N	45
ENDDOMAINS
ENDQUERY
QUERY	Query_56	Peptide	173	orf173_Lenafn1_feature_10_from_C_1, ORGANISM Genus species Unclassified.,
DOMAINS
2	Query_56	Specific	334330	23	127	0.00341969	35.2899	pfam00961	LAGLIDADG_1	-	45
ENDDOMAINS
ENDQUERY
ENDSESSION	2
ENDDATA
