#Post-RPSBLAST Processing Utility

#Input data file:	Lenedo1_MitoAssemblyScaffolds.fasta.new.sqn.gbf_converted.faa.asn
#Output data file:	Lenedo1_MitoAssemblyScaffolds.fasta.new.sqn.gbf_converted.faa.asn.out
#Annotation data at:	/opt/rpsbproc/data
#E-Value cutoff:	0.01
#Redundancy:	Concise
#Data requested:	Domain hits and site annotations
#Output format -- tab-delimited table
#Show superfamilies: NO
#DATA
#SESSION	<session-ordinal>	<program>	<database>	<score-matrix>	<evalue-threshold>
#QUERY	<query-id>	<seq-type>	<seq-length>	<definition-line>
#DOMAINS
#<session-ordinal>	<query-id[readingframe]>	<hit-type>	<PSSM-ID>	<from>	<to>	<E-Value>	<bitscore>	<accession>	<short-name>	<incomplete>	<superfamily PSSM-ID>
#more such lines......
#ENDDOMAINS
#SITES
#<session-ordinal>	<query-id[readingframe]>	<annot-type>	<title>	<residue(coordinates)>	<complete-size>	<mapped-size>	<source-domain>
#more such lines......
#ENDSITES
#MOTIFS
#<session-ordinal>	<query-id[readingframe]>	<title>	<from>	<to>	<source-domain>
#more such lines......
#ENDMOTIFS
#ENDQUERY	<query-id>
#more query sections..
#ENDSESSION	<session-ordinal>
#more session sections..
#ENDDATA
#=====================================================================
DATA
SESSION	1	blastp	2.10.0+	/opt/rpsbproc/db/Cdd	BLOSUM62	0.01
QUERY	Query_1	Peptide	389	cob_Lenedo1_feature_2_from_C_0, ORGANISM Genus species Unclassified.,
DOMAINS
1	Query_1	Specific	214440	10	366	2.18289e-177	497.382	MTH00156	CYTB	-	45
ENDDOMAINS
ENDQUERY
QUERY	Query_3	Peptide	252	cox2_Lenedo1_feature_13_from_C_0, ORGANISM Genus species Unclassified.,
DOMAINS
1	Query_3	Non-specific	214402	7	252	2.63181e-108	312.07	MTH00023	COX2	-	45
ENDDOMAINS
ENDQUERY
QUERY	Query_4	Peptide	715	orf715_Lenedo1_feature_15_from_C_0, ORGANISM Genus species Unclassified.,
DOMAINS
1	Query_4	Specific	333719	491	688	0.000119765	45.589	NF000535	MSCRAMM_SdrC	N	45
ENDDOMAINS
ENDQUERY
QUERY	Query_5	Peptide	208	nad6_Lenedo1_feature_17_from_C_0, ORGANISM Genus species Unclassified.,
DOMAINS
1	Query_5	Superfamily	354830	8	78	2.48599e-19	81.4209	cl21484	Oxidored_q3	C	-
ENDDOMAINS
ENDQUERY
QUERY	Query_6	Peptide	255	atp6_Lenedo1_feature_19_from_C_0, ORGANISM Genus species Unclassified.,
DOMAINS
1	Query_6	Specific	273458	25	252	1.32423e-52	170.079	TIGR01131	ATP_synt_6_or_A	-	351082
ENDDOMAINS
ENDQUERY
QUERY	Query_8	Peptide	276	cox3_Lenedo1_feature_23_from_C_0, ORGANISM Genus species Unclassified.,
DOMAINS
1	Query_8	Specific	238834	30	273	3.90449e-103	300.201	cd01665	Cyt_c_Oxidase_III	-	294143
ENDDOMAINS
SITES
1	Query_8	Specific	Subunit I/III interface	E88,N91,G92,S103,F106,S110,V111,H117,S205,V206,T209,A213	12	12	238834
1	Query_8	Specific	Subunit III/Vb interface	F172	1	1	238834
1	Query_8	Specific	Subunit III/VIa interface	F141,S142,I143,Y160,V186,T196,D197,S198,A203,D204,S205	11	11	238834
1	Query_8	Specific	Subunit III/VIb interface	L133	1	1	238834
1	Query_8	Specific	Subunit III/VIIa interface	F70,S73,D74,I77,S80,F81,L82	7	7	238834
1	Query_8	Specific	Phospholipid binding site	W71,L72,I75,H76,G79,H85,G96,F97,F100,F228,R235,L247,G248	13	13	238834
ENDSITES
ENDQUERY
QUERY	Query_9	Peptide	242	orf243_Lenedo1_feature_26_from_C_0, ORGANISM Genus species Unclassified.,
DOMAINS
1	Query_9	Specific	335245	45	223	2.96096e-52	166.953	pfam03161	LAGLIDADG_2	-	45
ENDDOMAINS
ENDQUERY
QUERY	Query_10	Peptide	232	orf232_Lenedo1_feature_29_from_C_0, ORGANISM Genus species Unclassified.,
DOMAINS
1	Query_10	Specific	335245	35	213	3.20787e-52	166.182	pfam03161	LAGLIDADG_2	-	45
ENDDOMAINS
ENDQUERY
QUERY	Query_12	Peptide	88	nad4L_Lenedo1_feature_34_from_C_0, ORGANISM Genus species Unclassified.,
DOMAINS
1	Query_12	Superfamily	351118	5	87	4.66618e-15	63.8977	cl00492	Oxidored_q2	-	-
ENDDOMAINS
ENDQUERY
QUERY	Query_13	Peptide	682	nad5_Lenedo1_feature_36_from_C_0, ORGANISM Genus species Unclassified.,
DOMAINS
1	Query_13	Non-specific	177253	16	640	0	596.605	MTH00210	ND5	-	45
ENDDOMAINS
ENDQUERY
QUERY	Query_14	Peptide	305	orf305_Lenedo1_feature_40_from_C_0, ORGANISM Genus species Unclassified.,
DOMAINS
1	Query_14	Specific	334330	61	162	9.06e-32	113.871	pfam00961	LAGLIDADG_1	-	45
1	Query_14	Specific	334330	220	303	4.58215e-18	77.6618	pfam00961	LAGLIDADG_1	-	45
ENDDOMAINS
ENDQUERY
QUERY	Query_16	Peptide	533	cox1_Lenedo1_feature_57_from_C_0, ORGANISM Genus species Unclassified.,
DOMAINS
1	Query_16	Specific	238833	7	485	0	834.44	cd01663	Cyt_c_Oxidase_I	-	350997
ENDDOMAINS
SITES
1	Query_16	Specific	Binuclear center (heme a3/CuB)	H239,H288,H289,H374	4	4	238833
1	Query_16	Specific	Low-spin heme (heme a) binding site	H60,H376,S380,T422,S459	5	5	238833
1	Query_16	Specific	D-pathway	Y16,N79,D90,N97,S100,S155,S156,N162,T166	9	9	238833
1	Query_16	Specific	K-pathway	H239,Y243,S254,H288,H289,T314,K317	7	7	238833
1	Query_16	Specific	Electron transfer pathway	F375,R436,R437	3	3	238833
1	Query_16	Specific	Putative proton exit pathway	H289,H366,D367,R436,R437	5	5	238833
1	Query_16	Specific	Putative water exit pathway	D226,Q231,H232,D362,H366,D367,R436	7	7	238833
1	Query_16	Specific	Subunit I/II interface	N54,D226,K263,F266,G267,A292,V293,G294,V297,R300,M308,I316,F319,Y326,G327,G328,L340,N358,A359,L361,V363,A364,F365,H366,D367,M431,A432,R436,R437,I438,G447,W448	32	32	238833
1	Query_16	Specific	Subunit I/III interface	T7,P89,F93,R95,W102,D143,F147,S165,N169,I189,L196,P199,M207,T216,S217,F218,G223,G224,D226,F236,Y273,F276,G279,I280,L284	25	25	238833
1	Query_16	Specific	Subunit I/IV interface	L36,S39,A40,L406,K409,I410,D443,V461	8	8	238833
1	Query_16	Specific	Subunit I/VIa interface	V134,R212,N213,F214,N215	5	5	238833
1	Query_16	Specific	Subunit I/VIb interface	G294	1	1	238833
1	Query_16	Specific	Subunit I/VIc interface	G327	1	1	238833
1	Query_16	Specific	Subunit I/VIIa interface	L113,L116	2	2	238833
1	Query_16	Specific	Subunit I/VIIb interface	D443,G447	2	2	238833
1	Query_16	Specific	Subunit I/VIIc interface	F22,I26,A29,M33,A115,L116,I398,Y471,F474	9	9	238833
1	Query_16	Specific	Subunit I/VIIIb interface	L407,M464	2	2	238833
1	Query_16	Specific	Dimer interface	I189,L196,F236,Y273,F276,G279,I280,L284	8	8	238833
ENDSITES
ENDQUERY
QUERY	Query_17	Peptide	320	orf320_Lenedo1_feature_61_from_C_0, ORGANISM Genus species Unclassified.,
DOMAINS
1	Query_17	Specific	334330	158	278	5.61025e-17	74.9654	pfam00961	LAGLIDADG_1	-	45
1	Query_17	Specific	334330	39	137	1.0386e-05	43.3791	pfam00961	LAGLIDADG_1	-	45
ENDDOMAINS
ENDQUERY
QUERY	Query_18	Peptide	442	orf442_Lenedo1_feature_65_from_C_0, ORGANISM Genus species Unclassified.,
DOMAINS
1	Query_18	Specific	334330	159	254	2.32064e-18	79.973	pfam00961	LAGLIDADG_1	-	45
ENDDOMAINS
ENDQUERY
QUERY	Query_19	Peptide	311	orf311_Lenedo1_feature_69_from_C_0, ORGANISM Genus species Unclassified.,
DOMAINS
1	Query_19	Specific	334330	84	173	5.11691e-06	44.1495	pfam00961	LAGLIDADG_1	-	45
ENDDOMAINS
ENDQUERY
QUERY	Query_20	Peptide	263	orf263_Lenedo1_feature_73_from_C_0, ORGANISM Genus species Unclassified.,
DOMAINS
1	Query_20	Specific	335245	71	243	3.31535e-44	146.922	pfam03161	LAGLIDADG_2	-	45
ENDDOMAINS
ENDQUERY
QUERY	Query_21	Peptide	367	orf367_Lenedo1_feature_77_from_C_0, ORGANISM Genus species Unclassified.,
DOMAINS
1	Query_21	Specific	273636	58	263	4.23737e-52	172.185	TIGR01453	grpIintron_endo	-	45
1	Query_21	Specific	197761	296	347	0.000907476	36.777	smart00497	IENR1	-	299755
ENDDOMAINS
ENDQUERY
QUERY	Query_22	Peptide	261	orf261_Lenedo1_feature_81_from_C_0, ORGANISM Genus species Unclassified.,
DOMAINS
1	Query_22	Specific	334330	28	125	6.15391e-09	52.2387	pfam00961	LAGLIDADG_1	-	45
1	Query_22	Specific	334330	166	251	1.97696e-05	42.2235	pfam00961	LAGLIDADG_1	-	45
ENDDOMAINS
ENDQUERY
QUERY	Query_23	Peptide	291	orf291_Lenedo1_feature_85_from_C_0, ORGANISM Genus species Unclassified.,
DOMAINS
1	Query_23	Non-specific	273636	81	286	3.33899e-34	123.265	TIGR01453	grpIintron_endo	-	45
ENDDOMAINS
ENDQUERY
QUERY	Query_26	Peptide	361	orf362_Lenedo1_feature_92_from_C_0, ORGANISM Genus species Unclassified.,
DOMAINS
1	Query_26	Non-specific	273636	100	335	2.18983e-24	98.9973	TIGR01453	grpIintron_endo	-	45
ENDDOMAINS
ENDQUERY
QUERY	Query_27	Peptide	199	orf200_Lenedo1_feature_94_from_C_0, ORGANISM Genus species Unclassified.,
DOMAINS
1	Query_27	Specific	334330	27	130	4.08552e-08	49.1571	pfam00961	LAGLIDADG_1	-	45
ENDDOMAINS
ENDQUERY
QUERY	Query_28	Peptide	365	orf366_Lenedo1_feature_96_from_C_0, ORGANISM Genus species Unclassified.,
DOMAINS
1	Query_28	Specific	334330	49	149	2.4381e-20	84.5954	pfam00961	LAGLIDADG_1	-	45
1	Query_28	Specific	334330	260	337	1.32549e-10	57.6315	pfam00961	LAGLIDADG_1	N	45
ENDDOMAINS
ENDQUERY
QUERY	Query_31	Peptide	336	orf336_Lenedo1_feature_108_from_C_0, ORGANISM Genus species Unclassified.,
DOMAINS
1	Query_31	Superfamily	355698	6	285	1.98977e-31	122.457	cl28058	DNA_pol_B_2	N	-
ENDDOMAINS
ENDQUERY
QUERY	Query_32	Peptide	308	orf308_Lenedo1_feature_110_from_C_0, ORGANISM Genus species Unclassified.,
DOMAINS
1	Query_32	Superfamily	355698	169	241	4.04755e-08	53.8912	cl28058	DNA_pol_B_2	C	-
ENDDOMAINS
ENDQUERY
ENDSESSION	1
SESSION	2	blastp	2.10.0+	/opt/rpsbproc/db/Cdd	BLOSUM62	0.01
QUERY	Query_35	Peptide	52	atp8_Lenedo1_feature_116_from_C_0, ORGANISM Genus species Unclassified.,
DOMAINS
2	Query_35	Non-specific	283561	1	48	3.15752e-06	38.5414	pfam05933	Fun_ATP-synt_8	-	45
ENDDOMAINS
ENDQUERY
QUERY	Query_38	Peptide	644	nad2_Lenedo1_feature_22_from_C_1, ORGANISM Genus species Unclassified.,
DOMAINS
2	Query_38	Specific	235603	192	561	3.02706e-73	243.189	PRK05777	PRK05777	N	356474
ENDDOMAINS
ENDQUERY
QUERY	Query_39	Peptide	127	nad3_Lenedo1_feature_24_from_C_1, ORGANISM Genus species Unclassified.,
DOMAINS
2	Query_39	Specific	334119	28	83	1.76739e-17	71.2922	pfam00507	Oxidored_q4	C	351141
ENDDOMAINS
ENDQUERY
QUERY	Query_44	Peptide	73	atp9_Lenedo1_feature_34_from_C_1, ORGANISM Genus species Unclassified.,
DOMAINS
2	Query_44	Specific	349422	6	70	2.26838e-21	78.3203	cd18182	ATP-synt_Fo_c_ATP5G3	-	365782
ENDDOMAINS
SITES
ENDSITES
ENDQUERY
QUERY	Query_45	Peptide	487	nad4_Lenedo1_feature_36_from_C_1, ORGANISM Genus species Unclassified.,
DOMAINS
2	Query_45	Specific	235622	27	476	4.77713e-138	406.511	PRK05846	PRK05846	-	45
ENDDOMAINS
ENDQUERY
QUERY	Query_46	Peptide	189	orf188_Lenedo1_feature_38_from_C_1, ORGANISM Genus species Unclassified.,
DOMAINS
2	Query_46	Superfamily	355698	26	176	1.61527e-11	61.7152	cl28058	DNA_pol_B_2	N	-
ENDDOMAINS
ENDQUERY
QUERY	Query_47	Peptide	274	orf274_Lenedo1_feature_40_from_C_1, ORGANISM Genus species Unclassified.,
DOMAINS
2	Query_47	Superfamily	355698	4	255	1.58585e-52	177.155	cl28058	DNA_pol_B_2	N	-
ENDDOMAINS
ENDQUERY
QUERY	Query_48	Peptide	386	orf386_Lenedo1_feature_42_from_C_1, ORGANISM Genus species Unclassified.,
DOMAINS
2	Query_48	Superfamily	355698	264	352	1.51631e-09	59.284	cl28058	DNA_pol_B_2	C	-
ENDDOMAINS
ENDQUERY
QUERY	Query_52	Peptide	103	orf103_Lenedo1_feature_50_from_C_1, ORGANISM Genus species Unclassified.,
DOMAINS
2	Query_52	Non-specific	183224	4	95	0.00985428	33.8809	PRK11598	PRK11598	C	45
ENDDOMAINS
ENDQUERY
QUERY	Query_55	Peptide	117	orf117_Lenedo1_feature_56_from_C_1, ORGANISM Genus species Unclassified.,
DOMAINS
2	Query_55	Superfamily	355698	39	117	0.000752475	37.3276	cl28058	DNA_pol_B_2	C	-
ENDDOMAINS
ENDQUERY
QUERY	Query_56	Peptide	122	orf122_Lenedo1_feature_58_from_C_1, ORGANISM Genus species Unclassified.,
DOMAINS
2	Query_56	Superfamily	355698	22	79	0.000122416	39.6388	cl28058	DNA_pol_B_2	NC	-
ENDDOMAINS
ENDQUERY
QUERY	Query_57	Peptide	59	orf59_Lenedo1_feature_60_from_C_1, ORGANISM Genus species Unclassified.,
DOMAINS
2	Query_57	Superfamily	355698	13	42	2.10605e-08	47.728	cl28058	DNA_pol_B_2	NC	-
ENDDOMAINS
ENDQUERY
QUERY	Query_58	Peptide	106	orf106_Lenedo1_feature_62_from_C_1, ORGANISM Genus species Unclassified.,
DOMAINS
2	Query_58	Superfamily	355698	23	93	2.65442e-11	58.1284	cl28058	DNA_pol_B_2	N	-
ENDDOMAINS
ENDQUERY
QUERY	Query_60	Peptide	331	nad1_Lenedo1_feature_76_from_C_1, ORGANISM Genus species Unclassified.,
DOMAINS
2	Query_60	Specific	333876	13	319	2.09127e-120	348.693	pfam00146	NADHdh	-	351105
ENDDOMAINS
ENDQUERY
QUERY	Query_61	Peptide	184	orf184_Lenedo1_feature_80_from_C_1, ORGANISM Genus species Unclassified.,
DOMAINS
2	Query_61	Specific	334330	117	167	0.00125455	36.4455	pfam00961	LAGLIDADG_1	C	45
ENDDOMAINS
ENDQUERY
QUERY	Query_64	Peptide	107	orf108_Lenedo1_feature_91_from_C_1, ORGANISM Genus species Unclassified.,
DOMAINS
2	Query_64	Specific	334330	1	55	3.93171e-08	46.8459	pfam00961	LAGLIDADG_1	N	45
ENDDOMAINS
ENDQUERY
QUERY	Query_71	Peptide	52	atp8_Lenedo1_feature_16_from_C_4, ORGANISM Genus species Unclassified.,
DOMAINS
2	Query_71	Non-specific	283561	1	48	3.15752e-06	38.5414	pfam05933	Fun_ATP-synt_8	-	45
ENDDOMAINS
ENDQUERY
ENDSESSION	2
ENDDATA
