#Post-RPSBLAST Processing Utility

#Input data file:	Lenlat1_MitoAssemblyScaffolds.fasta.new.sqn.gbf_converted.faa.asn
#Output data file:	Lenlat1_MitoAssemblyScaffolds.fasta.new.sqn.gbf_converted.faa.asn.out
#Annotation data at:	/opt/rpsbproc/data
#E-Value cutoff:	0.01
#Redundancy:	Concise
#Data requested:	Domain hits and site annotations
#Output format -- tab-delimited table
#Show superfamilies: NO
#DATA
#SESSION	<session-ordinal>	<program>	<database>	<score-matrix>	<evalue-threshold>
#QUERY	<query-id>	<seq-type>	<seq-length>	<definition-line>
#DOMAINS
#<session-ordinal>	<query-id[readingframe]>	<hit-type>	<PSSM-ID>	<from>	<to>	<E-Value>	<bitscore>	<accession>	<short-name>	<incomplete>	<superfamily PSSM-ID>
#more such lines......
#ENDDOMAINS
#SITES
#<session-ordinal>	<query-id[readingframe]>	<annot-type>	<title>	<residue(coordinates)>	<complete-size>	<mapped-size>	<source-domain>
#more such lines......
#ENDSITES
#MOTIFS
#<session-ordinal>	<query-id[readingframe]>	<title>	<from>	<to>	<source-domain>
#more such lines......
#ENDMOTIFS
#ENDQUERY	<query-id>
#more query sections..
#ENDSESSION	<session-ordinal>
#more session sections..
#ENDDATA
#=====================================================================
DATA
SESSION	1	blastp	2.10.0+	/opt/rpsbproc/db/Cdd	BLOSUM62	0.01
QUERY	Query_2	Peptide	654	nad2_Lenlat1_feature_20_from_C_0, ORGANISM Genus species Unclassified.,
DOMAINS
1	Query_2	Specific	235603	202	571	3.34801e-73	243.575	PRK05777	PRK05777	N	356474
ENDDOMAINS
ENDQUERY
QUERY	Query_3	Peptide	127	nad3_Lenlat1_feature_22_from_C_0, ORGANISM Genus species Unclassified.,
DOMAINS
1	Query_3	Specific	334119	28	83	1.76739e-17	71.2922	pfam00507	Oxidored_q4	C	351141
ENDDOMAINS
ENDQUERY
QUERY	Query_4	Peptide	246	orf245_Lenlat1_feature_24_from_C_0, ORGANISM Genus species Unclassified.,
DOMAINS
1	Query_4	Superfamily	355698	3	227	3.95677e-13	68.2636	cl28058	DNA_pol_B_2	N	-
ENDDOMAINS
ENDQUERY
QUERY	Query_5	Peptide	570	orf570_Lenlat1_feature_26_from_C_0, ORGANISM Genus species Unclassified.,
DOMAINS
1	Query_5	Superfamily	355698	226	549	2.2269e-46	169.066	cl28058	DNA_pol_B_2	-	-
ENDDOMAINS
ENDQUERY
QUERY	Query_6	Peptide	47	orf47_Lenlat1_feature_28_from_C_0, ORGANISM Genus species Unclassified.,
DOMAINS
1	Query_6	Superfamily	355698	10	47	0.00186535	33.2105	cl28058	DNA_pol_B_2	N	-
ENDDOMAINS
ENDQUERY
QUERY	Query_7	Peptide	73	atp9_Lenlat1_feature_30_from_C_0, ORGANISM Genus species Unclassified.,
DOMAINS
1	Query_7	Specific	349422	6	70	2.26838e-21	78.3203	cd18182	ATP-synt_Fo_c_ATP5G3	-	365782
ENDDOMAINS
SITES
ENDSITES
ENDQUERY
QUERY	Query_8	Peptide	506	nad4_Lenlat1_feature_32_from_C_0, ORGANISM Genus species Unclassified.,
DOMAINS
1	Query_8	Specific	235622	31	495	8.44173e-140	411.903	PRK05846	PRK05846	-	45
ENDDOMAINS
ENDQUERY
QUERY	Query_9	Peptide	331	nad1_Lenlat1_feature_44_from_C_0, ORGANISM Genus species Unclassified.,
DOMAINS
1	Query_9	Specific	333876	13	319	2.09127e-120	348.693	pfam00146	NADHdh	-	351105
ENDDOMAINS
ENDQUERY
QUERY	Query_10	Peptide	184	orf184_Lenlat1_feature_48_from_C_0, ORGANISM Genus species Unclassified.,
DOMAINS
1	Query_10	Specific	334330	117	167	0.00113558	36.8307	pfam00961	LAGLIDADG_1	C	45
ENDDOMAINS
ENDQUERY
QUERY	Query_13	Peptide	156	orf157_Lenlat1_feature_59_from_C_0, ORGANISM Genus species Unclassified.,
DOMAINS
1	Query_13	Specific	334330	3	49	9.49207e-06	41.8383	pfam00961	LAGLIDADG_1	N	45
ENDDOMAINS
ENDQUERY
QUERY	Query_14	Peptide	230	orf231_Lenlat1_feature_2_from_C_1, ORGANISM Genus species Unclassified.,
DOMAINS
1	Query_14	Specific	335245	41	212	2.10376e-56	176.968	pfam03161	LAGLIDADG_2	-	45
ENDDOMAINS
ENDQUERY
QUERY	Query_16	Peptide	139	orf140_Lenlat1_feature_6_from_C_1, ORGANISM Genus species Unclassified.,
DOMAINS
1	Query_16	Specific	334330	27	130	5.48267e-09	49.9275	pfam00961	LAGLIDADG_1	-	45
ENDDOMAINS
ENDQUERY
QUERY	Query_17	Peptide	302	orf302_Lenlat1_feature_8_from_C_1, ORGANISM Genus species Unclassified.,
DOMAINS
1	Query_17	Specific	334330	47	147	6.61242e-21	84.9806	pfam00961	LAGLIDADG_1	-	45
ENDDOMAINS
ENDQUERY
QUERY	Query_18	Peptide	74	orf75_Lenlat1_feature_10_from_C_1, ORGANISM Genus species Unclassified.,
DOMAINS
1	Query_18	Specific	334330	1	39	5.18079e-07	42.9939	pfam00961	LAGLIDADG_1	N	45
ENDDOMAINS
ENDQUERY
QUERY	Query_21	Peptide	120	orf120_Lenlat1_feature_22_from_C_1, ORGANISM Genus species Unclassified.,
DOMAINS
1	Query_21	Superfamily	355698	1	84	1.9461e-09	53.506	cl28058	DNA_pol_B_2	N	-
ENDDOMAINS
ENDQUERY
QUERY	Query_22	Peptide	534	orf533_Lenlat1_feature_24_from_C_1, ORGANISM Genus species Unclassified.,
DOMAINS
1	Query_22	Superfamily	355698	266	529	4.74343e-25	107.819	cl28058	DNA_pol_B_2	C	-
ENDDOMAINS
ENDQUERY
QUERY	Query_25	Peptide	52	atp8_Lenlat1_feature_30_from_C_1, ORGANISM Genus species Unclassified.,
DOMAINS
1	Query_25	Non-specific	283561	1	48	3.15752e-06	38.5414	pfam05933	Fun_ATP-synt_8	-	45
ENDDOMAINS
ENDQUERY
QUERY	Query_27	Peptide	97	nad5_Lenlat1_feature_2_from_C_2, ORGANISM Genus species Unclassified.,
DOMAINS
1	Query_27	Non-specific	177253	1	97	6.48593e-17	73.8887	MTH00210	ND5	C	45
ENDDOMAINS
ENDQUERY
QUERY	Query_28	Peptide	88	nad4L_Lenlat1_feature_4_from_C_2, ORGANISM Genus species Unclassified.,
DOMAINS
1	Query_28	Superfamily	351118	5	87	4.66618e-15	63.8977	cl00492	Oxidored_q2	-	-
ENDDOMAINS
ENDQUERY
QUERY	Query_29	Peptide	575	orf575_Lenlat1_feature_6_from_C_2, ORGANISM Genus species Unclassified.,
DOMAINS
1	Query_29	Non-specific	235175	375	570	0.000505839	42.7436	PRK03918	PRK03918	N	45
ENDDOMAINS
ENDQUERY
QUERY	Query_30	Peptide	278	cox3_Lenlat1_feature_8_from_C_2, ORGANISM Genus species Unclassified.,
DOMAINS
1	Query_30	Specific	238834	32	275	2.96477e-103	300.587	cd01665	Cyt_c_Oxidase_III	-	294143
ENDDOMAINS
SITES
1	Query_30	Specific	Subunit I/III interface	E90,N93,G94,S105,F108,S112,V113,H119,S207,V208,T211,A215	12	12	238834
1	Query_30	Specific	Subunit III/Vb interface	F174	1	1	238834
1	Query_30	Specific	Subunit III/VIa interface	F143,S144,I145,Y162,V188,T198,D199,S200,A205,D206,S207	11	11	238834
1	Query_30	Specific	Subunit III/VIb interface	L135	1	1	238834
1	Query_30	Specific	Subunit III/VIIa interface	F72,S75,D76,I79,S82,F83,L84	7	7	238834
1	Query_30	Specific	Phospholipid binding site	W73,L74,I77,H78,G81,H87,G98,F99,F102,F230,R237,L249,G250	13	13	238834
ENDSITES
ENDQUERY
QUERY	Query_31	Peptide	236	orf236_1_Lenlat1_feature_12_from_C_2, ORGANISM Genus species Unclassified.,
DOMAINS
1	Query_31	Specific	335245	39	217	4.12403e-53	168.879	pfam03161	LAGLIDADG_2	-	45
ENDDOMAINS
ENDQUERY
QUERY	Query_32	Peptide	255	atp6_Lenlat1_feature_15_from_C_2, ORGANISM Genus species Unclassified.,
DOMAINS
1	Query_32	Specific	273458	25	252	2.22613e-52	169.309	TIGR01131	ATP_synt_6_or_A	-	351082
ENDDOMAINS
ENDQUERY
QUERY	Query_34	Peptide	208	nad6_Lenlat1_feature_19_from_C_2, ORGANISM Genus species Unclassified.,
DOMAINS
1	Query_34	Superfamily	354830	8	78	2.48599e-19	81.4209	cl21484	Oxidored_q3	C	-
ENDDOMAINS
ENDQUERY
QUERY	Query_36	Peptide	711	orf711_Lenlat1_feature_23_from_C_2, ORGANISM Genus species Unclassified.,
DOMAINS
1	Query_36	Specific	333719	546	660	0.00035098	44.0482	NF000535	MSCRAMM_SdrC	N	45
ENDDOMAINS
ENDQUERY
QUERY	Query_37	Peptide	252	cox2_Lenlat1_feature_25_from_C_2, ORGANISM Genus species Unclassified.,
DOMAINS
1	Query_37	Non-specific	214402	7	252	2.63181e-108	312.07	MTH00023	COX2	-	45
ENDDOMAINS
ENDQUERY
ENDSESSION	1
SESSION	2	blastp	2.10.0+	/opt/rpsbproc/db/Cdd	BLOSUM62	0.01
QUERY	Query_39	Peptide	251	cob_Lenlat1_feature_29_from_C_2, ORGANISM Genus species Unclassified.,
DOMAINS
2	Query_39	Non-specific	214440	1	228	3.48897e-97	288.219	MTH00156	CYTB	N	45
ENDDOMAINS
ENDQUERY
QUERY	Query_41	Peptide	278	cox3_Lenlat1_feature_2_from_C_3, ORGANISM Genus species Unclassified.,
DOMAINS
2	Query_41	Specific	238834	32	275	2.96477e-103	300.587	cd01665	Cyt_c_Oxidase_III	-	294143
ENDDOMAINS
SITES
2	Query_41	Specific	Subunit I/III interface	E90,N93,G94,S105,F108,S112,V113,H119,S207,V208,T211,A215	12	12	238834
2	Query_41	Specific	Subunit III/Vb interface	F174	1	1	238834
2	Query_41	Specific	Subunit III/VIa interface	F143,S144,I145,Y162,V188,T198,D199,S200,A205,D206,S207	11	11	238834
2	Query_41	Specific	Subunit III/VIb interface	L135	1	1	238834
2	Query_41	Specific	Subunit III/VIIa interface	F72,S75,D76,I79,S82,F83,L84	7	7	238834
2	Query_41	Specific	Phospholipid binding site	W73,L74,I77,H78,G81,H87,G98,F99,F102,F230,R237,L249,G250	13	13	238834
ENDSITES
ENDQUERY
QUERY	Query_42	Peptide	236	orf236_2_Lenlat1_feature_6_from_C_3, ORGANISM Genus species Unclassified.,
DOMAINS
2	Query_42	Specific	335245	39	217	4.12403e-53	168.879	pfam03161	LAGLIDADG_2	-	45
ENDDOMAINS
ENDQUERY
QUERY	Query_43	Peptide	575	orf575_Lenlat1_feature_9_from_C_3, ORGANISM Genus species Unclassified.,
DOMAINS
2	Query_43	Non-specific	235175	375	570	0.000505839	42.7436	PRK03918	PRK03918	N	45
ENDDOMAINS
ENDQUERY
QUERY	Query_44	Peptide	88	nad4L_Lenlat1_feature_11_from_C_3, ORGANISM Genus species Unclassified.,
DOMAINS
2	Query_44	Superfamily	351118	5	87	4.66618e-15	63.8977	cl00492	Oxidored_q2	-	-
ENDDOMAINS
ENDQUERY
QUERY	Query_45	Peptide	682	nad5_Lenlat1_feature_13_from_C_3, ORGANISM Genus species Unclassified.,
DOMAINS
2	Query_45	Non-specific	177253	16	640	0	595.064	MTH00210	ND5	-	45
ENDDOMAINS
ENDQUERY
QUERY	Query_46	Peptide	724	cox1_Lenlat1_feature_30_from_C_3, ORGANISM Genus species Unclassified.,
DOMAINS
2	Query_46	Specific	238833	7	433	0	796.306	cd01663	Cyt_c_Oxidase_I	-	350997
2	Query_46	Specific	273636	514	719	1.84311e-40	147.532	TIGR01453	grpIintron_endo	-	45
ENDDOMAINS
SITES
2	Query_46	Specific	Binuclear center (heme a3/CuB)	H239,H288,H289,H374	4	4	238833
2	Query_46	Specific	D-pathway	Y16,N79,D90,N97,S100,S155,S156,N162,T166	9	9	238833
2	Query_46	Specific	K-pathway	H239,Y243,S254,H288,H289,T314,K317	7	7	238833
2	Query_46	Specific	Putative water exit pathway	D226,Q231,H232,D362,H366,D367	7	6	238833
2	Query_46	Specific	Subunit I/II interface	N54,D226,K263,F266,G267,A292,V293,G294,V297,R300,M308,I316,F319,Y326,G327,G328,L340,N358,A359,L361,V363,A364,F365,H366,D367,M431,A432	32	27	238833
2	Query_46	Specific	Subunit I/III interface	T7,P89,F93,R95,W102,D143,F147,S165,N169,I189,L196,P199,M207,T216,S217,F218,G223,G224,D226,F236,Y273,F276,G279,I280,L284	25	25	238833
2	Query_46	Specific	Subunit I/VIa interface	V134,R212,N213,F214,N215	5	5	238833
2	Query_46	Specific	Subunit I/VIb interface	G294	1	1	238833
2	Query_46	Specific	Subunit I/VIc interface	G327	1	1	238833
2	Query_46	Specific	Subunit I/VIIa interface	L113,L116	2	2	238833
2	Query_46	Specific	Dimer interface	I189,L196,F236,Y273,F276,G279,I280,L284	8	8	238833
ENDSITES
ENDQUERY
QUERY	Query_47	Peptide	322	orf322_Lenlat1_feature_34_from_C_3, ORGANISM Genus species Unclassified.,
DOMAINS
2	Query_47	Specific	334330	158	278	3.55355e-17	75.3506	pfam00961	LAGLIDADG_1	-	45
2	Query_47	Specific	334330	39	137	1.84409e-06	45.6903	pfam00961	LAGLIDADG_1	-	45
ENDDOMAINS
ENDQUERY
QUERY	Query_48	Peptide	313	orf313_1_Lenlat1_feature_38_from_C_3, ORGANISM Genus species Unclassified.,
DOMAINS
2	Query_48	Specific	334330	86	175	5.57644e-06	44.1495	pfam00961	LAGLIDADG_1	-	45
ENDDOMAINS
ENDQUERY
QUERY	Query_49	Peptide	263	orf263_1_Lenlat1_feature_42_from_C_3, ORGANISM Genus species Unclassified.,
DOMAINS
2	Query_49	Specific	335245	71	243	3.27244e-43	144.226	pfam03161	LAGLIDADG_2	-	45
ENDDOMAINS
ENDQUERY
QUERY	Query_50	Peptide	366	orf366_1_Lenlat1_feature_46_from_C_3, ORGANISM Genus species Unclassified.,
DOMAINS
2	Query_50	Specific	273636	58	263	1.6947e-52	172.956	TIGR01453	grpIintron_endo	-	45
2	Query_50	Specific	197761	296	347	0.000932072	36.777	smart00497	IENR1	-	299755
ENDDOMAINS
ENDQUERY
QUERY	Query_51	Peptide	139	orf140_Lenlat1_feature_2_from_C_4, ORGANISM Genus species Unclassified.,
DOMAINS
2	Query_51	Specific	334330	27	130	5.48267e-09	49.9275	pfam00961	LAGLIDADG_1	-	45
ENDDOMAINS
ENDQUERY
QUERY	Query_53	Peptide	230	orf231_Lenlat1_feature_6_from_C_4, ORGANISM Genus species Unclassified.,
DOMAINS
2	Query_53	Specific	335245	41	212	2.10376e-56	176.968	pfam03161	LAGLIDADG_2	-	45
ENDDOMAINS
ENDQUERY
QUERY	Query_55	Peptide	443	cox1_Lenlat1_feature_12_from_C_4, ORGANISM Genus species Unclassified.,
DOMAINS
2	Query_55	Specific	238833	1	395	0	701.547	cd01663	Cyt_c_Oxidase_I	-	350997
ENDDOMAINS
SITES
2	Query_55	Specific	Binuclear center (heme a3/CuB)	H149,H198,H199,H284	4	4	238833
2	Query_55	Specific	K-pathway	H149,Y153,S164,H198,H199,T224,K227	7	7	238833
2	Query_55	Specific	Electron transfer pathway	F285,R346,R347	3	3	238833
2	Query_55	Specific	Putative proton exit pathway	H199,H276,D277,R346,R347	5	5	238833
2	Query_55	Specific	Putative water exit pathway	D136,Q141,H142,D272,H276,D277,R346	7	7	238833
2	Query_55	Specific	Subunit I/II interface	D136,K173,F176,G177,A202,V203,G204,V207,R210,M218,I226,F229,Y236,G237,G238,L250,N268,A269,L271,V273,A274,F275,H276,D277,M341,A342,R346,R347,I348,G357,W358	32	31	238833
2	Query_55	Specific	Subunit I/III interface	F3,R5,W12,D53,F57,S75,N79,I99,L106,P109,M117,T126,S127,F128,G133,G134,D136,F146,Y183,F186,G189,I190,L194	25	23	238833
2	Query_55	Specific	Subunit I/VIa interface	V44,R122,N123,F124,N125	5	5	238833
2	Query_55	Specific	Subunit I/VIb interface	G204	1	1	238833
2	Query_55	Specific	Subunit I/VIc interface	G237	1	1	238833
2	Query_55	Specific	Subunit I/VIIa interface	L23,L26	2	2	238833
2	Query_55	Specific	Subunit I/VIIb interface	D353,G357	2	2	238833
2	Query_55	Specific	Subunit I/VIIIb interface	L317,M374	2	2	238833
2	Query_55	Specific	Dimer interface	I99,L106,F146,Y183,F186,G189,I190,L194	8	8	238833
ENDSITES
ENDQUERY
QUERY	Query_56	Peptide	291	orf291_Lenlat1_feature_16_from_C_4, ORGANISM Genus species Unclassified.,
DOMAINS
2	Query_56	Non-specific	273636	81	286	1.63904e-34	124.035	TIGR01453	grpIintron_endo	-	45
ENDDOMAINS
ENDQUERY
QUERY	Query_57	Peptide	366	orf366_2_Lenlat1_feature_20_from_C_4, ORGANISM Genus species Unclassified.,
DOMAINS
2	Query_57	Specific	273636	58	263	1.6947e-52	172.956	TIGR01453	grpIintron_endo	-	45
2	Query_57	Specific	197761	296	347	0.000932072	36.777	smart00497	IENR1	-	299755
ENDDOMAINS
ENDQUERY
QUERY	Query_58	Peptide	263	orf263_2_Lenlat1_feature_24_from_C_4, ORGANISM Genus species Unclassified.,
DOMAINS
2	Query_58	Specific	335245	71	243	3.27244e-43	144.226	pfam03161	LAGLIDADG_2	-	45
ENDDOMAINS
ENDQUERY
QUERY	Query_59	Peptide	313	orf313_2_Lenlat1_feature_28_from_C_4, ORGANISM Genus species Unclassified.,
DOMAINS
2	Query_59	Specific	334330	86	175	5.57644e-06	44.1495	pfam00961	LAGLIDADG_1	-	45
ENDDOMAINS
ENDQUERY
QUERY	Query_61	Peptide	156	orf157_Lenlat1_feature_4_from_C_5, ORGANISM Genus species Unclassified.,
DOMAINS
2	Query_61	Specific	334330	3	49	9.49207e-06	41.8383	pfam00961	LAGLIDADG_1	N	45
ENDDOMAINS
ENDQUERY
QUERY	Query_63	Peptide	251	cob_Lenlat1_feature_8_from_C_5, ORGANISM Genus species Unclassified.,
DOMAINS
2	Query_63	Non-specific	214440	1	228	3.48897e-97	288.219	MTH00156	CYTB	N	45
ENDDOMAINS
ENDQUERY
QUERY	Query_65	Peptide	1473	orf1473_Lenlat1_feature_2_from_C_6, ORGANISM Genus species Unclassified.,
DOMAINS
2	Query_65	Superfamily	355471	901	1472	3.14049e-75	268.045	cl25973	RNA_pol	N	-
2	Query_65	Non-specific	214397	36	308	0.00143238	43.1556	CHL00207	rpoB	C	45
ENDDOMAINS
ENDQUERY
QUERY	Query_66	Peptide	906	orf905_Lenlat1_feature_4_from_C_6, ORGANISM Genus species Unclassified.,
DOMAINS
2	Query_66	Specific	281206	331	767	5.7035e-85	279.618	pfam03175	DNA_pol_B_2	-	355698
ENDDOMAINS
ENDQUERY
ENDSESSION	2
SESSION	3	blastp	2.10.0+	/opt/rpsbproc/db/Cdd	BLOSUM62	0.01
QUERY	Query_74	Peptide	1034	orf1034_Lenlat1_feature_4_from_C_9, ORGANISM Genus species Unclassified.,
DOMAINS
3	Query_74	Specific	281206	440	859	1.37588e-70	242.254	pfam03175	DNA_pol_B_2	-	355698
3	Query_74	Superfamily	353046	903	956	0.00045184	43.4665	cl10023	POLBc	NC	-
ENDDOMAINS
SITES
3	Query_74	Generic	active site	D907	8	1	99912
3	Query_74	Generic	metal-binding site 	D905,D907,S908	3	3	99912
ENDSITES
ENDQUERY
QUERY	Query_75	Peptide	287	orf287_Lenlat1_feature_6_from_C_9, ORGANISM Genus species Unclassified.,
DOMAINS
3	Query_75	Specific	334321	1	286	3.7381e-27	108.317	pfam00940	RNA_pol	N	355471
ENDDOMAINS
ENDQUERY
QUERY	Query_76	Peptide	1191	orf1191_Lenlat1_feature_2_from_C_10, ORGANISM Genus species Unclassified.,
DOMAINS
3	Query_76	Specific	334321	730	1190	2.01533e-74	251.996	pfam00940	RNA_pol	-	355471
ENDDOMAINS
ENDQUERY
ENDSESSION	3
ENDDATA
