#Post-RPSBLAST Processing Utility

#Input data file:	Lenrap1_MitoAssemblyScaffolds.fasta.new.sqn.gbf_converted.faa.asn
#Output data file:	Lenrap1_MitoAssemblyScaffolds.fasta.new.sqn.gbf_converted.faa.asn.out
#Annotation data at:	/opt/rpsbproc/data
#E-Value cutoff:	0.01
#Redundancy:	Concise
#Data requested:	Domain hits and site annotations
#Output format -- tab-delimited table
#Show superfamilies: NO
#DATA
#SESSION	<session-ordinal>	<program>	<database>	<score-matrix>	<evalue-threshold>
#QUERY	<query-id>	<seq-type>	<seq-length>	<definition-line>
#DOMAINS
#<session-ordinal>	<query-id[readingframe]>	<hit-type>	<PSSM-ID>	<from>	<to>	<E-Value>	<bitscore>	<accession>	<short-name>	<incomplete>	<superfamily PSSM-ID>
#more such lines......
#ENDDOMAINS
#SITES
#<session-ordinal>	<query-id[readingframe]>	<annot-type>	<title>	<residue(coordinates)>	<complete-size>	<mapped-size>	<source-domain>
#more such lines......
#ENDSITES
#MOTIFS
#<session-ordinal>	<query-id[readingframe]>	<title>	<from>	<to>	<source-domain>
#more such lines......
#ENDMOTIFS
#ENDQUERY	<query-id>
#more query sections..
#ENDSESSION	<session-ordinal>
#more session sections..
#ENDDATA
#=====================================================================
DATA
SESSION	1	blastp	2.10.0+	/opt/rpsbproc/db/Cdd	BLOSUM62	0.01
QUERY	Query_1	Peptide	290	orf291_Lenrap1_feature_2_from_C_0, ORGANISM Genus species Unclassified.,
DOMAINS
1	Query_1	Specific	334330	165	274	2.31048e-14	67.2614	pfam00961	LAGLIDADG_1	-	45
1	Query_1	Specific	334330	45	141	1.65349e-07	48.3867	pfam00961	LAGLIDADG_1	-	45
ENDDOMAINS
ENDQUERY
QUERY	Query_2	Peptide	413	cox1_Lenrap1_feature_4_from_C_0, ORGANISM Genus species Unclassified.,
DOMAINS
1	Query_2	Superfamily	350997	7	69	2.14729e-30	121.821	cl00275	Heme_Cu_Oxidase_I	C	-
1	Query_2	Specific	198392	159	239	2.90275e-20	84.5848	cd10445	GIY-YIG_bI1_like	-	353929
1	Query_2	Non-specific	273636	157	409	8.31291e-12	63.9441	TIGR01453	grpIintron_endo	-	45
ENDDOMAINS
SITES
1	Query_2	Generic	Low-spin heme binding site	S31,R35,F53,H60,M64,I65,V69	15	7	238461
1	Query_2	Generic	D-pathway	Y16	9	1	238461
1	Query_2	Specific	putative active site	Y161,Y172,G174,R182,Y186,E231	7	6	198392
1	Query_2	Specific	putative metal binding site	E231	1	1	198392
1	Query_2	Specific	GIY-YIG motif/motif A	G159,V160,Y161,Y172,V173,G174	6	6	198392
ENDSITES
ENDQUERY
QUERY	Query_3	Peptide	669	nad5_Lenrap1_feature_18_from_C_0, ORGANISM Genus species Unclassified.,
DOMAINS
1	Query_3	Non-specific	177253	21	640	0	589.671	MTH00210	ND5	-	45
ENDDOMAINS
ENDQUERY
QUERY	Query_4	Peptide	88	nad4L_Lenrap1_feature_20_from_C_0, ORGANISM Genus species Unclassified.,
DOMAINS
1	Query_4	Superfamily	351118	4	87	3.2233e-15	64.2829	cl00492	Oxidored_q2	-	-
ENDDOMAINS
ENDQUERY
QUERY	Query_6	Peptide	276	cox3_Lenrap1_feature_24_from_C_0, ORGANISM Genus species Unclassified.,
DOMAINS
1	Query_6	Specific	238834	30	273	1.08103e-97	286.334	cd01665	Cyt_c_Oxidase_III	-	294143
ENDDOMAINS
SITES
1	Query_6	Specific	Subunit I/III interface	E88,N91,G92,S103,F106,S110,V111,H117,S205,V206,T209,A213	12	12	238834
1	Query_6	Specific	Subunit III/Vb interface	L172	1	1	238834
1	Query_6	Specific	Subunit III/VIa interface	F141,S142,I143,Y160,V186,T196,D197,S198,A203,D204,S205	11	11	238834
1	Query_6	Specific	Subunit III/VIb interface	L133	1	1	238834
1	Query_6	Specific	Subunit III/VIIa interface	F70,S73,D74,I77,S80,F81,L82	7	7	238834
1	Query_6	Specific	Phospholipid binding site	W71,L72,V75,H76,G79,H85,G96,F97,F100,F228,R235,L247,G248	13	13	238834
ENDSITES
ENDQUERY
QUERY	Query_7	Peptide	235	orf235_Lenrap1_feature_28_from_C_0, ORGANISM Genus species Unclassified.,
DOMAINS
1	Query_7	Specific	335245	39	216	9.25433e-55	172.731	pfam03161	LAGLIDADG_2	-	45
ENDDOMAINS
ENDQUERY
QUERY	Query_8	Peptide	255	atp6_Lenrap1_feature_31_from_C_0, ORGANISM Genus species Unclassified.,
DOMAINS
1	Query_8	Specific	273458	25	252	6.69639e-53	170.85	TIGR01131	ATP_synt_6_or_A	-	351082
ENDDOMAINS
ENDQUERY
QUERY	Query_9	Peptide	208	nad6_Lenrap1_feature_33_from_C_0, ORGANISM Genus species Unclassified.,
DOMAINS
1	Query_9	Superfamily	354830	8	100	8.6154e-20	82.5765	cl21484	Oxidored_q3	C	-
ENDDOMAINS
ENDQUERY
QUERY	Query_10	Peptide	683	orf683_Lenrap1_feature_35_from_C_0, ORGANISM Genus species Unclassified.,
DOMAINS
1	Query_10	Specific	317234	570	648	0.0051861	37.6511	pfam14797	SEEEED	-	45
ENDDOMAINS
ENDQUERY
QUERY	Query_11	Peptide	252	cox2_Lenrap1_feature_37_from_C_0, ORGANISM Genus species Unclassified.,
DOMAINS
1	Query_11	Non-specific	214402	7	252	2.67421e-109	314.766	MTH00023	COX2	-	45
ENDDOMAINS
ENDQUERY
QUERY	Query_12	Peptide	323	orf323_Lenrap1_feature_41_from_C_0, ORGANISM Genus species Unclassified.,
DOMAINS
1	Query_12	Superfamily	353929	141	250	0.00032294	38.7461	cl15257	GIY-YIG_SF	-	-
ENDDOMAINS
SITES
1	Query_12	Generic	active site	Y144,Y153,G155,R163,H168,E238	6	6	198380
1	Query_12	Generic	catalytic site	R163,E238	2	2	198380
1	Query_12	Generic	metal binding site	E238	1	1	198380
1	Query_12	Generic	GIY-YIG motif/motif A	G142,I143,Y144,Y153,L154,G155	6	6	198380
ENDSITES
ENDQUERY
QUERY	Query_13	Peptide	248	orf248_Lenrap1_feature_45_from_C_0, ORGANISM Genus species Unclassified.,
DOMAINS
1	Query_13	Specific	335245	60	230	4.56294e-41	138.448	pfam03161	LAGLIDADG_2	-	45
ENDDOMAINS
ENDQUERY
QUERY	Query_14	Peptide	389	cob_Lenrap1_feature_48_from_C_0, ORGANISM Genus species Unclassified.,
DOMAINS
1	Query_14	Specific	214440	10	366	4.92982e-178	498.923	MTH00156	CYTB	-	45
ENDDOMAINS
ENDQUERY
QUERY	Query_15	Peptide	238	orf238_Lenrap1_feature_56_from_C_0, ORGANISM Genus species Unclassified.,
DOMAINS
1	Query_15	Specific	335245	48	221	6.91887e-66	201.235	pfam03161	LAGLIDADG_2	-	45
ENDDOMAINS
ENDQUERY
QUERY	Query_16	Peptide	391	orf391_Lenrap1_feature_60_from_C_0, ORGANISM Genus species Unclassified.,
DOMAINS
1	Query_16	Specific	198392	141	232	1.10638e-22	90.748	cd10445	GIY-YIG_bI1_like	-	353929
1	Query_16	Non-specific	273636	141	376	2.31684e-20	88.2117	TIGR01453	grpIintron_endo	-	45
ENDDOMAINS
SITES
1	Query_16	Specific	putative active site	Y144,Y155,G157,R167,H171,E217,N229	7	7	198392
1	Query_16	Specific	putative metal binding site	E217	1	1	198392
1	Query_16	Specific	GIY-YIG motif/motif A	G142,I143,Y144,Y155,I156,G157	6	6	198392
ENDSITES
ENDQUERY
QUERY	Query_17	Peptide	331	nad1_Lenrap1_feature_65_from_C_0, ORGANISM Genus species Unclassified.,
DOMAINS
1	Query_17	Specific	333876	13	319	7.91436e-121	349.464	pfam00146	NADHdh	-	351105
ENDDOMAINS
ENDQUERY
QUERY	Query_20	Peptide	127	orf127_Lenrap1_feature_86_from_C_0, ORGANISM Genus species Unclassified.,
DOMAINS
1	Query_20	Superfamily	350880	20	108	0.00100764	36.9797	cl00057	vWFA	C	-
ENDDOMAINS
SITES
ENDSITES
ENDQUERY
QUERY	Query_22	Peptide	773	orf772_Lenrap1_feature_90_from_C_0, ORGANISM Genus species Unclassified.,
DOMAINS
1	Query_22	Specific	281206	213	626	1.36984e-74	249.187	pfam03175	DNA_pol_B_2	-	355698
ENDDOMAINS
ENDQUERY
QUERY	Query_26	Peptide	464	cox1_Lenrap1_feature_2_from_C_1, ORGANISM Genus species Unclassified.,
DOMAINS
1	Query_26	Specific	238833	1	416	0	739.681	cd01663	Cyt_c_Oxidase_I	-	350997
ENDDOMAINS
SITES
1	Query_26	Specific	Binuclear center (heme a3/CuB)	H170,H219,H220,H305	4	4	238833
1	Query_26	Specific	D-pathway	N10,D21,N28,S31,S86,S87,N93,T97	9	8	238833
1	Query_26	Specific	K-pathway	H170,Y174,S185,H219,H220,T245,K248	7	7	238833
1	Query_26	Specific	Electron transfer pathway	F306,R367,R368	3	3	238833
1	Query_26	Specific	Putative proton exit pathway	H220,H297,D298,R367,R368	5	5	238833
1	Query_26	Specific	Putative water exit pathway	D157,Q162,H163,D293,H297,D298,R367	7	7	238833
1	Query_26	Specific	Subunit I/II interface	D157,K194,F197,G198,A223,V224,G225,V228,R231,M239,I247,F250,Y257,G258,G259,L271,N289,A290,L292,V294,A295,F296,H297,D298,L362,A363,R367,R368,I369,G378,W379	32	31	238833
1	Query_26	Specific	Subunit I/III interface	P20,F24,R26,W33,D74,F78,S96,N100,I120,L127,P130,M138,T147,S148,F149,G154,G155,D157,F167,Y204,F207,G210,I211,L215	25	24	238833
1	Query_26	Specific	Subunit I/VIa interface	V65,R143,N144,F145,N146	5	5	238833
1	Query_26	Specific	Subunit I/VIb interface	G225	1	1	238833
1	Query_26	Specific	Subunit I/VIc interface	G258	1	1	238833
1	Query_26	Specific	Subunit I/VIIa interface	L44,L47	2	2	238833
1	Query_26	Specific	Subunit I/VIIb interface	D374,G378	2	2	238833
1	Query_26	Specific	Subunit I/VIIIb interface	L338,M395	2	2	238833
1	Query_26	Specific	Dimer interface	I120,L127,F167,Y204,F207,G210,I211,L215	8	8	238833
ENDSITES
ENDQUERY
QUERY	Query_27	Peptide	109	orf109_Lenrap1_feature_6_from_C_1, ORGANISM Genus species Unclassified.,
DOMAINS
1	Query_27	Specific	334330	20	67	6.85217e-05	38.3715	pfam00961	LAGLIDADG_1	N	45
ENDDOMAINS
ENDQUERY
QUERY	Query_28	Peptide	347	orf347_Lenrap1_feature_10_from_C_1, ORGANISM Genus species Unclassified.,
DOMAINS
1	Query_28	Specific	334330	197	302	1.93978e-11	59.9427	pfam00961	LAGLIDADG_1	-	45
1	Query_28	Specific	334330	76	151	4.41164e-08	50.3127	pfam00961	LAGLIDADG_1	C	45
ENDDOMAINS
ENDQUERY
QUERY	Query_29	Peptide	317	orf317_Lenrap1_feature_14_from_C_1, ORGANISM Genus species Unclassified.,
DOMAINS
1	Query_29	Specific	334330	193	287	3.8755e-17	75.3506	pfam00961	LAGLIDADG_1	-	45
1	Query_29	Specific	334330	76	161	0.00174294	37.2159	pfam00961	LAGLIDADG_1	-	45
ENDDOMAINS
ENDQUERY
QUERY	Query_30	Peptide	313	orf313_Lenrap1_feature_18_from_C_1, ORGANISM Genus species Unclassified.,
DOMAINS
1	Query_30	Specific	334330	193	273	2.03303e-07	48.3867	pfam00961	LAGLIDADG_1	-	45
1	Query_30	Specific	334330	87	153	4.19226e-07	47.2311	pfam00961	LAGLIDADG_1	C	45
ENDDOMAINS
ENDQUERY
QUERY	Query_31	Peptide	323	orf323_2_Lenrap1_feature_22_from_C_1, ORGANISM Genus species Unclassified.,
DOMAINS
1	Query_31	Specific	334330	197	291	4.97583e-17	74.9654	pfam00961	LAGLIDADG_1	-	45
1	Query_31	Specific	334330	86	163	2.18179e-05	42.6087	pfam00961	LAGLIDADG_1	-	45
ENDDOMAINS
ENDQUERY
ENDSESSION	1
SESSION	2	blastp	2.10.0+	/opt/rpsbproc/db/Cdd	BLOSUM62	0.01
QUERY	Query_32	Peptide	169	orf169_2_Lenrap1_feature_26_from_C_1, ORGANISM Genus species Unclassified.,
DOMAINS
2	Query_32	Specific	334330	45	139	2.54075e-25	93.0698	pfam00961	LAGLIDADG_1	-	45
ENDDOMAINS
ENDQUERY
QUERY	Query_33	Peptide	291	orf291_2_Lenrap1_feature_30_from_C_1, ORGANISM Genus species Unclassified.,
DOMAINS
2	Query_33	Non-specific	273636	81	286	2.52441e-35	126.346	TIGR01453	grpIintron_endo	-	45
ENDDOMAINS
ENDQUERY
QUERY	Query_35	Peptide	306	orf307_Lenrap1_feature_35_from_C_1, ORGANISM Genus species Unclassified.,
DOMAINS
2	Query_35	Non-specific	273636	64	274	4.20919e-27	105.16	TIGR01453	grpIintron_endo	-	45
ENDDOMAINS
ENDQUERY
QUERY	Query_36	Peptide	286	orf286_Lenrap1_feature_37_from_C_1, ORGANISM Genus species Unclassified.,
DOMAINS
2	Query_36	Specific	335245	90	269	3.74516e-48	157.708	pfam03161	LAGLIDADG_2	-	45
ENDDOMAINS
ENDQUERY
QUERY	Query_37	Peptide	231	orf231_Lenrap1_feature_39_from_C_1, ORGANISM Genus species Unclassified.,
DOMAINS
2	Query_37	Specific	335245	38	213	1.29593e-41	139.218	pfam03161	LAGLIDADG_2	-	45
ENDDOMAINS
ENDQUERY
QUERY	Query_38	Peptide	52	atp8_Lenrap1_feature_47_from_C_1, ORGANISM Genus species Unclassified.,
DOMAINS
2	Query_38	Non-specific	283561	1	48	1.17715e-06	39.697	pfam05933	Fun_ATP-synt_8	-	45
ENDDOMAINS
ENDQUERY
QUERY	Query_40	Peptide	680	nad2_Lenrap1_feature_61_from_C_1, ORGANISM Genus species Unclassified.,
DOMAINS
2	Query_40	Specific	235603	229	598	1.10337e-76	253.205	PRK05777	PRK05777	N	356474
ENDDOMAINS
ENDQUERY
QUERY	Query_41	Peptide	127	nad3_Lenrap1_feature_63_from_C_1, ORGANISM Genus species Unclassified.,
DOMAINS
2	Query_41	Specific	334119	28	83	4.97144e-16	67.8254	pfam00507	Oxidored_q4	C	351141
ENDDOMAINS
ENDQUERY
QUERY	Query_42	Peptide	913	orf913_Lenrap1_feature_65_from_C_1, ORGANISM Genus species Unclassified.,
DOMAINS
2	Query_42	Specific	281206	328	774	9.13254e-83	273.84	pfam03175	DNA_pol_B_2	-	355698
ENDDOMAINS
ENDQUERY
QUERY	Query_46	Peptide	73	atp9_Lenrap1_feature_73_from_C_1, ORGANISM Genus species Unclassified.,
DOMAINS
2	Query_46	Specific	349422	6	70	2.26838e-21	78.3203	cd18182	ATP-synt_Fo_c_ATP5G3	-	365782
ENDDOMAINS
SITES
ENDSITES
ENDQUERY
QUERY	Query_47	Peptide	487	nad4_Lenrap1_feature_75_from_C_1, ORGANISM Genus species Unclassified.,
DOMAINS
2	Query_47	Specific	235622	27	476	2.44614e-140	412.289	PRK05846	PRK05846	-	45
ENDDOMAINS
ENDQUERY
QUERY	Query_48	Peptide	440	orf440_Lenrap1_feature_79_from_C_1, ORGANISM Genus species Unclassified.,
DOMAINS
2	Query_48	Specific	334330	148	247	8.42505e-24	94.9958	pfam00961	LAGLIDADG_1	-	45
2	Query_48	Specific	334330	306	409	4.8429e-23	92.6846	pfam00961	LAGLIDADG_1	-	45
ENDDOMAINS
ENDQUERY
QUERY	Query_49	Peptide	441	orf441_Lenrap1_feature_83_from_C_1, ORGANISM Genus species Unclassified.,
DOMAINS
2	Query_49	Specific	334330	148	247	5.67195e-23	92.6846	pfam00961	LAGLIDADG_1	-	45
2	Query_49	Specific	334330	312	410	1.8395e-20	85.751	pfam00961	LAGLIDADG_1	-	45
ENDDOMAINS
ENDQUERY
QUERY	Query_52	Peptide	413	cox1_Lenrap1_feature_6_from_C_2, ORGANISM Genus species Unclassified.,
DOMAINS
2	Query_52	Superfamily	350997	7	69	2.14729e-30	121.821	cl00275	Heme_Cu_Oxidase_I	C	-
2	Query_52	Specific	198392	159	239	2.90275e-20	84.5848	cd10445	GIY-YIG_bI1_like	-	353929
2	Query_52	Non-specific	273636	157	409	8.31291e-12	63.9441	TIGR01453	grpIintron_endo	-	45
ENDDOMAINS
SITES
2	Query_52	Generic	Low-spin heme binding site	S31,R35,F53,H60,M64,I65,V69	15	7	238461
2	Query_52	Generic	D-pathway	Y16	9	1	238461
2	Query_52	Specific	putative active site	Y161,Y172,G174,R182,Y186,E231	7	6	198392
2	Query_52	Specific	putative metal binding site	E231	1	1	198392
2	Query_52	Specific	GIY-YIG motif/motif A	G159,V160,Y161,Y172,V173,G174	6	6	198392
ENDSITES
ENDQUERY
QUERY	Query_53	Peptide	313	orf314_Lenrap1_feature_8_from_C_2, ORGANISM Genus species Unclassified.,
DOMAINS
2	Query_53	Specific	334330	165	274	9.27558e-14	66.1058	pfam00961	LAGLIDADG_1	-	45
2	Query_53	Specific	334330	45	141	4.53329e-07	47.2311	pfam00961	LAGLIDADG_1	-	45
ENDDOMAINS
ENDQUERY
QUERY	Query_54	Peptide	237	orf238_Lenrap1_feature_10_from_C_2, ORGANISM Genus species Unclassified.,
DOMAINS
2	Query_54	Specific	334330	45	141	6.46868e-08	49.1571	pfam00961	LAGLIDADG_1	-	45
2	Query_54	Specific	334330	165	203	0.000687869	37.6011	pfam00961	LAGLIDADG_1	C	45
ENDDOMAINS
ENDQUERY
QUERY	Query_55	Peptide	350	orf350_Lenrap1_feature_12_from_C_2, ORGANISM Genus species Unclassified.,
DOMAINS
2	Query_55	Specific	198392	96	176	1.00533e-19	82.2736	cd10445	GIY-YIG_bI1_like	-	353929
2	Query_55	Non-specific	273636	94	346	1.10634e-10	60.4773	TIGR01453	grpIintron_endo	-	45
ENDDOMAINS
SITES
2	Query_55	Specific	putative active site	Y98,Y109,G111,R119,Y123,E168	7	6	198392
2	Query_55	Specific	putative metal binding site	E168	1	1	198392
2	Query_55	Specific	GIY-YIG motif/motif A	G96,V97,Y98,Y109,V110,G111	6	6	198392
ENDSITES
ENDQUERY
QUERY	Query_56	Peptide	349	orf349_Lenrap1_feature_14_from_C_2, ORGANISM Genus species Unclassified.,
DOMAINS
2	Query_56	Specific	198392	95	175	8.98004e-20	82.2736	cd10445	GIY-YIG_bI1_like	-	353929
2	Query_56	Non-specific	273636	93	345	1.07935e-10	60.4773	TIGR01453	grpIintron_endo	-	45
ENDDOMAINS
SITES
2	Query_56	Specific	putative active site	Y97,Y108,G110,R118,Y122,E167	7	6	198392
2	Query_56	Specific	putative metal binding site	E167	1	1	198392
2	Query_56	Specific	GIY-YIG motif/motif A	G95,V96,Y97,Y108,V109,G110	6	6	198392
ENDSITES
ENDQUERY
ENDSESSION	2
ENDDATA
