#Post-RPSBLAST Processing Utility

#Input data file:	LobpulSp1_MitoAssemblyScaffolds.fasta.new.sqn.gbf_converted.faa.asn
#Output data file:	LobpulSp1_MitoAssemblyScaffolds.fasta.new.sqn.gbf_converted.faa.asn.out
#Annotation data at:	/opt/rpsbproc/data
#E-Value cutoff:	0.01
#Redundancy:	Concise
#Data requested:	Domain hits and site annotations
#Output format -- tab-delimited table
#Show superfamilies: NO
#DATA
#SESSION	<session-ordinal>	<program>	<database>	<score-matrix>	<evalue-threshold>
#QUERY	<query-id>	<seq-type>	<seq-length>	<definition-line>
#DOMAINS
#<session-ordinal>	<query-id[readingframe]>	<hit-type>	<PSSM-ID>	<from>	<to>	<E-Value>	<bitscore>	<accession>	<short-name>	<incomplete>	<superfamily PSSM-ID>
#more such lines......
#ENDDOMAINS
#SITES
#<session-ordinal>	<query-id[readingframe]>	<annot-type>	<title>	<residue(coordinates)>	<complete-size>	<mapped-size>	<source-domain>
#more such lines......
#ENDSITES
#MOTIFS
#<session-ordinal>	<query-id[readingframe]>	<title>	<from>	<to>	<source-domain>
#more such lines......
#ENDMOTIFS
#ENDQUERY	<query-id>
#more query sections..
#ENDSESSION	<session-ordinal>
#more session sections..
#ENDDATA
#=====================================================================
DATA
SESSION	1	blastp	2.10.0+	/opt/rpsbproc/db/Cdd	BLOSUM62	0.01
QUERY	Query_1	Peptide	230	nad3_LobpulSp1_feature_2_from_C_0, ORGANISM Genus species Unclassified.,
DOMAINS
1	Query_1	Specific	334119	19	113	4.96941e-13	62.4326	pfam00507	Oxidored_q4	-	351141
ENDDOMAINS
ENDQUERY
QUERY	Query_2	Peptide	605	nad2_LobpulSp1_feature_4_from_C_0, ORGANISM Genus species Unclassified.,
DOMAINS
1	Query_2	Specific	235603	131	498	3.28035e-76	250.123	PRK05777	PRK05777	N	356474
ENDDOMAINS
ENDQUERY
QUERY	Query_5	Peptide	269	cox3_LobpulSp1_feature_46_from_C_0, ORGANISM Genus species Unclassified.,
DOMAINS
1	Query_5	Specific	278911	12	268	8.13006e-123	350.172	pfam00510	COX3	-	294143
ENDDOMAINS
SITES
1	Query_5	Specific	Subunit I/III interface	A82,R85,G86,S97,L100,A104,I105,H111,S199,T200,S203,F207	12	12	238834
1	Query_5	Specific	Subunit III/Vb interface	G166	1	1	238834
1	Query_5	Specific	Subunit III/VIa interface	Y135,E136,L137,Y154,Y180,T190,V191,S192,S197,D198,S199	11	11	238834
1	Query_5	Specific	Subunit III/VIb interface	M127	1	1	238834
1	Query_5	Specific	Subunit III/VIIa interface	F64,R67,D68,S71,T74,Y75,Q76	7	7	238834
1	Query_5	Specific	Phospholipid binding site	W65,F66,V69,I70,S73,H79,G90,I91,F94,F222,R229,L241,G242	13	13	238834
ENDSITES
ENDQUERY
QUERY	Query_6	Peptide	541	atp9_LobpulSp1_feature_48_from_C_0, ORGANISM Genus species Unclassified.,
DOMAINS
1	Query_6	Specific	349422	11	82	4.0743e-19	81.0167	cd18182	ATP-synt_Fo_c_ATP5G3	-	365782
ENDDOMAINS
SITES
ENDSITES
ENDQUERY
QUERY	Query_9	Peptide	47	nad4_LobpulSp1_feature_8_from_C_1, ORGANISM Genus species Unclassified.,
DOMAINS
1	Query_9	Non-specific	223940	1	47	0.00148471	33.3367	COG1008	NuoM	N	45
ENDDOMAINS
ENDQUERY
QUERY	Query_10	Peptide	626	orf625_LobpulSp1_feature_10_from_C_1, ORGANISM Genus species Unclassified.,
DOMAINS
1	Query_10	Superfamily	355698	455	626	5.19973e-16	80.8551	cl28058	DNA_pol_B_2	C	-
ENDDOMAINS
ENDQUERY
QUERY	Query_11	Peptide	633	orf633_LobpulSp1_feature_12_from_C_1, ORGANISM Genus species Unclassified.,
DOMAINS
1	Query_11	Superfamily	355698	1	248	3.19887e-38	147.109	cl28058	DNA_pol_B_2	N	-
1	Query_11	Superfamily	353046	262	342	0.00298894	39.9997	cl10023	POLBc	NC	-
ENDDOMAINS
SITES
1	Query_11	Generic	active site	D297	8	1	99912
1	Query_11	Generic	metal-binding site 	D295,D297,S298	3	3	99912
ENDSITES
ENDQUERY
QUERY	Query_14	Peptide	99	orf100_LobpulSp1_feature_2_from_C_2, ORGANISM Genus species Unclassified.,
DOMAINS
1	Query_14	Specific	334330	30	77	0.00111779	34.9047	pfam00961	LAGLIDADG_1	N	45
ENDDOMAINS
ENDQUERY
QUERY	Query_15	Peptide	1142	nad5_LobpulSp1_feature_4_from_C_2, ORGANISM Genus species Unclassified.,
DOMAINS
1	Query_15	Non-specific	214400	8	527	0	568.554	MTH00020	ND5	-	45
ENDDOMAINS
ENDQUERY
QUERY	Query_16	Peptide	317	orf317_LobpulSp1_feature_8_from_C_2, ORGANISM Genus species Unclassified.,
DOMAINS
1	Query_16	Specific	334330	82	171	6.31816e-09	52.6239	pfam00961	LAGLIDADG_1	-	45
1	Query_16	Specific	334330	195	291	0.000105478	40.6827	pfam00961	LAGLIDADG_1	-	45
ENDDOMAINS
ENDQUERY
QUERY	Query_17	Peptide	394	orf394_LobpulSp1_feature_12_from_C_2, ORGANISM Genus species Unclassified.,
DOMAINS
1	Query_17	Specific	334330	275	365	0.0018978	37.2159	pfam00961	LAGLIDADG_1	-	45
ENDDOMAINS
ENDQUERY
QUERY	Query_18	Peptide	261	atp6_LobpulSp1_feature_15_from_C_2, ORGANISM Genus species Unclassified.,
DOMAINS
1	Query_18	Specific	273458	28	258	7.49813e-43	145.042	TIGR01131	ATP_synt_6_or_A	-	351082
ENDDOMAINS
ENDQUERY
QUERY	Query_19	Peptide	278	cox1_LobpulSp1_feature_2_from_C_3, ORGANISM Genus species Unclassified.,
DOMAINS
1	Query_19	Superfamily	350997	16	277	2.87917e-148	423.818	cl00275	Heme_Cu_Oxidase_I	C	-
ENDDOMAINS
SITES
1	Query_19	Generic	Binuclear center (active site)	H246	4	1	238461
1	Query_19	Generic	Low-spin heme binding site	S39,R43,Y60,H67,M71,I72,V76,W132	15	8	238461
1	Query_19	Generic	D-pathway	Y24,N86,D97,N104,S107,S162,S163,N169,T173	9	9	238461
1	Query_19	Generic	K-pathway	H246,Y250,S261	7	3	238461
1	Query_19	Generic	Putative water exit pathway	D233,Q238,H239	7	3	238461
ENDSITES
ENDQUERY
QUERY	Query_20	Peptide	281	cox2_LobpulSp1_feature_4_from_C_3, ORGANISM Genus species Unclassified.,
DOMAINS
1	Query_20	Non-specific	214402	12	247	3.35505e-108	313.225	MTH00023	COX2	-	45
ENDDOMAINS
ENDQUERY
QUERY	Query_23	Peptide	282	orf283_LobpulSp1_feature_10_from_C_3, ORGANISM Genus species Unclassified.,
DOMAINS
1	Query_23	Specific	334330	40	136	1.21896e-16	73.4246	pfam00961	LAGLIDADG_1	-	45
ENDDOMAINS
ENDQUERY
QUERY	Query_24	Peptide	336	cob_LobpulSp1_feature_12_from_C_3, ORGANISM Genus species Unclassified.,
DOMAINS
1	Query_24	Specific	334330	49	148	1.07293e-21	87.677	pfam00961	LAGLIDADG_1	-	45
1	Query_24	Specific	334330	207	303	3.7344e-10	56.0907	pfam00961	LAGLIDADG_1	-	45
ENDDOMAINS
ENDQUERY
QUERY	Query_25	Peptide	254	cox1_LobpulSp1_feature_2_from_C_4, ORGANISM Genus species Unclassified.,
DOMAINS
1	Query_25	Superfamily	350997	1	236	4.0042e-132	381.831	cl00275	Heme_Cu_Oxidase_I	N	-
ENDDOMAINS
SITES
1	Query_25	Generic	Binuclear center (active site)	H14,H15,H100	4	3	238461
1	Query_25	Generic	Low-spin heme binding site	Y95,H102,L105,S106,R162,R163,F192	15	7	238461
1	Query_25	Generic	K-pathway	H14,H15,T40,K43	7	4	238461
1	Query_25	Generic	Putative proton exit pathway	H15,H92,D93,R162,R163	5	5	238461
1	Query_25	Generic	Putative water exit pathway	D88,H92,D93,R162	7	4	238461
ENDSITES
ENDQUERY
QUERY	Query_26	Peptide	361	orf361_LobpulSp1_feature_6_from_C_4, ORGANISM Genus species Unclassified.,
DOMAINS
1	Query_26	Specific	334330	106	182	3.90428e-06	44.9199	pfam00961	LAGLIDADG_1	-	45
ENDDOMAINS
ENDQUERY
QUERY	Query_29	Peptide	48	atp8_LobpulSp1_feature_15_from_C_4, ORGANISM Genus species Unclassified.,
DOMAINS
1	Query_29	Non-specific	283561	1	48	1.29723e-08	44.7046	pfam05933	Fun_ATP-synt_8	-	45
ENDDOMAINS
ENDQUERY
QUERY	Query_33	Peptide	87	orf87_LobpulSp1_feature_11_from_C_5, ORGANISM Genus species Unclassified.,
DOMAINS
1	Query_33	Superfamily	355698	28	72	0.00572679	33.8608	cl28058	DNA_pol_B_2	C	-
ENDDOMAINS
ENDQUERY
QUERY	Query_35	Peptide	120	orf120_LobpulSp1_feature_15_from_C_5, ORGANISM Genus species Unclassified.,
DOMAINS
1	Query_35	Superfamily	355698	2	88	8.85304e-05	40.024	cl28058	DNA_pol_B_2	NC	-
ENDDOMAINS
ENDQUERY
ENDSESSION	1
SESSION	2	blastp	2.10.0+	/opt/rpsbproc/db/Cdd	BLOSUM62	0.01
QUERY	Query_36	Peptide	141	orf141_LobpulSp1_feature_17_from_C_5, ORGANISM Genus species Unclassified.,
DOMAINS
2	Query_36	Superfamily	355698	1	133	3.74075e-20	84.7071	cl28058	DNA_pol_B_2	N	-
ENDDOMAINS
ENDQUERY
QUERY	Query_37	Peptide	103	cob_LobpulSp1_feature_19_from_C_5, ORGANISM Genus species Unclassified.,
DOMAINS
2	Query_37	Non-specific	214440	8	101	3.94826e-31	111.798	MTH00156	CYTB	NC	45
ENDDOMAINS
ENDQUERY
QUERY	Query_39	Peptide	813	nad4_LobpulSp1_feature_4_from_C_6, ORGANISM Genus species Unclassified.,
DOMAINS
2	Query_39	Specific	235622	33	487	9.45015e-123	378.391	PRK05846	PRK05846	-	45
ENDDOMAINS
ENDQUERY
QUERY	Query_41	Peptide	51	atp6_LobpulSp1_feature_4_from_C_7, ORGANISM Genus species Unclassified.,
DOMAINS
2	Query_41	Superfamily	351082	7	51	0.000181478	36.1379	cl00413	ATP-synt_A	C	-
ENDDOMAINS
ENDQUERY
QUERY	Query_45	Peptide	230	nad6_LobpulSp1_feature_4_from_C_9, ORGANISM Genus species Unclassified.,
DOMAINS
2	Query_45	Superfamily	354830	25	112	5.57373e-17	76.0281	cl21484	Oxidored_q3	C	-
ENDDOMAINS
ENDQUERY
QUERY	Query_46	Peptide	74	atp9_LobpulSp1_feature_2_from_C_11, ORGANISM Genus species Unclassified.,
DOMAINS
2	Query_46	Specific	349422	6	70	4.50861e-20	75.2387	cd18182	ATP-synt_Fo_c_ATP5G3	-	365782
ENDDOMAINS
SITES
ENDSITES
ENDQUERY
QUERY	Query_48	Peptide	91	orf92_LobpulSp1_feature_2_from_C_12, ORGANISM Genus species Unclassified.,
DOMAINS
2	Query_48	Specific	334330	1	86	7.81478e-10	50.6979	pfam00961	LAGLIDADG_1	-	45
ENDDOMAINS
ENDQUERY
QUERY	Query_49	Peptide	119	nad5_LobpulSp1_feature_4_from_C_12, ORGANISM Genus species Unclassified.,
DOMAINS
2	Query_49	Non-specific	177253	1	108	1.08969e-32	119.727	MTH00210	ND5	C	45
ENDDOMAINS
ENDQUERY
QUERY	Query_50	Peptide	89	nad4L_LobpulSp1_feature_6_from_C_12, ORGANISM Genus species Unclassified.,
DOMAINS
2	Query_50	Superfamily	351118	5	86	3.60524e-17	69.2905	cl00492	Oxidored_q2	-	-
ENDDOMAINS
ENDQUERY
QUERY	Query_52	Peptide	363	nad1_LobpulSp1_feature_2_from_C_14, ORGANISM Genus species Unclassified.,
DOMAINS
2	Query_52	Specific	333876	14	346	3.35126e-116	339.063	pfam00146	NADHdh	-	351105
ENDDOMAINS
ENDQUERY
ENDSESSION	2
ENDDATA
