#Post-RPSBLAST Processing Utility

#Input data file:	Lopnu1_MitoAssemblyScaffolds.fasta.new.sqn.gbf_converted.faa.asn
#Output data file:	Lopnu1_MitoAssemblyScaffolds.fasta.new.sqn.gbf_converted.faa.asn.out
#Annotation data at:	/opt/rpsbproc/data
#E-Value cutoff:	0.01
#Redundancy:	Concise
#Data requested:	Domain hits and site annotations
#Output format -- tab-delimited table
#Show superfamilies: NO
#DATA
#SESSION	<session-ordinal>	<program>	<database>	<score-matrix>	<evalue-threshold>
#QUERY	<query-id>	<seq-type>	<seq-length>	<definition-line>
#DOMAINS
#<session-ordinal>	<query-id[readingframe]>	<hit-type>	<PSSM-ID>	<from>	<to>	<E-Value>	<bitscore>	<accession>	<short-name>	<incomplete>	<superfamily PSSM-ID>
#more such lines......
#ENDDOMAINS
#SITES
#<session-ordinal>	<query-id[readingframe]>	<annot-type>	<title>	<residue(coordinates)>	<complete-size>	<mapped-size>	<source-domain>
#more such lines......
#ENDSITES
#MOTIFS
#<session-ordinal>	<query-id[readingframe]>	<title>	<from>	<to>	<source-domain>
#more such lines......
#ENDMOTIFS
#ENDQUERY	<query-id>
#more query sections..
#ENDSESSION	<session-ordinal>
#more session sections..
#ENDDATA
#=====================================================================
DATA
SESSION	1	blastp	2.10.0+	/opt/rpsbproc/db/Cdd	BLOSUM62	0.01
QUERY	Query_1	Peptide	421	cob_Lopnu1_feature_30_from_C_0, ORGANISM Genus species Unclassified.,
DOMAINS
1	Query_1	Specific	214440	10	367	3.0982e-165	467.722	MTH00156	CYTB	-	45
ENDDOMAINS
ENDQUERY
QUERY	Query_2	Peptide	171	cox2_Lopnu1_feature_32_from_C_0, ORGANISM Genus species Unclassified.,
DOMAINS
1	Query_2	Non-specific	214438	31	153	4.9715e-41	137.267	MTH00154	COX2	C	45
ENDDOMAINS
ENDQUERY
QUERY	Query_3	Peptide	501	nad4_Lopnu1_feature_34_from_C_0, ORGANISM Genus species Unclassified.,
DOMAINS
1	Query_3	Specific	235622	28	481	1.98214e-121	364.524	PRK05846	PRK05846	-	45
ENDDOMAINS
ENDQUERY
QUERY	Query_4	Peptide	468	orf468_Lopnu1_feature_36_from_C_0, ORGANISM Genus species Unclassified.,
DOMAINS
1	Query_4	Specific	235622	28	468	7.40966e-116	349.116	PRK05846	PRK05846	-	45
ENDDOMAINS
ENDQUERY
QUERY	Query_6	Peptide	667	nad5_Lopnu1_feature_42_from_C_0, ORGANISM Genus species Unclassified.,
DOMAINS
1	Query_6	Non-specific	177253	1	628	0	593.138	MTH00210	ND5	-	45
ENDDOMAINS
ENDQUERY
QUERY	Query_7	Peptide	135	orf135_Lopnu1_feature_46_from_C_0, ORGANISM Genus species Unclassified.,
DOMAINS
1	Query_7	Specific	335245	15	127	3.83646e-32	111.484	pfam03161	LAGLIDADG_2	N	45
ENDDOMAINS
ENDQUERY
QUERY	Query_8	Peptide	102	nad4L_Lopnu1_feature_49_from_C_0, ORGANISM Genus species Unclassified.,
DOMAINS
1	Query_8	Superfamily	351118	5	79	4.49565e-15	64.6681	cl00492	Oxidored_q2	-	-
ENDDOMAINS
ENDQUERY
QUERY	Query_9	Peptide	197	nad6_Lopnu1_feature_53_from_C_0, ORGANISM Genus species Unclassified.,
DOMAINS
1	Query_9	Superfamily	354830	20	193	5.84265e-15	69.4797	cl21484	Oxidored_q3	-	-
ENDDOMAINS
ENDQUERY
QUERY	Query_10	Peptide	274	cox2_Lopnu1_feature_55_from_C_0, ORGANISM Genus species Unclassified.,
DOMAINS
1	Query_10	Specific	214438	42	271	2.30962e-113	325.245	MTH00154	COX2	-	45
ENDDOMAINS
ENDQUERY
QUERY	Query_11	Peptide	169	orf169_Lopnu1_feature_57_from_C_0, ORGANISM Genus species Unclassified.,
DOMAINS
1	Query_11	Superfamily	350997	1	130	9.54036e-51	168.816	cl00275	Heme_Cu_Oxidase_I	N	-
ENDDOMAINS
SITES
1	Query_11	Generic	Low-spin heme binding site	R56,R57,F86	15	3	238461
1	Query_11	Generic	Putative proton exit pathway	R56,R57	5	2	238461
1	Query_11	Generic	Putative water exit pathway	R56	7	1	238461
ENDSITES
ENDQUERY
QUERY	Query_12	Peptide	354	orf354_Lopnu1_feature_59_from_C_0, ORGANISM Genus species Unclassified.,
DOMAINS
1	Query_12	Specific	273636	63	268	2.41656e-53	174.882	TIGR01453	grpIintron_endo	-	45
1	Query_12	Specific	197761	301	352	1.53443e-05	41.7846	smart00497	IENR1	-	299755
ENDDOMAINS
ENDQUERY
QUERY	Query_13	Peptide	493	nad1_Lopnu1_feature_63_from_C_0, ORGANISM Genus species Unclassified.,
DOMAINS
1	Query_13	Specific	333876	12	349	2.85645e-127	372.191	pfam00146	NADHdh	-	351105
ENDDOMAINS
ENDQUERY
QUERY	Query_15	Peptide	257	atp6_Lopnu1_feature_69_from_C_0, ORGANISM Genus species Unclassified.,
DOMAINS
1	Query_15	Specific	273458	29	254	5.34207e-49	160.835	TIGR01131	ATP_synt_6_or_A	-	351082
ENDDOMAINS
ENDQUERY
QUERY	Query_17	Peptide	269	cox3_Lopnu1_feature_77_from_C_0, ORGANISM Genus species Unclassified.,
DOMAINS
1	Query_17	Specific	278911	12	269	1.5029e-125	357.106	pfam00510	COX3	-	294143
ENDDOMAINS
SITES
1	Query_17	Specific	Subunit I/III interface	A82,R85,G86,S97,L100,A104,I105,H111,G199,A200,S203,F207	12	12	238834
1	Query_17	Specific	Subunit III/Vb interface	K166	1	1	238834
1	Query_17	Specific	Subunit III/VIa interface	F135,E136,L137,Y154,I180,S190,V191,S192,S197,D198,G199	11	11	238834
1	Query_17	Specific	Subunit III/VIb interface	M127	1	1	238834
1	Query_17	Specific	Subunit III/VIIa interface	F64,R67,D68,S71,T74,Y75,E76	7	7	238834
1	Query_17	Specific	Phospholipid binding site	W65,F66,I69,I70,G73,H79,G90,V91,F94,F222,R229,L241,G242	13	13	238834
ENDSITES
ENDQUERY
QUERY	Query_18	Peptide	141	nad3_Lopnu1_feature_79_from_C_0, ORGANISM Genus species Unclassified.,
DOMAINS
1	Query_18	Specific	334119	26	112	3.11906e-13	60.8918	pfam00507	Oxidored_q4	-	351141
ENDDOMAINS
ENDQUERY
QUERY	Query_19	Peptide	596	nad2_Lopnu1_feature_81_from_C_0, ORGANISM Genus species Unclassified.,
DOMAINS
1	Query_19	Specific	235603	25	521	1.0793e-84	272.079	PRK05777	PRK05777	-	356474
ENDDOMAINS
ENDQUERY
ENDSESSION	1
ENDDATA
