#Post-RPSBLAST Processing Utility

#Input data file:	Masph1_MitoAssemblyScaffolds.fasta.new.sqn.gbf_converted.faa.asn
#Output data file:	Masph1_MitoAssemblyScaffolds.fasta.new.sqn.gbf_converted.faa.asn.out
#Annotation data at:	/opt/rpsbproc/data
#E-Value cutoff:	0.01
#Redundancy:	Concise
#Data requested:	Domain hits and site annotations
#Output format -- tab-delimited table
#Show superfamilies: NO
#DATA
#SESSION	<session-ordinal>	<program>	<database>	<score-matrix>	<evalue-threshold>
#QUERY	<query-id>	<seq-type>	<seq-length>	<definition-line>
#DOMAINS
#<session-ordinal>	<query-id[readingframe]>	<hit-type>	<PSSM-ID>	<from>	<to>	<E-Value>	<bitscore>	<accession>	<short-name>	<incomplete>	<superfamily PSSM-ID>
#more such lines......
#ENDDOMAINS
#SITES
#<session-ordinal>	<query-id[readingframe]>	<annot-type>	<title>	<residue(coordinates)>	<complete-size>	<mapped-size>	<source-domain>
#more such lines......
#ENDSITES
#MOTIFS
#<session-ordinal>	<query-id[readingframe]>	<title>	<from>	<to>	<source-domain>
#more such lines......
#ENDMOTIFS
#ENDQUERY	<query-id>
#more query sections..
#ENDSESSION	<session-ordinal>
#more session sections..
#ENDDATA
#=====================================================================
DATA
SESSION	1	blastp	2.10.0+	/opt/rpsbproc/db/Cdd	BLOSUM62	0.01
QUERY	Query_1	Peptide	554	cox1_Masph1_feature_2_from_C_0, ORGANISM Genus species Unclassified.,
DOMAINS
1	Query_1	Superfamily	350997	1	325	0	570.964	cl00275	Heme_Cu_Oxidase_I	N	-
ENDDOMAINS
SITES
1	Query_1	Generic	Binuclear center (active site)	H79,H128,H129,H214	4	4	238461
1	Query_1	Generic	Low-spin heme binding site	Y209,H216,L219,S220,R276,R277,F306	15	7	238461
1	Query_1	Generic	D-pathway	N2,T6	9	2	238461
1	Query_1	Generic	K-pathway	H79,Y83,S94,H128,H129,T154,K157	7	7	238461
1	Query_1	Generic	Putative proton exit pathway	H129,H206,D207,R276,R277	5	5	238461
1	Query_1	Generic	Putative water exit pathway	D66,Q71,H72,D202,H206,D207,R276	7	7	238461
ENDSITES
ENDQUERY
QUERY	Query_2	Peptide	416	orf416_1_Masph1_feature_6_from_C_0, ORGANISM Genus species Unclassified.,
DOMAINS
1	Query_2	Specific	198392	169	255	1.42074e-18	79.9624	cd10445	GIY-YIG_bI1_like	-	353929
1	Query_2	Specific	197761	265	318	1.45195e-06	44.8662	smart00497	IENR1	-	299755
ENDDOMAINS
SITES
1	Query_2	Specific	putative active site	Y172,Y183,G185,R193,Y197,E240,N252	7	7	198392
1	Query_2	Specific	putative metal binding site	E240	1	1	198392
1	Query_2	Specific	GIY-YIG motif/motif A	G170,V171,Y172,Y183,V184,G185	6	6	198392
ENDSITES
ENDQUERY
QUERY	Query_3	Peptide	350	orf350_1_Masph1_feature_10_from_C_0, ORGANISM Genus species Unclassified.,
DOMAINS
1	Query_3	Specific	334330	80	167	2.29581e-12	62.2538	pfam00961	LAGLIDADG_1	-	45
1	Query_3	Specific	334330	201	306	1.4791e-11	59.9427	pfam00961	LAGLIDADG_1	-	45
ENDDOMAINS
ENDQUERY
QUERY	Query_4	Peptide	296	orf296_1_Masph1_feature_14_from_C_0, ORGANISM Genus species Unclassified.,
DOMAINS
1	Query_4	Specific	334330	165	268	1.22126e-08	51.4683	pfam00961	LAGLIDADG_1	-	45
1	Query_4	Specific	334330	46	133	6.1982e-08	49.5423	pfam00961	LAGLIDADG_1	-	45
ENDDOMAINS
ENDQUERY
QUERY	Query_5	Peptide	380	orf380_1_Masph1_feature_18_from_C_0, ORGANISM Genus species Unclassified.,
DOMAINS
1	Query_5	Specific	334330	226	336	3.29258e-11	59.1723	pfam00961	LAGLIDADG_1	-	45
ENDDOMAINS
ENDQUERY
QUERY	Query_6	Peptide	308	orf308_1_Masph1_feature_22_from_C_0, ORGANISM Genus species Unclassified.,
DOMAINS
1	Query_6	Specific	334330	60	151	7.61678e-06	43.7643	pfam00961	LAGLIDADG_1	-	45
1	Query_6	Specific	334330	196	305	3.22631e-05	41.8383	pfam00961	LAGLIDADG_1	-	45
ENDDOMAINS
ENDQUERY
QUERY	Query_7	Peptide	280	orf280_Masph1_feature_28_from_C_0, ORGANISM Genus species Unclassified.,
DOMAINS
1	Query_7	Specific	334330	55	150	1.91861e-13	64.565	pfam00961	LAGLIDADG_1	-	45
1	Query_7	Specific	334330	190	275	5.2147e-09	52.6239	pfam00961	LAGLIDADG_1	-	45
ENDDOMAINS
ENDQUERY
QUERY	Query_8	Peptide	374	orf374_Masph1_feature_32_from_C_0, ORGANISM Genus species Unclassified.,
DOMAINS
1	Query_8	Specific	334330	111	187	3.6053e-10	56.4759	pfam00961	LAGLIDADG_1	C	45
ENDDOMAINS
ENDQUERY
QUERY	Query_10	Peptide	355	orf355_Masph1_feature_38_from_C_0, ORGANISM Genus species Unclassified.,
DOMAINS
1	Query_10	Specific	273636	103	353	3.7916e-40	140.599	TIGR01453	grpIintron_endo	-	45
ENDDOMAINS
ENDQUERY
QUERY	Query_11	Peptide	237	cox2_Masph1_feature_41_from_C_0, ORGANISM Genus species Unclassified.,
DOMAINS
1	Query_11	Specific	214438	5	234	2.4143e-112	321.007	MTH00154	COX2	-	45
ENDDOMAINS
ENDQUERY
QUERY	Query_12	Peptide	248	orf248_Masph1_feature_45_from_C_0, ORGANISM Genus species Unclassified.,
DOMAINS
1	Query_12	Specific	273636	12	247	2.39378e-51	166.407	TIGR01453	grpIintron_endo	-	45
ENDDOMAINS
ENDQUERY
QUERY	Query_13	Peptide	302	orf302_Masph1_feature_49_from_C_0, ORGANISM Genus species Unclassified.,
DOMAINS
1	Query_13	Superfamily	353929	160	250	1.18538e-08	51.4576	cl15257	GIY-YIG_SF	-	-
ENDDOMAINS
SITES
1	Query_13	Generic	active site	Y163,Y174,G176,R184,Y188,E235	6	6	198380
1	Query_13	Generic	catalytic site	R184,E235	2	2	198380
1	Query_13	Generic	metal binding site	E235	1	1	198380
1	Query_13	Generic	GIY-YIG motif/motif A	G161,I162,Y163,Y174,V175,G176	6	6	198380
ENDSITES
ENDQUERY
QUERY	Query_17	Peptide	621	nad4_Masph1_feature_60_from_C_0, ORGANISM Genus species Unclassified.,
DOMAINS
1	Query_17	Specific	235622	1	488	1.07617e-136	408.051	PRK05846	PRK05846	-	45
ENDDOMAINS
ENDQUERY
QUERY	Query_18	Peptide	448	nad4L_Masph1_feature_63_from_C_0, ORGANISM Genus species Unclassified.,
DOMAINS
1	Query_18	Specific	334330	135	237	4.07668e-27	104.241	pfam00961	LAGLIDADG_1	-	45
1	Query_18	Specific	334330	298	396	5.35912e-25	98.4626	pfam00961	LAGLIDADG_1	-	45
1	Query_18	Specific	177231	5	90	4.82119e-20	84.3133	MTH00180	ND4L	-	351118
ENDDOMAINS
ENDQUERY
QUERY	Query_20	Peptide	326	orf327_Masph1_feature_4_from_C_1, ORGANISM Genus species Unclassified.,
DOMAINS
1	Query_20	Non-specific	273636	2	184	1.74596e-31	117.102	TIGR01453	grpIintron_endo	-	45
1	Query_20	Specific	197761	280	326	0.00738012	34.0806	smart00497	IENR1	-	299755
ENDDOMAINS
ENDQUERY
QUERY	Query_21	Peptide	282	orf282_Masph1_feature_6_from_C_1, ORGANISM Genus species Unclassified.,
DOMAINS
1	Query_21	Specific	273636	91	279	1.65863e-39	136.747	TIGR01453	grpIintron_endo	-	45
ENDDOMAINS
ENDQUERY
QUERY	Query_22	Peptide	176	atp6_Masph1_feature_8_from_C_1, ORGANISM Genus species Unclassified.,
DOMAINS
1	Query_22	Superfamily	351082	10	172	1.5594e-26	99.9732	cl00413	ATP-synt_A	C	-
ENDDOMAINS
ENDQUERY
QUERY	Query_23	Peptide	525	cob_Masph1_feature_10_from_C_1, ORGANISM Genus species Unclassified.,
DOMAINS
1	Query_23	Specific	214440	10	364	0	517.028	MTH00156	CYTB	-	45
ENDDOMAINS
ENDQUERY
QUERY	Query_24	Peptide	244	orf244_Masph1_feature_14_from_C_1, ORGANISM Genus species Unclassified.,
DOMAINS
1	Query_24	Specific	334330	74	170	8.24906e-23	88.8326	pfam00961	LAGLIDADG_1	-	45
ENDDOMAINS
ENDQUERY
QUERY	Query_26	Peptide	126	orf126_1_Masph1_feature_20_from_C_1, ORGANISM Genus species Unclassified.,
DOMAINS
1	Query_26	Specific	284793	71	107	0.000242492	35.9512	pfam07453	NUMOD1	-	299755
1	Query_26	Non-specific	273636	2	112	0.00442886	35.0542	TIGR01453	grpIintron_endo	N	45
ENDDOMAINS
ENDQUERY
QUERY	Query_27	Peptide	193	orf193_2_Masph1_feature_22_from_C_1, ORGANISM Genus species Unclassified.,
DOMAINS
1	Query_27	Superfamily	353929	84	175	7.81521e-19	76.8808	cl15257	GIY-YIG_SF	-	-
ENDDOMAINS
SITES
1	Query_27	Generic	active site	Y87,Y98,G100,R110,H114,E160	6	6	198380
1	Query_27	Generic	catalytic site	R110,E160	2	2	198380
1	Query_27	Generic	metal binding site	E160	1	1	198380
1	Query_27	Generic	GIY-YIG motif/motif A	G85,V86,Y87,Y98,I99,G100	6	6	198380
ENDSITES
ENDQUERY
QUERY	Query_28	Peptide	261	orf261_Masph1_feature_26_from_C_1, ORGANISM Genus species Unclassified.,
DOMAINS
1	Query_28	Specific	335245	54	241	1.22071e-37	129.973	pfam03161	LAGLIDADG_2	-	45
ENDDOMAINS
ENDQUERY
QUERY	Query_30	Peptide	603	nad5_Masph1_feature_31_from_C_1, ORGANISM Genus species Unclassified.,
DOMAINS
1	Query_30	Non-specific	214400	1	447	8.22924e-129	390.977	MTH00020	ND5	N	45
ENDDOMAINS
ENDQUERY
ENDSESSION	1
SESSION	2	blastp	2.10.0+	/opt/rpsbproc/db/Cdd	BLOSUM62	0.01
QUERY	Query_34	Peptide	251	orf251_1_Masph1_feature_43_from_C_1, ORGANISM Genus species Unclassified.,
DOMAINS
2	Query_34	Superfamily	352872	17	58	0.00953043	34.9719	cl08299	LAGLIDADG_3	C	-
ENDDOMAINS
ENDQUERY
QUERY	Query_36	Peptide	303	orf303_1_Masph1_feature_49_from_C_1, ORGANISM Genus species Unclassified.,
DOMAINS
2	Query_36	Specific	334330	182	277	5.37712e-12	61.0983	pfam00961	LAGLIDADG_1	-	45
2	Query_36	Specific	334330	67	158	7.29301e-08	49.5423	pfam00961	LAGLIDADG_1	-	45
ENDDOMAINS
ENDQUERY
QUERY	Query_37	Peptide	470	cox1_Masph1_feature_2_from_C_2, ORGANISM Genus species Unclassified.,
DOMAINS
2	Query_37	Specific	238833	43	464	0	692.302	cd01663	Cyt_c_Oxidase_I	-	350997
ENDDOMAINS
SITES
2	Query_37	Specific	Binuclear center (heme a3/CuB)	H273,H322,H323,H408	4	4	238833
2	Query_37	Specific	D-pathway	Y51,N113,D124,N131,S134,S189,S190,N196,T200	9	9	238833
2	Query_37	Specific	K-pathway	H273,Y277,S288,H322,H323,T348,K351	7	7	238833
2	Query_37	Specific	Putative water exit pathway	D260,Q265,H266,D396,H400,D401	7	6	238833
2	Query_37	Specific	Subunit I/III interface	P123,F127,R129,L136,D177,F181,T199,N203,I223,L230,P233,M241,T250,S251,F252,G257,G258,D260,F270,Y307,G310,G313,I314,V318	25	24	238833
2	Query_37	Specific	Subunit I/VIa interface	I168,R246,N247,F248,N249	5	5	238833
2	Query_37	Specific	Subunit I/VIb interface	G328	1	1	238833
2	Query_37	Specific	Subunit I/VIc interface	G361	1	1	238833
2	Query_37	Specific	Subunit I/VIIa interface	F147,G150	2	2	238833
2	Query_37	Specific	Dimer interface	I223,L230,F270,Y307,G310,G313,I314,V318	8	8	238833
ENDSITES
ENDQUERY
QUERY	Query_39	Peptide	373	orf373_Masph1_feature_8_from_C_2, ORGANISM Genus species Unclassified.,
DOMAINS
2	Query_39	Specific	334330	110	186	3.736e-10	56.0907	pfam00961	LAGLIDADG_1	C	45
ENDDOMAINS
ENDQUERY
QUERY	Query_40	Peptide	275	orf275_Masph1_feature_10_from_C_2, ORGANISM Genus species Unclassified.,
DOMAINS
2	Query_40	Specific	334330	50	145	2.06921e-13	64.565	pfam00961	LAGLIDADG_1	-	45
2	Query_40	Specific	334330	185	270	5.6162e-09	52.2387	pfam00961	LAGLIDADG_1	-	45
ENDDOMAINS
ENDQUERY
QUERY	Query_41	Peptide	308	orf308_2_Masph1_feature_14_from_C_2, ORGANISM Genus species Unclassified.,
DOMAINS
2	Query_41	Specific	334330	60	151	7.61678e-06	43.7643	pfam00961	LAGLIDADG_1	-	45
2	Query_41	Specific	334330	196	305	3.22631e-05	41.8383	pfam00961	LAGLIDADG_1	-	45
ENDDOMAINS
ENDQUERY
QUERY	Query_42	Peptide	380	orf380_2_Masph1_feature_18_from_C_2, ORGANISM Genus species Unclassified.,
DOMAINS
2	Query_42	Specific	334330	226	336	3.29258e-11	59.1723	pfam00961	LAGLIDADG_1	-	45
ENDDOMAINS
ENDQUERY
QUERY	Query_43	Peptide	296	orf296_2_Masph1_feature_22_from_C_2, ORGANISM Genus species Unclassified.,
DOMAINS
2	Query_43	Specific	334330	165	268	1.22126e-08	51.4683	pfam00961	LAGLIDADG_1	-	45
2	Query_43	Specific	334330	46	133	6.1982e-08	49.5423	pfam00961	LAGLIDADG_1	-	45
ENDDOMAINS
ENDQUERY
QUERY	Query_44	Peptide	350	orf350_2_Masph1_feature_26_from_C_2, ORGANISM Genus species Unclassified.,
DOMAINS
2	Query_44	Specific	334330	80	167	2.29581e-12	62.2538	pfam00961	LAGLIDADG_1	-	45
2	Query_44	Specific	334330	201	306	1.4791e-11	59.9427	pfam00961	LAGLIDADG_1	-	45
ENDDOMAINS
ENDQUERY
QUERY	Query_45	Peptide	416	orf416_2_Masph1_feature_30_from_C_2, ORGANISM Genus species Unclassified.,
DOMAINS
2	Query_45	Specific	198392	169	255	1.42074e-18	79.9624	cd10445	GIY-YIG_bI1_like	-	353929
2	Query_45	Specific	197761	265	318	1.45195e-06	44.8662	smart00497	IENR1	-	299755
ENDDOMAINS
SITES
2	Query_45	Specific	putative active site	Y172,Y183,G185,R193,Y197,E240,N252	7	7	198392
2	Query_45	Specific	putative metal binding site	E240	1	1	198392
2	Query_45	Specific	GIY-YIG motif/motif A	G170,V171,Y172,Y183,V184,G185	6	6	198392
ENDSITES
ENDQUERY
QUERY	Query_46	Peptide	695	orf695_Masph1_feature_34_from_C_2, ORGANISM Genus species Unclassified.,
DOMAINS
2	Query_46	Specific	273636	509	692	1.98824e-38	141.754	TIGR01453	grpIintron_endo	-	45
2	Query_46	Specific	334330	108	200	1.97693e-19	83.4398	pfam00961	LAGLIDADG_1	-	45
2	Query_46	Specific	334330	307	404	2.66834e-07	49.1571	pfam00961	LAGLIDADG_1	-	45
ENDDOMAINS
ENDQUERY
QUERY	Query_48	Peptide	243	orf243_Masph1_feature_40_from_C_2, ORGANISM Genus species Unclassified.,
DOMAINS
2	Query_48	Specific	198392	1	76	8.00809e-22	85.7404	cd10445	GIY-YIG_bI1_like	-	353929
2	Query_48	Non-specific	273636	1	240	1.41151e-05	44.6842	TIGR01453	grpIintron_endo	-	45
ENDDOMAINS
SITES
2	Query_48	Specific	putative active site	Y2,G4,R12,Y16,E61,N73	7	6	198392
2	Query_48	Specific	putative metal binding site	E61	1	1	198392
ENDSITES
ENDQUERY
QUERY	Query_50	Peptide	195	nad6_Masph1_feature_47_from_C_2, ORGANISM Genus species Unclassified.,
DOMAINS
2	Query_50	Superfamily	354830	20	195	4.37359e-19	80.6505	cl21484	Oxidored_q3	-	-
ENDDOMAINS
ENDQUERY
QUERY	Query_52	Peptide	330	cob_Masph1_feature_2_from_C_3, ORGANISM Genus species Unclassified.,
DOMAINS
2	Query_52	Non-specific	214425	1	181	2.49536e-66	212.839	MTH00119	CYTB	N	45
ENDDOMAINS
ENDQUERY
QUERY	Query_53	Peptide	257	atp6_Masph1_feature_4_from_C_3, ORGANISM Genus species Unclassified.,
DOMAINS
2	Query_53	Specific	273458	10	254	4.11099e-48	158.524	TIGR01131	ATP_synt_6_or_A	-	351082
ENDDOMAINS
ENDQUERY
QUERY	Query_54	Peptide	256	orf256_Masph1_feature_8_from_C_3, ORGANISM Genus species Unclassified.,
DOMAINS
2	Query_54	Specific	273636	65	253	3.50524e-39	135.206	TIGR01453	grpIintron_endo	-	45
ENDDOMAINS
ENDQUERY
QUERY	Query_55	Peptide	298	orf298_Masph1_feature_10_from_C_3, ORGANISM Genus species Unclassified.,
DOMAINS
2	Query_55	Non-specific	273636	1	156	2.05851e-26	103.234	TIGR01453	grpIintron_endo	-	45
2	Query_55	Specific	197761	252	298	0.00368381	34.851	smart00497	IENR1	-	299755
ENDDOMAINS
ENDQUERY
QUERY	Query_59	Peptide	221	atp6_Masph1_feature_21_from_C_3, ORGANISM Genus species Unclassified.,
DOMAINS
2	Query_59	Superfamily	351082	31	152	5.45174e-18	78.7872	cl00413	ATP-synt_A	C	-
ENDDOMAINS
ENDQUERY
QUERY	Query_63	Peptide	371	nad1_Masph1_feature_29_from_C_3, ORGANISM Genus species Unclassified.,
DOMAINS
2	Query_63	Specific	333876	12	354	9.12343e-120	348.693	pfam00146	NADHdh	-	351105
ENDDOMAINS
ENDQUERY
QUERY	Query_65	Peptide	251	orf251_Masph1_feature_16_from_C_4, ORGANISM Genus species Unclassified.,
DOMAINS
2	Query_65	Non-specific	273636	69	249	4.5639e-32	116.716	TIGR01453	grpIintron_endo	-	45
ENDDOMAINS
ENDQUERY
QUERY	Query_66	Peptide	175	orf176_Masph1_feature_20_from_C_4, ORGANISM Genus species Unclassified.,
DOMAINS
2	Query_66	Non-specific	273636	11	169	9.74667e-27	100.153	TIGR01453	grpIintron_endo	-	45
ENDDOMAINS
ENDQUERY
QUERY	Query_67	Peptide	1097	nad2_Masph1_feature_44_from_C_4, ORGANISM Genus species Unclassified.,
DOMAINS
2	Query_67	Superfamily	356474	2	136	0.00130074	42.2605	cl29598	Proton_antipo_M	C	-
ENDDOMAINS
ENDQUERY
ENDSESSION	2
SESSION	3	blastp	2.10.0+	/opt/rpsbproc/db/Cdd	BLOSUM62	0.01
QUERY	Query_68	Peptide	53	cox3_Masph1_feature_48_from_C_4, ORGANISM Genus species Unclassified.,
DOMAINS
3	Query_68	Superfamily	294143	4	53	2.27428e-20	79.7619	cl00211	Heme_Cu_Oxidase_III_like	N	-
ENDDOMAINS
SITES
ENDSITES
ENDQUERY
QUERY	Query_69	Peptide	784	nad5_Masph1_feature_2_from_C_5, ORGANISM Genus species Unclassified.,
DOMAINS
3	Query_69	Non-specific	235836	1	629	0	597.526	PRK06590	PRK06590	-	45
ENDDOMAINS
ENDQUERY
QUERY	Query_73	Peptide	251	orf251_3_Masph1_feature_14_from_C_5, ORGANISM Genus species Unclassified.,
DOMAINS
3	Query_73	Superfamily	352872	17	58	0.00953043	34.9719	cl08299	LAGLIDADG_3	C	-
ENDDOMAINS
ENDQUERY
QUERY	Query_75	Peptide	303	orf303_2_Masph1_feature_20_from_C_5, ORGANISM Genus species Unclassified.,
DOMAINS
3	Query_75	Specific	334330	182	277	5.37712e-12	61.0983	pfam00961	LAGLIDADG_1	-	45
3	Query_75	Specific	334330	67	158	7.29301e-08	49.5423	pfam00961	LAGLIDADG_1	-	45
ENDDOMAINS
ENDQUERY
QUERY	Query_76	Peptide	431	orf431_Masph1_feature_24_from_C_5, ORGANISM Genus species Unclassified.,
DOMAINS
3	Query_76	Specific	334330	299	398	7.63687e-33	119.263	pfam00961	LAGLIDADG_1	-	45
3	Query_76	Specific	334330	138	239	9.96811e-27	102.7	pfam00961	LAGLIDADG_1	-	45
ENDDOMAINS
ENDQUERY
QUERY	Query_77	Peptide	448	nad4L_Masph1_feature_27_from_C_5, ORGANISM Genus species Unclassified.,
DOMAINS
3	Query_77	Specific	334330	135	237	4.07668e-27	104.241	pfam00961	LAGLIDADG_1	-	45
3	Query_77	Specific	334330	298	396	5.35912e-25	98.4626	pfam00961	LAGLIDADG_1	-	45
3	Query_77	Specific	177231	5	90	4.82119e-20	84.3133	MTH00180	ND4L	-	351118
ENDDOMAINS
ENDQUERY
QUERY	Query_78	Peptide	621	nad4_Masph1_feature_30_from_C_5, ORGANISM Genus species Unclassified.,
DOMAINS
3	Query_78	Specific	235622	1	488	1.07617e-136	408.051	PRK05846	PRK05846	-	45
ENDDOMAINS
ENDQUERY
QUERY	Query_81	Peptide	233	nad1_Masph1_feature_4_from_C_6, ORGANISM Genus species Unclassified.,
DOMAINS
3	Query_81	Specific	333876	6	219	6.7876e-62	195.769	pfam00146	NADHdh	N	351105
ENDDOMAINS
ENDQUERY
QUERY	Query_82	Peptide	207	orf206_Masph1_feature_9_from_C_6, ORGANISM Genus species Unclassified.,
DOMAINS
3	Query_82	Superfamily	355471	31	170	8.17555e-16	75.0598	cl25973	RNA_pol	NC	-
ENDDOMAINS
ENDQUERY
QUERY	Query_84	Peptide	167	orf167_Masph1_feature_13_from_C_6, ORGANISM Genus species Unclassified.,
DOMAINS
3	Query_84	Specific	334321	1	116	5.26582e-12	62.4781	pfam00940	RNA_pol	N	355471
ENDDOMAINS
ENDQUERY
QUERY	Query_86	Peptide	1432	orf1431_Masph1_feature_17_from_C_6, ORGANISM Genus species Unclassified.,
DOMAINS
3	Query_86	Specific	281206	456	893	2.12871e-70	243.795	pfam03175	DNA_pol_B_2	-	355698
3	Query_86	Non-specific	223494	876	1021	3.49541e-06	51.6563	COG0417	PolB	N	45
ENDDOMAINS
ENDQUERY
QUERY	Query_87	Peptide	457	orf457_Masph1_feature_19_from_C_6, ORGANISM Genus species Unclassified.,
DOMAINS
3	Query_87	Specific	334321	47	384	4.14576e-38	142.6	pfam00940	RNA_pol	-	355471
ENDDOMAINS
ENDQUERY
QUERY	Query_88	Peptide	123	orf124_Masph1_feature_21_from_C_6, ORGANISM Genus species Unclassified.,
DOMAINS
3	Query_88	Non-specific	273636	1	82	6.03416e-12	59.7069	TIGR01453	grpIintron_endo	C	45
ENDDOMAINS
ENDQUERY
QUERY	Query_91	Peptide	123	orf124_Masph1_feature_27_from_C_6, ORGANISM Genus species Unclassified.,
DOMAINS
3	Query_91	Non-specific	273636	1	82	6.03416e-12	59.7069	TIGR01453	grpIintron_endo	C	45
ENDDOMAINS
ENDQUERY
QUERY	Query_92	Peptide	457	orf457_Masph1_feature_29_from_C_6, ORGANISM Genus species Unclassified.,
DOMAINS
3	Query_92	Specific	334321	47	384	4.14576e-38	142.6	pfam00940	RNA_pol	-	355471
ENDDOMAINS
ENDQUERY
QUERY	Query_93	Peptide	1432	orf1431_Masph1_feature_31_from_C_6, ORGANISM Genus species Unclassified.,
DOMAINS
3	Query_93	Specific	281206	456	893	2.12871e-70	243.795	pfam03175	DNA_pol_B_2	-	355698
3	Query_93	Non-specific	223494	876	1021	3.49541e-06	51.6563	COG0417	PolB	N	45
ENDDOMAINS
ENDQUERY
QUERY	Query_95	Peptide	156	orf156_Masph1_feature_35_from_C_6, ORGANISM Genus species Unclassified.,
DOMAINS
3	Query_95	Specific	334321	1	105	2.8962e-09	54.0037	pfam00940	RNA_pol	N	355471
ENDDOMAINS
ENDQUERY
QUERY	Query_96	Peptide	955	orf954_Masph1_feature_2_from_C_7, ORGANISM Genus species Unclassified.,
DOMAINS
3	Query_96	Specific	281206	456	893	2.24918e-71	243.795	pfam03175	DNA_pol_B_2	-	355698
ENDDOMAINS
ENDQUERY
ENDSESSION	3
SESSION	4	blastp	2.10.0+	/opt/rpsbproc/db/Cdd	BLOSUM62	0.01
QUERY	Query_98	Peptide	121	orf121_Masph1_feature_6_from_C_7, ORGANISM Genus species Unclassified.,
DOMAINS
4	Query_98	Specific	334321	1	70	2.88012e-06	44.3737	pfam00940	RNA_pol	N	355471
ENDDOMAINS
ENDQUERY
QUERY	Query_99	Peptide	164	orf164_Masph1_feature_8_from_C_7, ORGANISM Genus species Unclassified.,
DOMAINS
4	Query_99	Superfamily	355471	15	127	1.22265e-12	64.2742	cl25973	RNA_pol	NC	-
ENDDOMAINS
ENDQUERY
QUERY	Query_100	Peptide	371	nad1_Masph1_feature_10_from_C_7, ORGANISM Genus species Unclassified.,
DOMAINS
4	Query_100	Specific	333876	12	354	9.12343e-120	348.693	pfam00146	NADHdh	-	351105
ENDDOMAINS
ENDQUERY
QUERY	Query_105	Peptide	221	atp6_Masph1_feature_25_from_C_7, ORGANISM Genus species Unclassified.,
DOMAINS
4	Query_105	Superfamily	351082	31	152	5.45174e-18	78.7872	cl00413	ATP-synt_A	C	-
ENDDOMAINS
ENDQUERY
ENDSESSION	4
ENDDATA
