#Post-RPSBLAST Processing Utility

#Input data file:	Melme_tre1_MitoAssemblyScaffolds.fasta.new.sqn.gbf_converted.faa.asn
#Output data file:	Melme_tre1_MitoAssemblyScaffolds.fasta.new.sqn.gbf_converted.faa.asn.out
#Annotation data at:	/opt/rpsbproc/data
#E-Value cutoff:	0.01
#Redundancy:	Concise
#Data requested:	Domain hits and site annotations
#Output format -- tab-delimited table
#Show superfamilies: NO
#DATA
#SESSION	<session-ordinal>	<program>	<database>	<score-matrix>	<evalue-threshold>
#QUERY	<query-id>	<seq-type>	<seq-length>	<definition-line>
#DOMAINS
#<session-ordinal>	<query-id[readingframe]>	<hit-type>	<PSSM-ID>	<from>	<to>	<E-Value>	<bitscore>	<accession>	<short-name>	<incomplete>	<superfamily PSSM-ID>
#more such lines......
#ENDDOMAINS
#SITES
#<session-ordinal>	<query-id[readingframe]>	<annot-type>	<title>	<residue(coordinates)>	<complete-size>	<mapped-size>	<source-domain>
#more such lines......
#ENDSITES
#MOTIFS
#<session-ordinal>	<query-id[readingframe]>	<title>	<from>	<to>	<source-domain>
#more such lines......
#ENDMOTIFS
#ENDQUERY	<query-id>
#more query sections..
#ENDSESSION	<session-ordinal>
#more session sections..
#ENDDATA
#=====================================================================
DATA
SESSION	1	blastp	2.10.0+	/opt/rpsbproc/db/Cdd	BLOSUM62	0.01
QUERY	Query_1	Peptide	86	nad4L_Melme_feature_6_from_C_0, ORGANISM Genus species Unclassified.,
DOMAINS
1	Query_1	Superfamily	351118	1	86	1.98082e-15	64.6681	cl00492	Oxidored_q2	-	-
ENDDOMAINS
ENDQUERY
QUERY	Query_2	Peptide	658	nad5_Melme_feature_8_from_C_0, ORGANISM Genus species Unclassified.,
DOMAINS
1	Query_2	Non-specific	214400	1	621	0	548.909	MTH00020	ND5	-	45
ENDDOMAINS
ENDQUERY
QUERY	Query_4	Peptide	172	orf173_Melme_feature_19_from_C_0, ORGANISM Genus species Unclassified.,
DOMAINS
1	Query_4	Specific	334330	43	141	1.07015e-18	76.121	pfam00961	LAGLIDADG_1	-	45
ENDDOMAINS
ENDQUERY
QUERY	Query_5	Peptide	73	atp9_Melme_feature_27_from_C_0, ORGANISM Genus species Unclassified.,
DOMAINS
1	Query_5	Specific	349422	6	70	8.18397e-21	76.7795	cd18182	ATP-synt_Fo_c_ATP5G3	-	365782
ENDDOMAINS
SITES
ENDSITES
ENDQUERY
QUERY	Query_6	Peptide	535	nad2_Melme_feature_37_from_C_0, ORGANISM Genus species Unclassified.,
DOMAINS
1	Query_6	Specific	235603	120	465	6.66281e-84	268.227	PRK05777	PRK05777	N	356474
ENDDOMAINS
ENDQUERY
QUERY	Query_7	Peptide	115	nad3_Melme_feature_39_from_C_0, ORGANISM Genus species Unclassified.,
DOMAINS
1	Query_7	Specific	334119	25	111	8.55401e-29	99.797	pfam00507	Oxidored_q4	-	351141
ENDDOMAINS
ENDQUERY
QUERY	Query_10	Peptide	255	atp6_Melme_feature_45_from_C_0, ORGANISM Genus species Unclassified.,
DOMAINS
1	Query_10	Specific	273458	23	252	5.05481e-48	158.138	TIGR01131	ATP_synt_6_or_A	-	351082
ENDDOMAINS
ENDQUERY
QUERY	Query_11	Peptide	253	cox2_Melme_feature_49_from_C_0, ORGANISM Genus species Unclassified.,
DOMAINS
1	Query_11	Non-specific	177126	15	252	1.9851e-107	309.789	MTH00051	COX2	-	45
ENDDOMAINS
ENDQUERY
QUERY	Query_12	Peptide	286	cox3_Melme_feature_53_from_C_0, ORGANISM Genus species Unclassified.,
DOMAINS
1	Query_12	Specific	278911	29	286	3.27825e-120	344.394	pfam00510	COX3	-	294143
ENDDOMAINS
SITES
1	Query_12	Specific	Subunit I/III interface	D99,R102,S103,S114,F117,S121,I122,H128,G216,A217,S220,F224	12	12	238834
1	Query_12	Specific	Subunit III/Vb interface	S183	1	1	238834
1	Query_12	Specific	Subunit III/VIa interface	F152,E153,I154,Y171,T197,I207,E208,A209,S214,D215,G216	11	11	238834
1	Query_12	Specific	Subunit III/VIb interface	P144	1	1	238834
1	Query_12	Specific	Subunit III/VIIa interface	L81,R84,D85,A88,A91,L92,G93	7	7	238834
1	Query_12	Specific	Phospholipid binding site	W82,F83,V86,S87,G90,H96,G107,V108,F111,F239,R246,L258,G259	13	13	238834
ENDSITES
ENDQUERY
QUERY	Query_14	Peptide	488	nad4_Melme_feature_62_from_C_0, ORGANISM Genus species Unclassified.,
DOMAINS
1	Query_14	Specific	235622	7	479	9.94115e-140	411.133	PRK05846	PRK05846	-	45
ENDDOMAINS
ENDQUERY
QUERY	Query_16	Peptide	387	cob_Melme_feature_74_from_C_0, ORGANISM Genus species Unclassified.,
DOMAINS
1	Query_16	Non-specific	214425	3	380	6.57953e-175	492.109	MTH00119	CYTB	-	45
ENDDOMAINS
ENDQUERY
QUERY	Query_17	Peptide	240	orf240_Melme_feature_78_from_C_0, ORGANISM Genus species Unclassified.,
DOMAINS
1	Query_17	Specific	335245	50	218	3.05611e-52	166.567	pfam03161	LAGLIDADG_2	-	45
ENDDOMAINS
ENDQUERY
QUERY	Query_19	Peptide	501	cox1_Melme_feature_87_from_C_0, ORGANISM Genus species Unclassified.,
DOMAINS
1	Query_19	Specific	238833	1	456	0	774.349	cd01663	Cyt_c_Oxidase_I	-	350997
ENDDOMAINS
SITES
1	Query_19	Specific	Binuclear center (heme a3/CuB)	H210,H259,H260,H345	4	4	238833
1	Query_19	Specific	Low-spin heme (heme a) binding site	H31,H347,S351,T393,S430	5	5	238833
1	Query_19	Specific	D-pathway	N50,D61,N68,S71,S126,S127,N133,T137	9	8	238833
1	Query_19	Specific	K-pathway	H210,Y214,S225,H259,H260,T285,K288	7	7	238833
1	Query_19	Specific	Electron transfer pathway	F346,R407,R408	3	3	238833
1	Query_19	Specific	Putative proton exit pathway	H260,H337,D338,R407,R408	5	5	238833
1	Query_19	Specific	Putative water exit pathway	D197,Q202,H203,D333,H337,D338,R407	7	7	238833
1	Query_19	Specific	Subunit I/II interface	N25,D197,K234,F237,G238,A263,V264,G265,V268,R271,I279,I287,F290,Y297,G298,G299,L311,N329,A330,L332,V334,A335,L336,H337,D338,L402,A403,R407,R408,I409,G418,W419	32	32	238833
1	Query_19	Specific	Subunit I/III interface	P60,F64,R66,W73,D114,F118,T136,N140,V160,L167,P170,M178,T187,A188,F189,A194,G195,D197,F207,Y244,M247,G250,L251,V255	25	24	238833
1	Query_19	Specific	Subunit I/IV interface	L7,S10,A11,S377,R380,L381,D414,I432	8	8	238833
1	Query_19	Specific	Subunit I/VIa interface	L105,R183,N184,F185,N186	5	5	238833
1	Query_19	Specific	Subunit I/VIb interface	G265	1	1	238833
1	Query_19	Specific	Subunit I/VIc interface	G298	1	1	238833
1	Query_19	Specific	Subunit I/VIIa interface	A84,L87	2	2	238833
1	Query_19	Specific	Subunit I/VIIb interface	D414,G418	2	2	238833
1	Query_19	Specific	Subunit I/VIIIb interface	L378,I435	2	2	238833
1	Query_19	Specific	Dimer interface	V160,L167,F207,Y244,M247,G250,L251,V255	8	8	238833
ENDSITES
ENDQUERY
QUERY	Query_20	Peptide	383	orf383_Melme_feature_93_from_C_0, ORGANISM Genus species Unclassified.,
DOMAINS
1	Query_20	Specific	334330	218	335	1.85052e-07	48.7719	pfam00961	LAGLIDADG_1	-	45
ENDDOMAINS
ENDQUERY
QUERY	Query_21	Peptide	213	nad6_Melme_feature_100_from_C_0, ORGANISM Genus species Unclassified.,
DOMAINS
1	Query_21	Superfamily	354830	1	197	2.57458e-11	60.0145	cl21484	Oxidored_q3	-	-
ENDDOMAINS
ENDQUERY
QUERY	Query_22	Peptide	332	nad1_Melme_feature_106_from_C_0, ORGANISM Genus species Unclassified.,
DOMAINS
1	Query_22	Specific	333876	12	319	1.35939e-117	341.375	pfam00146	NADHdh	-	351105
ENDDOMAINS
ENDQUERY
QUERY	Query_23	Peptide	162	atpF_Melme_feature_2_from_C_1, ORGANISM Genus species Unclassified.,
DOMAINS
1	Query_23	Specific	176962	34	162	1.58079e-77	228.211	CHL00019	atpF	N	354827
ENDDOMAINS
ENDQUERY
QUERY	Query_24	Peptide	507	atpA_Melme_feature_4_from_C_1, ORGANISM Genus species Unclassified.,
DOMAINS
1	Query_24	Specific	176999	23	507	0	1087.69	CHL00059	atpA	-	45
ENDDOMAINS
ENDQUERY
QUERY	Query_25	Peptide	36	psbI_Melme_feature_10_from_C_1, ORGANISM Genus species Unclassified.,
DOMAINS
1	Query_25	Specific	176966	1	36	1.96878e-16	63.5363	CHL00024	psbI	-	332231
ENDDOMAINS
ENDQUERY
QUERY	Query_26	Peptide	86	psbK_Melme_feature_12_from_C_1, ORGANISM Genus species Unclassified.,
DOMAINS
1	Query_26	Specific	214347	7	64	9.5754e-24	84.7229	CHL00047	psbK	-	332230
ENDDOMAINS
ENDQUERY
QUERY	Query_27	Peptide	510	orf510_Melme_feature_16_from_C_1, ORGANISM Genus species Unclassified.,
DOMAINS
1	Query_27	Specific	214331	3	510	0	905.815	CHL00002	matK	-	332935
ENDDOMAINS
ENDQUERY
QUERY	Query_28	Peptide	353	psbA_Melme_feature_18_from_C_1, ORGANISM Genus species Unclassified.,
DOMAINS
1	Query_28	Specific	130221	1	353	0	716.717	TIGR01151	psbA	-	352857
ENDDOMAINS
SITES
1	Query_28	Specific	chlorophyll binding site	F33,L36,P39,T40,T45,F93,Y94,P95,I96,W97,L114,H118,F119,L121,M127,G128,W131,Y147,A149,P150,V151,A153,A154,V157,F158,M172,I176,T179,M183,I184,F186,Q187,L193,H198,M199,G201,V202,A203,V205,F206,G207,L210,V281,F285,T286,A287,I290	47	47	187747
1	Query_28	Specific	pheophytin binding site	L41,A44,T45,F48,I115,F119,Y126,E130,A146,Y147,P150,L174,F206,S209,L210,A213,M214,F255,L258,P279	20	20	187747
1	Query_28	Specific	quinone binding site	F211,M214,H215,L218,A251,H252,F255,I259,A263,S264,F265,L271	12	12	187747
1	Query_28	Specific	Fe binding site	H215,H272	2	2	187747
1	Query_28	Specific	oxygen evolving complex binding site	D170,E189,H332,E333,D342	5	5	187747
1	Query_28	Specific	bromide binding site	N181,H332,E333,H337,N338,F339	6	6	187747
1	Query_28	Specific	beta carotene binding site	V35,I38,P39,L42,T43,S46,V47,I50,W105,L106	10	10	187747
1	Query_28	Specific	D2 interface	L28,Y29,D61,E65,V67,S68,G69,N76,I83,Y126,R129,E130,L133,S134,M139,R140,P141,W142,I143,A146,P173,S177,G178,F180,N181,I184,L193,M194,V205,F206,G208,S209,F211,S212,A213,H215,G216,S217,V219,T220,S221,L223,A233,N234,G236,Y237,F239,G240,E242,E243,E244,T245,Y246,N247,I248,V249,G253,Y254,R257,L258,F260,Q261,Y262,N267,S268,R269,H272,F273,L275,A276,P279,F300,F302,V306,I314,N315,T316,W317,A318,I320,I321,R323,A324,N325,G327,M328,V330,M331,R334,N335,H337,N338,F339,P340	94	94	187747
1	Query_28	Specific	CP43 interface	G62,I63,A87,I89,L91,H92,F93,L117,M127,W131,S134,F135,R136,L137,G138,M139,P141,W142,A144,V145,S148,A152,I160,I163,G164,G166,S167,D170,E189,H190,N191,E242,W284,L288,S291,T292,F295,N296,L297,N298,G299,F300,N301,F302,N303,Q304,S305,N322,N325,L326,E329,E333,N335,A336,H337,N338,F339,P340,L341,D342,L343,A344	62	62	187747
1	Query_28	Specific	core light harvesting interface	S222,L223,I224,R225,E226,T228,E229,E231,R257	9	9	187747
1	Query_28	Specific	cytochrome b559 alpha subunit interface	R257,Y262,D308,S309,Q310,R312,V313,I314	8	8	187747
1	Query_28	Specific	protein I interface	W14,F17,T22,W32,F33,V35,L36,P39,I96,W97,W131,F135,R136,G138	14	14	187747
1	Query_28	Specific	protein J interface	S305,V306,V307	3	3	187747
1	Query_28	Specific	protein L interface	N76,I77,E231	3	3	187747
1	Query_28	Specific	manganese-stabilizing polypeptide interface	P57,R64,E65,I89,Y94,E98,A99,D103,E104,Y107,N108,R334,N335	13	13	187747
1	Query_28	Specific	protein T interface	L28,I53,L71,L72,N75,N76,I77,R238,F239	9	9	187747
1	Query_28	Specific	cytochrome c-550 interface	Q304,D308,S309,Q310,G311,R312,V313,D319,R323,E329	10	10	187747
ENDSITES
ENDQUERY
QUERY	Query_29	Peptide	92	rps19_Melme_feature_22_from_C_1, ORGANISM Genus species Unclassified.,
DOMAINS
1	Query_29	Specific	176991	1	92	5.24379e-63	185.125	CHL00050	rps19	-	351046
ENDDOMAINS
ENDQUERY
QUERY	Query_30	Peptide	274	rpl2_Melme_feature_24_from_C_1, ORGANISM Genus species Unclassified.,
DOMAINS
1	Query_30	Specific	176993	1	273	0	523.659	CHL00052	rpl2	-	45
ENDDOMAINS
ENDQUERY
QUERY	Query_31	Peptide	93	rpl23_Melme_feature_29_from_C_1, ORGANISM Genus species Unclassified.,
DOMAINS
1	Query_31	Specific	176971	1	93	7.7889e-59	174.72	CHL00030	rpl23	-	351029
ENDDOMAINS
ENDQUERY
QUERY	Query_32	Peptide	2282	ftsH_Melme_feature_33_from_C_1, ORGANISM Genus species Unclassified.,
DOMAINS
1	Query_32	Specific	214396	1	2282	0	4217	CHL00206	ycf2	-	45
ENDDOMAINS
ENDQUERY
ENDSESSION	1
SESSION	2	blastp	2.10.0+	/opt/rpsbproc/db/Cdd	BLOSUM62	0.01
QUERY	Query_33	Peptide	510	ndhB_Melme_feature_37_from_C_1, ORGANISM Genus species Unclassified.,
DOMAINS
2	Query_33	Specific	176990	17	510	0	814.238	CHL00049	ndhB	-	45
ENDDOMAINS
ENDQUERY
QUERY	Query_35	Peptide	155	rps7_Melme_feature_44_from_C_1, ORGANISM Genus species Unclassified.,
DOMAINS
2	Query_35	Specific	176994	1	155	3.07308e-101	286.78	CHL00053	rps7	-	351018
ENDDOMAINS
SITES
2	Query_35	Specific	rRNA binding site	N28,R29,I30,G34,K35,K36,S37,L38,Q41,I42,K76,H85,T94,Q95,A98,R102,R109,N115,M116,K119	20	20	271250
2	Query_35	Specific	S11 interface	R149	1	1	271250
2	Query_35	Specific	S9 interface	S37,Y40,Q41,Y44	4	4	271250
ENDSITES
ENDQUERY
QUERY	Query_36	Peptide	26	rps12_Melme_feature_46_from_C_1, ORGANISM Genus species Unclassified.,
DOMAINS
2	Query_36	Superfamily	351017	2	24	1.73482e-10	50.0261	cl00312	Ribosomal_S12_like	N	-
ENDDOMAINS
SITES
2	Query_36	Generic	16S/18S rRNA interaction site	T9	24	1	238196
ENDSITES
ENDQUERY
QUERY	Query_43	Peptide	656	nad5_Melme_feature_2_from_C_2, ORGANISM Genus species Unclassified.,
DOMAINS
2	Query_43	Non-specific	177253	1	628	0	601.997	MTH00210	ND5	-	45
ENDDOMAINS
ENDQUERY
QUERY	Query_44	Peptide	222	nad6_Melme_feature_6_from_C_2, ORGANISM Genus species Unclassified.,
DOMAINS
2	Query_44	Superfamily	354830	24	218	7.28146e-19	80.4301	cl21484	Oxidored_q3	-	-
ENDDOMAINS
ENDQUERY
QUERY	Query_45	Peptide	74	atp9_Melme_feature_10_from_C_2, ORGANISM Genus species Unclassified.,
DOMAINS
2	Query_45	Specific	349422	6	70	7.88639e-20	74.4683	cd18182	ATP-synt_Fo_c_ATP5G3	-	365782
ENDDOMAINS
SITES
ENDSITES
ENDQUERY
QUERY	Query_46	Peptide	122	nad3_Melme_feature_12_from_C_2, ORGANISM Genus species Unclassified.,
DOMAINS
2	Query_46	Specific	334119	19	112	2.58963e-15	65.5142	pfam00507	Oxidored_q4	-	351141
ENDDOMAINS
ENDQUERY
QUERY	Query_47	Peptide	566	nad2_Melme_feature_14_from_C_2, ORGANISM Genus species Unclassified.,
DOMAINS
2	Query_47	Specific	235603	26	481	4.92681e-80	258.983	PRK05777	PRK05777	-	356474
ENDDOMAINS
ENDQUERY
QUERY	Query_48	Peptide	388	cob_Melme_feature_16_from_C_2, ORGANISM Genus species Unclassified.,
DOMAINS
2	Query_48	Specific	214440	10	367	0	512.79	MTH00156	CYTB	-	45
ENDDOMAINS
ENDQUERY
QUERY	Query_49	Peptide	250	cox2_Melme_feature_18_from_C_2, ORGANISM Genus species Unclassified.,
DOMAINS
2	Query_49	Specific	214438	18	247	3.10164e-112	321.393	MTH00154	COX2	-	45
ENDDOMAINS
ENDQUERY
QUERY	Query_50	Peptide	358	nad1_Melme_feature_30_from_C_2, ORGANISM Genus species Unclassified.,
DOMAINS
2	Query_50	Specific	333876	25	341	2.52481e-113	331.745	pfam00146	NADHdh	-	351105
ENDDOMAINS
ENDQUERY
QUERY	Query_54	Peptide	492	nad4_Melme_feature_78_from_C_2, ORGANISM Genus species Unclassified.,
DOMAINS
2	Query_54	Specific	235622	39	491	2.41099e-124	371.843	PRK05846	PRK05846	-	45
ENDDOMAINS
ENDQUERY
QUERY	Query_55	Peptide	463	cox1_Melme_feature_82_from_C_2, ORGANISM Genus species Unclassified.,
DOMAINS
2	Query_55	Specific	238833	1	447	0	735.829	cd01663	Cyt_c_Oxidase_I	-	350997
ENDDOMAINS
SITES
2	Query_55	Specific	Binuclear center (heme a3/CuB)	H176,H225,H226,H311	4	4	238833
2	Query_55	Specific	D-pathway	N16,D27,N34,S37,S92,S93,N99,T103	9	8	238833
2	Query_55	Specific	K-pathway	H176,Y180,S191,H225,H226,T251,K254	7	7	238833
2	Query_55	Specific	Electron transfer pathway	F312,R373,R374	3	3	238833
2	Query_55	Specific	Putative proton exit pathway	H226,H303,D304,R373,R374	5	5	238833
2	Query_55	Specific	Putative water exit pathway	D163,Q168,H169,D299,H303,D304,R373	7	7	238833
2	Query_55	Specific	Subunit I/II interface	D163,K200,F203,G204,S229,V230,G231,V234,R237,L245,I253,F256,Y263,G264,G265,L277,N295,A296,L298,I300,A301,F302,H303,D304,L368,Q369,R373,R374,I375,G384,W385	32	31	238833
2	Query_55	Specific	Subunit I/III interface	P26,F30,R32,W39,D80,F84,T102,N106,V126,L133,P136,M144,T153,S154,F155,G160,G161,D163,F173,Y210,M213,G216,V217,V221	25	24	238833
2	Query_55	Specific	Subunit I/Vb interface	S201,Y205,C446	3	3	238833
2	Query_55	Specific	Subunit I/VIa interface	I71,R149,N150,F151,N152	5	5	238833
2	Query_55	Specific	Subunit I/VIb interface	G231	1	1	238833
2	Query_55	Specific	Subunit I/VIc interface	G264	1	1	238833
2	Query_55	Specific	Subunit I/VIIa interface	F50,T53	2	2	238833
2	Query_55	Specific	Subunit I/VIIb interface	D380,G384	2	2	238833
2	Query_55	Specific	Subunit I/VIIIb interface	L344,W401	2	2	238833
2	Query_55	Specific	Dimer interface	V126,L133,F173,Y210,M213,G216,V217,V221	8	8	238833
ENDSITES
ENDQUERY
QUERY	Query_56	Peptide	48	atp8_Melme_feature_84_from_C_2, ORGANISM Genus species Unclassified.,
DOMAINS
2	Query_56	Non-specific	283561	1	48	6.08273e-09	45.475	pfam05933	Fun_ATP-synt_8	-	45
ENDDOMAINS
ENDQUERY
QUERY	Query_57	Peptide	257	atp6_Melme_feature_86_from_C_2, ORGANISM Genus species Unclassified.,
DOMAINS
2	Query_57	Specific	273458	31	254	7.31007e-45	150.434	TIGR01131	ATP_synt_6_or_A	-	351082
ENDDOMAINS
ENDQUERY
QUERY	Query_58	Peptide	269	cox3_Melme_feature_90_from_C_2, ORGANISM Genus species Unclassified.,
DOMAINS
2	Query_58	Specific	278911	12	269	2.97043e-123	351.328	pfam00510	COX3	-	294143
ENDDOMAINS
SITES
2	Query_58	Specific	Subunit I/III interface	A82,R85,G86,S97,L100,A104,I105,H111,G199,A200,S203,F207	12	12	238834
2	Query_58	Specific	Subunit III/Vb interface	G166	1	1	238834
2	Query_58	Specific	Subunit III/VIa interface	F135,E136,L137,Y154,I180,S190,V191,S192,S197,D198,G199	11	11	238834
2	Query_58	Specific	Subunit III/VIb interface	M127	1	1	238834
2	Query_58	Specific	Subunit III/VIIa interface	F64,R67,D68,S71,T74,Y75,L76	7	7	238834
2	Query_58	Specific	Phospholipid binding site	W65,F66,V69,V70,G73,H79,G90,V91,F94,F222,R229,L241,G242	13	13	238834
ENDSITES
ENDQUERY
QUERY	Query_60	Peptide	66	nad4L_Melme_feature_94_from_C_2, ORGANISM Genus species Unclassified.,
DOMAINS
2	Query_60	Superfamily	351118	3	66	2.04854e-08	46.2102	cl00492	Oxidored_q2	C	-
ENDDOMAINS
ENDQUERY
QUERY	Query_61	Peptide	1816	orf1816_Melme_feature_2_from_C_3, ORGANISM Genus species Unclassified.,
DOMAINS
2	Query_61	Specific	238827	1212	1494	2.71347e-33	128.948	cd01650	RT_nLTR_like	-	295487
2	Query_61	Specific	335306	601	813	1.32684e-08	57.255	pfam03372	Exo_endo_phos	-	351117
2	Query_61	Specific	308206	206	395	0.00455967	41.8813	pfam02463	SMC_N	NC	45
ENDDOMAINS
SITES
2	Query_61	Specific	putative active site	D1302,F1303,Q1304,K1305,A1306,F1307,E1361,G1362,Y1402,D1404,D1405,L1490,G1491	13	13	238827
2	Query_61	Specific	putative nucleic acid binding site	G1362	1	1	238827
2	Query_61	Specific	putative NTP binding site	D1302,F1303,Q1304,K1305,A1306,F1307,E1361,D1404	8	8	238827
2	Query_61	Generic	putative catalytic site	N604,E631,Y700,D739,N741,D782,D812,H813	8	8	197306
2	Query_61	Generic	putative metal binding site	E631,D812	2	2	197306
2	Query_61	Generic	putative phosphate binding site	Y700,N741,H813	3	3	197306
ENDSITES
ENDQUERY
QUERY	Query_66	Peptide	323	orf322_Melme_feature_2_from_C_4, ORGANISM Genus species Unclassified.,
DOMAINS
2	Query_66	Superfamily	295487	15	152	5.78173e-12	63.8494	cl02808	RT_like	N	-
ENDDOMAINS
SITES
2	Query_66	Generic	active site	E19,G20,Y60,D62,D63,L148,G149	13	7	238185
2	Query_66	Generic	nucleic acid binding site	G20	1	1	238185
2	Query_66	Generic	NTP binding site	E19,D62	8	2	238185
ENDSITES
ENDQUERY
QUERY	Query_67	Peptide	912	orf912_Melme_feature_4_from_C_4, ORGANISM Genus species Unclassified.,
DOMAINS
2	Query_67	Specific	335306	212	424	4.37916e-09	57.6402	pfam03372	Exo_endo_phos	-	351117
ENDDOMAINS
SITES
2	Query_67	Generic	putative catalytic site	N215,E242,Y311,D350,N352,D393,D423,H424	8	8	197306
2	Query_67	Generic	putative metal binding site	E242,D423	2	2	197306
2	Query_67	Generic	putative phosphate binding site	Y311,N352,H424	3	3	197306
ENDSITES
ENDQUERY
ENDSESSION	2
SESSION	3	blastp	2.10.0+	/opt/rpsbproc/db/Cdd	BLOSUM62	0.01
QUERY	Query_71	Peptide	256	orf256_Melme_feature_12_from_C_4, ORGANISM Genus species Unclassified.,
DOMAINS
3	Query_71	Non-specific	223021	2	105	0.00182892	39.5365	PHA03247	PHA03247	N	45
ENDDOMAINS
ENDQUERY
QUERY	Query_74	Peptide	407	psbC_Melme_feature_2_from_C_5, ORGANISM Genus species Unclassified.,
DOMAINS
3	Query_74	Specific	214343	1	407	0	887.145	CHL00035	psbC	-	324210
ENDDOMAINS
ENDQUERY
QUERY	Query_75	Peptide	83	psbZ_Melme_feature_6_from_C_5, ORGANISM Genus species Unclassified.,
DOMAINS
3	Query_75	Specific	177021	1	62	1.26951e-25	89.3093	CHL00082	psbZ	-	332328
ENDDOMAINS
ENDQUERY
QUERY	Query_76	Peptide	100	rps14_Melme_feature_12_from_C_5, ORGANISM Genus species Unclassified.,
DOMAINS
3	Query_76	Specific	214354	1	100	3.04347e-66	193.87	CHL00074	rps14	-	351051
ENDDOMAINS
ENDQUERY
QUERY	Query_77	Peptide	734	psaB_Melme_feature_14_from_C_5, ORGANISM Genus species Unclassified.,
DOMAINS
3	Query_77	Specific	176995	1	734	0	1591.29	CHL00054	psaB	-	324211
ENDDOMAINS
ENDQUERY
QUERY	Query_78	Peptide	750	psaA_Melme_feature_16_from_C_5, ORGANISM Genus species Unclassified.,
DOMAINS
3	Query_78	Specific	176996	1	750	0	1596.32	CHL00056	psaA	-	324211
ENDDOMAINS
ENDQUERY
QUERY	Query_79	Peptide	168	ycf3_Melme_feature_18_from_C_5, ORGANISM Genus species Unclassified.,
DOMAINS
3	Query_79	Specific	176974	1	168	7.33912e-131	362.788	CHL00033	ycf3	-	45
ENDDOMAINS
ENDQUERY
QUERY	Query_80	Peptide	201	rps4_Melme_feature_27_from_C_5, ORGANISM Genus species Unclassified.,
DOMAINS
3	Query_80	Specific	177038	1	201	3.59874e-144	399.204	CHL00113	rps4	-	45
ENDDOMAINS
ENDQUERY
QUERY	Query_106	Peptide	33	petL_Melme_feature_2_from_C_12, ORGANISM Genus species Unclassified.,
DOMAINS
3	Query_106	Specific	177035	1	31	0.000106712	33.8089	CHL00106	petL	-	45
ENDDOMAINS
ENDQUERY
QUERY	Query_107	Peptide	51	petG_Melme_feature_4_from_C_12, ORGANISM Genus species Unclassified.,
DOMAINS
3	Query_107	Specific	176951	1	37	8.95013e-15	60.1069	CHL00008	petG	-	329105
ENDDOMAINS
ENDQUERY
QUERY	Query_108	Peptide	44	psaJ_Melme_feature_10_from_C_12, ORGANISM Genus species Unclassified.,
DOMAINS
3	Query_108	Specific	177034	1	42	3.18165e-19	70.8389	CHL00105	psaJ	-	329101
ENDDOMAINS
ENDQUERY
QUERY	Query_109	Peptide	66	rpl33_Melme_feature_12_from_C_12, ORGANISM Genus species Unclassified.,
DOMAINS
3	Query_109	Specific	177033	1	66	2.91926e-38	120.849	CHL00104	rpl33	-	351066
ENDDOMAINS
ENDQUERY
QUERY	Query_110	Peptide	101	rps18_Melme_feature_14_from_C_12, ORGANISM Genus species Unclassified.,
DOMAINS
3	Query_110	Specific	177016	1	86	9.75199e-41	129.319	CHL00077	rps18	-	351060
ENDDOMAINS
ENDQUERY
QUERY	Query_111	Peptide	117	rpl20_Melme_feature_16_from_C_12, ORGANISM Genus species Unclassified.,
DOMAINS
3	Query_111	Specific	214352	1	117	1.53359e-46	145.348	CHL00068	rpl20	-	351073
ENDDOMAINS
SITES
3	Query_111	Specific	23S rRNA binding site	K16,T21,S22,S23,F24,R25,G26,A27,H28,R30,L31,T32,R33,I36,Q37,K41,A42,S45,A46,Y47,R48,D49,R50,D51,R52,H53,K54,R55,N56,F57,R58,C59,W61,V62,T63,N66,R70,Y76,S77,I82,N83,Y86,R94,K95,I96	54	45	197305
3	Query_111	Specific	L21 binding site	I36,I40,L43,F44,A46,Y47,R50,L91,L92,N93,R94,L97,L103,N104,L110,I111	16	16	197305
3	Query_111	Specific	L13 binding site	F57,L60,W61,R64,A67,A68,R70,I96,Q99,I102	10	10	197305
ENDSITES
ENDQUERY
ENDSESSION	3
ENDDATA
