#Post-RPSBLAST Processing Utility

#Input data file:	MelPMI1271_1_MitoAssemblyScaffolds.fasta.new.sqn.gbf_converted.faa.asn
#Output data file:	MelPMI1271_1_MitoAssemblyScaffolds.fasta.new.sqn.gbf_converted.faa.asn.out
#Annotation data at:	/opt/rpsbproc/data
#E-Value cutoff:	0.01
#Redundancy:	Concise
#Data requested:	Domain hits and site annotations
#Output format -- tab-delimited table
#Show superfamilies: NO
#DATA
#SESSION	<session-ordinal>	<program>	<database>	<score-matrix>	<evalue-threshold>
#QUERY	<query-id>	<seq-type>	<seq-length>	<definition-line>
#DOMAINS
#<session-ordinal>	<query-id[readingframe]>	<hit-type>	<PSSM-ID>	<from>	<to>	<E-Value>	<bitscore>	<accession>	<short-name>	<incomplete>	<superfamily PSSM-ID>
#more such lines......
#ENDDOMAINS
#SITES
#<session-ordinal>	<query-id[readingframe]>	<annot-type>	<title>	<residue(coordinates)>	<complete-size>	<mapped-size>	<source-domain>
#more such lines......
#ENDSITES
#MOTIFS
#<session-ordinal>	<query-id[readingframe]>	<title>	<from>	<to>	<source-domain>
#more such lines......
#ENDMOTIFS
#ENDQUERY	<query-id>
#more query sections..
#ENDSESSION	<session-ordinal>
#more session sections..
#ENDDATA
#=====================================================================
DATA
SESSION	1	blastp	2.10.0+	/opt/rpsbproc/db/Cdd	BLOSUM62	0.01
QUERY	Query_2	Peptide	248	nad6_MelPMI1271_feature_4_from_C_0, ORGANISM Genus species Unclassified.,
DOMAINS
1	Query_2	Superfamily	354830	22	114	7.57966e-19	81.4209	cl21484	Oxidored_q3	C	-
ENDDOMAINS
ENDQUERY
QUERY	Query_3	Peptide	259	atp6_MelPMI1271_feature_17_from_C_0, ORGANISM Genus species Unclassified.,
DOMAINS
1	Query_3	Specific	273458	34	256	1.01962e-48	160.064	TIGR01131	ATP_synt_6_or_A	-	351082
ENDDOMAINS
ENDQUERY
QUERY	Query_4	Peptide	48	atp8_MelPMI1271_feature_19_from_C_0, ORGANISM Genus species Unclassified.,
DOMAINS
1	Query_4	Specific	283561	1	48	4.41213e-10	48.1714	pfam05933	Fun_ATP-synt_8	-	45
ENDDOMAINS
ENDQUERY
QUERY	Query_5	Peptide	487	nad4_MelPMI1271_feature_21_from_C_0, ORGANISM Genus species Unclassified.,
DOMAINS
1	Query_5	Specific	235622	1	484	8.50121e-130	385.71	PRK05846	PRK05846	-	45
ENDDOMAINS
ENDQUERY
QUERY	Query_7	Peptide	361	nad1_MelPMI1271_feature_25_from_C_0, ORGANISM Genus species Unclassified.,
DOMAINS
1	Query_7	Specific	333876	14	344	1.184e-117	342.915	pfam00146	NADHdh	-	351105
ENDDOMAINS
ENDQUERY
QUERY	Query_8	Peptide	74	atp9_MelPMI1271_feature_29_from_C_0, ORGANISM Genus species Unclassified.,
DOMAINS
1	Query_8	Specific	349422	6	70	2.90703e-19	72.9275	cd18182	ATP-synt_Fo_c_ATP5G3	-	365782
ENDDOMAINS
SITES
ENDSITES
ENDQUERY
QUERY	Query_10	Peptide	570	cox1_MelPMI1271_feature_37_from_C_0, ORGANISM Genus species Unclassified.,
DOMAINS
1	Query_10	Specific	238833	53	554	0	829.433	cd01663	Cyt_c_Oxidase_I	-	350997
ENDDOMAINS
SITES
1	Query_10	Specific	Binuclear center (heme a3/CuB)	H283,H332,H333,H418	4	4	238833
1	Query_10	Specific	Low-spin heme (heme a) binding site	H104,H420,S424,T466,S503	5	5	238833
1	Query_10	Specific	D-pathway	Y61,N123,D134,N141,S144,S199,S200,N206,T210	9	9	238833
1	Query_10	Specific	K-pathway	H283,Y287,S298,H332,H333,T358,K361	7	7	238833
1	Query_10	Specific	Electron transfer pathway	F419,R480,R481	3	3	238833
1	Query_10	Specific	Putative proton exit pathway	H333,H410,D411,R480,R481	5	5	238833
1	Query_10	Specific	Putative water exit pathway	D270,Q275,H276,D406,H410,D411,R480	7	7	238833
1	Query_10	Specific	Subunit I/II interface	N98,D270,K307,F310,G311,T336,V337,G338,V341,R344,L352,I360,F363,Y370,G371,G372,L384,N402,A403,L405,I407,A408,F409,H410,D411,L475,Q476,R480,R481,I482,G491,W492	32	32	238833
1	Query_10	Specific	Subunit I/III interface	P133,F137,R139,W146,D187,F191,T209,N213,V233,L240,P243,M251,T260,S261,F262,G267,G268,D270,F280,Y317,M320,G323,V324,V328	25	24	238833
1	Query_10	Specific	Subunit I/IV interface	L81,S84,G85,M450,K453,V454,D487,V505	8	8	238833
1	Query_10	Specific	Subunit I/Vb interface	S308,Y312,A553	3	3	238833
1	Query_10	Specific	Subunit I/VIa interface	I178,R256,N257,F258,N259	5	5	238833
1	Query_10	Specific	Subunit I/VIb interface	G338	1	1	238833
1	Query_10	Specific	Subunit I/VIc interface	G371	1	1	238833
1	Query_10	Specific	Subunit I/VIIa interface	F157,G160	2	2	238833
1	Query_10	Specific	Subunit I/VIIb interface	D487,G491	2	2	238833
1	Query_10	Specific	Subunit I/VIIc interface	F67,L71,A74,L78,S159,G160,I442,Y515,L518	9	9	238833
1	Query_10	Specific	Subunit I/VIIIb interface	L451,W508	2	2	238833
1	Query_10	Specific	Dimer interface	V233,L240,F280,Y317,M320,G323,V324,V328	8	8	238833
ENDSITES
ENDQUERY
QUERY	Query_11	Peptide	274	orf274_MelPMI1271_feature_41_from_C_0, ORGANISM Genus species Unclassified.,
DOMAINS
1	Query_11	Non-specific	273636	54	255	5.88275e-28	106.701	TIGR01453	grpIintron_endo	-	45
ENDDOMAINS
ENDQUERY
QUERY	Query_12	Peptide	363	orf363_MelPMI1271_feature_45_from_C_0, ORGANISM Genus species Unclassified.,
DOMAINS
1	Query_12	Specific	334330	100	178	1.45066e-10	57.2463	pfam00961	LAGLIDADG_1	-	45
ENDDOMAINS
ENDQUERY
QUERY	Query_13	Peptide	317	orf317_MelPMI1271_feature_49_from_C_0, ORGANISM Genus species Unclassified.,
DOMAINS
1	Query_13	Specific	334330	187	284	1.04838e-14	68.8022	pfam00961	LAGLIDADG_1	-	45
1	Query_13	Specific	334330	82	157	0.000645607	38.3715	pfam00961	LAGLIDADG_1	-	45
ENDDOMAINS
ENDQUERY
QUERY	Query_14	Peptide	336	orf336_MelPMI1271_feature_53_from_C_0, ORGANISM Genus species Unclassified.,
DOMAINS
1	Query_14	Specific	334330	199	295	5.12816e-19	80.7434	pfam00961	LAGLIDADG_1	-	45
1	Query_14	Specific	334330	90	153	0.00508364	35.6751	pfam00961	LAGLIDADG_1	C	45
ENDDOMAINS
ENDQUERY
QUERY	Query_15	Peptide	387	cob_MelPMI1271_feature_56_from_C_0, ORGANISM Genus species Unclassified.,
DOMAINS
1	Query_15	Non-specific	214425	5	381	1.7062e-178	500.968	MTH00119	CYTB	-	45
ENDDOMAINS
ENDQUERY
QUERY	Query_16	Peptide	321	orf321_MelPMI1271_feature_60_from_C_0, ORGANISM Genus species Unclassified.,
DOMAINS
1	Query_16	Specific	334330	73	169	2.03036e-20	84.2102	pfam00961	LAGLIDADG_1	-	45
1	Query_16	Specific	334330	205	303	6.37477e-09	52.6239	pfam00961	LAGLIDADG_1	-	45
ENDDOMAINS
ENDQUERY
QUERY	Query_17	Peptide	665	nad5_MelPMI1271_feature_63_from_C_0, ORGANISM Genus species Unclassified.,
DOMAINS
1	Query_17	Non-specific	177253	1	628	0	610.472	MTH00210	ND5	-	45
ENDDOMAINS
ENDQUERY
QUERY	Query_18	Peptide	312	orf312_MelPMI1271_feature_67_from_C_0, ORGANISM Genus species Unclassified.,
DOMAINS
1	Query_18	Specific	334330	71	162	4.97754e-11	58.4019	pfam00961	LAGLIDADG_1	-	45
1	Query_18	Specific	334330	186	279	1.49558e-10	57.2463	pfam00961	LAGLIDADG_1	-	45
ENDDOMAINS
ENDQUERY
QUERY	Query_19	Peptide	89	nad4L_MelPMI1271_feature_70_from_C_0, ORGANISM Genus species Unclassified.,
DOMAINS
1	Query_19	Superfamily	351118	5	86	2.9422e-14	61.9718	cl00492	Oxidored_q2	-	-
ENDDOMAINS
ENDQUERY
QUERY	Query_21	Peptide	251	cox2_MelPMI1271_feature_76_from_C_0, ORGANISM Genus species Unclassified.,
DOMAINS
1	Query_21	Specific	214438	19	248	1.25731e-112	322.548	MTH00154	COX2	-	45
ENDDOMAINS
ENDQUERY
QUERY	Query_22	Peptide	417	nad3_MelPMI1271_feature_78_from_C_0, ORGANISM Genus species Unclassified.,
DOMAINS
1	Query_22	Specific	334119	19	113	2.41621e-17	76.685	pfam00507	Oxidored_q4	-	351141
1	Query_22	Specific	189968	226	265	2.19237e-07	47.4838	pfam01391	Collagen	C	45
ENDDOMAINS
ENDQUERY
QUERY	Query_23	Peptide	563	nad2_MelPMI1271_feature_80_from_C_0, ORGANISM Genus species Unclassified.,
DOMAINS
1	Query_23	Specific	235603	2	487	6.91086e-83	266.301	PRK05777	PRK05777	-	356474
ENDDOMAINS
ENDQUERY
QUERY	Query_24	Peptide	45	orf46_MelPMI1271_feature_94_from_C_0, ORGANISM Genus species Unclassified.,
DOMAINS
1	Query_24	Superfamily	353929	5	39	4.76996e-06	38.7461	cl15257	GIY-YIG_SF	C	-
ENDDOMAINS
SITES
1	Query_24	Generic	active site	H7,E18,G20,R28,Y32	6	5	198380
1	Query_24	Generic	catalytic site	R28	2	1	198380
1	Query_24	Generic	GIY-YIG motif/motif A	G5,I6,H7,E18,V19,G20	6	6	198380
ENDSITES
ENDQUERY
QUERY	Query_28	Peptide	269	cox3_MelPMI1271_feature_126_from_C_0, ORGANISM Genus species Unclassified.,
DOMAINS
1	Query_28	Specific	278911	12	269	3.27123e-135	381.758	pfam00510	COX3	-	294143
ENDDOMAINS
SITES
1	Query_28	Specific	Subunit I/III interface	A82,K85,G86,S97,L100,A104,I105,H111,G199,A200,T203,F207	12	12	238834
1	Query_28	Specific	Subunit III/Vb interface	G166	1	1	238834
1	Query_28	Specific	Subunit III/VIa interface	F135,E136,L137,Y154,V180,N190,V191,S192,S197,D198,G199	11	11	238834
1	Query_28	Specific	Subunit III/VIb interface	M127	1	1	238834
1	Query_28	Specific	Subunit III/VIIa interface	F64,R67,D68,S71,T74,Y75,L76	7	7	238834
1	Query_28	Specific	Phospholipid binding site	W65,W66,V69,I70,G73,H79,G90,V91,F94,F222,R229,L241,G242	13	13	238834
ENDSITES
ENDQUERY
ENDSESSION	1
ENDDATA
