#Post-RPSBLAST Processing Utility

#Input data file:	MorGBAus27b_1_MitoAssemblyScaffolds.fasta.new.sqn.gbf_converted.faa.asn
#Output data file:	MorGBAus27b_1_MitoAssemblyScaffolds.fasta.new.sqn.gbf_converted.faa.asn.out
#Annotation data at:	/opt/rpsbproc/data
#E-Value cutoff:	0.01
#Redundancy:	Concise
#Data requested:	Domain hits and site annotations
#Output format -- tab-delimited table
#Show superfamilies: NO
#DATA
#SESSION	<session-ordinal>	<program>	<database>	<score-matrix>	<evalue-threshold>
#QUERY	<query-id>	<seq-type>	<seq-length>	<definition-line>
#DOMAINS
#<session-ordinal>	<query-id[readingframe]>	<hit-type>	<PSSM-ID>	<from>	<to>	<E-Value>	<bitscore>	<accession>	<short-name>	<incomplete>	<superfamily PSSM-ID>
#more such lines......
#ENDDOMAINS
#SITES
#<session-ordinal>	<query-id[readingframe]>	<annot-type>	<title>	<residue(coordinates)>	<complete-size>	<mapped-size>	<source-domain>
#more such lines......
#ENDSITES
#MOTIFS
#<session-ordinal>	<query-id[readingframe]>	<title>	<from>	<to>	<source-domain>
#more such lines......
#ENDMOTIFS
#ENDQUERY	<query-id>
#more query sections..
#ENDSESSION	<session-ordinal>
#more session sections..
#ENDDATA
#=====================================================================
DATA
SESSION	1	blastp	2.10.0+	/opt/rpsbproc/db/Cdd	BLOSUM62	0.01
QUERY	Query_1	Peptide	538	cox1_MorGBAus27b_feature_2_from_C_0, ORGANISM Genus species Unclassified.,
DOMAINS
1	Query_1	Specific	238833	8	514	0	825.581	cd01663	Cyt_c_Oxidase_I	-	350997
ENDDOMAINS
SITES
1	Query_1	Specific	Binuclear center (heme a3/CuB)	H240,H289,H290,H375	4	4	238833
1	Query_1	Specific	Low-spin heme (heme a) binding site	H61,H377,S381,T424,S461	5	5	238833
1	Query_1	Specific	D-pathway	Y17,N80,D91,N98,S101,S156,S157,N163,T167	9	9	238833
1	Query_1	Specific	K-pathway	H240,Y244,S255,H289,H290,T315,K318	7	7	238833
1	Query_1	Specific	Electron transfer pathway	F376,R438,R439	3	3	238833
1	Query_1	Specific	Putative proton exit pathway	H290,H367,D368,R438,R439	5	5	238833
1	Query_1	Specific	Putative water exit pathway	D227,Q232,H233,D363,H367,D368,R438	7	7	238833
1	Query_1	Specific	Subunit I/II interface	N55,D227,K264,F267,G268,A293,V294,G295,V298,R301,M309,I317,F320,A327,G328,G329,L341,N359,A360,I362,V364,A365,L366,H367,D368,L433,A434,R438,R439,I440,G449,W450	32	32	238833
1	Query_1	Specific	Subunit I/III interface	T8,V90,F94,R96,W103,D144,F148,T166,N170,I190,L197,P200,M208,T217,S218,F219,G224,G225,D227,F237,Y274,L277,G280,V281,I285	25	25	238833
1	Query_1	Specific	Subunit I/IV interface	L37,A40,G41,L408,Q411,I412,D445,V463	8	8	238833
1	Query_1	Specific	Subunit I/Vb interface	P265,Y269,A513	3	3	238833
1	Query_1	Specific	Subunit I/VIa interface	L135,R213,N214,F215,N216	5	5	238833
1	Query_1	Specific	Subunit I/VIb interface	G295	1	1	238833
1	Query_1	Specific	Subunit I/VIc interface	G328	1	1	238833
1	Query_1	Specific	Subunit I/VIIa interface	A114,F117	2	2	238833
1	Query_1	Specific	Subunit I/VIIb interface	D445,G449	2	2	238833
1	Query_1	Specific	Subunit I/VIIc interface	F23,I27,A30,L34,S116,F117,I400,Y473,F493	9	9	238833
1	Query_1	Specific	Subunit I/VIIIb interface	L409,I466	2	2	238833
1	Query_1	Specific	Dimer interface	I190,L197,F237,Y274,L277,G280,V281,I285	8	8	238833
ENDSITES
ENDQUERY
QUERY	Query_2	Peptide	345	orf345_MorGBAus27b_feature_6_from_C_0, ORGANISM Genus species Unclassified.,
DOMAINS
1	Query_2	Specific	198392	87	174	1.35044e-21	87.2812	cd10445	GIY-YIG_bI1_like	-	353929
1	Query_2	Specific	284793	200	236	4.27708e-05	39.8032	pfam07453	NUMOD1	-	299755
ENDDOMAINS
SITES
1	Query_2	Specific	putative active site	Y89,Y100,G102,R110,Y114,E159,N171	7	7	198392
1	Query_2	Specific	putative metal binding site	E159	1	1	198392
1	Query_2	Specific	GIY-YIG motif/motif A	G87,I88,Y89,Y100,V101,G102	6	6	198392
ENDSITES
ENDQUERY
QUERY	Query_3	Peptide	313	orf313_MorGBAus27b_feature_10_from_C_0, ORGANISM Genus species Unclassified.,
DOMAINS
1	Query_3	Specific	334330	166	269	1.78238e-13	65.3354	pfam00961	LAGLIDADG_1	-	45
1	Query_3	Specific	334330	48	141	1.22884e-05	42.9939	pfam00961	LAGLIDADG_1	-	45
ENDDOMAINS
ENDQUERY
QUERY	Query_4	Peptide	233	orf233_MorGBAus27b_feature_14_from_C_0, ORGANISM Genus species Unclassified.,
DOMAINS
1	Query_4	Specific	334330	72	190	4.74306e-13	63.0242	pfam00961	LAGLIDADG_1	-	45
ENDDOMAINS
ENDQUERY
QUERY	Query_5	Peptide	336	orf336_MorGBAus27b_feature_18_from_C_0, ORGANISM Genus species Unclassified.,
DOMAINS
1	Query_5	Specific	334330	58	152	2.79842e-21	86.9066	pfam00961	LAGLIDADG_1	-	45
1	Query_5	Specific	334330	220	312	0.00254725	36.8307	pfam00961	LAGLIDADG_1	-	45
ENDDOMAINS
ENDQUERY
QUERY	Query_6	Peptide	322	orf322_MorGBAus27b_feature_20_from_C_0, ORGANISM Genus species Unclassified.,
DOMAINS
1	Query_6	Specific	334330	45	139	3.55533e-21	86.1362	pfam00961	LAGLIDADG_1	-	45
1	Query_6	Specific	334330	195	286	8.92937e-05	40.6827	pfam00961	LAGLIDADG_1	-	45
ENDDOMAINS
ENDQUERY
QUERY	Query_7	Peptide	352	orf352_MorGBAus27b_feature_24_from_C_0, ORGANISM Genus species Unclassified.,
DOMAINS
1	Query_7	Specific	334330	83	180	2.1836e-13	65.3354	pfam00961	LAGLIDADG_1	-	45
1	Query_7	Specific	334330	205	310	6.5513e-13	63.7946	pfam00961	LAGLIDADG_1	-	45
ENDDOMAINS
ENDQUERY
QUERY	Query_8	Peptide	298	orf298_MorGBAus27b_feature_28_from_C_0, ORGANISM Genus species Unclassified.,
DOMAINS
1	Query_8	Specific	334330	174	268	1.40115e-12	62.639	pfam00961	LAGLIDADG_1	-	45
1	Query_8	Specific	334330	55	142	1.74325e-08	51.0831	pfam00961	LAGLIDADG_1	-	45
ENDDOMAINS
ENDQUERY
QUERY	Query_9	Peptide	304	orf304_MorGBAus27b_feature_32_from_C_0, ORGANISM Genus species Unclassified.,
DOMAINS
1	Query_9	Specific	334330	186	275	5.2003e-07	46.8459	pfam00961	LAGLIDADG_1	-	45
1	Query_9	Specific	334330	80	147	8.50726e-06	43.7643	pfam00961	LAGLIDADG_1	C	45
ENDDOMAINS
ENDQUERY
QUERY	Query_10	Peptide	351	orf351_MorGBAus27b_feature_36_from_C_0, ORGANISM Genus species Unclassified.,
DOMAINS
1	Query_10	Specific	334330	211	311	2.06625e-17	76.5062	pfam00961	LAGLIDADG_1	-	45
ENDDOMAINS
ENDQUERY
QUERY	Query_11	Peptide	297	orf297_MorGBAus27b_feature_40_from_C_0, ORGANISM Genus species Unclassified.,
DOMAINS
1	Query_11	Non-specific	273636	87	287	3.44704e-38	134.05	TIGR01453	grpIintron_endo	-	45
ENDDOMAINS
ENDQUERY
QUERY	Query_12	Peptide	239	orf239_MorGBAus27b_feature_44_from_C_0, ORGANISM Genus species Unclassified.,
DOMAINS
1	Query_12	Specific	335245	55	222	3.26305e-51	163.871	pfam03161	LAGLIDADG_2	-	45
ENDDOMAINS
ENDQUERY
QUERY	Query_13	Peptide	288	orf289_MorGBAus27b_feature_47_from_C_0, ORGANISM Genus species Unclassified.,
DOMAINS
1	Query_13	Specific	273636	39	272	3.69914e-55	177.578	TIGR01453	grpIintron_endo	-	45
ENDDOMAINS
ENDQUERY
QUERY	Query_14	Peptide	142	orf142_MorGBAus27b_feature_49_from_C_0, ORGANISM Genus species Unclassified.,
DOMAINS
1	Query_14	Superfamily	353929	23	87	6.82929e-18	72.6436	cl15257	GIY-YIG_SF	C	-
ENDDOMAINS
SITES
1	Query_14	Generic	active site	Y24,Y35,G37,R45,D49	6	5	198380
1	Query_14	Generic	catalytic site	R45	2	1	198380
1	Query_14	Generic	GIY-YIG motif/motif A	V23,Y24,Y35,V36,G37	6	5	198380
ENDSITES
ENDQUERY
QUERY	Query_15	Peptide	112	orf112_MorGBAus27b_feature_51_from_C_0, ORGANISM Genus species Unclassified.,
DOMAINS
1	Query_15	Specific	334321	81	97	0.000261798	38.5957	pfam00940	RNA_pol	NC	355471
ENDDOMAINS
ENDQUERY
QUERY	Query_17	Peptide	449	orf450_MorGBAus27b_feature_59_from_C_0, ORGANISM Genus species Unclassified.,
DOMAINS
1	Query_17	Specific	273636	43	238	1.49111e-48	165.252	TIGR01453	grpIintron_endo	-	45
1	Query_17	Non-specific	273636	281	430	7.13177e-23	95.9157	TIGR01453	grpIintron_endo	C	45
ENDDOMAINS
ENDQUERY
QUERY	Query_18	Peptide	164	orf165_MorGBAus27b_feature_65_from_C_0, ORGANISM Genus species Unclassified.,
DOMAINS
1	Query_18	Non-specific	273636	17	126	1.06364e-19	81.6633	TIGR01453	grpIintron_endo	N	45
ENDDOMAINS
SITES
1	Query_18	Generic	DNA binding site	H39,P40,F41,F42,H46,T50,L54,R55,L59,G60,S64,A65,T67,R96,L100,S105,T108,L110,K111,Y112	21	20	238175
ENDSITES
ENDQUERY
QUERY	Query_19	Peptide	197	orf198_MorGBAus27b_feature_67_from_C_0, ORGANISM Genus species Unclassified.,
DOMAINS
1	Query_19	Non-specific	273636	1	193	4.68869e-39	132.895	TIGR01453	grpIintron_endo	-	45
ENDDOMAINS
SITES
1	Query_19	Generic	DNA binding site	N121,P122,M123,F124,H128,T132,I136,S137,G141,G142,T144,R162,E166,N171,T174,L176,S177,Y178	21	18	238175
ENDSITES
ENDQUERY
QUERY	Query_20	Peptide	93	orf94_MorGBAus27b_feature_69_from_C_0, ORGANISM Genus species Unclassified.,
DOMAINS
1	Query_20	Superfamily	353929	27	80	3.45702e-11	53.7688	cl15257	GIY-YIG_SF	C	-
ENDDOMAINS
SITES
1	Query_20	Generic	active site	Y30,G32,R40,Y44	6	4	198380
1	Query_20	Generic	catalytic site	R40	2	1	198380
1	Query_20	Generic	GIY-YIG motif/motif A	Y30,V31,G32	6	3	198380
ENDSITES
ENDQUERY
QUERY	Query_21	Peptide	171	orf172_MorGBAus27b_feature_73_from_C_0, ORGANISM Genus species Unclassified.,
DOMAINS
1	Query_21	Non-specific	273636	2	156	1.34673e-23	92.0637	TIGR01453	grpIintron_endo	-	45
ENDDOMAINS
ENDQUERY
QUERY	Query_22	Peptide	300	orf301_MorGBAus27b_feature_75_from_C_0, ORGANISM Genus species Unclassified.,
DOMAINS
1	Query_22	Specific	273636	72	294	4.61366e-50	164.866	TIGR01453	grpIintron_endo	-	45
ENDDOMAINS
ENDQUERY
QUERY	Query_24	Peptide	257	orf258_MorGBAus27b_feature_81_from_C_0, ORGANISM Genus species Unclassified.,
DOMAINS
1	Query_24	Specific	273636	63	250	2.08117e-42	143.68	TIGR01453	grpIintron_endo	-	45
ENDDOMAINS
ENDQUERY
QUERY	Query_25	Peptide	308	orf308_MorGBAus27b_feature_85_from_C_0, ORGANISM Genus species Unclassified.,
DOMAINS
1	Query_25	Non-specific	273636	111	300	4.66222e-34	123.65	TIGR01453	grpIintron_endo	-	45
ENDDOMAINS
ENDQUERY
QUERY	Query_26	Peptide	332	orf332_MorGBAus27b_feature_87_from_C_0, ORGANISM Genus species Unclassified.,
DOMAINS
1	Query_26	Non-specific	214348	8	212	0.000358338	40.9631	CHL00048	rps3	C	45
ENDDOMAINS
ENDQUERY
QUERY	Query_27	Peptide	325	rps3_MorGBAus27b_feature_89_from_C_0, ORGANISM Genus species Unclassified.,
DOMAINS
1	Query_27	Non-specific	214348	1	205	0.000206946	41.7335	CHL00048	rps3	C	45
ENDDOMAINS
ENDQUERY
QUERY	Query_28	Peptide	426	nad5_MorGBAus27b_feature_97_from_C_0, ORGANISM Genus species Unclassified.,
DOMAINS
1	Query_28	Non-specific	214400	1	384	2.32113e-113	344.753	MTH00020	ND5	N	45
ENDDOMAINS
ENDQUERY
QUERY	Query_29	Peptide	335	orf335_MorGBAus27b_feature_99_from_C_0, ORGANISM Genus species Unclassified.,
DOMAINS
1	Query_29	Specific	273636	113	329	1.41222e-38	135.976	TIGR01453	grpIintron_endo	-	45
ENDDOMAINS
ENDQUERY
QUERY	Query_30	Peptide	394	orf395_MorGBAus27b_feature_101_from_C_0, ORGANISM Genus species Unclassified.,
DOMAINS
1	Query_30	Specific	273636	144	387	1.99184e-38	137.132	TIGR01453	grpIintron_endo	-	45
ENDDOMAINS
ENDQUERY
QUERY	Query_31	Peptide	333	orf334_MorGBAus27b_feature_103_from_C_0, ORGANISM Genus species Unclassified.,
DOMAINS
1	Query_31	Non-specific	273636	133	326	1.73014e-35	127.887	TIGR01453	grpIintron_endo	-	45
ENDDOMAINS
ENDQUERY
QUERY	Query_32	Peptide	239	nad5_MorGBAus27b_feature_105_from_C_0, ORGANISM Genus species Unclassified.,
DOMAINS
1	Query_32	Non-specific	235836	1	239	6.8634e-87	269.336	PRK06590	PRK06590	C	45
ENDDOMAINS
ENDQUERY
QUERY	Query_33	Peptide	278	orf279_MorGBAus27b_feature_107_from_C_0, ORGANISM Genus species Unclassified.,
DOMAINS
1	Query_33	Specific	334330	154	254	3.73982e-15	69.1874	pfam00961	LAGLIDADG_1	-	45
1	Query_33	Specific	334330	4	96	1.04863e-10	57.2463	pfam00961	LAGLIDADG_1	-	45
ENDDOMAINS
ENDQUERY
QUERY	Query_34	Peptide	200	orf201_MorGBAus27b_feature_109_from_C_0, ORGANISM Genus species Unclassified.,
DOMAINS
1	Query_34	Specific	334330	75	173	9.04262e-12	58.7871	pfam00961	LAGLIDADG_1	-	45
ENDDOMAINS
ENDQUERY
QUERY	Query_35	Peptide	105	orf105_MorGBAus27b_feature_111_from_C_0, ORGANISM Genus species Unclassified.,
DOMAINS
1	Query_35	Specific	334330	26	105	7.07281e-17	69.1874	pfam00961	LAGLIDADG_1	C	45
ENDDOMAINS
ENDQUERY
QUERY	Query_36	Peptide	155	orf156_MorGBAus27b_feature_113_from_C_0, ORGANISM Genus species Unclassified.,
DOMAINS
1	Query_36	Specific	334330	86	149	2.28656e-06	43.3791	pfam00961	LAGLIDADG_1	N	45
ENDDOMAINS
ENDQUERY
QUERY	Query_37	Peptide	102	nad4L_MorGBAus27b_feature_115_from_C_0, ORGANISM Genus species Unclassified.,
DOMAINS
1	Query_37	Superfamily	351118	20	102	1.13176e-12	58.505	cl00492	Oxidored_q2	-	-
ENDDOMAINS
ENDQUERY
ENDSESSION	1
SESSION	2	blastp	2.10.0+	/opt/rpsbproc/db/Cdd	BLOSUM62	0.01
QUERY	Query_40	Peptide	634	orf634_MorGBAus27b_feature_123_from_C_0, ORGANISM Genus species Unclassified.,
DOMAINS
2	Query_40	Superfamily	295487	138	437	9.46542e-08	52.9736	cl02808	RT_like	-	-
ENDDOMAINS
SITES
2	Query_40	Generic	active site	D216,L217,K218,G219,F220,F221,Q344,G345,Y382,D384,D385,L436,G437	13	13	238185
2	Query_40	Generic	nucleic acid binding site	G345	1	1	238185
2	Query_40	Generic	NTP binding site	D216,L217,K218,G219,F220,F221,Q344,D384	8	8	238185
ENDSITES
ENDQUERY
QUERY	Query_41	Peptide	259	atp6_MorGBAus27b_feature_125_from_C_0, ORGANISM Genus species Unclassified.,
DOMAINS
2	Query_41	Specific	273458	35	256	3.47073e-51	166.613	TIGR01131	ATP_synt_6_or_A	-	351082
ENDDOMAINS
ENDQUERY
QUERY	Query_42	Peptide	217	nad6_MorGBAus27b_feature_129_from_C_0, ORGANISM Genus species Unclassified.,
DOMAINS
2	Query_42	Superfamily	354830	1	207	4.21484e-28	104.312	cl21484	Oxidored_q3	-	-
ENDDOMAINS
ENDQUERY
QUERY	Query_43	Peptide	266	nad1_MorGBAus27b_feature_131_from_C_0, ORGANISM Genus species Unclassified.,
DOMAINS
2	Query_43	Specific	333876	1	234	8.86655e-86	257.786	pfam00146	NADHdh	N	351105
ENDDOMAINS
ENDQUERY
QUERY	Query_44	Peptide	321	orf322_MorGBAus27b_feature_133_from_C_0, ORGANISM Genus species Unclassified.,
DOMAINS
2	Query_44	Specific	273636	94	313	1.27314e-48	161.785	TIGR01453	grpIintron_endo	-	45
ENDDOMAINS
ENDQUERY
QUERY	Query_45	Peptide	104	orf105_MorGBAus27b_feature_135_from_C_0, ORGANISM Genus species Unclassified.,
DOMAINS
2	Query_45	Non-specific	273636	11	95	8.52522e-20	79.7373	TIGR01453	grpIintron_endo	C	45
ENDDOMAINS
ENDQUERY
QUERY	Query_46	Peptide	336	orf337_MorGBAus27b_feature_137_from_C_0, ORGANISM Genus species Unclassified.,
DOMAINS
2	Query_46	Non-specific	273636	59	270	7.64481e-38	134.05	TIGR01453	grpIintron_endo	-	45
ENDDOMAINS
ENDQUERY
QUERY	Query_47	Peptide	396	orf397_MorGBAus27b_feature_143_from_C_0, ORGANISM Genus species Unclassified.,
DOMAINS
2	Query_47	Specific	334330	27	115	1.40679e-13	66.1058	pfam00961	LAGLIDADG_1	-	45
2	Query_47	Specific	197761	344	388	0.00584316	34.4658	smart00497	IENR1	-	299755
ENDDOMAINS
ENDQUERY
QUERY	Query_48	Peptide	317	orf317_MorGBAus27b_feature_145_from_C_0, ORGANISM Genus species Unclassified.,
DOMAINS
2	Query_48	Specific	335245	132	300	6.98632e-54	173.501	pfam03161	LAGLIDADG_2	-	45
ENDDOMAINS
ENDQUERY
QUERY	Query_49	Peptide	401	cob_MorGBAus27b_feature_147_from_C_0, ORGANISM Genus species Unclassified.,
DOMAINS
2	Query_49	Non-specific	214425	3	377	0	523.31	MTH00119	CYTB	-	45
ENDDOMAINS
ENDQUERY
QUERY	Query_50	Peptide	290	orf291_MorGBAus27b_feature_151_from_C_0, ORGANISM Genus species Unclassified.,
DOMAINS
2	Query_50	Non-specific	273636	86	282	3.57964e-31	115.561	TIGR01453	grpIintron_endo	-	45
ENDDOMAINS
SITES
2	Query_50	Generic	DNA binding site	S195,S196,K197,F198,V202,T206,I210,S211,K215,G216,E221,V222,K224,R252,K256,S261,T264,L266,K267,Y268,K278	21	21	238175
ENDSITES
ENDQUERY
QUERY	Query_51	Peptide	135	orf136_MorGBAus27b_feature_153_from_C_0, ORGANISM Genus species Unclassified.,
DOMAINS
2	Query_51	Specific	198392	47	128	4.02712e-22	83.4292	cd10445	GIY-YIG_bI1_like	-	353929
ENDDOMAINS
SITES
2	Query_51	Specific	putative active site	Y50,Y61,G63,R71,H75,E114,N126	7	7	198392
2	Query_51	Specific	putative metal binding site	E114	1	1	198392
2	Query_51	Specific	GIY-YIG motif/motif A	G48,I49,Y50,Y61,I62,G63	6	6	198392
ENDSITES
ENDQUERY
QUERY	Query_53	Peptide	1016	orf1016_MorGBAus27b_feature_159_from_C_0, ORGANISM Genus species Unclassified.,
DOMAINS
2	Query_53	Superfamily	355698	406	804	4.47391e-65	226.846	cl28058	DNA_pol_B_2	-	-
ENDDOMAINS
ENDQUERY
QUERY	Query_54	Peptide	67	atp8_MorGBAus27b_feature_162_from_C_0, ORGANISM Genus species Unclassified.,
DOMAINS
2	Query_54	Non-specific	283561	1	42	0.000383954	33.919	pfam05933	Fun_ATP-synt_8	-	45
ENDDOMAINS
ENDQUERY
QUERY	Query_55	Peptide	154	orf154_MorGBAus27b_feature_166_from_C_0, ORGANISM Genus species Unclassified.,
DOMAINS
2	Query_55	Non-specific	273636	5	149	0.000651828	38.1358	TIGR01453	grpIintron_endo	N	45
ENDDOMAINS
ENDQUERY
QUERY	Query_56	Peptide	384	orf385_MorGBAus27b_feature_168_from_C_0, ORGANISM Genus species Unclassified.,
DOMAINS
2	Query_56	Specific	273636	137	381	1.35831e-45	155.622	TIGR01453	grpIintron_endo	-	45
ENDDOMAINS
SITES
2	Query_56	Specific	DNA binding site	N301,P302,M303,F304,H308,T312,M316,S317,L321,G322,P326,N327,K329,S350,I354,S359,S362,S364,R365,Y366	21	20	238175
ENDSITES
ENDQUERY
QUERY	Query_58	Peptide	255	cox2_MorGBAus27b_feature_172_from_C_0, ORGANISM Genus species Unclassified.,
DOMAINS
2	Query_58	Non-specific	214402	1	250	1.75245e-119	340.574	MTH00023	COX2	-	45
ENDDOMAINS
ENDQUERY
QUERY	Query_59	Peptide	56	orf57_MorGBAus27b_feature_174_from_C_0, ORGANISM Genus species Unclassified.,
DOMAINS
2	Query_59	Superfamily	353929	19	53	2.10408e-08	45.2944	cl15257	GIY-YIG_SF	C	-
ENDDOMAINS
SITES
2	Query_59	Generic	active site	Y20,Y31,G33,R41,Y45	6	5	198380
2	Query_59	Generic	catalytic site	R41	2	1	198380
2	Query_59	Generic	GIY-YIG motif/motif A	V19,Y20,Y31,I32,G33	6	5	198380
ENDSITES
ENDQUERY
QUERY	Query_60	Peptide	141	orf141_MorGBAus27b_feature_176_from_C_0, ORGANISM Genus species Unclassified.,
DOMAINS
2	Query_60	Non-specific	273636	18	131	1.23499e-19	80.5077	TIGR01453	grpIintron_endo	N	45
ENDDOMAINS
SITES
2	Query_60	Generic	DNA binding site	N64,P65,M66,F67,H71,S75,I79,S80,Q83,G84,A86,R104,E108,D113,T116,M118,K119,Y120,K130	21	19	238175
ENDSITES
ENDQUERY
QUERY	Query_61	Peptide	256	orf256_MorGBAus27b_feature_178_from_C_0, ORGANISM Genus species Unclassified.,
DOMAINS
2	Query_61	Specific	335245	65	236	1.5079e-36	126.892	pfam03161	LAGLIDADG_2	-	45
ENDDOMAINS
ENDQUERY
QUERY	Query_62	Peptide	223	orf224_MorGBAus27b_feature_180_from_C_0, ORGANISM Genus species Unclassified.,
DOMAINS
2	Query_62	Specific	334330	33	132	3.49661e-10	54.9351	pfam00961	LAGLIDADG_1	-	45
ENDDOMAINS
ENDQUERY
QUERY	Query_63	Peptide	389	orf390_MorGBAus27b_feature_182_from_C_0, ORGANISM Genus species Unclassified.,
DOMAINS
2	Query_63	Specific	334330	69	170	5.89325e-20	83.825	pfam00961	LAGLIDADG_1	-	45
2	Query_63	Specific	334330	244	338	1.21363e-14	69.1874	pfam00961	LAGLIDADG_1	-	45
ENDDOMAINS
ENDQUERY
QUERY	Query_64	Peptide	124	orf125_MorGBAus27b_feature_186_from_C_0, ORGANISM Genus species Unclassified.,
DOMAINS
2	Query_64	Non-specific	273636	4	120	7.63642e-23	88.2117	TIGR01453	grpIintron_endo	N	45
ENDDOMAINS
SITES
2	Query_64	Generic	DNA binding site	H33,P34,M35,F36,R40,I44,I48,S49,K53,G54,S58,V59,K62,R90,V94,S99,S102,L104,K105,Y106,K116	21	21	238175
ENDSITES
ENDQUERY
QUERY	Query_65	Peptide	337	orf338_MorGBAus27b_feature_188_from_C_0, ORGANISM Genus species Unclassified.,
DOMAINS
2	Query_65	Specific	273636	115	330	3.72013e-40	140.214	TIGR01453	grpIintron_endo	-	45
ENDDOMAINS
ENDQUERY
QUERY	Query_66	Peptide	121	orf122_MorGBAus27b_feature_190_from_C_0, ORGANISM Genus species Unclassified.,
DOMAINS
2	Query_66	Superfamily	353929	55	88	1.28655e-07	45.6796	cl15257	GIY-YIG_SF	C	-
ENDDOMAINS
SITES
2	Query_66	Generic	active site	Y56,Y67,G69,R77,F81	6	5	198380
2	Query_66	Generic	catalytic site	R77	2	1	198380
2	Query_66	Generic	GIY-YIG motif/motif A	I55,Y56,Y67,I68,G69	6	5	198380
ENDSITES
ENDQUERY
QUERY	Query_69	Peptide	477	orf477_MorGBAus27b_feature_198_from_C_0, ORGANISM Genus species Unclassified.,
DOMAINS
2	Query_69	Non-specific	274008	163	405	0.000161772	44.2771	TIGR02168	SMC_prok_B	NC	45
ENDDOMAINS
ENDQUERY
QUERY	Query_72	Peptide	216	orf216_MorGBAus27b_feature_204_from_C_0, ORGANISM Genus species Unclassified.,
DOMAINS
2	Query_72	Non-specific	184041	12	214	1.65079e-34	121.363	PRK13413	mpi	-	45
ENDDOMAINS
ENDQUERY
QUERY	Query_73	Peptide	73	atp9_MorGBAus27b_feature_208_from_C_0, ORGANISM Genus species Unclassified.,
DOMAINS
2	Query_73	Specific	349422	6	70	1.72509e-20	76.0091	cd18182	ATP-synt_Fo_c_ATP5G3	-	365782
ENDDOMAINS
SITES
ENDSITES
ENDQUERY
QUERY	Query_74	Peptide	106	orf106_MorGBAus27b_feature_214_from_C_0, ORGANISM Genus species Unclassified.,
DOMAINS
2	Query_74	Non-specific	273636	6	101	1.82296e-16	70.8777	TIGR01453	grpIintron_endo	N	45
ENDDOMAINS
SITES
2	Query_74	Generic	DNA binding site	N33,P34,F35,Y36,H40,T44,M48,N49,V54,Y55,F57,T74,E78,N83,T86,F88,N89,Y90,Q100	21	19	238175
ENDSITES
ENDQUERY
QUERY	Query_77	Peptide	260	orf260_MorGBAus27b_feature_220_from_C_0, ORGANISM Genus species Unclassified.,
DOMAINS
2	Query_77	Specific	335245	85	242	3.23146e-57	180.049	pfam03161	LAGLIDADG_2	-	45
ENDDOMAINS
ENDQUERY
ENDSESSION	2
SESSION	3	blastp	2.10.0+	/opt/rpsbproc/db/Cdd	BLOSUM62	0.01
QUERY	Query_79	Peptide	158	orf159_MorGBAus27b_feature_226_from_C_0, ORGANISM Genus species Unclassified.,
DOMAINS
3	Query_79	Specific	198392	56	144	2.84525e-20	79.5772	cd10445	GIY-YIG_bI1_like	-	353929
ENDDOMAINS
SITES
3	Query_79	Specific	putative active site	Y59,Y70,G72,R80,Y84,E129,N141	7	7	198392
3	Query_79	Specific	putative metal binding site	E129	1	1	198392
3	Query_79	Specific	GIY-YIG motif/motif A	G57,C58,Y59,Y70,V71,G72	6	6	198392
ENDSITES
ENDQUERY
QUERY	Query_80	Peptide	307	orf308_MorGBAus27b_feature_228_from_C_0, ORGANISM Genus species Unclassified.,
DOMAINS
3	Query_80	Non-specific	273636	33	225	8.72528e-26	101.694	TIGR01453	grpIintron_endo	-	45
3	Query_80	Specific	197761	252	304	9.1976e-07	44.8662	smart00497	IENR1	-	299755
ENDDOMAINS
ENDQUERY
QUERY	Query_81	Peptide	259	orf259_MorGBAus27b_feature_230_from_C_0, ORGANISM Genus species Unclassified.,
DOMAINS
3	Query_81	Specific	198392	53	139	5.07177e-22	86.896	cd10445	GIY-YIG_bI1_like	-	353929
ENDDOMAINS
SITES
3	Query_81	Specific	putative active site	Y56,Y67,G69,R77,Y81,E124,N136	7	7	198392
3	Query_81	Specific	putative metal binding site	E124	1	1	198392
3	Query_81	Specific	GIY-YIG motif/motif A	G54,V55,Y56,Y67,V68,G69	6	6	198392
ENDSITES
ENDQUERY
QUERY	Query_82	Peptide	319	orf320_MorGBAus27b_feature_232_from_C_0, ORGANISM Genus species Unclassified.,
DOMAINS
3	Query_82	Specific	273636	96	312	2.2654e-46	156.007	TIGR01453	grpIintron_endo	-	45
ENDDOMAINS
ENDQUERY
QUERY	Query_83	Peptide	223	orf224_MorGBAus27b_feature_234_from_C_0, ORGANISM Genus species Unclassified.,
DOMAINS
3	Query_83	Non-specific	273636	40	207	3.6039e-34	121.339	TIGR01453	grpIintron_endo	C	45
ENDDOMAINS
ENDQUERY
QUERY	Query_84	Peptide	419	orf420_MorGBAus27b_feature_236_from_C_0, ORGANISM Genus species Unclassified.,
DOMAINS
3	Query_84	Specific	273636	191	412	5.23882e-45	155.236	TIGR01453	grpIintron_endo	-	45
ENDDOMAINS
ENDQUERY
QUERY	Query_85	Peptide	118	nad3_MorGBAus27b_feature_238_from_C_0, ORGANISM Genus species Unclassified.,
DOMAINS
3	Query_85	Specific	334119	19	112	1.54222e-33	111.738	pfam00507	Oxidored_q4	-	351141
ENDDOMAINS
ENDQUERY
QUERY	Query_86	Peptide	538	nad2_MorGBAus27b_feature_240_from_C_0, ORGANISM Genus species Unclassified.,
DOMAINS
3	Query_86	Specific	235603	146	529	1.3017e-80	259.753	PRK05777	PRK05777	N	356474
ENDDOMAINS
ENDQUERY
QUERY	Query_87	Peptide	254	cox3_MorGBAus27b_feature_246_from_C_0, ORGANISM Genus species Unclassified.,
DOMAINS
3	Query_87	Superfamily	294143	9	248	3.84564e-105	304.718	cl00211	Heme_Cu_Oxidase_III_like	-	-
ENDDOMAINS
SITES
3	Query_87	Specific	Subunit I/III interface	K79,Q82,G83,S94,F97,S101,L102,H108,S196,V197,S200,F204	12	12	238834
3	Query_87	Specific	Subunit III/Vb interface	Y163	1	1	238834
3	Query_87	Specific	Subunit III/VIa interface	Y132,E133,V134,L151,I177,I187,N188,A189,A194,D195,S196	11	11	238834
3	Query_87	Specific	Subunit III/VIb interface	A124	1	1	238834
3	Query_87	Specific	Subunit III/VIIa interface	L61,K64,D65,I68,T71,Y72,L73	7	7	238834
3	Query_87	Specific	Phospholipid binding site	W62,F63,I66,I67,G70,H76,G87,F88,F91,F219,R226,V238,G239	13	13	238834
ENDSITES
ENDQUERY
QUERY	Query_88	Peptide	306	orf307_MorGBAus27b_feature_248_from_C_0, ORGANISM Genus species Unclassified.,
DOMAINS
3	Query_88	Non-specific	273636	86	303	1.71247e-34	124.42	TIGR01453	grpIintron_endo	-	45
3	Query_88	Superfamily	350997	8	68	4.48249e-07	50.6369	cl00275	Heme_Cu_Oxidase_I	C	-
ENDDOMAINS
SITES
3	Query_88	Generic	Low-spin heme binding site	T39,Y47,I51	15	3	238461
3	Query_88	Generic	D-pathway	Y24,S61	9	2	238461
ENDSITES
ENDQUERY
QUERY	Query_89	Peptide	233	orf233_MorGBAus27b_feature_250_from_C_0, ORGANISM Genus species Unclassified.,
DOMAINS
3	Query_89	Specific	335245	44	212	1.27379e-55	175.042	pfam03161	LAGLIDADG_2	-	45
ENDDOMAINS
ENDQUERY
QUERY	Query_90	Peptide	166	orf166_MorGBAus27b_feature_252_from_C_0, ORGANISM Genus species Unclassified.,
DOMAINS
3	Query_90	Specific	335245	89	160	1.92391e-10	56.0151	pfam03161	LAGLIDADG_2	C	45
ENDDOMAINS
ENDQUERY
QUERY	Query_91	Peptide	482	nad4_MorGBAus27b_feature_254_from_C_0, ORGANISM Genus species Unclassified.,
DOMAINS
3	Query_91	Specific	235622	1	477	2.33686e-138	407.281	PRK05846	PRK05846	-	45
ENDDOMAINS
ENDQUERY
QUERY	Query_92	Peptide	82	orf82_MorGBAus27b_feature_258_from_C_0, ORGANISM Genus species Unclassified.,
DOMAINS
3	Query_92	Non-specific	273636	14	77	1.2524e-11	57.0105	TIGR01453	grpIintron_endo	N	45
ENDDOMAINS
ENDQUERY
QUERY	Query_93	Peptide	177	orf178_MorGBAus27b_feature_260_from_C_0, ORGANISM Genus species Unclassified.,
DOMAINS
3	Query_93	Specific	198392	57	154	9.33839e-20	78.8068	cd10445	GIY-YIG_bI1_like	-	353929
ENDDOMAINS
SITES
3	Query_93	Specific	putative active site	Y60,Y70,G72,R80,Y84,E135,N152	7	7	198392
3	Query_93	Specific	putative metal binding site	E135	1	1	198392
3	Query_93	Specific	GIY-YIG motif/motif A	G58,I59,Y60,Y70,I71,G72	6	6	198392
ENDSITES
ENDQUERY
QUERY	Query_94	Peptide	231	orf230_MorGBAus27b_feature_262_from_C_0, ORGANISM Genus species Unclassified.,
DOMAINS
3	Query_94	Superfamily	355698	84	154	5.33551e-12	64.2916	cl28058	DNA_pol_B_2	C	-
ENDDOMAINS
ENDQUERY
QUERY	Query_95	Peptide	76	orf77_MorGBAus27b_feature_264_from_C_0, ORGANISM Genus species Unclassified.,
DOMAINS
3	Query_95	Non-specific	273636	1	74	7.65832e-17	70.4925	TIGR01453	grpIintron_endo	N	45
ENDDOMAINS
SITES
3	Query_95	Generic	DNA binding site	H13,P14,M15,F16,H20,A24,I28,S29,G33,A35,R53,E57,S62,T65,M67,R68,Y69	21	17	238175
ENDSITES
ENDQUERY
QUERY	Query_96	Peptide	214	orf215_MorGBAus27b_feature_268_from_C_0, ORGANISM Genus species Unclassified.,
DOMAINS
3	Query_96	Superfamily	353929	65	167	5.64382e-16	69.9472	cl15257	GIY-YIG_SF	-	-
ENDDOMAINS
SITES
3	Query_96	Generic	active site	F68,Y79,G81,R89,Y93,E147	6	6	198380
3	Query_96	Generic	catalytic site	R89,E147	2	2	198380
3	Query_96	Generic	metal binding site	E147	1	1	198380
3	Query_96	Generic	GIY-YIG motif/motif A	G66,I67,F68,Y79,I80,G81	6	6	198380
ENDSITES
ENDQUERY
QUERY	Query_97	Peptide	383	orf384_MorGBAus27b_feature_272_from_C_0, ORGANISM Genus species Unclassified.,
DOMAINS
3	Query_97	Specific	273636	107	375	1.44882e-39	139.828	TIGR01453	grpIintron_endo	-	45
ENDDOMAINS
ENDQUERY
QUERY	Query_98	Peptide	156	orf157_MorGBAus27b_feature_276_from_C_0, ORGANISM Genus species Unclassified.,
DOMAINS
3	Query_98	Non-specific	273636	5	147	6.30476e-23	89.7525	TIGR01453	grpIintron_endo	-	45
ENDDOMAINS
SITES
3	Query_98	Generic	DNA binding site	N75,P76,M77,F78,H82,Y86,I90,H94,S95,P97,K116,K120,S125,T128,I130,K131,Y132	21	17	238175
ENDSITES
ENDQUERY
QUERY	Query_99	Peptide	85	orf86_MorGBAus27b_feature_278_from_C_0, ORGANISM Genus species Unclassified.,
DOMAINS
3	Query_99	Superfamily	353929	28	69	9.72034e-13	57.6208	cl15257	GIY-YIG_SF	C	-
ENDDOMAINS
SITES
3	Query_99	Generic	active site	Y31,Y42,G44,R52,Y56	6	5	198380
3	Query_99	Generic	catalytic site	R52	2	1	198380
3	Query_99	Generic	GIY-YIG motif/motif A	G29,I30,Y31,Y42,V43,G44	6	6	198380
ENDSITES
ENDQUERY
QUERY	Query_100	Peptide	126	orf127_MorGBAus27b_feature_280_from_C_0, ORGANISM Genus species Unclassified.,
DOMAINS
3	Query_100	Non-specific	238175	10	123	2.77319e-22	84.4466	cd00283	GIY-YIG_Cterm	-	45
ENDDOMAINS
SITES
3	Query_100	Generic	DNA binding site	N52,P53,F54,Y55,H59,T63,M67,S68,T72,G73,S77,V78,K80,T101,I105,S110,T113,S115,R116,Y117	21	20	238175
ENDSITES
ENDQUERY
QUERY	Query_101	Peptide	109	orf109_MorGBAus27b_feature_282_from_C_0, ORGANISM Genus species Unclassified.,
DOMAINS
3	Query_101	Superfamily	353929	15	97	1.66889e-15	65.71	cl15257	GIY-YIG_SF	-	-
ENDDOMAINS
SITES
3	Query_101	Generic	active site	Y24,G26,R34,Y38,E89	6	5	198380
3	Query_101	Generic	catalytic site	R34,E89	2	2	198380
3	Query_101	Generic	metal binding site	E89	1	1	198380
3	Query_101	Generic	GIY-YIG motif/motif A	Y24,I25,G26	6	3	198380
ENDSITES
ENDQUERY
ENDSESSION	3
ENDDATA
