#Post-RPSBLAST Processing Utility

#Input data file:	Nemabo1_MitoAssemblyScaffolds.fasta.new.sqn.gbf_converted.faa.asn
#Output data file:	Nemabo1_MitoAssemblyScaffolds.fasta.new.sqn.gbf_converted.faa.asn.out
#Annotation data at:	/opt/rpsbproc/data
#E-Value cutoff:	0.01
#Redundancy:	Concise
#Data requested:	Domain hits and site annotations
#Output format -- tab-delimited table
#Show superfamilies: NO
#DATA
#SESSION	<session-ordinal>	<program>	<database>	<score-matrix>	<evalue-threshold>
#QUERY	<query-id>	<seq-type>	<seq-length>	<definition-line>
#DOMAINS
#<session-ordinal>	<query-id[readingframe]>	<hit-type>	<PSSM-ID>	<from>	<to>	<E-Value>	<bitscore>	<accession>	<short-name>	<incomplete>	<superfamily PSSM-ID>
#more such lines......
#ENDDOMAINS
#SITES
#<session-ordinal>	<query-id[readingframe]>	<annot-type>	<title>	<residue(coordinates)>	<complete-size>	<mapped-size>	<source-domain>
#more such lines......
#ENDSITES
#MOTIFS
#<session-ordinal>	<query-id[readingframe]>	<title>	<from>	<to>	<source-domain>
#more such lines......
#ENDMOTIFS
#ENDQUERY	<query-id>
#more query sections..
#ENDSESSION	<session-ordinal>
#more session sections..
#ENDDATA
#=====================================================================
DATA
SESSION	1	blastp	2.10.0+	/opt/rpsbproc/db/Cdd	BLOSUM62	0.01
QUERY	Query_1	Peptide	74	atp9_Nemabo1_feature_2_from_C_0, ORGANISM Genus species Unclassified.,
DOMAINS
1	Query_1	Specific	349422	6	70	5.49226e-20	74.8535	cd18182	ATP-synt_Fo_c_ATP5G3	-	365782
ENDDOMAINS
SITES
ENDSITES
ENDQUERY
QUERY	Query_2	Peptide	285	orf285_Nemabo1_feature_4_from_C_0, ORGANISM Genus species Unclassified.,
DOMAINS
1	Query_2	Specific	214677	45	129	0.000954517	37.4008	smart00465	GIYc	-	353929
ENDDOMAINS
SITES
1	Query_2	Generic	active site	Y33,Y54,G56,R64,H68,E114	6	6	198380
1	Query_2	Generic	catalytic site	R64,E114	2	2	198380
1	Query_2	Generic	metal binding site	E114	1	1	198380
1	Query_2	Generic	GIY-YIG motif/motif A	G31,C32,Y33,Y54,V55,G56	6	6	198380
ENDSITES
ENDQUERY
QUERY	Query_3	Peptide	250	cox2_Nemabo1_feature_6_from_C_0, ORGANISM Genus species Unclassified.,
DOMAINS
1	Query_3	Specific	214438	18	247	3.74734e-110	316.385	MTH00154	COX2	-	45
ENDDOMAINS
ENDQUERY
QUERY	Query_4	Peptide	341	orf341_Nemabo1_feature_10_from_C_0, ORGANISM Genus species Unclassified.,
DOMAINS
1	Query_4	Specific	334330	209	306	1.10908e-23	93.455	pfam00961	LAGLIDADG_1	-	45
1	Query_4	Specific	334330	50	150	2.30502e-20	84.2102	pfam00961	LAGLIDADG_1	-	45
ENDDOMAINS
ENDQUERY
QUERY	Query_5	Peptide	113	orf113_Nemabo1_feature_14_from_C_0, ORGANISM Genus species Unclassified.,
DOMAINS
1	Query_5	Specific	335245	60	99	2.62113e-06	43.3035	pfam03161	LAGLIDADG_2	C	45
ENDDOMAINS
ENDQUERY
QUERY	Query_6	Peptide	710	orf710_Nemabo1_feature_16_from_C_0, ORGANISM Genus species Unclassified.,
DOMAINS
1	Query_6	Specific	335245	519	692	2.27189e-32	123.04	pfam03161	LAGLIDADG_2	-	45
1	Query_6	Specific	334330	167	268	1.28611e-23	95.381	pfam00961	LAGLIDADG_1	-	45
1	Query_6	Specific	334330	325	426	3.34249e-21	88.8326	pfam00961	LAGLIDADG_1	-	45
ENDDOMAINS
ENDQUERY
QUERY	Query_7	Peptide	386	orf386_Nemabo1_feature_20_from_C_0, ORGANISM Genus species Unclassified.,
DOMAINS
1	Query_7	Superfamily	353929	132	232	3.40556e-09	53.3836	cl15257	GIY-YIG_SF	-	-
1	Query_7	Non-specific	273636	131	385	7.12411e-06	46.2249	TIGR01453	grpIintron_endo	-	45
ENDDOMAINS
SITES
1	Query_7	Generic	active site	Y135,Y146,G148,R156,Y160,E217	6	6	198380
1	Query_7	Generic	catalytic site	R156,E217	2	2	198380
1	Query_7	Generic	metal binding site	E217	1	1	198380
1	Query_7	Generic	GIY-YIG motif/motif A	G133,V134,Y135,Y146,V147,G148	6	6	198380
ENDSITES
ENDQUERY
QUERY	Query_8	Peptide	418	orf418_Nemabo1_feature_24_from_C_0, ORGANISM Genus species Unclassified.,
DOMAINS
1	Query_8	Superfamily	353929	80	167	1.43766e-13	65.71	cl15257	GIY-YIG_SF	-	-
1	Query_8	Non-specific	273636	80	323	3.88382e-05	44.299	TIGR01453	grpIintron_endo	-	45
ENDDOMAINS
SITES
1	Query_8	Generic	active site	Y83,Y94,G96,R104,Y107,E152	6	6	198380
1	Query_8	Generic	catalytic site	R104,E152	2	2	198380
1	Query_8	Generic	metal binding site	E152	1	1	198380
1	Query_8	Generic	GIY-YIG motif/motif A	G81,V82,Y83,Y94,V95,G96	6	6	198380
ENDSITES
ENDQUERY
QUERY	Query_10	Peptide	105	orf105_Nemabo1_feature_35_from_C_0, ORGANISM Genus species Unclassified.,
DOMAINS
1	Query_10	Specific	334321	1	83	1.47561e-08	50.1517	pfam00940	RNA_pol	N	355471
ENDDOMAINS
ENDQUERY
QUERY	Query_12	Peptide	436	nad4L_Nemabo1_feature_41_from_C_0, ORGANISM Genus species Unclassified.,
DOMAINS
1	Query_12	Specific	334330	147	249	5.2365e-28	106.167	pfam00961	LAGLIDADG_1	-	45
1	Query_12	Specific	177231	3	79	9.27352e-26	100.107	MTH00180	ND4L	-	351118
1	Query_12	Specific	334330	310	403	2.91016e-21	87.677	pfam00961	LAGLIDADG_1	-	45
ENDDOMAINS
ENDQUERY
QUERY	Query_13	Peptide	658	nad5_Nemabo1_feature_43_from_C_0, ORGANISM Genus species Unclassified.,
DOMAINS
1	Query_13	Non-specific	177253	1	628	0	601.612	MTH00210	ND5	-	45
ENDDOMAINS
ENDQUERY
QUERY	Query_14	Peptide	539	orf539_Nemabo1_feature_47_from_C_0, ORGANISM Genus species Unclassified.,
DOMAINS
1	Query_14	Specific	334330	122	219	2.19437e-21	88.8326	pfam00961	LAGLIDADG_1	-	45
1	Query_14	Specific	334330	284	394	7.45926e-09	53.0091	pfam00961	LAGLIDADG_1	-	45
ENDDOMAINS
ENDQUERY
QUERY	Query_15	Peptide	364	orf364_Nemabo1_feature_51_from_C_0, ORGANISM Genus species Unclassified.,
DOMAINS
1	Query_15	Specific	334330	204	323	2.26171e-17	76.5062	pfam00961	LAGLIDADG_1	-	45
1	Query_15	Specific	334330	84	170	0.000127593	40.6827	pfam00961	LAGLIDADG_1	-	45
ENDDOMAINS
ENDQUERY
QUERY	Query_16	Peptide	754	orf754_Nemabo1_feature_55_from_C_0, ORGANISM Genus species Unclassified.,
DOMAINS
1	Query_16	Specific	238828	267	533	3.16529e-99	305.279	cd01651	RT_G2_intron	-	295487
1	Query_16	Non-specific	279664	561	656	5.20323e-20	86.7546	pfam01348	Intron_maturas2	C	45
ENDDOMAINS
SITES
1	Query_16	Specific	putative active site	D341,I342,S343,K344,C345,F346,Q394,G395,Y477,D479,D480,L529,G530	13	13	238828
1	Query_16	Specific	putative nucleic acid binding site	G395	1	1	238828
1	Query_16	Specific	putative NTP binding site	D341,I342,S343,K344,C345,F346,Q394,D479	8	8	238828
ENDSITES
ENDQUERY
QUERY	Query_18	Peptide	336	orf336_Nemabo1_feature_63_from_C_0, ORGANISM Genus species Unclassified.,
DOMAINS
1	Query_18	Specific	334330	207	305	1.17447e-15	71.4986	pfam00961	LAGLIDADG_1	-	45
1	Query_18	Specific	334330	94	183	2.44739e-10	56.4759	pfam00961	LAGLIDADG_1	-	45
ENDDOMAINS
ENDQUERY
QUERY	Query_19	Peptide	396	orf396_Nemabo1_feature_67_from_C_0, ORGANISM Genus species Unclassified.,
DOMAINS
1	Query_19	Specific	334330	277	367	0.00010187	41.0679	pfam00961	LAGLIDADG_1	-	45
ENDDOMAINS
ENDQUERY
QUERY	Query_21	Peptide	143	cob_Nemabo1_feature_72_from_C_0, ORGANISM Genus species Unclassified.,
DOMAINS
1	Query_21	Non-specific	214440	10	143	1.07294e-67	208.097	MTH00156	CYTB	C	45
ENDDOMAINS
ENDQUERY
QUERY	Query_22	Peptide	361	orf361_Nemabo1_feature_76_from_C_0, ORGANISM Genus species Unclassified.,
DOMAINS
1	Query_22	Specific	334330	64	162	2.69258e-23	92.6846	pfam00961	LAGLIDADG_1	-	45
1	Query_22	Specific	334330	231	333	9.4781e-18	77.2766	pfam00961	LAGLIDADG_1	-	45
ENDDOMAINS
ENDQUERY
QUERY	Query_23	Peptide	497	orf497_Nemabo1_feature_80_from_C_0, ORGANISM Genus species Unclassified.,
DOMAINS
1	Query_23	Specific	334330	102	190	4.45109e-16	73.4246	pfam00961	LAGLIDADG_1	-	45
1	Query_23	Specific	334330	245	357	1.39488e-09	54.9351	pfam00961	LAGLIDADG_1	-	45
1	Query_23	Specific	197761	438	488	0.000302866	38.3178	smart00497	IENR1	-	299755
ENDDOMAINS
ENDQUERY
QUERY	Query_24	Peptide	375	orf375_1_Nemabo1_feature_84_from_C_0, ORGANISM Genus species Unclassified.,
DOMAINS
1	Query_24	Non-specific	316426	231	353	0.000117286	43.1978	pfam13904	DUF4207	N	45
ENDDOMAINS
ENDQUERY
QUERY	Query_26	Peptide	403	orf403_Nemabo1_feature_89_from_C_0, ORGANISM Genus species Unclassified.,
DOMAINS
1	Query_26	Specific	315878	219	384	2.91581e-20	85.8594	pfam13302	Acetyltransf_3	-	356580
ENDDOMAINS
ENDQUERY
QUERY	Query_27	Peptide	453	orf453_Nemabo1_feature_91_from_C_0, ORGANISM Genus species Unclassified.,
DOMAINS
1	Query_27	Superfamily	354370	9	444	0	553.407	cl18945	Beta_elim_lyase	-	-
ENDDOMAINS
ENDQUERY
QUERY	Query_29	Peptide	307	orf307_Nemabo1_feature_95_from_C_0, ORGANISM Genus species Unclassified.,
DOMAINS
1	Query_29	Specific	315878	72	248	2.00141e-16	74.3034	pfam13302	Acetyltransf_3	-	356580
ENDDOMAINS
ENDQUERY
QUERY	Query_30	Peptide	245	cob_Nemabo1_feature_97_from_C_0, ORGANISM Genus species Unclassified.,
DOMAINS
1	Query_30	Non-specific	214440	1	223	4.35042e-100	295.153	MTH00156	CYTB	N	45
ENDDOMAINS
ENDQUERY
ENDSESSION	1
SESSION	2	blastp	2.10.0+	/opt/rpsbproc/db/Cdd	BLOSUM62	0.01
QUERY	Query_31	Peptide	318	orf318_Nemabo1_feature_101_from_C_0, ORGANISM Genus species Unclassified.,
DOMAINS
2	Query_31	Specific	334330	73	169	6.05961e-20	83.0546	pfam00961	LAGLIDADG_1	-	45
2	Query_31	Specific	334330	205	302	0.00223144	36.8307	pfam00961	LAGLIDADG_1	-	45
ENDDOMAINS
ENDQUERY
QUERY	Query_32	Peptide	306	orf306_Nemabo1_feature_105_from_C_0, ORGANISM Genus species Unclassified.,
DOMAINS
2	Query_32	Specific	273636	100	303	3.3407e-58	185.667	TIGR01453	grpIintron_endo	-	45
ENDDOMAINS
ENDQUERY
QUERY	Query_33	Peptide	107	orf107_Nemabo1_feature_107_from_C_0, ORGANISM Genus species Unclassified.,
DOMAINS
2	Query_33	Specific	335245	3	95	1.62147e-36	121.499	pfam03161	LAGLIDADG_2	N	45
ENDDOMAINS
ENDQUERY
QUERY	Query_34	Peptide	313	orf313_Nemabo1_feature_109_from_C_0, ORGANISM Genus species Unclassified.,
DOMAINS
2	Query_34	Specific	273636	134	311	7.26152e-43	146.762	TIGR01453	grpIintron_endo	-	45
ENDDOMAINS
ENDQUERY
QUERY	Query_38	Peptide	577	orf577_Nemabo1_feature_118_from_C_0, ORGANISM Genus species Unclassified.,
DOMAINS
2	Query_38	Specific	281206	1	465	4.10028e-74	243.409	pfam03175	DNA_pol_B_2	-	355698
2	Query_38	Superfamily	353046	453	531	0.00105973	41.5405	cl10023	POLBc	NC	-
ENDDOMAINS
SITES
2	Query_38	Generic	active site	D482	8	1	99912
2	Query_38	Generic	metal-binding site 	D480,D482,S483	3	3	99912
ENDSITES
ENDQUERY
QUERY	Query_39	Peptide	644	cox1_Nemabo1_feature_122_from_C_0, ORGANISM Genus species Unclassified.,
DOMAINS
2	Query_39	Specific	238833	36	538	0	838.292	cd01663	Cyt_c_Oxidase_I	-	350997
ENDDOMAINS
SITES
2	Query_39	Specific	Binuclear center (heme a3/CuB)	H267,W316,H317,H402	4	4	238833
2	Query_39	Specific	Low-spin heme (heme a) binding site	H88,H404,S408,T450,S487	5	5	238833
2	Query_39	Specific	D-pathway	Y45,N107,D118,N125,S128,S183,S184,N190,T194	9	9	238833
2	Query_39	Specific	K-pathway	H267,Y271,S282,W316,H317,T342,K345	7	7	238833
2	Query_39	Specific	Electron transfer pathway	F403,R464,R465	3	3	238833
2	Query_39	Specific	Putative proton exit pathway	H317,H394,D395,R464,R465	5	5	238833
2	Query_39	Specific	Putative water exit pathway	D254,Q259,H260,D390,H394,D395,R464	7	7	238833
2	Query_39	Specific	Subunit I/II interface	N82,D254,K291,F294,G295,T320,V321,G322,V325,R328,L336,I344,F347,Y354,G355,G356,L368,N386,A387,L389,I391,A392,F393,H394,D395,L459,Q460,R464,R465,I466,G475,W476	32	32	238833
2	Query_39	Specific	Subunit I/III interface	T36,P117,F121,R123,W130,D171,F175,T193,N197,I217,L224,P227,M235,T244,S245,F246,G251,G252,D254,F264,Y301,M304,G307,I308,I312	25	25	238833
2	Query_39	Specific	Subunit I/IV interface	M65,S68,G69,L434,K437,V438,D471,V489	8	8	238833
2	Query_39	Specific	Subunit I/Vb interface	S292,Y296,A537	3	3	238833
2	Query_39	Specific	Subunit I/VIa interface	V162,R240,N241,F242,N243	5	5	238833
2	Query_39	Specific	Subunit I/VIb interface	G322	1	1	238833
2	Query_39	Specific	Subunit I/VIc interface	G355	1	1	238833
2	Query_39	Specific	Subunit I/VIIa interface	F141,V144	2	2	238833
2	Query_39	Specific	Subunit I/VIIb interface	D471,G475	2	2	238833
2	Query_39	Specific	Subunit I/VIIc interface	F51,L55,A58,L62,A143,V144,I426,Y499,L502	9	9	238833
2	Query_39	Specific	Subunit I/VIIIb interface	L435,W492	2	2	238833
2	Query_39	Specific	Dimer interface	I217,L224,F264,Y301,M304,G307,I308,I312	8	8	238833
ENDSITES
ENDQUERY
QUERY	Query_40	Peptide	316	orf316_Nemabo1_feature_126_from_C_0, ORGANISM Genus species Unclassified.,
DOMAINS
2	Query_40	Specific	334330	149	269	8.35637e-18	76.8914	pfam00961	LAGLIDADG_1	-	45
2	Query_40	Specific	334330	30	125	3.51151e-10	56.0907	pfam00961	LAGLIDADG_1	-	45
ENDDOMAINS
ENDQUERY
QUERY	Query_41	Peptide	336	orf336_Nemabo1_feature_130_from_C_0, ORGANISM Genus species Unclassified.,
DOMAINS
2	Query_41	Specific	334330	185	294	3.00764e-21	86.5214	pfam00961	LAGLIDADG_1	-	45
2	Query_41	Specific	334330	67	150	8.90133e-07	46.4607	pfam00961	LAGLIDADG_1	-	45
ENDDOMAINS
ENDQUERY
QUERY	Query_42	Peptide	431	orf431_Nemabo1_feature_134_from_C_0, ORGANISM Genus species Unclassified.,
DOMAINS
2	Query_42	Superfamily	353929	188	273	2.05287e-14	68.0212	cl15257	GIY-YIG_SF	-	-
2	Query_42	Non-specific	273636	188	423	2.12543e-08	54.3141	TIGR01453	grpIintron_endo	-	45
ENDDOMAINS
SITES
2	Query_42	Generic	active site	Y190,Y201,G203,R211,Y215,E258	6	6	198380
2	Query_42	Generic	catalytic site	R211,E258	2	2	198380
2	Query_42	Generic	metal binding site	E258	1	1	198380
2	Query_42	Generic	GIY-YIG motif/motif A	G188,V189,Y190,Y201,V202,G203	6	6	198380
ENDSITES
ENDQUERY
QUERY	Query_43	Peptide	269	orf269_Nemabo1_feature_138_from_C_0, ORGANISM Genus species Unclassified.,
DOMAINS
2	Query_43	Specific	334330	139	239	1.0194e-26	99.6182	pfam00961	LAGLIDADG_1	-	45
2	Query_43	Specific	334330	2	79	1.64846e-14	67.6466	pfam00961	LAGLIDADG_1	-	45
ENDDOMAINS
ENDQUERY
QUERY	Query_45	Peptide	375	orf375_Nemabo1_feature_144_from_C_0, ORGANISM Genus species Unclassified.,
DOMAINS
2	Query_45	Specific	334330	87	186	1.17908e-25	99.233	pfam00961	LAGLIDADG_1	-	45
2	Query_45	Specific	334330	244	344	2.38076e-23	93.0698	pfam00961	LAGLIDADG_1	-	45
ENDDOMAINS
ENDQUERY
QUERY	Query_46	Peptide	145	orf145_Nemabo1_feature_146_from_C_0, ORGANISM Genus species Unclassified.,
DOMAINS
2	Query_46	Specific	334330	18	101	3.95654e-08	48.0015	pfam00961	LAGLIDADG_1	N	45
ENDDOMAINS
ENDQUERY
QUERY	Query_47	Peptide	303	orf303_Nemabo1_feature_150_from_C_0, ORGANISM Genus species Unclassified.,
DOMAINS
2	Query_47	Specific	334330	175	272	3.38736e-09	53.0091	pfam00961	LAGLIDADG_1	-	45
2	Query_47	Specific	334330	56	143	4.32071e-05	41.4531	pfam00961	LAGLIDADG_1	-	45
ENDDOMAINS
ENDQUERY
QUERY	Query_48	Peptide	316	orf316_Nemabo1_feature_154_from_C_0, ORGANISM Genus species Unclassified.,
DOMAINS
2	Query_48	Specific	334330	191	287	3.27742e-14	67.2614	pfam00961	LAGLIDADG_1	-	45
2	Query_48	Specific	334330	82	150	0.000534559	38.3715	pfam00961	LAGLIDADG_1	-	45
ENDDOMAINS
ENDQUERY
QUERY	Query_49	Peptide	441	orf441_Nemabo1_feature_158_from_C_0, ORGANISM Genus species Unclassified.,
DOMAINS
2	Query_49	Specific	334330	153	251	4.94932e-27	103.855	pfam00961	LAGLIDADG_1	-	45
2	Query_49	Specific	334330	310	410	4.61554e-19	81.899	pfam00961	LAGLIDADG_1	-	45
ENDDOMAINS
ENDQUERY
QUERY	Query_50	Peptide	346	orf346_Nemabo1_feature_162_from_C_0, ORGANISM Genus species Unclassified.,
DOMAINS
2	Query_50	Specific	334330	208	303	2.4902e-17	76.121	pfam00961	LAGLIDADG_1	-	45
ENDDOMAINS
ENDQUERY
QUERY	Query_51	Peptide	158	orf158_Nemabo1_feature_164_from_C_0, ORGANISM Genus species Unclassified.,
DOMAINS
2	Query_51	Specific	334330	34	124	1.23112e-15	68.0318	pfam00961	LAGLIDADG_1	-	45
ENDDOMAINS
ENDQUERY
QUERY	Query_52	Peptide	435	orf435_Nemabo1_feature_168_from_C_0, ORGANISM Genus species Unclassified.,
DOMAINS
2	Query_52	Specific	273636	137	342	1.85147e-50	169.874	TIGR01453	grpIintron_endo	-	45
2	Query_52	Specific	197761	376	426	2.96198e-06	44.0958	smart00497	IENR1	-	299755
ENDDOMAINS
ENDQUERY
QUERY	Query_53	Peptide	271	orf271_Nemabo1_feature_172_from_C_0, ORGANISM Genus species Unclassified.,
DOMAINS
2	Query_53	Non-specific	273636	50	253	1.54556e-28	107.857	TIGR01453	grpIintron_endo	-	45
ENDDOMAINS
ENDQUERY
QUERY	Query_54	Peptide	368	nad1_Nemabo1_feature_177_from_C_0, ORGANISM Genus species Unclassified.,
DOMAINS
2	Query_54	Specific	333876	13	351	2.08317e-107	317.107	pfam00146	NADHdh	-	351105
ENDDOMAINS
ENDQUERY
QUERY	Query_55	Peptide	473	orf473_Nemabo1_feature_181_from_C_0, ORGANISM Genus species Unclassified.,
DOMAINS
2	Query_55	Specific	334582	63	140	9.85976e-08	48.8701	pfam01541	GIY-YIG	-	353929
2	Query_55	Non-specific	273636	63	232	5.27694e-05	44.299	TIGR01453	grpIintron_endo	-	45
2	Query_55	Specific	197761	261	316	0.000684781	37.5474	smart00497	IENR1	-	299755
2	Query_55	Specific	284793	339	374	0.00113919	36.3364	pfam07453	NUMOD1	-	299755
ENDDOMAINS
SITES
2	Query_55	Generic	active site	Y67,Y79,G81,R89,H93,E131	6	6	198380
2	Query_55	Generic	catalytic site	R89,E131	2	2	198380
2	Query_55	Generic	metal binding site	E131	1	1	198380
2	Query_55	Generic	GIY-YIG motif/motif A	G65,V66,Y67,Y79,I80,G81	6	6	198380
ENDSITES
ENDQUERY
QUERY	Query_56	Peptide	273	orf273_Nemabo1_feature_185_from_C_0, ORGANISM Genus species Unclassified.,
DOMAINS
2	Query_56	Specific	334330	147	242	1.4577e-25	96.9218	pfam00961	LAGLIDADG_1	-	45
2	Query_56	Specific	334330	1	89	3.08516e-17	74.9654	pfam00961	LAGLIDADG_1	-	45
ENDDOMAINS
ENDQUERY
QUERY	Query_58	Peptide	260	orf260_Nemabo1_feature_191_from_C_0, ORGANISM Genus species Unclassified.,
DOMAINS
2	Query_58	Specific	284793	180	219	0.000248162	37.492	pfam07453	NUMOD1	-	299755
ENDDOMAINS
ENDQUERY
QUERY	Query_59	Peptide	376	orf376_Nemabo1_feature_195_from_C_0, ORGANISM Genus species Unclassified.,
DOMAINS
2	Query_59	Specific	334330	83	183	5.67455e-24	94.6106	pfam00961	LAGLIDADG_1	-	45
2	Query_59	Specific	334330	241	344	9.33516e-22	88.4474	pfam00961	LAGLIDADG_1	-	45
ENDDOMAINS
ENDQUERY
QUERY	Query_60	Peptide	301	orf301_Nemabo1_feature_197_from_C_0, ORGANISM Genus species Unclassified.,
DOMAINS
2	Query_60	Specific	273636	82	297	2.52762e-66	206.468	TIGR01453	grpIintron_endo	-	45
ENDDOMAINS
SITES
2	Query_60	Generic	DNA binding site	N224,P225,M226,F227,H231,T235,M239,S240,K243,N244,L248,G249,G251,V267,K271,S276,T279,G281,K282,Y283,Y294	21	21	238175
ENDSITES
ENDQUERY
QUERY	Query_61	Peptide	489	nad4_Nemabo1_feature_200_from_C_0, ORGANISM Genus species Unclassified.,
DOMAINS
2	Query_61	Specific	235622	33	483	3.39375e-130	386.48	PRK05846	PRK05846	-	45
ENDDOMAINS
ENDQUERY
ENDSESSION	2
SESSION	3	blastp	2.10.0+	/opt/rpsbproc/db/Cdd	BLOSUM62	0.01
QUERY	Query_62	Peptide	436	orf436_Nemabo1_feature_204_from_C_0, ORGANISM Genus species Unclassified.,
DOMAINS
3	Query_62	Specific	334330	146	245	8.6615e-24	94.9958	pfam00961	LAGLIDADG_1	-	45
3	Query_62	Specific	334330	305	405	1.23228e-23	94.2254	pfam00961	LAGLIDADG_1	-	45
ENDDOMAINS
ENDQUERY
QUERY	Query_63	Peptide	360	orf360_Nemabo1_feature_206_from_C_0, ORGANISM Genus species Unclassified.,
DOMAINS
3	Query_63	Specific	334330	73	171	3.42302e-27	103.085	pfam00961	LAGLIDADG_1	-	45
3	Query_63	Specific	334330	230	328	8.49547e-17	74.9654	pfam00961	LAGLIDADG_1	-	45
ENDDOMAINS
ENDQUERY
QUERY	Query_64	Peptide	102	orf103_Nemabo1_feature_2_from_C_1, ORGANISM Genus species Unclassified.,
DOMAINS
3	Query_64	Superfamily	353929	32	100	1.11432e-11	55.6948	cl15257	GIY-YIG_SF	C	-
ENDDOMAINS
SITES
3	Query_64	Generic	active site	Y35,Y46,G48,R56,Y60	6	5	198380
3	Query_64	Generic	catalytic site	R56	2	1	198380
3	Query_64	Generic	GIY-YIG motif/motif A	G33,I34,Y35,Y46,I47,G48	6	6	198380
ENDSITES
ENDQUERY
QUERY	Query_65	Peptide	269	cox3_Nemabo1_feature_6_from_C_1, ORGANISM Genus species Unclassified.,
DOMAINS
3	Query_65	Specific	278911	12	269	3.71866e-138	389.077	pfam00510	COX3	-	294143
ENDDOMAINS
SITES
3	Query_65	Specific	Subunit I/III interface	A82,K85,G86,S97,L100,A104,I105,H111,G199,A200,T203,F207	12	12	238834
3	Query_65	Specific	Subunit III/Vb interface	G166	1	1	238834
3	Query_65	Specific	Subunit III/VIa interface	F135,E136,L137,Y154,I180,S190,V191,S192,S197,D198,G199	11	11	238834
3	Query_65	Specific	Subunit III/VIb interface	L127	1	1	238834
3	Query_65	Specific	Subunit III/VIIa interface	F64,R67,D68,T71,T74,F75,L76	7	7	238834
3	Query_65	Specific	Phospholipid binding site	W65,F66,I69,I70,G73,H79,G90,V91,F94,F222,R229,L241,G242	13	13	238834
ENDSITES
ENDQUERY
QUERY	Query_66	Peptide	251	orf251_Nemabo1_feature_10_from_C_1, ORGANISM Genus species Unclassified.,
DOMAINS
3	Query_66	Specific	334330	24	122	4.1646e-07	46.8459	pfam00961	LAGLIDADG_1	-	45
3	Query_66	Specific	197761	209	245	0.00100672	36.0066	smart00497	IENR1	-	299755
ENDDOMAINS
ENDQUERY
QUERY	Query_67	Peptide	338	orf338_Nemabo1_feature_12_from_C_1, ORGANISM Genus species Unclassified.,
DOMAINS
3	Query_67	Specific	334330	207	307	5.59731e-27	101.929	pfam00961	LAGLIDADG_1	-	45
3	Query_67	Specific	334330	49	149	8.96428e-27	101.544	pfam00961	LAGLIDADG_1	-	45
ENDDOMAINS
ENDQUERY
QUERY	Query_68	Peptide	333	orf333_2_Nemabo1_feature_16_from_C_1, ORGANISM Genus species Unclassified.,
DOMAINS
3	Query_68	Specific	334330	181	293	1.22631e-14	68.417	pfam00961	LAGLIDADG_1	-	45
3	Query_68	Specific	334330	60	155	0.00700399	35.2899	pfam00961	LAGLIDADG_1	-	45
ENDDOMAINS
ENDQUERY
QUERY	Query_69	Peptide	113	orf114_Nemabo1_feature_21_from_C_1, ORGANISM Genus species Unclassified.,
DOMAINS
3	Query_69	Superfamily	353929	30	98	1.70086e-11	55.3096	cl15257	GIY-YIG_SF	C	-
ENDDOMAINS
SITES
3	Query_69	Generic	active site	Y33,Y44,G46,R54,Y58	6	5	198380
3	Query_69	Generic	catalytic site	R54	2	1	198380
3	Query_69	Generic	GIY-YIG motif/motif A	G31,I32,Y33,Y44,I45,G46	6	6	198380
ENDSITES
ENDQUERY
QUERY	Query_74	Peptide	104	orf105_Nemabo1_feature_35_from_C_1, ORGANISM Genus species Unclassified.,
DOMAINS
3	Query_74	Specific	197761	42	93	2.97472e-05	38.3178	smart00497	IENR1	-	299755
ENDDOMAINS
ENDQUERY
QUERY	Query_76	Peptide	391	orf391_Nemabo1_feature_39_from_C_1, ORGANISM Genus species Unclassified.,
DOMAINS
3	Query_76	Superfamily	354370	10	386	1.80032e-132	386.615	cl18945	Beta_elim_lyase	-	-
ENDDOMAINS
ENDQUERY
QUERY	Query_77	Peptide	135	nad3_Nemabo1_feature_41_from_C_1, ORGANISM Genus species Unclassified.,
DOMAINS
3	Query_77	Specific	334119	8	90	3.75496e-14	63.203	pfam00507	Oxidored_q4	-	351141
ENDDOMAINS
ENDQUERY
QUERY	Query_78	Peptide	444	orf444_Nemabo1_feature_43_from_C_1, ORGANISM Genus species Unclassified.,
DOMAINS
3	Query_78	Specific	334330	158	256	3.80577e-23	93.0698	pfam00961	LAGLIDADG_1	-	45
3	Query_78	Specific	334330	314	414	6.79296e-22	89.603	pfam00961	LAGLIDADG_1	-	45
ENDDOMAINS
ENDQUERY
QUERY	Query_79	Peptide	442	orf443_Nemabo1_feature_45_from_C_1, ORGANISM Genus species Unclassified.,
DOMAINS
3	Query_79	Specific	334330	156	254	4.31494e-23	93.0698	pfam00961	LAGLIDADG_1	-	45
3	Query_79	Specific	334330	312	412	7.94421e-22	89.603	pfam00961	LAGLIDADG_1	-	45
ENDDOMAINS
ENDQUERY
QUERY	Query_80	Peptide	565	nad2_Nemabo1_feature_47_from_C_1, ORGANISM Genus species Unclassified.,
DOMAINS
3	Query_80	Superfamily	356474	1	189	1.40849e-09	60.3649	cl29598	Proton_antipo_M	C	-
ENDDOMAINS
ENDQUERY
QUERY	Query_82	Peptide	760	orf760_Nemabo1_feature_55_from_C_1, ORGANISM Genus species Unclassified.,
DOMAINS
3	Query_82	Specific	238828	267	533	1.68704e-99	306.435	cd01651	RT_G2_intron	-	295487
3	Query_82	Non-specific	279664	557	678	7.0326e-19	83.673	pfam01348	Intron_maturas2	-	45
ENDDOMAINS
SITES
3	Query_82	Specific	putative active site	D341,I342,S343,K344,C345,F346,Q394,G395,Y477,D479,D480,L529,G530	13	13	238828
3	Query_82	Specific	putative nucleic acid binding site	G395	1	1	238828
3	Query_82	Specific	putative NTP binding site	D341,I342,S343,K344,C345,F346,Q394,D479	8	8	238828
ENDSITES
ENDQUERY
QUERY	Query_83	Peptide	125	orf125_Nemabo1_feature_65_from_C_1, ORGANISM Genus species Unclassified.,
DOMAINS
3	Query_83	Specific	334330	3	97	3.52894e-22	83.4398	pfam00961	LAGLIDADG_1	-	45
ENDDOMAINS
ENDQUERY
QUERY	Query_84	Peptide	238	orf238_Nemabo1_feature_67_from_C_1, ORGANISM Genus species Unclassified.,
DOMAINS
3	Query_84	Specific	334330	120	218	3.094e-20	81.899	pfam00961	LAGLIDADG_1	-	45
ENDDOMAINS
ENDQUERY
QUERY	Query_85	Peptide	138	orf138_Nemabo1_feature_69_from_C_1, ORGANISM Genus species Unclassified.,
DOMAINS
3	Query_85	Specific	334330	86	135	1.94401e-10	53.7795	pfam00961	LAGLIDADG_1	C	45
3	Query_85	Specific	334330	4	28	0.00716066	33.7491	pfam00961	LAGLIDADG_1	N	45
ENDDOMAINS
ENDQUERY
QUERY	Query_86	Peptide	420	orf420_Nemabo1_feature_73_from_C_1, ORGANISM Genus species Unclassified.,
DOMAINS
3	Query_86	Specific	334330	135	234	2.4427e-24	96.1514	pfam00961	LAGLIDADG_1	-	45
3	Query_86	Specific	334330	293	390	2.44866e-21	88.0622	pfam00961	LAGLIDADG_1	-	45
ENDDOMAINS
ENDQUERY
QUERY	Query_87	Peptide	519	orf520_Nemabo1_feature_84_from_C_1, ORGANISM Genus species Unclassified.,
DOMAINS
3	Query_87	Specific	334330	137	225	1.35523e-15	72.269	pfam00961	LAGLIDADG_1	-	45
3	Query_87	Specific	334330	277	378	0.0055661	36.4455	pfam00961	LAGLIDADG_1	-	45
ENDDOMAINS
ENDQUERY
QUERY	Query_88	Peptide	393	orf394_Nemabo1_feature_86_from_C_1, ORGANISM Genus species Unclassified.,
DOMAINS
3	Query_88	Non-specific	273636	40	237	2.43619e-32	120.954	TIGR01453	grpIintron_endo	-	45
ENDDOMAINS
ENDQUERY
QUERY	Query_89	Peptide	61	orf62_Nemabo1_feature_94_from_C_1, ORGANISM Genus species Unclassified.,
DOMAINS
3	Query_89	Superfamily	353929	4	60	2.97532e-09	47.6056	cl15257	GIY-YIG_SF	C	-
ENDDOMAINS
SITES
3	Query_89	Generic	active site	Y7,C18,G20,R28,Y32	6	5	198380
3	Query_89	Generic	catalytic site	R28	2	1	198380
3	Query_89	Generic	GIY-YIG motif/motif A	G5,I6,Y7,C18,I19,G20	6	6	198380
ENDSITES
ENDQUERY
QUERY	Query_90	Peptide	36	orf37_Nemabo1_feature_100_from_C_1, ORGANISM Genus species Unclassified.,
DOMAINS
3	Query_90	Superfamily	353929	3	33	1.11002e-08	44.9092	cl15257	GIY-YIG_SF	C	-
ENDDOMAINS
SITES
3	Query_90	Generic	active site	Y6,Y17,G19,R27,Y31	6	5	198380
3	Query_90	Generic	catalytic site	R27	2	1	198380
3	Query_90	Generic	GIY-YIG motif/motif A	G4,I5,Y6,Y17,V18,G19	6	6	198380
ENDSITES
ENDQUERY
QUERY	Query_91	Peptide	434	orf434_Nemabo1_feature_112_from_C_1, ORGANISM Genus species Unclassified.,
DOMAINS
3	Query_91	Specific	334330	297	396	1.09658e-24	97.307	pfam00961	LAGLIDADG_1	-	45
3	Query_91	Specific	334330	141	239	1.13037e-24	97.307	pfam00961	LAGLIDADG_1	-	45
ENDDOMAINS
ENDQUERY
QUERY	Query_93	Peptide	323	orf324_Nemabo1_feature_116_from_C_1, ORGANISM Genus species Unclassified.,
DOMAINS
3	Query_93	Specific	334330	24	117	2.86613e-15	70.343	pfam00961	LAGLIDADG_1	-	45
3	Query_93	Specific	334330	168	273	3.62226e-12	61.4834	pfam00961	LAGLIDADG_1	-	45
ENDDOMAINS
ENDQUERY
QUERY	Query_94	Peptide	332	orf333_Nemabo1_feature_118_from_C_1, ORGANISM Genus species Unclassified.,
DOMAINS
3	Query_94	Specific	334330	22	120	4.09752e-20	83.4398	pfam00961	LAGLIDADG_1	-	45
3	Query_94	Specific	334330	167	274	0.000265014	39.5271	pfam00961	LAGLIDADG_1	-	45
ENDDOMAINS
ENDQUERY
QUERY	Query_95	Peptide	262	orf263_Nemabo1_feature_120_from_C_1, ORGANISM Genus species Unclassified.,
DOMAINS
3	Query_95	Non-specific	273636	46	261	1.27406e-37	131.354	TIGR01453	grpIintron_endo	-	45
ENDDOMAINS
ENDQUERY
QUERY	Query_96	Peptide	230	orf231_Nemabo1_feature_124_from_C_1, ORGANISM Genus species Unclassified.,
DOMAINS
3	Query_96	Non-specific	273636	31	225	1.65006e-37	130.198	TIGR01453	grpIintron_endo	-	45
ENDDOMAINS
ENDQUERY
ENDSESSION	3
SESSION	4	blastp	2.10.0+	/opt/rpsbproc/db/Cdd	BLOSUM62	0.01
QUERY	Query_97	Peptide	218	orf219_Nemabo1_feature_130_from_C_1, ORGANISM Genus species Unclassified.,
DOMAINS
4	Query_97	Non-specific	273636	1	151	6.89647e-25	97.0713	TIGR01453	grpIintron_endo	-	45
ENDDOMAINS
ENDQUERY
QUERY	Query_99	Peptide	187	orf188_Nemabo1_feature_8_from_C_2, ORGANISM Genus species Unclassified.,
DOMAINS
4	Query_99	Specific	198392	26	125	3.86619e-24	90.3628	cd10445	GIY-YIG_bI1_like	-	353929
ENDDOMAINS
SITES
4	Query_99	Specific	putative active site	Y29,Y40,G42,R50,Y54,E110,N122	7	7	198392
4	Query_99	Specific	putative metal binding site	E110	1	1	198392
4	Query_99	Specific	GIY-YIG motif/motif A	G27,I28,Y29,Y40,V41,G42	6	6	198392
ENDSITES
ENDQUERY
QUERY	Query_100	Peptide	59	cox3_Nemabo1_feature_12_from_C_2, ORGANISM Genus species Unclassified.,
DOMAINS
4	Query_100	Superfamily	294143	12	55	1.21679e-11	56.65	cl00211	Heme_Cu_Oxidase_III_like	C	-
ENDDOMAINS
ENDQUERY
QUERY	Query_101	Peptide	223	nad6_Nemabo1_feature_20_from_C_2, ORGANISM Genus species Unclassified.,
DOMAINS
4	Query_101	Superfamily	354830	22	215	3.17856e-21	86.5933	cl21484	Oxidored_q3	-	-
ENDDOMAINS
ENDQUERY
QUERY	Query_102	Peptide	506	orf506_Nemabo1_feature_24_from_C_2, ORGANISM Genus species Unclassified.,
DOMAINS
4	Query_102	Specific	334330	96	194	1.0545e-16	75.3506	pfam00961	LAGLIDADG_1	-	45
4	Query_102	Specific	334330	244	357	2.3409e-07	48.7719	pfam00961	LAGLIDADG_1	-	45
ENDDOMAINS
ENDQUERY
QUERY	Query_103	Peptide	206	atp9_Nemabo1_feature_29_from_C_2, ORGANISM Genus species Unclassified.,
DOMAINS
4	Query_103	Specific	349422	6	51	4.79795e-14	64.0679	cd18182	ATP-synt_Fo_c_ATP5G3	C	365782
ENDDOMAINS
SITES
ENDSITES
ENDQUERY
QUERY	Query_104	Peptide	367	orf368_Nemabo1_feature_31_from_C_2, ORGANISM Genus species Unclassified.,
DOMAINS
4	Query_104	Specific	334330	150	242	1.97444e-16	73.8098	pfam00961	LAGLIDADG_1	-	45
ENDDOMAINS
ENDQUERY
QUERY	Query_105	Peptide	113	orf113_Nemabo1_feature_33_from_C_2, ORGANISM Genus species Unclassified.,
DOMAINS
4	Query_105	Specific	197761	66	97	0.00254441	33.3102	smart00497	IENR1	N	299755
ENDDOMAINS
ENDQUERY
QUERY	Query_106	Peptide	239	orf240_Nemabo1_feature_46_from_C_2, ORGANISM Genus species Unclassified.,
DOMAINS
4	Query_106	Specific	273636	31	232	8.27465e-45	149.073	TIGR01453	grpIintron_endo	-	45
ENDDOMAINS
ENDQUERY
QUERY	Query_107	Peptide	39	orf40_Nemabo1_feature_50_from_C_2, ORGANISM Genus species Unclassified.,
DOMAINS
4	Query_107	Superfamily	353929	3	38	6.56427e-07	40.6721	cl15257	GIY-YIG_SF	C	-
ENDDOMAINS
SITES
4	Query_107	Generic	active site	Y6,Y17,G19,R27,Y31	6	5	198380
4	Query_107	Generic	catalytic site	R27	2	1	198380
4	Query_107	Generic	GIY-YIG motif/motif A	G4,I5,Y6,Y17,K18,G19	6	6	198380
ENDSITES
ENDQUERY
QUERY	Query_108	Peptide	129	orf129_Nemabo1_feature_2_from_C_3, ORGANISM Genus species Unclassified.,
DOMAINS
4	Query_108	Non-specific	273636	76	122	0.00453945	35.0542	TIGR01453	grpIintron_endo	N	45
ENDDOMAINS
ENDQUERY
QUERY	Query_110	Peptide	64	orf65_Nemabo1_feature_6_from_C_3, ORGANISM Genus species Unclassified.,
DOMAINS
4	Query_110	Specific	334330	27	64	0.00117687	33.7491	pfam00961	LAGLIDADG_1	C	45
ENDDOMAINS
ENDQUERY
QUERY	Query_111	Peptide	263	atp6_Nemabo1_feature_12_from_C_3, ORGANISM Genus species Unclassified.,
DOMAINS
4	Query_111	Specific	273458	38	260	2.01195e-49	162.376	TIGR01131	ATP_synt_6_or_A	-	351082
ENDDOMAINS
ENDQUERY
QUERY	Query_112	Peptide	294	orf294_Nemabo1_feature_16_from_C_3, ORGANISM Genus species Unclassified.,
DOMAINS
4	Query_112	Specific	198392	35	121	8.01919e-30	108.082	cd10445	GIY-YIG_bI1_like	-	353929
4	Query_112	Non-specific	273636	34	291	1.31207e-27	106.316	TIGR01453	grpIintron_endo	-	45
4	Query_112	Specific	284793	167	203	0.000180926	37.8772	pfam07453	NUMOD1	-	299755
ENDDOMAINS
SITES
4	Query_112	Specific	putative active site	Y38,Y49,G51,R59,Y63,E106,N118	7	7	198392
4	Query_112	Specific	putative metal binding site	E106	1	1	198392
4	Query_112	Specific	GIY-YIG motif/motif A	G36,I37,Y38,Y49,V50,G51	6	6	198392
ENDSITES
ENDQUERY
QUERY	Query_113	Peptide	393	orf393_Nemabo1_feature_20_from_C_3, ORGANISM Genus species Unclassified.,
DOMAINS
4	Query_113	Non-specific	273636	49	247	5.78472e-37	133.28	TIGR01453	grpIintron_endo	-	45
ENDDOMAINS
ENDQUERY
QUERY	Query_114	Peptide	345	orf345_Nemabo1_feature_24_from_C_3, ORGANISM Genus species Unclassified.,
DOMAINS
4	Query_114	Specific	334330	57	156	2.01022e-25	98.0774	pfam00961	LAGLIDADG_1	-	45
4	Query_114	Specific	334330	216	311	3.58557e-17	75.7358	pfam00961	LAGLIDADG_1	-	45
ENDDOMAINS
ENDQUERY
QUERY	Query_115	Peptide	50	atp8_Nemabo1_feature_27_from_C_3, ORGANISM Genus species Unclassified.,
DOMAINS
4	Query_115	Non-specific	283561	1	48	1.77864e-06	39.3118	pfam05933	Fun_ATP-synt_8	-	45
ENDDOMAINS
ENDQUERY
QUERY	Query_116	Peptide	62	orf62_Nemabo1_feature_29_from_C_3, ORGANISM Genus species Unclassified.,
DOMAINS
4	Query_116	Superfamily	355698	19	50	2.14454e-07	45.0316	cl28058	DNA_pol_B_2	N	-
ENDDOMAINS
ENDQUERY
QUERY	Query_118	Peptide	228	orf228_Nemabo1_feature_33_from_C_3, ORGANISM Genus species Unclassified.,
DOMAINS
4	Query_118	Non-specific	226445	58	121	0.00882877	36.2474	COG3935	DnaD	NC	45
ENDDOMAINS
ENDQUERY
QUERY	Query_119	Peptide	648	cox3_Nemabo1_feature_35_from_C_3, ORGANISM Genus species Unclassified.,
DOMAINS
4	Query_119	Superfamily	294143	12	52	2.81898e-12	67.0503	cl00211	Heme_Cu_Oxidase_III_like	C	-
ENDDOMAINS
ENDQUERY
ENDSESSION	4
ENDDATA
