#Post-RPSBLAST Processing Utility

#Input data file:	Neobo1_MitoAssemblyScaffolds.fasta.new.sqn.gbf_converted.faa.asn
#Output data file:	Neobo1_MitoAssemblyScaffolds.fasta.new.sqn.gbf_converted.faa.asn.out
#Annotation data at:	/opt/rpsbproc/data
#E-Value cutoff:	0.01
#Redundancy:	Concise
#Data requested:	Domain hits and site annotations
#Output format -- tab-delimited table
#Show superfamilies: NO
#DATA
#SESSION	<session-ordinal>	<program>	<database>	<score-matrix>	<evalue-threshold>
#QUERY	<query-id>	<seq-type>	<seq-length>	<definition-line>
#DOMAINS
#<session-ordinal>	<query-id[readingframe]>	<hit-type>	<PSSM-ID>	<from>	<to>	<E-Value>	<bitscore>	<accession>	<short-name>	<incomplete>	<superfamily PSSM-ID>
#more such lines......
#ENDDOMAINS
#SITES
#<session-ordinal>	<query-id[readingframe]>	<annot-type>	<title>	<residue(coordinates)>	<complete-size>	<mapped-size>	<source-domain>
#more such lines......
#ENDSITES
#MOTIFS
#<session-ordinal>	<query-id[readingframe]>	<title>	<from>	<to>	<source-domain>
#more such lines......
#ENDMOTIFS
#ENDQUERY	<query-id>
#more query sections..
#ENDSESSION	<session-ordinal>
#more session sections..
#ENDDATA
#=====================================================================
DATA
SESSION	1	blastp	2.10.0+	/opt/rpsbproc/db/Cdd	BLOSUM62	0.01
QUERY	Query_1	Peptide	536	cox1_Neobo1_feature_2_from_C_0, ORGANISM Genus species Unclassified.,
DOMAINS
1	Query_1	Superfamily	350997	12	127	3.73419e-57	198.091	cl00275	Heme_Cu_Oxidase_I	C	-
ENDDOMAINS
SITES
1	Query_1	Generic	Low-spin heme binding site	S36,R40,Y57,H64,M68,I69,V73	15	7	238461
1	Query_1	Generic	D-pathway	Y21,N83,D94,N101,S104	9	5	238461
ENDSITES
ENDQUERY
QUERY	Query_2	Peptide	210	orf210_Neobo1_feature_6_from_C_0, ORGANISM Genus species Unclassified.,
DOMAINS
1	Query_2	Specific	334330	54	169	5.5827e-17	72.6542	pfam00961	LAGLIDADG_1	-	45
ENDDOMAINS
ENDQUERY
QUERY	Query_3	Peptide	383	orf383_Neobo1_feature_10_from_C_0, ORGANISM Genus species Unclassified.,
DOMAINS
1	Query_3	Specific	334330	107	202	7.26068e-21	86.1362	pfam00961	LAGLIDADG_1	-	45
1	Query_3	Specific	334330	258	343	2.84717e-05	42.6087	pfam00961	LAGLIDADG_1	-	45
ENDDOMAINS
ENDQUERY
QUERY	Query_4	Peptide	351	orf351_Neobo1_feature_14_from_C_0, ORGANISM Genus species Unclassified.,
DOMAINS
1	Query_4	Specific	334330	202	307	4.99745e-14	66.8762	pfam00961	LAGLIDADG_1	-	45
1	Query_4	Specific	334330	81	178	2.28507e-12	62.2538	pfam00961	LAGLIDADG_1	-	45
ENDDOMAINS
ENDQUERY
QUERY	Query_5	Peptide	420	orf420_Neobo1_feature_18_from_C_0, ORGANISM Genus species Unclassified.,
DOMAINS
1	Query_5	Specific	273636	127	332	3.85946e-56	184.126	TIGR01453	grpIintron_endo	-	45
1	Query_5	Specific	197761	365	416	3.50193e-09	52.185	smart00497	IENR1	-	299755
ENDDOMAINS
ENDQUERY
QUERY	Query_6	Peptide	342	orf342_Neobo1_feature_22_from_C_0, ORGANISM Genus species Unclassified.,
DOMAINS
1	Query_6	Specific	334330	95	169	1.64986e-07	48.7719	pfam00961	LAGLIDADG_1	C	45
ENDDOMAINS
ENDQUERY
QUERY	Query_7	Peptide	369	nad1_Neobo1_feature_27_from_C_0, ORGANISM Genus species Unclassified.,
DOMAINS
1	Query_7	Specific	333876	16	352	1.58381e-111	327.507	pfam00146	NADHdh	-	351105
ENDDOMAINS
ENDQUERY
QUERY	Query_8	Peptide	262	orf263_Neobo1_feature_29_from_C_0, ORGANISM Genus species Unclassified.,
DOMAINS
1	Query_8	Non-specific	273636	41	256	2.63825e-38	133.28	TIGR01453	grpIintron_endo	-	45
ENDDOMAINS
ENDQUERY
QUERY	Query_9	Peptide	485	nad4_Neobo1_feature_31_from_C_0, ORGANISM Genus species Unclassified.,
DOMAINS
1	Query_9	Specific	235622	1	482	1.04965e-133	395.34	PRK05846	PRK05846	-	45
ENDDOMAINS
ENDQUERY
QUERY	Query_10	Peptide	48	atp8_Neobo1_feature_33_from_C_0, ORGANISM Genus species Unclassified.,
DOMAINS
1	Query_10	Non-specific	283561	1	48	3.08726e-08	43.549	pfam05933	Fun_ATP-synt_8	-	45
ENDDOMAINS
ENDQUERY
QUERY	Query_11	Peptide	262	atp6_Neobo1_feature_35_from_C_0, ORGANISM Genus species Unclassified.,
DOMAINS
1	Query_11	Superfamily	351082	18	262	1.11006e-56	181.358	cl00413	ATP-synt_A	-	-
ENDDOMAINS
ENDQUERY
QUERY	Query_12	Peptide	269	cox3_Neobo1_feature_47_from_C_0, ORGANISM Genus species Unclassified.,
DOMAINS
1	Query_12	Specific	278911	12	269	1.24805e-128	365.195	pfam00510	COX3	-	294143
ENDDOMAINS
SITES
1	Query_12	Specific	Subunit I/III interface	A82,K85,G86,S97,L100,A104,I105,H111,G199,V200,T203,F207	12	12	238834
1	Query_12	Specific	Subunit III/Vb interface	G166	1	1	238834
1	Query_12	Specific	Subunit III/VIa interface	F135,E136,L137,Y154,I180,S190,V191,S192,S197,D198,G199	11	11	238834
1	Query_12	Specific	Subunit III/VIb interface	M127	1	1	238834
1	Query_12	Specific	Subunit III/VIIa interface	F64,R67,D68,S71,T74,Y75,L76	7	7	238834
1	Query_12	Specific	Phospholipid binding site	W65,F66,I69,I70,G73,H79,G90,V91,F94,F222,R229,L241,G242	13	13	238834
ENDSITES
ENDQUERY
QUERY	Query_13	Peptide	308	orf308_Neobo1_feature_51_from_C_0, ORGANISM Genus species Unclassified.,
DOMAINS
1	Query_13	Specific	334330	170	284	1.8052e-12	62.2538	pfam00961	LAGLIDADG_1	-	45
ENDDOMAINS
ENDQUERY
QUERY	Query_14	Peptide	223	nad6_Neobo1_feature_54_from_C_0, ORGANISM Genus species Unclassified.,
DOMAINS
1	Query_14	Superfamily	354830	23	218	2.77591e-17	76.1929	cl21484	Oxidored_q3	-	-
ENDDOMAINS
ENDQUERY
QUERY	Query_16	Peptide	150	orf151_Neobo1_feature_82_from_C_0, ORGANISM Genus species Unclassified.,
DOMAINS
1	Query_16	Non-specific	273636	31	140	1.26047e-23	91.2933	TIGR01453	grpIintron_endo	C	45
ENDDOMAINS
ENDQUERY
QUERY	Query_17	Peptide	216	orf217_Neobo1_feature_90_from_C_0, ORGANISM Genus species Unclassified.,
DOMAINS
1	Query_17	Non-specific	273636	31	210	6.68476e-24	94.3749	TIGR01453	grpIintron_endo	-	45
ENDDOMAINS
ENDQUERY
QUERY	Query_18	Peptide	562	nad2_Neobo1_feature_98_from_C_0, ORGANISM Genus species Unclassified.,
DOMAINS
1	Query_18	Specific	235603	124	479	5.12568e-85	272.079	PRK05777	PRK05777	N	356474
ENDDOMAINS
ENDQUERY
QUERY	Query_19	Peptide	335	orf335_Neobo1_feature_100_from_C_0, ORGANISM Genus species Unclassified.,
DOMAINS
1	Query_19	Specific	334330	47	142	4.16914e-21	86.1362	pfam00961	LAGLIDADG_1	-	45
1	Query_19	Specific	334330	204	297	3.27778e-18	78.4322	pfam00961	LAGLIDADG_1	-	45
ENDDOMAINS
ENDQUERY
QUERY	Query_20	Peptide	137	nad3_Neobo1_feature_102_from_C_0, ORGANISM Genus species Unclassified.,
DOMAINS
1	Query_20	Specific	334119	19	113	6.98352e-29	100.953	pfam00507	Oxidored_q4	-	351141
ENDDOMAINS
ENDQUERY
QUERY	Query_21	Peptide	74	atp9_Neobo1_feature_104_from_C_0, ORGANISM Genus species Unclassified.,
DOMAINS
1	Query_21	Specific	349422	6	62	1.31946e-18	71.3867	cd18182	ATP-synt_Fo_c_ATP5G3	-	365782
ENDDOMAINS
SITES
ENDSITES
ENDQUERY
QUERY	Query_22	Peptide	249	cox2_Neobo1_feature_106_from_C_0, ORGANISM Genus species Unclassified.,
DOMAINS
1	Query_22	Specific	214438	15	246	7.70553e-111	317.926	MTH00154	COX2	-	45
ENDDOMAINS
ENDQUERY
QUERY	Query_23	Peptide	89	nad4L_Neobo1_feature_110_from_C_0, ORGANISM Genus species Unclassified.,
DOMAINS
1	Query_23	Superfamily	351118	5	86	2.71574e-17	69.6757	cl00492	Oxidored_q2	-	-
ENDDOMAINS
ENDQUERY
QUERY	Query_24	Peptide	664	nad5_Neobo1_feature_112_from_C_0, ORGANISM Genus species Unclassified.,
DOMAINS
1	Query_24	Non-specific	177253	1	632	0	611.242	MTH00210	ND5	-	45
ENDDOMAINS
ENDQUERY
QUERY	Query_25	Peptide	302	orf302_Neobo1_feature_116_from_C_0, ORGANISM Genus species Unclassified.,
DOMAINS
1	Query_25	Specific	334330	181	277	3.57384e-09	53.0091	pfam00961	LAGLIDADG_1	-	45
1	Query_25	Specific	334330	68	153	1.17773e-08	51.8535	pfam00961	LAGLIDADG_1	-	45
ENDDOMAINS
ENDQUERY
QUERY	Query_26	Peptide	390	cob_Neobo1_feature_119_from_C_0, ORGANISM Genus species Unclassified.,
DOMAINS
1	Query_26	Specific	214440	10	367	1.50675e-165	467.337	MTH00156	CYTB	-	45
ENDDOMAINS
ENDQUERY
QUERY	Query_27	Peptide	319	orf319_Neobo1_feature_123_from_C_0, ORGANISM Genus species Unclassified.,
DOMAINS
1	Query_27	Specific	334330	74	170	2.80481e-20	83.825	pfam00961	LAGLIDADG_1	-	45
1	Query_27	Specific	334330	206	301	1.23318e-05	43.3791	pfam00961	LAGLIDADG_1	-	45
ENDDOMAINS
ENDQUERY
ENDSESSION	1
ENDDATA
