#Post-RPSBLAST Processing Utility

#Input data file:	OphPMI507_1_MitoAssemblyScaffolds.fasta.new.sqn.gbf_converted.faa.asn
#Output data file:	OphPMI507_1_MitoAssemblyScaffolds.fasta.new.sqn.gbf_converted.faa.asn.out
#Annotation data at:	/opt/rpsbproc/data
#E-Value cutoff:	0.01
#Redundancy:	Concise
#Data requested:	Domain hits and site annotations
#Output format -- tab-delimited table
#Show superfamilies: NO
#DATA
#SESSION	<session-ordinal>	<program>	<database>	<score-matrix>	<evalue-threshold>
#QUERY	<query-id>	<seq-type>	<seq-length>	<definition-line>
#DOMAINS
#<session-ordinal>	<query-id[readingframe]>	<hit-type>	<PSSM-ID>	<from>	<to>	<E-Value>	<bitscore>	<accession>	<short-name>	<incomplete>	<superfamily PSSM-ID>
#more such lines......
#ENDDOMAINS
#SITES
#<session-ordinal>	<query-id[readingframe]>	<annot-type>	<title>	<residue(coordinates)>	<complete-size>	<mapped-size>	<source-domain>
#more such lines......
#ENDSITES
#MOTIFS
#<session-ordinal>	<query-id[readingframe]>	<title>	<from>	<to>	<source-domain>
#more such lines......
#ENDMOTIFS
#ENDQUERY	<query-id>
#more query sections..
#ENDSESSION	<session-ordinal>
#more session sections..
#ENDDATA
#=====================================================================
DATA
SESSION	1	blastp	2.10.0+	/opt/rpsbproc/db/Cdd	BLOSUM62	0.01
QUERY	Query_1	Peptide	553	nad2_OphPMI507_feature_16_from_C_0, ORGANISM Genus species Unclassified.,
DOMAINS
1	Query_1	Superfamily	356474	124	162	0.000145899	44.4265	cl29598	Proton_antipo_M	NC	-
ENDDOMAINS
ENDQUERY
QUERY	Query_2	Peptide	133	nad3_OphPMI507_feature_18_from_C_0, ORGANISM Genus species Unclassified.,
DOMAINS
1	Query_2	Specific	334119	19	113	1.0508e-18	74.759	pfam00507	Oxidored_q4	-	351141
ENDDOMAINS
ENDQUERY
QUERY	Query_3	Peptide	74	atp9_OphPMI507_feature_20_from_C_0, ORGANISM Genus species Unclassified.,
DOMAINS
1	Query_3	Specific	349422	6	70	3.17446e-20	75.6239	cd18182	ATP-synt_Fo_c_ATP5G3	-	365782
ENDDOMAINS
SITES
ENDSITES
ENDQUERY
QUERY	Query_4	Peptide	250	cox2_OphPMI507_feature_22_from_C_0, ORGANISM Genus species Unclassified.,
DOMAINS
1	Query_4	Specific	214438	18	247	1.07401e-107	309.837	MTH00154	COX2	-	45
ENDDOMAINS
ENDQUERY
QUERY	Query_5	Peptide	89	nad4L_OphPMI507_feature_26_from_C_0, ORGANISM Genus species Unclassified.,
DOMAINS
1	Query_5	Superfamily	351118	3	86	1.00983e-15	65.8237	cl00492	Oxidored_q2	-	-
ENDDOMAINS
ENDQUERY
QUERY	Query_6	Peptide	656	nad5_OphPMI507_feature_28_from_C_0, ORGANISM Genus species Unclassified.,
DOMAINS
1	Query_6	Non-specific	214400	1	626	0	575.103	MTH00020	ND5	-	45
ENDDOMAINS
ENDQUERY
QUERY	Query_7	Peptide	389	cob_OphPMI507_feature_30_from_C_0, ORGANISM Genus species Unclassified.,
DOMAINS
1	Query_7	Specific	214440	10	367	2.82465e-174	489.293	MTH00156	CYTB	-	45
ENDDOMAINS
ENDQUERY
QUERY	Query_9	Peptide	531	cox1_OphPMI507_feature_38_from_C_0, ORGANISM Genus species Unclassified.,
DOMAINS
1	Query_9	Specific	238833	10	512	0	845.996	cd01663	Cyt_c_Oxidase_I	-	350997
ENDDOMAINS
SITES
1	Query_9	Specific	Binuclear center (heme a3/CuB)	H241,H290,H291,H376	4	4	238833
1	Query_9	Specific	Low-spin heme (heme a) binding site	H62,H378,S382,T424,S461	5	5	238833
1	Query_9	Specific	D-pathway	Y19,N81,D92,N99,S102,S157,S158,N164,T168	9	9	238833
1	Query_9	Specific	K-pathway	H241,Y245,S256,H290,H291,T316,K319	7	7	238833
1	Query_9	Specific	Electron transfer pathway	F377,R438,R439	3	3	238833
1	Query_9	Specific	Putative proton exit pathway	H291,H368,D369,R438,R439	5	5	238833
1	Query_9	Specific	Putative water exit pathway	D228,Q233,H234,D364,H368,D369,R438	7	7	238833
1	Query_9	Specific	Subunit I/II interface	N56,D228,K265,F268,G269,T294,V295,G296,V299,R302,L310,I318,F321,Y328,G329,G330,L342,N360,A361,L363,T365,A366,F367,H368,D369,L433,Q434,R438,R439,I440,G449,W450	32	32	238833
1	Query_9	Specific	Subunit I/III interface	T10,P91,F95,R97,W104,D145,F149,T167,N171,I191,L198,P201,M209,T218,S219,F220,G225,G226,D228,F238,Y275,M278,G281,I282,I286	25	25	238833
1	Query_9	Specific	Subunit I/IV interface	M39,S42,G43,L408,K411,V412,D445,I463	8	8	238833
1	Query_9	Specific	Subunit I/Vb interface	S266,Y270,A511	3	3	238833
1	Query_9	Specific	Subunit I/VIa interface	I136,R214,N215,F216,N217	5	5	238833
1	Query_9	Specific	Subunit I/VIb interface	G296	1	1	238833
1	Query_9	Specific	Subunit I/VIc interface	G329	1	1	238833
1	Query_9	Specific	Subunit I/VIIa interface	F115,C118	2	2	238833
1	Query_9	Specific	Subunit I/VIIb interface	D445,G449	2	2	238833
1	Query_9	Specific	Subunit I/VIIc interface	L25,L29,A32,L36,A117,C118,I400,Y473,L476	9	9	238833
1	Query_9	Specific	Subunit I/VIIIb interface	L409,G466	2	2	238833
1	Query_9	Specific	Dimer interface	I191,L198,F238,Y275,M278,G281,I282,I286	8	8	238833
ENDSITES
ENDQUERY
QUERY	Query_10	Peptide	342	orf342_OphPMI507_feature_42_from_C_0, ORGANISM Genus species Unclassified.,
DOMAINS
1	Query_10	Specific	334330	95	158	0.000712342	38.3715	pfam00961	LAGLIDADG_1	C	45
ENDDOMAINS
ENDQUERY
QUERY	Query_12	Peptide	356	nad1_OphPMI507_feature_49_from_C_0, ORGANISM Genus species Unclassified.,
DOMAINS
1	Query_12	Specific	333876	12	327	1.96216e-103	306.321	pfam00146	NADHdh	-	351105
ENDDOMAINS
ENDQUERY
QUERY	Query_13	Peptide	487	nad4_OphPMI507_feature_51_from_C_0, ORGANISM Genus species Unclassified.,
DOMAINS
1	Query_13	Specific	235622	16	484	1.11175e-133	395.34	PRK05846	PRK05846	-	45
ENDDOMAINS
ENDQUERY
QUERY	Query_14	Peptide	52	atp8_OphPMI507_feature_53_from_C_0, ORGANISM Genus species Unclassified.,
DOMAINS
1	Query_14	Specific	283561	1	48	4.516e-10	48.5566	pfam05933	Fun_ATP-synt_8	-	45
ENDDOMAINS
ENDQUERY
QUERY	Query_15	Peptide	266	atp6_OphPMI507_feature_55_from_C_0, ORGANISM Genus species Unclassified.,
DOMAINS
1	Query_15	Specific	273458	41	263	1.39332e-50	165.457	TIGR01131	ATP_synt_6_or_A	-	351082
ENDDOMAINS
ENDQUERY
QUERY	Query_16	Peptide	269	cox3_OphPMI507_feature_63_from_C_0, ORGANISM Genus species Unclassified.,
DOMAINS
1	Query_16	Specific	278911	12	269	4.11402e-125	355.95	pfam00510	COX3	-	294143
ENDDOMAINS
SITES
1	Query_16	Specific	Subunit I/III interface	A82,R85,G86,S97,L100,A104,I105,H111,G199,A200,T203,F207	12	12	238834
1	Query_16	Specific	Subunit III/Vb interface	A166	1	1	238834
1	Query_16	Specific	Subunit III/VIa interface	F135,E136,L137,Y154,V180,N190,E191,S192,S197,D198,G199	11	11	238834
1	Query_16	Specific	Subunit III/VIb interface	L127	1	1	238834
1	Query_16	Specific	Subunit III/VIIa interface	F64,R67,D68,S71,T74,F75,L76	7	7	238834
1	Query_16	Specific	Phospholipid binding site	W65,F66,V69,V70,A73,H79,G90,V91,F94,F222,R229,V241,G242	13	13	238834
ENDSITES
ENDQUERY
QUERY	Query_17	Peptide	218	nad6_OphPMI507_feature_73_from_C_0, ORGANISM Genus species Unclassified.,
DOMAINS
1	Query_17	Specific	334114	32	211	1.40301e-18	78.2707	pfam00499	Oxidored_q3	-	354830
ENDDOMAINS
ENDQUERY
QUERY	Query_18	Peptide	85	nad3_OphPMI507_feature_2_from_C_1, ORGANISM Genus species Unclassified.,
DOMAINS
1	Query_18	Specific	334119	19	61	1.94357e-09	49.3358	pfam00507	Oxidored_q4	C	351141
ENDDOMAINS
ENDQUERY
QUERY	Query_19	Peptide	553	nad2_OphPMI507_feature_4_from_C_1, ORGANISM Genus species Unclassified.,
DOMAINS
1	Query_19	Specific	235603	124	478	2.16923e-83	267.457	PRK05777	PRK05777	N	356474
ENDDOMAINS
ENDQUERY
QUERY	Query_21	Peptide	132	nad6_OphPMI507_feature_40_from_C_1, ORGANISM Genus species Unclassified.,
DOMAINS
1	Query_21	Specific	334114	76	125	1.65908e-08	49.3807	pfam00499	Oxidored_q3	N	354830
ENDDOMAINS
ENDQUERY
ENDSESSION	1
ENDDATA
