#Post-RPSBLAST Processing Utility

#Input data file:	Phapla1_MitoAssemblyScaffolds.fasta.new.sqn.gbf_converted.faa.asn
#Output data file:	Phapla1_MitoAssemblyScaffolds.fasta.new.sqn.gbf_converted.faa.asn.out
#Annotation data at:	/opt/rpsbproc/data
#E-Value cutoff:	0.01
#Redundancy:	Concise
#Data requested:	Domain hits and site annotations
#Output format -- tab-delimited table
#Show superfamilies: NO
#DATA
#SESSION	<session-ordinal>	<program>	<database>	<score-matrix>	<evalue-threshold>
#QUERY	<query-id>	<seq-type>	<seq-length>	<definition-line>
#DOMAINS
#<session-ordinal>	<query-id[readingframe]>	<hit-type>	<PSSM-ID>	<from>	<to>	<E-Value>	<bitscore>	<accession>	<short-name>	<incomplete>	<superfamily PSSM-ID>
#more such lines......
#ENDDOMAINS
#SITES
#<session-ordinal>	<query-id[readingframe]>	<annot-type>	<title>	<residue(coordinates)>	<complete-size>	<mapped-size>	<source-domain>
#more such lines......
#ENDSITES
#MOTIFS
#<session-ordinal>	<query-id[readingframe]>	<title>	<from>	<to>	<source-domain>
#more such lines......
#ENDMOTIFS
#ENDQUERY	<query-id>
#more query sections..
#ENDSESSION	<session-ordinal>
#more session sections..
#ENDDATA
#=====================================================================
DATA
SESSION	1	blastp	2.10.0+	/opt/rpsbproc/db/Cdd	BLOSUM62	0.01
QUERY	Query_4	Peptide	279	cox3_Phapla1_feature_10_from_C_0, ORGANISM Genus species Unclassified.,
DOMAINS
1	Query_4	Specific	238834	33	276	4.47522e-122	348.351	cd01665	Cyt_c_Oxidase_III	-	294143
ENDDOMAINS
SITES
1	Query_4	Specific	Subunit I/III interface	E91,N94,G95,S106,F109,S113,V114,H120,G208,V209,S212,A216	12	12	238834
1	Query_4	Specific	Subunit III/Vb interface	A175	1	1	238834
1	Query_4	Specific	Subunit III/VIa interface	F144,A145,I146,Y163,I189,S199,E200,A201,S206,D207,G208	11	11	238834
1	Query_4	Specific	Subunit III/VIb interface	L136	1	1	238834
1	Query_4	Specific	Subunit III/VIIa interface	L73,R76,D77,I80,T83,Y84,L85	7	7	238834
1	Query_4	Specific	Phospholipid binding site	W74,F75,V78,I79,A82,H88,G99,V100,F103,F231,R238,N250,G251	13	13	238834
ENDSITES
ENDQUERY
QUERY	Query_5	Peptide	386	cob_Phapla1_feature_14_from_C_0, ORGANISM Genus species Unclassified.,
DOMAINS
1	Query_5	Non-specific	214440	10	96	4.64104e-37	137.221	MTH00156	CYTB	C	45
ENDDOMAINS
ENDQUERY
QUERY	Query_6	Peptide	338	nad1_Phapla1_feature_16_from_C_0, ORGANISM Genus species Unclassified.,
DOMAINS
1	Query_6	Specific	333876	20	231	1.87659e-80	247.001	pfam00146	NADHdh	C	351105
ENDDOMAINS
ENDQUERY
QUERY	Query_7	Peptide	212	nad6_Phapla1_feature_18_from_C_0, ORGANISM Genus species Unclassified.,
DOMAINS
1	Query_7	Superfamily	354830	25	107	1.68013e-14	68.7093	cl21484	Oxidored_q3	C	-
ENDDOMAINS
ENDQUERY
QUERY	Query_8	Peptide	252	cox2_Phapla1_feature_22_from_C_0, ORGANISM Genus species Unclassified.,
DOMAINS
1	Query_8	Specific	214438	19	249	3.81397e-109	313.689	MTH00154	COX2	-	45
ENDDOMAINS
ENDQUERY
QUERY	Query_9	Peptide	90	nad4L_Phapla1_feature_26_from_C_0, ORGANISM Genus species Unclassified.,
DOMAINS
1	Query_9	Superfamily	351118	18	87	1.76898e-12	57.3494	cl00492	Oxidored_q2	N	-
ENDDOMAINS
ENDQUERY
QUERY	Query_10	Peptide	679	nad5_Phapla1_feature_28_from_C_0, ORGANISM Genus species Unclassified.,
DOMAINS
1	Query_10	Non-specific	177253	1	616	0	558.085	MTH00210	ND5	-	45
ENDDOMAINS
ENDQUERY
QUERY	Query_11	Peptide	73	atp9_Phapla1_feature_30_from_C_0, ORGANISM Genus species Unclassified.,
DOMAINS
1	Query_11	Superfamily	351103	1	72	2.36544e-16	66.0262	cl00466	ATP-synt_C	-	-
ENDDOMAINS
ENDQUERY
QUERY	Query_12	Peptide	255	atp6_Phapla1_feature_34_from_C_0, ORGANISM Genus species Unclassified.,
DOMAINS
1	Query_12	Specific	273458	9	252	6.03095e-50	163.146	TIGR01131	ATP_synt_6_or_A	-	351082
ENDDOMAINS
ENDQUERY
QUERY	Query_14	Peptide	530	cox1_Phapla1_feature_56_from_C_0, ORGANISM Genus species Unclassified.,
DOMAINS
1	Query_14	Specific	238833	7	485	0	844.456	cd01663	Cyt_c_Oxidase_I	-	350997
ENDDOMAINS
SITES
1	Query_14	Specific	Binuclear center (heme a3/CuB)	H239,H288,H289,H374	4	4	238833
1	Query_14	Specific	Low-spin heme (heme a) binding site	H60,H376,S380,T422,S459	5	5	238833
1	Query_14	Specific	D-pathway	Y16,N79,D90,N97,S100,S155,S156,N162,T166	9	9	238833
1	Query_14	Specific	K-pathway	H239,Y243,S254,H288,H289,T314,K317	7	7	238833
1	Query_14	Specific	Electron transfer pathway	F375,R436,R437	3	3	238833
1	Query_14	Specific	Putative proton exit pathway	H289,H366,D367,R436,R437	5	5	238833
1	Query_14	Specific	Putative water exit pathway	D226,Q231,H232,D362,H366,D367,R436	7	7	238833
1	Query_14	Specific	Subunit I/II interface	N54,D226,K263,F266,G267,S292,V293,G294,V297,R300,M308,I316,F319,Y326,G327,G328,L340,N358,A359,L361,V363,A364,F365,H366,D367,M431,A432,R436,R437,I438,G447,W448	32	32	238833
1	Query_14	Specific	Subunit I/III interface	T7,P89,F93,R95,W102,D143,F147,S165,N169,I189,L196,P199,M207,T216,S217,F218,G223,G224,D226,F236,Y273,F276,G279,I280,L284	25	25	238833
1	Query_14	Specific	Subunit I/IV interface	L36,S39,A40,F406,K409,V410,D443,V461	8	8	238833
1	Query_14	Specific	Subunit I/VIa interface	V134,R212,N213,F214,N215	5	5	238833
1	Query_14	Specific	Subunit I/VIb interface	G294	1	1	238833
1	Query_14	Specific	Subunit I/VIc interface	G327	1	1	238833
1	Query_14	Specific	Subunit I/VIIa interface	M113,L116	2	2	238833
1	Query_14	Specific	Subunit I/VIIb interface	D443,G447	2	2	238833
1	Query_14	Specific	Subunit I/VIIc interface	F22,I26,A29,L33,S115,L116,I398,Y471,F474	9	9	238833
1	Query_14	Specific	Subunit I/VIIIb interface	L407,I464	2	2	238833
1	Query_14	Specific	Dimer interface	I189,L196,F236,Y273,F276,G279,I280,L284	8	8	238833
ENDSITES
ENDQUERY
QUERY	Query_16	Peptide	52	atp8_Phapla1_feature_82_from_C_0, ORGANISM Genus species Unclassified.,
DOMAINS
1	Query_16	Non-specific	283561	1	48	0.000281965	33.919	pfam05933	Fun_ATP-synt_8	-	45
ENDDOMAINS
ENDQUERY
QUERY	Query_18	Peptide	263	orf263_Phapla1_feature_86_from_C_0, ORGANISM Genus species Unclassified.,
DOMAINS
1	Query_18	Superfamily	355698	1	255	3.52815e-07	50.5444	cl28058	DNA_pol_B_2	N	-
ENDDOMAINS
ENDQUERY
QUERY	Query_19	Peptide	450	orf450_Phapla1_feature_88_from_C_0, ORGANISM Genus species Unclassified.,
DOMAINS
1	Query_19	Superfamily	355698	106	444	9.86961e-34	131.701	cl28058	DNA_pol_B_2	C	-
ENDDOMAINS
ENDQUERY
QUERY	Query_21	Peptide	504	nad4_Phapla1_feature_96_from_C_0, ORGANISM Genus species Unclassified.,
DOMAINS
1	Query_21	Specific	235622	52	501	1.16327e-147	431.934	PRK05846	PRK05846	-	45
ENDDOMAINS
ENDQUERY
QUERY	Query_22	Peptide	647	nad2_Phapla1_feature_102_from_C_0, ORGANISM Genus species Unclassified.,
DOMAINS
1	Query_22	Superfamily	356474	104	557	1.81696e-59	206.596	cl29598	Proton_antipo_M	-	-
ENDDOMAINS
ENDQUERY
QUERY	Query_23	Peptide	138	nad3_Phapla1_feature_104_from_C_0, ORGANISM Genus species Unclassified.,
DOMAINS
1	Query_23	Specific	334119	19	112	1.71354e-30	104.805	pfam00507	Oxidored_q4	-	351141
ENDDOMAINS
ENDQUERY
ENDSESSION	1
ENDDATA
