#Post-RPSBLAST Processing Utility

#Input data file:	Phefer1_MitoAssemblyScaffolds.fasta.new.sqn.gbf_converted.faa.asn
#Output data file:	Phefer1_MitoAssemblyScaffolds.fasta.new.sqn.gbf_converted.faa.asn.out
#Annotation data at:	/opt/rpsbproc/data
#E-Value cutoff:	0.01
#Redundancy:	Concise
#Data requested:	Domain hits and site annotations
#Output format -- tab-delimited table
#Show superfamilies: NO
#DATA
#SESSION	<session-ordinal>	<program>	<database>	<score-matrix>	<evalue-threshold>
#QUERY	<query-id>	<seq-type>	<seq-length>	<definition-line>
#DOMAINS
#<session-ordinal>	<query-id[readingframe]>	<hit-type>	<PSSM-ID>	<from>	<to>	<E-Value>	<bitscore>	<accession>	<short-name>	<incomplete>	<superfamily PSSM-ID>
#more such lines......
#ENDDOMAINS
#SITES
#<session-ordinal>	<query-id[readingframe]>	<annot-type>	<title>	<residue(coordinates)>	<complete-size>	<mapped-size>	<source-domain>
#more such lines......
#ENDSITES
#MOTIFS
#<session-ordinal>	<query-id[readingframe]>	<title>	<from>	<to>	<source-domain>
#more such lines......
#ENDMOTIFS
#ENDQUERY	<query-id>
#more query sections..
#ENDSESSION	<session-ordinal>
#more session sections..
#ENDDATA
#=====================================================================
DATA
SESSION	1	blastp	2.10.0+	/opt/rpsbproc/db/Cdd	BLOSUM62	0.01
QUERY	Query_1	Peptide	384	cob_Phefer1_feature_14_from_C_0, ORGANISM Genus species Unclassified.,
DOMAINS
1	Query_1	Non-specific	177203	3	366	3.64704e-175	492.498	MTH00145	CYTB	-	45
ENDDOMAINS
ENDQUERY
QUERY	Query_2	Peptide	273	cox3_Phefer1_feature_16_from_C_0, ORGANISM Genus species Unclassified.,
DOMAINS
1	Query_2	Specific	177199	13	269	4.33123e-116	333.396	MTH00141	COX3	-	294143
ENDDOMAINS
SITES
1	Query_2	Specific	Subunit I/III interface	Q83,K86,G87,S98,M101,S105,V106,H112,S200,V201,T204,A208	12	12	238834
1	Query_2	Specific	Subunit III/Vb interface	S167	1	1	238834
1	Query_2	Specific	Subunit III/VIa interface	F136,A137,I138,Y155,I181,L191,E192,A193,A198,D199,S200	11	11	238834
1	Query_2	Specific	Subunit III/VIb interface	L128	1	1	238834
1	Query_2	Specific	Subunit III/VIIa interface	L65,R68,D69,V72,T75,Y76,L77	7	7	238834
1	Query_2	Specific	Phospholipid binding site	W66,L67,I70,I71,G74,H80,G91,F92,F95,F223,R230,I242,G243	13	13	238834
ENDSITES
ENDQUERY
QUERY	Query_3	Peptide	258	atp6_Phefer1_feature_18_from_C_0, ORGANISM Genus species Unclassified.,
DOMAINS
1	Query_3	Superfamily	351082	14	258	2.59301e-45	152.083	cl00413	ATP-synt_A	-	-
ENDDOMAINS
ENDQUERY
QUERY	Query_4	Peptide	348	nad1_Phefer1_feature_20_from_C_0, ORGANISM Genus species Unclassified.,
DOMAINS
1	Query_4	Specific	333876	20	326	2.60087e-119	346.382	pfam00146	NADHdh	-	351105
ENDDOMAINS
ENDQUERY
QUERY	Query_5	Peptide	203	nad6_Phefer1_feature_30_from_C_0, ORGANISM Genus species Unclassified.,
DOMAINS
1	Query_5	Superfamily	354830	1	195	1.64212e-20	84.2821	cl21484	Oxidored_q3	-	-
ENDDOMAINS
ENDQUERY
QUERY	Query_6	Peptide	601	nad2_Phefer1_feature_32_from_C_0, ORGANISM Genus species Unclassified.,
DOMAINS
1	Query_6	Specific	235603	156	501	2.30358e-70	234.715	PRK05777	PRK05777	N	356474
ENDDOMAINS
ENDQUERY
QUERY	Query_7	Peptide	125	nad3_Phefer1_feature_34_from_C_0, ORGANISM Genus species Unclassified.,
DOMAINS
1	Query_7	Specific	334119	29	114	3.05221e-27	96.3302	pfam00507	Oxidored_q4	-	351141
ENDDOMAINS
ENDQUERY
QUERY	Query_9	Peptide	478	nad4_Phefer1_feature_46_from_C_0, ORGANISM Genus species Unclassified.,
DOMAINS
1	Query_9	Specific	235622	1	478	2.31762e-147	430.008	PRK05846	PRK05846	-	45
ENDDOMAINS
ENDQUERY
QUERY	Query_11	Peptide	50	atp8_Phefer1_feature_52_from_C_0, ORGANISM Genus species Unclassified.,
DOMAINS
1	Query_11	Non-specific	283561	1	48	7.1536e-05	35.0746	pfam05933	Fun_ATP-synt_8	-	45
ENDDOMAINS
ENDQUERY
QUERY	Query_12	Peptide	908	orf908_Phefer1_feature_54_from_C_0, ORGANISM Genus species Unclassified.,
DOMAINS
1	Query_12	Specific	281206	319	758	3.58929e-89	291.174	pfam03175	DNA_pol_B_2	-	355698
ENDDOMAINS
ENDQUERY
QUERY	Query_13	Peptide	694	orf694_Phefer1_feature_58_from_C_0, ORGANISM Genus species Unclassified.,
DOMAINS
1	Query_13	Non-specific	223021	448	678	2.90973e-09	60.7225	PHA03247	PHA03247	N	45
ENDDOMAINS
ENDQUERY
QUERY	Query_14	Peptide	467	orf467_Phefer1_feature_70_from_C_0, ORGANISM Genus species Unclassified.,
DOMAINS
1	Query_14	Non-specific	214368	159	374	0.00560343	39.1519	CHL00117	rpoC2	NC	45
ENDDOMAINS
ENDQUERY
QUERY	Query_15	Peptide	751	orf751_Phefer1_feature_72_from_C_0, ORGANISM Genus species Unclassified.,
DOMAINS
1	Query_15	Superfamily	351082	69	184	4.41239e-05	45.1588	cl00413	ATP-synt_A	C	-
1	Query_15	Specific	223605	3	127	0.00063035	42.8438	COG0531	PotE	N	45
ENDDOMAINS
ENDQUERY
QUERY	Query_18	Peptide	528	cox1_Phefer1_feature_90_from_C_0, ORGANISM Genus species Unclassified.,
DOMAINS
1	Query_18	Specific	238833	8	512	0	851.774	cd01663	Cyt_c_Oxidase_I	-	350997
ENDDOMAINS
SITES
1	Query_18	Specific	Binuclear center (heme a3/CuB)	H240,H289,H290,H375	4	4	238833
1	Query_18	Specific	Low-spin heme (heme a) binding site	H61,H377,S381,T423,S460	5	5	238833
1	Query_18	Specific	D-pathway	Y17,N80,D91,N98,S101,S156,S157,N163,T167	9	9	238833
1	Query_18	Specific	K-pathway	H240,Y244,S255,H289,H290,T315,K318	7	7	238833
1	Query_18	Specific	Electron transfer pathway	F376,R437,R438	3	3	238833
1	Query_18	Specific	Putative proton exit pathway	H290,H367,D368,R437,R438	5	5	238833
1	Query_18	Specific	Putative water exit pathway	D227,Q232,H233,D363,H367,D368,R437	7	7	238833
1	Query_18	Specific	Subunit I/II interface	N55,D227,K264,F267,G268,S293,V294,G295,V298,R301,M309,I317,F320,Y327,G328,G329,I341,N359,A360,L362,I364,A365,M366,H367,D368,L432,A433,R437,R438,I439,V448,W449	32	32	238833
1	Query_18	Specific	Subunit I/III interface	T8,P90,F94,R96,W103,D144,F148,T166,N170,V190,L197,P200,M208,T217,S218,F219,G224,G225,D227,F237,Y274,F277,G280,A281,I285	25	25	238833
1	Query_18	Specific	Subunit I/IV interface	L37,A40,A41,F407,K410,I411,D444,V462	8	8	238833
1	Query_18	Specific	Subunit I/Vb interface	P265,Y269,A511	3	3	238833
1	Query_18	Specific	Subunit I/VIa interface	I135,R213,N214,F215,N216	5	5	238833
1	Query_18	Specific	Subunit I/VIb interface	G295	1	1	238833
1	Query_18	Specific	Subunit I/VIc interface	G328	1	1	238833
1	Query_18	Specific	Subunit I/VIIa interface	L114,L117	2	2	238833
1	Query_18	Specific	Subunit I/VIIb interface	D444,V448	2	2	238833
1	Query_18	Specific	Subunit I/VIIc interface	F23,I27,A30,I34,A116,L117,I399,Y472,F475	9	9	238833
1	Query_18	Specific	Subunit I/VIIIb interface	L408,V465	2	2	238833
1	Query_18	Specific	Dimer interface	V190,L197,F237,Y274,F277,G280,A281,I285	8	8	238833
ENDSITES
ENDQUERY
QUERY	Query_19	Peptide	88	nad4L_Phefer1_feature_92_from_C_0, ORGANISM Genus species Unclassified.,
DOMAINS
1	Query_19	Superfamily	351118	4	88	3.18841e-15	64.2829	cl00492	Oxidored_q2	-	-
ENDDOMAINS
ENDQUERY
QUERY	Query_20	Peptide	666	nad5_Phefer1_feature_94_from_C_0, ORGANISM Genus species Unclassified.,
DOMAINS
1	Query_20	Non-specific	177253	1	615	0	610.087	MTH00210	ND5	-	45
ENDDOMAINS
ENDQUERY
QUERY	Query_21	Peptide	73	atp9_Phefer1_feature_96_from_C_0, ORGANISM Genus species Unclassified.,
DOMAINS
1	Query_21	Specific	349422	6	70	1.11639e-14	61.3715	cd18182	ATP-synt_Fo_c_ATP5G3	-	365782
ENDDOMAINS
SITES
ENDSITES
ENDQUERY
QUERY	Query_22	Peptide	228	cox2_Phefer1_feature_98_from_C_0, ORGANISM Genus species Unclassified.,
DOMAINS
1	Query_22	Non-specific	214402	15	228	8.50718e-95	277.016	MTH00023	COX2	-	45
ENDDOMAINS
ENDQUERY
ENDSESSION	1
ENDDATA
