#Post-RPSBLAST Processing Utility

#Input data file:	Phimu1_MitoAssemblyScaffolds.fasta.new.sqn.gbf_converted.faa.asn
#Output data file:	Phimu1_MitoAssemblyScaffolds.fasta.new.sqn.gbf_converted.faa.asn.out
#Annotation data at:	/opt/rpsbproc/data
#E-Value cutoff:	0.01
#Redundancy:	Concise
#Data requested:	Domain hits and site annotations
#Output format -- tab-delimited table
#Show superfamilies: NO
#DATA
#SESSION	<session-ordinal>	<program>	<database>	<score-matrix>	<evalue-threshold>
#QUERY	<query-id>	<seq-type>	<seq-length>	<definition-line>
#DOMAINS
#<session-ordinal>	<query-id[readingframe]>	<hit-type>	<PSSM-ID>	<from>	<to>	<E-Value>	<bitscore>	<accession>	<short-name>	<incomplete>	<superfamily PSSM-ID>
#more such lines......
#ENDDOMAINS
#SITES
#<session-ordinal>	<query-id[readingframe]>	<annot-type>	<title>	<residue(coordinates)>	<complete-size>	<mapped-size>	<source-domain>
#more such lines......
#ENDSITES
#MOTIFS
#<session-ordinal>	<query-id[readingframe]>	<title>	<from>	<to>	<source-domain>
#more such lines......
#ENDMOTIFS
#ENDQUERY	<query-id>
#more query sections..
#ENDSESSION	<session-ordinal>
#more session sections..
#ENDDATA
#=====================================================================
DATA
SESSION	1	blastp	2.10.0+	/opt/rpsbproc/db/Cdd	BLOSUM62	0.01
QUERY	Query_3	Peptide	563	nad2_Phimu1_feature_28_from_C_0, ORGANISM Genus species Unclassified.,
DOMAINS
1	Query_3	Specific	235603	26	557	6.08415e-81	261.294	PRK05777	PRK05777	-	356474
ENDDOMAINS
ENDQUERY
QUERY	Query_4	Peptide	145	nad3_Phimu1_feature_30_from_C_0, ORGANISM Genus species Unclassified.,
DOMAINS
1	Query_4	Specific	334119	19	113	1.89586e-15	66.6698	pfam00507	Oxidored_q4	-	351141
ENDDOMAINS
ENDQUERY
QUERY	Query_5	Peptide	251	cox2_Phimu1_feature_32_from_C_0, ORGANISM Genus species Unclassified.,
DOMAINS
1	Query_5	Specific	214438	19	248	3.2232e-112	321.393	MTH00154	COX2	-	45
ENDDOMAINS
ENDQUERY
QUERY	Query_6	Peptide	89	nad4L_Phimu1_feature_34_from_C_0, ORGANISM Genus species Unclassified.,
DOMAINS
1	Query_6	Superfamily	351118	5	86	2.9422e-14	61.9718	cl00492	Oxidored_q2	-	-
ENDDOMAINS
ENDQUERY
QUERY	Query_7	Peptide	662	nad5_Phimu1_feature_36_from_C_0, ORGANISM Genus species Unclassified.,
DOMAINS
1	Query_7	Non-specific	177253	1	628	0	608.931	MTH00210	ND5	-	45
ENDDOMAINS
ENDQUERY
QUERY	Query_8	Peptide	385	cob_Phimu1_feature_38_from_C_0, ORGANISM Genus species Unclassified.,
DOMAINS
1	Query_8	Non-specific	214425	5	381	2.18098e-175	493.264	MTH00119	CYTB	-	45
ENDDOMAINS
ENDQUERY
QUERY	Query_9	Peptide	570	cox1_Phimu1_feature_40_from_C_0, ORGANISM Genus species Unclassified.,
DOMAINS
1	Query_9	Specific	238833	49	550	0	838.678	cd01663	Cyt_c_Oxidase_I	-	350997
ENDDOMAINS
SITES
1	Query_9	Specific	Binuclear center (heme a3/CuB)	H279,H328,H329,H414	4	4	238833
1	Query_9	Specific	Low-spin heme (heme a) binding site	H100,H416,S420,T462,S499	5	5	238833
1	Query_9	Specific	D-pathway	Y57,N119,D130,N137,S140,S195,S196,N202,T206	9	9	238833
1	Query_9	Specific	K-pathway	H279,Y283,S294,H328,H329,T354,K357	7	7	238833
1	Query_9	Specific	Electron transfer pathway	F415,R476,R477	3	3	238833
1	Query_9	Specific	Putative proton exit pathway	H329,H406,D407,R476,R477	5	5	238833
1	Query_9	Specific	Putative water exit pathway	D266,Q271,H272,D402,H406,D407,R476	7	7	238833
1	Query_9	Specific	Subunit I/II interface	N94,D266,K303,F306,G307,T332,V333,G334,V337,R340,L348,I356,F359,Y366,G367,G368,L380,N398,A399,L401,I403,A404,F405,H406,D407,L471,Q472,R476,R477,I478,G487,W488	32	32	238833
1	Query_9	Specific	Subunit I/III interface	P129,F133,R135,W142,D183,F187,T205,N209,V229,L236,P239,M247,T256,S257,F258,G263,G264,D266,F276,Y313,M316,G319,V320,V324	25	24	238833
1	Query_9	Specific	Subunit I/IV interface	L77,S80,G81,M446,K449,V450,D483,V501	8	8	238833
1	Query_9	Specific	Subunit I/Vb interface	S304,Y308,A549	3	3	238833
1	Query_9	Specific	Subunit I/VIa interface	V174,R252,N253,F254,N255	5	5	238833
1	Query_9	Specific	Subunit I/VIb interface	G334	1	1	238833
1	Query_9	Specific	Subunit I/VIc interface	G367	1	1	238833
1	Query_9	Specific	Subunit I/VIIa interface	F153,G156	2	2	238833
1	Query_9	Specific	Subunit I/VIIb interface	D483,G487	2	2	238833
1	Query_9	Specific	Subunit I/VIIc interface	F63,V67,A70,L74,S155,G156,M438,Y511,L514	9	9	238833
1	Query_9	Specific	Subunit I/VIIIb interface	L447,W504	2	2	238833
1	Query_9	Specific	Dimer interface	V229,L236,F276,Y313,M316,G319,V320,V324	8	8	238833
ENDSITES
ENDQUERY
QUERY	Query_10	Peptide	74	atp9_Phimu1_feature_44_from_C_0, ORGANISM Genus species Unclassified.,
DOMAINS
1	Query_10	Specific	349422	6	70	2.90703e-19	72.9275	cd18182	ATP-synt_Fo_c_ATP5G3	-	365782
ENDDOMAINS
SITES
ENDSITES
ENDQUERY
QUERY	Query_12	Peptide	360	nad1_Phimu1_feature_54_from_C_0, ORGANISM Genus species Unclassified.,
DOMAINS
1	Query_12	Specific	333876	25	343	6.67291e-116	338.293	pfam00146	NADHdh	-	351105
ENDDOMAINS
ENDQUERY
QUERY	Query_13	Peptide	487	nad4_Phimu1_feature_56_from_C_0, ORGANISM Genus species Unclassified.,
DOMAINS
1	Query_13	Specific	235622	31	484	9.88909e-132	390.332	PRK05846	PRK05846	-	45
ENDDOMAINS
ENDQUERY
QUERY	Query_14	Peptide	48	atp8_Phimu1_feature_60_from_C_0, ORGANISM Genus species Unclassified.,
DOMAINS
1	Query_14	Specific	283561	1	48	1.3669e-09	47.0158	pfam05933	Fun_ATP-synt_8	-	45
ENDDOMAINS
ENDQUERY
QUERY	Query_15	Peptide	259	atp6_Phimu1_feature_62_from_C_0, ORGANISM Genus species Unclassified.,
DOMAINS
1	Query_15	Specific	273458	33	256	8.76589e-49	160.45	TIGR01131	ATP_synt_6_or_A	-	351082
ENDDOMAINS
ENDQUERY
QUERY	Query_16	Peptide	232	nad6_Phimu1_feature_73_from_C_0, ORGANISM Genus species Unclassified.,
DOMAINS
1	Query_16	Superfamily	354830	30	122	5.1837e-17	76.0281	cl21484	Oxidored_q3	C	-
ENDDOMAINS
ENDQUERY
QUERY	Query_17	Peptide	269	cox3_Phimu1_feature_79_from_C_0, ORGANISM Genus species Unclassified.,
DOMAINS
1	Query_17	Specific	278911	12	269	3.01999e-138	389.462	pfam00510	COX3	-	294143
ENDDOMAINS
SITES
1	Query_17	Specific	Subunit I/III interface	A82,R85,G86,S97,L100,A104,I105,H111,G199,A200,S203,F207	12	12	238834
1	Query_17	Specific	Subunit III/Vb interface	G166	1	1	238834
1	Query_17	Specific	Subunit III/VIa interface	F135,E136,L137,Y154,I180,T190,V191,S192,S197,D198,G199	11	11	238834
1	Query_17	Specific	Subunit III/VIb interface	M127	1	1	238834
1	Query_17	Specific	Subunit III/VIIa interface	L64,R67,D68,S71,T74,Y75,L76	7	7	238834
1	Query_17	Specific	Phospholipid binding site	W65,W66,V69,I70,G73,H79,G90,V91,F94,F222,R229,L241,G242	13	13	238834
ENDSITES
ENDQUERY
ENDSESSION	1
ENDDATA
