#Post-RPSBLAST Processing Utility

#Input data file:	Phoaln1_MitoAssemblyScaffolds.fasta.new.sqn.gbf_converted.faa.asn
#Output data file:	Phoaln1_MitoAssemblyScaffolds.fasta.new.sqn.gbf_converted.faa.asn.out
#Annotation data at:	/opt/rpsbproc/data
#E-Value cutoff:	0.01
#Redundancy:	Concise
#Data requested:	Domain hits and site annotations
#Output format -- tab-delimited table
#Show superfamilies: NO
#DATA
#SESSION	<session-ordinal>	<program>	<database>	<score-matrix>	<evalue-threshold>
#QUERY	<query-id>	<seq-type>	<seq-length>	<definition-line>
#DOMAINS
#<session-ordinal>	<query-id[readingframe]>	<hit-type>	<PSSM-ID>	<from>	<to>	<E-Value>	<bitscore>	<accession>	<short-name>	<incomplete>	<superfamily PSSM-ID>
#more such lines......
#ENDDOMAINS
#SITES
#<session-ordinal>	<query-id[readingframe]>	<annot-type>	<title>	<residue(coordinates)>	<complete-size>	<mapped-size>	<source-domain>
#more such lines......
#ENDSITES
#MOTIFS
#<session-ordinal>	<query-id[readingframe]>	<title>	<from>	<to>	<source-domain>
#more such lines......
#ENDMOTIFS
#ENDQUERY	<query-id>
#more query sections..
#ENDSESSION	<session-ordinal>
#more session sections..
#ENDDATA
#=====================================================================
DATA
SESSION	1	blastp	2.10.0+	/opt/rpsbproc/db/Cdd	BLOSUM62	0.01
QUERY	Query_1	Peptide	544	nad2_Phoaln1_feature_8_from_C_0, ORGANISM Genus species Unclassified.,
DOMAINS
1	Query_1	Superfamily	356474	7	466	7.89395e-54	189.262	cl29598	Proton_antipo_M	-	-
ENDDOMAINS
ENDQUERY
QUERY	Query_2	Peptide	139	nad3_Phoaln1_feature_10_from_C_0, ORGANISM Genus species Unclassified.,
DOMAINS
1	Query_2	Specific	334119	19	112	1.62611e-29	102.493	pfam00507	Oxidored_q4	-	351141
ENDDOMAINS
ENDQUERY
QUERY	Query_3	Peptide	295	orf295_Phoaln1_feature_18_from_C_0, ORGANISM Genus species Unclassified.,
DOMAINS
1	Query_3	Superfamily	355698	14	257	0.000153498	42.8404	cl28058	DNA_pol_B_2	N	-
ENDDOMAINS
ENDQUERY
QUERY	Query_5	Peptide	464	orf465_Phoaln1_feature_22_from_C_0, ORGANISM Genus species Unclassified.,
DOMAINS
1	Query_5	Specific	334330	147	242	2.17355e-19	82.6694	pfam00961	LAGLIDADG_1	-	45
1	Query_5	Specific	334330	305	431	2.98331e-11	59.5575	pfam00961	LAGLIDADG_1	-	45
ENDDOMAINS
ENDQUERY
QUERY	Query_6	Peptide	464	orf465_Phoaln1_feature_24_from_C_0, ORGANISM Genus species Unclassified.,
DOMAINS
1	Query_6	Specific	334330	147	242	2.17355e-19	82.6694	pfam00961	LAGLIDADG_1	-	45
1	Query_6	Specific	334330	305	431	2.98331e-11	59.5575	pfam00961	LAGLIDADG_1	-	45
ENDDOMAINS
ENDQUERY
QUERY	Query_8	Peptide	295	orf295_Phoaln1_feature_28_from_C_0, ORGANISM Genus species Unclassified.,
DOMAINS
1	Query_8	Superfamily	355698	14	257	0.000153498	42.8404	cl28058	DNA_pol_B_2	N	-
ENDDOMAINS
ENDQUERY
QUERY	Query_9	Peptide	139	nad3_Phoaln1_feature_36_from_C_0, ORGANISM Genus species Unclassified.,
DOMAINS
1	Query_9	Specific	334119	19	112	1.62611e-29	102.493	pfam00507	Oxidored_q4	-	351141
ENDDOMAINS
ENDQUERY
QUERY	Query_10	Peptide	544	nad2_Phoaln1_feature_38_from_C_0, ORGANISM Genus species Unclassified.,
DOMAINS
1	Query_10	Superfamily	356474	7	466	7.89395e-54	189.262	cl29598	Proton_antipo_M	-	-
ENDDOMAINS
ENDQUERY
QUERY	Query_11	Peptide	255	cox2_Phoaln1_feature_46_from_C_0, ORGANISM Genus species Unclassified.,
DOMAINS
1	Query_11	Non-specific	214402	8	255	1.54404e-112	322.855	MTH00023	COX2	-	45
ENDDOMAINS
ENDQUERY
QUERY	Query_13	Peptide	222	orf222_Phoaln1_feature_50_from_C_0, ORGANISM Genus species Unclassified.,
DOMAINS
1	Query_13	Specific	335245	29	200	1.13368e-55	174.657	pfam03161	LAGLIDADG_2	-	45
ENDDOMAINS
ENDQUERY
QUERY	Query_14	Peptide	229	orf230_Phoaln1_feature_52_from_C_0, ORGANISM Genus species Unclassified.,
DOMAINS
1	Query_14	Specific	334330	39	140	4.68378e-16	70.7282	pfam00961	LAGLIDADG_1	-	45
ENDDOMAINS
ENDQUERY
QUERY	Query_15	Peptide	120	orf121_Phoaln1_feature_54_from_C_0, ORGANISM Genus species Unclassified.,
DOMAINS
1	Query_15	Specific	334330	3	71	1.07143e-05	41.0679	pfam00961	LAGLIDADG_1	N	45
ENDDOMAINS
ENDQUERY
QUERY	Query_16	Peptide	222	orf223_Phoaln1_feature_56_from_C_0, ORGANISM Genus species Unclassified.,
DOMAINS
1	Query_16	Specific	335245	28	204	1.08006e-42	141.529	pfam03161	LAGLIDADG_2	-	45
ENDDOMAINS
ENDQUERY
QUERY	Query_17	Peptide	222	orf223_Phoaln1_feature_58_from_C_0, ORGANISM Genus species Unclassified.,
DOMAINS
1	Query_17	Specific	335245	28	204	1.08006e-42	141.529	pfam03161	LAGLIDADG_2	-	45
ENDDOMAINS
ENDQUERY
QUERY	Query_18	Peptide	120	orf121_Phoaln1_feature_60_from_C_0, ORGANISM Genus species Unclassified.,
DOMAINS
1	Query_18	Specific	334330	3	71	1.07143e-05	41.0679	pfam00961	LAGLIDADG_1	N	45
ENDDOMAINS
ENDQUERY
QUERY	Query_19	Peptide	229	orf230_Phoaln1_feature_62_from_C_0, ORGANISM Genus species Unclassified.,
DOMAINS
1	Query_19	Specific	334330	39	140	4.68378e-16	70.7282	pfam00961	LAGLIDADG_1	-	45
ENDDOMAINS
ENDQUERY
QUERY	Query_20	Peptide	222	orf222_Phoaln1_feature_64_from_C_0, ORGANISM Genus species Unclassified.,
DOMAINS
1	Query_20	Specific	335245	29	200	1.13368e-55	174.657	pfam03161	LAGLIDADG_2	-	45
ENDDOMAINS
ENDQUERY
QUERY	Query_23	Peptide	481	nad4_Phoaln1_feature_2_from_C_1, ORGANISM Genus species Unclassified.,
DOMAINS
1	Query_23	Non-specific	235622	32	203	7.03495e-40	149.968	PRK05846	PRK05846	C	45
ENDDOMAINS
ENDQUERY
QUERY	Query_24	Peptide	222	orf223_Phoaln1_feature_16_from_C_1, ORGANISM Genus species Unclassified.,
DOMAINS
1	Query_24	Specific	335245	28	204	1.08006e-42	141.529	pfam03161	LAGLIDADG_2	-	45
ENDDOMAINS
ENDQUERY
QUERY	Query_25	Peptide	120	orf121_Phoaln1_feature_18_from_C_1, ORGANISM Genus species Unclassified.,
DOMAINS
1	Query_25	Specific	334330	3	71	1.07143e-05	41.0679	pfam00961	LAGLIDADG_1	N	45
ENDDOMAINS
ENDQUERY
QUERY	Query_26	Peptide	229	orf230_Phoaln1_feature_20_from_C_1, ORGANISM Genus species Unclassified.,
DOMAINS
1	Query_26	Specific	334330	39	140	4.68378e-16	70.7282	pfam00961	LAGLIDADG_1	-	45
ENDDOMAINS
ENDQUERY
QUERY	Query_27	Peptide	222	orf222_Phoaln1_feature_22_from_C_1, ORGANISM Genus species Unclassified.,
DOMAINS
1	Query_27	Specific	335245	29	200	1.13368e-55	174.657	pfam03161	LAGLIDADG_2	-	45
ENDDOMAINS
ENDQUERY
QUERY	Query_28	Peptide	222	orf222_Phoaln1_feature_24_from_C_1, ORGANISM Genus species Unclassified.,
DOMAINS
1	Query_28	Specific	335245	29	200	1.13368e-55	174.657	pfam03161	LAGLIDADG_2	-	45
ENDDOMAINS
ENDQUERY
QUERY	Query_29	Peptide	229	orf230_Phoaln1_feature_26_from_C_1, ORGANISM Genus species Unclassified.,
DOMAINS
1	Query_29	Specific	334330	39	140	4.68378e-16	70.7282	pfam00961	LAGLIDADG_1	-	45
ENDDOMAINS
ENDQUERY
QUERY	Query_30	Peptide	120	orf121_Phoaln1_feature_28_from_C_1, ORGANISM Genus species Unclassified.,
DOMAINS
1	Query_30	Specific	334330	3	71	1.07143e-05	41.0679	pfam00961	LAGLIDADG_1	N	45
ENDDOMAINS
ENDQUERY
QUERY	Query_31	Peptide	222	orf223_Phoaln1_feature_30_from_C_1, ORGANISM Genus species Unclassified.,
DOMAINS
1	Query_31	Specific	335245	28	204	1.08006e-42	141.529	pfam03161	LAGLIDADG_2	-	45
ENDDOMAINS
ENDQUERY
QUERY	Query_32	Peptide	507	nad4_Phoaln1_feature_44_from_C_1, ORGANISM Genus species Unclassified.,
DOMAINS
1	Query_32	Specific	235622	32	479	2.85167e-148	433.475	PRK05846	PRK05846	-	45
ENDDOMAINS
ENDQUERY
ENDSESSION	1
ENDDATA
