#Post-RPSBLAST Processing Utility

#Input data file:	Phy27169_MitoAssemblyScaffolds.fasta.new.sqn.gbf_converted.faa.asn
#Output data file:	Phy27169_MitoAssemblyScaffolds.fasta.new.sqn.gbf_converted.faa.asn.out
#Annotation data at:	/opt/rpsbproc/data
#E-Value cutoff:	0.01
#Redundancy:	Concise
#Data requested:	Domain hits and site annotations
#Output format -- tab-delimited table
#Show superfamilies: NO
#DATA
#SESSION	<session-ordinal>	<program>	<database>	<score-matrix>	<evalue-threshold>
#QUERY	<query-id>	<seq-type>	<seq-length>	<definition-line>
#DOMAINS
#<session-ordinal>	<query-id[readingframe]>	<hit-type>	<PSSM-ID>	<from>	<to>	<E-Value>	<bitscore>	<accession>	<short-name>	<incomplete>	<superfamily PSSM-ID>
#more such lines......
#ENDDOMAINS
#SITES
#<session-ordinal>	<query-id[readingframe]>	<annot-type>	<title>	<residue(coordinates)>	<complete-size>	<mapped-size>	<source-domain>
#more such lines......
#ENDSITES
#MOTIFS
#<session-ordinal>	<query-id[readingframe]>	<title>	<from>	<to>	<source-domain>
#more such lines......
#ENDMOTIFS
#ENDQUERY	<query-id>
#more query sections..
#ENDSESSION	<session-ordinal>
#more session sections..
#ENDDATA
#=====================================================================
DATA
SESSION	1	blastp	2.10.0+	/opt/rpsbproc/db/Cdd	BLOSUM62	0.01
QUERY	Query_1	Peptide	388	orf389_Phy27169_feature_2_from_C_0, ORGANISM Genus species Unclassified.,
DOMAINS
1	Query_1	Specific	334330	172	270	3.43704e-24	95.381	pfam00961	LAGLIDADG_1	-	45
1	Query_1	Superfamily	350997	26	55	2.17312e-08	55.5669	cl00275	Heme_Cu_Oxidase_I	NC	-
1	Query_1	Specific	334330	329	387	1.59522e-05	42.9939	pfam00961	LAGLIDADG_1	C	45
ENDDOMAINS
SITES
1	Query_1	Generic	K-pathway	Y26,S37	7	2	238461
ENDSITES
ENDQUERY
QUERY	Query_2	Peptide	323	orf324_Phy27169_feature_4_from_C_0, ORGANISM Genus species Unclassified.,
DOMAINS
1	Query_2	Specific	334330	198	294	6.09474e-20	83.0546	pfam00961	LAGLIDADG_1	-	45
1	Query_2	Specific	334330	88	164	5.62755e-07	46.8459	pfam00961	LAGLIDADG_1	-	45
ENDDOMAINS
ENDQUERY
QUERY	Query_3	Peptide	157	orf158_Phy27169_feature_6_from_C_0, ORGANISM Genus species Unclassified.,
DOMAINS
1	Query_3	Specific	334330	36	126	1.99096e-09	51.8535	pfam00961	LAGLIDADG_1	-	45
ENDDOMAINS
ENDQUERY
QUERY	Query_4	Peptide	673	orf674_Phy27169_feature_8_from_C_0, ORGANISM Genus species Unclassified.,
DOMAINS
1	Query_4	Specific	334330	384	482	1.46355e-21	89.603	pfam00961	LAGLIDADG_1	-	45
1	Query_4	Specific	334330	539	637	1.52421e-20	86.5214	pfam00961	LAGLIDADG_1	-	45
1	Query_4	Specific	334330	93	177	6.56566e-07	48.0015	pfam00961	LAGLIDADG_1	-	45
1	Query_4	Specific	334330	199	304	0.00352294	37.2159	pfam00961	LAGLIDADG_1	-	45
ENDDOMAINS
ENDQUERY
QUERY	Query_5	Peptide	329	orf330_Phy27169_feature_10_from_C_0, ORGANISM Genus species Unclassified.,
DOMAINS
1	Query_5	Superfamily	350997	1	24	1.60602e-11	64.8117	cl00275	Heme_Cu_Oxidase_I	NC	-
1	Query_5	Specific	334330	203	303	4.44134e-10	55.7055	pfam00961	LAGLIDADG_1	-	45
1	Query_5	Specific	334330	86	171	1.38335e-05	42.9939	pfam00961	LAGLIDADG_1	-	45
ENDDOMAINS
SITES
1	Query_5	Generic	Putative water exit pathway	D18,Q23,H24	7	3	238461
ENDSITES
ENDQUERY
QUERY	Query_6	Peptide	340	orf341_Phy27169_feature_12_from_C_0, ORGANISM Genus species Unclassified.,
DOMAINS
1	Query_6	Specific	334330	193	294	1.0997e-11	60.3279	pfam00961	LAGLIDADG_1	-	45
1	Query_6	Specific	334330	74	170	3.524e-05	41.8383	pfam00961	LAGLIDADG_1	-	45
ENDDOMAINS
ENDQUERY
QUERY	Query_7	Peptide	248	orf248_Phy27169_feature_14_from_C_0, ORGANISM Genus species Unclassified.,
DOMAINS
1	Query_7	Specific	334330	99	204	9.33007e-11	56.8611	pfam00961	LAGLIDADG_1	-	45
1	Query_7	Specific	334330	6	75	4.07382e-08	49.5423	pfam00961	LAGLIDADG_1	N	45
ENDDOMAINS
ENDQUERY
QUERY	Query_8	Peptide	309	orf310_Phy27169_feature_16_from_C_0, ORGANISM Genus species Unclassified.,
DOMAINS
1	Query_8	Specific	334330	17	114	1.09041e-24	95.381	pfam00961	LAGLIDADG_1	-	45
1	Query_8	Specific	334330	178	278	2.00337e-19	81.5138	pfam00961	LAGLIDADG_1	-	45
ENDDOMAINS
ENDQUERY
QUERY	Query_9	Peptide	483	orf484_Phy27169_feature_18_from_C_0, ORGANISM Genus species Unclassified.,
DOMAINS
1	Query_9	Specific	334330	195	295	9.26508e-27	103.47	pfam00961	LAGLIDADG_1	-	45
1	Query_9	Specific	334330	353	452	5.27881e-23	93.0698	pfam00961	LAGLIDADG_1	-	45
ENDDOMAINS
ENDQUERY
QUERY	Query_10	Peptide	444	orf445_Phy27169_feature_20_from_C_0, ORGANISM Genus species Unclassified.,
DOMAINS
1	Query_10	Superfamily	350997	10	67	8.68267e-32	126.444	cl00275	Heme_Cu_Oxidase_I	C	-
1	Query_10	Specific	334330	172	268	8.0253e-18	78.4322	pfam00961	LAGLIDADG_1	-	45
1	Query_10	Specific	334330	324	413	5.57421e-07	47.6163	pfam00961	LAGLIDADG_1	-	45
ENDDOMAINS
SITES
1	Query_10	Generic	Low-spin heme binding site	W65	15	1	238461
1	Query_10	Generic	D-pathway	N19,D30,N37,S40	9	4	238461
ENDSITES
ENDQUERY
QUERY	Query_11	Peptide	339	orf340_Phy27169_feature_22_from_C_0, ORGANISM Genus species Unclassified.,
DOMAINS
1	Query_11	Specific	198392	85	172	3.08887e-25	96.9112	cd10445	GIY-YIG_bI1_like	-	353929
1	Query_11	Non-specific	273636	84	336	2.33455e-08	53.5437	TIGR01453	grpIintron_endo	-	45
ENDDOMAINS
SITES
1	Query_11	Specific	putative active site	Y87,Y98,G100,R108,Y112,E157,N169	7	7	198392
1	Query_11	Specific	putative metal binding site	E157	1	1	198392
1	Query_11	Specific	GIY-YIG motif/motif A	G85,V86,Y87,Y98,V99,G100	6	6	198392
ENDSITES
ENDQUERY
QUERY	Query_12	Peptide	798	orf798_Phy27169_feature_24_from_C_0, ORGANISM Genus species Unclassified.,
DOMAINS
1	Query_12	Specific	238828	258	531	1.62508e-85	270.611	cd01651	RT_G2_intron	-	295487
1	Query_12	Non-specific	279664	570	670	2.88005e-18	81.747	pfam01348	Intron_maturas2	C	45
ENDDOMAINS
SITES
1	Query_12	Specific	putative active site	D333,F334,S335,K336,A337,F338,Q387,G388,Y476,D478,D479,L528,G529	13	13	238828
1	Query_12	Specific	putative nucleic acid binding site	G388	1	1	238828
1	Query_12	Specific	putative NTP binding site	D333,F334,S335,K336,A337,F338,Q387,D478	8	8	238828
ENDSITES
ENDQUERY
QUERY	Query_16	Peptide	74	atp9_Phy27169_feature_32_from_C_0, ORGANISM Genus species Unclassified.,
DOMAINS
1	Query_16	Specific	349422	6	70	9.84389e-15	61.3715	cd18182	ATP-synt_Fo_c_ATP5G3	-	365782
ENDDOMAINS
SITES
ENDSITES
ENDQUERY
QUERY	Query_17	Peptide	634	nad2_Phy27169_feature_34_from_C_0, ORGANISM Genus species Unclassified.,
DOMAINS
1	Query_17	Specific	235603	17	494	1.31883e-77	254.745	PRK05777	PRK05777	-	356474
ENDDOMAINS
ENDQUERY
QUERY	Query_19	Peptide	274	orf274_Phy27169_feature_42_from_C_0, ORGANISM Genus species Unclassified.,
DOMAINS
1	Query_19	Specific	198392	192	274	2.93232e-20	82.6588	cd10445	GIY-YIG_bI1_like	-	353929
ENDDOMAINS
SITES
1	Query_19	Specific	putative active site	Y194,Y205,G207,R215,Y219,E265	7	6	198392
1	Query_19	Specific	putative metal binding site	E265	1	1	198392
1	Query_19	Specific	GIY-YIG motif/motif A	G192,V193,Y194,Y205,I206,G207	6	6	198392
ENDSITES
ENDQUERY
QUERY	Query_21	Peptide	700	nad4_Phy27169_feature_51_from_C_0, ORGANISM Genus species Unclassified.,
DOMAINS
1	Query_21	Specific	235622	1	484	1.78886e-123	376.85	PRK05846	PRK05846	-	45
1	Query_21	Non-specific	223003	513	644	6.61045e-06	48.8136	PHA03169	PHA03169	C	45
ENDDOMAINS
ENDQUERY
QUERY	Query_24	Peptide	181	cox3_Phy27169_feature_62_from_C_0, ORGANISM Genus species Unclassified.,
DOMAINS
1	Query_24	Superfamily	294143	2	181	3.13677e-88	258.88	cl00211	Heme_Cu_Oxidase_III_like	N	-
ENDDOMAINS
SITES
1	Query_24	Specific	Subunit III/Vb interface	G78	1	1	238834
1	Query_24	Specific	Subunit III/VIa interface	F47,E48,L49,Y66,I92,S102,V103,S104,S109,D110,G111	11	11	238834
1	Query_24	Specific	Subunit III/VIb interface	L39	1	1	238834
ENDSITES
ENDQUERY
QUERY	Query_25	Peptide	259	orf259_Phy27169_feature_66_from_C_0, ORGANISM Genus species Unclassified.,
DOMAINS
1	Query_25	Specific	334330	147	248	2.79624e-20	82.6694	pfam00961	LAGLIDADG_1	-	45
1	Query_25	Specific	334330	13	89	9.44985e-14	65.3354	pfam00961	LAGLIDADG_1	N	45
ENDDOMAINS
ENDQUERY
QUERY	Query_26	Peptide	481	orf481_Phy27169_feature_74_from_C_0, ORGANISM Genus species Unclassified.,
DOMAINS
1	Query_26	Specific	334330	80	178	3.28092e-16	73.8098	pfam00961	LAGLIDADG_1	-	45
1	Query_26	Specific	334330	223	338	8.07163e-09	53.0091	pfam00961	LAGLIDADG_1	-	45
ENDDOMAINS
ENDQUERY
QUERY	Query_29	Peptide	196	orf196_Phy27169_feature_81_from_C_0, ORGANISM Genus species Unclassified.,
DOMAINS
1	Query_29	Specific	335245	10	178	1.88613e-54	170.419	pfam03161	LAGLIDADG_2	-	45
ENDDOMAINS
ENDQUERY
QUERY	Query_31	Peptide	182	orf182_Phy27169_feature_115_from_C_0, ORGANISM Genus species Unclassified.,
DOMAINS
1	Query_31	Specific	335245	8	165	7.93649e-38	127.662	pfam03161	LAGLIDADG_2	-	45
ENDDOMAINS
ENDQUERY
QUERY	Query_32	Peptide	399	orf400_Phy27169_feature_117_from_C_0, ORGANISM Genus species Unclassified.,
DOMAINS
1	Query_32	Superfamily	353929	92	178	2.87483e-14	67.636	cl15257	GIY-YIG_SF	-	-
1	Query_32	Non-specific	273636	93	325	2.99325e-07	50.4621	TIGR01453	grpIintron_endo	-	45
ENDDOMAINS
SITES
1	Query_32	Generic	active site	Y95,Y106,G108,R116,Y120,E163	6	6	198380
1	Query_32	Generic	catalytic site	R116,E163	2	2	198380
1	Query_32	Generic	metal binding site	E163	1	1	198380
1	Query_32	Generic	GIY-YIG motif/motif A	G93,V94,Y95,Y106,V107,G108	6	6	198380
ENDSITES
ENDQUERY
QUERY	Query_33	Peptide	189	orf189_Phy27169_feature_119_from_C_0, ORGANISM Genus species Unclassified.,
DOMAINS
1	Query_33	Specific	334330	34	130	6.27505e-08	48.3867	pfam00961	LAGLIDADG_1	-	45
ENDDOMAINS
ENDQUERY
QUERY	Query_34	Peptide	290	orf291_Phy27169_feature_121_from_C_0, ORGANISM Genus species Unclassified.,
DOMAINS
1	Query_34	Specific	334330	1	96	5.58206e-23	90.3734	pfam00961	LAGLIDADG_1	-	45
1	Query_34	Specific	334330	157	260	2.36384e-20	83.4398	pfam00961	LAGLIDADG_1	-	45
ENDDOMAINS
ENDQUERY
ENDSESSION	1
SESSION	2	blastp	2.10.0+	/opt/rpsbproc/db/Cdd	BLOSUM62	0.01
QUERY	Query_35	Peptide	521	orf522_Phy27169_feature_123_from_C_0, ORGANISM Genus species Unclassified.,
DOMAINS
2	Query_35	Specific	334330	392	489	4.05608e-24	96.5366	pfam00961	LAGLIDADG_1	-	45
2	Query_35	Specific	334330	214	332	5.25464e-22	90.3734	pfam00961	LAGLIDADG_1	-	45
ENDDOMAINS
ENDQUERY
QUERY	Query_36	Peptide	267	orf267_Phy27169_feature_125_from_C_0, ORGANISM Genus species Unclassified.,
DOMAINS
2	Query_36	Non-specific	273636	49	264	4.30387e-36	127.502	TIGR01453	grpIintron_endo	-	45
ENDDOMAINS
ENDQUERY
QUERY	Query_37	Peptide	300	orf301_Phy27169_feature_127_from_C_0, ORGANISM Genus species Unclassified.,
DOMAINS
2	Query_37	Specific	273636	85	295	7.15177e-41	140.984	TIGR01453	grpIintron_endo	-	45
ENDDOMAINS
ENDQUERY
QUERY	Query_38	Peptide	161	orf161_Phy27169_feature_129_from_C_0, ORGANISM Genus species Unclassified.,
DOMAINS
2	Query_38	Specific	334330	50	149	1.86597e-21	83.0546	pfam00961	LAGLIDADG_1	-	45
ENDDOMAINS
ENDQUERY
QUERY	Query_39	Peptide	132	orf132_Phy27169_feature_131_from_C_0, ORGANISM Genus species Unclassified.,
DOMAINS
2	Query_39	Specific	334330	28	126	1.66435e-20	79.5878	pfam00961	LAGLIDADG_1	-	45
ENDDOMAINS
ENDQUERY
QUERY	Query_40	Peptide	248	orf248_Phy27169_feature_133_from_C_0, ORGANISM Genus species Unclassified.,
DOMAINS
2	Query_40	Specific	335245	56	224	1.05481e-54	173.116	pfam03161	LAGLIDADG_2	-	45
ENDDOMAINS
ENDQUERY
QUERY	Query_42	Peptide	47	orf48_Phy27169_feature_157_from_C_0, ORGANISM Genus species Unclassified.,
DOMAINS
2	Query_42	Non-specific	237785	4	41	1.6882e-07	44.693	PRK14671	uvrC	C	45
ENDDOMAINS
ENDQUERY
QUERY	Query_43	Peptide	616	orf617_Phy27169_feature_159_from_C_0, ORGANISM Genus species Unclassified.,
DOMAINS
2	Query_43	Specific	334330	208	306	4.4917e-16	73.8098	pfam00961	LAGLIDADG_1	-	45
2	Query_43	Superfamily	354830	36	92	9.63986e-14	69.8649	cl21484	Oxidored_q3	C	-
2	Query_43	Specific	334330	353	466	0.000213938	40.6827	pfam00961	LAGLIDADG_1	-	45
ENDDOMAINS
ENDQUERY
QUERY	Query_44	Peptide	140	orf141_Phy27169_feature_165_from_C_0, ORGANISM Genus species Unclassified.,
DOMAINS
2	Query_44	Specific	334330	4	97	7.36127e-19	75.7358	pfam00961	LAGLIDADG_1	-	45
ENDDOMAINS
ENDQUERY
QUERY	Query_45	Peptide	319	orf319_Phy27169_feature_167_from_C_0, ORGANISM Genus species Unclassified.,
DOMAINS
2	Query_45	Specific	334330	190	290	9.37672e-23	90.3734	pfam00961	LAGLIDADG_1	-	45
2	Query_45	Specific	334330	31	132	1.89455e-20	84.2102	pfam00961	LAGLIDADG_1	-	45
ENDDOMAINS
ENDQUERY
QUERY	Query_46	Peptide	419	orf420_Phy27169_feature_169_from_C_0, ORGANISM Genus species Unclassified.,
DOMAINS
2	Query_46	Specific	334330	137	235	8.53166e-29	108.093	pfam00961	LAGLIDADG_1	-	45
2	Query_46	Specific	334330	293	387	1.1914e-21	88.8326	pfam00961	LAGLIDADG_1	-	45
ENDDOMAINS
ENDQUERY
QUERY	Query_47	Peptide	59	orf58_Phy27169_feature_171_from_C_0, ORGANISM Genus species Unclassified.,
DOMAINS
2	Query_47	Superfamily	355698	2	56	1.543e-05	39.6388	cl28058	DNA_pol_B_2	NC	-
ENDDOMAINS
ENDQUERY
QUERY	Query_48	Peptide	63	orf63_Phy27169_feature_173_from_C_0, ORGANISM Genus species Unclassified.,
DOMAINS
2	Query_48	Superfamily	355698	3	53	1.99308e-06	42.3352	cl28058	DNA_pol_B_2	NC	-
ENDDOMAINS
ENDQUERY
QUERY	Query_49	Peptide	167	orf167_Phy27169_feature_175_from_C_0, ORGANISM Genus species Unclassified.,
DOMAINS
2	Query_49	Superfamily	355698	1	143	2.80591e-25	100.115	cl28058	DNA_pol_B_2	N	-
ENDDOMAINS
ENDQUERY
QUERY	Query_50	Peptide	163	orf163_Phy27169_feature_177_from_C_0, ORGANISM Genus species Unclassified.,
DOMAINS
2	Query_50	Superfamily	355698	38	140	4.70274e-06	45.1516	cl28058	DNA_pol_B_2	N	-
ENDDOMAINS
ENDQUERY
QUERY	Query_51	Peptide	107	nad3_Phy27169_feature_179_from_C_0, ORGANISM Genus species Unclassified.,
DOMAINS
2	Query_51	Specific	334119	13	99	4.13439e-13	59.351	pfam00507	Oxidored_q4	-	351141
ENDDOMAINS
ENDQUERY
QUERY	Query_52	Peptide	170	orf171_Phy27169_feature_181_from_C_0, ORGANISM Genus species Unclassified.,
DOMAINS
2	Query_52	Specific	284793	117	153	6.47609e-05	38.2624	pfam07453	NUMOD1	-	299755
ENDDOMAINS
ENDQUERY
QUERY	Query_53	Peptide	139	orf140_Phy27169_feature_183_from_C_0, ORGANISM Genus species Unclassified.,
DOMAINS
2	Query_53	Non-specific	273636	2	124	2.14456e-18	77.4261	TIGR01453	grpIintron_endo	C	45
ENDDOMAINS
ENDQUERY
QUERY	Query_54	Peptide	314	orf315_Phy27169_feature_185_from_C_0, ORGANISM Genus species Unclassified.,
DOMAINS
2	Query_54	Specific	273636	81	292	1.41587e-39	137.902	TIGR01453	grpIintron_endo	-	45
ENDDOMAINS
ENDQUERY
QUERY	Query_55	Peptide	124	orf125_Phy27169_feature_187_from_C_0, ORGANISM Genus species Unclassified.,
DOMAINS
2	Query_55	Superfamily	353929	103	124	0.00128152	35.2793	cl15257	GIY-YIG_SF	C	-
ENDDOMAINS
SITES
2	Query_55	Generic	active site	Y106,Y117,G119	6	3	198380
2	Query_55	Generic	GIY-YIG motif/motif A	G104,V105,Y106,Y117,V118,G119	6	6	198380
ENDSITES
ENDQUERY
QUERY	Query_56	Peptide	324	orf325_Phy27169_feature_189_from_C_0, ORGANISM Genus species Unclassified.,
DOMAINS
2	Query_56	Specific	198392	89	175	4.19858e-29	106.926	cd10445	GIY-YIG_bI1_like	-	353929
2	Query_56	Non-specific	273636	88	272	1.1181e-27	107.086	TIGR01453	grpIintron_endo	-	45
ENDDOMAINS
SITES
2	Query_56	Specific	putative active site	Y92,Y103,G105,R113,Y117,E160,N172	7	7	198392
2	Query_56	Specific	putative metal binding site	E160	1	1	198392
2	Query_56	Specific	GIY-YIG motif/motif A	G90,I91,Y92,Y103,I104,G105	6	6	198392
ENDSITES
ENDQUERY
QUERY	Query_57	Peptide	249	atp6_Phy27169_feature_191_from_C_0, ORGANISM Genus species Unclassified.,
DOMAINS
2	Query_57	Specific	273458	28	185	3.78419e-37	130.019	TIGR01131	ATP_synt_6_or_A	C	351082
ENDDOMAINS
ENDQUERY
QUERY	Query_58	Peptide	391	orf391_Phy27169_feature_195_from_C_0, ORGANISM Genus species Unclassified.,
DOMAINS
2	Query_58	Specific	273636	54	250	4.29476e-38	136.362	TIGR01453	grpIintron_endo	-	45
2	Query_58	Specific	197761	337	391	0.00213037	35.6214	smart00497	IENR1	-	299755
ENDDOMAINS
ENDQUERY
QUERY	Query_59	Peptide	443	cob_Phy27169_feature_200_from_C_0, ORGANISM Genus species Unclassified.,
DOMAINS
2	Query_59	Non-specific	214440	9	239	3.0496e-111	331.361	MTH00156	CYTB	N	45
ENDDOMAINS
ENDQUERY
QUERY	Query_61	Peptide	910	orf910_Phy27169_feature_208_from_C_0, ORGANISM Genus species Unclassified.,
DOMAINS
2	Query_61	Specific	335245	723	893	4.22357e-42	151.159	pfam03161	LAGLIDADG_2	-	45
2	Query_61	Specific	334330	38	139	7.14058e-21	88.0622	pfam00961	LAGLIDADG_1	-	45
2	Query_61	Specific	334330	200	296	1.37199e-19	84.2102	pfam00961	LAGLIDADG_1	-	45
2	Query_61	Specific	334330	379	467	6.21829e-08	51.0831	pfam00961	LAGLIDADG_1	-	45
ENDDOMAINS
ENDQUERY
QUERY	Query_62	Peptide	435	orf436_Phy27169_feature_211_from_C_0, ORGANISM Genus species Unclassified.,
DOMAINS
2	Query_62	Specific	334330	45	139	4.51687e-14	67.6466	pfam00961	LAGLIDADG_1	-	45
2	Query_62	Specific	334330	192	298	4.64289e-06	44.9199	pfam00961	LAGLIDADG_1	-	45
ENDDOMAINS
ENDQUERY
QUERY	Query_64	Peptide	141	orf142_Phy27169_feature_215_from_C_0, ORGANISM Genus species Unclassified.,
DOMAINS
2	Query_64	Superfamily	353929	38	129	1.31211e-19	77.266	cl15257	GIY-YIG_SF	-	-
ENDDOMAINS
SITES
2	Query_64	Generic	active site	Y41,Y52,G54,R64,H68,E114	6	6	198380
2	Query_64	Generic	catalytic site	R64,E114	2	2	198380
2	Query_64	Generic	metal binding site	E114	1	1	198380
2	Query_64	Generic	GIY-YIG motif/motif A	G39,I40,Y41,Y52,I53,G54	6	6	198380
ENDSITES
ENDQUERY
QUERY	Query_65	Peptide	508	orf508_Phy27169_feature_217_from_C_0, ORGANISM Genus species Unclassified.,
DOMAINS
2	Query_65	Specific	334330	118	207	9.40068e-12	61.0983	pfam00961	LAGLIDADG_1	-	45
2	Query_65	Specific	334330	255	367	1.55993e-09	54.9351	pfam00961	LAGLIDADG_1	-	45
2	Query_65	Non-specific	177102	11	61	3.90547e-09	58.15	MTH00016	CYTB	C	45
2	Query_65	Specific	197761	449	491	0.000575828	37.5474	smart00497	IENR1	C	299755
ENDDOMAINS
ENDQUERY
QUERY	Query_66	Peptide	453	orf453_Phy27169_feature_219_from_C_0, ORGANISM Genus species Unclassified.,
DOMAINS
2	Query_66	Specific	334330	48	144	3.67213e-23	93.0698	pfam00961	LAGLIDADG_1	-	45
2	Query_66	Specific	334330	200	303	0.00137797	37.9863	pfam00961	LAGLIDADG_1	-	45
ENDDOMAINS
ENDQUERY
QUERY	Query_67	Peptide	251	orf252_Phy27169_feature_221_from_C_0, ORGANISM Genus species Unclassified.,
DOMAINS
2	Query_67	Specific	334330	52	160	0.00895108	34.5195	pfam00961	LAGLIDADG_1	-	45
ENDDOMAINS
ENDQUERY
QUERY	Query_68	Peptide	168	orf169_Phy27169_feature_223_from_C_0, ORGANISM Genus species Unclassified.,
DOMAINS
2	Query_68	Specific	334330	81	168	3.30344e-19	77.2766	pfam00961	LAGLIDADG_1	-	45
ENDDOMAINS
ENDQUERY
QUERY	Query_69	Peptide	515	orf516_Phy27169_feature_225_from_C_0, ORGANISM Genus species Unclassified.,
DOMAINS
2	Query_69	Specific	334330	128	217	1.33014e-15	72.269	pfam00961	LAGLIDADG_1	-	45
2	Query_69	Non-specific	214440	29	66	3.00529e-10	61.7216	MTH00156	CYTB	C	45
2	Query_69	Specific	334330	266	379	9.92359e-10	55.7055	pfam00961	LAGLIDADG_1	-	45
2	Query_69	Specific	197761	458	502	0.000307936	38.3178	smart00497	IENR1	-	299755
ENDDOMAINS
ENDQUERY
ENDSESSION	2
SESSION	3	blastp	2.10.0+	/opt/rpsbproc/db/Cdd	BLOSUM62	0.01
QUERY	Query_70	Peptide	851	orf851_Phy27169_feature_227_from_C_0, ORGANISM Genus species Unclassified.,
DOMAINS
3	Query_70	Specific	238828	333	602	1.13529e-85	272.152	cd01651	RT_G2_intron	-	295487
3	Query_70	Non-specific	279664	624	750	1.52654e-22	94.0734	pfam01348	Intron_maturas2	-	45
3	Query_70	Non-specific	164595	1	33	1.05453e-05	48.5437	MTH00022	CYTB	C	45
ENDDOMAINS
SITES
3	Query_70	Specific	putative active site	D408,I409,S410,K411,C412,F413,Q463,G464,Y546,D548,D549,L598,G599	13	13	238828
3	Query_70	Specific	putative nucleic acid binding site	G464	1	1	238828
3	Query_70	Specific	putative NTP binding site	D408,I409,S410,K411,C412,F413,Q463,D548	8	8	238828
ENDSITES
ENDQUERY
QUERY	Query_73	Peptide	240	orf241_Phy27169_feature_233_from_C_0, ORGANISM Genus species Unclassified.,
DOMAINS
3	Query_73	Non-specific	273636	86	240	3.40358e-36	127.117	TIGR01453	grpIintron_endo	-	45
ENDDOMAINS
ENDQUERY
QUERY	Query_74	Peptide	418	orf419_Phy27169_feature_235_from_C_0, ORGANISM Genus species Unclassified.,
DOMAINS
3	Query_74	Specific	334330	30	117	1.72005e-12	63.0242	pfam00961	LAGLIDADG_1	-	45
3	Query_74	Specific	334330	163	278	0.00208899	37.2159	pfam00961	LAGLIDADG_1	-	45
ENDDOMAINS
ENDQUERY
QUERY	Query_76	Peptide	392	orf393_Phy27169_feature_239_from_C_0, ORGANISM Genus species Unclassified.,
DOMAINS
3	Query_76	Specific	334330	104	198	1.41623e-20	85.3658	pfam00961	LAGLIDADG_1	-	45
3	Query_76	Specific	334330	242	356	8.48636e-06	44.1495	pfam00961	LAGLIDADG_1	-	45
ENDDOMAINS
ENDQUERY
QUERY	Query_77	Peptide	138	orf139_Phy27169_feature_241_from_C_0, ORGANISM Genus species Unclassified.,
DOMAINS
3	Query_77	Non-specific	273636	76	129	1.33802e-13	64.7145	TIGR01453	grpIintron_endo	C	45
ENDDOMAINS
ENDQUERY
QUERY	Query_78	Peptide	329	orf330_Phy27169_feature_243_from_C_0, ORGANISM Genus species Unclassified.,
DOMAINS
3	Query_78	Specific	334330	62	159	4.21472e-28	104.626	pfam00961	LAGLIDADG_1	-	45
3	Query_78	Specific	334330	216	319	2.13844e-25	97.6922	pfam00961	LAGLIDADG_1	-	45
ENDDOMAINS
ENDQUERY
QUERY	Query_79	Peptide	208	nad1_Phy27169_feature_245_from_C_0, ORGANISM Genus species Unclassified.,
DOMAINS
3	Query_79	Specific	333876	14	205	6.90804e-73	222.733	pfam00146	NADHdh	C	351105
ENDDOMAINS
ENDQUERY
QUERY	Query_80	Peptide	494	orf494_Phy27169_feature_249_from_C_0, ORGANISM Genus species Unclassified.,
DOMAINS
3	Query_80	Specific	214677	75	155	2.25346e-06	45.49	smart00465	GIYc	-	353929
3	Query_80	Specific	197761	436	490	0.00019522	39.0882	smart00497	IENR1	-	299755
3	Query_80	Specific	197761	358	414	0.00651127	34.851	smart00497	IENR1	-	299755
ENDDOMAINS
SITES
3	Query_80	Specific	active site	Y79,Y91,G93,R101,H105,E143	6	6	198380
3	Query_80	Specific	catalytic site	R101,E143	2	2	198380
3	Query_80	Specific	metal binding site	E143	1	1	198380
3	Query_80	Specific	GIY-YIG motif/motif A	G77,I78,Y79,Y91,I92,G93	6	6	198380
ENDSITES
ENDQUERY
QUERY	Query_84	Peptide	681	nad5_Phy27169_feature_260_from_C_0, ORGANISM Genus species Unclassified.,
DOMAINS
3	Query_84	Non-specific	214400	1	610	0	562.776	MTH00020	ND5	-	45
ENDDOMAINS
ENDQUERY
QUERY	Query_85	Peptide	131	orf131_Phy27169_feature_264_from_C_0, ORGANISM Genus species Unclassified.,
DOMAINS
3	Query_85	Non-specific	273636	2	124	1.04398e-20	83.2041	TIGR01453	grpIintron_endo	N	45
ENDDOMAINS
SITES
3	Query_85	Generic	DNA binding site	H56,P57,M58,F59,R63,G66,A67,S71,Q72,I74,R91,N95,R100,A103,T105,L106,Y107,R119	21	18	238175
ENDSITES
ENDQUERY
QUERY	Query_86	Peptide	461	orf461_Phy27169_feature_266_from_C_0, ORGANISM Genus species Unclassified.,
DOMAINS
3	Query_86	Superfamily	353929	129	166	0.00255145	36.8201	cl15257	GIY-YIG_SF	C	-
ENDDOMAINS
SITES
3	Query_86	Generic	active site	Y132,G142,G144,R152,H156	6	5	198380
3	Query_86	Generic	catalytic site	R152	2	1	198380
3	Query_86	Generic	GIY-YIG motif/motif A	G130,I131,Y132,G142,I143,G144	6	6	198380
ENDSITES
ENDQUERY
QUERY	Query_87	Peptide	116	orf116_Phy27169_feature_270_from_C_0, ORGANISM Genus species Unclassified.,
DOMAINS
3	Query_87	Specific	197761	57	102	3.21966e-05	38.3178	smart00497	IENR1	-	299755
ENDDOMAINS
ENDQUERY
QUERY	Query_88	Peptide	142	orf142_Phy27169_feature_272_from_C_0, ORGANISM Genus species Unclassified.,
DOMAINS
3	Query_88	Specific	334330	98	140	1.32632e-06	43.7643	pfam00961	LAGLIDADG_1	C	45
ENDDOMAINS
ENDQUERY
QUERY	Query_90	Peptide	113	orf113_Phy27169_feature_276_from_C_0, ORGANISM Genus species Unclassified.,
DOMAINS
3	Query_90	Specific	334330	2	81	7.62112e-16	66.8762	pfam00961	LAGLIDADG_1	-	45
ENDDOMAINS
ENDQUERY
QUERY	Query_91	Peptide	182	orf182_Phy27169_feature_278_from_C_0, ORGANISM Genus species Unclassified.,
DOMAINS
3	Query_91	Specific	334330	75	176	4.34544e-14	64.565	pfam00961	LAGLIDADG_1	-	45
ENDDOMAINS
ENDQUERY
QUERY	Query_94	Peptide	319	orf319_Phy27169_feature_286_from_C_0, ORGANISM Genus species Unclassified.,
DOMAINS
3	Query_94	Specific	334330	75	179	2.34661e-05	42.2235	pfam00961	LAGLIDADG_1	-	45
ENDDOMAINS
ENDQUERY
QUERY	Query_95	Peptide	268	orf268_Phy27169_feature_288_from_C_0, ORGANISM Genus species Unclassified.,
DOMAINS
3	Query_95	Specific	335245	127	240	2.76376e-16	74.1195	pfam03161	LAGLIDADG_2	C	45
ENDDOMAINS
ENDQUERY
QUERY	Query_96	Peptide	170	orf170_Phy27169_feature_292_from_C_0, ORGANISM Genus species Unclassified.,
DOMAINS
3	Query_96	Specific	334330	38	137	3.28642e-33	113.485	pfam00961	LAGLIDADG_1	-	45
ENDDOMAINS
ENDQUERY
QUERY	Query_98	Peptide	343	orf343_Phy27169_feature_298_from_C_0, ORGANISM Genus species Unclassified.,
DOMAINS
3	Query_98	Specific	334330	93	206	3.54362e-07	47.6163	pfam00961	LAGLIDADG_1	-	45
3	Query_98	Specific	334330	8	45	0.00137226	37.6011	pfam00961	LAGLIDADG_1	N	45
ENDDOMAINS
ENDQUERY
QUERY	Query_99	Peptide	486	nad4L_Phy27169_feature_301_from_C_0, ORGANISM Genus species Unclassified.,
DOMAINS
3	Query_99	Specific	177231	6	81	1.40376e-26	102.803	MTH00180	ND4L	-	351118
3	Query_99	Specific	334330	175	277	6.73074e-24	95.381	pfam00961	LAGLIDADG_1	-	45
3	Query_99	Specific	334330	341	436	9.72202e-17	75.3506	pfam00961	LAGLIDADG_1	-	45
ENDDOMAINS
ENDQUERY
QUERY	Query_100	Peptide	356	orf356_Phy27169_feature_303_from_C_0, ORGANISM Genus species Unclassified.,
DOMAINS
3	Query_100	Non-specific	315952	217	263	0.000116595	43.7096	pfam13388	DUF4106	NC	45
ENDDOMAINS
ENDQUERY
QUERY	Query_101	Peptide	300	cox2_Phy27169_feature_305_from_C_0, ORGANISM Genus species Unclassified.,
DOMAINS
3	Query_101	Specific	214438	68	299	6.10892e-111	320.237	MTH00154	COX2	-	45
ENDDOMAINS
ENDQUERY
QUERY	Query_102	Peptide	316	orf316_Phy27169_feature_309_from_C_0, ORGANISM Genus species Unclassified.,
DOMAINS
3	Query_102	Specific	273636	81	315	2.30117e-51	168.718	TIGR01453	grpIintron_endo	-	45
ENDDOMAINS
ENDQUERY
QUERY	Query_103	Peptide	448	orf448_Phy27169_feature_312_from_C_0, ORGANISM Genus species Unclassified.,
DOMAINS
3	Query_103	Superfamily	353929	114	147	0.00325084	36.319	cl15257	GIY-YIG_SF	C	-
ENDDOMAINS
SITES
3	Query_103	Generic	active site	Y115,Y127,G129,R137,Y141	6	5	198380
3	Query_103	Generic	catalytic site	R137	2	1	198380
3	Query_103	Generic	GIY-YIG motif/motif A	V114,Y115,Y127,I128,G129	6	5	198380
ENDSITES
ENDQUERY
ENDSESSION	3
SESSION	4	blastp	2.10.0+	/opt/rpsbproc/db/Cdd	BLOSUM62	0.01
QUERY	Query_104	Peptide	106	orf107_Phy27169_feature_314_from_C_0, ORGANISM Genus species Unclassified.,
DOMAINS
4	Query_104	Superfamily	353929	38	101	5.38005e-15	64.1692	cl15257	GIY-YIG_SF	C	-
ENDDOMAINS
SITES
4	Query_104	Generic	active site	Y48,G50,R58,H62	6	4	198380
4	Query_104	Generic	catalytic site	R58	2	1	198380
4	Query_104	Generic	GIY-YIG motif/motif A	Y48,V49,G50	6	3	198380
ENDSITES
ENDQUERY
QUERY	Query_105	Peptide	448	orf449_Phy27169_feature_316_from_C_0, ORGANISM Genus species Unclassified.,
DOMAINS
4	Query_105	Specific	334330	156	253	3.9999e-25	98.4626	pfam00961	LAGLIDADG_1	-	45
4	Query_105	Specific	334330	315	414	3.76439e-23	93.0698	pfam00961	LAGLIDADG_1	-	45
4	Query_105	Superfamily	350997	1	44	2.52325e-18	86.768	cl00275	Heme_Cu_Oxidase_I	N	-
ENDDOMAINS
SITES
4	Query_105	Generic	Low-spin heme binding site	H1,L4,S5	15	3	238461
ENDSITES
ENDQUERY
QUERY	Query_106	Peptide	344	orf345_Phy27169_feature_318_from_C_0, ORGANISM Genus species Unclassified.,
DOMAINS
4	Query_106	Specific	334330	97	173	1.13471e-06	46.0755	pfam00961	LAGLIDADG_1	-	45
ENDDOMAINS
ENDQUERY
QUERY	Query_107	Peptide	287	orf288_Phy27169_feature_320_from_C_0, ORGANISM Genus species Unclassified.,
DOMAINS
4	Query_107	Specific	334330	183	283	2.68255e-08	50.6979	pfam00961	LAGLIDADG_1	-	45
4	Query_107	Specific	334330	47	142	3.40618e-06	44.5347	pfam00961	LAGLIDADG_1	-	45
ENDDOMAINS
ENDQUERY
QUERY	Query_108	Peptide	284	orf285_Phy27169_feature_322_from_C_0, ORGANISM Genus species Unclassified.,
DOMAINS
4	Query_108	Specific	334330	191	282	2.15353e-10	56.4759	pfam00961	LAGLIDADG_1	-	45
4	Query_108	Specific	334330	52	144	1.14843e-08	51.4683	pfam00961	LAGLIDADG_1	-	45
4	Query_108	Superfamily	350997	11	28	0.00444722	38.2329	cl00275	Heme_Cu_Oxidase_I	NC	-
ENDDOMAINS
SITES
4	Query_108	Generic	Putative proton exit pathway	H26,D27	5	2	238461
4	Query_108	Generic	Putative water exit pathway	D22,H26,D27	7	3	238461
ENDSITES
ENDQUERY
QUERY	Query_109	Peptide	301	orf302_Phy27169_feature_324_from_C_0, ORGANISM Genus species Unclassified.,
DOMAINS
4	Query_109	Non-specific	273636	53	161	2.88584e-21	89.3673	TIGR01453	grpIintron_endo	C	45
4	Query_109	Specific	197761	249	298	0.00288055	35.2362	smart00497	IENR1	-	299755
ENDDOMAINS
ENDQUERY
QUERY	Query_110	Peptide	612	orf613_Phy27169_feature_326_from_C_0, ORGANISM Genus species Unclassified.,
DOMAINS
4	Query_110	Specific	273636	319	521	7.58695e-54	182.586	TIGR01453	grpIintron_endo	-	45
4	Query_110	Superfamily	350997	78	124	1.71242e-21	97.9388	cl00275	Heme_Cu_Oxidase_I	NC	-
4	Query_110	Specific	197761	558	607	1.53703e-07	47.9478	smart00497	IENR1	-	299755
ENDDOMAINS
SITES
4	Query_110	Generic	K-pathway	T87,K90	7	2	238461
ENDSITES
ENDQUERY
QUERY	Query_111	Peptide	317	orf318_Phy27169_feature_328_from_C_0, ORGANISM Genus species Unclassified.,
DOMAINS
4	Query_111	Specific	335245	108	260	3.06591e-38	133.055	pfam03161	LAGLIDADG_2	-	45
4	Query_111	Superfamily	350997	8	30	2.02361e-09	58.2633	cl00275	Heme_Cu_Oxidase_I	NC	-
ENDDOMAINS
SITES
4	Query_111	Generic	Binuclear center (active site)	H8,H9	4	2	238461
4	Query_111	Generic	K-pathway	H8,H9	7	2	238461
4	Query_111	Generic	Putative proton exit pathway	H9	5	1	238461
ENDSITES
ENDQUERY
QUERY	Query_112	Peptide	257	orf257_Phy27169_feature_330_from_C_0, ORGANISM Genus species Unclassified.,
DOMAINS
4	Query_112	Specific	334330	119	218	1.28653e-20	83.4398	pfam00961	LAGLIDADG_1	-	45
ENDDOMAINS
ENDQUERY
QUERY	Query_113	Peptide	402	orf403_Phy27169_feature_332_from_C_0, ORGANISM Genus species Unclassified.,
DOMAINS
4	Query_113	Specific	273636	199	401	2.47617e-47	160.629	TIGR01453	grpIintron_endo	-	45
4	Query_113	Superfamily	350997	8	22	0.00572138	38.6181	cl00275	Heme_Cu_Oxidase_I	NC	-
ENDDOMAINS
SITES
ENDSITES
ENDQUERY
QUERY	Query_114	Peptide	70	orf71_Phy27169_feature_334_from_C_0, ORGANISM Genus species Unclassified.,
DOMAINS
4	Query_114	Specific	334330	2	40	2.86502e-05	37.9863	pfam00961	LAGLIDADG_1	N	45
ENDDOMAINS
ENDQUERY
ENDSESSION	4
ENDDATA
