#Post-RPSBLAST Processing Utility

#Input data file:	Pis20_1_MitoAssemblyScaffolds.fasta.new.sqn.gbf_converted.faa.asn
#Output data file:	Pis20_1_MitoAssemblyScaffolds.fasta.new.sqn.gbf_converted.faa.asn.out
#Annotation data at:	/opt/rpsbproc/data
#E-Value cutoff:	0.01
#Redundancy:	Concise
#Data requested:	Domain hits and site annotations
#Output format -- tab-delimited table
#Show superfamilies: NO
#DATA
#SESSION	<session-ordinal>	<program>	<database>	<score-matrix>	<evalue-threshold>
#QUERY	<query-id>	<seq-type>	<seq-length>	<definition-line>
#DOMAINS
#<session-ordinal>	<query-id[readingframe]>	<hit-type>	<PSSM-ID>	<from>	<to>	<E-Value>	<bitscore>	<accession>	<short-name>	<incomplete>	<superfamily PSSM-ID>
#more such lines......
#ENDDOMAINS
#SITES
#<session-ordinal>	<query-id[readingframe]>	<annot-type>	<title>	<residue(coordinates)>	<complete-size>	<mapped-size>	<source-domain>
#more such lines......
#ENDSITES
#MOTIFS
#<session-ordinal>	<query-id[readingframe]>	<title>	<from>	<to>	<source-domain>
#more such lines......
#ENDMOTIFS
#ENDQUERY	<query-id>
#more query sections..
#ENDSESSION	<session-ordinal>
#more session sections..
#ENDDATA
#=====================================================================
DATA
SESSION	1	blastp	2.10.0+	/opt/rpsbproc/db/Cdd	BLOSUM62	0.01
QUERY	Query_2	Peptide	162	cob_Pis20_feature_4_from_C_0, ORGANISM Genus species Unclassified.,
DOMAINS
1	Query_2	Non-specific	214440	10	143	2.03882e-70	216.187	MTH00156	CYTB	C	45
ENDDOMAINS
ENDQUERY
QUERY	Query_3	Peptide	337	nad1_Pis20_feature_11_from_C_0, ORGANISM Genus species Unclassified.,
DOMAINS
1	Query_3	Specific	333876	18	325	2.60825e-119	345.997	pfam00146	NADHdh	-	351105
ENDDOMAINS
ENDQUERY
QUERY	Query_4	Peptide	73	atp9_Pis20_feature_17_from_C_0, ORGANISM Genus species Unclassified.,
DOMAINS
1	Query_4	Specific	349422	6	70	1.20532e-14	61.3715	cd18182	ATP-synt_Fo_c_ATP5G3	-	365782
ENDDOMAINS
SITES
ENDSITES
ENDQUERY
QUERY	Query_5	Peptide	117	nad3_Pis20_feature_35_from_C_0, ORGANISM Genus species Unclassified.,
DOMAINS
1	Query_5	Specific	334119	27	112	1.023e-25	92.093	pfam00507	Oxidored_q4	-	351141
ENDDOMAINS
ENDQUERY
QUERY	Query_6	Peptide	532	nad2_Pis20_feature_37_from_C_0, ORGANISM Genus species Unclassified.,
DOMAINS
1	Query_6	Superfamily	356474	3	474	9.41376e-67	223.159	cl29598	Proton_antipo_M	-	-
ENDDOMAINS
ENDQUERY
QUERY	Query_7	Peptide	197	nad6_Pis20_feature_39_from_C_0, ORGANISM Genus species Unclassified.,
DOMAINS
1	Query_7	Superfamily	354830	4	132	2.15284e-18	78.7245	cl21484	Oxidored_q3	C	-
ENDDOMAINS
ENDQUERY
QUERY	Query_9	Peptide	251	cox2_Pis20_feature_55_from_C_0, ORGANISM Genus species Unclassified.,
DOMAINS
1	Query_9	Non-specific	214402	7	251	7.44546e-114	326.322	MTH00023	COX2	-	45
ENDDOMAINS
ENDQUERY
QUERY	Query_10	Peptide	259	atp6_Pis20_feature_63_from_C_0, ORGANISM Genus species Unclassified.,
DOMAINS
1	Query_10	Superfamily	351082	17	259	1.0367e-44	150.542	cl00413	ATP-synt_A	-	-
ENDDOMAINS
ENDQUERY
QUERY	Query_12	Peptide	503	cox1_Pis20_feature_67_from_C_0, ORGANISM Genus species Unclassified.,
DOMAINS
1	Query_12	Specific	238833	1	487	0	821.729	cd01663	Cyt_c_Oxidase_I	-	350997
ENDDOMAINS
SITES
1	Query_12	Specific	Binuclear center (heme a3/CuB)	H215,H264,H265,H350	4	4	238833
1	Query_12	Specific	Low-spin heme (heme a) binding site	H36,H352,S356,T398,S435	5	5	238833
1	Query_12	Specific	D-pathway	N55,D66,N73,S76,S131,S132,N138,T142	9	8	238833
1	Query_12	Specific	K-pathway	H215,Y219,S230,H264,H265,T290,K293	7	7	238833
1	Query_12	Specific	Electron transfer pathway	F351,R412,R413	3	3	238833
1	Query_12	Specific	Putative proton exit pathway	H265,H342,D343,R412,R413	5	5	238833
1	Query_12	Specific	Putative water exit pathway	D202,Q207,H208,D338,H342,D343,R412	7	7	238833
1	Query_12	Specific	Subunit I/II interface	N30,D202,K239,F242,G243,S268,V269,G270,V273,R276,M284,I292,F295,Y302,G303,G304,I316,N334,A335,L337,I339,A340,L341,H342,D343,L407,A408,R412,R413,I414,G423,W424	32	32	238833
1	Query_12	Specific	Subunit I/III interface	P65,F69,R71,W78,D119,F123,T141,N145,V165,L172,P175,M183,T192,S193,F194,G199,G200,D202,F212,Y249,F252,G255,I256,L260	25	24	238833
1	Query_12	Specific	Subunit I/IV interface	L12,A15,A16,F382,K385,I386,D419,I437	8	8	238833
1	Query_12	Specific	Subunit I/Vb interface	P240,Y244,T486	3	3	238833
1	Query_12	Specific	Subunit I/VIa interface	I110,R188,N189,F190,N191	5	5	238833
1	Query_12	Specific	Subunit I/VIb interface	G270	1	1	238833
1	Query_12	Specific	Subunit I/VIc interface	G303	1	1	238833
1	Query_12	Specific	Subunit I/VIIa interface	L89,L92	2	2	238833
1	Query_12	Specific	Subunit I/VIIb interface	D419,G423	2	2	238833
1	Query_12	Specific	Subunit I/VIIc interface	I2,A5,L9,S91,L92,I374,Y447,F450	9	8	238833
1	Query_12	Specific	Subunit I/VIIIb interface	L383,V440	2	2	238833
1	Query_12	Specific	Dimer interface	V165,L172,F212,Y249,F252,G255,I256,L260	8	8	238833
ENDSITES
ENDQUERY
QUERY	Query_13	Peptide	278	orf278_Pis20_feature_71_from_C_0, ORGANISM Genus species Unclassified.,
DOMAINS
1	Query_13	Non-specific	273636	67	272	1.51064e-26	102.849	TIGR01453	grpIintron_endo	-	45
ENDDOMAINS
ENDQUERY
QUERY	Query_14	Peptide	384	orf384_Pis20_feature_77_from_C_0, ORGANISM Genus species Unclassified.,
DOMAINS
1	Query_14	Specific	334330	160	226	2.59065e-05	42.6087	pfam00961	LAGLIDADG_1	C	45
ENDDOMAINS
ENDQUERY
QUERY	Query_15	Peptide	328	orf328_Pis20_feature_81_from_C_0, ORGANISM Genus species Unclassified.,
DOMAINS
1	Query_15	Specific	334330	98	178	0.000225772	39.5271	pfam00961	LAGLIDADG_1	-	45
ENDDOMAINS
ENDQUERY
QUERY	Query_16	Peptide	485	nad4_Pis20_feature_96_from_C_0, ORGANISM Genus species Unclassified.,
DOMAINS
1	Query_16	Specific	235622	12	482	7.51804e-128	380.317	PRK05846	PRK05846	-	45
ENDDOMAINS
ENDQUERY
QUERY	Query_17	Peptide	673	nad5_Pis20_feature_98_from_C_0, ORGANISM Genus species Unclassified.,
DOMAINS
1	Query_17	Non-specific	177253	1	615	0	626.65	MTH00210	ND5	-	45
ENDDOMAINS
ENDQUERY
QUERY	Query_18	Peptide	88	nad4L_Pis20_feature_100_from_C_0, ORGANISM Genus species Unclassified.,
DOMAINS
1	Query_18	Superfamily	351118	5	88	6.08809e-11	53.4974	cl00492	Oxidored_q2	-	-
ENDDOMAINS
ENDQUERY
QUERY	Query_20	Peptide	299	cox3_Pis20_feature_104_from_C_0, ORGANISM Genus species Unclassified.,
DOMAINS
1	Query_20	Specific	214439	42	294	1.02964e-94	280.143	MTH00155	COX3	-	294143
ENDDOMAINS
SITES
1	Query_20	Specific	Subunit I/III interface	K111,S114,G115,S126,F129,S133,F134,H140,S228,I229,S232,C236	12	12	238834
1	Query_20	Specific	Subunit III/Vb interface	T195	1	1	238834
1	Query_20	Specific	Subunit III/VIa interface	L164,S165,K166,E183,L209,V219,E220,C221,A226,D227,S228	11	11	238834
1	Query_20	Specific	Subunit III/VIb interface	Q156	1	1	238834
1	Query_20	Specific	Subunit III/VIIa interface	N93,R96,D97,N100,S103,L104,E105	7	7	238834
1	Query_20	Specific	Phospholipid binding site	W94,F95,I98,E99,G102,H108,G119,F120,F123,F251,K258,V270,G271	13	13	238834
ENDSITES
ENDQUERY
ENDSESSION	1
ENDDATA
